[2026-04-26T03:27:49.515+0000] {processor.py:161} INFO - Started process (PID=87) to work on /home/airflow/.local/lib/python3.12/site-packages/airflow/example_dags/example_latest_only.py
[2026-04-26T03:27:49.516+0000] {processor.py:830} INFO - Processing file /home/airflow/.local/lib/python3.12/site-packages/airflow/example_dags/example_latest_only.py for tasks to queue
[2026-04-26T03:27:49.518+0000] {logging_mixin.py:188} INFO - [2026-04-26T03:27:49.517+0000] {dagbag.py:545} INFO - Filling up the DagBag from /home/airflow/.local/lib/python3.12/site-packages/airflow/example_dags/example_latest_only.py
[2026-04-26T03:27:49.523+0000] {processor.py:840} INFO - DAG(s) 'latest_only' retrieved from /home/airflow/.local/lib/python3.12/site-packages/airflow/example_dags/example_latest_only.py
[2026-04-26T03:27:49.554+0000] {logging_mixin.py:188} INFO - [2026-04-26T03:27:49.554+0000] {dag.py:3096} INFO - Sync 1 DAGs
[2026-04-26T03:27:49.582+0000] {logging_mixin.py:188} INFO - [2026-04-26T03:27:49.582+0000] {dag.py:3954} INFO - Setting next_dagrun for latest_only to 2026-04-25 20:00:00+00:00, run_after=2026-04-26 00:00:00+00:00
[2026-04-26T03:27:49.609+0000] {processor.py:183} INFO - Processing /home/airflow/.local/lib/python3.12/site-packages/airflow/example_dags/example_latest_only.py took 0.100 seconds
[2026-04-26T03:28:19.698+0000] {processor.py:161} INFO - Started process (PID=144) to work on /home/airflow/.local/lib/python3.12/site-packages/airflow/example_dags/example_latest_only.py
[2026-04-26T03:28:19.698+0000] {processor.py:830} INFO - Processing file /home/airflow/.local/lib/python3.12/site-packages/airflow/example_dags/example_latest_only.py for tasks to queue
[2026-04-26T03:28:19.700+0000] {logging_mixin.py:188} INFO - [2026-04-26T03:28:19.699+0000] {dagbag.py:545} INFO - Filling up the DagBag from /home/airflow/.local/lib/python3.12/site-packages/airflow/example_dags/example_latest_only.py
[2026-04-26T03:28:19.703+0000] {processor.py:840} INFO - DAG(s) 'latest_only' retrieved from /home/airflow/.local/lib/python3.12/site-packages/airflow/example_dags/example_latest_only.py
[2026-04-26T03:28:19.720+0000] {logging_mixin.py:188} INFO - [2026-04-26T03:28:19.720+0000] {dag.py:3096} INFO - Sync 1 DAGs
[2026-04-26T03:28:19.742+0000] {logging_mixin.py:188} INFO - [2026-04-26T03:28:19.741+0000] {dag.py:3954} INFO - Setting next_dagrun for latest_only to 2026-04-25 20:00:00+00:00, run_after=2026-04-26 00:00:00+00:00
[2026-04-26T03:28:19.759+0000] {processor.py:183} INFO - Processing /home/airflow/.local/lib/python3.12/site-packages/airflow/example_dags/example_latest_only.py took 0.066 seconds
[2026-04-26T03:28:50.867+0000] {processor.py:161} INFO - Started process (PID=202) to work on /home/airflow/.local/lib/python3.12/site-packages/airflow/example_dags/example_latest_only.py
[2026-04-26T03:28:50.868+0000] {processor.py:830} INFO - Processing file /home/airflow/.local/lib/python3.12/site-packages/airflow/example_dags/example_latest_only.py for tasks to queue
[2026-04-26T03:28:50.869+0000] {logging_mixin.py:188} INFO - [2026-04-26T03:28:50.869+0000] {dagbag.py:545} INFO - Filling up the DagBag from /home/airflow/.local/lib/python3.12/site-packages/airflow/example_dags/example_latest_only.py
[2026-04-26T03:28:50.873+0000] {processor.py:840} INFO - DAG(s) 'latest_only' retrieved from /home/airflow/.local/lib/python3.12/site-packages/airflow/example_dags/example_latest_only.py
[2026-04-26T03:28:50.888+0000] {logging_mixin.py:188} INFO - [2026-04-26T03:28:50.888+0000] {dag.py:3096} INFO - Sync 1 DAGs
[2026-04-26T03:28:50.906+0000] {logging_mixin.py:188} INFO - [2026-04-26T03:28:50.905+0000] {dag.py:3954} INFO - Setting next_dagrun for latest_only to 2026-04-25 20:00:00+00:00, run_after=2026-04-26 00:00:00+00:00
[2026-04-26T03:28:50.920+0000] {processor.py:183} INFO - Processing /home/airflow/.local/lib/python3.12/site-packages/airflow/example_dags/example_latest_only.py took 0.057 seconds
[2026-04-26T03:29:21.173+0000] {processor.py:161} INFO - Started process (PID=260) to work on /home/airflow/.local/lib/python3.12/site-packages/airflow/example_dags/example_latest_only.py
[2026-04-26T03:29:21.174+0000] {processor.py:830} INFO - Processing file /home/airflow/.local/lib/python3.12/site-packages/airflow/example_dags/example_latest_only.py for tasks to queue
[2026-04-26T03:29:21.176+0000] {logging_mixin.py:188} INFO - [2026-04-26T03:29:21.176+0000] {dagbag.py:545} INFO - Filling up the DagBag from /home/airflow/.local/lib/python3.12/site-packages/airflow/example_dags/example_latest_only.py
[2026-04-26T03:29:21.181+0000] {processor.py:840} INFO - DAG(s) 'latest_only' retrieved from /home/airflow/.local/lib/python3.12/site-packages/airflow/example_dags/example_latest_only.py
[2026-04-26T03:29:21.201+0000] {logging_mixin.py:188} INFO - [2026-04-26T03:29:21.201+0000] {dag.py:3096} INFO - Sync 1 DAGs
[2026-04-26T03:29:21.219+0000] {logging_mixin.py:188} INFO - [2026-04-26T03:29:21.219+0000] {dag.py:3954} INFO - Setting next_dagrun for latest_only to 2026-04-25 20:00:00+00:00, run_after=2026-04-26 00:00:00+00:00
[2026-04-26T03:29:21.234+0000] {processor.py:183} INFO - Processing /home/airflow/.local/lib/python3.12/site-packages/airflow/example_dags/example_latest_only.py took 0.067 seconds
[2026-04-26T03:29:51.419+0000] {processor.py:161} INFO - Started process (PID=318) to work on /home/airflow/.local/lib/python3.12/site-packages/airflow/example_dags/example_latest_only.py
[2026-04-26T03:29:51.419+0000] {processor.py:830} INFO - Processing file /home/airflow/.local/lib/python3.12/site-packages/airflow/example_dags/example_latest_only.py for tasks to queue
[2026-04-26T03:29:51.421+0000] {logging_mixin.py:188} INFO - [2026-04-26T03:29:51.421+0000] {dagbag.py:545} INFO - Filling up the DagBag from /home/airflow/.local/lib/python3.12/site-packages/airflow/example_dags/example_latest_only.py
[2026-04-26T03:29:51.425+0000] {processor.py:840} INFO - DAG(s) 'latest_only' retrieved from /home/airflow/.local/lib/python3.12/site-packages/airflow/example_dags/example_latest_only.py
[2026-04-26T03:29:51.443+0000] {logging_mixin.py:188} INFO - [2026-04-26T03:29:51.442+0000] {dag.py:3096} INFO - Sync 1 DAGs
[2026-04-26T03:29:51.464+0000] {logging_mixin.py:188} INFO - [2026-04-26T03:29:51.464+0000] {dag.py:3954} INFO - Setting next_dagrun for latest_only to 2026-04-25 20:00:00+00:00, run_after=2026-04-26 00:00:00+00:00
[2026-04-26T03:29:51.481+0000] {processor.py:183} INFO - Processing /home/airflow/.local/lib/python3.12/site-packages/airflow/example_dags/example_latest_only.py took 0.069 seconds
