[2026-04-26T03:27:49.665+0000] {processor.py:161} INFO - Started process (PID=89) to work on /home/airflow/.local/lib/python3.12/site-packages/airflow/example_dags/example_external_task_marker_dag.py
[2026-04-26T03:27:49.667+0000] {processor.py:830} INFO - Processing file /home/airflow/.local/lib/python3.12/site-packages/airflow/example_dags/example_external_task_marker_dag.py for tasks to queue
[2026-04-26T03:27:49.677+0000] {logging_mixin.py:188} INFO - [2026-04-26T03:27:49.673+0000] {dagbag.py:545} INFO - Filling up the DagBag from /home/airflow/.local/lib/python3.12/site-packages/airflow/example_dags/example_external_task_marker_dag.py
[2026-04-26T03:27:49.687+0000] {processor.py:840} INFO - DAG(s) 'example_external_task_marker_parent', 'example_external_task_marker_child' retrieved from /home/airflow/.local/lib/python3.12/site-packages/airflow/example_dags/example_external_task_marker_dag.py
[2026-04-26T03:27:49.730+0000] {logging_mixin.py:188} INFO - [2026-04-26T03:27:49.729+0000] {dag.py:3096} INFO - Sync 2 DAGs
[2026-04-26T03:27:49.747+0000] {logging_mixin.py:188} INFO - [2026-04-26T03:27:49.746+0000] {dag.py:3954} INFO - Setting next_dagrun for example_external_task_marker_child to None, run_after=None
[2026-04-26T03:27:49.752+0000] {logging_mixin.py:188} INFO - [2026-04-26T03:27:49.751+0000] {dag.py:3954} INFO - Setting next_dagrun for example_external_task_marker_parent to None, run_after=None
[2026-04-26T03:27:49.771+0000] {processor.py:183} INFO - Processing /home/airflow/.local/lib/python3.12/site-packages/airflow/example_dags/example_external_task_marker_dag.py took 0.129 seconds
[2026-04-26T03:28:20.767+0000] {processor.py:161} INFO - Started process (PID=146) to work on /home/airflow/.local/lib/python3.12/site-packages/airflow/example_dags/example_external_task_marker_dag.py
[2026-04-26T03:28:20.768+0000] {processor.py:830} INFO - Processing file /home/airflow/.local/lib/python3.12/site-packages/airflow/example_dags/example_external_task_marker_dag.py for tasks to queue
[2026-04-26T03:28:20.771+0000] {logging_mixin.py:188} INFO - [2026-04-26T03:28:20.770+0000] {dagbag.py:545} INFO - Filling up the DagBag from /home/airflow/.local/lib/python3.12/site-packages/airflow/example_dags/example_external_task_marker_dag.py
[2026-04-26T03:28:20.777+0000] {processor.py:840} INFO - DAG(s) 'example_external_task_marker_parent', 'example_external_task_marker_child' retrieved from /home/airflow/.local/lib/python3.12/site-packages/airflow/example_dags/example_external_task_marker_dag.py
[2026-04-26T03:28:20.800+0000] {logging_mixin.py:188} INFO - [2026-04-26T03:28:20.800+0000] {dag.py:3096} INFO - Sync 2 DAGs
[2026-04-26T03:28:20.811+0000] {logging_mixin.py:188} INFO - [2026-04-26T03:28:20.811+0000] {dag.py:3954} INFO - Setting next_dagrun for example_external_task_marker_child to None, run_after=None
[2026-04-26T03:28:20.814+0000] {logging_mixin.py:188} INFO - [2026-04-26T03:28:20.814+0000] {dag.py:3954} INFO - Setting next_dagrun for example_external_task_marker_parent to None, run_after=None
[2026-04-26T03:28:20.826+0000] {processor.py:183} INFO - Processing /home/airflow/.local/lib/python3.12/site-packages/airflow/example_dags/example_external_task_marker_dag.py took 0.066 seconds
[2026-04-26T03:28:50.946+0000] {processor.py:161} INFO - Started process (PID=203) to work on /home/airflow/.local/lib/python3.12/site-packages/airflow/example_dags/example_external_task_marker_dag.py
[2026-04-26T03:28:50.947+0000] {processor.py:830} INFO - Processing file /home/airflow/.local/lib/python3.12/site-packages/airflow/example_dags/example_external_task_marker_dag.py for tasks to queue
[2026-04-26T03:28:50.950+0000] {logging_mixin.py:188} INFO - [2026-04-26T03:28:50.949+0000] {dagbag.py:545} INFO - Filling up the DagBag from /home/airflow/.local/lib/python3.12/site-packages/airflow/example_dags/example_external_task_marker_dag.py
[2026-04-26T03:28:50.957+0000] {processor.py:840} INFO - DAG(s) 'example_external_task_marker_child', 'example_external_task_marker_parent' retrieved from /home/airflow/.local/lib/python3.12/site-packages/airflow/example_dags/example_external_task_marker_dag.py
[2026-04-26T03:28:50.983+0000] {logging_mixin.py:188} INFO - [2026-04-26T03:28:50.983+0000] {dag.py:3096} INFO - Sync 2 DAGs
[2026-04-26T03:28:50.995+0000] {logging_mixin.py:188} INFO - [2026-04-26T03:28:50.995+0000] {dag.py:3954} INFO - Setting next_dagrun for example_external_task_marker_child to None, run_after=None
[2026-04-26T03:28:50.999+0000] {logging_mixin.py:188} INFO - [2026-04-26T03:28:50.999+0000] {dag.py:3954} INFO - Setting next_dagrun for example_external_task_marker_parent to None, run_after=None
[2026-04-26T03:28:51.013+0000] {processor.py:183} INFO - Processing /home/airflow/.local/lib/python3.12/site-packages/airflow/example_dags/example_external_task_marker_dag.py took 0.073 seconds
[2026-04-26T03:29:21.256+0000] {processor.py:161} INFO - Started process (PID=261) to work on /home/airflow/.local/lib/python3.12/site-packages/airflow/example_dags/example_external_task_marker_dag.py
[2026-04-26T03:29:21.256+0000] {processor.py:830} INFO - Processing file /home/airflow/.local/lib/python3.12/site-packages/airflow/example_dags/example_external_task_marker_dag.py for tasks to queue
[2026-04-26T03:29:21.258+0000] {logging_mixin.py:188} INFO - [2026-04-26T03:29:21.257+0000] {dagbag.py:545} INFO - Filling up the DagBag from /home/airflow/.local/lib/python3.12/site-packages/airflow/example_dags/example_external_task_marker_dag.py
[2026-04-26T03:29:21.263+0000] {processor.py:840} INFO - DAG(s) 'example_external_task_marker_child', 'example_external_task_marker_parent' retrieved from /home/airflow/.local/lib/python3.12/site-packages/airflow/example_dags/example_external_task_marker_dag.py
[2026-04-26T03:29:21.283+0000] {logging_mixin.py:188} INFO - [2026-04-26T03:29:21.283+0000] {dag.py:3096} INFO - Sync 2 DAGs
[2026-04-26T03:29:21.298+0000] {logging_mixin.py:188} INFO - [2026-04-26T03:29:21.298+0000] {dag.py:3954} INFO - Setting next_dagrun for example_external_task_marker_child to None, run_after=None
[2026-04-26T03:29:21.303+0000] {logging_mixin.py:188} INFO - [2026-04-26T03:29:21.302+0000] {dag.py:3954} INFO - Setting next_dagrun for example_external_task_marker_parent to None, run_after=None
[2026-04-26T03:29:21.319+0000] {processor.py:183} INFO - Processing /home/airflow/.local/lib/python3.12/site-packages/airflow/example_dags/example_external_task_marker_dag.py took 0.070 seconds
[2026-04-26T03:29:51.445+0000] {processor.py:161} INFO - Started process (PID=319) to work on /home/airflow/.local/lib/python3.12/site-packages/airflow/example_dags/example_external_task_marker_dag.py
[2026-04-26T03:29:51.445+0000] {processor.py:830} INFO - Processing file /home/airflow/.local/lib/python3.12/site-packages/airflow/example_dags/example_external_task_marker_dag.py for tasks to queue
[2026-04-26T03:29:51.447+0000] {logging_mixin.py:188} INFO - [2026-04-26T03:29:51.447+0000] {dagbag.py:545} INFO - Filling up the DagBag from /home/airflow/.local/lib/python3.12/site-packages/airflow/example_dags/example_external_task_marker_dag.py
[2026-04-26T03:29:51.452+0000] {processor.py:840} INFO - DAG(s) 'example_external_task_marker_parent', 'example_external_task_marker_child' retrieved from /home/airflow/.local/lib/python3.12/site-packages/airflow/example_dags/example_external_task_marker_dag.py
[2026-04-26T03:29:51.477+0000] {logging_mixin.py:188} INFO - [2026-04-26T03:29:51.477+0000] {dag.py:3096} INFO - Sync 2 DAGs
[2026-04-26T03:29:51.490+0000] {logging_mixin.py:188} INFO - [2026-04-26T03:29:51.490+0000] {dag.py:3954} INFO - Setting next_dagrun for example_external_task_marker_child to None, run_after=None
[2026-04-26T03:29:51.495+0000] {logging_mixin.py:188} INFO - [2026-04-26T03:29:51.494+0000] {dag.py:3954} INFO - Setting next_dagrun for example_external_task_marker_parent to None, run_after=None
[2026-04-26T03:29:51.510+0000] {processor.py:183} INFO - Processing /home/airflow/.local/lib/python3.12/site-packages/airflow/example_dags/example_external_task_marker_dag.py took 0.070 seconds
