[2026-04-26T03:27:47.026+0000] {processor.py:161} INFO - Started process (PID=72) to work on /home/airflow/.local/lib/python3.12/site-packages/airflow/example_dags/example_python_operator.py
[2026-04-26T03:27:47.027+0000] {processor.py:830} INFO - Processing file /home/airflow/.local/lib/python3.12/site-packages/airflow/example_dags/example_python_operator.py for tasks to queue
[2026-04-26T03:27:47.029+0000] {logging_mixin.py:188} INFO - [2026-04-26T03:27:47.028+0000] {dagbag.py:545} INFO - Filling up the DagBag from /home/airflow/.local/lib/python3.12/site-packages/airflow/example_dags/example_python_operator.py
[2026-04-26T03:27:47.041+0000] {processor.py:840} INFO - DAG(s) 'example_python_operator' retrieved from /home/airflow/.local/lib/python3.12/site-packages/airflow/example_dags/example_python_operator.py
[2026-04-26T03:27:47.679+0000] {logging_mixin.py:188} INFO - [2026-04-26T03:27:47.678+0000] {dag.py:3096} INFO - Sync 1 DAGs
[2026-04-26T03:27:47.721+0000] {logging_mixin.py:188} INFO - [2026-04-26T03:27:47.721+0000] {dag.py:3954} INFO - Setting next_dagrun for example_python_operator to None, run_after=None
[2026-04-26T03:27:47.784+0000] {processor.py:183} INFO - Processing /home/airflow/.local/lib/python3.12/site-packages/airflow/example_dags/example_python_operator.py took 0.765 seconds
[2026-04-26T03:28:17.991+0000] {processor.py:161} INFO - Started process (PID=129) to work on /home/airflow/.local/lib/python3.12/site-packages/airflow/example_dags/example_python_operator.py
[2026-04-26T03:28:17.991+0000] {processor.py:830} INFO - Processing file /home/airflow/.local/lib/python3.12/site-packages/airflow/example_dags/example_python_operator.py for tasks to queue
[2026-04-26T03:28:17.993+0000] {logging_mixin.py:188} INFO - [2026-04-26T03:28:17.993+0000] {dagbag.py:545} INFO - Filling up the DagBag from /home/airflow/.local/lib/python3.12/site-packages/airflow/example_dags/example_python_operator.py
[2026-04-26T03:28:18.002+0000] {processor.py:840} INFO - DAG(s) 'example_python_operator' retrieved from /home/airflow/.local/lib/python3.12/site-packages/airflow/example_dags/example_python_operator.py
[2026-04-26T03:28:18.021+0000] {logging_mixin.py:188} INFO - [2026-04-26T03:28:18.021+0000] {dag.py:3096} INFO - Sync 1 DAGs
[2026-04-26T03:28:18.031+0000] {logging_mixin.py:188} INFO - [2026-04-26T03:28:18.031+0000] {dag.py:3954} INFO - Setting next_dagrun for example_python_operator to None, run_after=None
[2026-04-26T03:28:18.048+0000] {processor.py:183} INFO - Processing /home/airflow/.local/lib/python3.12/site-packages/airflow/example_dags/example_python_operator.py took 0.062 seconds
[2026-04-26T03:28:49.041+0000] {processor.py:161} INFO - Started process (PID=187) to work on /home/airflow/.local/lib/python3.12/site-packages/airflow/example_dags/example_python_operator.py
[2026-04-26T03:28:49.041+0000] {processor.py:830} INFO - Processing file /home/airflow/.local/lib/python3.12/site-packages/airflow/example_dags/example_python_operator.py for tasks to queue
[2026-04-26T03:28:49.043+0000] {logging_mixin.py:188} INFO - [2026-04-26T03:28:49.042+0000] {dagbag.py:545} INFO - Filling up the DagBag from /home/airflow/.local/lib/python3.12/site-packages/airflow/example_dags/example_python_operator.py
[2026-04-26T03:28:49.051+0000] {processor.py:840} INFO - DAG(s) 'example_python_operator' retrieved from /home/airflow/.local/lib/python3.12/site-packages/airflow/example_dags/example_python_operator.py
[2026-04-26T03:28:49.078+0000] {logging_mixin.py:188} INFO - [2026-04-26T03:28:49.078+0000] {dag.py:3096} INFO - Sync 1 DAGs
[2026-04-26T03:28:49.094+0000] {logging_mixin.py:188} INFO - [2026-04-26T03:28:49.094+0000] {dag.py:3954} INFO - Setting next_dagrun for example_python_operator to None, run_after=None
[2026-04-26T03:28:49.113+0000] {processor.py:183} INFO - Processing /home/airflow/.local/lib/python3.12/site-packages/airflow/example_dags/example_python_operator.py took 0.078 seconds
[2026-04-26T03:29:19.254+0000] {processor.py:161} INFO - Started process (PID=245) to work on /home/airflow/.local/lib/python3.12/site-packages/airflow/example_dags/example_python_operator.py
[2026-04-26T03:29:19.254+0000] {processor.py:830} INFO - Processing file /home/airflow/.local/lib/python3.12/site-packages/airflow/example_dags/example_python_operator.py for tasks to queue
[2026-04-26T03:29:19.256+0000] {logging_mixin.py:188} INFO - [2026-04-26T03:29:19.255+0000] {dagbag.py:545} INFO - Filling up the DagBag from /home/airflow/.local/lib/python3.12/site-packages/airflow/example_dags/example_python_operator.py
[2026-04-26T03:29:19.265+0000] {processor.py:840} INFO - DAG(s) 'example_python_operator' retrieved from /home/airflow/.local/lib/python3.12/site-packages/airflow/example_dags/example_python_operator.py
[2026-04-26T03:29:19.289+0000] {logging_mixin.py:188} INFO - [2026-04-26T03:29:19.288+0000] {dag.py:3096} INFO - Sync 1 DAGs
[2026-04-26T03:29:19.303+0000] {logging_mixin.py:188} INFO - [2026-04-26T03:29:19.303+0000] {dag.py:3954} INFO - Setting next_dagrun for example_python_operator to None, run_after=None
[2026-04-26T03:29:19.320+0000] {processor.py:183} INFO - Processing /home/airflow/.local/lib/python3.12/site-packages/airflow/example_dags/example_python_operator.py took 0.072 seconds
[2026-04-26T03:29:49.561+0000] {processor.py:161} INFO - Started process (PID=303) to work on /home/airflow/.local/lib/python3.12/site-packages/airflow/example_dags/example_python_operator.py
[2026-04-26T03:29:49.562+0000] {processor.py:830} INFO - Processing file /home/airflow/.local/lib/python3.12/site-packages/airflow/example_dags/example_python_operator.py for tasks to queue
[2026-04-26T03:29:49.563+0000] {logging_mixin.py:188} INFO - [2026-04-26T03:29:49.563+0000] {dagbag.py:545} INFO - Filling up the DagBag from /home/airflow/.local/lib/python3.12/site-packages/airflow/example_dags/example_python_operator.py
[2026-04-26T03:29:49.573+0000] {processor.py:840} INFO - DAG(s) 'example_python_operator' retrieved from /home/airflow/.local/lib/python3.12/site-packages/airflow/example_dags/example_python_operator.py
[2026-04-26T03:29:49.594+0000] {logging_mixin.py:188} INFO - [2026-04-26T03:29:49.594+0000] {dag.py:3096} INFO - Sync 1 DAGs
[2026-04-26T03:29:49.606+0000] {logging_mixin.py:188} INFO - [2026-04-26T03:29:49.606+0000] {dag.py:3954} INFO - Setting next_dagrun for example_python_operator to None, run_after=None
[2026-04-26T03:29:49.622+0000] {processor.py:183} INFO - Processing /home/airflow/.local/lib/python3.12/site-packages/airflow/example_dags/example_python_operator.py took 0.067 seconds
