[2026-04-26T03:27:45.349+0000] {processor.py:161} INFO - Started process (PID=60) to work on /home/airflow/.local/lib/python3.12/site-packages/airflow/example_dags/example_xcomargs.py
[2026-04-26T03:27:45.350+0000] {processor.py:830} INFO - Processing file /home/airflow/.local/lib/python3.12/site-packages/airflow/example_dags/example_xcomargs.py for tasks to queue
[2026-04-26T03:27:45.352+0000] {logging_mixin.py:188} INFO - [2026-04-26T03:27:45.352+0000] {dagbag.py:545} INFO - Filling up the DagBag from /home/airflow/.local/lib/python3.12/site-packages/airflow/example_dags/example_xcomargs.py
[2026-04-26T03:27:45.366+0000] {processor.py:840} INFO - DAG(s) 'example_xcom_args', 'example_xcom_args_with_operators' retrieved from /home/airflow/.local/lib/python3.12/site-packages/airflow/example_dags/example_xcomargs.py
[2026-04-26T03:27:45.433+0000] {logging_mixin.py:188} INFO - [2026-04-26T03:27:45.432+0000] {dag.py:3096} INFO - Sync 2 DAGs
[2026-04-26T03:27:45.451+0000] {logging_mixin.py:188} INFO - [2026-04-26T03:27:45.451+0000] {dag.py:3954} INFO - Setting next_dagrun for example_xcom_args to None, run_after=None
[2026-04-26T03:27:45.455+0000] {logging_mixin.py:188} INFO - [2026-04-26T03:27:45.455+0000] {dag.py:3954} INFO - Setting next_dagrun for example_xcom_args_with_operators to None, run_after=None
[2026-04-26T03:27:45.470+0000] {processor.py:183} INFO - Processing /home/airflow/.local/lib/python3.12/site-packages/airflow/example_dags/example_xcomargs.py took 0.129 seconds
[2026-04-26T03:28:15.520+0000] {processor.py:161} INFO - Started process (PID=117) to work on /home/airflow/.local/lib/python3.12/site-packages/airflow/example_dags/example_xcomargs.py
[2026-04-26T03:28:15.521+0000] {processor.py:830} INFO - Processing file /home/airflow/.local/lib/python3.12/site-packages/airflow/example_dags/example_xcomargs.py for tasks to queue
[2026-04-26T03:28:15.522+0000] {logging_mixin.py:188} INFO - [2026-04-26T03:28:15.522+0000] {dagbag.py:545} INFO - Filling up the DagBag from /home/airflow/.local/lib/python3.12/site-packages/airflow/example_dags/example_xcomargs.py
[2026-04-26T03:28:15.529+0000] {processor.py:840} INFO - DAG(s) 'example_xcom_args_with_operators', 'example_xcom_args' retrieved from /home/airflow/.local/lib/python3.12/site-packages/airflow/example_dags/example_xcomargs.py
[2026-04-26T03:28:15.550+0000] {logging_mixin.py:188} INFO - [2026-04-26T03:28:15.550+0000] {dag.py:3096} INFO - Sync 2 DAGs
[2026-04-26T03:28:15.561+0000] {logging_mixin.py:188} INFO - [2026-04-26T03:28:15.561+0000] {dag.py:3954} INFO - Setting next_dagrun for example_xcom_args to None, run_after=None
[2026-04-26T03:28:15.564+0000] {logging_mixin.py:188} INFO - [2026-04-26T03:28:15.564+0000] {dag.py:3954} INFO - Setting next_dagrun for example_xcom_args_with_operators to None, run_after=None
[2026-04-26T03:28:15.577+0000] {processor.py:183} INFO - Processing /home/airflow/.local/lib/python3.12/site-packages/airflow/example_dags/example_xcomargs.py took 0.061 seconds
[2026-04-26T03:28:46.461+0000] {processor.py:161} INFO - Started process (PID=175) to work on /home/airflow/.local/lib/python3.12/site-packages/airflow/example_dags/example_xcomargs.py
[2026-04-26T03:28:46.462+0000] {processor.py:830} INFO - Processing file /home/airflow/.local/lib/python3.12/site-packages/airflow/example_dags/example_xcomargs.py for tasks to queue
[2026-04-26T03:28:46.464+0000] {logging_mixin.py:188} INFO - [2026-04-26T03:28:46.463+0000] {dagbag.py:545} INFO - Filling up the DagBag from /home/airflow/.local/lib/python3.12/site-packages/airflow/example_dags/example_xcomargs.py
[2026-04-26T03:28:46.472+0000] {processor.py:840} INFO - DAG(s) 'example_xcom_args_with_operators', 'example_xcom_args' retrieved from /home/airflow/.local/lib/python3.12/site-packages/airflow/example_dags/example_xcomargs.py
[2026-04-26T03:28:46.490+0000] {logging_mixin.py:188} INFO - [2026-04-26T03:28:46.490+0000] {dag.py:3096} INFO - Sync 2 DAGs
[2026-04-26T03:28:46.501+0000] {logging_mixin.py:188} INFO - [2026-04-26T03:28:46.501+0000] {dag.py:3954} INFO - Setting next_dagrun for example_xcom_args to None, run_after=None
[2026-04-26T03:28:46.504+0000] {logging_mixin.py:188} INFO - [2026-04-26T03:28:46.504+0000] {dag.py:3954} INFO - Setting next_dagrun for example_xcom_args_with_operators to None, run_after=None
[2026-04-26T03:28:46.517+0000] {processor.py:183} INFO - Processing /home/airflow/.local/lib/python3.12/site-packages/airflow/example_dags/example_xcomargs.py took 0.062 seconds
[2026-04-26T03:29:16.672+0000] {processor.py:161} INFO - Started process (PID=233) to work on /home/airflow/.local/lib/python3.12/site-packages/airflow/example_dags/example_xcomargs.py
[2026-04-26T03:29:16.673+0000] {processor.py:830} INFO - Processing file /home/airflow/.local/lib/python3.12/site-packages/airflow/example_dags/example_xcomargs.py for tasks to queue
[2026-04-26T03:29:16.674+0000] {logging_mixin.py:188} INFO - [2026-04-26T03:29:16.674+0000] {dagbag.py:545} INFO - Filling up the DagBag from /home/airflow/.local/lib/python3.12/site-packages/airflow/example_dags/example_xcomargs.py
[2026-04-26T03:29:16.682+0000] {processor.py:840} INFO - DAG(s) 'example_xcom_args_with_operators', 'example_xcom_args' retrieved from /home/airflow/.local/lib/python3.12/site-packages/airflow/example_dags/example_xcomargs.py
[2026-04-26T03:29:16.700+0000] {logging_mixin.py:188} INFO - [2026-04-26T03:29:16.700+0000] {dag.py:3096} INFO - Sync 2 DAGs
[2026-04-26T03:29:16.711+0000] {logging_mixin.py:188} INFO - [2026-04-26T03:29:16.711+0000] {dag.py:3954} INFO - Setting next_dagrun for example_xcom_args to None, run_after=None
[2026-04-26T03:29:16.714+0000] {logging_mixin.py:188} INFO - [2026-04-26T03:29:16.714+0000] {dag.py:3954} INFO - Setting next_dagrun for example_xcom_args_with_operators to None, run_after=None
[2026-04-26T03:29:16.726+0000] {processor.py:183} INFO - Processing /home/airflow/.local/lib/python3.12/site-packages/airflow/example_dags/example_xcomargs.py took 0.058 seconds
[2026-04-26T03:29:46.961+0000] {processor.py:161} INFO - Started process (PID=291) to work on /home/airflow/.local/lib/python3.12/site-packages/airflow/example_dags/example_xcomargs.py
[2026-04-26T03:29:46.961+0000] {processor.py:830} INFO - Processing file /home/airflow/.local/lib/python3.12/site-packages/airflow/example_dags/example_xcomargs.py for tasks to queue
[2026-04-26T03:29:46.963+0000] {logging_mixin.py:188} INFO - [2026-04-26T03:29:46.963+0000] {dagbag.py:545} INFO - Filling up the DagBag from /home/airflow/.local/lib/python3.12/site-packages/airflow/example_dags/example_xcomargs.py
[2026-04-26T03:29:46.971+0000] {processor.py:840} INFO - DAG(s) 'example_xcom_args_with_operators', 'example_xcom_args' retrieved from /home/airflow/.local/lib/python3.12/site-packages/airflow/example_dags/example_xcomargs.py
[2026-04-26T03:29:46.991+0000] {logging_mixin.py:188} INFO - [2026-04-26T03:29:46.991+0000] {dag.py:3096} INFO - Sync 2 DAGs
[2026-04-26T03:29:47.002+0000] {logging_mixin.py:188} INFO - [2026-04-26T03:29:47.001+0000] {dag.py:3954} INFO - Setting next_dagrun for example_xcom_args to None, run_after=None
[2026-04-26T03:29:47.005+0000] {logging_mixin.py:188} INFO - [2026-04-26T03:29:47.004+0000] {dag.py:3954} INFO - Setting next_dagrun for example_xcom_args_with_operators to None, run_after=None
[2026-04-26T03:29:47.017+0000] {processor.py:183} INFO - Processing /home/airflow/.local/lib/python3.12/site-packages/airflow/example_dags/example_xcomargs.py took 0.061 seconds
