[2026-04-26T03:27:51.095+0000] {processor.py:161} INFO - Started process (PID=100) to work on /home/airflow/.local/lib/python3.12/site-packages/airflow/example_dags/example_branch_python_dop_operator_3.py
[2026-04-26T03:27:51.095+0000] {processor.py:830} INFO - Processing file /home/airflow/.local/lib/python3.12/site-packages/airflow/example_dags/example_branch_python_dop_operator_3.py for tasks to queue
[2026-04-26T03:27:51.097+0000] {logging_mixin.py:188} INFO - [2026-04-26T03:27:51.097+0000] {dagbag.py:545} INFO - Filling up the DagBag from /home/airflow/.local/lib/python3.12/site-packages/airflow/example_dags/example_branch_python_dop_operator_3.py
[2026-04-26T03:27:51.107+0000] {processor.py:840} INFO - DAG(s) 'example_branch_dop_operator_v3' retrieved from /home/airflow/.local/lib/python3.12/site-packages/airflow/example_dags/example_branch_python_dop_operator_3.py
[2026-04-26T03:27:51.127+0000] {logging_mixin.py:188} INFO - [2026-04-26T03:27:51.127+0000] {dag.py:3096} INFO - Sync 1 DAGs
[2026-04-26T03:27:51.157+0000] {logging_mixin.py:188} INFO - [2026-04-26T03:27:51.157+0000] {dag.py:3954} INFO - Setting next_dagrun for example_branch_dop_operator_v3 to 2026-04-26 03:26:00+00:00, run_after=2026-04-26 03:27:00+00:00
[2026-04-26T03:27:51.173+0000] {processor.py:183} INFO - Processing /home/airflow/.local/lib/python3.12/site-packages/airflow/example_dags/example_branch_python_dop_operator_3.py took 0.084 seconds
[2026-04-26T03:28:21.550+0000] {processor.py:161} INFO - Started process (PID=157) to work on /home/airflow/.local/lib/python3.12/site-packages/airflow/example_dags/example_branch_python_dop_operator_3.py
[2026-04-26T03:28:21.551+0000] {processor.py:830} INFO - Processing file /home/airflow/.local/lib/python3.12/site-packages/airflow/example_dags/example_branch_python_dop_operator_3.py for tasks to queue
[2026-04-26T03:28:21.552+0000] {logging_mixin.py:188} INFO - [2026-04-26T03:28:21.552+0000] {dagbag.py:545} INFO - Filling up the DagBag from /home/airflow/.local/lib/python3.12/site-packages/airflow/example_dags/example_branch_python_dop_operator_3.py
[2026-04-26T03:28:21.561+0000] {processor.py:840} INFO - DAG(s) 'example_branch_dop_operator_v3' retrieved from /home/airflow/.local/lib/python3.12/site-packages/airflow/example_dags/example_branch_python_dop_operator_3.py
[2026-04-26T03:28:21.577+0000] {logging_mixin.py:188} INFO - [2026-04-26T03:28:21.577+0000] {dag.py:3096} INFO - Sync 1 DAGs
[2026-04-26T03:28:21.600+0000] {logging_mixin.py:188} INFO - [2026-04-26T03:28:21.600+0000] {dag.py:3954} INFO - Setting next_dagrun for example_branch_dop_operator_v3 to 2026-04-26 03:27:00+00:00, run_after=2026-04-26 03:28:00+00:00
[2026-04-26T03:28:21.623+0000] {processor.py:183} INFO - Processing /home/airflow/.local/lib/python3.12/site-packages/airflow/example_dags/example_branch_python_dop_operator_3.py took 0.078 seconds
[2026-04-26T03:28:51.722+0000] {processor.py:161} INFO - Started process (PID=215) to work on /home/airflow/.local/lib/python3.12/site-packages/airflow/example_dags/example_branch_python_dop_operator_3.py
[2026-04-26T03:28:51.722+0000] {processor.py:830} INFO - Processing file /home/airflow/.local/lib/python3.12/site-packages/airflow/example_dags/example_branch_python_dop_operator_3.py for tasks to queue
[2026-04-26T03:28:51.724+0000] {logging_mixin.py:188} INFO - [2026-04-26T03:28:51.723+0000] {dagbag.py:545} INFO - Filling up the DagBag from /home/airflow/.local/lib/python3.12/site-packages/airflow/example_dags/example_branch_python_dop_operator_3.py
[2026-04-26T03:28:51.732+0000] {processor.py:840} INFO - DAG(s) 'example_branch_dop_operator_v3' retrieved from /home/airflow/.local/lib/python3.12/site-packages/airflow/example_dags/example_branch_python_dop_operator_3.py
[2026-04-26T03:28:51.748+0000] {logging_mixin.py:188} INFO - [2026-04-26T03:28:51.748+0000] {dag.py:3096} INFO - Sync 1 DAGs
[2026-04-26T03:28:51.774+0000] {logging_mixin.py:188} INFO - [2026-04-26T03:28:51.774+0000] {dag.py:3954} INFO - Setting next_dagrun for example_branch_dop_operator_v3 to 2026-04-26 03:27:00+00:00, run_after=2026-04-26 03:28:00+00:00
[2026-04-26T03:28:51.790+0000] {processor.py:183} INFO - Processing /home/airflow/.local/lib/python3.12/site-packages/airflow/example_dags/example_branch_python_dop_operator_3.py took 0.073 seconds
[2026-04-26T03:29:22.043+0000] {processor.py:161} INFO - Started process (PID=273) to work on /home/airflow/.local/lib/python3.12/site-packages/airflow/example_dags/example_branch_python_dop_operator_3.py
[2026-04-26T03:29:22.043+0000] {processor.py:830} INFO - Processing file /home/airflow/.local/lib/python3.12/site-packages/airflow/example_dags/example_branch_python_dop_operator_3.py for tasks to queue
[2026-04-26T03:29:22.045+0000] {logging_mixin.py:188} INFO - [2026-04-26T03:29:22.045+0000] {dagbag.py:545} INFO - Filling up the DagBag from /home/airflow/.local/lib/python3.12/site-packages/airflow/example_dags/example_branch_python_dop_operator_3.py
[2026-04-26T03:29:22.056+0000] {processor.py:840} INFO - DAG(s) 'example_branch_dop_operator_v3' retrieved from /home/airflow/.local/lib/python3.12/site-packages/airflow/example_dags/example_branch_python_dop_operator_3.py
[2026-04-26T03:29:22.079+0000] {logging_mixin.py:188} INFO - [2026-04-26T03:29:22.079+0000] {dag.py:3096} INFO - Sync 1 DAGs
[2026-04-26T03:29:22.102+0000] {logging_mixin.py:188} INFO - [2026-04-26T03:29:22.102+0000] {dag.py:3954} INFO - Setting next_dagrun for example_branch_dop_operator_v3 to 2026-04-26 03:28:00+00:00, run_after=2026-04-26 03:29:00+00:00
[2026-04-26T03:29:22.119+0000] {processor.py:183} INFO - Processing /home/airflow/.local/lib/python3.12/site-packages/airflow/example_dags/example_branch_python_dop_operator_3.py took 0.084 seconds
[2026-04-26T03:29:52.239+0000] {processor.py:161} INFO - Started process (PID=331) to work on /home/airflow/.local/lib/python3.12/site-packages/airflow/example_dags/example_branch_python_dop_operator_3.py
[2026-04-26T03:29:52.240+0000] {processor.py:830} INFO - Processing file /home/airflow/.local/lib/python3.12/site-packages/airflow/example_dags/example_branch_python_dop_operator_3.py for tasks to queue
[2026-04-26T03:29:52.241+0000] {logging_mixin.py:188} INFO - [2026-04-26T03:29:52.241+0000] {dagbag.py:545} INFO - Filling up the DagBag from /home/airflow/.local/lib/python3.12/site-packages/airflow/example_dags/example_branch_python_dop_operator_3.py
[2026-04-26T03:29:52.251+0000] {processor.py:840} INFO - DAG(s) 'example_branch_dop_operator_v3' retrieved from /home/airflow/.local/lib/python3.12/site-packages/airflow/example_dags/example_branch_python_dop_operator_3.py
[2026-04-26T03:29:52.268+0000] {logging_mixin.py:188} INFO - [2026-04-26T03:29:52.267+0000] {dag.py:3096} INFO - Sync 1 DAGs
[2026-04-26T03:29:52.289+0000] {logging_mixin.py:188} INFO - [2026-04-26T03:29:52.289+0000] {dag.py:3954} INFO - Setting next_dagrun for example_branch_dop_operator_v3 to 2026-04-26 03:28:00+00:00, run_after=2026-04-26 03:29:00+00:00
[2026-04-26T03:29:52.305+0000] {processor.py:183} INFO - Processing /home/airflow/.local/lib/python3.12/site-packages/airflow/example_dags/example_branch_python_dop_operator_3.py took 0.071 seconds
