[2026-04-26T03:27:46.217+0000] {processor.py:161} INFO - Started process (PID=68) to work on /home/airflow/.local/lib/python3.12/site-packages/airflow/example_dags/example_subdag_operator.py
[2026-04-26T03:27:46.218+0000] {processor.py:830} INFO - Processing file /home/airflow/.local/lib/python3.12/site-packages/airflow/example_dags/example_subdag_operator.py for tasks to queue
[2026-04-26T03:27:46.228+0000] {logging_mixin.py:188} INFO - [2026-04-26T03:27:46.224+0000] {dagbag.py:545} INFO - Filling up the DagBag from /home/airflow/.local/lib/python3.12/site-packages/airflow/example_dags/example_subdag_operator.py
[2026-04-26T03:27:46.264+0000] {processor.py:840} INFO - DAG(s) 'example_subdag_operator.section-1', 'example_subdag_operator.section-2', 'example_subdag_operator' retrieved from /home/airflow/.local/lib/python3.12/site-packages/airflow/example_dags/example_subdag_operator.py
[2026-04-26T03:27:46.288+0000] {logging_mixin.py:188} INFO - [2026-04-26T03:27:46.288+0000] {dag.py:3096} INFO - Sync 3 DAGs
[2026-04-26T03:27:46.350+0000] {logging_mixin.py:188} INFO - [2026-04-26T03:27:46.350+0000] {dag.py:3954} INFO - Setting next_dagrun for example_subdag_operator to 2022-01-01 00:00:00+00:00, run_after=2022-01-01 00:00:00+00:00
[2026-04-26T03:27:46.368+0000] {logging_mixin.py:188} INFO - [2026-04-26T03:27:46.368+0000] {dag.py:3954} INFO - Setting next_dagrun for example_subdag_operator.section-1 to None, run_after=None
[2026-04-26T03:27:46.375+0000] {logging_mixin.py:188} INFO - [2026-04-26T03:27:46.374+0000] {dag.py:3954} INFO - Setting next_dagrun for example_subdag_operator.section-2 to None, run_after=None
[2026-04-26T03:27:46.393+0000] {logging_mixin.py:188} INFO - [2026-04-26T03:27:46.393+0000] {dag.py:3096} INFO - Sync 2 DAGs
[2026-04-26T03:27:46.409+0000] {logging_mixin.py:188} INFO - [2026-04-26T03:27:46.409+0000] {dag.py:3954} INFO - Setting next_dagrun for example_subdag_operator.section-1 to None, run_after=None
[2026-04-26T03:27:46.412+0000] {logging_mixin.py:188} INFO - [2026-04-26T03:27:46.412+0000] {dag.py:3954} INFO - Setting next_dagrun for example_subdag_operator.section-2 to None, run_after=None
[2026-04-26T03:27:46.454+0000] {processor.py:183} INFO - Processing /home/airflow/.local/lib/python3.12/site-packages/airflow/example_dags/example_subdag_operator.py took 0.257 seconds
[2026-04-26T03:28:16.878+0000] {processor.py:161} INFO - Started process (PID=125) to work on /home/airflow/.local/lib/python3.12/site-packages/airflow/example_dags/example_subdag_operator.py
[2026-04-26T03:28:16.878+0000] {processor.py:830} INFO - Processing file /home/airflow/.local/lib/python3.12/site-packages/airflow/example_dags/example_subdag_operator.py for tasks to queue
[2026-04-26T03:28:16.880+0000] {logging_mixin.py:188} INFO - [2026-04-26T03:28:16.880+0000] {dagbag.py:545} INFO - Filling up the DagBag from /home/airflow/.local/lib/python3.12/site-packages/airflow/example_dags/example_subdag_operator.py
[2026-04-26T03:28:16.900+0000] {processor.py:840} INFO - DAG(s) 'example_subdag_operator.section-1', 'example_subdag_operator.section-2', 'example_subdag_operator' retrieved from /home/airflow/.local/lib/python3.12/site-packages/airflow/example_dags/example_subdag_operator.py
[2026-04-26T03:28:16.913+0000] {logging_mixin.py:188} INFO - [2026-04-26T03:28:16.913+0000] {dag.py:3096} INFO - Sync 3 DAGs
[2026-04-26T03:28:16.933+0000] {logging_mixin.py:188} INFO - [2026-04-26T03:28:16.933+0000] {dag.py:3954} INFO - Setting next_dagrun for example_subdag_operator to 2022-01-01 00:00:00+00:00, run_after=2022-01-01 00:00:00+00:00
[2026-04-26T03:28:16.937+0000] {logging_mixin.py:188} INFO - [2026-04-26T03:28:16.937+0000] {dag.py:3954} INFO - Setting next_dagrun for example_subdag_operator.section-1 to None, run_after=None
[2026-04-26T03:28:16.939+0000] {logging_mixin.py:188} INFO - [2026-04-26T03:28:16.939+0000] {dag.py:3954} INFO - Setting next_dagrun for example_subdag_operator.section-2 to None, run_after=None
[2026-04-26T03:28:16.946+0000] {logging_mixin.py:188} INFO - [2026-04-26T03:28:16.946+0000] {dag.py:3096} INFO - Sync 2 DAGs
[2026-04-26T03:28:16.950+0000] {logging_mixin.py:188} INFO - [2026-04-26T03:28:16.950+0000] {dag.py:3954} INFO - Setting next_dagrun for example_subdag_operator.section-1 to None, run_after=None
[2026-04-26T03:28:16.951+0000] {logging_mixin.py:188} INFO - [2026-04-26T03:28:16.951+0000] {dag.py:3954} INFO - Setting next_dagrun for example_subdag_operator.section-2 to None, run_after=None
[2026-04-26T03:28:16.960+0000] {processor.py:183} INFO - Processing /home/airflow/.local/lib/python3.12/site-packages/airflow/example_dags/example_subdag_operator.py took 0.087 seconds
