[2026-04-26T03:27:46.009+0000] {processor.py:161} INFO - Started process (PID=66) to work on /home/airflow/.local/lib/python3.12/site-packages/airflow/example_dags/example_branch_datetime_operator.py
[2026-04-26T03:27:46.010+0000] {processor.py:830} INFO - Processing file /home/airflow/.local/lib/python3.12/site-packages/airflow/example_dags/example_branch_datetime_operator.py for tasks to queue
[2026-04-26T03:27:46.012+0000] {logging_mixin.py:188} INFO - [2026-04-26T03:27:46.012+0000] {dagbag.py:545} INFO - Filling up the DagBag from /home/airflow/.local/lib/python3.12/site-packages/airflow/example_dags/example_branch_datetime_operator.py
[2026-04-26T03:27:46.024+0000] {processor.py:840} INFO - DAG(s) 'example_branch_datetime_operator_3', 'example_branch_datetime_operator', 'example_branch_datetime_operator_2' retrieved from /home/airflow/.local/lib/python3.12/site-packages/airflow/example_dags/example_branch_datetime_operator.py
[2026-04-26T03:27:46.106+0000] {logging_mixin.py:188} INFO - [2026-04-26T03:27:46.105+0000] {dag.py:3096} INFO - Sync 3 DAGs
[2026-04-26T03:27:46.161+0000] {logging_mixin.py:188} INFO - [2026-04-26T03:27:46.161+0000] {dag.py:3954} INFO - Setting next_dagrun for example_branch_datetime_operator to 2026-04-25 00:00:00+00:00, run_after=2026-04-26 00:00:00+00:00
[2026-04-26T03:27:46.173+0000] {logging_mixin.py:188} INFO - [2026-04-26T03:27:46.173+0000] {dag.py:3954} INFO - Setting next_dagrun for example_branch_datetime_operator_2 to 2026-04-25 00:00:00+00:00, run_after=2026-04-26 00:00:00+00:00
[2026-04-26T03:27:46.193+0000] {logging_mixin.py:188} INFO - [2026-04-26T03:27:46.188+0000] {dag.py:3954} INFO - Setting next_dagrun for example_branch_datetime_operator_3 to 2026-04-25 00:00:00+00:00, run_after=2026-04-26 00:00:00+00:00
[2026-04-26T03:27:46.247+0000] {processor.py:183} INFO - Processing /home/airflow/.local/lib/python3.12/site-packages/airflow/example_dags/example_branch_datetime_operator.py took 0.244 seconds
[2026-04-26T03:28:16.789+0000] {processor.py:161} INFO - Started process (PID=123) to work on /home/airflow/.local/lib/python3.12/site-packages/airflow/example_dags/example_branch_datetime_operator.py
[2026-04-26T03:28:16.789+0000] {processor.py:830} INFO - Processing file /home/airflow/.local/lib/python3.12/site-packages/airflow/example_dags/example_branch_datetime_operator.py for tasks to queue
[2026-04-26T03:28:16.791+0000] {logging_mixin.py:188} INFO - [2026-04-26T03:28:16.791+0000] {dagbag.py:545} INFO - Filling up the DagBag from /home/airflow/.local/lib/python3.12/site-packages/airflow/example_dags/example_branch_datetime_operator.py
[2026-04-26T03:28:16.800+0000] {processor.py:840} INFO - DAG(s) 'example_branch_datetime_operator_3', 'example_branch_datetime_operator', 'example_branch_datetime_operator_2' retrieved from /home/airflow/.local/lib/python3.12/site-packages/airflow/example_dags/example_branch_datetime_operator.py
[2026-04-26T03:28:16.822+0000] {logging_mixin.py:188} INFO - [2026-04-26T03:28:16.822+0000] {dag.py:3096} INFO - Sync 3 DAGs
[2026-04-26T03:28:16.843+0000] {logging_mixin.py:188} INFO - [2026-04-26T03:28:16.842+0000] {dag.py:3954} INFO - Setting next_dagrun for example_branch_datetime_operator to 2026-04-25 00:00:00+00:00, run_after=2026-04-26 00:00:00+00:00
[2026-04-26T03:28:16.847+0000] {logging_mixin.py:188} INFO - [2026-04-26T03:28:16.847+0000] {dag.py:3954} INFO - Setting next_dagrun for example_branch_datetime_operator_2 to 2026-04-25 00:00:00+00:00, run_after=2026-04-26 00:00:00+00:00
[2026-04-26T03:28:16.849+0000] {logging_mixin.py:188} INFO - [2026-04-26T03:28:16.849+0000] {dag.py:3954} INFO - Setting next_dagrun for example_branch_datetime_operator_3 to 2026-04-25 00:00:00+00:00, run_after=2026-04-26 00:00:00+00:00
[2026-04-26T03:28:16.868+0000] {processor.py:183} INFO - Processing /home/airflow/.local/lib/python3.12/site-packages/airflow/example_dags/example_branch_datetime_operator.py took 0.085 seconds
[2026-04-26T03:28:47.763+0000] {processor.py:161} INFO - Started process (PID=181) to work on /home/airflow/.local/lib/python3.12/site-packages/airflow/example_dags/example_branch_datetime_operator.py
[2026-04-26T03:28:47.764+0000] {processor.py:830} INFO - Processing file /home/airflow/.local/lib/python3.12/site-packages/airflow/example_dags/example_branch_datetime_operator.py for tasks to queue
[2026-04-26T03:28:47.766+0000] {logging_mixin.py:188} INFO - [2026-04-26T03:28:47.765+0000] {dagbag.py:545} INFO - Filling up the DagBag from /home/airflow/.local/lib/python3.12/site-packages/airflow/example_dags/example_branch_datetime_operator.py
[2026-04-26T03:28:47.776+0000] {processor.py:840} INFO - DAG(s) 'example_branch_datetime_operator', 'example_branch_datetime_operator_3', 'example_branch_datetime_operator_2' retrieved from /home/airflow/.local/lib/python3.12/site-packages/airflow/example_dags/example_branch_datetime_operator.py
[2026-04-26T03:28:47.798+0000] {logging_mixin.py:188} INFO - [2026-04-26T03:28:47.798+0000] {dag.py:3096} INFO - Sync 3 DAGs
[2026-04-26T03:28:47.818+0000] {logging_mixin.py:188} INFO - [2026-04-26T03:28:47.818+0000] {dag.py:3954} INFO - Setting next_dagrun for example_branch_datetime_operator to 2026-04-25 00:00:00+00:00, run_after=2026-04-26 00:00:00+00:00
[2026-04-26T03:28:47.822+0000] {logging_mixin.py:188} INFO - [2026-04-26T03:28:47.822+0000] {dag.py:3954} INFO - Setting next_dagrun for example_branch_datetime_operator_2 to 2026-04-25 00:00:00+00:00, run_after=2026-04-26 00:00:00+00:00
[2026-04-26T03:28:47.824+0000] {logging_mixin.py:188} INFO - [2026-04-26T03:28:47.824+0000] {dag.py:3954} INFO - Setting next_dagrun for example_branch_datetime_operator_3 to 2026-04-25 00:00:00+00:00, run_after=2026-04-26 00:00:00+00:00
[2026-04-26T03:28:47.837+0000] {processor.py:183} INFO - Processing /home/airflow/.local/lib/python3.12/site-packages/airflow/example_dags/example_branch_datetime_operator.py took 0.078 seconds
[2026-04-26T03:29:17.976+0000] {processor.py:161} INFO - Started process (PID=239) to work on /home/airflow/.local/lib/python3.12/site-packages/airflow/example_dags/example_branch_datetime_operator.py
[2026-04-26T03:29:17.976+0000] {processor.py:830} INFO - Processing file /home/airflow/.local/lib/python3.12/site-packages/airflow/example_dags/example_branch_datetime_operator.py for tasks to queue
[2026-04-26T03:29:17.977+0000] {logging_mixin.py:188} INFO - [2026-04-26T03:29:17.977+0000] {dagbag.py:545} INFO - Filling up the DagBag from /home/airflow/.local/lib/python3.12/site-packages/airflow/example_dags/example_branch_datetime_operator.py
[2026-04-26T03:29:17.987+0000] {processor.py:840} INFO - DAG(s) 'example_branch_datetime_operator_3', 'example_branch_datetime_operator_2', 'example_branch_datetime_operator' retrieved from /home/airflow/.local/lib/python3.12/site-packages/airflow/example_dags/example_branch_datetime_operator.py
[2026-04-26T03:29:18.015+0000] {logging_mixin.py:188} INFO - [2026-04-26T03:29:18.015+0000] {dag.py:3096} INFO - Sync 3 DAGs
[2026-04-26T03:29:18.035+0000] {logging_mixin.py:188} INFO - [2026-04-26T03:29:18.035+0000] {dag.py:3954} INFO - Setting next_dagrun for example_branch_datetime_operator to 2026-04-25 00:00:00+00:00, run_after=2026-04-26 00:00:00+00:00
[2026-04-26T03:29:18.039+0000] {logging_mixin.py:188} INFO - [2026-04-26T03:29:18.039+0000] {dag.py:3954} INFO - Setting next_dagrun for example_branch_datetime_operator_2 to 2026-04-25 00:00:00+00:00, run_after=2026-04-26 00:00:00+00:00
[2026-04-26T03:29:18.041+0000] {logging_mixin.py:188} INFO - [2026-04-26T03:29:18.041+0000] {dag.py:3954} INFO - Setting next_dagrun for example_branch_datetime_operator_3 to 2026-04-25 00:00:00+00:00, run_after=2026-04-26 00:00:00+00:00
[2026-04-26T03:29:18.054+0000] {processor.py:183} INFO - Processing /home/airflow/.local/lib/python3.12/site-packages/airflow/example_dags/example_branch_datetime_operator.py took 0.083 seconds
[2026-04-26T03:29:48.302+0000] {processor.py:161} INFO - Started process (PID=297) to work on /home/airflow/.local/lib/python3.12/site-packages/airflow/example_dags/example_branch_datetime_operator.py
[2026-04-26T03:29:48.302+0000] {processor.py:830} INFO - Processing file /home/airflow/.local/lib/python3.12/site-packages/airflow/example_dags/example_branch_datetime_operator.py for tasks to queue
[2026-04-26T03:29:48.304+0000] {logging_mixin.py:188} INFO - [2026-04-26T03:29:48.304+0000] {dagbag.py:545} INFO - Filling up the DagBag from /home/airflow/.local/lib/python3.12/site-packages/airflow/example_dags/example_branch_datetime_operator.py
[2026-04-26T03:29:48.316+0000] {processor.py:840} INFO - DAG(s) 'example_branch_datetime_operator_3', 'example_branch_datetime_operator_2', 'example_branch_datetime_operator' retrieved from /home/airflow/.local/lib/python3.12/site-packages/airflow/example_dags/example_branch_datetime_operator.py
[2026-04-26T03:29:48.351+0000] {logging_mixin.py:188} INFO - [2026-04-26T03:29:48.351+0000] {dag.py:3096} INFO - Sync 3 DAGs
[2026-04-26T03:29:48.387+0000] {logging_mixin.py:188} INFO - [2026-04-26T03:29:48.387+0000] {dag.py:3954} INFO - Setting next_dagrun for example_branch_datetime_operator to 2026-04-25 00:00:00+00:00, run_after=2026-04-26 00:00:00+00:00
[2026-04-26T03:29:48.394+0000] {logging_mixin.py:188} INFO - [2026-04-26T03:29:48.394+0000] {dag.py:3954} INFO - Setting next_dagrun for example_branch_datetime_operator_2 to 2026-04-25 00:00:00+00:00, run_after=2026-04-26 00:00:00+00:00
[2026-04-26T03:29:48.398+0000] {logging_mixin.py:188} INFO - [2026-04-26T03:29:48.397+0000] {dag.py:3954} INFO - Setting next_dagrun for example_branch_datetime_operator_3 to 2026-04-25 00:00:00+00:00, run_after=2026-04-26 00:00:00+00:00
[2026-04-26T03:29:48.416+0000] {processor.py:183} INFO - Processing /home/airflow/.local/lib/python3.12/site-packages/airflow/example_dags/example_branch_datetime_operator.py took 0.121 seconds
