[2026-04-26T03:27:46.351+0000] {processor.py:161} INFO - Started process (PID=69) to work on /home/airflow/.local/lib/python3.12/site-packages/airflow/example_dags/example_latest_only_with_trigger.py
[2026-04-26T03:27:46.352+0000] {processor.py:830} INFO - Processing file /home/airflow/.local/lib/python3.12/site-packages/airflow/example_dags/example_latest_only_with_trigger.py for tasks to queue
[2026-04-26T03:27:46.360+0000] {logging_mixin.py:188} INFO - [2026-04-26T03:27:46.359+0000] {dagbag.py:545} INFO - Filling up the DagBag from /home/airflow/.local/lib/python3.12/site-packages/airflow/example_dags/example_latest_only_with_trigger.py
[2026-04-26T03:27:46.376+0000] {processor.py:840} INFO - DAG(s) 'latest_only_with_trigger' retrieved from /home/airflow/.local/lib/python3.12/site-packages/airflow/example_dags/example_latest_only_with_trigger.py
[2026-04-26T03:27:46.511+0000] {logging_mixin.py:188} INFO - [2026-04-26T03:27:46.511+0000] {dag.py:3096} INFO - Sync 1 DAGs
[2026-04-26T03:27:46.634+0000] {logging_mixin.py:188} INFO - [2026-04-26T03:27:46.634+0000] {dag.py:3954} INFO - Setting next_dagrun for latest_only_with_trigger to 2026-04-25 20:00:00+00:00, run_after=2026-04-26 00:00:00+00:00
[2026-04-26T03:27:46.722+0000] {processor.py:183} INFO - Processing /home/airflow/.local/lib/python3.12/site-packages/airflow/example_dags/example_latest_only_with_trigger.py took 0.400 seconds
[2026-04-26T03:28:16.890+0000] {processor.py:161} INFO - Started process (PID=126) to work on /home/airflow/.local/lib/python3.12/site-packages/airflow/example_dags/example_latest_only_with_trigger.py
[2026-04-26T03:28:16.890+0000] {processor.py:830} INFO - Processing file /home/airflow/.local/lib/python3.12/site-packages/airflow/example_dags/example_latest_only_with_trigger.py for tasks to queue
[2026-04-26T03:28:16.892+0000] {logging_mixin.py:188} INFO - [2026-04-26T03:28:16.892+0000] {dagbag.py:545} INFO - Filling up the DagBag from /home/airflow/.local/lib/python3.12/site-packages/airflow/example_dags/example_latest_only_with_trigger.py
[2026-04-26T03:28:16.898+0000] {processor.py:840} INFO - DAG(s) 'latest_only_with_trigger' retrieved from /home/airflow/.local/lib/python3.12/site-packages/airflow/example_dags/example_latest_only_with_trigger.py
[2026-04-26T03:28:16.915+0000] {logging_mixin.py:188} INFO - [2026-04-26T03:28:16.914+0000] {dag.py:3096} INFO - Sync 1 DAGs
[2026-04-26T03:28:16.934+0000] {logging_mixin.py:188} INFO - [2026-04-26T03:28:16.934+0000] {dag.py:3954} INFO - Setting next_dagrun for latest_only_with_trigger to 2026-04-25 20:00:00+00:00, run_after=2026-04-26 00:00:00+00:00
[2026-04-26T03:28:16.952+0000] {processor.py:183} INFO - Processing /home/airflow/.local/lib/python3.12/site-packages/airflow/example_dags/example_latest_only_with_trigger.py took 0.067 seconds
[2026-04-26T03:28:47.942+0000] {processor.py:161} INFO - Started process (PID=184) to work on /home/airflow/.local/lib/python3.12/site-packages/airflow/example_dags/example_latest_only_with_trigger.py
[2026-04-26T03:28:47.943+0000] {processor.py:830} INFO - Processing file /home/airflow/.local/lib/python3.12/site-packages/airflow/example_dags/example_latest_only_with_trigger.py for tasks to queue
[2026-04-26T03:28:47.944+0000] {logging_mixin.py:188} INFO - [2026-04-26T03:28:47.944+0000] {dagbag.py:545} INFO - Filling up the DagBag from /home/airflow/.local/lib/python3.12/site-packages/airflow/example_dags/example_latest_only_with_trigger.py
[2026-04-26T03:28:47.949+0000] {processor.py:840} INFO - DAG(s) 'latest_only_with_trigger' retrieved from /home/airflow/.local/lib/python3.12/site-packages/airflow/example_dags/example_latest_only_with_trigger.py
[2026-04-26T03:28:47.966+0000] {logging_mixin.py:188} INFO - [2026-04-26T03:28:47.966+0000] {dag.py:3096} INFO - Sync 1 DAGs
[2026-04-26T03:28:47.988+0000] {logging_mixin.py:188} INFO - [2026-04-26T03:28:47.987+0000] {dag.py:3954} INFO - Setting next_dagrun for latest_only_with_trigger to 2026-04-25 20:00:00+00:00, run_after=2026-04-26 00:00:00+00:00
[2026-04-26T03:28:48.006+0000] {processor.py:183} INFO - Processing /home/airflow/.local/lib/python3.12/site-packages/airflow/example_dags/example_latest_only_with_trigger.py took 0.069 seconds
[2026-04-26T03:29:18.162+0000] {processor.py:161} INFO - Started process (PID=242) to work on /home/airflow/.local/lib/python3.12/site-packages/airflow/example_dags/example_latest_only_with_trigger.py
[2026-04-26T03:29:18.163+0000] {processor.py:830} INFO - Processing file /home/airflow/.local/lib/python3.12/site-packages/airflow/example_dags/example_latest_only_with_trigger.py for tasks to queue
[2026-04-26T03:29:18.164+0000] {logging_mixin.py:188} INFO - [2026-04-26T03:29:18.164+0000] {dagbag.py:545} INFO - Filling up the DagBag from /home/airflow/.local/lib/python3.12/site-packages/airflow/example_dags/example_latest_only_with_trigger.py
[2026-04-26T03:29:18.170+0000] {processor.py:840} INFO - DAG(s) 'latest_only_with_trigger' retrieved from /home/airflow/.local/lib/python3.12/site-packages/airflow/example_dags/example_latest_only_with_trigger.py
[2026-04-26T03:29:18.190+0000] {logging_mixin.py:188} INFO - [2026-04-26T03:29:18.190+0000] {dag.py:3096} INFO - Sync 1 DAGs
[2026-04-26T03:29:18.208+0000] {logging_mixin.py:188} INFO - [2026-04-26T03:29:18.208+0000] {dag.py:3954} INFO - Setting next_dagrun for latest_only_with_trigger to 2026-04-25 20:00:00+00:00, run_after=2026-04-26 00:00:00+00:00
[2026-04-26T03:29:18.222+0000] {processor.py:183} INFO - Processing /home/airflow/.local/lib/python3.12/site-packages/airflow/example_dags/example_latest_only_with_trigger.py took 0.064 seconds
[2026-04-26T03:29:48.443+0000] {processor.py:161} INFO - Started process (PID=300) to work on /home/airflow/.local/lib/python3.12/site-packages/airflow/example_dags/example_latest_only_with_trigger.py
[2026-04-26T03:29:48.444+0000] {processor.py:830} INFO - Processing file /home/airflow/.local/lib/python3.12/site-packages/airflow/example_dags/example_latest_only_with_trigger.py for tasks to queue
[2026-04-26T03:29:48.445+0000] {logging_mixin.py:188} INFO - [2026-04-26T03:29:48.445+0000] {dagbag.py:545} INFO - Filling up the DagBag from /home/airflow/.local/lib/python3.12/site-packages/airflow/example_dags/example_latest_only_with_trigger.py
[2026-04-26T03:29:48.450+0000] {processor.py:840} INFO - DAG(s) 'latest_only_with_trigger' retrieved from /home/airflow/.local/lib/python3.12/site-packages/airflow/example_dags/example_latest_only_with_trigger.py
[2026-04-26T03:29:48.470+0000] {logging_mixin.py:188} INFO - [2026-04-26T03:29:48.470+0000] {dag.py:3096} INFO - Sync 1 DAGs
[2026-04-26T03:29:48.496+0000] {logging_mixin.py:188} INFO - [2026-04-26T03:29:48.496+0000] {dag.py:3954} INFO - Setting next_dagrun for latest_only_with_trigger to 2026-04-25 20:00:00+00:00, run_after=2026-04-26 00:00:00+00:00
[2026-04-26T03:29:48.512+0000] {processor.py:183} INFO - Processing /home/airflow/.local/lib/python3.12/site-packages/airflow/example_dags/example_latest_only_with_trigger.py took 0.074 seconds
