[2026-04-26T03:27:49.798+0000] {processor.py:161} INFO - Started process (PID=90) to work on /home/airflow/.local/lib/python3.12/site-packages/airflow/example_dags/example_bash_decorator.py
[2026-04-26T03:27:49.799+0000] {processor.py:830} INFO - Processing file /home/airflow/.local/lib/python3.12/site-packages/airflow/example_dags/example_bash_decorator.py for tasks to queue
[2026-04-26T03:27:49.800+0000] {logging_mixin.py:188} INFO - [2026-04-26T03:27:49.800+0000] {dagbag.py:545} INFO - Filling up the DagBag from /home/airflow/.local/lib/python3.12/site-packages/airflow/example_dags/example_bash_decorator.py
[2026-04-26T03:27:49.816+0000] {processor.py:840} INFO - DAG(s) 'example_bash_decorator' retrieved from /home/airflow/.local/lib/python3.12/site-packages/airflow/example_dags/example_bash_decorator.py
[2026-04-26T03:27:49.967+0000] {logging_mixin.py:188} INFO - [2026-04-26T03:27:49.967+0000] {dag.py:3096} INFO - Sync 1 DAGs
[2026-04-26T03:27:49.982+0000] {logging_mixin.py:188} INFO - [2026-04-26T03:27:49.981+0000] {dag.py:3954} INFO - Setting next_dagrun for example_bash_decorator to None, run_after=None
[2026-04-26T03:27:50.004+0000] {processor.py:183} INFO - Processing /home/airflow/.local/lib/python3.12/site-packages/airflow/example_dags/example_bash_decorator.py took 0.211 seconds
[2026-04-26T03:28:20.849+0000] {processor.py:161} INFO - Started process (PID=147) to work on /home/airflow/.local/lib/python3.12/site-packages/airflow/example_dags/example_bash_decorator.py
[2026-04-26T03:28:20.850+0000] {processor.py:830} INFO - Processing file /home/airflow/.local/lib/python3.12/site-packages/airflow/example_dags/example_bash_decorator.py for tasks to queue
[2026-04-26T03:28:20.851+0000] {logging_mixin.py:188} INFO - [2026-04-26T03:28:20.851+0000] {dagbag.py:545} INFO - Filling up the DagBag from /home/airflow/.local/lib/python3.12/site-packages/airflow/example_dags/example_bash_decorator.py
[2026-04-26T03:28:20.862+0000] {processor.py:840} INFO - DAG(s) 'example_bash_decorator' retrieved from /home/airflow/.local/lib/python3.12/site-packages/airflow/example_dags/example_bash_decorator.py
[2026-04-26T03:28:20.888+0000] {logging_mixin.py:188} INFO - [2026-04-26T03:28:20.888+0000] {dag.py:3096} INFO - Sync 1 DAGs
[2026-04-26T03:28:20.901+0000] {logging_mixin.py:188} INFO - [2026-04-26T03:28:20.901+0000] {dag.py:3954} INFO - Setting next_dagrun for example_bash_decorator to None, run_after=None
[2026-04-26T03:28:20.916+0000] {processor.py:183} INFO - Processing /home/airflow/.local/lib/python3.12/site-packages/airflow/example_dags/example_bash_decorator.py took 0.071 seconds
[2026-04-26T03:28:50.958+0000] {processor.py:161} INFO - Started process (PID=204) to work on /home/airflow/.local/lib/python3.12/site-packages/airflow/example_dags/example_bash_decorator.py
[2026-04-26T03:28:50.959+0000] {processor.py:830} INFO - Processing file /home/airflow/.local/lib/python3.12/site-packages/airflow/example_dags/example_bash_decorator.py for tasks to queue
[2026-04-26T03:28:50.961+0000] {logging_mixin.py:188} INFO - [2026-04-26T03:28:50.960+0000] {dagbag.py:545} INFO - Filling up the DagBag from /home/airflow/.local/lib/python3.12/site-packages/airflow/example_dags/example_bash_decorator.py
[2026-04-26T03:28:50.976+0000] {processor.py:840} INFO - DAG(s) 'example_bash_decorator' retrieved from /home/airflow/.local/lib/python3.12/site-packages/airflow/example_dags/example_bash_decorator.py
[2026-04-26T03:28:50.998+0000] {logging_mixin.py:188} INFO - [2026-04-26T03:28:50.998+0000] {dag.py:3096} INFO - Sync 1 DAGs
[2026-04-26T03:28:51.010+0000] {logging_mixin.py:188} INFO - [2026-04-26T03:28:51.010+0000] {dag.py:3954} INFO - Setting next_dagrun for example_bash_decorator to None, run_after=None
[2026-04-26T03:28:51.026+0000] {processor.py:183} INFO - Processing /home/airflow/.local/lib/python3.12/site-packages/airflow/example_dags/example_bash_decorator.py took 0.076 seconds
[2026-04-26T03:29:21.263+0000] {processor.py:161} INFO - Started process (PID=262) to work on /home/airflow/.local/lib/python3.12/site-packages/airflow/example_dags/example_bash_decorator.py
[2026-04-26T03:29:21.264+0000] {processor.py:830} INFO - Processing file /home/airflow/.local/lib/python3.12/site-packages/airflow/example_dags/example_bash_decorator.py for tasks to queue
[2026-04-26T03:29:21.266+0000] {logging_mixin.py:188} INFO - [2026-04-26T03:29:21.265+0000] {dagbag.py:545} INFO - Filling up the DagBag from /home/airflow/.local/lib/python3.12/site-packages/airflow/example_dags/example_bash_decorator.py
[2026-04-26T03:29:21.280+0000] {processor.py:840} INFO - DAG(s) 'example_bash_decorator' retrieved from /home/airflow/.local/lib/python3.12/site-packages/airflow/example_dags/example_bash_decorator.py
[2026-04-26T03:29:21.309+0000] {logging_mixin.py:188} INFO - [2026-04-26T03:29:21.309+0000] {dag.py:3096} INFO - Sync 1 DAGs
[2026-04-26T03:29:21.324+0000] {logging_mixin.py:188} INFO - [2026-04-26T03:29:21.324+0000] {dag.py:3954} INFO - Setting next_dagrun for example_bash_decorator to None, run_after=None
[2026-04-26T03:29:21.344+0000] {processor.py:183} INFO - Processing /home/airflow/.local/lib/python3.12/site-packages/airflow/example_dags/example_bash_decorator.py took 0.087 seconds
[2026-04-26T03:29:51.510+0000] {processor.py:161} INFO - Started process (PID=320) to work on /home/airflow/.local/lib/python3.12/site-packages/airflow/example_dags/example_bash_decorator.py
[2026-04-26T03:29:51.510+0000] {processor.py:830} INFO - Processing file /home/airflow/.local/lib/python3.12/site-packages/airflow/example_dags/example_bash_decorator.py for tasks to queue
[2026-04-26T03:29:51.512+0000] {logging_mixin.py:188} INFO - [2026-04-26T03:29:51.512+0000] {dagbag.py:545} INFO - Filling up the DagBag from /home/airflow/.local/lib/python3.12/site-packages/airflow/example_dags/example_bash_decorator.py
[2026-04-26T03:29:51.526+0000] {processor.py:840} INFO - DAG(s) 'example_bash_decorator' retrieved from /home/airflow/.local/lib/python3.12/site-packages/airflow/example_dags/example_bash_decorator.py
[2026-04-26T03:29:51.554+0000] {logging_mixin.py:188} INFO - [2026-04-26T03:29:51.553+0000] {dag.py:3096} INFO - Sync 1 DAGs
[2026-04-26T03:29:51.567+0000] {logging_mixin.py:188} INFO - [2026-04-26T03:29:51.567+0000] {dag.py:3954} INFO - Setting next_dagrun for example_bash_decorator to None, run_after=None
[2026-04-26T03:29:51.584+0000] {processor.py:183} INFO - Processing /home/airflow/.local/lib/python3.12/site-packages/airflow/example_dags/example_bash_decorator.py took 0.081 seconds
