[2026-04-26T03:27:44.897+0000] {processor.py:161} INFO - Started process (PID=57) to work on /home/airflow/.local/lib/python3.12/site-packages/airflow/example_dags/example_datasets.py
[2026-04-26T03:27:44.898+0000] {processor.py:830} INFO - Processing file /home/airflow/.local/lib/python3.12/site-packages/airflow/example_dags/example_datasets.py for tasks to queue
[2026-04-26T03:27:44.903+0000] {logging_mixin.py:188} INFO - [2026-04-26T03:27:44.903+0000] {dagbag.py:545} INFO - Filling up the DagBag from /home/airflow/.local/lib/python3.12/site-packages/airflow/example_dags/example_datasets.py
[2026-04-26T03:27:44.953+0000] {processor.py:840} INFO - DAG(s) 'dataset_consumes_1_and_2', 'dataset_consumes_1', 'dataset_produces_1', 'consume_1_and_2_with_dataset_expressions', 'consume_1_or_both_2_and_3_with_dataset_expressions', 'dataset_produces_2', 'consume_1_or_2_with_dataset_expressions', 'conditional_dataset_and_time_based_timetable', 'dataset_consumes_1_never_scheduled', 'dataset_consumes_unknown_never_scheduled' retrieved from /home/airflow/.local/lib/python3.12/site-packages/airflow/example_dags/example_datasets.py
[2026-04-26T03:27:45.047+0000] {logging_mixin.py:188} INFO - [2026-04-26T03:27:45.047+0000] {dag.py:3096} INFO - Sync 10 DAGs
[2026-04-26T03:27:45.079+0000] {logging_mixin.py:188} INFO - [2026-04-26T03:27:45.078+0000] {dag.py:3954} INFO - Setting next_dagrun for conditional_dataset_and_time_based_timetable to 2026-04-22 01:00:00+00:00, run_after=2026-04-22 01:00:00+00:00
[2026-04-26T03:27:45.082+0000] {logging_mixin.py:188} INFO - [2026-04-26T03:27:45.082+0000] {dag.py:3954} INFO - Setting next_dagrun for consume_1_and_2_with_dataset_expressions to None, run_after=None
[2026-04-26T03:27:45.084+0000] {logging_mixin.py:188} INFO - [2026-04-26T03:27:45.083+0000] {dag.py:3954} INFO - Setting next_dagrun for consume_1_or_2_with_dataset_expressions to None, run_after=None
[2026-04-26T03:27:45.085+0000] {logging_mixin.py:188} INFO - [2026-04-26T03:27:45.085+0000] {dag.py:3954} INFO - Setting next_dagrun for consume_1_or_both_2_and_3_with_dataset_expressions to None, run_after=None
[2026-04-26T03:27:45.086+0000] {logging_mixin.py:188} INFO - [2026-04-26T03:27:45.086+0000] {dag.py:3954} INFO - Setting next_dagrun for dataset_consumes_1 to None, run_after=None
[2026-04-26T03:27:45.088+0000] {logging_mixin.py:188} INFO - [2026-04-26T03:27:45.087+0000] {dag.py:3954} INFO - Setting next_dagrun for dataset_consumes_1_and_2 to None, run_after=None
[2026-04-26T03:27:45.089+0000] {logging_mixin.py:188} INFO - [2026-04-26T03:27:45.089+0000] {dag.py:3954} INFO - Setting next_dagrun for dataset_consumes_1_never_scheduled to None, run_after=None
[2026-04-26T03:27:45.091+0000] {logging_mixin.py:188} INFO - [2026-04-26T03:27:45.091+0000] {dag.py:3954} INFO - Setting next_dagrun for dataset_consumes_unknown_never_scheduled to None, run_after=None
[2026-04-26T03:27:45.096+0000] {logging_mixin.py:188} INFO - [2026-04-26T03:27:45.096+0000] {dag.py:3954} INFO - Setting next_dagrun for dataset_produces_1 to 2026-04-25 00:00:00+00:00, run_after=2026-04-26 00:00:00+00:00
[2026-04-26T03:27:45.098+0000] {logging_mixin.py:188} INFO - [2026-04-26T03:27:45.097+0000] {dag.py:3954} INFO - Setting next_dagrun for dataset_produces_2 to None, run_after=None
[2026-04-26T03:27:45.154+0000] {processor.py:183} INFO - Processing /home/airflow/.local/lib/python3.12/site-packages/airflow/example_dags/example_datasets.py took 0.266 seconds
[2026-04-26T03:28:15.242+0000] {processor.py:161} INFO - Started process (PID=114) to work on /home/airflow/.local/lib/python3.12/site-packages/airflow/example_dags/example_datasets.py
[2026-04-26T03:28:15.243+0000] {processor.py:830} INFO - Processing file /home/airflow/.local/lib/python3.12/site-packages/airflow/example_dags/example_datasets.py for tasks to queue
[2026-04-26T03:28:15.245+0000] {logging_mixin.py:188} INFO - [2026-04-26T03:28:15.244+0000] {dagbag.py:545} INFO - Filling up the DagBag from /home/airflow/.local/lib/python3.12/site-packages/airflow/example_dags/example_datasets.py
[2026-04-26T03:28:15.260+0000] {processor.py:840} INFO - DAG(s) 'dataset_produces_2', 'dataset_produces_1', 'consume_1_or_2_with_dataset_expressions', 'dataset_consumes_1_and_2', 'consume_1_or_both_2_and_3_with_dataset_expressions', 'dataset_consumes_unknown_never_scheduled', 'dataset_consumes_1_never_scheduled', 'dataset_consumes_1', 'consume_1_and_2_with_dataset_expressions', 'conditional_dataset_and_time_based_timetable' retrieved from /home/airflow/.local/lib/python3.12/site-packages/airflow/example_dags/example_datasets.py
[2026-04-26T03:28:15.299+0000] {logging_mixin.py:188} INFO - [2026-04-26T03:28:15.298+0000] {dag.py:3096} INFO - Sync 10 DAGs
[2026-04-26T03:28:15.320+0000] {logging_mixin.py:188} INFO - [2026-04-26T03:28:15.320+0000] {dag.py:3954} INFO - Setting next_dagrun for conditional_dataset_and_time_based_timetable to 2026-04-22 01:00:00+00:00, run_after=2026-04-22 01:00:00+00:00
[2026-04-26T03:28:15.323+0000] {logging_mixin.py:188} INFO - [2026-04-26T03:28:15.323+0000] {dag.py:3954} INFO - Setting next_dagrun for consume_1_and_2_with_dataset_expressions to None, run_after=None
[2026-04-26T03:28:15.324+0000] {logging_mixin.py:188} INFO - [2026-04-26T03:28:15.324+0000] {dag.py:3954} INFO - Setting next_dagrun for consume_1_or_2_with_dataset_expressions to None, run_after=None
[2026-04-26T03:28:15.325+0000] {logging_mixin.py:188} INFO - [2026-04-26T03:28:15.325+0000] {dag.py:3954} INFO - Setting next_dagrun for consume_1_or_both_2_and_3_with_dataset_expressions to None, run_after=None
[2026-04-26T03:28:15.326+0000] {logging_mixin.py:188} INFO - [2026-04-26T03:28:15.326+0000] {dag.py:3954} INFO - Setting next_dagrun for dataset_consumes_1 to None, run_after=None
[2026-04-26T03:28:15.327+0000] {logging_mixin.py:188} INFO - [2026-04-26T03:28:15.326+0000] {dag.py:3954} INFO - Setting next_dagrun for dataset_consumes_1_and_2 to None, run_after=None
[2026-04-26T03:28:15.328+0000] {logging_mixin.py:188} INFO - [2026-04-26T03:28:15.327+0000] {dag.py:3954} INFO - Setting next_dagrun for dataset_consumes_1_never_scheduled to None, run_after=None
[2026-04-26T03:28:15.328+0000] {logging_mixin.py:188} INFO - [2026-04-26T03:28:15.328+0000] {dag.py:3954} INFO - Setting next_dagrun for dataset_consumes_unknown_never_scheduled to None, run_after=None
[2026-04-26T03:28:15.330+0000] {logging_mixin.py:188} INFO - [2026-04-26T03:28:15.330+0000] {dag.py:3954} INFO - Setting next_dagrun for dataset_produces_1 to 2026-04-25 00:00:00+00:00, run_after=2026-04-26 00:00:00+00:00
[2026-04-26T03:28:15.331+0000] {logging_mixin.py:188} INFO - [2026-04-26T03:28:15.331+0000] {dag.py:3954} INFO - Setting next_dagrun for dataset_produces_2 to None, run_after=None
[2026-04-26T03:28:15.357+0000] {processor.py:183} INFO - Processing /home/airflow/.local/lib/python3.12/site-packages/airflow/example_dags/example_datasets.py took 0.121 seconds
