[2026-04-26T03:27:51.136+0000] {processor.py:161} INFO - Started process (PID=101) to work on /home/airflow/.local/lib/python3.12/site-packages/airflow/example_dags/example_complex.py
[2026-04-26T03:27:51.137+0000] {processor.py:830} INFO - Processing file /home/airflow/.local/lib/python3.12/site-packages/airflow/example_dags/example_complex.py for tasks to queue
[2026-04-26T03:27:51.138+0000] {logging_mixin.py:188} INFO - [2026-04-26T03:27:51.138+0000] {dagbag.py:545} INFO - Filling up the DagBag from /home/airflow/.local/lib/python3.12/site-packages/airflow/example_dags/example_complex.py
[2026-04-26T03:27:51.151+0000] {processor.py:840} INFO - DAG(s) 'example_complex' retrieved from /home/airflow/.local/lib/python3.12/site-packages/airflow/example_dags/example_complex.py
[2026-04-26T03:27:51.187+0000] {logging_mixin.py:188} INFO - [2026-04-26T03:27:51.187+0000] {dag.py:3096} INFO - Sync 1 DAGs
[2026-04-26T03:27:51.202+0000] {logging_mixin.py:188} INFO - [2026-04-26T03:27:51.202+0000] {dag.py:3954} INFO - Setting next_dagrun for example_complex to None, run_after=None
[2026-04-26T03:27:51.221+0000] {processor.py:183} INFO - Processing /home/airflow/.local/lib/python3.12/site-packages/airflow/example_dags/example_complex.py took 0.091 seconds
[2026-04-26T03:28:21.631+0000] {processor.py:161} INFO - Started process (PID=158) to work on /home/airflow/.local/lib/python3.12/site-packages/airflow/example_dags/example_complex.py
[2026-04-26T03:28:21.632+0000] {processor.py:830} INFO - Processing file /home/airflow/.local/lib/python3.12/site-packages/airflow/example_dags/example_complex.py for tasks to queue
[2026-04-26T03:28:21.634+0000] {logging_mixin.py:188} INFO - [2026-04-26T03:28:21.634+0000] {dagbag.py:545} INFO - Filling up the DagBag from /home/airflow/.local/lib/python3.12/site-packages/airflow/example_dags/example_complex.py
[2026-04-26T03:28:21.649+0000] {processor.py:840} INFO - DAG(s) 'example_complex' retrieved from /home/airflow/.local/lib/python3.12/site-packages/airflow/example_dags/example_complex.py
[2026-04-26T03:28:21.686+0000] {logging_mixin.py:188} INFO - [2026-04-26T03:28:21.686+0000] {dag.py:3096} INFO - Sync 1 DAGs
[2026-04-26T03:28:21.700+0000] {logging_mixin.py:188} INFO - [2026-04-26T03:28:21.700+0000] {dag.py:3954} INFO - Setting next_dagrun for example_complex to None, run_after=None
[2026-04-26T03:28:21.715+0000] {processor.py:183} INFO - Processing /home/airflow/.local/lib/python3.12/site-packages/airflow/example_dags/example_complex.py took 0.090 seconds
[2026-04-26T03:28:51.814+0000] {processor.py:161} INFO - Started process (PID=217) to work on /home/airflow/.local/lib/python3.12/site-packages/airflow/example_dags/example_complex.py
[2026-04-26T03:28:51.814+0000] {processor.py:830} INFO - Processing file /home/airflow/.local/lib/python3.12/site-packages/airflow/example_dags/example_complex.py for tasks to queue
[2026-04-26T03:28:51.816+0000] {logging_mixin.py:188} INFO - [2026-04-26T03:28:51.816+0000] {dagbag.py:545} INFO - Filling up the DagBag from /home/airflow/.local/lib/python3.12/site-packages/airflow/example_dags/example_complex.py
[2026-04-26T03:28:51.827+0000] {processor.py:840} INFO - DAG(s) 'example_complex' retrieved from /home/airflow/.local/lib/python3.12/site-packages/airflow/example_dags/example_complex.py
[2026-04-26T03:28:51.861+0000] {logging_mixin.py:188} INFO - [2026-04-26T03:28:51.861+0000] {dag.py:3096} INFO - Sync 1 DAGs
[2026-04-26T03:28:51.874+0000] {logging_mixin.py:188} INFO - [2026-04-26T03:28:51.874+0000] {dag.py:3954} INFO - Setting next_dagrun for example_complex to None, run_after=None
[2026-04-26T03:28:51.892+0000] {processor.py:183} INFO - Processing /home/airflow/.local/lib/python3.12/site-packages/airflow/example_dags/example_complex.py took 0.083 seconds
[2026-04-26T03:29:22.147+0000] {processor.py:161} INFO - Started process (PID=274) to work on /home/airflow/.local/lib/python3.12/site-packages/airflow/example_dags/example_complex.py
[2026-04-26T03:29:22.148+0000] {processor.py:830} INFO - Processing file /home/airflow/.local/lib/python3.12/site-packages/airflow/example_dags/example_complex.py for tasks to queue
[2026-04-26T03:29:22.151+0000] {logging_mixin.py:188} INFO - [2026-04-26T03:29:22.150+0000] {dagbag.py:545} INFO - Filling up the DagBag from /home/airflow/.local/lib/python3.12/site-packages/airflow/example_dags/example_complex.py
[2026-04-26T03:29:22.167+0000] {processor.py:840} INFO - DAG(s) 'example_complex' retrieved from /home/airflow/.local/lib/python3.12/site-packages/airflow/example_dags/example_complex.py
[2026-04-26T03:29:22.212+0000] {logging_mixin.py:188} INFO - [2026-04-26T03:29:22.212+0000] {dag.py:3096} INFO - Sync 1 DAGs
[2026-04-26T03:29:22.238+0000] {logging_mixin.py:188} INFO - [2026-04-26T03:29:22.238+0000] {dag.py:3954} INFO - Setting next_dagrun for example_complex to None, run_after=None
[2026-04-26T03:29:22.260+0000] {processor.py:183} INFO - Processing /home/airflow/.local/lib/python3.12/site-packages/airflow/example_dags/example_complex.py took 0.120 seconds
[2026-04-26T03:29:52.308+0000] {processor.py:161} INFO - Started process (PID=332) to work on /home/airflow/.local/lib/python3.12/site-packages/airflow/example_dags/example_complex.py
[2026-04-26T03:29:52.308+0000] {processor.py:830} INFO - Processing file /home/airflow/.local/lib/python3.12/site-packages/airflow/example_dags/example_complex.py for tasks to queue
[2026-04-26T03:29:52.309+0000] {logging_mixin.py:188} INFO - [2026-04-26T03:29:52.309+0000] {dagbag.py:545} INFO - Filling up the DagBag from /home/airflow/.local/lib/python3.12/site-packages/airflow/example_dags/example_complex.py
[2026-04-26T03:29:52.322+0000] {processor.py:840} INFO - DAG(s) 'example_complex' retrieved from /home/airflow/.local/lib/python3.12/site-packages/airflow/example_dags/example_complex.py
[2026-04-26T03:29:52.363+0000] {logging_mixin.py:188} INFO - [2026-04-26T03:29:52.363+0000] {dag.py:3096} INFO - Sync 1 DAGs
[2026-04-26T03:29:52.379+0000] {logging_mixin.py:188} INFO - [2026-04-26T03:29:52.379+0000] {dag.py:3954} INFO - Setting next_dagrun for example_complex to None, run_after=None
[2026-04-26T03:29:52.401+0000] {processor.py:183} INFO - Processing /home/airflow/.local/lib/python3.12/site-packages/airflow/example_dags/example_complex.py took 0.098 seconds
