[2026-04-26T03:27:50.557+0000] {processor.py:161} INFO - Started process (PID=93) to work on /home/airflow/.local/lib/python3.12/site-packages/airflow/example_dags/example_nested_branch_dag.py
[2026-04-26T03:27:50.558+0000] {processor.py:830} INFO - Processing file /home/airflow/.local/lib/python3.12/site-packages/airflow/example_dags/example_nested_branch_dag.py for tasks to queue
[2026-04-26T03:27:50.560+0000] {logging_mixin.py:188} INFO - [2026-04-26T03:27:50.560+0000] {dagbag.py:545} INFO - Filling up the DagBag from /home/airflow/.local/lib/python3.12/site-packages/airflow/example_dags/example_nested_branch_dag.py
[2026-04-26T03:27:50.575+0000] {processor.py:840} INFO - DAG(s) 'example_nested_branch_dag' retrieved from /home/airflow/.local/lib/python3.12/site-packages/airflow/example_dags/example_nested_branch_dag.py
[2026-04-26T03:27:50.642+0000] {logging_mixin.py:188} INFO - [2026-04-26T03:27:50.642+0000] {dag.py:3096} INFO - Sync 1 DAGs
[2026-04-26T03:27:50.675+0000] {logging_mixin.py:188} INFO - [2026-04-26T03:27:50.675+0000] {dag.py:3954} INFO - Setting next_dagrun for example_nested_branch_dag to 2026-04-25 00:00:00+00:00, run_after=2026-04-26 00:00:00+00:00
[2026-04-26T03:27:50.705+0000] {processor.py:183} INFO - Processing /home/airflow/.local/lib/python3.12/site-packages/airflow/example_dags/example_nested_branch_dag.py took 0.156 seconds
[2026-04-26T03:28:21.185+0000] {processor.py:161} INFO - Started process (PID=150) to work on /home/airflow/.local/lib/python3.12/site-packages/airflow/example_dags/example_nested_branch_dag.py
[2026-04-26T03:28:21.186+0000] {processor.py:830} INFO - Processing file /home/airflow/.local/lib/python3.12/site-packages/airflow/example_dags/example_nested_branch_dag.py for tasks to queue
[2026-04-26T03:28:21.187+0000] {logging_mixin.py:188} INFO - [2026-04-26T03:28:21.187+0000] {dagbag.py:545} INFO - Filling up the DagBag from /home/airflow/.local/lib/python3.12/site-packages/airflow/example_dags/example_nested_branch_dag.py
[2026-04-26T03:28:21.199+0000] {processor.py:840} INFO - DAG(s) 'example_nested_branch_dag' retrieved from /home/airflow/.local/lib/python3.12/site-packages/airflow/example_dags/example_nested_branch_dag.py
[2026-04-26T03:28:21.221+0000] {logging_mixin.py:188} INFO - [2026-04-26T03:28:21.221+0000] {dag.py:3096} INFO - Sync 1 DAGs
[2026-04-26T03:28:21.247+0000] {logging_mixin.py:188} INFO - [2026-04-26T03:28:21.247+0000] {dag.py:3954} INFO - Setting next_dagrun for example_nested_branch_dag to 2026-04-25 00:00:00+00:00, run_after=2026-04-26 00:00:00+00:00
[2026-04-26T03:28:21.267+0000] {processor.py:183} INFO - Processing /home/airflow/.local/lib/python3.12/site-packages/airflow/example_dags/example_nested_branch_dag.py took 0.088 seconds
[2026-04-26T03:28:51.350+0000] {processor.py:161} INFO - Started process (PID=208) to work on /home/airflow/.local/lib/python3.12/site-packages/airflow/example_dags/example_nested_branch_dag.py
[2026-04-26T03:28:51.351+0000] {processor.py:830} INFO - Processing file /home/airflow/.local/lib/python3.12/site-packages/airflow/example_dags/example_nested_branch_dag.py for tasks to queue
[2026-04-26T03:28:51.352+0000] {logging_mixin.py:188} INFO - [2026-04-26T03:28:51.352+0000] {dagbag.py:545} INFO - Filling up the DagBag from /home/airflow/.local/lib/python3.12/site-packages/airflow/example_dags/example_nested_branch_dag.py
[2026-04-26T03:28:51.360+0000] {processor.py:840} INFO - DAG(s) 'example_nested_branch_dag' retrieved from /home/airflow/.local/lib/python3.12/site-packages/airflow/example_dags/example_nested_branch_dag.py
[2026-04-26T03:28:51.384+0000] {logging_mixin.py:188} INFO - [2026-04-26T03:28:51.384+0000] {dag.py:3096} INFO - Sync 1 DAGs
[2026-04-26T03:28:51.412+0000] {logging_mixin.py:188} INFO - [2026-04-26T03:28:51.412+0000] {dag.py:3954} INFO - Setting next_dagrun for example_nested_branch_dag to 2026-04-25 00:00:00+00:00, run_after=2026-04-26 00:00:00+00:00
[2026-04-26T03:28:51.433+0000] {processor.py:183} INFO - Processing /home/airflow/.local/lib/python3.12/site-packages/airflow/example_dags/example_nested_branch_dag.py took 0.088 seconds
[2026-04-26T03:29:21.471+0000] {processor.py:161} INFO - Started process (PID=265) to work on /home/airflow/.local/lib/python3.12/site-packages/airflow/example_dags/example_nested_branch_dag.py
[2026-04-26T03:29:21.472+0000] {processor.py:830} INFO - Processing file /home/airflow/.local/lib/python3.12/site-packages/airflow/example_dags/example_nested_branch_dag.py for tasks to queue
[2026-04-26T03:29:21.474+0000] {logging_mixin.py:188} INFO - [2026-04-26T03:29:21.473+0000] {dagbag.py:545} INFO - Filling up the DagBag from /home/airflow/.local/lib/python3.12/site-packages/airflow/example_dags/example_nested_branch_dag.py
[2026-04-26T03:29:21.486+0000] {processor.py:840} INFO - DAG(s) 'example_nested_branch_dag' retrieved from /home/airflow/.local/lib/python3.12/site-packages/airflow/example_dags/example_nested_branch_dag.py
[2026-04-26T03:29:21.510+0000] {logging_mixin.py:188} INFO - [2026-04-26T03:29:21.510+0000] {dag.py:3096} INFO - Sync 1 DAGs
[2026-04-26T03:29:21.538+0000] {logging_mixin.py:188} INFO - [2026-04-26T03:29:21.538+0000] {dag.py:3954} INFO - Setting next_dagrun for example_nested_branch_dag to 2026-04-25 00:00:00+00:00, run_after=2026-04-26 00:00:00+00:00
[2026-04-26T03:29:21.561+0000] {processor.py:183} INFO - Processing /home/airflow/.local/lib/python3.12/site-packages/airflow/example_dags/example_nested_branch_dag.py took 0.096 seconds
[2026-04-26T03:29:51.610+0000] {processor.py:161} INFO - Started process (PID=322) to work on /home/airflow/.local/lib/python3.12/site-packages/airflow/example_dags/example_nested_branch_dag.py
[2026-04-26T03:29:51.610+0000] {processor.py:830} INFO - Processing file /home/airflow/.local/lib/python3.12/site-packages/airflow/example_dags/example_nested_branch_dag.py for tasks to queue
[2026-04-26T03:29:51.612+0000] {logging_mixin.py:188} INFO - [2026-04-26T03:29:51.612+0000] {dagbag.py:545} INFO - Filling up the DagBag from /home/airflow/.local/lib/python3.12/site-packages/airflow/example_dags/example_nested_branch_dag.py
[2026-04-26T03:29:51.620+0000] {processor.py:840} INFO - DAG(s) 'example_nested_branch_dag' retrieved from /home/airflow/.local/lib/python3.12/site-packages/airflow/example_dags/example_nested_branch_dag.py
[2026-04-26T03:29:51.638+0000] {logging_mixin.py:188} INFO - [2026-04-26T03:29:51.638+0000] {dag.py:3096} INFO - Sync 1 DAGs
[2026-04-26T03:29:51.660+0000] {logging_mixin.py:188} INFO - [2026-04-26T03:29:51.659+0000] {dag.py:3954} INFO - Setting next_dagrun for example_nested_branch_dag to 2026-04-25 00:00:00+00:00, run_after=2026-04-26 00:00:00+00:00
[2026-04-26T03:29:51.676+0000] {processor.py:183} INFO - Processing /home/airflow/.local/lib/python3.12/site-packages/airflow/example_dags/example_nested_branch_dag.py took 0.072 seconds
