[2026-04-26T03:27:50.643+0000] {processor.py:161} INFO - Started process (PID=94) to work on /home/airflow/.local/lib/python3.12/site-packages/airflow/example_dags/example_branch_labels.py
[2026-04-26T03:27:50.649+0000] {processor.py:830} INFO - Processing file /home/airflow/.local/lib/python3.12/site-packages/airflow/example_dags/example_branch_labels.py for tasks to queue
[2026-04-26T03:27:50.652+0000] {logging_mixin.py:188} INFO - [2026-04-26T03:27:50.651+0000] {dagbag.py:545} INFO - Filling up the DagBag from /home/airflow/.local/lib/python3.12/site-packages/airflow/example_dags/example_branch_labels.py
[2026-04-26T03:27:50.662+0000] {processor.py:840} INFO - DAG(s) 'example_branch_labels' retrieved from /home/airflow/.local/lib/python3.12/site-packages/airflow/example_dags/example_branch_labels.py
[2026-04-26T03:27:50.711+0000] {logging_mixin.py:188} INFO - [2026-04-26T03:27:50.710+0000] {dag.py:3096} INFO - Sync 1 DAGs
[2026-04-26T03:27:50.769+0000] {logging_mixin.py:188} INFO - [2026-04-26T03:27:50.769+0000] {dag.py:3954} INFO - Setting next_dagrun for example_branch_labels to 2026-04-25 00:00:00+00:00, run_after=2026-04-26 00:00:00+00:00
[2026-04-26T03:27:50.793+0000] {processor.py:183} INFO - Processing /home/airflow/.local/lib/python3.12/site-packages/airflow/example_dags/example_branch_labels.py took 0.164 seconds
[2026-04-26T03:28:21.293+0000] {processor.py:161} INFO - Started process (PID=151) to work on /home/airflow/.local/lib/python3.12/site-packages/airflow/example_dags/example_branch_labels.py
[2026-04-26T03:28:21.294+0000] {processor.py:830} INFO - Processing file /home/airflow/.local/lib/python3.12/site-packages/airflow/example_dags/example_branch_labels.py for tasks to queue
[2026-04-26T03:28:21.295+0000] {logging_mixin.py:188} INFO - [2026-04-26T03:28:21.295+0000] {dagbag.py:545} INFO - Filling up the DagBag from /home/airflow/.local/lib/python3.12/site-packages/airflow/example_dags/example_branch_labels.py
[2026-04-26T03:28:21.304+0000] {processor.py:840} INFO - DAG(s) 'example_branch_labels' retrieved from /home/airflow/.local/lib/python3.12/site-packages/airflow/example_dags/example_branch_labels.py
[2026-04-26T03:28:21.323+0000] {logging_mixin.py:188} INFO - [2026-04-26T03:28:21.322+0000] {dag.py:3096} INFO - Sync 1 DAGs
[2026-04-26T03:28:21.343+0000] {logging_mixin.py:188} INFO - [2026-04-26T03:28:21.342+0000] {dag.py:3954} INFO - Setting next_dagrun for example_branch_labels to 2026-04-25 00:00:00+00:00, run_after=2026-04-26 00:00:00+00:00
[2026-04-26T03:28:21.358+0000] {processor.py:183} INFO - Processing /home/airflow/.local/lib/python3.12/site-packages/airflow/example_dags/example_branch_labels.py took 0.071 seconds
[2026-04-26T03:28:51.463+0000] {processor.py:161} INFO - Started process (PID=209) to work on /home/airflow/.local/lib/python3.12/site-packages/airflow/example_dags/example_branch_labels.py
[2026-04-26T03:28:51.464+0000] {processor.py:830} INFO - Processing file /home/airflow/.local/lib/python3.12/site-packages/airflow/example_dags/example_branch_labels.py for tasks to queue
[2026-04-26T03:28:51.465+0000] {logging_mixin.py:188} INFO - [2026-04-26T03:28:51.465+0000] {dagbag.py:545} INFO - Filling up the DagBag from /home/airflow/.local/lib/python3.12/site-packages/airflow/example_dags/example_branch_labels.py
[2026-04-26T03:28:51.471+0000] {processor.py:840} INFO - DAG(s) 'example_branch_labels' retrieved from /home/airflow/.local/lib/python3.12/site-packages/airflow/example_dags/example_branch_labels.py
[2026-04-26T03:28:51.489+0000] {logging_mixin.py:188} INFO - [2026-04-26T03:28:51.488+0000] {dag.py:3096} INFO - Sync 1 DAGs
[2026-04-26T03:28:51.507+0000] {logging_mixin.py:188} INFO - [2026-04-26T03:28:51.507+0000] {dag.py:3954} INFO - Setting next_dagrun for example_branch_labels to 2026-04-25 00:00:00+00:00, run_after=2026-04-26 00:00:00+00:00
[2026-04-26T03:28:51.522+0000] {processor.py:183} INFO - Processing /home/airflow/.local/lib/python3.12/site-packages/airflow/example_dags/example_branch_labels.py took 0.064 seconds
[2026-04-26T03:29:21.631+0000] {processor.py:161} INFO - Started process (PID=267) to work on /home/airflow/.local/lib/python3.12/site-packages/airflow/example_dags/example_branch_labels.py
[2026-04-26T03:29:21.631+0000] {processor.py:830} INFO - Processing file /home/airflow/.local/lib/python3.12/site-packages/airflow/example_dags/example_branch_labels.py for tasks to queue
[2026-04-26T03:29:21.633+0000] {logging_mixin.py:188} INFO - [2026-04-26T03:29:21.633+0000] {dagbag.py:545} INFO - Filling up the DagBag from /home/airflow/.local/lib/python3.12/site-packages/airflow/example_dags/example_branch_labels.py
[2026-04-26T03:29:21.641+0000] {processor.py:840} INFO - DAG(s) 'example_branch_labels' retrieved from /home/airflow/.local/lib/python3.12/site-packages/airflow/example_dags/example_branch_labels.py
[2026-04-26T03:29:21.664+0000] {logging_mixin.py:188} INFO - [2026-04-26T03:29:21.664+0000] {dag.py:3096} INFO - Sync 1 DAGs
[2026-04-26T03:29:21.685+0000] {logging_mixin.py:188} INFO - [2026-04-26T03:29:21.685+0000] {dag.py:3954} INFO - Setting next_dagrun for example_branch_labels to 2026-04-25 00:00:00+00:00, run_after=2026-04-26 00:00:00+00:00
[2026-04-26T03:29:21.701+0000] {processor.py:183} INFO - Processing /home/airflow/.local/lib/python3.12/site-packages/airflow/example_dags/example_branch_labels.py took 0.076 seconds
[2026-04-26T03:29:51.948+0000] {processor.py:161} INFO - Started process (PID=325) to work on /home/airflow/.local/lib/python3.12/site-packages/airflow/example_dags/example_branch_labels.py
[2026-04-26T03:29:51.948+0000] {processor.py:830} INFO - Processing file /home/airflow/.local/lib/python3.12/site-packages/airflow/example_dags/example_branch_labels.py for tasks to queue
[2026-04-26T03:29:51.950+0000] {logging_mixin.py:188} INFO - [2026-04-26T03:29:51.949+0000] {dagbag.py:545} INFO - Filling up the DagBag from /home/airflow/.local/lib/python3.12/site-packages/airflow/example_dags/example_branch_labels.py
[2026-04-26T03:29:51.956+0000] {processor.py:840} INFO - DAG(s) 'example_branch_labels' retrieved from /home/airflow/.local/lib/python3.12/site-packages/airflow/example_dags/example_branch_labels.py
[2026-04-26T03:29:51.974+0000] {logging_mixin.py:188} INFO - [2026-04-26T03:29:51.974+0000] {dag.py:3096} INFO - Sync 1 DAGs
[2026-04-26T03:29:51.999+0000] {logging_mixin.py:188} INFO - [2026-04-26T03:29:51.999+0000] {dag.py:3954} INFO - Setting next_dagrun for example_branch_labels to 2026-04-25 00:00:00+00:00, run_after=2026-04-26 00:00:00+00:00
[2026-04-26T03:29:52.016+0000] {processor.py:183} INFO - Processing /home/airflow/.local/lib/python3.12/site-packages/airflow/example_dags/example_branch_labels.py took 0.073 seconds
