[2026-04-26T03:27:47.920+0000] {processor.py:161} INFO - Started process (PID=76) to work on /home/airflow/.local/lib/python3.12/site-packages/airflow/example_dags/example_setup_teardown.py
[2026-04-26T03:27:47.920+0000] {processor.py:830} INFO - Processing file /home/airflow/.local/lib/python3.12/site-packages/airflow/example_dags/example_setup_teardown.py for tasks to queue
[2026-04-26T03:27:47.922+0000] {logging_mixin.py:188} INFO - [2026-04-26T03:27:47.922+0000] {dagbag.py:545} INFO - Filling up the DagBag from /home/airflow/.local/lib/python3.12/site-packages/airflow/example_dags/example_setup_teardown.py
[2026-04-26T03:27:47.935+0000] {processor.py:840} INFO - DAG(s) 'example_setup_teardown' retrieved from /home/airflow/.local/lib/python3.12/site-packages/airflow/example_dags/example_setup_teardown.py
[2026-04-26T03:27:47.967+0000] {logging_mixin.py:188} INFO - [2026-04-26T03:27:47.967+0000] {dag.py:3096} INFO - Sync 1 DAGs
[2026-04-26T03:27:47.995+0000] {logging_mixin.py:188} INFO - [2026-04-26T03:27:47.995+0000] {dag.py:3954} INFO - Setting next_dagrun for example_setup_teardown to 2026-04-25 00:00:00+00:00, run_after=2026-04-26 00:00:00+00:00
[2026-04-26T03:27:48.024+0000] {processor.py:183} INFO - Processing /home/airflow/.local/lib/python3.12/site-packages/airflow/example_dags/example_setup_teardown.py took 0.112 seconds
[2026-04-26T03:28:18.142+0000] {processor.py:161} INFO - Started process (PID=132) to work on /home/airflow/.local/lib/python3.12/site-packages/airflow/example_dags/example_setup_teardown.py
[2026-04-26T03:28:18.143+0000] {processor.py:830} INFO - Processing file /home/airflow/.local/lib/python3.12/site-packages/airflow/example_dags/example_setup_teardown.py for tasks to queue
[2026-04-26T03:28:18.144+0000] {logging_mixin.py:188} INFO - [2026-04-26T03:28:18.144+0000] {dagbag.py:545} INFO - Filling up the DagBag from /home/airflow/.local/lib/python3.12/site-packages/airflow/example_dags/example_setup_teardown.py
[2026-04-26T03:28:18.150+0000] {processor.py:840} INFO - DAG(s) 'example_setup_teardown' retrieved from /home/airflow/.local/lib/python3.12/site-packages/airflow/example_dags/example_setup_teardown.py
[2026-04-26T03:28:18.166+0000] {logging_mixin.py:188} INFO - [2026-04-26T03:28:18.166+0000] {dag.py:3096} INFO - Sync 1 DAGs
[2026-04-26T03:28:18.184+0000] {logging_mixin.py:188} INFO - [2026-04-26T03:28:18.184+0000] {dag.py:3954} INFO - Setting next_dagrun for example_setup_teardown to 2026-04-25 00:00:00+00:00, run_after=2026-04-26 00:00:00+00:00
[2026-04-26T03:28:18.197+0000] {processor.py:183} INFO - Processing /home/airflow/.local/lib/python3.12/site-packages/airflow/example_dags/example_setup_teardown.py took 0.060 seconds
[2026-04-26T03:28:49.294+0000] {processor.py:161} INFO - Started process (PID=191) to work on /home/airflow/.local/lib/python3.12/site-packages/airflow/example_dags/example_setup_teardown.py
[2026-04-26T03:28:49.294+0000] {processor.py:830} INFO - Processing file /home/airflow/.local/lib/python3.12/site-packages/airflow/example_dags/example_setup_teardown.py for tasks to queue
[2026-04-26T03:28:49.296+0000] {logging_mixin.py:188} INFO - [2026-04-26T03:28:49.296+0000] {dagbag.py:545} INFO - Filling up the DagBag from /home/airflow/.local/lib/python3.12/site-packages/airflow/example_dags/example_setup_teardown.py
[2026-04-26T03:28:49.301+0000] {processor.py:840} INFO - DAG(s) 'example_setup_teardown' retrieved from /home/airflow/.local/lib/python3.12/site-packages/airflow/example_dags/example_setup_teardown.py
[2026-04-26T03:28:49.321+0000] {logging_mixin.py:188} INFO - [2026-04-26T03:28:49.321+0000] {dag.py:3096} INFO - Sync 1 DAGs
[2026-04-26T03:28:49.346+0000] {logging_mixin.py:188} INFO - [2026-04-26T03:28:49.346+0000] {dag.py:3954} INFO - Setting next_dagrun for example_setup_teardown to 2026-04-25 00:00:00+00:00, run_after=2026-04-26 00:00:00+00:00
[2026-04-26T03:28:49.365+0000] {processor.py:183} INFO - Processing /home/airflow/.local/lib/python3.12/site-packages/airflow/example_dags/example_setup_teardown.py took 0.077 seconds
[2026-04-26T03:29:19.509+0000] {processor.py:161} INFO - Started process (PID=249) to work on /home/airflow/.local/lib/python3.12/site-packages/airflow/example_dags/example_setup_teardown.py
[2026-04-26T03:29:19.510+0000] {processor.py:830} INFO - Processing file /home/airflow/.local/lib/python3.12/site-packages/airflow/example_dags/example_setup_teardown.py for tasks to queue
[2026-04-26T03:29:19.512+0000] {logging_mixin.py:188} INFO - [2026-04-26T03:29:19.512+0000] {dagbag.py:545} INFO - Filling up the DagBag from /home/airflow/.local/lib/python3.12/site-packages/airflow/example_dags/example_setup_teardown.py
[2026-04-26T03:29:19.518+0000] {processor.py:840} INFO - DAG(s) 'example_setup_teardown' retrieved from /home/airflow/.local/lib/python3.12/site-packages/airflow/example_dags/example_setup_teardown.py
[2026-04-26T03:29:19.539+0000] {logging_mixin.py:188} INFO - [2026-04-26T03:29:19.539+0000] {dag.py:3096} INFO - Sync 1 DAGs
[2026-04-26T03:29:19.559+0000] {logging_mixin.py:188} INFO - [2026-04-26T03:29:19.559+0000] {dag.py:3954} INFO - Setting next_dagrun for example_setup_teardown to 2026-04-25 00:00:00+00:00, run_after=2026-04-26 00:00:00+00:00
[2026-04-26T03:29:19.575+0000] {processor.py:183} INFO - Processing /home/airflow/.local/lib/python3.12/site-packages/airflow/example_dags/example_setup_teardown.py took 0.071 seconds
[2026-04-26T03:29:49.810+0000] {processor.py:161} INFO - Started process (PID=307) to work on /home/airflow/.local/lib/python3.12/site-packages/airflow/example_dags/example_setup_teardown.py
[2026-04-26T03:29:49.811+0000] {processor.py:830} INFO - Processing file /home/airflow/.local/lib/python3.12/site-packages/airflow/example_dags/example_setup_teardown.py for tasks to queue
[2026-04-26T03:29:49.812+0000] {logging_mixin.py:188} INFO - [2026-04-26T03:29:49.812+0000] {dagbag.py:545} INFO - Filling up the DagBag from /home/airflow/.local/lib/python3.12/site-packages/airflow/example_dags/example_setup_teardown.py
[2026-04-26T03:29:49.817+0000] {processor.py:840} INFO - DAG(s) 'example_setup_teardown' retrieved from /home/airflow/.local/lib/python3.12/site-packages/airflow/example_dags/example_setup_teardown.py
[2026-04-26T03:29:49.838+0000] {logging_mixin.py:188} INFO - [2026-04-26T03:29:49.837+0000] {dag.py:3096} INFO - Sync 1 DAGs
[2026-04-26T03:29:49.859+0000] {logging_mixin.py:188} INFO - [2026-04-26T03:29:49.859+0000] {dag.py:3954} INFO - Setting next_dagrun for example_setup_teardown to 2026-04-25 00:00:00+00:00, run_after=2026-04-26 00:00:00+00:00
[2026-04-26T03:29:49.875+0000] {processor.py:183} INFO - Processing /home/airflow/.local/lib/python3.12/site-packages/airflow/example_dags/example_setup_teardown.py took 0.071 seconds
