[2026-04-26T03:27:51.037+0000] {processor.py:161} INFO - Started process (PID=99) to work on /home/airflow/.local/lib/python3.12/site-packages/airflow/example_dags/example_sensor_decorator.py
[2026-04-26T03:27:51.037+0000] {processor.py:830} INFO - Processing file /home/airflow/.local/lib/python3.12/site-packages/airflow/example_dags/example_sensor_decorator.py for tasks to queue
[2026-04-26T03:27:51.039+0000] {logging_mixin.py:188} INFO - [2026-04-26T03:27:51.039+0000] {dagbag.py:545} INFO - Filling up the DagBag from /home/airflow/.local/lib/python3.12/site-packages/airflow/example_dags/example_sensor_decorator.py
[2026-04-26T03:27:51.047+0000] {processor.py:840} INFO - DAG(s) 'example_sensor_decorator' retrieved from /home/airflow/.local/lib/python3.12/site-packages/airflow/example_dags/example_sensor_decorator.py
[2026-04-26T03:27:51.075+0000] {logging_mixin.py:188} INFO - [2026-04-26T03:27:51.075+0000] {dag.py:3096} INFO - Sync 1 DAGs
[2026-04-26T03:27:51.091+0000] {logging_mixin.py:188} INFO - [2026-04-26T03:27:51.090+0000] {dag.py:3954} INFO - Setting next_dagrun for example_sensor_decorator to None, run_after=None
[2026-04-26T03:27:51.111+0000] {processor.py:183} INFO - Processing /home/airflow/.local/lib/python3.12/site-packages/airflow/example_dags/example_sensor_decorator.py took 0.081 seconds
[2026-04-26T03:28:21.544+0000] {processor.py:161} INFO - Started process (PID=156) to work on /home/airflow/.local/lib/python3.12/site-packages/airflow/example_dags/example_sensor_decorator.py
[2026-04-26T03:28:21.545+0000] {processor.py:830} INFO - Processing file /home/airflow/.local/lib/python3.12/site-packages/airflow/example_dags/example_sensor_decorator.py for tasks to queue
[2026-04-26T03:28:21.546+0000] {logging_mixin.py:188} INFO - [2026-04-26T03:28:21.546+0000] {dagbag.py:545} INFO - Filling up the DagBag from /home/airflow/.local/lib/python3.12/site-packages/airflow/example_dags/example_sensor_decorator.py
[2026-04-26T03:28:21.551+0000] {processor.py:840} INFO - DAG(s) 'example_sensor_decorator' retrieved from /home/airflow/.local/lib/python3.12/site-packages/airflow/example_dags/example_sensor_decorator.py
[2026-04-26T03:28:21.569+0000] {logging_mixin.py:188} INFO - [2026-04-26T03:28:21.569+0000] {dag.py:3096} INFO - Sync 1 DAGs
[2026-04-26T03:28:21.580+0000] {logging_mixin.py:188} INFO - [2026-04-26T03:28:21.580+0000] {dag.py:3954} INFO - Setting next_dagrun for example_sensor_decorator to None, run_after=None
[2026-04-26T03:28:21.596+0000] {processor.py:183} INFO - Processing /home/airflow/.local/lib/python3.12/site-packages/airflow/example_dags/example_sensor_decorator.py took 0.057 seconds
[2026-04-26T03:28:51.716+0000] {processor.py:161} INFO - Started process (PID=214) to work on /home/airflow/.local/lib/python3.12/site-packages/airflow/example_dags/example_sensor_decorator.py
[2026-04-26T03:28:51.717+0000] {processor.py:830} INFO - Processing file /home/airflow/.local/lib/python3.12/site-packages/airflow/example_dags/example_sensor_decorator.py for tasks to queue
[2026-04-26T03:28:51.719+0000] {logging_mixin.py:188} INFO - [2026-04-26T03:28:51.718+0000] {dagbag.py:545} INFO - Filling up the DagBag from /home/airflow/.local/lib/python3.12/site-packages/airflow/example_dags/example_sensor_decorator.py
[2026-04-26T03:28:51.723+0000] {processor.py:840} INFO - DAG(s) 'example_sensor_decorator' retrieved from /home/airflow/.local/lib/python3.12/site-packages/airflow/example_dags/example_sensor_decorator.py
[2026-04-26T03:28:51.741+0000] {logging_mixin.py:188} INFO - [2026-04-26T03:28:51.741+0000] {dag.py:3096} INFO - Sync 1 DAGs
[2026-04-26T03:28:51.752+0000] {logging_mixin.py:188} INFO - [2026-04-26T03:28:51.752+0000] {dag.py:3954} INFO - Setting next_dagrun for example_sensor_decorator to None, run_after=None
[2026-04-26T03:28:51.769+0000] {processor.py:183} INFO - Processing /home/airflow/.local/lib/python3.12/site-packages/airflow/example_dags/example_sensor_decorator.py took 0.058 seconds
[2026-04-26T03:29:21.967+0000] {processor.py:161} INFO - Started process (PID=272) to work on /home/airflow/.local/lib/python3.12/site-packages/airflow/example_dags/example_sensor_decorator.py
[2026-04-26T03:29:21.968+0000] {processor.py:830} INFO - Processing file /home/airflow/.local/lib/python3.12/site-packages/airflow/example_dags/example_sensor_decorator.py for tasks to queue
[2026-04-26T03:29:21.970+0000] {logging_mixin.py:188} INFO - [2026-04-26T03:29:21.970+0000] {dagbag.py:545} INFO - Filling up the DagBag from /home/airflow/.local/lib/python3.12/site-packages/airflow/example_dags/example_sensor_decorator.py
[2026-04-26T03:29:21.976+0000] {processor.py:840} INFO - DAG(s) 'example_sensor_decorator' retrieved from /home/airflow/.local/lib/python3.12/site-packages/airflow/example_dags/example_sensor_decorator.py
[2026-04-26T03:29:21.993+0000] {logging_mixin.py:188} INFO - [2026-04-26T03:29:21.992+0000] {dag.py:3096} INFO - Sync 1 DAGs
[2026-04-26T03:29:22.005+0000] {logging_mixin.py:188} INFO - [2026-04-26T03:29:22.005+0000] {dag.py:3954} INFO - Setting next_dagrun for example_sensor_decorator to None, run_after=None
[2026-04-26T03:29:22.022+0000] {processor.py:183} INFO - Processing /home/airflow/.local/lib/python3.12/site-packages/airflow/example_dags/example_sensor_decorator.py took 0.063 seconds
[2026-04-26T03:29:52.228+0000] {processor.py:161} INFO - Started process (PID=330) to work on /home/airflow/.local/lib/python3.12/site-packages/airflow/example_dags/example_sensor_decorator.py
[2026-04-26T03:29:52.229+0000] {processor.py:830} INFO - Processing file /home/airflow/.local/lib/python3.12/site-packages/airflow/example_dags/example_sensor_decorator.py for tasks to queue
[2026-04-26T03:29:52.231+0000] {logging_mixin.py:188} INFO - [2026-04-26T03:29:52.230+0000] {dagbag.py:545} INFO - Filling up the DagBag from /home/airflow/.local/lib/python3.12/site-packages/airflow/example_dags/example_sensor_decorator.py
[2026-04-26T03:29:52.237+0000] {processor.py:840} INFO - DAG(s) 'example_sensor_decorator' retrieved from /home/airflow/.local/lib/python3.12/site-packages/airflow/example_dags/example_sensor_decorator.py
[2026-04-26T03:29:52.257+0000] {logging_mixin.py:188} INFO - [2026-04-26T03:29:52.256+0000] {dag.py:3096} INFO - Sync 1 DAGs
[2026-04-26T03:29:52.268+0000] {logging_mixin.py:188} INFO - [2026-04-26T03:29:52.268+0000] {dag.py:3954} INFO - Setting next_dagrun for example_sensor_decorator to None, run_after=None
[2026-04-26T03:29:52.284+0000] {processor.py:183} INFO - Processing /home/airflow/.local/lib/python3.12/site-packages/airflow/example_dags/example_sensor_decorator.py took 0.062 seconds
