[2026-04-26T03:27:50.980+0000] {processor.py:161} INFO - Started process (PID=98) to work on /home/airflow/.local/lib/python3.12/site-packages/airflow/example_dags/tutorial_dag.py
[2026-04-26T03:27:50.981+0000] {processor.py:830} INFO - Processing file /home/airflow/.local/lib/python3.12/site-packages/airflow/example_dags/tutorial_dag.py for tasks to queue
[2026-04-26T03:27:50.983+0000] {logging_mixin.py:188} INFO - [2026-04-26T03:27:50.983+0000] {dagbag.py:545} INFO - Filling up the DagBag from /home/airflow/.local/lib/python3.12/site-packages/airflow/example_dags/tutorial_dag.py
[2026-04-26T03:27:50.992+0000] {processor.py:840} INFO - DAG(s) 'tutorial_dag' retrieved from /home/airflow/.local/lib/python3.12/site-packages/airflow/example_dags/tutorial_dag.py
[2026-04-26T03:27:51.015+0000] {logging_mixin.py:188} INFO - [2026-04-26T03:27:51.015+0000] {dag.py:3096} INFO - Sync 1 DAGs
[2026-04-26T03:27:51.030+0000] {logging_mixin.py:188} INFO - [2026-04-26T03:27:51.029+0000] {dag.py:3954} INFO - Setting next_dagrun for tutorial_dag to None, run_after=None
[2026-04-26T03:27:51.053+0000] {processor.py:183} INFO - Processing /home/airflow/.local/lib/python3.12/site-packages/airflow/example_dags/tutorial_dag.py took 0.078 seconds
[2026-04-26T03:28:21.477+0000] {processor.py:161} INFO - Started process (PID=155) to work on /home/airflow/.local/lib/python3.12/site-packages/airflow/example_dags/tutorial_dag.py
[2026-04-26T03:28:21.477+0000] {processor.py:830} INFO - Processing file /home/airflow/.local/lib/python3.12/site-packages/airflow/example_dags/tutorial_dag.py for tasks to queue
[2026-04-26T03:28:21.479+0000] {logging_mixin.py:188} INFO - [2026-04-26T03:28:21.478+0000] {dagbag.py:545} INFO - Filling up the DagBag from /home/airflow/.local/lib/python3.12/site-packages/airflow/example_dags/tutorial_dag.py
[2026-04-26T03:28:21.483+0000] {processor.py:840} INFO - DAG(s) 'tutorial_dag' retrieved from /home/airflow/.local/lib/python3.12/site-packages/airflow/example_dags/tutorial_dag.py
[2026-04-26T03:28:21.498+0000] {logging_mixin.py:188} INFO - [2026-04-26T03:28:21.498+0000] {dag.py:3096} INFO - Sync 1 DAGs
[2026-04-26T03:28:21.509+0000] {logging_mixin.py:188} INFO - [2026-04-26T03:28:21.509+0000] {dag.py:3954} INFO - Setting next_dagrun for tutorial_dag to None, run_after=None
[2026-04-26T03:28:21.524+0000] {processor.py:183} INFO - Processing /home/airflow/.local/lib/python3.12/site-packages/airflow/example_dags/tutorial_dag.py took 0.052 seconds
[2026-04-26T03:28:51.644+0000] {processor.py:161} INFO - Started process (PID=213) to work on /home/airflow/.local/lib/python3.12/site-packages/airflow/example_dags/tutorial_dag.py
[2026-04-26T03:28:51.645+0000] {processor.py:830} INFO - Processing file /home/airflow/.local/lib/python3.12/site-packages/airflow/example_dags/tutorial_dag.py for tasks to queue
[2026-04-26T03:28:51.646+0000] {logging_mixin.py:188} INFO - [2026-04-26T03:28:51.646+0000] {dagbag.py:545} INFO - Filling up the DagBag from /home/airflow/.local/lib/python3.12/site-packages/airflow/example_dags/tutorial_dag.py
[2026-04-26T03:28:51.650+0000] {processor.py:840} INFO - DAG(s) 'tutorial_dag' retrieved from /home/airflow/.local/lib/python3.12/site-packages/airflow/example_dags/tutorial_dag.py
[2026-04-26T03:28:51.666+0000] {logging_mixin.py:188} INFO - [2026-04-26T03:28:51.666+0000] {dag.py:3096} INFO - Sync 1 DAGs
[2026-04-26T03:28:51.679+0000] {logging_mixin.py:188} INFO - [2026-04-26T03:28:51.679+0000] {dag.py:3954} INFO - Setting next_dagrun for tutorial_dag to None, run_after=None
[2026-04-26T03:28:51.693+0000] {processor.py:183} INFO - Processing /home/airflow/.local/lib/python3.12/site-packages/airflow/example_dags/tutorial_dag.py took 0.054 seconds
[2026-04-26T03:29:21.940+0000] {processor.py:161} INFO - Started process (PID=271) to work on /home/airflow/.local/lib/python3.12/site-packages/airflow/example_dags/tutorial_dag.py
[2026-04-26T03:29:21.941+0000] {processor.py:830} INFO - Processing file /home/airflow/.local/lib/python3.12/site-packages/airflow/example_dags/tutorial_dag.py for tasks to queue
[2026-04-26T03:29:21.943+0000] {logging_mixin.py:188} INFO - [2026-04-26T03:29:21.943+0000] {dagbag.py:545} INFO - Filling up the DagBag from /home/airflow/.local/lib/python3.12/site-packages/airflow/example_dags/tutorial_dag.py
[2026-04-26T03:29:21.949+0000] {processor.py:840} INFO - DAG(s) 'tutorial_dag' retrieved from /home/airflow/.local/lib/python3.12/site-packages/airflow/example_dags/tutorial_dag.py
[2026-04-26T03:29:21.975+0000] {logging_mixin.py:188} INFO - [2026-04-26T03:29:21.975+0000] {dag.py:3096} INFO - Sync 1 DAGs
[2026-04-26T03:29:21.992+0000] {logging_mixin.py:188} INFO - [2026-04-26T03:29:21.992+0000] {dag.py:3954} INFO - Setting next_dagrun for tutorial_dag to None, run_after=None
[2026-04-26T03:29:22.014+0000] {processor.py:183} INFO - Processing /home/airflow/.local/lib/python3.12/site-packages/airflow/example_dags/tutorial_dag.py took 0.099 seconds
[2026-04-26T03:29:52.153+0000] {processor.py:161} INFO - Started process (PID=329) to work on /home/airflow/.local/lib/python3.12/site-packages/airflow/example_dags/tutorial_dag.py
[2026-04-26T03:29:52.153+0000] {processor.py:830} INFO - Processing file /home/airflow/.local/lib/python3.12/site-packages/airflow/example_dags/tutorial_dag.py for tasks to queue
[2026-04-26T03:29:52.155+0000] {logging_mixin.py:188} INFO - [2026-04-26T03:29:52.155+0000] {dagbag.py:545} INFO - Filling up the DagBag from /home/airflow/.local/lib/python3.12/site-packages/airflow/example_dags/tutorial_dag.py
[2026-04-26T03:29:52.161+0000] {processor.py:840} INFO - DAG(s) 'tutorial_dag' retrieved from /home/airflow/.local/lib/python3.12/site-packages/airflow/example_dags/tutorial_dag.py
[2026-04-26T03:29:52.181+0000] {logging_mixin.py:188} INFO - [2026-04-26T03:29:52.181+0000] {dag.py:3096} INFO - Sync 1 DAGs
[2026-04-26T03:29:52.196+0000] {logging_mixin.py:188} INFO - [2026-04-26T03:29:52.196+0000] {dag.py:3954} INFO - Setting next_dagrun for tutorial_dag to None, run_after=None
[2026-04-26T03:29:52.215+0000] {processor.py:183} INFO - Processing /home/airflow/.local/lib/python3.12/site-packages/airflow/example_dags/tutorial_dag.py took 0.069 seconds
