[2026-04-26T03:27:49.379+0000] {processor.py:161} INFO - Started process (PID=86) to work on /home/airflow/.local/lib/python3.12/site-packages/airflow/example_dags/tutorial_objectstorage.py
[2026-04-26T03:27:49.385+0000] {processor.py:830} INFO - Processing file /home/airflow/.local/lib/python3.12/site-packages/airflow/example_dags/tutorial_objectstorage.py for tasks to queue
[2026-04-26T03:27:49.387+0000] {logging_mixin.py:188} INFO - [2026-04-26T03:27:49.387+0000] {dagbag.py:545} INFO - Filling up the DagBag from /home/airflow/.local/lib/python3.12/site-packages/airflow/example_dags/tutorial_objectstorage.py
[2026-04-26T03:27:49.398+0000] {processor.py:840} INFO - DAG(s) 'tutorial_objectstorage' retrieved from /home/airflow/.local/lib/python3.12/site-packages/airflow/example_dags/tutorial_objectstorage.py
[2026-04-26T03:27:49.434+0000] {logging_mixin.py:188} INFO - [2026-04-26T03:27:49.433+0000] {dag.py:3096} INFO - Sync 1 DAGs
[2026-04-26T03:27:49.453+0000] {logging_mixin.py:188} INFO - [2026-04-26T03:27:49.452+0000] {dag.py:3954} INFO - Setting next_dagrun for tutorial_objectstorage to None, run_after=None
[2026-04-26T03:27:49.481+0000] {processor.py:183} INFO - Processing /home/airflow/.local/lib/python3.12/site-packages/airflow/example_dags/tutorial_objectstorage.py took 0.122 seconds
[2026-04-26T03:28:19.677+0000] {processor.py:161} INFO - Started process (PID=143) to work on /home/airflow/.local/lib/python3.12/site-packages/airflow/example_dags/tutorial_objectstorage.py
[2026-04-26T03:28:19.678+0000] {processor.py:830} INFO - Processing file /home/airflow/.local/lib/python3.12/site-packages/airflow/example_dags/tutorial_objectstorage.py for tasks to queue
[2026-04-26T03:28:19.679+0000] {logging_mixin.py:188} INFO - [2026-04-26T03:28:19.679+0000] {dagbag.py:545} INFO - Filling up the DagBag from /home/airflow/.local/lib/python3.12/site-packages/airflow/example_dags/tutorial_objectstorage.py
[2026-04-26T03:28:19.687+0000] {processor.py:840} INFO - DAG(s) 'tutorial_objectstorage' retrieved from /home/airflow/.local/lib/python3.12/site-packages/airflow/example_dags/tutorial_objectstorage.py
[2026-04-26T03:28:19.703+0000] {logging_mixin.py:188} INFO - [2026-04-26T03:28:19.703+0000] {dag.py:3096} INFO - Sync 1 DAGs
[2026-04-26T03:28:19.714+0000] {logging_mixin.py:188} INFO - [2026-04-26T03:28:19.714+0000] {dag.py:3954} INFO - Setting next_dagrun for tutorial_objectstorage to None, run_after=None
[2026-04-26T03:28:19.730+0000] {processor.py:183} INFO - Processing /home/airflow/.local/lib/python3.12/site-packages/airflow/example_dags/tutorial_objectstorage.py took 0.058 seconds
[2026-04-26T03:28:50.784+0000] {processor.py:161} INFO - Started process (PID=201) to work on /home/airflow/.local/lib/python3.12/site-packages/airflow/example_dags/tutorial_objectstorage.py
[2026-04-26T03:28:50.785+0000] {processor.py:830} INFO - Processing file /home/airflow/.local/lib/python3.12/site-packages/airflow/example_dags/tutorial_objectstorage.py for tasks to queue
[2026-04-26T03:28:50.786+0000] {logging_mixin.py:188} INFO - [2026-04-26T03:28:50.786+0000] {dagbag.py:545} INFO - Filling up the DagBag from /home/airflow/.local/lib/python3.12/site-packages/airflow/example_dags/tutorial_objectstorage.py
[2026-04-26T03:28:50.793+0000] {processor.py:840} INFO - DAG(s) 'tutorial_objectstorage' retrieved from /home/airflow/.local/lib/python3.12/site-packages/airflow/example_dags/tutorial_objectstorage.py
[2026-04-26T03:28:50.813+0000] {logging_mixin.py:188} INFO - [2026-04-26T03:28:50.812+0000] {dag.py:3096} INFO - Sync 1 DAGs
[2026-04-26T03:28:50.827+0000] {logging_mixin.py:188} INFO - [2026-04-26T03:28:50.827+0000] {dag.py:3954} INFO - Setting next_dagrun for tutorial_objectstorage to None, run_after=None
[2026-04-26T03:28:50.845+0000] {processor.py:183} INFO - Processing /home/airflow/.local/lib/python3.12/site-packages/airflow/example_dags/tutorial_objectstorage.py took 0.066 seconds
[2026-04-26T03:29:21.076+0000] {processor.py:161} INFO - Started process (PID=259) to work on /home/airflow/.local/lib/python3.12/site-packages/airflow/example_dags/tutorial_objectstorage.py
[2026-04-26T03:29:21.076+0000] {processor.py:830} INFO - Processing file /home/airflow/.local/lib/python3.12/site-packages/airflow/example_dags/tutorial_objectstorage.py for tasks to queue
[2026-04-26T03:29:21.078+0000] {logging_mixin.py:188} INFO - [2026-04-26T03:29:21.078+0000] {dagbag.py:545} INFO - Filling up the DagBag from /home/airflow/.local/lib/python3.12/site-packages/airflow/example_dags/tutorial_objectstorage.py
[2026-04-26T03:29:21.086+0000] {processor.py:840} INFO - DAG(s) 'tutorial_objectstorage' retrieved from /home/airflow/.local/lib/python3.12/site-packages/airflow/example_dags/tutorial_objectstorage.py
[2026-04-26T03:29:21.107+0000] {logging_mixin.py:188} INFO - [2026-04-26T03:29:21.107+0000] {dag.py:3096} INFO - Sync 1 DAGs
[2026-04-26T03:29:21.123+0000] {logging_mixin.py:188} INFO - [2026-04-26T03:29:21.123+0000] {dag.py:3954} INFO - Setting next_dagrun for tutorial_objectstorage to None, run_after=None
[2026-04-26T03:29:21.143+0000] {processor.py:183} INFO - Processing /home/airflow/.local/lib/python3.12/site-packages/airflow/example_dags/tutorial_objectstorage.py took 0.074 seconds
[2026-04-26T03:29:51.367+0000] {processor.py:161} INFO - Started process (PID=317) to work on /home/airflow/.local/lib/python3.12/site-packages/airflow/example_dags/tutorial_objectstorage.py
[2026-04-26T03:29:51.367+0000] {processor.py:830} INFO - Processing file /home/airflow/.local/lib/python3.12/site-packages/airflow/example_dags/tutorial_objectstorage.py for tasks to queue
[2026-04-26T03:29:51.369+0000] {logging_mixin.py:188} INFO - [2026-04-26T03:29:51.369+0000] {dagbag.py:545} INFO - Filling up the DagBag from /home/airflow/.local/lib/python3.12/site-packages/airflow/example_dags/tutorial_objectstorage.py
[2026-04-26T03:29:51.375+0000] {processor.py:840} INFO - DAG(s) 'tutorial_objectstorage' retrieved from /home/airflow/.local/lib/python3.12/site-packages/airflow/example_dags/tutorial_objectstorage.py
[2026-04-26T03:29:51.392+0000] {logging_mixin.py:188} INFO - [2026-04-26T03:29:51.392+0000] {dag.py:3096} INFO - Sync 1 DAGs
[2026-04-26T03:29:51.405+0000] {logging_mixin.py:188} INFO - [2026-04-26T03:29:51.405+0000] {dag.py:3954} INFO - Setting next_dagrun for tutorial_objectstorage to None, run_after=None
[2026-04-26T03:29:51.422+0000] {processor.py:183} INFO - Processing /home/airflow/.local/lib/python3.12/site-packages/airflow/example_dags/tutorial_objectstorage.py took 0.063 seconds
