[2026-04-26T03:27:48.804+0000] {processor.py:161} INFO - Started process (PID=83) to work on /home/airflow/.local/lib/python3.12/site-packages/airflow/example_dags/tutorial_taskflow_api.py
[2026-04-26T03:27:48.805+0000] {processor.py:830} INFO - Processing file /home/airflow/.local/lib/python3.12/site-packages/airflow/example_dags/tutorial_taskflow_api.py for tasks to queue
[2026-04-26T03:27:48.807+0000] {logging_mixin.py:188} INFO - [2026-04-26T03:27:48.806+0000] {dagbag.py:545} INFO - Filling up the DagBag from /home/airflow/.local/lib/python3.12/site-packages/airflow/example_dags/tutorial_taskflow_api.py
[2026-04-26T03:27:48.842+0000] {processor.py:840} INFO - DAG(s) 'tutorial_taskflow_api' retrieved from /home/airflow/.local/lib/python3.12/site-packages/airflow/example_dags/tutorial_taskflow_api.py
[2026-04-26T03:27:48.881+0000] {logging_mixin.py:188} INFO - [2026-04-26T03:27:48.880+0000] {dag.py:3096} INFO - Sync 1 DAGs
[2026-04-26T03:27:48.902+0000] {logging_mixin.py:188} INFO - [2026-04-26T03:27:48.902+0000] {dag.py:3954} INFO - Setting next_dagrun for tutorial_taskflow_api to None, run_after=None
[2026-04-26T03:27:48.927+0000] {processor.py:183} INFO - Processing /home/airflow/.local/lib/python3.12/site-packages/airflow/example_dags/tutorial_taskflow_api.py took 0.134 seconds
[2026-04-26T03:28:19.522+0000] {processor.py:161} INFO - Started process (PID=140) to work on /home/airflow/.local/lib/python3.12/site-packages/airflow/example_dags/tutorial_taskflow_api.py
[2026-04-26T03:28:19.523+0000] {processor.py:830} INFO - Processing file /home/airflow/.local/lib/python3.12/site-packages/airflow/example_dags/tutorial_taskflow_api.py for tasks to queue
[2026-04-26T03:28:19.525+0000] {logging_mixin.py:188} INFO - [2026-04-26T03:28:19.524+0000] {dagbag.py:545} INFO - Filling up the DagBag from /home/airflow/.local/lib/python3.12/site-packages/airflow/example_dags/tutorial_taskflow_api.py
[2026-04-26T03:28:19.532+0000] {processor.py:840} INFO - DAG(s) 'tutorial_taskflow_api' retrieved from /home/airflow/.local/lib/python3.12/site-packages/airflow/example_dags/tutorial_taskflow_api.py
[2026-04-26T03:28:19.553+0000] {logging_mixin.py:188} INFO - [2026-04-26T03:28:19.552+0000] {dag.py:3096} INFO - Sync 1 DAGs
[2026-04-26T03:28:19.565+0000] {logging_mixin.py:188} INFO - [2026-04-26T03:28:19.565+0000] {dag.py:3954} INFO - Setting next_dagrun for tutorial_taskflow_api to None, run_after=None
[2026-04-26T03:28:19.582+0000] {processor.py:183} INFO - Processing /home/airflow/.local/lib/python3.12/site-packages/airflow/example_dags/tutorial_taskflow_api.py took 0.067 seconds
[2026-04-26T03:28:50.690+0000] {processor.py:161} INFO - Started process (PID=198) to work on /home/airflow/.local/lib/python3.12/site-packages/airflow/example_dags/tutorial_taskflow_api.py
[2026-04-26T03:28:50.691+0000] {processor.py:830} INFO - Processing file /home/airflow/.local/lib/python3.12/site-packages/airflow/example_dags/tutorial_taskflow_api.py for tasks to queue
[2026-04-26T03:28:50.693+0000] {logging_mixin.py:188} INFO - [2026-04-26T03:28:50.692+0000] {dagbag.py:545} INFO - Filling up the DagBag from /home/airflow/.local/lib/python3.12/site-packages/airflow/example_dags/tutorial_taskflow_api.py
[2026-04-26T03:28:50.698+0000] {processor.py:840} INFO - DAG(s) 'tutorial_taskflow_api' retrieved from /home/airflow/.local/lib/python3.12/site-packages/airflow/example_dags/tutorial_taskflow_api.py
[2026-04-26T03:28:50.721+0000] {logging_mixin.py:188} INFO - [2026-04-26T03:28:50.721+0000] {dag.py:3096} INFO - Sync 1 DAGs
[2026-04-26T03:28:50.735+0000] {logging_mixin.py:188} INFO - [2026-04-26T03:28:50.735+0000] {dag.py:3954} INFO - Setting next_dagrun for tutorial_taskflow_api to None, run_after=None
[2026-04-26T03:28:50.752+0000] {processor.py:183} INFO - Processing /home/airflow/.local/lib/python3.12/site-packages/airflow/example_dags/tutorial_taskflow_api.py took 0.068 seconds
[2026-04-26T03:29:20.861+0000] {processor.py:161} INFO - Started process (PID=256) to work on /home/airflow/.local/lib/python3.12/site-packages/airflow/example_dags/tutorial_taskflow_api.py
[2026-04-26T03:29:20.862+0000] {processor.py:830} INFO - Processing file /home/airflow/.local/lib/python3.12/site-packages/airflow/example_dags/tutorial_taskflow_api.py for tasks to queue
[2026-04-26T03:29:20.864+0000] {logging_mixin.py:188} INFO - [2026-04-26T03:29:20.863+0000] {dagbag.py:545} INFO - Filling up the DagBag from /home/airflow/.local/lib/python3.12/site-packages/airflow/example_dags/tutorial_taskflow_api.py
[2026-04-26T03:29:20.871+0000] {processor.py:840} INFO - DAG(s) 'tutorial_taskflow_api' retrieved from /home/airflow/.local/lib/python3.12/site-packages/airflow/example_dags/tutorial_taskflow_api.py
[2026-04-26T03:29:20.921+0000] {logging_mixin.py:188} INFO - [2026-04-26T03:29:20.920+0000] {dag.py:3096} INFO - Sync 1 DAGs
[2026-04-26T03:29:20.937+0000] {logging_mixin.py:188} INFO - [2026-04-26T03:29:20.936+0000] {dag.py:3954} INFO - Setting next_dagrun for tutorial_taskflow_api to None, run_after=None
[2026-04-26T03:29:20.957+0000] {processor.py:183} INFO - Processing /home/airflow/.local/lib/python3.12/site-packages/airflow/example_dags/tutorial_taskflow_api.py took 0.103 seconds
[2026-04-26T03:29:51.187+0000] {processor.py:161} INFO - Started process (PID=314) to work on /home/airflow/.local/lib/python3.12/site-packages/airflow/example_dags/tutorial_taskflow_api.py
[2026-04-26T03:29:51.188+0000] {processor.py:830} INFO - Processing file /home/airflow/.local/lib/python3.12/site-packages/airflow/example_dags/tutorial_taskflow_api.py for tasks to queue
[2026-04-26T03:29:51.190+0000] {logging_mixin.py:188} INFO - [2026-04-26T03:29:51.190+0000] {dagbag.py:545} INFO - Filling up the DagBag from /home/airflow/.local/lib/python3.12/site-packages/airflow/example_dags/tutorial_taskflow_api.py
[2026-04-26T03:29:51.196+0000] {processor.py:840} INFO - DAG(s) 'tutorial_taskflow_api' retrieved from /home/airflow/.local/lib/python3.12/site-packages/airflow/example_dags/tutorial_taskflow_api.py
[2026-04-26T03:29:51.218+0000] {logging_mixin.py:188} INFO - [2026-04-26T03:29:51.218+0000] {dag.py:3096} INFO - Sync 1 DAGs
[2026-04-26T03:29:51.232+0000] {logging_mixin.py:188} INFO - [2026-04-26T03:29:51.232+0000] {dag.py:3954} INFO - Setting next_dagrun for tutorial_taskflow_api to None, run_after=None
[2026-04-26T03:29:51.250+0000] {processor.py:183} INFO - Processing /home/airflow/.local/lib/python3.12/site-packages/airflow/example_dags/tutorial_taskflow_api.py took 0.069 seconds
