[2026-04-30T10:16:36.605+0000] {processor.py:161} INFO - Started process (PID=42) to work on /opt/airflow/dags/etl_api_pipeline.py.py
[2026-04-30T10:16:36.606+0000] {processor.py:830} INFO - Processing file /opt/airflow/dags/etl_api_pipeline.py.py for tasks to queue
[2026-04-30T10:16:36.608+0000] {logging_mixin.py:188} INFO - [2026-04-30T10:16:36.607+0000] {dagbag.py:545} INFO - Filling up the DagBag from /opt/airflow/dags/etl_api_pipeline.py.py
[2026-04-30T10:16:36.628+0000] {processor.py:840} INFO - DAG(s) 'etl_api_pipeline' retrieved from /opt/airflow/dags/etl_api_pipeline.py.py
[2026-04-30T10:16:36.873+0000] {logging_mixin.py:188} INFO - [2026-04-30T10:16:36.873+0000] {dag.py:3096} INFO - Sync 1 DAGs
[2026-04-30T10:16:36.899+0000] {logging_mixin.py:188} INFO - [2026-04-30T10:16:36.899+0000] {dag.py:3954} INFO - Setting next_dagrun for etl_api_pipeline to 2026-04-29 00:00:00+00:00, run_after=2026-04-30 00:00:00+00:00
[2026-04-30T10:16:36.925+0000] {processor.py:183} INFO - Processing /opt/airflow/dags/etl_api_pipeline.py.py took 0.328 seconds
[2026-04-30T10:17:07.134+0000] {processor.py:161} INFO - Started process (PID=100) to work on /opt/airflow/dags/etl_api_pipeline.py.py
[2026-04-30T10:17:07.135+0000] {processor.py:830} INFO - Processing file /opt/airflow/dags/etl_api_pipeline.py.py for tasks to queue
[2026-04-30T10:17:07.136+0000] {logging_mixin.py:188} INFO - [2026-04-30T10:17:07.136+0000] {dagbag.py:545} INFO - Filling up the DagBag from /opt/airflow/dags/etl_api_pipeline.py.py
[2026-04-30T10:17:07.143+0000] {processor.py:840} INFO - DAG(s) 'etl_api_pipeline' retrieved from /opt/airflow/dags/etl_api_pipeline.py.py
[2026-04-30T10:17:07.160+0000] {logging_mixin.py:188} INFO - [2026-04-30T10:17:07.160+0000] {dag.py:3096} INFO - Sync 1 DAGs
[2026-04-30T10:17:07.180+0000] {logging_mixin.py:188} INFO - [2026-04-30T10:17:07.179+0000] {dag.py:3954} INFO - Setting next_dagrun for etl_api_pipeline to 2026-04-29 00:00:00+00:00, run_after=2026-04-30 00:00:00+00:00
[2026-04-30T10:17:07.194+0000] {processor.py:183} INFO - Processing /opt/airflow/dags/etl_api_pipeline.py.py took 0.065 seconds
[2026-04-30T10:17:37.605+0000] {processor.py:161} INFO - Started process (PID=159) to work on /opt/airflow/dags/etl_api_pipeline.py.py
[2026-04-30T10:17:37.606+0000] {processor.py:830} INFO - Processing file /opt/airflow/dags/etl_api_pipeline.py.py for tasks to queue
[2026-04-30T10:17:37.607+0000] {logging_mixin.py:188} INFO - [2026-04-30T10:17:37.607+0000] {dagbag.py:545} INFO - Filling up the DagBag from /opt/airflow/dags/etl_api_pipeline.py.py
[2026-04-30T10:17:37.616+0000] {processor.py:840} INFO - DAG(s) 'etl_api_pipeline' retrieved from /opt/airflow/dags/etl_api_pipeline.py.py
[2026-04-30T10:17:37.638+0000] {logging_mixin.py:188} INFO - [2026-04-30T10:17:37.638+0000] {dag.py:3096} INFO - Sync 1 DAGs
[2026-04-30T10:17:37.668+0000] {logging_mixin.py:188} INFO - [2026-04-30T10:17:37.668+0000] {dag.py:3954} INFO - Setting next_dagrun for etl_api_pipeline to 2026-04-30 00:00:00+00:00, run_after=2026-05-01 00:00:00+00:00
[2026-04-30T10:17:37.689+0000] {processor.py:183} INFO - Processing /opt/airflow/dags/etl_api_pipeline.py.py took 0.089 seconds
[2026-04-30T10:18:07.818+0000] {processor.py:161} INFO - Started process (PID=218) to work on /opt/airflow/dags/etl_api_pipeline.py.py
[2026-04-30T10:18:07.819+0000] {processor.py:830} INFO - Processing file /opt/airflow/dags/etl_api_pipeline.py.py for tasks to queue
[2026-04-30T10:18:07.821+0000] {logging_mixin.py:188} INFO - [2026-04-30T10:18:07.821+0000] {dagbag.py:545} INFO - Filling up the DagBag from /opt/airflow/dags/etl_api_pipeline.py.py
[2026-04-30T10:18:07.828+0000] {processor.py:840} INFO - DAG(s) 'etl_api_pipeline' retrieved from /opt/airflow/dags/etl_api_pipeline.py.py
[2026-04-30T10:18:07.848+0000] {logging_mixin.py:188} INFO - [2026-04-30T10:18:07.848+0000] {dag.py:3096} INFO - Sync 1 DAGs
[2026-04-30T10:18:07.879+0000] {logging_mixin.py:188} INFO - [2026-04-30T10:18:07.879+0000] {dag.py:3954} INFO - Setting next_dagrun for etl_api_pipeline to 2026-04-30 00:00:00+00:00, run_after=2026-05-01 00:00:00+00:00
[2026-04-30T10:18:07.901+0000] {processor.py:183} INFO - Processing /opt/airflow/dags/etl_api_pipeline.py.py took 0.089 seconds
[2026-04-30T10:18:38.245+0000] {processor.py:161} INFO - Started process (PID=287) to work on /opt/airflow/dags/etl_api_pipeline.py.py
[2026-04-30T10:18:38.246+0000] {processor.py:830} INFO - Processing file /opt/airflow/dags/etl_api_pipeline.py.py for tasks to queue
[2026-04-30T10:18:38.248+0000] {logging_mixin.py:188} INFO - [2026-04-30T10:18:38.248+0000] {dagbag.py:545} INFO - Filling up the DagBag from /opt/airflow/dags/etl_api_pipeline.py.py
[2026-04-30T10:18:38.255+0000] {processor.py:840} INFO - DAG(s) 'etl_api_pipeline' retrieved from /opt/airflow/dags/etl_api_pipeline.py.py
[2026-04-30T10:18:38.275+0000] {logging_mixin.py:188} INFO - [2026-04-30T10:18:38.275+0000] {dag.py:3096} INFO - Sync 1 DAGs
[2026-04-30T10:18:38.304+0000] {logging_mixin.py:188} INFO - [2026-04-30T10:18:38.303+0000] {dag.py:3954} INFO - Setting next_dagrun for etl_api_pipeline to 2026-04-30 00:00:00+00:00, run_after=2026-05-01 00:00:00+00:00
[2026-04-30T10:18:38.322+0000] {processor.py:183} INFO - Processing /opt/airflow/dags/etl_api_pipeline.py.py took 0.082 seconds
[2026-04-30T10:19:08.681+0000] {processor.py:161} INFO - Started process (PID=346) to work on /opt/airflow/dags/etl_api_pipeline.py.py
[2026-04-30T10:19:08.681+0000] {processor.py:830} INFO - Processing file /opt/airflow/dags/etl_api_pipeline.py.py for tasks to queue
[2026-04-30T10:19:08.683+0000] {logging_mixin.py:188} INFO - [2026-04-30T10:19:08.683+0000] {dagbag.py:545} INFO - Filling up the DagBag from /opt/airflow/dags/etl_api_pipeline.py.py
[2026-04-30T10:19:08.693+0000] {processor.py:840} INFO - DAG(s) 'etl_api_pipeline' retrieved from /opt/airflow/dags/etl_api_pipeline.py.py
[2026-04-30T10:19:08.720+0000] {logging_mixin.py:188} INFO - [2026-04-30T10:19:08.719+0000] {dag.py:3096} INFO - Sync 1 DAGs
[2026-04-30T10:19:08.741+0000] {logging_mixin.py:188} INFO - [2026-04-30T10:19:08.741+0000] {dag.py:3954} INFO - Setting next_dagrun for etl_api_pipeline to 2026-04-30 00:00:00+00:00, run_after=2026-05-01 00:00:00+00:00
[2026-04-30T10:19:08.758+0000] {processor.py:183} INFO - Processing /opt/airflow/dags/etl_api_pipeline.py.py took 0.084 seconds
[2026-04-30T10:19:39.291+0000] {processor.py:161} INFO - Started process (PID=414) to work on /opt/airflow/dags/etl_api_pipeline.py.py
[2026-04-30T10:19:39.292+0000] {processor.py:830} INFO - Processing file /opt/airflow/dags/etl_api_pipeline.py.py for tasks to queue
[2026-04-30T10:19:39.293+0000] {logging_mixin.py:188} INFO - [2026-04-30T10:19:39.293+0000] {dagbag.py:545} INFO - Filling up the DagBag from /opt/airflow/dags/etl_api_pipeline.py.py
[2026-04-30T10:19:39.300+0000] {processor.py:840} INFO - DAG(s) 'etl_api_pipeline' retrieved from /opt/airflow/dags/etl_api_pipeline.py.py
[2026-04-30T10:19:39.318+0000] {logging_mixin.py:188} INFO - [2026-04-30T10:19:39.318+0000] {dag.py:3096} INFO - Sync 1 DAGs
[2026-04-30T10:19:39.338+0000] {logging_mixin.py:188} INFO - [2026-04-30T10:19:39.338+0000] {dag.py:3954} INFO - Setting next_dagrun for etl_api_pipeline to 2026-04-30 00:00:00+00:00, run_after=2026-05-01 00:00:00+00:00
[2026-04-30T10:19:39.353+0000] {processor.py:183} INFO - Processing /opt/airflow/dags/etl_api_pipeline.py.py took 0.068 seconds
[2026-04-30T10:20:09.613+0000] {processor.py:161} INFO - Started process (PID=473) to work on /opt/airflow/dags/etl_api_pipeline.py.py
[2026-04-30T10:20:09.614+0000] {processor.py:830} INFO - Processing file /opt/airflow/dags/etl_api_pipeline.py.py for tasks to queue
[2026-04-30T10:20:09.616+0000] {logging_mixin.py:188} INFO - [2026-04-30T10:20:09.615+0000] {dagbag.py:545} INFO - Filling up the DagBag from /opt/airflow/dags/etl_api_pipeline.py.py
[2026-04-30T10:20:09.626+0000] {processor.py:840} INFO - DAG(s) 'etl_api_pipeline' retrieved from /opt/airflow/dags/etl_api_pipeline.py.py
[2026-04-30T10:20:09.646+0000] {logging_mixin.py:188} INFO - [2026-04-30T10:20:09.646+0000] {dag.py:3096} INFO - Sync 1 DAGs
[2026-04-30T10:20:09.674+0000] {logging_mixin.py:188} INFO - [2026-04-30T10:20:09.674+0000] {dag.py:3954} INFO - Setting next_dagrun for etl_api_pipeline to 2026-04-30 00:00:00+00:00, run_after=2026-05-01 00:00:00+00:00
[2026-04-30T10:20:09.705+0000] {processor.py:183} INFO - Processing /opt/airflow/dags/etl_api_pipeline.py.py took 0.097 seconds
[2026-04-30T10:20:39.834+0000] {processor.py:161} INFO - Started process (PID=532) to work on /opt/airflow/dags/etl_api_pipeline.py.py
[2026-04-30T10:20:39.835+0000] {processor.py:830} INFO - Processing file /opt/airflow/dags/etl_api_pipeline.py.py for tasks to queue
[2026-04-30T10:20:39.837+0000] {logging_mixin.py:188} INFO - [2026-04-30T10:20:39.836+0000] {dagbag.py:545} INFO - Filling up the DagBag from /opt/airflow/dags/etl_api_pipeline.py.py
[2026-04-30T10:20:39.844+0000] {processor.py:840} INFO - DAG(s) 'etl_api_pipeline' retrieved from /opt/airflow/dags/etl_api_pipeline.py.py
[2026-04-30T10:20:39.867+0000] {logging_mixin.py:188} INFO - [2026-04-30T10:20:39.866+0000] {dag.py:3096} INFO - Sync 1 DAGs
[2026-04-30T10:20:39.893+0000] {logging_mixin.py:188} INFO - [2026-04-30T10:20:39.892+0000] {dag.py:3954} INFO - Setting next_dagrun for etl_api_pipeline to 2026-04-30 00:00:00+00:00, run_after=2026-05-01 00:00:00+00:00
[2026-04-30T10:20:39.908+0000] {processor.py:183} INFO - Processing /opt/airflow/dags/etl_api_pipeline.py.py took 0.079 seconds
