[2026-04-30T10:19:23.064+0000] {local_task_job_runner.py:120} INFO - ::group::Pre task execution logs
[2026-04-30T10:19:23.091+0000] {taskinstance.py:2076} INFO - Dependencies all met for dep_context=non-requeueable deps ti=<TaskInstance: example_params_trigger_ui.print_greetings manual__2026-04-30T10:18:58+00:00 [queued]>
[2026-04-30T10:19:23.099+0000] {taskinstance.py:2076} INFO - Dependencies all met for dep_context=requeueable deps ti=<TaskInstance: example_params_trigger_ui.print_greetings manual__2026-04-30T10:18:58+00:00 [queued]>
[2026-04-30T10:19:23.099+0000] {taskinstance.py:2306} INFO - Starting attempt 1 of 1
[2026-04-30T10:19:23.109+0000] {taskinstance.py:2330} INFO - Executing <Task(_PythonDecoratedOperator): print_greetings> on 2026-04-30 10:18:58+00:00
[2026-04-30T10:19:23.116+0000] {warnings.py:110} WARNING - /home/***/.local/lib/python3.12/site-packages/***/task/task_runner/standard_task_runner.py:61: DeprecationWarning: This process (pid=158) is multi-threaded, use of fork() may lead to deadlocks in the child.
  pid = os.fork()

[2026-04-30T10:19:23.118+0000] {standard_task_runner.py:63} INFO - Started process 160 to run task
[2026-04-30T10:19:23.118+0000] {standard_task_runner.py:90} INFO - Running: ['***', 'tasks', 'run', 'example_params_trigger_ui', 'print_greetings', 'manual__2026-04-30T10:18:58+00:00', '--job-id', '27', '--raw', '--subdir', '/home/***/.local/lib/python3.12/site-packages/***/example_dags/example_params_trigger_ui.py', '--cfg-path', '/tmp/tmp_8azlxxq']
[2026-04-30T10:19:23.120+0000] {standard_task_runner.py:91} INFO - Job 27: Subtask print_greetings
[2026-04-30T10:19:23.168+0000] {task_command.py:426} INFO - Running <TaskInstance: example_params_trigger_ui.print_greetings manual__2026-04-30T10:18:58+00:00 [running]> on host 074f3b4caaf9
[2026-04-30T10:19:23.293+0000] {taskinstance.py:2648} INFO - Exporting env vars: AIRFLOW_CTX_DAG_OWNER='***' AIRFLOW_CTX_DAG_ID='example_params_trigger_ui' AIRFLOW_CTX_TASK_ID='print_greetings' AIRFLOW_CTX_EXECUTION_DATE='2026-04-30T10:18:58+00:00' AIRFLOW_CTX_TRY_NUMBER='1' AIRFLOW_CTX_DAG_RUN_ID='manual__2026-04-30T10:18:58+00:00'
[2026-04-30T10:19:23.296+0000] {taskinstance.py:430} INFO - ::endgroup::
[2026-04-30T10:19:23.305+0000] {logging_mixin.py:188} INFO - Hello Linda!
[2026-04-30T10:19:23.306+0000] {logging_mixin.py:188} INFO - Hello Martha!
[2026-04-30T10:19:23.306+0000] {logging_mixin.py:188} INFO - Hello Thomas!
[2026-04-30T10:19:23.308+0000] {logging_mixin.py:188} INFO - Sehr geehrter Herr/Frau Linda.
[2026-04-30T10:19:23.308+0000] {logging_mixin.py:188} INFO - Sehr geehrter Herr/Frau Martha.
[2026-04-30T10:19:23.309+0000] {logging_mixin.py:188} INFO - Sehr geehrter Herr/Frau Thomas.
[2026-04-30T10:19:23.310+0000] {logging_mixin.py:188} INFO - Bonjour Linda!
[2026-04-30T10:19:23.310+0000] {logging_mixin.py:188} INFO - Bonjour Martha!
[2026-04-30T10:19:23.311+0000] {logging_mixin.py:188} INFO - Bonjour Thomas!
[2026-04-30T10:19:23.311+0000] {python.py:237} INFO - Done. Returned value was: None
[2026-04-30T10:19:23.311+0000] {taskinstance.py:441} INFO - ::group::Post task execution logs
[2026-04-30T10:19:23.325+0000] {taskinstance.py:1206} INFO - Marking task as SUCCESS. dag_id=example_params_trigger_ui, task_id=print_greetings, run_id=manual__2026-04-30T10:18:58+00:00, execution_date=20260430T101858, start_date=20260430T101923, end_date=20260430T101923
[2026-04-30T10:19:23.372+0000] {local_task_job_runner.py:240} INFO - Task exited with return code 0
[2026-04-30T10:19:23.398+0000] {taskinstance.py:3498} INFO - 0 downstream tasks scheduled from follow-on schedule check
[2026-04-30T10:19:23.401+0000] {local_task_job_runner.py:222} INFO - ::endgroup::
