{
  "dags": [
    {
      "dag_display_name": "conditional_dataset_and_time_based_timetable",
      "dag_id": "conditional_dataset_and_time_based_timetable",
      "default_view": "grid",
      "description": null,
      "file_token": ".eJxNyjEKgDAMAMC_dLdBfZDEGttiaoIJaH_vJo4HF6BII8B67Sw3RJaEDFxX0O5FzjmOE1h1GhTTgZnsu_RgU6Zlw2w_OBq5Re3hBQs-Ihk.yzmPjuQ4t6tEXPUCEioEGOdeLMA",
      "fileloc": "/home/airflow/.local/lib/python3.12/site-packages/airflow/example_dags/example_datasets.py",
      "has_import_errors": false,
      "has_task_concurrency_limits": false,
      "is_active": true,
      "is_paused": true,
      "is_subdag": false,
      "last_expired": null,
      "last_parsed_time": "2026-04-25T08:54:19.039818+00:00",
      "last_pickled": null,
      "max_active_runs": 16,
      "max_active_tasks": 16,
      "max_consecutive_failed_dag_runs": 0,
      "next_dagrun": "2026-04-22T01:00:00+00:00",
      "next_dagrun_create_after": "2026-04-22T01:00:00+00:00",
      "next_dagrun_data_interval_end": "2026-04-22T01:00:00+00:00",
      "next_dagrun_data_interval_start": "2026-04-22T01:00:00+00:00",
      "owners": [
        "airflow"
      ],
      "pickle_id": null,
      "root_dag_id": null,
      "schedule_interval": {
        "__type": "CronExpression",
        "value": "Dataset or 0 1 * * 3"
      },
      "scheduler_lock": null,
      "tags": [
        {
          "name": "dataset-time-based-timetable"
        }
      ],
      "timetable_description": "Triggered by datasets or At 01:00, only on Wednesday"
    },
    {
      "dag_display_name": "consume_1_and_2_with_dataset_expressions",
      "dag_id": "consume_1_and_2_with_dataset_expressions",
      "default_view": "grid",
      "description": null,
      "file_token": ".eJxNyjEKgDAMAMC_dLdBfZDEGttiaoIJaH_vJo4HF6BII8B67Sw3RJaEDFxX0O5FzjmOE1h1GhTTgZnsu_RgU6Zlw2w_OBq5Re3hBQs-Ihk.yzmPjuQ4t6tEXPUCEioEGOdeLMA",
      "fileloc": "/home/airflow/.local/lib/python3.12/site-packages/airflow/example_dags/example_datasets.py",
      "has_import_errors": false,
      "has_task_concurrency_limits": false,
      "is_active": true,
      "is_paused": true,
      "is_subdag": false,
      "last_expired": null,
      "last_parsed_time": "2026-04-25T08:54:19.045369+00:00",
      "last_pickled": null,
      "max_active_runs": 16,
      "max_active_tasks": 16,
      "max_consecutive_failed_dag_runs": 0,
      "next_dagrun": null,
      "next_dagrun_create_after": null,
      "next_dagrun_data_interval_end": null,
      "next_dagrun_data_interval_start": null,
      "owners": [
        "airflow"
      ],
      "pickle_id": null,
      "root_dag_id": null,
      "schedule_interval": {
        "__type": "CronExpression",
        "value": "Dataset"
      },
      "scheduler_lock": null,
      "tags": [],
      "timetable_description": "Triggered by datasets"
    },
    {
      "dag_display_name": "consume_1_or_2_with_dataset_expressions",
      "dag_id": "consume_1_or_2_with_dataset_expressions",
      "default_view": "grid",
      "description": null,
      "file_token": ".eJxNyjEKgDAMAMC_dLdBfZDEGttiaoIJaH_vJo4HF6BII8B67Sw3RJaEDFxX0O5FzjmOE1h1GhTTgZnsu_RgU6Zlw2w_OBq5Re3hBQs-Ihk.yzmPjuQ4t6tEXPUCEioEGOdeLMA",
      "fileloc": "/home/airflow/.local/lib/python3.12/site-packages/airflow/example_dags/example_datasets.py",
      "has_import_errors": false,
      "has_task_concurrency_limits": false,
      "is_active": true,
      "is_paused": true,
      "is_subdag": false,
      "last_expired": null,
      "last_parsed_time": "2026-04-25T08:54:19.046405+00:00",
      "last_pickled": null,
      "max_active_runs": 16,
      "max_active_tasks": 16,
      "max_consecutive_failed_dag_runs": 0,
      "next_dagrun": null,
      "next_dagrun_create_after": null,
      "next_dagrun_data_interval_end": null,
      "next_dagrun_data_interval_start": null,
      "owners": [
        "airflow"
      ],
      "pickle_id": null,
      "root_dag_id": null,
      "schedule_interval": {
        "__type": "CronExpression",
        "value": "Dataset"
      },
      "scheduler_lock": null,
      "tags": [],
      "timetable_description": "Triggered by datasets"
    },
    {
      "dag_display_name": "consume_1_or_both_2_and_3_with_dataset_expressions",
      "dag_id": "consume_1_or_both_2_and_3_with_dataset_expressions",
      "default_view": "grid",
      "description": null,
      "file_token": ".eJxNyjEKgDAMAMC_dLdBfZDEGttiaoIJaH_vJo4HF6BII8B67Sw3RJaEDFxX0O5FzjmOE1h1GhTTgZnsu_RgU6Zlw2w_OBq5Re3hBQs-Ihk.yzmPjuQ4t6tEXPUCEioEGOdeLMA",
      "fileloc": "/home/airflow/.local/lib/python3.12/site-packages/airflow/example_dags/example_datasets.py",
      "has_import_errors": false,
      "has_task_concurrency_limits": false,
      "is_active": true,
      "is_paused": true,
      "is_subdag": false,
      "last_expired": null,
      "last_parsed_time": "2026-04-25T08:54:19.047355+00:00",
      "last_pickled": null,
      "max_active_runs": 16,
      "max_active_tasks": 16,
      "max_consecutive_failed_dag_runs": 0,
      "next_dagrun": null,
      "next_dagrun_create_after": null,
      "next_dagrun_data_interval_end": null,
      "next_dagrun_data_interval_start": null,
      "owners": [
        "airflow"
      ],
      "pickle_id": null,
      "root_dag_id": null,
      "schedule_interval": {
        "__type": "CronExpression",
        "value": "Dataset"
      },
      "scheduler_lock": null,
      "tags": [],
      "timetable_description": "Triggered by datasets"
    },
    {
      "dag_display_name": "dataset_consumes_1",
      "dag_id": "dataset_consumes_1",
      "default_view": "grid",
      "description": null,
      "file_token": ".eJxNyjEKgDAMAMC_dLdBfZDEGttiaoIJaH_vJo4HF6BII8B67Sw3RJaEDFxX0O5FzjmOE1h1GhTTgZnsu_RgU6Zlw2w_OBq5Re3hBQs-Ihk.yzmPjuQ4t6tEXPUCEioEGOdeLMA",
      "fileloc": "/home/airflow/.local/lib/python3.12/site-packages/airflow/example_dags/example_datasets.py",
      "has_import_errors": false,
      "has_task_concurrency_limits": false,
      "is_active": true,
      "is_paused": true,
      "is_subdag": false,
      "last_expired": null,
      "last_parsed_time": "2026-04-25T08:54:19.048277+00:00",
      "last_pickled": null,
      "max_active_runs": 16,
      "max_active_tasks": 16,
      "max_consecutive_failed_dag_runs": 0,
      "next_dagrun": null,
      "next_dagrun_create_after": null,
      "next_dagrun_data_interval_end": null,
      "next_dagrun_data_interval_start": null,
      "owners": [
        "airflow"
      ],
      "pickle_id": null,
      "root_dag_id": null,
      "schedule_interval": {
        "__type": "CronExpression",
        "value": "Dataset"
      },
      "scheduler_lock": null,
      "tags": [
        {
          "name": "dataset-scheduled"
        },
        {
          "name": "consumes"
        }
      ],
      "timetable_description": "Triggered by datasets"
    },
    {
      "dag_display_name": "dataset_consumes_1_and_2",
      "dag_id": "dataset_consumes_1_and_2",
      "default_view": "grid",
      "description": null,
      "file_token": ".eJxNyjEKgDAMAMC_dLdBfZDEGttiaoIJaH_vJo4HF6BII8B67Sw3RJaEDFxX0O5FzjmOE1h1GhTTgZnsu_RgU6Zlw2w_OBq5Re3hBQs-Ihk.yzmPjuQ4t6tEXPUCEioEGOdeLMA",
      "fileloc": "/home/airflow/.local/lib/python3.12/site-packages/airflow/example_dags/example_datasets.py",
      "has_import_errors": false,
      "has_task_concurrency_limits": false,
      "is_active": true,
      "is_paused": true,
      "is_subdag": false,
      "last_expired": null,
      "last_parsed_time": "2026-04-25T08:54:19.049327+00:00",
      "last_pickled": null,
      "max_active_runs": 16,
      "max_active_tasks": 16,
      "max_consecutive_failed_dag_runs": 0,
      "next_dagrun": null,
      "next_dagrun_create_after": null,
      "next_dagrun_data_interval_end": null,
      "next_dagrun_data_interval_start": null,
      "owners": [
        "airflow"
      ],
      "pickle_id": null,
      "root_dag_id": null,
      "schedule_interval": {
        "__type": "CronExpression",
        "value": "Dataset"
      },
      "scheduler_lock": null,
      "tags": [
        {
          "name": "dataset-scheduled"
        },
        {
          "name": "consumes"
        }
      ],
      "timetable_description": "Triggered by datasets"
    },
    {
      "dag_display_name": "dataset_consumes_1_never_scheduled",
      "dag_id": "dataset_consumes_1_never_scheduled",
      "default_view": "grid",
      "description": null,
      "file_token": ".eJxNyjEKgDAMAMC_dLdBfZDEGttiaoIJaH_vJo4HF6BII8B67Sw3RJaEDFxX0O5FzjmOE1h1GhTTgZnsu_RgU6Zlw2w_OBq5Re3hBQs-Ihk.yzmPjuQ4t6tEXPUCEioEGOdeLMA",
      "fileloc": "/home/airflow/.local/lib/python3.12/site-packages/airflow/example_dags/example_datasets.py",
      "has_import_errors": false,
      "has_task_concurrency_limits": false,
      "is_active": true,
      "is_paused": true,
      "is_subdag": false,
      "last_expired": null,
      "last_parsed_time": "2026-04-25T08:54:19.050260+00:00",
      "last_pickled": null,
      "max_active_runs": 16,
      "max_active_tasks": 16,
      "max_consecutive_failed_dag_runs": 0,
      "next_dagrun": null,
      "next_dagrun_create_after": null,
      "next_dagrun_data_interval_end": null,
      "next_dagrun_data_interval_start": null,
      "owners": [
        "airflow"
      ],
      "pickle_id": null,
      "root_dag_id": null,
      "schedule_interval": {
        "__type": "CronExpression",
        "value": "Dataset"
      },
      "scheduler_lock": null,
      "tags": [
        {
          "name": "dataset-scheduled"
        },
        {
          "name": "consumes"
        }
      ],
      "timetable_description": "Triggered by datasets"
    },
    {
      "dag_display_name": "dataset_consumes_unknown_never_scheduled",
      "dag_id": "dataset_consumes_unknown_never_scheduled",
      "default_view": "grid",
      "description": null,
      "file_token": ".eJxNyjEKgDAMAMC_dLdBfZDEGttiaoIJaH_vJo4HF6BII8B67Sw3RJaEDFxX0O5FzjmOE1h1GhTTgZnsu_RgU6Zlw2w_OBq5Re3hBQs-Ihk.yzmPjuQ4t6tEXPUCEioEGOdeLMA",
      "fileloc": "/home/airflow/.local/lib/python3.12/site-packages/airflow/example_dags/example_datasets.py",
      "has_import_errors": false,
      "has_task_concurrency_limits": false,
      "is_active": true,
      "is_paused": true,
      "is_subdag": false,
      "last_expired": null,
      "last_parsed_time": "2026-04-25T08:54:19.051162+00:00",
      "last_pickled": null,
      "max_active_runs": 16,
      "max_active_tasks": 16,
      "max_consecutive_failed_dag_runs": 0,
      "next_dagrun": null,
      "next_dagrun_create_after": null,
      "next_dagrun_data_interval_end": null,
      "next_dagrun_data_interval_start": null,
      "owners": [
        "airflow"
      ],
      "pickle_id": null,
      "root_dag_id": null,
      "schedule_interval": {
        "__type": "CronExpression",
        "value": "Dataset"
      },
      "scheduler_lock": null,
      "tags": [
        {
          "name": "dataset-scheduled"
        }
      ],
      "timetable_description": "Triggered by datasets"
    },
    {
      "dag_display_name": "dataset_produces_1",
      "dag_id": "dataset_produces_1",
      "default_view": "grid",
      "description": null,
      "file_token": ".eJxNyjEKgDAMAMC_dLdBfZDEGttiaoIJaH_vJo4HF6BII8B67Sw3RJaEDFxX0O5FzjmOE1h1GhTTgZnsu_RgU6Zlw2w_OBq5Re3hBQs-Ihk.yzmPjuQ4t6tEXPUCEioEGOdeLMA",
      "fileloc": "/home/airflow/.local/lib/python3.12/site-packages/airflow/example_dags/example_datasets.py",
      "has_import_errors": false,
      "has_task_concurrency_limits": false,
      "is_active": true,
      "is_paused": true,
      "is_subdag": false,
      "last_expired": null,
      "last_parsed_time": "2026-04-25T08:54:19.052070+00:00",
      "last_pickled": null,
      "max_active_runs": 16,
      "max_active_tasks": 16,
      "max_consecutive_failed_dag_runs": 0,
      "next_dagrun": "2026-04-24T00:00:00+00:00",
      "next_dagrun_create_after": "2026-04-25T00:00:00+00:00",
      "next_dagrun_data_interval_end": "2026-04-25T00:00:00+00:00",
      "next_dagrun_data_interval_start": "2026-04-24T00:00:00+00:00",
      "owners": [
        "airflow"
      ],
      "pickle_id": null,
      "root_dag_id": null,
      "schedule_interval": {
        "__type": "CronExpression",
        "value": "@daily"
      },
      "scheduler_lock": null,
      "tags": [
        {
          "name": "dataset-scheduled"
        },
        {
          "name": "produces"
        }
      ],
      "timetable_description": "At 00:00"
    },
    {
      "dag_display_name": "dataset_produces_2",
      "dag_id": "dataset_produces_2",
      "default_view": "grid",
      "description": null,
      "file_token": ".eJxNyjEKgDAMAMC_dLdBfZDEGttiaoIJaH_vJo4HF6BII8B67Sw3RJaEDFxX0O5FzjmOE1h1GhTTgZnsu_RgU6Zlw2w_OBq5Re3hBQs-Ihk.yzmPjuQ4t6tEXPUCEioEGOdeLMA",
      "fileloc": "/home/airflow/.local/lib/python3.12/site-packages/airflow/example_dags/example_datasets.py",
      "has_import_errors": false,
      "has_task_concurrency_limits": false,
      "is_active": true,
      "is_paused": true,
      "is_subdag": false,
      "last_expired": null,
      "last_parsed_time": "2026-04-25T08:54:19.054229+00:00",
      "last_pickled": null,
      "max_active_runs": 16,
      "max_active_tasks": 16,
      "max_consecutive_failed_dag_runs": 0,
      "next_dagrun": null,
      "next_dagrun_create_after": null,
      "next_dagrun_data_interval_end": null,
      "next_dagrun_data_interval_start": null,
      "owners": [
        "airflow"
      ],
      "pickle_id": null,
      "root_dag_id": null,
      "schedule_interval": null,
      "scheduler_lock": null,
      "tags": [
        {
          "name": "dataset-scheduled"
        },
        {
          "name": "produces"
        }
      ],
      "timetable_description": "Never, external triggers only"
    },
    {
      "dag_display_name": "example_bash_decorator",
      "dag_id": "example_bash_decorator",
      "default_view": "grid",
      "description": null,
      "file_token": ".eJw9yjEOgCAMAMC_sEujPogUqEAstgES5fdujJecgSyVAEu7WF6wLAEZuHjQObI8p90P6GXQphhuTNTXpQ-rMrmIqS947NlFCtJwSLM6zQ_hiiSA.-a32i8rx1JOpjNrz2ff3FnHBRgk",
      "fileloc": "/home/airflow/.local/lib/python3.12/site-packages/airflow/example_dags/example_bash_decorator.py",
      "has_import_errors": false,
      "has_task_concurrency_limits": false,
      "is_active": true,
      "is_paused": true,
      "is_subdag": false,
      "last_expired": null,
      "last_parsed_time": "2026-04-25T08:54:30.516616+00:00",
      "last_pickled": null,
      "max_active_runs": 16,
      "max_active_tasks": 16,
      "max_consecutive_failed_dag_runs": 0,
      "next_dagrun": null,
      "next_dagrun_create_after": null,
      "next_dagrun_data_interval_end": null,
      "next_dagrun_data_interval_start": null,
      "owners": [
        "airflow"
      ],
      "pickle_id": null,
      "root_dag_id": null,
      "schedule_interval": null,
      "scheduler_lock": null,
      "tags": [],
      "timetable_description": "Never, external triggers only"
    },
    {
      "dag_display_name": "example_bash_operator",
      "dag_id": "example_bash_operator",
      "default_view": "grid",
      "description": null,
      "file_token": ".eJw9yjEOgCAMAMC_sEujPogUrEAstqEkyu_dHC85B0UaAdZ-sjzgWRIycI2gcxS5d79uYHXQopguzGT_pRebMoUDs_2IaCWIUsch3et0H72VJCk.ALBDMgCK0lPcVXPijkvoQ7MJKes",
      "fileloc": "/home/airflow/.local/lib/python3.12/site-packages/airflow/example_dags/example_bash_operator.py",
      "has_import_errors": false,
      "has_task_concurrency_limits": false,
      "is_active": true,
      "is_paused": true,
      "is_subdag": false,
      "last_expired": null,
      "last_parsed_time": "2026-04-25T08:54:20.408576+00:00",
      "last_pickled": null,
      "max_active_runs": 16,
      "max_active_tasks": 16,
      "max_consecutive_failed_dag_runs": 0,
      "next_dagrun": "2026-04-24T00:00:00+00:00",
      "next_dagrun_create_after": "2026-04-25T00:00:00+00:00",
      "next_dagrun_data_interval_end": "2026-04-25T00:00:00+00:00",
      "next_dagrun_data_interval_start": "2026-04-24T00:00:00+00:00",
      "owners": [
        "airflow"
      ],
      "pickle_id": null,
      "root_dag_id": null,
      "schedule_interval": {
        "__type": "CronExpression",
        "value": "0 0 * * *"
      },
      "scheduler_lock": null,
      "tags": [
        {
          "name": "example2"
        },
        {
          "name": "example"
        }
      ],
      "timetable_description": "At 00:00"
    },
    {
      "dag_display_name": "example_branch_datetime_operator",
      "dag_id": "example_branch_datetime_operator",
      "default_view": "grid",
      "description": null,
      "file_token": ".eJw9ykEOgCAMAMG_eJdGfRApWIVYaANN1N_rieNOdoIkhQBzO1hucCwRGTgH0NeS1M0tK_RsNCvGC0_q46UHizL5Hc8-IjSsMf1mZLmQF6WGJs3pO31pTCil.bu_ucIklXo1U-hvze7WtTZ47Er8",
      "fileloc": "/home/airflow/.local/lib/python3.12/site-packages/airflow/example_dags/example_branch_datetime_operator.py",
      "has_import_errors": false,
      "has_task_concurrency_limits": false,
      "is_active": true,
      "is_paused": true,
      "is_subdag": false,
      "last_expired": null,
      "last_parsed_time": "2026-04-25T08:54:21.428615+00:00",
      "last_pickled": null,
      "max_active_runs": 16,
      "max_active_tasks": 16,
      "max_consecutive_failed_dag_runs": 0,
      "next_dagrun": "2026-04-24T00:00:00+00:00",
      "next_dagrun_create_after": "2026-04-25T00:00:00+00:00",
      "next_dagrun_data_interval_end": "2026-04-25T00:00:00+00:00",
      "next_dagrun_data_interval_start": "2026-04-24T00:00:00+00:00",
      "owners": [
        "airflow"
      ],
      "pickle_id": null,
      "root_dag_id": null,
      "schedule_interval": {
        "__type": "CronExpression",
        "value": "@daily"
      },
      "scheduler_lock": null,
      "tags": [
        {
          "name": "example"
        }
      ],
      "timetable_description": "At 00:00"
    },
    {
      "dag_display_name": "example_branch_datetime_operator_2",
      "dag_id": "example_branch_datetime_operator_2",
      "default_view": "grid",
      "description": null,
      "file_token": ".eJw9ykEOgCAMAMG_eJdGfRApWIVYaANN1N_rieNOdoIkhQBzO1hucCwRGTgH0NeS1M0tK_RsNCvGC0_q46UHizL5Hc8-IjSsMf1mZLmQF6WGJs3pO31pTCil.bu_ucIklXo1U-hvze7WtTZ47Er8",
      "fileloc": "/home/airflow/.local/lib/python3.12/site-packages/airflow/example_dags/example_branch_datetime_operator.py",
      "has_import_errors": false,
      "has_task_concurrency_limits": false,
      "is_active": true,
      "is_paused": true,
      "is_subdag": false,
      "last_expired": null,
      "last_parsed_time": "2026-04-25T08:54:21.433102+00:00",
      "last_pickled": null,
      "max_active_runs": 16,
      "max_active_tasks": 16,
      "max_consecutive_failed_dag_runs": 0,
      "next_dagrun": "2026-04-24T00:00:00+00:00",
      "next_dagrun_create_after": "2026-04-25T00:00:00+00:00",
      "next_dagrun_data_interval_end": "2026-04-25T00:00:00+00:00",
      "next_dagrun_data_interval_start": "2026-04-24T00:00:00+00:00",
      "owners": [
        "airflow"
      ],
      "pickle_id": null,
      "root_dag_id": null,
      "schedule_interval": {
        "__type": "CronExpression",
        "value": "@daily"
      },
      "scheduler_lock": null,
      "tags": [
        {
          "name": "example"
        }
      ],
      "timetable_description": "At 00:00"
    },
    {
      "dag_display_name": "example_branch_datetime_operator_3",
      "dag_id": "example_branch_datetime_operator_3",
      "default_view": "grid",
      "description": null,
      "file_token": ".eJw9ykEOgCAMAMG_eJdGfRApWIVYaANN1N_rieNOdoIkhQBzO1hucCwRGTgH0NeS1M0tK_RsNCvGC0_q46UHizL5Hc8-IjSsMf1mZLmQF6WGJs3pO31pTCil.bu_ucIklXo1U-hvze7WtTZ47Er8",
      "fileloc": "/home/airflow/.local/lib/python3.12/site-packages/airflow/example_dags/example_branch_datetime_operator.py",
      "has_import_errors": false,
      "has_task_concurrency_limits": false,
      "is_active": true,
      "is_paused": true,
      "is_subdag": false,
      "last_expired": null,
      "last_parsed_time": "2026-04-25T08:54:21.435172+00:00",
      "last_pickled": null,
      "max_active_runs": 16,
      "max_active_tasks": 16,
      "max_consecutive_failed_dag_runs": 0,
      "next_dagrun": "2026-04-24T00:00:00+00:00",
      "next_dagrun_create_after": "2026-04-25T00:00:00+00:00",
      "next_dagrun_data_interval_end": "2026-04-25T00:00:00+00:00",
      "next_dagrun_data_interval_start": "2026-04-24T00:00:00+00:00",
      "owners": [
        "airflow"
      ],
      "pickle_id": null,
      "root_dag_id": null,
      "schedule_interval": {
        "__type": "CronExpression",
        "value": "@daily"
      },
      "scheduler_lock": null,
      "tags": [
        {
          "name": "example"
        }
      ],
      "timetable_description": "At 00:00"
    },
    {
      "dag_display_name": "example_branch_dop_operator_v3",
      "dag_id": "example_branch_dop_operator_v3",
      "default_view": "grid",
      "description": null,
      "file_token": ".eJw9y9EKgCAMQNF_6T1H9UFj6UpptqFC-fc9BD5eOHeCqJmBUjlEH3CingQk7WC9Rb03t6xQU-PZyF90ch2WX8omjIHOOmIvdPuI_4xBDdW4UNOCm7M-fROaKi4.Q3PH8Z7ltU0Idmuw-vN9DmsaZpI",
      "fileloc": "/home/airflow/.local/lib/python3.12/site-packages/airflow/example_dags/example_branch_python_dop_operator_3.py",
      "has_import_errors": false,
      "has_task_concurrency_limits": false,
      "is_active": true,
      "is_paused": true,
      "is_subdag": false,
      "last_expired": null,
      "last_parsed_time": "2026-04-25T08:54:33.294587+00:00",
      "last_pickled": null,
      "max_active_runs": 16,
      "max_active_tasks": 16,
      "max_consecutive_failed_dag_runs": 0,
      "next_dagrun": "2026-04-25T08:53:00+00:00",
      "next_dagrun_create_after": "2026-04-25T08:54:00+00:00",
      "next_dagrun_data_interval_end": "2026-04-25T08:54:00+00:00",
      "next_dagrun_data_interval_start": "2026-04-25T08:53:00+00:00",
      "owners": [
        "airflow"
      ],
      "pickle_id": null,
      "root_dag_id": null,
      "schedule_interval": {
        "__type": "CronExpression",
        "value": "*/1 * * * *"
      },
      "scheduler_lock": null,
      "tags": [
        {
          "name": "example"
        }
      ],
      "timetable_description": "Every minute"
    },
    {
      "dag_display_name": "example_branch_labels",
      "dag_id": "example_branch_labels",
      "default_view": "grid",
      "description": null,
      "file_token": ".eJw9yjEOgCAMAMC_sEujPogUrEAs0FAS5fdujJecgdQKAeZ-c3vBcgvIwNmDzJFaPe1-gOZBm2B4MJKuSx8WYXIXRl3wHWtIjtETq5VpfrxPJAA.KgyVWrarS1NpX5slBCq_UDfn3EA",
      "fileloc": "/home/airflow/.local/lib/python3.12/site-packages/airflow/example_dags/example_branch_labels.py",
      "has_import_errors": false,
      "has_task_concurrency_limits": false,
      "is_active": true,
      "is_paused": true,
      "is_subdag": false,
      "last_expired": null,
      "last_parsed_time": "2026-04-25T08:54:32.936605+00:00",
      "last_pickled": null,
      "max_active_runs": 16,
      "max_active_tasks": 16,
      "max_consecutive_failed_dag_runs": 0,
      "next_dagrun": "2026-04-24T00:00:00+00:00",
      "next_dagrun_create_after": "2026-04-25T00:00:00+00:00",
      "next_dagrun_data_interval_end": "2026-04-25T00:00:00+00:00",
      "next_dagrun_data_interval_start": "2026-04-24T00:00:00+00:00",
      "owners": [
        "airflow"
      ],
      "pickle_id": null,
      "root_dag_id": null,
      "schedule_interval": {
        "__type": "CronExpression",
        "value": "@daily"
      },
      "scheduler_lock": null,
      "tags": [],
      "timetable_description": "At 00:00"
    },
    {
      "dag_display_name": "example_branch_operator",
      "dag_id": "example_branch_operator",
      "default_view": "grid",
      "description": null,
      "file_token": ".eJw9yjEOgCAMAMC_sEujPogUrEAstAES5fdujJecgSSFAHO7WV6wLAEZOHvQOZLU0-4H9DxoUwwPRurr0odFmdyFsS_4hjUkJ0oNhzSr0_wHyyT5.dQrn3fb3l06RpLCfHQ99WlahhsI",
      "fileloc": "/home/airflow/.local/lib/python3.12/site-packages/airflow/example_dags/example_branch_operator.py",
      "has_import_errors": false,
      "has_task_concurrency_limits": false,
      "is_active": true,
      "is_paused": true,
      "is_subdag": false,
      "last_expired": null,
      "last_parsed_time": "2026-04-25T08:54:20.220855+00:00",
      "last_pickled": null,
      "max_active_runs": 16,
      "max_active_tasks": 16,
      "max_consecutive_failed_dag_runs": 0,
      "next_dagrun": "2026-04-24T00:00:00+00:00",
      "next_dagrun_create_after": "2026-04-25T00:00:00+00:00",
      "next_dagrun_data_interval_end": "2026-04-25T00:00:00+00:00",
      "next_dagrun_data_interval_start": "2026-04-24T00:00:00+00:00",
      "owners": [
        "airflow"
      ],
      "pickle_id": null,
      "root_dag_id": null,
      "schedule_interval": {
        "__type": "CronExpression",
        "value": "@daily"
      },
      "scheduler_lock": null,
      "tags": [
        {
          "name": "example2"
        },
        {
          "name": "example"
        }
      ],
      "timetable_description": "At 00:00"
    },
    {
      "dag_display_name": "example_branch_python_operator_decorator",
      "dag_id": "example_branch_python_operator_decorator",
      "default_view": "grid",
      "description": null,
      "file_token": ".eJw9ykEKgCAQQNG7uM-hOpCMOqk0OYMK5e2DFu3-g28gy0WApR0sN1iWgAxcPOgcWepu1w16GbQohhMT9f-lBy9lchFT_-Eb1pCdKDUc0lykIF9ZneYFk_0pGw.ja5o0onsZ2pZ2YRNQUSpDp6Poec",
      "fileloc": "/home/airflow/.local/lib/python3.12/site-packages/airflow/example_dags/example_branch_operator_decorator.py",
      "has_import_errors": false,
      "has_task_concurrency_limits": false,
      "is_active": true,
      "is_paused": true,
      "is_subdag": false,
      "last_expired": null,
      "last_parsed_time": "2026-04-25T08:54:32.676279+00:00",
      "last_pickled": null,
      "max_active_runs": 16,
      "max_active_tasks": 16,
      "max_consecutive_failed_dag_runs": 0,
      "next_dagrun": "2026-04-24T00:00:00+00:00",
      "next_dagrun_create_after": "2026-04-25T00:00:00+00:00",
      "next_dagrun_data_interval_end": "2026-04-25T00:00:00+00:00",
      "next_dagrun_data_interval_start": "2026-04-24T00:00:00+00:00",
      "owners": [
        "airflow"
      ],
      "pickle_id": null,
      "root_dag_id": null,
      "schedule_interval": {
        "__type": "CronExpression",
        "value": "@daily"
      },
      "scheduler_lock": null,
      "tags": [
        {
          "name": "example2"
        },
        {
          "name": "example"
        }
      ],
      "timetable_description": "At 00:00"
    },
    {
      "dag_display_name": "example_complex",
      "dag_id": "example_complex",
      "default_view": "grid",
      "description": null,
      "file_token": ".eJw9ytEKgCAMQNF_8T1H9UGxbOlotpFC-vfRi0-XA9dB0kyA_JyiL3jRgALCO1ivSe_VzwsUrjQZhgsjlfFSw2xC24GxDAT907x19wHpICG4.qWhxgafC-URCMdjTqfYLLNCbXVo",
      "fileloc": "/home/airflow/.local/lib/python3.12/site-packages/airflow/example_dags/example_complex.py",
      "has_import_errors": false,
      "has_task_concurrency_limits": false,
      "is_active": true,
      "is_paused": true,
      "is_subdag": false,
      "last_expired": null,
      "last_parsed_time": "2026-04-25T08:54:33.401170+00:00",
      "last_pickled": null,
      "max_active_runs": 16,
      "max_active_tasks": 16,
      "max_consecutive_failed_dag_runs": 0,
      "next_dagrun": null,
      "next_dagrun_create_after": null,
      "next_dagrun_data_interval_end": null,
      "next_dagrun_data_interval_start": null,
      "owners": [
        "airflow"
      ],
      "pickle_id": null,
      "root_dag_id": null,
      "schedule_interval": null,
      "scheduler_lock": null,
      "tags": [
        {
          "name": "example2"
        },
        {
          "name": "example"
        },
        {
          "name": "example3"
        }
      ],
      "timetable_description": "Never, external triggers only"
    },
    {
      "dag_display_name": "example_dag_decorator",
      "dag_id": "example_dag_decorator",
      "default_view": "grid",
      "description": null,
      "file_token": ".eJxNysEKgCAMANB_8Z6j-iBZulSabahQ_n238PjgGUhSCDDXk-UBy-KRgfMBOnqSe7frBi13WhT9hZHaf-nFokwuYGwzXCAvFbtUq8N8vCMkDg.9LyCGAkrFFyMvPwjnY7P6yROYzQ",
      "fileloc": "/home/airflow/.local/lib/python3.12/site-packages/airflow/example_dags/example_dag_decorator.py",
      "has_import_errors": false,
      "has_task_concurrency_limits": false,
      "is_active": true,
      "is_paused": true,
      "is_subdag": false,
      "last_expired": null,
      "last_parsed_time": "2026-04-25T08:54:32.850644+00:00",
      "last_pickled": null,
      "max_active_runs": 16,
      "max_active_tasks": 16,
      "max_consecutive_failed_dag_runs": 0,
      "next_dagrun": null,
      "next_dagrun_create_after": null,
      "next_dagrun_data_interval_end": null,
      "next_dagrun_data_interval_start": null,
      "owners": [
        "airflow"
      ],
      "pickle_id": null,
      "root_dag_id": null,
      "schedule_interval": null,
      "scheduler_lock": null,
      "tags": [
        {
          "name": "example"
        }
      ],
      "timetable_description": "Never, external triggers only"
    },
    {
      "dag_display_name": "Sample DAG with Display Name",
      "dag_id": "example_display_name",
      "default_view": "grid",
      "description": null,
      "file_token": ".eJxFyjEOgCAMAMC_sEujPohUrNBYaCMkyu_ddLzkHGQtBMjXIXqDF40oILyBjZ61rn5eoHGnyTCemKh9lx4sJhR2TO0HNxMcoWIhb8O9mYcjtg.xRPe4Z_aXrH-bCV9Rq6MDCuQy4U",
      "fileloc": "/home/airflow/.local/lib/python3.12/site-packages/airflow/example_dags/example_display_name.py",
      "has_import_errors": false,
      "has_task_concurrency_limits": false,
      "is_active": true,
      "is_paused": true,
      "is_subdag": false,
      "last_expired": null,
      "last_parsed_time": "2026-04-25T08:54:21.785205+00:00",
      "last_pickled": null,
      "max_active_runs": 16,
      "max_active_tasks": 16,
      "max_consecutive_failed_dag_runs": 0,
      "next_dagrun": null,
      "next_dagrun_create_after": null,
      "next_dagrun_data_interval_end": null,
      "next_dagrun_data_interval_start": null,
      "owners": [
        "airflow"
      ],
      "pickle_id": null,
      "root_dag_id": null,
      "schedule_interval": null,
      "scheduler_lock": null,
      "tags": [
        {
          "name": "example"
        }
      ],
      "timetable_description": "Never, external triggers only"
    },
    {
      "dag_display_name": "example_dynamic_task_mapping",
      "dag_id": "example_dynamic_task_mapping",
      "default_view": "grid",
      "description": null,
      "file_token": ".eJxFykEOgCAMBMC_eJdGfRBZsWJjgUZIlN970-MkM9BREhPk2rXc5LQEKKmsZL0dJS9umqlK49EQTkSu3-UHyZT9hlh_9IwkwTfU0yeYSY7O-vACyTonAg.xivIZumN9YiHwbR0_6ktqvinNE4",
      "fileloc": "/home/airflow/.local/lib/python3.12/site-packages/airflow/example_dags/example_dynamic_task_mapping.py",
      "has_import_errors": false,
      "has_task_concurrency_limits": false,
      "is_active": true,
      "is_paused": true,
      "is_subdag": false,
      "last_expired": null,
      "last_parsed_time": "2026-04-25T08:54:27.961866+00:00",
      "last_pickled": null,
      "max_active_runs": 16,
      "max_active_tasks": 16,
      "max_consecutive_failed_dag_runs": 0,
      "next_dagrun": "2022-03-04T00:00:00+00:00",
      "next_dagrun_create_after": "2022-03-05T00:00:00+00:00",
      "next_dagrun_data_interval_end": "2022-03-05T00:00:00+00:00",
      "next_dagrun_data_interval_start": "2022-03-04T00:00:00+00:00",
      "owners": [
        "airflow"
      ],
      "pickle_id": null,
      "root_dag_id": null,
      "schedule_interval": {
        "__type": "TimeDelta",
        "days": 1,
        "microseconds": 0,
        "seconds": 0
      },
      "scheduler_lock": null,
      "tags": [],
      "timetable_description": ""
    },
    {
      "dag_display_name": "example_dynamic_task_mapping_with_no_taskflow_operators",
      "dag_id": "example_dynamic_task_mapping_with_no_taskflow_operators",
      "default_view": "grid",
      "description": null,
      "file_token": ".eJxFi0EOAjEIAP-yd0vUBxGs2JKlhZQma39v3IMeZzKzQbXGQDJeagcktUwKKg_wNav1e7reIGTyxSnvVDh-Lb-puTI-qcQfVqcmGSfFjo3cpRc8ZFbsdsrviuY8aNqI5Gv7AJEFMmE.fqM2TdxU-AQCQ8_qwbEZrulWF-I",
      "fileloc": "/home/airflow/.local/lib/python3.12/site-packages/airflow/example_dags/example_dynamic_task_mapping_with_no_taskflow_operators.py",
      "has_import_errors": false,
      "has_task_concurrency_limits": false,
      "is_active": true,
      "is_paused": true,
      "is_subdag": false,
      "last_expired": null,
      "last_parsed_time": "2026-04-25T08:54:17.987997+00:00",
      "last_pickled": null,
      "max_active_runs": 16,
      "max_active_tasks": 16,
      "max_consecutive_failed_dag_runs": 0,
      "next_dagrun": "2026-04-24T00:00:00+00:00",
      "next_dagrun_create_after": "2026-04-25T00:00:00+00:00",
      "next_dagrun_data_interval_end": "2026-04-25T00:00:00+00:00",
      "next_dagrun_data_interval_start": "2026-04-24T00:00:00+00:00",
      "owners": [
        "airflow"
      ],
      "pickle_id": null,
      "root_dag_id": null,
      "schedule_interval": {
        "__type": "TimeDelta",
        "days": 1,
        "microseconds": 0,
        "seconds": 0
      },
      "scheduler_lock": null,
      "tags": [],
      "timetable_description": ""
    },
    {
      "dag_display_name": "example_external_task_marker_child",
      "dag_id": "example_external_task_marker_child",
      "default_view": "grid",
      "description": null,
      "file_token": ".eJw9yk0KgCAQBtC7uM-hOpB82WTi-IMK6e2jTcsHT9GdIxN8vSQ_pCVbCIk_qMx-57TrdaPmOy8FNsBx-y8PxCJsTrj2g0fnmiCmowUTUQPXb-gy1QtsTiih.ICJV-fI3qOFzaiWOUAzXTDTSqbI",
      "fileloc": "/home/airflow/.local/lib/python3.12/site-packages/airflow/example_dags/example_external_task_marker_dag.py",
      "has_import_errors": false,
      "has_task_concurrency_limits": false,
      "is_active": true,
      "is_paused": true,
      "is_subdag": false,
      "last_expired": null,
      "last_parsed_time": "2026-04-25T08:54:28.496933+00:00",
      "last_pickled": null,
      "max_active_runs": 16,
      "max_active_tasks": 16,
      "max_consecutive_failed_dag_runs": 0,
      "next_dagrun": null,
      "next_dagrun_create_after": null,
      "next_dagrun_data_interval_end": null,
      "next_dagrun_data_interval_start": null,
      "owners": [
        "airflow"
      ],
      "pickle_id": null,
      "root_dag_id": null,
      "schedule_interval": null,
      "scheduler_lock": null,
      "tags": [
        {
          "name": "example2"
        }
      ],
      "timetable_description": "Never, external triggers only"
    },
    {
      "dag_display_name": "example_external_task_marker_parent",
      "dag_id": "example_external_task_marker_parent",
      "default_view": "grid",
      "description": null,
      "file_token": ".eJw9yk0KgCAQBtC7uM-hOpB82WTi-IMK6e2jTcsHT9GdIxN8vSQ_pCVbCIk_qMx-57TrdaPmOy8FNsBx-y8PxCJsTrj2g0fnmiCmowUTUQPXb-gy1QtsTiih.ICJV-fI3qOFzaiWOUAzXTDTSqbI",
      "fileloc": "/home/airflow/.local/lib/python3.12/site-packages/airflow/example_dags/example_external_task_marker_dag.py",
      "has_import_errors": false,
      "has_task_concurrency_limits": false,
      "is_active": true,
      "is_paused": true,
      "is_subdag": false,
      "last_expired": null,
      "last_parsed_time": "2026-04-25T08:54:28.499959+00:00",
      "last_pickled": null,
      "max_active_runs": 16,
      "max_active_tasks": 16,
      "max_consecutive_failed_dag_runs": 0,
      "next_dagrun": null,
      "next_dagrun_create_after": null,
      "next_dagrun_data_interval_end": null,
      "next_dagrun_data_interval_start": null,
      "owners": [
        "airflow"
      ],
      "pickle_id": null,
      "root_dag_id": null,
      "schedule_interval": null,
      "scheduler_lock": null,
      "tags": [
        {
          "name": "example2"
        }
      ],
      "timetable_description": "Never, external triggers only"
    },
    {
      "dag_display_name": "example_kubernetes_executor",
      "dag_id": "example_kubernetes_executor",
      "default_view": "grid",
      "description": null,
      "file_token": ".eJw9ykEOgCAMBMC_cJdGfZApuCKxUgIY5ffeOE4yhk69QRzLIfqSFfUsJNFR7u3UtNp5oRobpsz-4oA6Lj6-s2DbOdSB63EoCQ11wwf_NC02d_MDo70mxg.WKNfwaB0_DKN1qlbhNmvFn9qXBk",
      "fileloc": "/home/airflow/.local/lib/python3.12/site-packages/airflow/example_dags/example_kubernetes_executor.py",
      "has_import_errors": false,
      "has_task_concurrency_limits": false,
      "is_active": true,
      "is_paused": true,
      "is_subdag": false,
      "last_expired": null,
      "last_parsed_time": "2026-04-25T08:54:22.846972+00:00",
      "last_pickled": null,
      "max_active_runs": 16,
      "max_active_tasks": 16,
      "max_consecutive_failed_dag_runs": 0,
      "next_dagrun": null,
      "next_dagrun_create_after": null,
      "next_dagrun_data_interval_end": null,
      "next_dagrun_data_interval_start": null,
      "owners": [
        "airflow"
      ],
      "pickle_id": null,
      "root_dag_id": null,
      "schedule_interval": null,
      "scheduler_lock": null,
      "tags": [
        {
          "name": "example3"
        }
      ],
      "timetable_description": "Never, external triggers only"
    },
    {
      "dag_display_name": "example_local_kubernetes_executor",
      "dag_id": "example_local_kubernetes_executor",
      "default_view": "grid",
      "description": null,
      "file_token": ".eJw9y0sKgDAMRdG9dG6DuqAS61OL0ZR-sN294MDhhXMNHXqBOKRN9CEr6llIwkKxl0Pv2Y4T5VAwRPYn78i_ReMrCtzKe_7j-91ZF6QbBdmhwdeiycZuXpUVKTA.inqRBwTv_hDMyMeEgy16FBFqxzM",
      "fileloc": "/home/airflow/.local/lib/python3.12/site-packages/airflow/example_dags/example_local_kubernetes_executor.py",
      "has_import_errors": false,
      "has_task_concurrency_limits": false,
      "is_active": true,
      "is_paused": true,
      "is_subdag": false,
      "last_expired": null,
      "last_parsed_time": "2026-04-25T08:54:27.979088+00:00",
      "last_pickled": null,
      "max_active_runs": 16,
      "max_active_tasks": 16,
      "max_consecutive_failed_dag_runs": 0,
      "next_dagrun": null,
      "next_dagrun_create_after": null,
      "next_dagrun_data_interval_end": null,
      "next_dagrun_data_interval_start": null,
      "owners": [
        "airflow"
      ],
      "pickle_id": null,
      "root_dag_id": null,
      "schedule_interval": null,
      "scheduler_lock": null,
      "tags": [
        {
          "name": "example3"
        }
      ],
      "timetable_description": "Never, external triggers only"
    },
    {
      "dag_display_name": "example_nested_branch_dag",
      "dag_id": "example_nested_branch_dag",
      "default_view": "grid",
      "description": null,
      "file_token": ".eJw9ykEOgCAMAMG_cJdGfRApUIFYoAES5ffGC8fNrIJYMwGmdnF9QHN1yMDJgswRazn1fkBPgzZBd2Ogvl56MQuT8Rj6ikJ9kDe2YXHxJy1TfVL-JZs.Yhbom1V-5u9fMexSWQnsPfGp0R0",
      "fileloc": "/home/airflow/.local/lib/python3.12/site-packages/airflow/example_dags/example_nested_branch_dag.py",
      "has_import_errors": false,
      "has_task_concurrency_limits": false,
      "is_active": true,
      "is_paused": true,
      "is_subdag": false,
      "last_expired": null,
      "last_parsed_time": "2026-04-25T08:54:32.798716+00:00",
      "last_pickled": null,
      "max_active_runs": 16,
      "max_active_tasks": 16,
      "max_consecutive_failed_dag_runs": 0,
      "next_dagrun": "2026-04-24T00:00:00+00:00",
      "next_dagrun_create_after": "2026-04-25T00:00:00+00:00",
      "next_dagrun_data_interval_end": "2026-04-25T00:00:00+00:00",
      "next_dagrun_data_interval_start": "2026-04-24T00:00:00+00:00",
      "owners": [
        "airflow"
      ],
      "pickle_id": null,
      "root_dag_id": null,
      "schedule_interval": {
        "__type": "CronExpression",
        "value": "@daily"
      },
      "scheduler_lock": null,
      "tags": [
        {
          "name": "example"
        }
      ],
      "timetable_description": "At 00:00"
    },
    {
      "dag_display_name": "Params Trigger UI",
      "dag_id": "example_params_trigger_ui",
      "default_view": "grid",
      "description": "Example DAG demonstrating the usage DAG params to model a trigger UI with a user form",
      "file_token": ".eJw9yjEOgCAMAMC_sEujPohUrNBYpKEY9fdujJecg1wLAXI7pD7gpUYUEN5Av57rtfp5AeNOk2I8MZGNSy8WFQo7JhtQbFgs9MYpUQs3e_3cD1T6JdQ.vgl2cjQtjTRHy0jxArxaPXMP6Fk",
      "fileloc": "/home/airflow/.local/lib/python3.12/site-packages/airflow/example_dags/example_params_trigger_ui.py",
      "has_import_errors": false,
      "has_task_concurrency_limits": false,
      "is_active": true,
      "is_paused": true,
      "is_subdag": false,
      "last_expired": null,
      "last_parsed_time": "2026-04-25T08:54:28.102292+00:00",
      "last_pickled": null,
      "max_active_runs": 16,
      "max_active_tasks": 16,
      "max_consecutive_failed_dag_runs": 0,
      "next_dagrun": null,
      "next_dagrun_create_after": null,
      "next_dagrun_data_interval_end": null,
      "next_dagrun_data_interval_start": null,
      "owners": [
        "airflow"
      ],
      "pickle_id": null,
      "root_dag_id": null,
      "schedule_interval": null,
      "scheduler_lock": null,
      "tags": [
        {
          "name": "example"
        },
        {
          "name": "params"
        }
      ],
      "timetable_description": "Never, external triggers only"
    },
    {
      "dag_display_name": "Params UI tutorial",
      "dag_id": "example_params_ui_tutorial",
      "default_view": "grid",
      "description": "DAG demonstrating various options for a trigger form generated by DAG params",
      "file_token": ".eJw9ykEOQDAQBdC72OsEB2o-BhNTM2kruL1dly95HR2WmCB5U3soqC1QUpnJv3rYNYVhpCKVe8dyYufSLr9IrhxX7KXBkZFKvCXWu1oWaPCv-wF8hSZU.uIt6lsv7z8yXXzxfZ64tUHq0ZIA",
      "fileloc": "/home/airflow/.local/lib/python3.12/site-packages/airflow/example_dags/example_params_ui_tutorial.py",
      "has_import_errors": false,
      "has_task_concurrency_limits": false,
      "is_active": true,
      "is_paused": true,
      "is_subdag": false,
      "last_expired": null,
      "last_parsed_time": "2026-04-25T08:54:28.179537+00:00",
      "last_pickled": null,
      "max_active_runs": 16,
      "max_active_tasks": 16,
      "max_consecutive_failed_dag_runs": 0,
      "next_dagrun": null,
      "next_dagrun_create_after": null,
      "next_dagrun_data_interval_end": null,
      "next_dagrun_data_interval_start": null,
      "owners": [
        "airflow"
      ],
      "pickle_id": null,
      "root_dag_id": null,
      "schedule_interval": null,
      "scheduler_lock": null,
      "tags": [
        {
          "name": "example"
        },
        {
          "name": "params"
        },
        {
          "name": "ui"
        }
      ],
      "timetable_description": "Never, external triggers only"
    },
    {
      "dag_display_name": "example_passing_params_via_test_command",
      "dag_id": "example_passing_params_via_test_command",
      "default_view": "grid",
      "description": null,
      "file_token": ".eJw9ykEOwjAMBdG7dE8s4EDRJzWphR1bdQT09rDqavSkWWhzY4LsT_UPFfUGJZUHxTE3H_dyvVHK5EugvdA5z5e_sFCuK3qeCGTK6P_usKxvQZ2cszY3w1hLHMsPl80rlA.jGOMH0gte1coYHaj3NzJjNH6hmc",
      "fileloc": "/home/airflow/.local/lib/python3.12/site-packages/airflow/example_dags/example_passing_params_via_test_command.py",
      "has_import_errors": false,
      "has_task_concurrency_limits": false,
      "is_active": true,
      "is_paused": true,
      "is_subdag": false,
      "last_expired": null,
      "last_parsed_time": "2026-04-25T08:54:22.831492+00:00",
      "last_pickled": null,
      "max_active_runs": 16,
      "max_active_tasks": 16,
      "max_consecutive_failed_dag_runs": 0,
      "next_dagrun": "2026-04-25T08:53:00+00:00",
      "next_dagrun_create_after": "2026-04-25T08:54:00+00:00",
      "next_dagrun_data_interval_end": "2026-04-25T08:54:00+00:00",
      "next_dagrun_data_interval_start": "2026-04-25T08:53:00+00:00",
      "owners": [
        "airflow"
      ],
      "pickle_id": null,
      "root_dag_id": null,
      "schedule_interval": {
        "__type": "CronExpression",
        "value": "*/1 * * * *"
      },
      "scheduler_lock": null,
      "tags": [
        {
          "name": "example"
        }
      ],
      "timetable_description": "Every minute"
    },
    {
      "dag_display_name": "example_python_decorator",
      "dag_id": "example_python_decorator",
      "default_view": "grid",
      "description": null,
      "file_token": ".eJw9y0EKgCAQQNG7uM-hOpBMOqk0NoMK5e1bBC4_vG8gSSHAXE-WByyLRwbOB-joSe7drhu03GlR9BdGatPSi0WZXMDYZvyXC-SlYpdqdZgPMDclhA.yJjXRcg7RyABcWbrCCXrD1E5sxQ",
      "fileloc": "/home/airflow/.local/lib/python3.12/site-packages/airflow/example_dags/example_python_decorator.py",
      "has_import_errors": false,
      "has_task_concurrency_limits": false,
      "is_active": true,
      "is_paused": true,
      "is_subdag": false,
      "last_expired": null,
      "last_parsed_time": "2026-04-25T08:54:19.010450+00:00",
      "last_pickled": null,
      "max_active_runs": 16,
      "max_active_tasks": 16,
      "max_consecutive_failed_dag_runs": 0,
      "next_dagrun": null,
      "next_dagrun_create_after": null,
      "next_dagrun_data_interval_end": null,
      "next_dagrun_data_interval_start": null,
      "owners": [
        "airflow"
      ],
      "pickle_id": null,
      "root_dag_id": null,
      "schedule_interval": null,
      "scheduler_lock": null,
      "tags": [
        {
          "name": "example"
        }
      ],
      "timetable_description": "Never, external triggers only"
    },
    {
      "dag_display_name": "example_python_operator",
      "dag_id": "example_python_operator",
      "default_view": "grid",
      "description": null,
      "file_token": ".eJw9y0EKgCAQQNG7uM-hOpBMNqk4NoMK5e1bBC4_vG8gSiHAVC-WByyLRwZOB-joUe7drhu01GlR9BkDtWnpxaJM7sTQZvyXE6WKXarVYT4LPiUt.dvGWdavrvPp7IeEixoE2kuHZWzc",
      "fileloc": "/home/airflow/.local/lib/python3.12/site-packages/airflow/example_dags/example_python_operator.py",
      "has_import_errors": false,
      "has_task_concurrency_limits": false,
      "is_active": true,
      "is_paused": true,
      "is_subdag": false,
      "last_expired": null,
      "last_parsed_time": "2026-04-25T08:54:21.738173+00:00",
      "last_pickled": null,
      "max_active_runs": 16,
      "max_active_tasks": 16,
      "max_consecutive_failed_dag_runs": 0,
      "next_dagrun": null,
      "next_dagrun_create_after": null,
      "next_dagrun_data_interval_end": null,
      "next_dagrun_data_interval_start": null,
      "owners": [
        "airflow"
      ],
      "pickle_id": null,
      "root_dag_id": null,
      "schedule_interval": null,
      "scheduler_lock": null,
      "tags": [
        {
          "name": "example"
        }
      ],
      "timetable_description": "Never, external triggers only"
    },
    {
      "dag_display_name": "example_sensor_decorator",
      "dag_id": "example_sensor_decorator",
      "default_view": "grid",
      "description": null,
      "file_token": ".eJw9yjEOgCAMAMC_sEujPohUqEAslFAS5fdujJecgSSFAHO_WV6wLB4ZOF_Q5khST7sfoHnQ1tA_GEnXpQ9LY3IBoy4oVZXuAnnpOKTbNs0PL4IlfA.9FgMBwOyJBylO9eVINy5_YhR0IQ",
      "fileloc": "/home/airflow/.local/lib/python3.12/site-packages/airflow/example_dags/example_sensor_decorator.py",
      "has_import_errors": false,
      "has_task_concurrency_limits": false,
      "is_active": true,
      "is_paused": true,
      "is_subdag": false,
      "last_expired": null,
      "last_parsed_time": "2026-04-25T08:54:33.198375+00:00",
      "last_pickled": null,
      "max_active_runs": 16,
      "max_active_tasks": 16,
      "max_consecutive_failed_dag_runs": 0,
      "next_dagrun": null,
      "next_dagrun_create_after": null,
      "next_dagrun_data_interval_end": null,
      "next_dagrun_data_interval_start": null,
      "owners": [
        "airflow"
      ],
      "pickle_id": null,
      "root_dag_id": null,
      "schedule_interval": null,
      "scheduler_lock": null,
      "tags": [
        {
          "name": "example"
        }
      ],
      "timetable_description": "Never, external triggers only"
    },
    {
      "dag_display_name": "example_sensors",
      "dag_id": "example_sensors",
      "default_view": "grid",
      "description": null,
      "file_token": ".eJw9yjEOgCAMAMC_sEujPshUrEAstKEkyu_dGC85B0kKAeZ2s7zgWQIycD5BR09Sd79uYLnTohgejGTz0odFmY4Lo00YVZNmXof7AenXIc0.a3fkJsr9pdHKSc0J__ME3xcV3C8",
      "fileloc": "/home/airflow/.local/lib/python3.12/site-packages/airflow/example_dags/example_sensors.py",
      "has_import_errors": false,
      "has_task_concurrency_limits": false,
      "is_active": true,
      "is_paused": true,
      "is_subdag": false,
      "last_expired": null,
      "last_parsed_time": "2026-04-25T08:54:28.051393+00:00",
      "last_pickled": null,
      "max_active_runs": 16,
      "max_active_tasks": 16,
      "max_consecutive_failed_dag_runs": 0,
      "next_dagrun": null,
      "next_dagrun_create_after": null,
      "next_dagrun_data_interval_end": null,
      "next_dagrun_data_interval_start": null,
      "owners": [
        "airflow"
      ],
      "pickle_id": null,
      "root_dag_id": null,
      "schedule_interval": null,
      "scheduler_lock": null,
      "tags": [
        {
          "name": "example"
        }
      ],
      "timetable_description": "Never, external triggers only"
    },
    {
      "dag_display_name": "example_setup_teardown",
      "dag_id": "example_setup_teardown",
      "default_view": "grid",
      "description": null,
      "file_token": ".eJw9yjEOgCAMAMC_sEujPshUqEgstAEM8ns3xkvOwC2JAGO5WDpYFocMHE_Q0W7Ju103qLHRougeDFTnpQ-TMh0eQ52o1F49GmHx0rPVYX7kzyS0.0NDyDFIjw3w9ReLG7UUsdXFkGao",
      "fileloc": "/home/airflow/.local/lib/python3.12/site-packages/airflow/example_dags/example_setup_teardown.py",
      "has_import_errors": false,
      "has_task_concurrency_limits": false,
      "is_active": true,
      "is_paused": true,
      "is_subdag": false,
      "last_expired": null,
      "last_parsed_time": "2026-04-25T08:54:24.929172+00:00",
      "last_pickled": null,
      "max_active_runs": 16,
      "max_active_tasks": 16,
      "max_consecutive_failed_dag_runs": 0,
      "next_dagrun": "2026-04-24T00:00:00+00:00",
      "next_dagrun_create_after": "2026-04-25T00:00:00+00:00",
      "next_dagrun_data_interval_end": "2026-04-25T00:00:00+00:00",
      "next_dagrun_data_interval_start": "2026-04-24T00:00:00+00:00",
      "owners": [
        "airflow"
      ],
      "pickle_id": null,
      "root_dag_id": null,
      "schedule_interval": {
        "__type": "TimeDelta",
        "days": 1,
        "microseconds": 0,
        "seconds": 0
      },
      "scheduler_lock": null,
      "tags": [
        {
          "name": "example"
        }
      ],
      "timetable_description": ""
    },
    {
      "dag_display_name": "example_setup_teardown_taskflow",
      "dag_id": "example_setup_teardown_taskflow",
      "default_view": "grid",
      "description": null,
      "file_token": ".eJw9ysEOQDAMANB_2d0afNBSFMs6bbQy_l5cHF_yAuxSCTCfK0uDyDIjA-cJ9PFdjjH2A1h26hTnghvZf-nGqkxpwc1-GPmlyQnPRdqRHK18OeoTXkYAKH4.nkmnZRkLOlljcNGrcr4tO7u2vUk",
      "fileloc": "/home/airflow/.local/lib/python3.12/site-packages/airflow/example_dags/example_setup_teardown_taskflow.py",
      "has_import_errors": false,
      "has_task_concurrency_limits": false,
      "is_active": true,
      "is_paused": true,
      "is_subdag": false,
      "last_expired": null,
      "last_parsed_time": "2026-04-25T08:54:19.104952+00:00",
      "last_pickled": null,
      "max_active_runs": 16,
      "max_active_tasks": 16,
      "max_consecutive_failed_dag_runs": 0,
      "next_dagrun": "2026-04-24T00:00:00+00:00",
      "next_dagrun_create_after": "2026-04-25T00:00:00+00:00",
      "next_dagrun_data_interval_end": "2026-04-25T00:00:00+00:00",
      "next_dagrun_data_interval_start": "2026-04-24T00:00:00+00:00",
      "owners": [
        "airflow"
      ],
      "pickle_id": null,
      "root_dag_id": null,
      "schedule_interval": {
        "__type": "TimeDelta",
        "days": 1,
        "microseconds": 0,
        "seconds": 0
      },
      "scheduler_lock": null,
      "tags": [
        {
          "name": "example"
        }
      ],
      "timetable_description": ""
    },
    {
      "dag_display_name": "example_short_circuit_decorator",
      "dag_id": "example_short_circuit_decorator",
      "default_view": "grid",
      "description": null,
      "file_token": ".eJw9ykEOQEAMAMC_uNsGD9pUlW2UbroV_N7NcZLpoNjBgOKr2g1JjVBBZYb6RrFzSsMITYL7irTjxu2__OBRlfOCW_vRinlkEqdLIi9M5hjmqb7dB0R4KGQ.tJE9H_OHdRmA5WxzYB0thRyWzYI",
      "fileloc": "/home/airflow/.local/lib/python3.12/site-packages/airflow/example_dags/example_short_circuit_decorator.py",
      "has_import_errors": false,
      "has_task_concurrency_limits": false,
      "is_active": true,
      "is_paused": true,
      "is_subdag": false,
      "last_expired": null,
      "last_parsed_time": "2026-04-25T08:54:20.215699+00:00",
      "last_pickled": null,
      "max_active_runs": 16,
      "max_active_tasks": 16,
      "max_consecutive_failed_dag_runs": 0,
      "next_dagrun": "2026-04-24T00:00:00+00:00",
      "next_dagrun_create_after": "2026-04-25T00:00:00+00:00",
      "next_dagrun_data_interval_end": "2026-04-25T00:00:00+00:00",
      "next_dagrun_data_interval_start": "2026-04-24T00:00:00+00:00",
      "owners": [
        "airflow"
      ],
      "pickle_id": null,
      "root_dag_id": null,
      "schedule_interval": {
        "__type": "TimeDelta",
        "days": 1,
        "microseconds": 0,
        "seconds": 0
      },
      "scheduler_lock": null,
      "tags": [
        {
          "name": "example"
        }
      ],
      "timetable_description": ""
    },
    {
      "dag_display_name": "example_short_circuit_operator",
      "dag_id": "example_short_circuit_operator",
      "default_view": "grid",
      "description": null,
      "file_token": ".eJw9ykEOQEAMAMC_uNsGD9rUKtsobboV_N7NcZLpoOpBgOyr6A1JtKCA8Az2RtVzSsMIjYN6w7LjRu2_9OBhQnnBrf1oVT1yYS8XR1Yjx1BP9nYfHJ8oDQ.Y6ck9Jju2fGC6xX000MRvv9NkW0",
      "fileloc": "/home/airflow/.local/lib/python3.12/site-packages/airflow/example_dags/example_short_circuit_operator.py",
      "has_import_errors": false,
      "has_task_concurrency_limits": false,
      "is_active": true,
      "is_paused": true,
      "is_subdag": false,
      "last_expired": null,
      "last_parsed_time": "2026-04-25T08:54:20.302615+00:00",
      "last_pickled": null,
      "max_active_runs": 16,
      "max_active_tasks": 16,
      "max_consecutive_failed_dag_runs": 0,
      "next_dagrun": "2026-04-24T00:00:00+00:00",
      "next_dagrun_create_after": "2026-04-25T00:00:00+00:00",
      "next_dagrun_data_interval_end": "2026-04-25T00:00:00+00:00",
      "next_dagrun_data_interval_start": "2026-04-24T00:00:00+00:00",
      "owners": [
        "airflow"
      ],
      "pickle_id": null,
      "root_dag_id": null,
      "schedule_interval": {
        "__type": "TimeDelta",
        "days": 1,
        "microseconds": 0,
        "seconds": 0
      },
      "scheduler_lock": null,
      "tags": [
        {
          "name": "example"
        }
      ],
      "timetable_description": ""
    },
    {
      "dag_display_name": "example_skip_dag",
      "dag_id": "example_skip_dag",
      "default_view": "grid",
      "description": null,
      "file_token": ".eJw9ykEOgCAMAMG_cJdGfZCpWKGh2EZIlN8bLxx3sg6SFgLk-xR9wIsGFBDewXpLeq1-XqByo8kwZIxUx0svFhPaDox1RM1sv3jr7gMLJCIC.Ppqx3OjBBbQSF6oMU_Tt4yS6jzo",
      "fileloc": "/home/airflow/.local/lib/python3.12/site-packages/airflow/example_dags/example_skip_dag.py",
      "has_import_errors": false,
      "has_task_concurrency_limits": false,
      "is_active": true,
      "is_paused": true,
      "is_subdag": false,
      "last_expired": null,
      "last_parsed_time": "2026-04-25T08:54:28.341726+00:00",
      "last_pickled": null,
      "max_active_runs": 16,
      "max_active_tasks": 16,
      "max_consecutive_failed_dag_runs": 0,
      "next_dagrun": "2026-04-24T00:00:00+00:00",
      "next_dagrun_create_after": "2026-04-25T00:00:00+00:00",
      "next_dagrun_data_interval_end": "2026-04-25T00:00:00+00:00",
      "next_dagrun_data_interval_start": "2026-04-24T00:00:00+00:00",
      "owners": [
        "airflow"
      ],
      "pickle_id": null,
      "root_dag_id": null,
      "schedule_interval": {
        "__type": "TimeDelta",
        "days": 1,
        "microseconds": 0,
        "seconds": 0
      },
      "scheduler_lock": null,
      "tags": [
        {
          "name": "example"
        }
      ],
      "timetable_description": ""
    },
    {
      "dag_display_name": "example_sla_dag",
      "dag_id": "example_sla_dag",
      "default_view": "grid",
      "description": null,
      "file_token": ".eJw9ykEOgCAMAMG_cJdGfRCpWIFYbGNJlN8bLxx3sg6yVAIs98HygGeJyMBlA-0ty7X6eQErjSbFeGIiGy-9WJUp7JhshDH-4LW7D-gZIYs.N5gkEkz5wBD8Rz_CDTbDzl4Y02o",
      "fileloc": "/home/airflow/.local/lib/python3.12/site-packages/airflow/example_dags/example_sla_dag.py",
      "has_import_errors": false,
      "has_task_concurrency_limits": false,
      "is_active": true,
      "is_paused": true,
      "is_subdag": false,
      "last_expired": null,
      "last_parsed_time": "2026-04-25T08:54:21.409969+00:00",
      "last_pickled": null,
      "max_active_runs": 16,
      "max_active_tasks": 16,
      "max_consecutive_failed_dag_runs": 0,
      "next_dagrun": "2026-04-25T08:52:00+00:00",
      "next_dagrun_create_after": "2026-04-25T08:54:00+00:00",
      "next_dagrun_data_interval_end": "2026-04-25T08:54:00+00:00",
      "next_dagrun_data_interval_start": "2026-04-25T08:52:00+00:00",
      "owners": [
        "airflow"
      ],
      "pickle_id": null,
      "root_dag_id": null,
      "schedule_interval": {
        "__type": "CronExpression",
        "value": "*/2 * * * *"
      },
      "scheduler_lock": null,
      "tags": [],
      "timetable_description": "Every 2 minutes"
    },
    {
      "dag_display_name": "example_subdag_operator",
      "dag_id": "example_subdag_operator",
      "default_view": "grid",
      "description": null,
      "file_token": ".eJw9yjEOgCAMAMC_sEujPogUrEAstgGM-nudGC85A0kKAea6s9xgWQIycPagb09yrnZeoOVOk2I4MFIblx4syuQ2jG2gXf63E6WKXarV13wIiSUB.ZEH745_SnA6xgDB1STlWAuGxBiY",
      "fileloc": "/home/airflow/.local/lib/python3.12/site-packages/airflow/example_dags/example_subdag_operator.py",
      "has_import_errors": false,
      "has_task_concurrency_limits": false,
      "is_active": true,
      "is_paused": true,
      "is_subdag": false,
      "last_expired": null,
      "last_parsed_time": "2026-04-25T08:54:21.539597+00:00",
      "last_pickled": null,
      "max_active_runs": 16,
      "max_active_tasks": 16,
      "max_consecutive_failed_dag_runs": 0,
      "next_dagrun": "2022-01-01T00:00:00+00:00",
      "next_dagrun_create_after": "2022-01-01T00:00:00+00:00",
      "next_dagrun_data_interval_end": "2022-01-01T00:00:00+00:00",
      "next_dagrun_data_interval_start": "2022-01-01T00:00:00+00:00",
      "owners": [
        "airflow"
      ],
      "pickle_id": null,
      "root_dag_id": null,
      "schedule_interval": {
        "__type": "CronExpression",
        "value": "@once"
      },
      "scheduler_lock": null,
      "tags": [
        {
          "name": "example"
        }
      ],
      "timetable_description": "Once, as soon as possible"
    },
    {
      "dag_display_name": "example_task_group",
      "dag_id": "example_task_group",
      "default_view": "grid",
      "description": null,
      "file_token": ".eJw9yjEOgCAMAMC_sEujPohUrEAotgGM8ns3xkvOQJRCgKleLC9YFo8MnA7Q0aPcu103aKnTougzBmrz0odFmdyJoU10bNmFKo9aHeYHUkwi_w.zpdwPDpcP8u31-McUAjck0EKJPE",
      "fileloc": "/home/airflow/.local/lib/python3.12/site-packages/airflow/example_dags/example_task_group.py",
      "has_import_errors": false,
      "has_task_concurrency_limits": false,
      "is_active": true,
      "is_paused": true,
      "is_subdag": false,
      "last_expired": null,
      "last_parsed_time": "2026-04-25T08:54:33.080321+00:00",
      "last_pickled": null,
      "max_active_runs": 16,
      "max_active_tasks": 16,
      "max_consecutive_failed_dag_runs": 0,
      "next_dagrun": "2026-04-24T00:00:00+00:00",
      "next_dagrun_create_after": "2026-04-25T00:00:00+00:00",
      "next_dagrun_data_interval_end": "2026-04-25T00:00:00+00:00",
      "next_dagrun_data_interval_start": "2026-04-24T00:00:00+00:00",
      "owners": [
        "airflow"
      ],
      "pickle_id": null,
      "root_dag_id": null,
      "schedule_interval": {
        "__type": "TimeDelta",
        "days": 1,
        "microseconds": 0,
        "seconds": 0
      },
      "scheduler_lock": null,
      "tags": [
        {
          "name": "example"
        }
      ],
      "timetable_description": ""
    },
    {
      "dag_display_name": "example_task_group_decorator",
      "dag_id": "example_task_group_decorator",
      "default_view": "grid",
      "description": null,
      "file_token": ".eJw9yjEOgCAMAMC_sEujPohUqEAotgGM-ns3xkvOQJJKgLmdLA9YFo8MnA_QbyS5drtu0POgRdEXjNTnpRerMrmAsU8M7MXFJre6QF4aDmlWP_MDyronIQ.5DquIZQ72ubDk2Hm3BAMGeRzYZY",
      "fileloc": "/home/airflow/.local/lib/python3.12/site-packages/airflow/example_dags/example_task_group_decorator.py",
      "has_import_errors": false,
      "has_task_concurrency_limits": false,
      "is_active": true,
      "is_paused": true,
      "is_subdag": false,
      "last_expired": null,
      "last_parsed_time": "2026-04-25T08:54:33.061195+00:00",
      "last_pickled": null,
      "max_active_runs": 16,
      "max_active_tasks": 16,
      "max_consecutive_failed_dag_runs": 0,
      "next_dagrun": "2026-04-24T00:00:00+00:00",
      "next_dagrun_create_after": "2026-04-25T00:00:00+00:00",
      "next_dagrun_data_interval_end": "2026-04-25T00:00:00+00:00",
      "next_dagrun_data_interval_start": "2026-04-24T00:00:00+00:00",
      "owners": [
        "airflow"
      ],
      "pickle_id": null,
      "root_dag_id": null,
      "schedule_interval": {
        "__type": "TimeDelta",
        "days": 1,
        "microseconds": 0,
        "seconds": 0
      },
      "scheduler_lock": null,
      "tags": [
        {
          "name": "example"
        }
      ],
      "timetable_description": ""
    },
    {
      "dag_display_name": "example_time_delta_sensor_async",
      "dag_id": "example_time_delta_sensor_async",
      "default_view": "grid",
      "description": null,
      "file_token": ".eJw9ykEOgCAMAMG_cJdGfRCpWIFYKKEkyu_1xHEnayBKJsDULpYHLItHBk4H1NGjlN2uG2jqtFT0NwbS-dKLuTK5E4PO6Cn_QtzRKRWV5lBH8bYO8wFCWihO.IftIX0X_s6gzW84mRE5bK_x_zV0",
      "fileloc": "/home/airflow/.local/lib/python3.12/site-packages/airflow/example_dags/example_time_delta_sensor_async.py",
      "has_import_errors": false,
      "has_task_concurrency_limits": false,
      "is_active": true,
      "is_paused": true,
      "is_subdag": false,
      "last_expired": null,
      "last_parsed_time": "2026-04-25T08:54:21.637678+00:00",
      "last_pickled": null,
      "max_active_runs": 16,
      "max_active_tasks": 16,
      "max_consecutive_failed_dag_runs": 0,
      "next_dagrun": null,
      "next_dagrun_create_after": null,
      "next_dagrun_data_interval_end": null,
      "next_dagrun_data_interval_start": null,
      "owners": [
        "airflow"
      ],
      "pickle_id": null,
      "root_dag_id": null,
      "schedule_interval": null,
      "scheduler_lock": null,
      "tags": [
        {
          "name": "example"
        }
      ],
      "timetable_description": "Never, external triggers only"
    },
    {
      "dag_display_name": "example_trigger_controller_dag",
      "dag_id": "example_trigger_controller_dag",
      "default_view": "grid",
      "description": null,
      "file_token": ".eJw9ikEOgCAMwP7CXRb1QWTiHMTBCJAov9cTtzatgaCJAGO9RB-woh4FJB5QRg-ad7tu0GKnpaC_kanNl15MRcidyG1Kr5GZqvOae1WRH_9uyzAfG0An4g.ddhvqYa6Q-M9RwDE46G2644rqpY",
      "fileloc": "/home/airflow/.local/lib/python3.12/site-packages/airflow/example_dags/example_trigger_controller_dag.py",
      "has_import_errors": false,
      "has_task_concurrency_limits": false,
      "is_active": true,
      "is_paused": true,
      "is_subdag": false,
      "last_expired": null,
      "last_parsed_time": "2026-04-25T08:54:21.504034+00:00",
      "last_pickled": null,
      "max_active_runs": 16,
      "max_active_tasks": 16,
      "max_consecutive_failed_dag_runs": 0,
      "next_dagrun": "2021-01-01T00:00:00+00:00",
      "next_dagrun_create_after": "2021-01-01T00:00:00+00:00",
      "next_dagrun_data_interval_end": "2021-01-01T00:00:00+00:00",
      "next_dagrun_data_interval_start": "2021-01-01T00:00:00+00:00",
      "owners": [
        "airflow"
      ],
      "pickle_id": null,
      "root_dag_id": null,
      "schedule_interval": {
        "__type": "CronExpression",
        "value": "@once"
      },
      "scheduler_lock": null,
      "tags": [
        {
          "name": "example"
        }
      ],
      "timetable_description": "Once, as soon as possible"
    },
    {
      "dag_display_name": "example_trigger_target_dag",
      "dag_id": "example_trigger_target_dag",
      "default_view": "grid",
      "description": null,
      "file_token": ".eJw9ykEOgCAMAMG_eJdGfRCpWEtjEQJNlN8bLxw3sxPEnAhQ6qn5Aac5oILKDqVbzPfmlhWaGM0Fw4VMbbz0YipK_kBuI6wKM1VvWJnsN1f69AF7USYl.urNx1cnULxMROxMayMOiKz4L7dI",
      "fileloc": "/home/airflow/.local/lib/python3.12/site-packages/airflow/example_dags/example_trigger_target_dag.py",
      "has_import_errors": false,
      "has_task_concurrency_limits": false,
      "is_active": true,
      "is_paused": true,
      "is_subdag": false,
      "last_expired": null,
      "last_parsed_time": "2026-04-25T08:54:28.251000+00:00",
      "last_pickled": null,
      "max_active_runs": 16,
      "max_active_tasks": 16,
      "max_consecutive_failed_dag_runs": 0,
      "next_dagrun": null,
      "next_dagrun_create_after": null,
      "next_dagrun_data_interval_end": null,
      "next_dagrun_data_interval_start": null,
      "owners": [
        "airflow"
      ],
      "pickle_id": null,
      "root_dag_id": null,
      "schedule_interval": null,
      "scheduler_lock": null,
      "tags": [
        {
          "name": "example"
        }
      ],
      "timetable_description": "Never, external triggers only"
    },
    {
      "dag_display_name": "example_weekday_branch_operator",
      "dag_id": "example_weekday_branch_operator",
      "default_view": "grid",
      "description": null,
      "file_token": ".eJw9ykEOgCAMAMG_eJdGfRCpWIRQbAMkyO_1xHEnu0CQTICxeJYOhsUhA8cTdLQgz2G2HWpstCq6hDfV-dKLWZnshXedcRZ8XPhtWPG2EyUrSgWbFKNj-QDlzSnV.NfZSBUn3CukP496EMtMkN8sexYU",
      "fileloc": "/home/airflow/.local/lib/python3.12/site-packages/airflow/example_dags/example_branch_day_of_week_operator.py",
      "has_import_errors": false,
      "has_task_concurrency_limits": false,
      "is_active": true,
      "is_paused": true,
      "is_subdag": false,
      "last_expired": null,
      "last_parsed_time": "2026-04-25T08:54:21.711497+00:00",
      "last_pickled": null,
      "max_active_runs": 16,
      "max_active_tasks": 16,
      "max_consecutive_failed_dag_runs": 0,
      "next_dagrun": "2026-04-24T00:00:00+00:00",
      "next_dagrun_create_after": "2026-04-25T00:00:00+00:00",
      "next_dagrun_data_interval_end": "2026-04-25T00:00:00+00:00",
      "next_dagrun_data_interval_start": "2026-04-24T00:00:00+00:00",
      "owners": [
        "airflow"
      ],
      "pickle_id": null,
      "root_dag_id": null,
      "schedule_interval": {
        "__type": "CronExpression",
        "value": "@daily"
      },
      "scheduler_lock": null,
      "tags": [
        {
          "name": "example"
        }
      ],
      "timetable_description": "At 00:00"
    },
    {
      "dag_display_name": "example_xcom",
      "dag_id": "example_xcom",
      "default_view": "grid",
      "description": null,
      "file_token": ".eJw9yjEOgCAMAMC_sEujPohUrNBYbCMkwu_dGC85B1kLAfJ7iX7gRSMKCB9go2V9dr9uULnRYhhvTFTnpY7FhMKJqU70qMXbcD-EJSB3.6DMqpWOEhj245jRU442t9j4687g",
      "fileloc": "/home/airflow/.local/lib/python3.12/site-packages/airflow/example_dags/example_xcom.py",
      "has_import_errors": false,
      "has_task_concurrency_limits": false,
      "is_active": true,
      "is_paused": true,
      "is_subdag": false,
      "last_expired": null,
      "last_parsed_time": "2026-04-25T08:54:32.977086+00:00",
      "last_pickled": null,
      "max_active_runs": 16,
      "max_active_tasks": 16,
      "max_consecutive_failed_dag_runs": 0,
      "next_dagrun": "2021-01-01T00:00:00+00:00",
      "next_dagrun_create_after": "2021-01-01T00:00:00+00:00",
      "next_dagrun_data_interval_end": "2021-01-01T00:00:00+00:00",
      "next_dagrun_data_interval_start": "2021-01-01T00:00:00+00:00",
      "owners": [
        "airflow"
      ],
      "pickle_id": null,
      "root_dag_id": null,
      "schedule_interval": {
        "__type": "CronExpression",
        "value": "@once"
      },
      "scheduler_lock": null,
      "tags": [
        {
          "name": "example"
        }
      ],
      "timetable_description": "Once, as soon as possible"
    },
    {
      "dag_display_name": "example_xcom_args",
      "dag_id": "example_xcom_args",
      "default_view": "grid",
      "description": null,
      "file_token": ".eJw9yjEOgCAMAMC_sEujPshUrEAstqEkwu_dGC85B0kKAeZ6s3zgWQIycD5BR0vy7n7dwHKjRTE8GMnmpY5FmY4Lo030IAVrNK_D_Qv7IiQ.wxx9-aHTlL4byw8tXBs1NZ1FWdk",
      "fileloc": "/home/airflow/.local/lib/python3.12/site-packages/airflow/example_dags/example_xcomargs.py",
      "has_import_errors": false,
      "has_task_concurrency_limits": false,
      "is_active": true,
      "is_paused": true,
      "is_subdag": false,
      "last_expired": null,
      "last_parsed_time": "2026-04-25T08:54:19.152749+00:00",
      "last_pickled": null,
      "max_active_runs": 16,
      "max_active_tasks": 16,
      "max_consecutive_failed_dag_runs": 0,
      "next_dagrun": null,
      "next_dagrun_create_after": null,
      "next_dagrun_data_interval_end": null,
      "next_dagrun_data_interval_start": null,
      "owners": [
        "airflow"
      ],
      "pickle_id": null,
      "root_dag_id": null,
      "schedule_interval": null,
      "scheduler_lock": null,
      "tags": [
        {
          "name": "example"
        }
      ],
      "timetable_description": "Never, external triggers only"
    },
    {
      "dag_display_name": "example_xcom_args_with_operators",
      "dag_id": "example_xcom_args_with_operators",
      "default_view": "grid",
      "description": null,
      "file_token": ".eJw9yjEOgCAMAMC_sEujPshUrEAstqEkwu_dGC85B0kKAeZ6s3zgWQIycD5BR0vy7n7dwHKjRTE8GMnmpY5FmY4Lo030IAVrNK_D_Qv7IiQ.wxx9-aHTlL4byw8tXBs1NZ1FWdk",
      "fileloc": "/home/airflow/.local/lib/python3.12/site-packages/airflow/example_dags/example_xcomargs.py",
      "has_import_errors": false,
      "has_task_concurrency_limits": false,
      "is_active": true,
      "is_paused": true,
      "is_subdag": false,
      "last_expired": null,
      "last_parsed_time": "2026-04-25T08:54:19.156040+00:00",
      "last_pickled": null,
      "max_active_runs": 16,
      "max_active_tasks": 16,
      "max_consecutive_failed_dag_runs": 0,
      "next_dagrun": null,
      "next_dagrun_create_after": null,
      "next_dagrun_data_interval_end": null,
      "next_dagrun_data_interval_start": null,
      "owners": [
        "airflow"
      ],
      "pickle_id": null,
      "root_dag_id": null,
      "schedule_interval": null,
      "scheduler_lock": null,
      "tags": [
        {
          "name": "example"
        }
      ],
      "timetable_description": "Never, external triggers only"
    },
    {
      "dag_display_name": "latest_only",
      "dag_id": "latest_only",
      "default_view": "grid",
      "description": null,
      "file_token": ".eJw9yjEOgCAMAMC_sEujPohUrEAstJEmyu_dGC85B1kqAZbnYnnBs0Rk4HKADsvSdr9u0IvRohhvTNTnpQ-rMoUTU59gNOoWpPHwOtwPdiYjbg.aHk8aPGXqLlMLBbXfFl1sREaqmI",
      "fileloc": "/home/airflow/.local/lib/python3.12/site-packages/airflow/example_dags/example_latest_only.py",
      "has_import_errors": false,
      "has_task_concurrency_limits": false,
      "is_active": true,
      "is_paused": true,
      "is_subdag": false,
      "last_expired": null,
      "last_parsed_time": "2026-04-25T08:54:28.416492+00:00",
      "last_pickled": null,
      "max_active_runs": 16,
      "max_active_tasks": 16,
      "max_consecutive_failed_dag_runs": 0,
      "next_dagrun": "2026-04-25T04:00:00+00:00",
      "next_dagrun_create_after": "2026-04-25T08:00:00+00:00",
      "next_dagrun_data_interval_end": "2026-04-25T08:00:00+00:00",
      "next_dagrun_data_interval_start": "2026-04-25T04:00:00+00:00",
      "owners": [
        "airflow"
      ],
      "pickle_id": null,
      "root_dag_id": null,
      "schedule_interval": {
        "__type": "TimeDelta",
        "days": 0,
        "microseconds": 0,
        "seconds": 14400
      },
      "scheduler_lock": null,
      "tags": [
        {
          "name": "example2"
        },
        {
          "name": "example3"
        }
      ],
      "timetable_description": ""
    },
    {
      "dag_display_name": "latest_only_with_trigger",
      "dag_id": "latest_only_with_trigger",
      "default_view": "grid",
      "description": null,
      "file_token": ".eJw9yjEOgCAMAMC_sEujPqipWqGxWgJNlN-7MV5yAbLdDCT1VHshqu2koLJB6Z7tWeO8QBPnqdB-UeI2Ln90F2U8KLUBJefmaI92fMUzepWUuMbSww9usSjc.UZ7ZVLVAXMw5-3PZWR6u1TK0ZNw",
      "fileloc": "/home/airflow/.local/lib/python3.12/site-packages/airflow/example_dags/example_latest_only_with_trigger.py",
      "has_import_errors": false,
      "has_task_concurrency_limits": false,
      "is_active": true,
      "is_paused": true,
      "is_subdag": false,
      "last_expired": null,
      "last_parsed_time": "2026-04-25T08:54:21.603070+00:00",
      "last_pickled": null,
      "max_active_runs": 16,
      "max_active_tasks": 16,
      "max_consecutive_failed_dag_runs": 0,
      "next_dagrun": "2026-04-25T04:00:00+00:00",
      "next_dagrun_create_after": "2026-04-25T08:00:00+00:00",
      "next_dagrun_data_interval_end": "2026-04-25T08:00:00+00:00",
      "next_dagrun_data_interval_start": "2026-04-25T04:00:00+00:00",
      "owners": [
        "airflow"
      ],
      "pickle_id": null,
      "root_dag_id": null,
      "schedule_interval": {
        "__type": "TimeDelta",
        "days": 0,
        "microseconds": 0,
        "seconds": 14400
      },
      "scheduler_lock": null,
      "tags": [
        {
          "name": "example3"
        }
      ],
      "timetable_description": ""
    },
    {
      "dag_display_name": "tutorial",
      "dag_id": "tutorial",
      "default_view": "grid",
      "description": "A simple tutorial DAG",
      "file_token": ".eJw9yjEOgCAMAMC_sEujPshUrNJYbAM1yu_dvPkCZC0EyHUXfSCKJhQQXsG6Z73mOE7Q2GkwTCce1P5LLxYTWjY8GvjtWhklWg8fBGAe6Q.oLQeclZcH9_-nNYa0ORm6kX1lOo",
      "fileloc": "/home/airflow/.local/lib/python3.12/site-packages/airflow/example_dags/tutorial.py",
      "has_import_errors": false,
      "has_task_concurrency_limits": false,
      "is_active": true,
      "is_paused": true,
      "is_subdag": false,
      "last_expired": null,
      "last_parsed_time": "2026-04-25T08:54:24.932181+00:00",
      "last_pickled": null,
      "max_active_runs": 16,
      "max_active_tasks": 16,
      "max_consecutive_failed_dag_runs": 0,
      "next_dagrun": "2026-04-24T00:00:00+00:00",
      "next_dagrun_create_after": "2026-04-25T00:00:00+00:00",
      "next_dagrun_data_interval_end": "2026-04-25T00:00:00+00:00",
      "next_dagrun_data_interval_start": "2026-04-24T00:00:00+00:00",
      "owners": [
        "airflow"
      ],
      "pickle_id": null,
      "root_dag_id": null,
      "schedule_interval": {
        "__type": "TimeDelta",
        "days": 1,
        "microseconds": 0,
        "seconds": 0
      },
      "scheduler_lock": null,
      "tags": [
        {
          "name": "example"
        }
      ],
      "timetable_description": ""
    },
    {
      "dag_display_name": "tutorial_dag",
      "dag_id": "tutorial_dag",
      "default_view": "grid",
      "description": "DAG tutorial",
      "file_token": ".eJw9yjEOgCAMAMC_sEujPshUrNBYbAMY5ffGxfGSc5A0EyCXXfQGLxpQQHgF6y3pOftxgsqNBsNwYKT6X3owm9CyYazQrqaFUT556-4FhR0gdA.9S0tNgVK7T_i0XmFgJiWSKr9xao",
      "fileloc": "/home/airflow/.local/lib/python3.12/site-packages/airflow/example_dags/tutorial_dag.py",
      "has_import_errors": false,
      "has_task_concurrency_limits": false,
      "is_active": true,
      "is_paused": true,
      "is_subdag": false,
      "last_expired": null,
      "last_parsed_time": "2026-04-25T08:54:33.166247+00:00",
      "last_pickled": null,
      "max_active_runs": 16,
      "max_active_tasks": 16,
      "max_consecutive_failed_dag_runs": 0,
      "next_dagrun": null,
      "next_dagrun_create_after": null,
      "next_dagrun_data_interval_end": null,
      "next_dagrun_data_interval_start": null,
      "owners": [
        "airflow"
      ],
      "pickle_id": null,
      "root_dag_id": null,
      "schedule_interval": null,
      "scheduler_lock": null,
      "tags": [
        {
          "name": "example"
        }
      ],
      "timetable_description": "Never, external triggers only"
    },
    {
      "dag_display_name": "tutorial_objectstorage",
      "dag_id": "tutorial_objectstorage",
      "default_view": "grid",
      "description": null,
      "file_token": ".eJw9ysEOQDAMANB_cbcGH7R0U5ROF6uwv7eT40teB5smAuRrEX3AiUYUEA6Qq216Tm4YobBRnzEeuFL5L72YspCfcS1gt-nFKF7DTtFKU8su1-4D5mkktA.e5M4fSltu2hB3PJaCc1wKIX3RNM",
      "fileloc": "/home/airflow/.local/lib/python3.12/site-packages/airflow/example_dags/tutorial_objectstorage.py",
      "has_import_errors": false,
      "has_task_concurrency_limits": false,
      "is_active": true,
      "is_paused": true,
      "is_subdag": false,
      "last_expired": null,
      "last_parsed_time": "2026-04-25T08:54:28.334671+00:00",
      "last_pickled": null,
      "max_active_runs": 16,
      "max_active_tasks": 16,
      "max_consecutive_failed_dag_runs": 0,
      "next_dagrun": null,
      "next_dagrun_create_after": null,
      "next_dagrun_data_interval_end": null,
      "next_dagrun_data_interval_start": null,
      "owners": [
        "airflow"
      ],
      "pickle_id": null,
      "root_dag_id": null,
      "schedule_interval": null,
      "scheduler_lock": null,
      "tags": [
        {
          "name": "example"
        }
      ],
      "timetable_description": "Never, external triggers only"
    },
    {
      "dag_display_name": "tutorial_taskflow_api",
      "dag_id": "tutorial_taskflow_api",
      "default_view": "grid",
      "description": null,
      "file_token": ".eJw9ykEOQEAMBdC72JsGB5p8FI3SxlRwe7Gxfq-ixTYmyDGpXZTUBiip9ORPLLZ3qWmpSHDtGFbMXP7LNzZXziPmQnGGHQLNgbJ-nOGS_KlewZMkTA.9KNaHIzEe3uCHmZOdCbM72mKgrI",
      "fileloc": "/home/airflow/.local/lib/python3.12/site-packages/airflow/example_dags/tutorial_taskflow_api.py",
      "has_import_errors": false,
      "has_task_concurrency_limits": false,
      "is_active": true,
      "is_paused": true,
      "is_subdag": false,
      "last_expired": null,
      "last_parsed_time": "2026-04-25T08:54:28.179038+00:00",
      "last_pickled": null,
      "max_active_runs": 16,
      "max_active_tasks": 16,
      "max_consecutive_failed_dag_runs": 0,
      "next_dagrun": null,
      "next_dagrun_create_after": null,
      "next_dagrun_data_interval_end": null,
      "next_dagrun_data_interval_start": null,
      "owners": [
        "airflow"
      ],
      "pickle_id": null,
      "root_dag_id": null,
      "schedule_interval": null,
      "scheduler_lock": null,
      "tags": [
        {
          "name": "example"
        }
      ],
      "timetable_description": "Never, external triggers only"
    },
    {
      "dag_display_name": "tutorial_taskflow_api_virtualenv",
      "dag_id": "tutorial_taskflow_api_virtualenv",
      "default_view": "grid",
      "description": null,
      "file_token": ".eJw9yksOgzAMBcC7sG-swoGiVzBgYbCVmN_tEZuuZxqabWWClFHtpKTWQ0nlR37HbFuXvi1VCf44-gUT1__lC6sr5wFTpdjDikBzoC4vZ7jkQ0rsUN6O5HfzAHIwKPs.RFw4quKkT66Twj6Mh9F6VDWEPzc",
      "fileloc": "/home/airflow/.local/lib/python3.12/site-packages/airflow/example_dags/tutorial_taskflow_api_virtualenv.py",
      "has_import_errors": false,
      "has_task_concurrency_limits": false,
      "is_active": true,
      "is_paused": true,
      "is_subdag": false,
      "last_expired": null,
      "last_parsed_time": "2026-04-25T08:54:30.515794+00:00",
      "last_pickled": null,
      "max_active_runs": 16,
      "max_active_tasks": 16,
      "max_consecutive_failed_dag_runs": 0,
      "next_dagrun": null,
      "next_dagrun_create_after": null,
      "next_dagrun_data_interval_end": null,
      "next_dagrun_data_interval_start": null,
      "owners": [
        "airflow"
      ],
      "pickle_id": null,
      "root_dag_id": null,
      "schedule_interval": null,
      "scheduler_lock": null,
      "tags": [
        {
          "name": "example"
        }
      ],
      "timetable_description": "Never, external triggers only"
    }
  ],
  "total_entries": 59
}
