[2026-04-30T09:40:59.733+0000] {processor.py:161} INFO - Started process (PID=103) to work on /home/airflow/.local/lib/python3.12/site-packages/airflow/example_dags/example_complex.py
[2026-04-30T09:40:59.733+0000] {processor.py:830} INFO - Processing file /home/airflow/.local/lib/python3.12/site-packages/airflow/example_dags/example_complex.py for tasks to queue
[2026-04-30T09:40:59.736+0000] {logging_mixin.py:188} INFO - [2026-04-30T09:40:59.735+0000] {dagbag.py:545} INFO - Filling up the DagBag from /home/airflow/.local/lib/python3.12/site-packages/airflow/example_dags/example_complex.py
[2026-04-30T09:40:59.753+0000] {processor.py:840} INFO - DAG(s) 'example_complex' retrieved from /home/airflow/.local/lib/python3.12/site-packages/airflow/example_dags/example_complex.py
[2026-04-30T09:40:59.917+0000] {logging_mixin.py:188} INFO - [2026-04-30T09:40:59.917+0000] {dag.py:3096} INFO - Sync 1 DAGs
[2026-04-30T09:40:59.930+0000] {logging_mixin.py:188} INFO - [2026-04-30T09:40:59.930+0000] {dag.py:3954} INFO - Setting next_dagrun for example_complex to None, run_after=None
[2026-04-30T09:40:59.951+0000] {processor.py:183} INFO - Processing /home/airflow/.local/lib/python3.12/site-packages/airflow/example_dags/example_complex.py took 0.227 seconds
[2026-04-30T09:41:30.521+0000] {processor.py:161} INFO - Started process (PID=161) to work on /home/airflow/.local/lib/python3.12/site-packages/airflow/example_dags/example_complex.py
[2026-04-30T09:41:30.522+0000] {processor.py:830} INFO - Processing file /home/airflow/.local/lib/python3.12/site-packages/airflow/example_dags/example_complex.py for tasks to queue
[2026-04-30T09:41:30.523+0000] {logging_mixin.py:188} INFO - [2026-04-30T09:41:30.523+0000] {dagbag.py:545} INFO - Filling up the DagBag from /home/airflow/.local/lib/python3.12/site-packages/airflow/example_dags/example_complex.py
[2026-04-30T09:41:30.532+0000] {processor.py:840} INFO - DAG(s) 'example_complex' retrieved from /home/airflow/.local/lib/python3.12/site-packages/airflow/example_dags/example_complex.py
[2026-04-30T09:41:30.560+0000] {logging_mixin.py:188} INFO - [2026-04-30T09:41:30.560+0000] {dag.py:3096} INFO - Sync 1 DAGs
[2026-04-30T09:41:30.572+0000] {logging_mixin.py:188} INFO - [2026-04-30T09:41:30.572+0000] {dag.py:3954} INFO - Setting next_dagrun for example_complex to None, run_after=None
[2026-04-30T09:41:30.590+0000] {processor.py:183} INFO - Processing /home/airflow/.local/lib/python3.12/site-packages/airflow/example_dags/example_complex.py took 0.074 seconds
[2026-04-30T09:42:00.783+0000] {processor.py:161} INFO - Started process (PID=219) to work on /home/airflow/.local/lib/python3.12/site-packages/airflow/example_dags/example_complex.py
[2026-04-30T09:42:00.784+0000] {processor.py:830} INFO - Processing file /home/airflow/.local/lib/python3.12/site-packages/airflow/example_dags/example_complex.py for tasks to queue
[2026-04-30T09:42:00.786+0000] {logging_mixin.py:188} INFO - [2026-04-30T09:42:00.785+0000] {dagbag.py:545} INFO - Filling up the DagBag from /home/airflow/.local/lib/python3.12/site-packages/airflow/example_dags/example_complex.py
[2026-04-30T09:42:00.801+0000] {processor.py:840} INFO - DAG(s) 'example_complex' retrieved from /home/airflow/.local/lib/python3.12/site-packages/airflow/example_dags/example_complex.py
[2026-04-30T09:42:00.851+0000] {logging_mixin.py:188} INFO - [2026-04-30T09:42:00.851+0000] {dag.py:3096} INFO - Sync 1 DAGs
[2026-04-30T09:42:00.878+0000] {logging_mixin.py:188} INFO - [2026-04-30T09:42:00.878+0000] {dag.py:3954} INFO - Setting next_dagrun for example_complex to None, run_after=None
[2026-04-30T09:42:00.903+0000] {processor.py:183} INFO - Processing /home/airflow/.local/lib/python3.12/site-packages/airflow/example_dags/example_complex.py took 0.126 seconds
[2026-04-30T09:42:31.214+0000] {processor.py:161} INFO - Started process (PID=277) to work on /home/airflow/.local/lib/python3.12/site-packages/airflow/example_dags/example_complex.py
[2026-04-30T09:42:31.214+0000] {processor.py:830} INFO - Processing file /home/airflow/.local/lib/python3.12/site-packages/airflow/example_dags/example_complex.py for tasks to queue
[2026-04-30T09:42:31.216+0000] {logging_mixin.py:188} INFO - [2026-04-30T09:42:31.216+0000] {dagbag.py:545} INFO - Filling up the DagBag from /home/airflow/.local/lib/python3.12/site-packages/airflow/example_dags/example_complex.py
[2026-04-30T09:42:31.228+0000] {processor.py:840} INFO - DAG(s) 'example_complex' retrieved from /home/airflow/.local/lib/python3.12/site-packages/airflow/example_dags/example_complex.py
[2026-04-30T09:42:31.262+0000] {logging_mixin.py:188} INFO - [2026-04-30T09:42:31.262+0000] {dag.py:3096} INFO - Sync 1 DAGs
[2026-04-30T09:42:31.277+0000] {logging_mixin.py:188} INFO - [2026-04-30T09:42:31.277+0000] {dag.py:3954} INFO - Setting next_dagrun for example_complex to None, run_after=None
[2026-04-30T09:42:31.294+0000] {processor.py:183} INFO - Processing /home/airflow/.local/lib/python3.12/site-packages/airflow/example_dags/example_complex.py took 0.085 seconds
[2026-04-30T09:43:01.606+0000] {processor.py:161} INFO - Started process (PID=334) to work on /home/airflow/.local/lib/python3.12/site-packages/airflow/example_dags/example_complex.py
[2026-04-30T09:43:01.607+0000] {processor.py:830} INFO - Processing file /home/airflow/.local/lib/python3.12/site-packages/airflow/example_dags/example_complex.py for tasks to queue
[2026-04-30T09:43:01.609+0000] {logging_mixin.py:188} INFO - [2026-04-30T09:43:01.609+0000] {dagbag.py:545} INFO - Filling up the DagBag from /home/airflow/.local/lib/python3.12/site-packages/airflow/example_dags/example_complex.py
[2026-04-30T09:43:01.623+0000] {processor.py:840} INFO - DAG(s) 'example_complex' retrieved from /home/airflow/.local/lib/python3.12/site-packages/airflow/example_dags/example_complex.py
[2026-04-30T09:43:01.670+0000] {logging_mixin.py:188} INFO - [2026-04-30T09:43:01.670+0000] {dag.py:3096} INFO - Sync 1 DAGs
[2026-04-30T09:43:01.689+0000] {logging_mixin.py:188} INFO - [2026-04-30T09:43:01.688+0000] {dag.py:3954} INFO - Setting next_dagrun for example_complex to None, run_after=None
[2026-04-30T09:43:01.714+0000] {processor.py:183} INFO - Processing /home/airflow/.local/lib/python3.12/site-packages/airflow/example_dags/example_complex.py took 0.116 seconds
[2026-04-30T09:43:32.250+0000] {processor.py:161} INFO - Started process (PID=392) to work on /home/airflow/.local/lib/python3.12/site-packages/airflow/example_dags/example_complex.py
[2026-04-30T09:43:32.251+0000] {processor.py:830} INFO - Processing file /home/airflow/.local/lib/python3.12/site-packages/airflow/example_dags/example_complex.py for tasks to queue
[2026-04-30T09:43:32.254+0000] {logging_mixin.py:188} INFO - [2026-04-30T09:43:32.254+0000] {dagbag.py:545} INFO - Filling up the DagBag from /home/airflow/.local/lib/python3.12/site-packages/airflow/example_dags/example_complex.py
[2026-04-30T09:43:32.274+0000] {processor.py:840} INFO - DAG(s) 'example_complex' retrieved from /home/airflow/.local/lib/python3.12/site-packages/airflow/example_dags/example_complex.py
[2026-04-30T09:43:32.321+0000] {logging_mixin.py:188} INFO - [2026-04-30T09:43:32.321+0000] {dag.py:3096} INFO - Sync 1 DAGs
[2026-04-30T09:43:32.332+0000] {logging_mixin.py:188} INFO - [2026-04-30T09:43:32.332+0000] {dag.py:3954} INFO - Setting next_dagrun for example_complex to None, run_after=None
[2026-04-30T09:43:32.349+0000] {processor.py:183} INFO - Processing /home/airflow/.local/lib/python3.12/site-packages/airflow/example_dags/example_complex.py took 0.108 seconds
[2026-04-30T09:44:03.119+0000] {processor.py:161} INFO - Started process (PID=450) to work on /home/airflow/.local/lib/python3.12/site-packages/airflow/example_dags/example_complex.py
[2026-04-30T09:44:03.120+0000] {processor.py:830} INFO - Processing file /home/airflow/.local/lib/python3.12/site-packages/airflow/example_dags/example_complex.py for tasks to queue
[2026-04-30T09:44:03.122+0000] {logging_mixin.py:188} INFO - [2026-04-30T09:44:03.121+0000] {dagbag.py:545} INFO - Filling up the DagBag from /home/airflow/.local/lib/python3.12/site-packages/airflow/example_dags/example_complex.py
[2026-04-30T09:44:03.135+0000] {processor.py:840} INFO - DAG(s) 'example_complex' retrieved from /home/airflow/.local/lib/python3.12/site-packages/airflow/example_dags/example_complex.py
[2026-04-30T09:44:03.182+0000] {logging_mixin.py:188} INFO - [2026-04-30T09:44:03.181+0000] {dag.py:3096} INFO - Sync 1 DAGs
[2026-04-30T09:44:03.199+0000] {logging_mixin.py:188} INFO - [2026-04-30T09:44:03.198+0000] {dag.py:3954} INFO - Setting next_dagrun for example_complex to None, run_after=None
[2026-04-30T09:44:03.221+0000] {processor.py:183} INFO - Processing /home/airflow/.local/lib/python3.12/site-packages/airflow/example_dags/example_complex.py took 0.110 seconds
[2026-04-30T09:44:33.423+0000] {processor.py:161} INFO - Started process (PID=509) to work on /home/airflow/.local/lib/python3.12/site-packages/airflow/example_dags/example_complex.py
[2026-04-30T09:44:33.424+0000] {processor.py:830} INFO - Processing file /home/airflow/.local/lib/python3.12/site-packages/airflow/example_dags/example_complex.py for tasks to queue
[2026-04-30T09:44:33.426+0000] {logging_mixin.py:188} INFO - [2026-04-30T09:44:33.425+0000] {dagbag.py:545} INFO - Filling up the DagBag from /home/airflow/.local/lib/python3.12/site-packages/airflow/example_dags/example_complex.py
[2026-04-30T09:44:33.435+0000] {processor.py:840} INFO - DAG(s) 'example_complex' retrieved from /home/airflow/.local/lib/python3.12/site-packages/airflow/example_dags/example_complex.py
[2026-04-30T09:44:33.468+0000] {logging_mixin.py:188} INFO - [2026-04-30T09:44:33.468+0000] {dag.py:3096} INFO - Sync 1 DAGs
[2026-04-30T09:44:33.481+0000] {logging_mixin.py:188} INFO - [2026-04-30T09:44:33.481+0000] {dag.py:3954} INFO - Setting next_dagrun for example_complex to None, run_after=None
[2026-04-30T09:44:33.497+0000] {processor.py:183} INFO - Processing /home/airflow/.local/lib/python3.12/site-packages/airflow/example_dags/example_complex.py took 0.080 seconds
[2026-04-30T09:45:03.788+0000] {processor.py:161} INFO - Started process (PID=566) to work on /home/airflow/.local/lib/python3.12/site-packages/airflow/example_dags/example_complex.py
[2026-04-30T09:45:03.789+0000] {processor.py:830} INFO - Processing file /home/airflow/.local/lib/python3.12/site-packages/airflow/example_dags/example_complex.py for tasks to queue
[2026-04-30T09:45:03.790+0000] {logging_mixin.py:188} INFO - [2026-04-30T09:45:03.790+0000] {dagbag.py:545} INFO - Filling up the DagBag from /home/airflow/.local/lib/python3.12/site-packages/airflow/example_dags/example_complex.py
[2026-04-30T09:45:03.802+0000] {processor.py:840} INFO - DAG(s) 'example_complex' retrieved from /home/airflow/.local/lib/python3.12/site-packages/airflow/example_dags/example_complex.py
[2026-04-30T09:45:03.843+0000] {logging_mixin.py:188} INFO - [2026-04-30T09:45:03.843+0000] {dag.py:3096} INFO - Sync 1 DAGs
[2026-04-30T09:45:03.855+0000] {logging_mixin.py:188} INFO - [2026-04-30T09:45:03.855+0000] {dag.py:3954} INFO - Setting next_dagrun for example_complex to None, run_after=None
[2026-04-30T09:45:03.871+0000] {processor.py:183} INFO - Processing /home/airflow/.local/lib/python3.12/site-packages/airflow/example_dags/example_complex.py took 0.088 seconds
[2026-04-30T09:45:34.027+0000] {processor.py:161} INFO - Started process (PID=624) to work on /home/airflow/.local/lib/python3.12/site-packages/airflow/example_dags/example_complex.py
[2026-04-30T09:45:34.028+0000] {processor.py:830} INFO - Processing file /home/airflow/.local/lib/python3.12/site-packages/airflow/example_dags/example_complex.py for tasks to queue
[2026-04-30T09:45:34.030+0000] {logging_mixin.py:188} INFO - [2026-04-30T09:45:34.029+0000] {dagbag.py:545} INFO - Filling up the DagBag from /home/airflow/.local/lib/python3.12/site-packages/airflow/example_dags/example_complex.py
[2026-04-30T09:45:34.042+0000] {processor.py:840} INFO - DAG(s) 'example_complex' retrieved from /home/airflow/.local/lib/python3.12/site-packages/airflow/example_dags/example_complex.py
[2026-04-30T09:45:34.086+0000] {logging_mixin.py:188} INFO - [2026-04-30T09:45:34.085+0000] {dag.py:3096} INFO - Sync 1 DAGs
[2026-04-30T09:45:34.102+0000] {logging_mixin.py:188} INFO - [2026-04-30T09:45:34.102+0000] {dag.py:3954} INFO - Setting next_dagrun for example_complex to None, run_after=None
[2026-04-30T09:45:34.125+0000] {processor.py:183} INFO - Processing /home/airflow/.local/lib/python3.12/site-packages/airflow/example_dags/example_complex.py took 0.105 seconds
[2026-04-30T09:46:04.379+0000] {processor.py:161} INFO - Started process (PID=682) to work on /home/airflow/.local/lib/python3.12/site-packages/airflow/example_dags/example_complex.py
[2026-04-30T09:46:04.380+0000] {processor.py:830} INFO - Processing file /home/airflow/.local/lib/python3.12/site-packages/airflow/example_dags/example_complex.py for tasks to queue
[2026-04-30T09:46:04.381+0000] {logging_mixin.py:188} INFO - [2026-04-30T09:46:04.381+0000] {dagbag.py:545} INFO - Filling up the DagBag from /home/airflow/.local/lib/python3.12/site-packages/airflow/example_dags/example_complex.py
[2026-04-30T09:46:04.395+0000] {processor.py:840} INFO - DAG(s) 'example_complex' retrieved from /home/airflow/.local/lib/python3.12/site-packages/airflow/example_dags/example_complex.py
[2026-04-30T09:46:04.432+0000] {logging_mixin.py:188} INFO - [2026-04-30T09:46:04.432+0000] {dag.py:3096} INFO - Sync 1 DAGs
[2026-04-30T09:46:04.446+0000] {logging_mixin.py:188} INFO - [2026-04-30T09:46:04.445+0000] {dag.py:3954} INFO - Setting next_dagrun for example_complex to None, run_after=None
[2026-04-30T09:46:04.465+0000] {processor.py:183} INFO - Processing /home/airflow/.local/lib/python3.12/site-packages/airflow/example_dags/example_complex.py took 0.092 seconds
[2026-04-30T09:46:34.722+0000] {processor.py:161} INFO - Started process (PID=740) to work on /home/airflow/.local/lib/python3.12/site-packages/airflow/example_dags/example_complex.py
[2026-04-30T09:46:34.722+0000] {processor.py:830} INFO - Processing file /home/airflow/.local/lib/python3.12/site-packages/airflow/example_dags/example_complex.py for tasks to queue
[2026-04-30T09:46:34.724+0000] {logging_mixin.py:188} INFO - [2026-04-30T09:46:34.723+0000] {dagbag.py:545} INFO - Filling up the DagBag from /home/airflow/.local/lib/python3.12/site-packages/airflow/example_dags/example_complex.py
[2026-04-30T09:46:34.733+0000] {processor.py:840} INFO - DAG(s) 'example_complex' retrieved from /home/airflow/.local/lib/python3.12/site-packages/airflow/example_dags/example_complex.py
[2026-04-30T09:46:34.762+0000] {logging_mixin.py:188} INFO - [2026-04-30T09:46:34.762+0000] {dag.py:3096} INFO - Sync 1 DAGs
[2026-04-30T09:46:34.774+0000] {logging_mixin.py:188} INFO - [2026-04-30T09:46:34.774+0000] {dag.py:3954} INFO - Setting next_dagrun for example_complex to None, run_after=None
[2026-04-30T09:46:34.790+0000] {processor.py:183} INFO - Processing /home/airflow/.local/lib/python3.12/site-packages/airflow/example_dags/example_complex.py took 0.074 seconds
[2026-04-30T09:47:04.977+0000] {processor.py:161} INFO - Started process (PID=798) to work on /home/airflow/.local/lib/python3.12/site-packages/airflow/example_dags/example_complex.py
[2026-04-30T09:47:04.978+0000] {processor.py:830} INFO - Processing file /home/airflow/.local/lib/python3.12/site-packages/airflow/example_dags/example_complex.py for tasks to queue
[2026-04-30T09:47:04.979+0000] {logging_mixin.py:188} INFO - [2026-04-30T09:47:04.979+0000] {dagbag.py:545} INFO - Filling up the DagBag from /home/airflow/.local/lib/python3.12/site-packages/airflow/example_dags/example_complex.py
[2026-04-30T09:47:04.991+0000] {processor.py:840} INFO - DAG(s) 'example_complex' retrieved from /home/airflow/.local/lib/python3.12/site-packages/airflow/example_dags/example_complex.py
[2026-04-30T09:47:05.021+0000] {logging_mixin.py:188} INFO - [2026-04-30T09:47:05.021+0000] {dag.py:3096} INFO - Sync 1 DAGs
[2026-04-30T09:47:05.033+0000] {logging_mixin.py:188} INFO - [2026-04-30T09:47:05.032+0000] {dag.py:3954} INFO - Setting next_dagrun for example_complex to None, run_after=None
[2026-04-30T09:47:05.049+0000] {processor.py:183} INFO - Processing /home/airflow/.local/lib/python3.12/site-packages/airflow/example_dags/example_complex.py took 0.077 seconds
[2026-04-30T09:47:36.048+0000] {processor.py:161} INFO - Started process (PID=856) to work on /home/airflow/.local/lib/python3.12/site-packages/airflow/example_dags/example_complex.py
[2026-04-30T09:47:36.049+0000] {processor.py:830} INFO - Processing file /home/airflow/.local/lib/python3.12/site-packages/airflow/example_dags/example_complex.py for tasks to queue
[2026-04-30T09:47:36.051+0000] {logging_mixin.py:188} INFO - [2026-04-30T09:47:36.050+0000] {dagbag.py:545} INFO - Filling up the DagBag from /home/airflow/.local/lib/python3.12/site-packages/airflow/example_dags/example_complex.py
[2026-04-30T09:47:36.068+0000] {processor.py:840} INFO - DAG(s) 'example_complex' retrieved from /home/airflow/.local/lib/python3.12/site-packages/airflow/example_dags/example_complex.py
[2026-04-30T09:47:36.110+0000] {logging_mixin.py:188} INFO - [2026-04-30T09:47:36.110+0000] {dag.py:3096} INFO - Sync 1 DAGs
[2026-04-30T09:47:36.121+0000] {logging_mixin.py:188} INFO - [2026-04-30T09:47:36.121+0000] {dag.py:3954} INFO - Setting next_dagrun for example_complex to None, run_after=None
[2026-04-30T09:47:36.139+0000] {processor.py:183} INFO - Processing /home/airflow/.local/lib/python3.12/site-packages/airflow/example_dags/example_complex.py took 0.096 seconds
[2026-04-30T09:48:06.251+0000] {processor.py:161} INFO - Started process (PID=914) to work on /home/airflow/.local/lib/python3.12/site-packages/airflow/example_dags/example_complex.py
[2026-04-30T09:48:06.251+0000] {processor.py:830} INFO - Processing file /home/airflow/.local/lib/python3.12/site-packages/airflow/example_dags/example_complex.py for tasks to queue
[2026-04-30T09:48:06.253+0000] {logging_mixin.py:188} INFO - [2026-04-30T09:48:06.252+0000] {dagbag.py:545} INFO - Filling up the DagBag from /home/airflow/.local/lib/python3.12/site-packages/airflow/example_dags/example_complex.py
[2026-04-30T09:48:06.264+0000] {processor.py:840} INFO - DAG(s) 'example_complex' retrieved from /home/airflow/.local/lib/python3.12/site-packages/airflow/example_dags/example_complex.py
[2026-04-30T09:48:06.305+0000] {logging_mixin.py:188} INFO - [2026-04-30T09:48:06.305+0000] {dag.py:3096} INFO - Sync 1 DAGs
[2026-04-30T09:48:06.317+0000] {logging_mixin.py:188} INFO - [2026-04-30T09:48:06.317+0000] {dag.py:3954} INFO - Setting next_dagrun for example_complex to None, run_after=None
[2026-04-30T09:48:06.334+0000] {processor.py:183} INFO - Processing /home/airflow/.local/lib/python3.12/site-packages/airflow/example_dags/example_complex.py took 0.088 seconds
[2026-04-30T09:48:37.365+0000] {processor.py:161} INFO - Started process (PID=972) to work on /home/airflow/.local/lib/python3.12/site-packages/airflow/example_dags/example_complex.py
[2026-04-30T09:48:37.365+0000] {processor.py:830} INFO - Processing file /home/airflow/.local/lib/python3.12/site-packages/airflow/example_dags/example_complex.py for tasks to queue
[2026-04-30T09:48:37.367+0000] {logging_mixin.py:188} INFO - [2026-04-30T09:48:37.367+0000] {dagbag.py:545} INFO - Filling up the DagBag from /home/airflow/.local/lib/python3.12/site-packages/airflow/example_dags/example_complex.py
[2026-04-30T09:48:37.379+0000] {processor.py:840} INFO - DAG(s) 'example_complex' retrieved from /home/airflow/.local/lib/python3.12/site-packages/airflow/example_dags/example_complex.py
[2026-04-30T09:48:37.408+0000] {logging_mixin.py:188} INFO - [2026-04-30T09:48:37.408+0000] {dag.py:3096} INFO - Sync 1 DAGs
[2026-04-30T09:48:37.420+0000] {logging_mixin.py:188} INFO - [2026-04-30T09:48:37.420+0000] {dag.py:3954} INFO - Setting next_dagrun for example_complex to None, run_after=None
[2026-04-30T09:48:37.437+0000] {processor.py:183} INFO - Processing /home/airflow/.local/lib/python3.12/site-packages/airflow/example_dags/example_complex.py took 0.079 seconds
[2026-04-30T09:49:08.341+0000] {processor.py:161} INFO - Started process (PID=1030) to work on /home/airflow/.local/lib/python3.12/site-packages/airflow/example_dags/example_complex.py
[2026-04-30T09:49:08.341+0000] {processor.py:830} INFO - Processing file /home/airflow/.local/lib/python3.12/site-packages/airflow/example_dags/example_complex.py for tasks to queue
[2026-04-30T09:49:08.343+0000] {logging_mixin.py:188} INFO - [2026-04-30T09:49:08.343+0000] {dagbag.py:545} INFO - Filling up the DagBag from /home/airflow/.local/lib/python3.12/site-packages/airflow/example_dags/example_complex.py
[2026-04-30T09:49:08.358+0000] {processor.py:840} INFO - DAG(s) 'example_complex' retrieved from /home/airflow/.local/lib/python3.12/site-packages/airflow/example_dags/example_complex.py
[2026-04-30T09:49:08.389+0000] {logging_mixin.py:188} INFO - [2026-04-30T09:49:08.388+0000] {dag.py:3096} INFO - Sync 1 DAGs
[2026-04-30T09:49:08.402+0000] {logging_mixin.py:188} INFO - [2026-04-30T09:49:08.401+0000] {dag.py:3954} INFO - Setting next_dagrun for example_complex to None, run_after=None
[2026-04-30T09:49:08.418+0000] {processor.py:183} INFO - Processing /home/airflow/.local/lib/python3.12/site-packages/airflow/example_dags/example_complex.py took 0.084 seconds
[2026-04-30T09:49:38.683+0000] {processor.py:161} INFO - Started process (PID=1088) to work on /home/airflow/.local/lib/python3.12/site-packages/airflow/example_dags/example_complex.py
[2026-04-30T09:49:38.683+0000] {processor.py:830} INFO - Processing file /home/airflow/.local/lib/python3.12/site-packages/airflow/example_dags/example_complex.py for tasks to queue
[2026-04-30T09:49:38.685+0000] {logging_mixin.py:188} INFO - [2026-04-30T09:49:38.685+0000] {dagbag.py:545} INFO - Filling up the DagBag from /home/airflow/.local/lib/python3.12/site-packages/airflow/example_dags/example_complex.py
[2026-04-30T09:49:38.699+0000] {processor.py:840} INFO - DAG(s) 'example_complex' retrieved from /home/airflow/.local/lib/python3.12/site-packages/airflow/example_dags/example_complex.py
[2026-04-30T09:49:38.740+0000] {logging_mixin.py:188} INFO - [2026-04-30T09:49:38.740+0000] {dag.py:3096} INFO - Sync 1 DAGs
[2026-04-30T09:49:38.752+0000] {logging_mixin.py:188} INFO - [2026-04-30T09:49:38.752+0000] {dag.py:3954} INFO - Setting next_dagrun for example_complex to None, run_after=None
[2026-04-30T09:49:38.769+0000] {processor.py:183} INFO - Processing /home/airflow/.local/lib/python3.12/site-packages/airflow/example_dags/example_complex.py took 0.091 seconds
[2026-04-30T09:50:08.905+0000] {processor.py:161} INFO - Started process (PID=1146) to work on /home/airflow/.local/lib/python3.12/site-packages/airflow/example_dags/example_complex.py
[2026-04-30T09:50:08.906+0000] {processor.py:830} INFO - Processing file /home/airflow/.local/lib/python3.12/site-packages/airflow/example_dags/example_complex.py for tasks to queue
[2026-04-30T09:50:08.908+0000] {logging_mixin.py:188} INFO - [2026-04-30T09:50:08.907+0000] {dagbag.py:545} INFO - Filling up the DagBag from /home/airflow/.local/lib/python3.12/site-packages/airflow/example_dags/example_complex.py
[2026-04-30T09:50:08.917+0000] {processor.py:840} INFO - DAG(s) 'example_complex' retrieved from /home/airflow/.local/lib/python3.12/site-packages/airflow/example_dags/example_complex.py
[2026-04-30T09:50:08.947+0000] {logging_mixin.py:188} INFO - [2026-04-30T09:50:08.947+0000] {dag.py:3096} INFO - Sync 1 DAGs
[2026-04-30T09:50:08.959+0000] {logging_mixin.py:188} INFO - [2026-04-30T09:50:08.959+0000] {dag.py:3954} INFO - Setting next_dagrun for example_complex to None, run_after=None
[2026-04-30T09:50:08.975+0000] {processor.py:183} INFO - Processing /home/airflow/.local/lib/python3.12/site-packages/airflow/example_dags/example_complex.py took 0.076 seconds
[2026-04-30T09:50:39.063+0000] {processor.py:161} INFO - Started process (PID=1203) to work on /home/airflow/.local/lib/python3.12/site-packages/airflow/example_dags/example_complex.py
[2026-04-30T09:50:39.064+0000] {processor.py:830} INFO - Processing file /home/airflow/.local/lib/python3.12/site-packages/airflow/example_dags/example_complex.py for tasks to queue
[2026-04-30T09:50:39.066+0000] {logging_mixin.py:188} INFO - [2026-04-30T09:50:39.066+0000] {dagbag.py:545} INFO - Filling up the DagBag from /home/airflow/.local/lib/python3.12/site-packages/airflow/example_dags/example_complex.py
[2026-04-30T09:50:39.081+0000] {processor.py:840} INFO - DAG(s) 'example_complex' retrieved from /home/airflow/.local/lib/python3.12/site-packages/airflow/example_dags/example_complex.py
[2026-04-30T09:50:39.121+0000] {logging_mixin.py:188} INFO - [2026-04-30T09:50:39.120+0000] {dag.py:3096} INFO - Sync 1 DAGs
[2026-04-30T09:50:39.132+0000] {logging_mixin.py:188} INFO - [2026-04-30T09:50:39.132+0000] {dag.py:3954} INFO - Setting next_dagrun for example_complex to None, run_after=None
[2026-04-30T09:50:39.152+0000] {processor.py:183} INFO - Processing /home/airflow/.local/lib/python3.12/site-packages/airflow/example_dags/example_complex.py took 0.097 seconds
[2026-04-30T09:51:09.320+0000] {processor.py:161} INFO - Started process (PID=1261) to work on /home/airflow/.local/lib/python3.12/site-packages/airflow/example_dags/example_complex.py
[2026-04-30T09:51:09.321+0000] {processor.py:830} INFO - Processing file /home/airflow/.local/lib/python3.12/site-packages/airflow/example_dags/example_complex.py for tasks to queue
[2026-04-30T09:51:09.322+0000] {logging_mixin.py:188} INFO - [2026-04-30T09:51:09.322+0000] {dagbag.py:545} INFO - Filling up the DagBag from /home/airflow/.local/lib/python3.12/site-packages/airflow/example_dags/example_complex.py
[2026-04-30T09:51:09.332+0000] {processor.py:840} INFO - DAG(s) 'example_complex' retrieved from /home/airflow/.local/lib/python3.12/site-packages/airflow/example_dags/example_complex.py
[2026-04-30T09:51:09.379+0000] {logging_mixin.py:188} INFO - [2026-04-30T09:51:09.379+0000] {dag.py:3096} INFO - Sync 1 DAGs
[2026-04-30T09:51:09.393+0000] {logging_mixin.py:188} INFO - [2026-04-30T09:51:09.393+0000] {dag.py:3954} INFO - Setting next_dagrun for example_complex to None, run_after=None
[2026-04-30T09:51:09.421+0000] {processor.py:183} INFO - Processing /home/airflow/.local/lib/python3.12/site-packages/airflow/example_dags/example_complex.py took 0.106 seconds
[2026-04-30T09:51:39.484+0000] {processor.py:161} INFO - Started process (PID=1319) to work on /home/airflow/.local/lib/python3.12/site-packages/airflow/example_dags/example_complex.py
[2026-04-30T09:51:39.484+0000] {processor.py:830} INFO - Processing file /home/airflow/.local/lib/python3.12/site-packages/airflow/example_dags/example_complex.py for tasks to queue
[2026-04-30T09:51:39.486+0000] {logging_mixin.py:188} INFO - [2026-04-30T09:51:39.486+0000] {dagbag.py:545} INFO - Filling up the DagBag from /home/airflow/.local/lib/python3.12/site-packages/airflow/example_dags/example_complex.py
[2026-04-30T09:51:39.499+0000] {processor.py:840} INFO - DAG(s) 'example_complex' retrieved from /home/airflow/.local/lib/python3.12/site-packages/airflow/example_dags/example_complex.py
[2026-04-30T09:51:39.536+0000] {logging_mixin.py:188} INFO - [2026-04-30T09:51:39.536+0000] {dag.py:3096} INFO - Sync 1 DAGs
[2026-04-30T09:51:39.550+0000] {logging_mixin.py:188} INFO - [2026-04-30T09:51:39.550+0000] {dag.py:3954} INFO - Setting next_dagrun for example_complex to None, run_after=None
[2026-04-30T09:51:39.568+0000] {processor.py:183} INFO - Processing /home/airflow/.local/lib/python3.12/site-packages/airflow/example_dags/example_complex.py took 0.089 seconds
[2026-04-30T09:52:09.636+0000] {processor.py:161} INFO - Started process (PID=1378) to work on /home/airflow/.local/lib/python3.12/site-packages/airflow/example_dags/example_complex.py
[2026-04-30T09:52:09.637+0000] {processor.py:830} INFO - Processing file /home/airflow/.local/lib/python3.12/site-packages/airflow/example_dags/example_complex.py for tasks to queue
[2026-04-30T09:52:09.639+0000] {logging_mixin.py:188} INFO - [2026-04-30T09:52:09.638+0000] {dagbag.py:545} INFO - Filling up the DagBag from /home/airflow/.local/lib/python3.12/site-packages/airflow/example_dags/example_complex.py
[2026-04-30T09:52:09.656+0000] {processor.py:840} INFO - DAG(s) 'example_complex' retrieved from /home/airflow/.local/lib/python3.12/site-packages/airflow/example_dags/example_complex.py
[2026-04-30T09:52:09.701+0000] {logging_mixin.py:188} INFO - [2026-04-30T09:52:09.701+0000] {dag.py:3096} INFO - Sync 1 DAGs
[2026-04-30T09:52:09.714+0000] {logging_mixin.py:188} INFO - [2026-04-30T09:52:09.714+0000] {dag.py:3954} INFO - Setting next_dagrun for example_complex to None, run_after=None
[2026-04-30T09:52:09.731+0000] {processor.py:183} INFO - Processing /home/airflow/.local/lib/python3.12/site-packages/airflow/example_dags/example_complex.py took 0.102 seconds
[2026-04-30T09:52:39.829+0000] {processor.py:161} INFO - Started process (PID=1436) to work on /home/airflow/.local/lib/python3.12/site-packages/airflow/example_dags/example_complex.py
[2026-04-30T09:52:39.830+0000] {processor.py:830} INFO - Processing file /home/airflow/.local/lib/python3.12/site-packages/airflow/example_dags/example_complex.py for tasks to queue
[2026-04-30T09:52:39.832+0000] {logging_mixin.py:188} INFO - [2026-04-30T09:52:39.831+0000] {dagbag.py:545} INFO - Filling up the DagBag from /home/airflow/.local/lib/python3.12/site-packages/airflow/example_dags/example_complex.py
[2026-04-30T09:52:39.841+0000] {processor.py:840} INFO - DAG(s) 'example_complex' retrieved from /home/airflow/.local/lib/python3.12/site-packages/airflow/example_dags/example_complex.py
[2026-04-30T09:52:39.882+0000] {logging_mixin.py:188} INFO - [2026-04-30T09:52:39.882+0000] {dag.py:3096} INFO - Sync 1 DAGs
[2026-04-30T09:52:39.899+0000] {logging_mixin.py:188} INFO - [2026-04-30T09:52:39.899+0000] {dag.py:3954} INFO - Setting next_dagrun for example_complex to None, run_after=None
[2026-04-30T09:52:39.921+0000] {processor.py:183} INFO - Processing /home/airflow/.local/lib/python3.12/site-packages/airflow/example_dags/example_complex.py took 0.097 seconds
[2026-04-30T09:53:10.097+0000] {processor.py:161} INFO - Started process (PID=1493) to work on /home/airflow/.local/lib/python3.12/site-packages/airflow/example_dags/example_complex.py
[2026-04-30T09:53:10.098+0000] {processor.py:830} INFO - Processing file /home/airflow/.local/lib/python3.12/site-packages/airflow/example_dags/example_complex.py for tasks to queue
[2026-04-30T09:53:10.100+0000] {logging_mixin.py:188} INFO - [2026-04-30T09:53:10.099+0000] {dagbag.py:545} INFO - Filling up the DagBag from /home/airflow/.local/lib/python3.12/site-packages/airflow/example_dags/example_complex.py
[2026-04-30T09:53:10.114+0000] {processor.py:840} INFO - DAG(s) 'example_complex' retrieved from /home/airflow/.local/lib/python3.12/site-packages/airflow/example_dags/example_complex.py
[2026-04-30T09:53:10.143+0000] {logging_mixin.py:188} INFO - [2026-04-30T09:53:10.143+0000] {dag.py:3096} INFO - Sync 1 DAGs
[2026-04-30T09:53:10.154+0000] {logging_mixin.py:188} INFO - [2026-04-30T09:53:10.154+0000] {dag.py:3954} INFO - Setting next_dagrun for example_complex to None, run_after=None
[2026-04-30T09:53:10.315+0000] {processor.py:183} INFO - Processing /home/airflow/.local/lib/python3.12/site-packages/airflow/example_dags/example_complex.py took 0.225 seconds
[2026-04-30T09:53:40.606+0000] {processor.py:161} INFO - Started process (PID=1551) to work on /home/airflow/.local/lib/python3.12/site-packages/airflow/example_dags/example_complex.py
[2026-04-30T09:53:40.607+0000] {processor.py:830} INFO - Processing file /home/airflow/.local/lib/python3.12/site-packages/airflow/example_dags/example_complex.py for tasks to queue
[2026-04-30T09:53:40.609+0000] {logging_mixin.py:188} INFO - [2026-04-30T09:53:40.609+0000] {dagbag.py:545} INFO - Filling up the DagBag from /home/airflow/.local/lib/python3.12/site-packages/airflow/example_dags/example_complex.py
[2026-04-30T09:53:40.618+0000] {processor.py:840} INFO - DAG(s) 'example_complex' retrieved from /home/airflow/.local/lib/python3.12/site-packages/airflow/example_dags/example_complex.py
[2026-04-30T09:53:40.648+0000] {logging_mixin.py:188} INFO - [2026-04-30T09:53:40.648+0000] {dag.py:3096} INFO - Sync 1 DAGs
[2026-04-30T09:53:40.827+0000] {logging_mixin.py:188} INFO - [2026-04-30T09:53:40.827+0000] {dag.py:3954} INFO - Setting next_dagrun for example_complex to None, run_after=None
[2026-04-30T09:53:40.843+0000] {processor.py:183} INFO - Processing /home/airflow/.local/lib/python3.12/site-packages/airflow/example_dags/example_complex.py took 0.242 seconds
[2026-04-30T09:54:11.369+0000] {processor.py:161} INFO - Started process (PID=1609) to work on /home/airflow/.local/lib/python3.12/site-packages/airflow/example_dags/example_complex.py
[2026-04-30T09:54:11.370+0000] {processor.py:830} INFO - Processing file /home/airflow/.local/lib/python3.12/site-packages/airflow/example_dags/example_complex.py for tasks to queue
[2026-04-30T09:54:11.371+0000] {logging_mixin.py:188} INFO - [2026-04-30T09:54:11.371+0000] {dagbag.py:545} INFO - Filling up the DagBag from /home/airflow/.local/lib/python3.12/site-packages/airflow/example_dags/example_complex.py
[2026-04-30T09:54:11.381+0000] {processor.py:840} INFO - DAG(s) 'example_complex' retrieved from /home/airflow/.local/lib/python3.12/site-packages/airflow/example_dags/example_complex.py
[2026-04-30T09:54:11.414+0000] {logging_mixin.py:188} INFO - [2026-04-30T09:54:11.414+0000] {dag.py:3096} INFO - Sync 1 DAGs
[2026-04-30T09:54:11.591+0000] {logging_mixin.py:188} INFO - [2026-04-30T09:54:11.591+0000] {dag.py:3954} INFO - Setting next_dagrun for example_complex to None, run_after=None
[2026-04-30T09:54:11.605+0000] {processor.py:183} INFO - Processing /home/airflow/.local/lib/python3.12/site-packages/airflow/example_dags/example_complex.py took 0.241 seconds
[2026-04-30T09:54:41.891+0000] {processor.py:161} INFO - Started process (PID=1668) to work on /home/airflow/.local/lib/python3.12/site-packages/airflow/example_dags/example_complex.py
[2026-04-30T09:54:41.892+0000] {processor.py:830} INFO - Processing file /home/airflow/.local/lib/python3.12/site-packages/airflow/example_dags/example_complex.py for tasks to queue
[2026-04-30T09:54:41.894+0000] {logging_mixin.py:188} INFO - [2026-04-30T09:54:41.894+0000] {dagbag.py:545} INFO - Filling up the DagBag from /home/airflow/.local/lib/python3.12/site-packages/airflow/example_dags/example_complex.py
[2026-04-30T09:54:41.903+0000] {processor.py:840} INFO - DAG(s) 'example_complex' retrieved from /home/airflow/.local/lib/python3.12/site-packages/airflow/example_dags/example_complex.py
[2026-04-30T09:54:41.937+0000] {logging_mixin.py:188} INFO - [2026-04-30T09:54:41.937+0000] {dag.py:3096} INFO - Sync 1 DAGs
[2026-04-30T09:54:41.949+0000] {logging_mixin.py:188} INFO - [2026-04-30T09:54:41.949+0000] {dag.py:3954} INFO - Setting next_dagrun for example_complex to None, run_after=None
[2026-04-30T09:54:41.965+0000] {processor.py:183} INFO - Processing /home/airflow/.local/lib/python3.12/site-packages/airflow/example_dags/example_complex.py took 0.080 seconds
[2026-04-30T09:55:12.496+0000] {processor.py:161} INFO - Started process (PID=1725) to work on /home/airflow/.local/lib/python3.12/site-packages/airflow/example_dags/example_complex.py
[2026-04-30T09:55:12.497+0000] {processor.py:830} INFO - Processing file /home/airflow/.local/lib/python3.12/site-packages/airflow/example_dags/example_complex.py for tasks to queue
[2026-04-30T09:55:12.499+0000] {logging_mixin.py:188} INFO - [2026-04-30T09:55:12.498+0000] {dagbag.py:545} INFO - Filling up the DagBag from /home/airflow/.local/lib/python3.12/site-packages/airflow/example_dags/example_complex.py
[2026-04-30T09:55:12.511+0000] {processor.py:840} INFO - DAG(s) 'example_complex' retrieved from /home/airflow/.local/lib/python3.12/site-packages/airflow/example_dags/example_complex.py
[2026-04-30T09:55:12.545+0000] {logging_mixin.py:188} INFO - [2026-04-30T09:55:12.545+0000] {dag.py:3096} INFO - Sync 1 DAGs
[2026-04-30T09:55:12.559+0000] {logging_mixin.py:188} INFO - [2026-04-30T09:55:12.558+0000] {dag.py:3954} INFO - Setting next_dagrun for example_complex to None, run_after=None
[2026-04-30T09:55:12.576+0000] {processor.py:183} INFO - Processing /home/airflow/.local/lib/python3.12/site-packages/airflow/example_dags/example_complex.py took 0.087 seconds
[2026-04-30T09:55:42.669+0000] {processor.py:161} INFO - Started process (PID=1783) to work on /home/airflow/.local/lib/python3.12/site-packages/airflow/example_dags/example_complex.py
[2026-04-30T09:55:42.669+0000] {processor.py:830} INFO - Processing file /home/airflow/.local/lib/python3.12/site-packages/airflow/example_dags/example_complex.py for tasks to queue
[2026-04-30T09:55:42.671+0000] {logging_mixin.py:188} INFO - [2026-04-30T09:55:42.670+0000] {dagbag.py:545} INFO - Filling up the DagBag from /home/airflow/.local/lib/python3.12/site-packages/airflow/example_dags/example_complex.py
[2026-04-30T09:55:42.683+0000] {processor.py:840} INFO - DAG(s) 'example_complex' retrieved from /home/airflow/.local/lib/python3.12/site-packages/airflow/example_dags/example_complex.py
[2026-04-30T09:55:42.718+0000] {logging_mixin.py:188} INFO - [2026-04-30T09:55:42.718+0000] {dag.py:3096} INFO - Sync 1 DAGs
[2026-04-30T09:55:42.732+0000] {logging_mixin.py:188} INFO - [2026-04-30T09:55:42.731+0000] {dag.py:3954} INFO - Setting next_dagrun for example_complex to None, run_after=None
[2026-04-30T09:55:42.753+0000] {processor.py:183} INFO - Processing /home/airflow/.local/lib/python3.12/site-packages/airflow/example_dags/example_complex.py took 0.089 seconds
[2026-04-30T09:56:13.081+0000] {processor.py:161} INFO - Started process (PID=1841) to work on /home/airflow/.local/lib/python3.12/site-packages/airflow/example_dags/example_complex.py
[2026-04-30T09:56:13.081+0000] {processor.py:830} INFO - Processing file /home/airflow/.local/lib/python3.12/site-packages/airflow/example_dags/example_complex.py for tasks to queue
[2026-04-30T09:56:13.083+0000] {logging_mixin.py:188} INFO - [2026-04-30T09:56:13.082+0000] {dagbag.py:545} INFO - Filling up the DagBag from /home/airflow/.local/lib/python3.12/site-packages/airflow/example_dags/example_complex.py
[2026-04-30T09:56:13.092+0000] {processor.py:840} INFO - DAG(s) 'example_complex' retrieved from /home/airflow/.local/lib/python3.12/site-packages/airflow/example_dags/example_complex.py
[2026-04-30T09:56:13.122+0000] {logging_mixin.py:188} INFO - [2026-04-30T09:56:13.122+0000] {dag.py:3096} INFO - Sync 1 DAGs
[2026-04-30T09:56:13.133+0000] {logging_mixin.py:188} INFO - [2026-04-30T09:56:13.133+0000] {dag.py:3954} INFO - Setting next_dagrun for example_complex to None, run_after=None
[2026-04-30T09:56:13.150+0000] {processor.py:183} INFO - Processing /home/airflow/.local/lib/python3.12/site-packages/airflow/example_dags/example_complex.py took 0.074 seconds
[2026-04-30T09:56:43.289+0000] {processor.py:161} INFO - Started process (PID=1899) to work on /home/airflow/.local/lib/python3.12/site-packages/airflow/example_dags/example_complex.py
[2026-04-30T09:56:43.290+0000] {processor.py:830} INFO - Processing file /home/airflow/.local/lib/python3.12/site-packages/airflow/example_dags/example_complex.py for tasks to queue
[2026-04-30T09:56:43.291+0000] {logging_mixin.py:188} INFO - [2026-04-30T09:56:43.291+0000] {dagbag.py:545} INFO - Filling up the DagBag from /home/airflow/.local/lib/python3.12/site-packages/airflow/example_dags/example_complex.py
[2026-04-30T09:56:43.304+0000] {processor.py:840} INFO - DAG(s) 'example_complex' retrieved from /home/airflow/.local/lib/python3.12/site-packages/airflow/example_dags/example_complex.py
[2026-04-30T09:56:43.344+0000] {logging_mixin.py:188} INFO - [2026-04-30T09:56:43.343+0000] {dag.py:3096} INFO - Sync 1 DAGs
[2026-04-30T09:56:43.359+0000] {logging_mixin.py:188} INFO - [2026-04-30T09:56:43.359+0000] {dag.py:3954} INFO - Setting next_dagrun for example_complex to None, run_after=None
[2026-04-30T09:56:43.378+0000] {processor.py:183} INFO - Processing /home/airflow/.local/lib/python3.12/site-packages/airflow/example_dags/example_complex.py took 0.094 seconds
[2026-04-30T09:57:13.596+0000] {processor.py:161} INFO - Started process (PID=1957) to work on /home/airflow/.local/lib/python3.12/site-packages/airflow/example_dags/example_complex.py
[2026-04-30T09:57:13.597+0000] {processor.py:830} INFO - Processing file /home/airflow/.local/lib/python3.12/site-packages/airflow/example_dags/example_complex.py for tasks to queue
[2026-04-30T09:57:13.598+0000] {logging_mixin.py:188} INFO - [2026-04-30T09:57:13.598+0000] {dagbag.py:545} INFO - Filling up the DagBag from /home/airflow/.local/lib/python3.12/site-packages/airflow/example_dags/example_complex.py
[2026-04-30T09:57:13.608+0000] {processor.py:840} INFO - DAG(s) 'example_complex' retrieved from /home/airflow/.local/lib/python3.12/site-packages/airflow/example_dags/example_complex.py
[2026-04-30T09:57:13.636+0000] {logging_mixin.py:188} INFO - [2026-04-30T09:57:13.636+0000] {dag.py:3096} INFO - Sync 1 DAGs
[2026-04-30T09:57:13.648+0000] {logging_mixin.py:188} INFO - [2026-04-30T09:57:13.648+0000] {dag.py:3954} INFO - Setting next_dagrun for example_complex to None, run_after=None
[2026-04-30T09:57:13.663+0000] {processor.py:183} INFO - Processing /home/airflow/.local/lib/python3.12/site-packages/airflow/example_dags/example_complex.py took 0.072 seconds
[2026-04-30T09:57:44.588+0000] {processor.py:161} INFO - Started process (PID=2015) to work on /home/airflow/.local/lib/python3.12/site-packages/airflow/example_dags/example_complex.py
[2026-04-30T09:57:44.589+0000] {processor.py:830} INFO - Processing file /home/airflow/.local/lib/python3.12/site-packages/airflow/example_dags/example_complex.py for tasks to queue
[2026-04-30T09:57:44.591+0000] {logging_mixin.py:188} INFO - [2026-04-30T09:57:44.591+0000] {dagbag.py:545} INFO - Filling up the DagBag from /home/airflow/.local/lib/python3.12/site-packages/airflow/example_dags/example_complex.py
[2026-04-30T09:57:44.624+0000] {processor.py:840} INFO - DAG(s) 'example_complex' retrieved from /home/airflow/.local/lib/python3.12/site-packages/airflow/example_dags/example_complex.py
[2026-04-30T09:57:44.684+0000] {logging_mixin.py:188} INFO - [2026-04-30T09:57:44.683+0000] {dag.py:3096} INFO - Sync 1 DAGs
[2026-04-30T09:57:44.701+0000] {logging_mixin.py:188} INFO - [2026-04-30T09:57:44.701+0000] {dag.py:3954} INFO - Setting next_dagrun for example_complex to None, run_after=None
[2026-04-30T09:57:44.724+0000] {processor.py:183} INFO - Processing /home/airflow/.local/lib/python3.12/site-packages/airflow/example_dags/example_complex.py took 0.145 seconds
[2026-04-30T09:58:14.766+0000] {processor.py:161} INFO - Started process (PID=2074) to work on /home/airflow/.local/lib/python3.12/site-packages/airflow/example_dags/example_complex.py
[2026-04-30T09:58:14.766+0000] {processor.py:830} INFO - Processing file /home/airflow/.local/lib/python3.12/site-packages/airflow/example_dags/example_complex.py for tasks to queue
[2026-04-30T09:58:14.768+0000] {logging_mixin.py:188} INFO - [2026-04-30T09:58:14.768+0000] {dagbag.py:545} INFO - Filling up the DagBag from /home/airflow/.local/lib/python3.12/site-packages/airflow/example_dags/example_complex.py
[2026-04-30T09:58:14.778+0000] {processor.py:840} INFO - DAG(s) 'example_complex' retrieved from /home/airflow/.local/lib/python3.12/site-packages/airflow/example_dags/example_complex.py
[2026-04-30T09:58:14.816+0000] {logging_mixin.py:188} INFO - [2026-04-30T09:58:14.816+0000] {dag.py:3096} INFO - Sync 1 DAGs
[2026-04-30T09:58:14.834+0000] {logging_mixin.py:188} INFO - [2026-04-30T09:58:14.833+0000] {dag.py:3954} INFO - Setting next_dagrun for example_complex to None, run_after=None
[2026-04-30T09:58:14.866+0000] {processor.py:183} INFO - Processing /home/airflow/.local/lib/python3.12/site-packages/airflow/example_dags/example_complex.py took 0.106 seconds
[2026-04-30T09:58:44.939+0000] {processor.py:161} INFO - Started process (PID=2132) to work on /home/airflow/.local/lib/python3.12/site-packages/airflow/example_dags/example_complex.py
[2026-04-30T09:58:44.939+0000] {processor.py:830} INFO - Processing file /home/airflow/.local/lib/python3.12/site-packages/airflow/example_dags/example_complex.py for tasks to queue
[2026-04-30T09:58:44.941+0000] {logging_mixin.py:188} INFO - [2026-04-30T09:58:44.941+0000] {dagbag.py:545} INFO - Filling up the DagBag from /home/airflow/.local/lib/python3.12/site-packages/airflow/example_dags/example_complex.py
[2026-04-30T09:58:44.950+0000] {processor.py:840} INFO - DAG(s) 'example_complex' retrieved from /home/airflow/.local/lib/python3.12/site-packages/airflow/example_dags/example_complex.py
[2026-04-30T09:58:44.993+0000] {logging_mixin.py:188} INFO - [2026-04-30T09:58:44.992+0000] {dag.py:3096} INFO - Sync 1 DAGs
[2026-04-30T09:58:45.015+0000] {logging_mixin.py:188} INFO - [2026-04-30T09:58:45.014+0000] {dag.py:3954} INFO - Setting next_dagrun for example_complex to None, run_after=None
[2026-04-30T09:58:45.057+0000] {processor.py:183} INFO - Processing /home/airflow/.local/lib/python3.12/site-packages/airflow/example_dags/example_complex.py took 0.123 seconds
[2026-04-30T09:59:15.890+0000] {processor.py:161} INFO - Started process (PID=2189) to work on /home/airflow/.local/lib/python3.12/site-packages/airflow/example_dags/example_complex.py
[2026-04-30T09:59:15.891+0000] {processor.py:830} INFO - Processing file /home/airflow/.local/lib/python3.12/site-packages/airflow/example_dags/example_complex.py for tasks to queue
[2026-04-30T09:59:15.893+0000] {logging_mixin.py:188} INFO - [2026-04-30T09:59:15.892+0000] {dagbag.py:545} INFO - Filling up the DagBag from /home/airflow/.local/lib/python3.12/site-packages/airflow/example_dags/example_complex.py
[2026-04-30T09:59:15.903+0000] {processor.py:840} INFO - DAG(s) 'example_complex' retrieved from /home/airflow/.local/lib/python3.12/site-packages/airflow/example_dags/example_complex.py
[2026-04-30T09:59:15.933+0000] {logging_mixin.py:188} INFO - [2026-04-30T09:59:15.933+0000] {dag.py:3096} INFO - Sync 1 DAGs
[2026-04-30T09:59:15.945+0000] {logging_mixin.py:188} INFO - [2026-04-30T09:59:15.945+0000] {dag.py:3954} INFO - Setting next_dagrun for example_complex to None, run_after=None
[2026-04-30T09:59:15.964+0000] {processor.py:183} INFO - Processing /home/airflow/.local/lib/python3.12/site-packages/airflow/example_dags/example_complex.py took 0.078 seconds
[2026-04-30T09:59:46.495+0000] {processor.py:161} INFO - Started process (PID=2247) to work on /home/airflow/.local/lib/python3.12/site-packages/airflow/example_dags/example_complex.py
[2026-04-30T09:59:46.496+0000] {processor.py:830} INFO - Processing file /home/airflow/.local/lib/python3.12/site-packages/airflow/example_dags/example_complex.py for tasks to queue
[2026-04-30T09:59:46.497+0000] {logging_mixin.py:188} INFO - [2026-04-30T09:59:46.497+0000] {dagbag.py:545} INFO - Filling up the DagBag from /home/airflow/.local/lib/python3.12/site-packages/airflow/example_dags/example_complex.py
[2026-04-30T09:59:46.510+0000] {processor.py:840} INFO - DAG(s) 'example_complex' retrieved from /home/airflow/.local/lib/python3.12/site-packages/airflow/example_dags/example_complex.py
[2026-04-30T09:59:46.540+0000] {logging_mixin.py:188} INFO - [2026-04-30T09:59:46.539+0000] {dag.py:3096} INFO - Sync 1 DAGs
[2026-04-30T09:59:46.554+0000] {logging_mixin.py:188} INFO - [2026-04-30T09:59:46.554+0000] {dag.py:3954} INFO - Setting next_dagrun for example_complex to None, run_after=None
[2026-04-30T09:59:46.572+0000] {processor.py:183} INFO - Processing /home/airflow/.local/lib/python3.12/site-packages/airflow/example_dags/example_complex.py took 0.082 seconds
[2026-04-30T10:00:17.062+0000] {processor.py:161} INFO - Started process (PID=2305) to work on /home/airflow/.local/lib/python3.12/site-packages/airflow/example_dags/example_complex.py
[2026-04-30T10:00:17.062+0000] {processor.py:830} INFO - Processing file /home/airflow/.local/lib/python3.12/site-packages/airflow/example_dags/example_complex.py for tasks to queue
[2026-04-30T10:00:17.064+0000] {logging_mixin.py:188} INFO - [2026-04-30T10:00:17.064+0000] {dagbag.py:545} INFO - Filling up the DagBag from /home/airflow/.local/lib/python3.12/site-packages/airflow/example_dags/example_complex.py
[2026-04-30T10:00:17.073+0000] {processor.py:840} INFO - DAG(s) 'example_complex' retrieved from /home/airflow/.local/lib/python3.12/site-packages/airflow/example_dags/example_complex.py
[2026-04-30T10:00:17.105+0000] {logging_mixin.py:188} INFO - [2026-04-30T10:00:17.105+0000] {dag.py:3096} INFO - Sync 1 DAGs
[2026-04-30T10:00:17.121+0000] {logging_mixin.py:188} INFO - [2026-04-30T10:00:17.120+0000] {dag.py:3954} INFO - Setting next_dagrun for example_complex to None, run_after=None
[2026-04-30T10:00:17.141+0000] {processor.py:183} INFO - Processing /home/airflow/.local/lib/python3.12/site-packages/airflow/example_dags/example_complex.py took 0.085 seconds
[2026-04-30T10:00:47.727+0000] {processor.py:161} INFO - Started process (PID=2363) to work on /home/airflow/.local/lib/python3.12/site-packages/airflow/example_dags/example_complex.py
[2026-04-30T10:00:47.728+0000] {processor.py:830} INFO - Processing file /home/airflow/.local/lib/python3.12/site-packages/airflow/example_dags/example_complex.py for tasks to queue
[2026-04-30T10:00:47.729+0000] {logging_mixin.py:188} INFO - [2026-04-30T10:00:47.729+0000] {dagbag.py:545} INFO - Filling up the DagBag from /home/airflow/.local/lib/python3.12/site-packages/airflow/example_dags/example_complex.py
[2026-04-30T10:00:47.741+0000] {processor.py:840} INFO - DAG(s) 'example_complex' retrieved from /home/airflow/.local/lib/python3.12/site-packages/airflow/example_dags/example_complex.py
[2026-04-30T10:00:47.775+0000] {logging_mixin.py:188} INFO - [2026-04-30T10:00:47.775+0000] {dag.py:3096} INFO - Sync 1 DAGs
[2026-04-30T10:00:47.790+0000] {logging_mixin.py:188} INFO - [2026-04-30T10:00:47.790+0000] {dag.py:3954} INFO - Setting next_dagrun for example_complex to None, run_after=None
[2026-04-30T10:00:47.807+0000] {processor.py:183} INFO - Processing /home/airflow/.local/lib/python3.12/site-packages/airflow/example_dags/example_complex.py took 0.085 seconds
[2026-04-30T10:01:18.187+0000] {processor.py:161} INFO - Started process (PID=2421) to work on /home/airflow/.local/lib/python3.12/site-packages/airflow/example_dags/example_complex.py
[2026-04-30T10:01:18.188+0000] {processor.py:830} INFO - Processing file /home/airflow/.local/lib/python3.12/site-packages/airflow/example_dags/example_complex.py for tasks to queue
[2026-04-30T10:01:18.189+0000] {logging_mixin.py:188} INFO - [2026-04-30T10:01:18.189+0000] {dagbag.py:545} INFO - Filling up the DagBag from /home/airflow/.local/lib/python3.12/site-packages/airflow/example_dags/example_complex.py
[2026-04-30T10:01:18.198+0000] {processor.py:840} INFO - DAG(s) 'example_complex' retrieved from /home/airflow/.local/lib/python3.12/site-packages/airflow/example_dags/example_complex.py
[2026-04-30T10:01:18.235+0000] {logging_mixin.py:188} INFO - [2026-04-30T10:01:18.235+0000] {dag.py:3096} INFO - Sync 1 DAGs
[2026-04-30T10:01:18.247+0000] {logging_mixin.py:188} INFO - [2026-04-30T10:01:18.247+0000] {dag.py:3954} INFO - Setting next_dagrun for example_complex to None, run_after=None
[2026-04-30T10:01:18.266+0000] {processor.py:183} INFO - Processing /home/airflow/.local/lib/python3.12/site-packages/airflow/example_dags/example_complex.py took 0.084 seconds
[2026-04-30T10:01:48.558+0000] {processor.py:161} INFO - Started process (PID=2479) to work on /home/airflow/.local/lib/python3.12/site-packages/airflow/example_dags/example_complex.py
[2026-04-30T10:01:48.559+0000] {processor.py:830} INFO - Processing file /home/airflow/.local/lib/python3.12/site-packages/airflow/example_dags/example_complex.py for tasks to queue
[2026-04-30T10:01:48.560+0000] {logging_mixin.py:188} INFO - [2026-04-30T10:01:48.560+0000] {dagbag.py:545} INFO - Filling up the DagBag from /home/airflow/.local/lib/python3.12/site-packages/airflow/example_dags/example_complex.py
[2026-04-30T10:01:48.570+0000] {processor.py:840} INFO - DAG(s) 'example_complex' retrieved from /home/airflow/.local/lib/python3.12/site-packages/airflow/example_dags/example_complex.py
[2026-04-30T10:01:48.607+0000] {logging_mixin.py:188} INFO - [2026-04-30T10:01:48.607+0000] {dag.py:3096} INFO - Sync 1 DAGs
[2026-04-30T10:01:48.619+0000] {logging_mixin.py:188} INFO - [2026-04-30T10:01:48.619+0000] {dag.py:3954} INFO - Setting next_dagrun for example_complex to None, run_after=None
[2026-04-30T10:01:48.636+0000] {processor.py:183} INFO - Processing /home/airflow/.local/lib/python3.12/site-packages/airflow/example_dags/example_complex.py took 0.084 seconds
[2026-04-30T10:02:18.957+0000] {processor.py:161} INFO - Started process (PID=2537) to work on /home/airflow/.local/lib/python3.12/site-packages/airflow/example_dags/example_complex.py
[2026-04-30T10:02:18.958+0000] {processor.py:830} INFO - Processing file /home/airflow/.local/lib/python3.12/site-packages/airflow/example_dags/example_complex.py for tasks to queue
[2026-04-30T10:02:18.960+0000] {logging_mixin.py:188} INFO - [2026-04-30T10:02:18.960+0000] {dagbag.py:545} INFO - Filling up the DagBag from /home/airflow/.local/lib/python3.12/site-packages/airflow/example_dags/example_complex.py
[2026-04-30T10:02:18.974+0000] {processor.py:840} INFO - DAG(s) 'example_complex' retrieved from /home/airflow/.local/lib/python3.12/site-packages/airflow/example_dags/example_complex.py
[2026-04-30T10:02:19.030+0000] {logging_mixin.py:188} INFO - [2026-04-30T10:02:19.029+0000] {dag.py:3096} INFO - Sync 1 DAGs
[2026-04-30T10:02:19.047+0000] {logging_mixin.py:188} INFO - [2026-04-30T10:02:19.047+0000] {dag.py:3954} INFO - Setting next_dagrun for example_complex to None, run_after=None
[2026-04-30T10:02:19.070+0000] {processor.py:183} INFO - Processing /home/airflow/.local/lib/python3.12/site-packages/airflow/example_dags/example_complex.py took 0.120 seconds
[2026-04-30T10:02:49.214+0000] {processor.py:161} INFO - Started process (PID=2595) to work on /home/airflow/.local/lib/python3.12/site-packages/airflow/example_dags/example_complex.py
[2026-04-30T10:02:49.215+0000] {processor.py:830} INFO - Processing file /home/airflow/.local/lib/python3.12/site-packages/airflow/example_dags/example_complex.py for tasks to queue
[2026-04-30T10:02:49.216+0000] {logging_mixin.py:188} INFO - [2026-04-30T10:02:49.216+0000] {dagbag.py:545} INFO - Filling up the DagBag from /home/airflow/.local/lib/python3.12/site-packages/airflow/example_dags/example_complex.py
[2026-04-30T10:02:49.226+0000] {processor.py:840} INFO - DAG(s) 'example_complex' retrieved from /home/airflow/.local/lib/python3.12/site-packages/airflow/example_dags/example_complex.py
[2026-04-30T10:02:49.255+0000] {logging_mixin.py:188} INFO - [2026-04-30T10:02:49.255+0000] {dag.py:3096} INFO - Sync 1 DAGs
[2026-04-30T10:02:49.268+0000] {logging_mixin.py:188} INFO - [2026-04-30T10:02:49.267+0000] {dag.py:3954} INFO - Setting next_dagrun for example_complex to None, run_after=None
[2026-04-30T10:02:49.288+0000] {processor.py:183} INFO - Processing /home/airflow/.local/lib/python3.12/site-packages/airflow/example_dags/example_complex.py took 0.080 seconds
[2026-04-30T10:03:19.577+0000] {processor.py:161} INFO - Started process (PID=2654) to work on /home/airflow/.local/lib/python3.12/site-packages/airflow/example_dags/example_complex.py
[2026-04-30T10:03:19.577+0000] {processor.py:830} INFO - Processing file /home/airflow/.local/lib/python3.12/site-packages/airflow/example_dags/example_complex.py for tasks to queue
[2026-04-30T10:03:19.579+0000] {logging_mixin.py:188} INFO - [2026-04-30T10:03:19.579+0000] {dagbag.py:545} INFO - Filling up the DagBag from /home/airflow/.local/lib/python3.12/site-packages/airflow/example_dags/example_complex.py
[2026-04-30T10:03:19.591+0000] {processor.py:840} INFO - DAG(s) 'example_complex' retrieved from /home/airflow/.local/lib/python3.12/site-packages/airflow/example_dags/example_complex.py
[2026-04-30T10:03:19.629+0000] {logging_mixin.py:188} INFO - [2026-04-30T10:03:19.629+0000] {dag.py:3096} INFO - Sync 1 DAGs
[2026-04-30T10:03:19.641+0000] {logging_mixin.py:188} INFO - [2026-04-30T10:03:19.641+0000] {dag.py:3954} INFO - Setting next_dagrun for example_complex to None, run_after=None
[2026-04-30T10:03:19.658+0000] {processor.py:183} INFO - Processing /home/airflow/.local/lib/python3.12/site-packages/airflow/example_dags/example_complex.py took 0.087 seconds
[2026-04-30T10:03:50.168+0000] {processor.py:161} INFO - Started process (PID=2711) to work on /home/airflow/.local/lib/python3.12/site-packages/airflow/example_dags/example_complex.py
[2026-04-30T10:03:50.169+0000] {processor.py:830} INFO - Processing file /home/airflow/.local/lib/python3.12/site-packages/airflow/example_dags/example_complex.py for tasks to queue
[2026-04-30T10:03:50.171+0000] {logging_mixin.py:188} INFO - [2026-04-30T10:03:50.170+0000] {dagbag.py:545} INFO - Filling up the DagBag from /home/airflow/.local/lib/python3.12/site-packages/airflow/example_dags/example_complex.py
[2026-04-30T10:03:50.183+0000] {processor.py:840} INFO - DAG(s) 'example_complex' retrieved from /home/airflow/.local/lib/python3.12/site-packages/airflow/example_dags/example_complex.py
[2026-04-30T10:03:50.215+0000] {logging_mixin.py:188} INFO - [2026-04-30T10:03:50.214+0000] {dag.py:3096} INFO - Sync 1 DAGs
[2026-04-30T10:03:50.227+0000] {logging_mixin.py:188} INFO - [2026-04-30T10:03:50.227+0000] {dag.py:3954} INFO - Setting next_dagrun for example_complex to None, run_after=None
[2026-04-30T10:03:50.245+0000] {processor.py:183} INFO - Processing /home/airflow/.local/lib/python3.12/site-packages/airflow/example_dags/example_complex.py took 0.083 seconds
[2026-04-30T10:04:20.746+0000] {processor.py:161} INFO - Started process (PID=2769) to work on /home/airflow/.local/lib/python3.12/site-packages/airflow/example_dags/example_complex.py
[2026-04-30T10:04:20.747+0000] {processor.py:830} INFO - Processing file /home/airflow/.local/lib/python3.12/site-packages/airflow/example_dags/example_complex.py for tasks to queue
[2026-04-30T10:04:20.749+0000] {logging_mixin.py:188} INFO - [2026-04-30T10:04:20.748+0000] {dagbag.py:545} INFO - Filling up the DagBag from /home/airflow/.local/lib/python3.12/site-packages/airflow/example_dags/example_complex.py
[2026-04-30T10:04:20.758+0000] {processor.py:840} INFO - DAG(s) 'example_complex' retrieved from /home/airflow/.local/lib/python3.12/site-packages/airflow/example_dags/example_complex.py
[2026-04-30T10:04:20.798+0000] {logging_mixin.py:188} INFO - [2026-04-30T10:04:20.797+0000] {dag.py:3096} INFO - Sync 1 DAGs
[2026-04-30T10:04:20.812+0000] {logging_mixin.py:188} INFO - [2026-04-30T10:04:20.812+0000] {dag.py:3954} INFO - Setting next_dagrun for example_complex to None, run_after=None
[2026-04-30T10:04:20.834+0000] {processor.py:183} INFO - Processing /home/airflow/.local/lib/python3.12/site-packages/airflow/example_dags/example_complex.py took 0.094 seconds
[2026-04-30T10:04:51.258+0000] {processor.py:161} INFO - Started process (PID=2827) to work on /home/airflow/.local/lib/python3.12/site-packages/airflow/example_dags/example_complex.py
[2026-04-30T10:04:51.259+0000] {processor.py:830} INFO - Processing file /home/airflow/.local/lib/python3.12/site-packages/airflow/example_dags/example_complex.py for tasks to queue
[2026-04-30T10:04:51.261+0000] {logging_mixin.py:188} INFO - [2026-04-30T10:04:51.260+0000] {dagbag.py:545} INFO - Filling up the DagBag from /home/airflow/.local/lib/python3.12/site-packages/airflow/example_dags/example_complex.py
[2026-04-30T10:04:51.274+0000] {processor.py:840} INFO - DAG(s) 'example_complex' retrieved from /home/airflow/.local/lib/python3.12/site-packages/airflow/example_dags/example_complex.py
[2026-04-30T10:04:51.319+0000] {logging_mixin.py:188} INFO - [2026-04-30T10:04:51.319+0000] {dag.py:3096} INFO - Sync 1 DAGs
[2026-04-30T10:04:51.335+0000] {logging_mixin.py:188} INFO - [2026-04-30T10:04:51.335+0000] {dag.py:3954} INFO - Setting next_dagrun for example_complex to None, run_after=None
[2026-04-30T10:04:51.358+0000] {processor.py:183} INFO - Processing /home/airflow/.local/lib/python3.12/site-packages/airflow/example_dags/example_complex.py took 0.106 seconds
[2026-04-30T10:05:21.797+0000] {processor.py:161} INFO - Started process (PID=2885) to work on /home/airflow/.local/lib/python3.12/site-packages/airflow/example_dags/example_complex.py
[2026-04-30T10:05:21.797+0000] {processor.py:830} INFO - Processing file /home/airflow/.local/lib/python3.12/site-packages/airflow/example_dags/example_complex.py for tasks to queue
[2026-04-30T10:05:21.799+0000] {logging_mixin.py:188} INFO - [2026-04-30T10:05:21.798+0000] {dagbag.py:545} INFO - Filling up the DagBag from /home/airflow/.local/lib/python3.12/site-packages/airflow/example_dags/example_complex.py
[2026-04-30T10:05:21.808+0000] {processor.py:840} INFO - DAG(s) 'example_complex' retrieved from /home/airflow/.local/lib/python3.12/site-packages/airflow/example_dags/example_complex.py
[2026-04-30T10:05:21.844+0000] {logging_mixin.py:188} INFO - [2026-04-30T10:05:21.844+0000] {dag.py:3096} INFO - Sync 1 DAGs
[2026-04-30T10:05:21.856+0000] {logging_mixin.py:188} INFO - [2026-04-30T10:05:21.856+0000] {dag.py:3954} INFO - Setting next_dagrun for example_complex to None, run_after=None
[2026-04-30T10:05:21.875+0000] {processor.py:183} INFO - Processing /home/airflow/.local/lib/python3.12/site-packages/airflow/example_dags/example_complex.py took 0.083 seconds
[2026-04-30T10:05:52.253+0000] {processor.py:161} INFO - Started process (PID=2943) to work on /home/airflow/.local/lib/python3.12/site-packages/airflow/example_dags/example_complex.py
[2026-04-30T10:05:52.254+0000] {processor.py:830} INFO - Processing file /home/airflow/.local/lib/python3.12/site-packages/airflow/example_dags/example_complex.py for tasks to queue
[2026-04-30T10:05:52.256+0000] {logging_mixin.py:188} INFO - [2026-04-30T10:05:52.255+0000] {dagbag.py:545} INFO - Filling up the DagBag from /home/airflow/.local/lib/python3.12/site-packages/airflow/example_dags/example_complex.py
[2026-04-30T10:05:52.265+0000] {processor.py:840} INFO - DAG(s) 'example_complex' retrieved from /home/airflow/.local/lib/python3.12/site-packages/airflow/example_dags/example_complex.py
[2026-04-30T10:05:52.294+0000] {logging_mixin.py:188} INFO - [2026-04-30T10:05:52.294+0000] {dag.py:3096} INFO - Sync 1 DAGs
[2026-04-30T10:05:52.306+0000] {logging_mixin.py:188} INFO - [2026-04-30T10:05:52.306+0000] {dag.py:3954} INFO - Setting next_dagrun for example_complex to None, run_after=None
[2026-04-30T10:05:52.323+0000] {processor.py:183} INFO - Processing /home/airflow/.local/lib/python3.12/site-packages/airflow/example_dags/example_complex.py took 0.076 seconds
[2026-04-30T10:06:22.758+0000] {processor.py:161} INFO - Started process (PID=3002) to work on /home/airflow/.local/lib/python3.12/site-packages/airflow/example_dags/example_complex.py
[2026-04-30T10:06:22.759+0000] {processor.py:830} INFO - Processing file /home/airflow/.local/lib/python3.12/site-packages/airflow/example_dags/example_complex.py for tasks to queue
[2026-04-30T10:06:22.761+0000] {logging_mixin.py:188} INFO - [2026-04-30T10:06:22.760+0000] {dagbag.py:545} INFO - Filling up the DagBag from /home/airflow/.local/lib/python3.12/site-packages/airflow/example_dags/example_complex.py
[2026-04-30T10:06:22.774+0000] {processor.py:840} INFO - DAG(s) 'example_complex' retrieved from /home/airflow/.local/lib/python3.12/site-packages/airflow/example_dags/example_complex.py
[2026-04-30T10:06:22.815+0000] {logging_mixin.py:188} INFO - [2026-04-30T10:06:22.814+0000] {dag.py:3096} INFO - Sync 1 DAGs
[2026-04-30T10:06:22.829+0000] {logging_mixin.py:188} INFO - [2026-04-30T10:06:22.829+0000] {dag.py:3954} INFO - Setting next_dagrun for example_complex to None, run_after=None
[2026-04-30T10:06:22.847+0000] {processor.py:183} INFO - Processing /home/airflow/.local/lib/python3.12/site-packages/airflow/example_dags/example_complex.py took 0.093 seconds
[2026-04-30T10:06:53.293+0000] {processor.py:161} INFO - Started process (PID=3067) to work on /home/airflow/.local/lib/python3.12/site-packages/airflow/example_dags/example_complex.py
[2026-04-30T10:06:53.294+0000] {processor.py:830} INFO - Processing file /home/airflow/.local/lib/python3.12/site-packages/airflow/example_dags/example_complex.py for tasks to queue
[2026-04-30T10:06:53.296+0000] {logging_mixin.py:188} INFO - [2026-04-30T10:06:53.296+0000] {dagbag.py:545} INFO - Filling up the DagBag from /home/airflow/.local/lib/python3.12/site-packages/airflow/example_dags/example_complex.py
[2026-04-30T10:06:53.306+0000] {processor.py:840} INFO - DAG(s) 'example_complex' retrieved from /home/airflow/.local/lib/python3.12/site-packages/airflow/example_dags/example_complex.py
[2026-04-30T10:06:53.338+0000] {logging_mixin.py:188} INFO - [2026-04-30T10:06:53.338+0000] {dag.py:3096} INFO - Sync 1 DAGs
[2026-04-30T10:06:53.351+0000] {logging_mixin.py:188} INFO - [2026-04-30T10:06:53.351+0000] {dag.py:3954} INFO - Setting next_dagrun for example_complex to None, run_after=None
[2026-04-30T10:06:53.369+0000] {processor.py:183} INFO - Processing /home/airflow/.local/lib/python3.12/site-packages/airflow/example_dags/example_complex.py took 0.082 seconds
[2026-04-30T10:07:23.694+0000] {processor.py:161} INFO - Started process (PID=3126) to work on /home/airflow/.local/lib/python3.12/site-packages/airflow/example_dags/example_complex.py
[2026-04-30T10:07:23.695+0000] {processor.py:830} INFO - Processing file /home/airflow/.local/lib/python3.12/site-packages/airflow/example_dags/example_complex.py for tasks to queue
[2026-04-30T10:07:23.696+0000] {logging_mixin.py:188} INFO - [2026-04-30T10:07:23.696+0000] {dagbag.py:545} INFO - Filling up the DagBag from /home/airflow/.local/lib/python3.12/site-packages/airflow/example_dags/example_complex.py
[2026-04-30T10:07:23.709+0000] {processor.py:840} INFO - DAG(s) 'example_complex' retrieved from /home/airflow/.local/lib/python3.12/site-packages/airflow/example_dags/example_complex.py
[2026-04-30T10:07:23.747+0000] {logging_mixin.py:188} INFO - [2026-04-30T10:07:23.747+0000] {dag.py:3096} INFO - Sync 1 DAGs
[2026-04-30T10:07:23.759+0000] {logging_mixin.py:188} INFO - [2026-04-30T10:07:23.759+0000] {dag.py:3954} INFO - Setting next_dagrun for example_complex to None, run_after=None
[2026-04-30T10:07:23.777+0000] {processor.py:183} INFO - Processing /home/airflow/.local/lib/python3.12/site-packages/airflow/example_dags/example_complex.py took 0.088 seconds
[2026-04-30T10:07:54.225+0000] {processor.py:161} INFO - Started process (PID=3185) to work on /home/airflow/.local/lib/python3.12/site-packages/airflow/example_dags/example_complex.py
[2026-04-30T10:07:54.226+0000] {processor.py:830} INFO - Processing file /home/airflow/.local/lib/python3.12/site-packages/airflow/example_dags/example_complex.py for tasks to queue
[2026-04-30T10:07:54.227+0000] {logging_mixin.py:188} INFO - [2026-04-30T10:07:54.227+0000] {dagbag.py:545} INFO - Filling up the DagBag from /home/airflow/.local/lib/python3.12/site-packages/airflow/example_dags/example_complex.py
[2026-04-30T10:07:54.236+0000] {processor.py:840} INFO - DAG(s) 'example_complex' retrieved from /home/airflow/.local/lib/python3.12/site-packages/airflow/example_dags/example_complex.py
[2026-04-30T10:07:54.272+0000] {logging_mixin.py:188} INFO - [2026-04-30T10:07:54.272+0000] {dag.py:3096} INFO - Sync 1 DAGs
[2026-04-30T10:07:54.286+0000] {logging_mixin.py:188} INFO - [2026-04-30T10:07:54.286+0000] {dag.py:3954} INFO - Setting next_dagrun for example_complex to None, run_after=None
[2026-04-30T10:07:54.310+0000] {processor.py:183} INFO - Processing /home/airflow/.local/lib/python3.12/site-packages/airflow/example_dags/example_complex.py took 0.090 seconds
[2026-04-30T10:08:24.722+0000] {processor.py:161} INFO - Started process (PID=3244) to work on /home/airflow/.local/lib/python3.12/site-packages/airflow/example_dags/example_complex.py
[2026-04-30T10:08:24.723+0000] {processor.py:830} INFO - Processing file /home/airflow/.local/lib/python3.12/site-packages/airflow/example_dags/example_complex.py for tasks to queue
[2026-04-30T10:08:24.724+0000] {logging_mixin.py:188} INFO - [2026-04-30T10:08:24.724+0000] {dagbag.py:545} INFO - Filling up the DagBag from /home/airflow/.local/lib/python3.12/site-packages/airflow/example_dags/example_complex.py
[2026-04-30T10:08:24.733+0000] {processor.py:840} INFO - DAG(s) 'example_complex' retrieved from /home/airflow/.local/lib/python3.12/site-packages/airflow/example_dags/example_complex.py
[2026-04-30T10:08:24.769+0000] {logging_mixin.py:188} INFO - [2026-04-30T10:08:24.769+0000] {dag.py:3096} INFO - Sync 1 DAGs
[2026-04-30T10:08:24.782+0000] {logging_mixin.py:188} INFO - [2026-04-30T10:08:24.782+0000] {dag.py:3954} INFO - Setting next_dagrun for example_complex to None, run_after=None
[2026-04-30T10:08:24.802+0000] {processor.py:183} INFO - Processing /home/airflow/.local/lib/python3.12/site-packages/airflow/example_dags/example_complex.py took 0.085 seconds
[2026-04-30T10:08:55.184+0000] {processor.py:161} INFO - Started process (PID=3303) to work on /home/airflow/.local/lib/python3.12/site-packages/airflow/example_dags/example_complex.py
[2026-04-30T10:08:55.185+0000] {processor.py:830} INFO - Processing file /home/airflow/.local/lib/python3.12/site-packages/airflow/example_dags/example_complex.py for tasks to queue
[2026-04-30T10:08:55.187+0000] {logging_mixin.py:188} INFO - [2026-04-30T10:08:55.187+0000] {dagbag.py:545} INFO - Filling up the DagBag from /home/airflow/.local/lib/python3.12/site-packages/airflow/example_dags/example_complex.py
[2026-04-30T10:08:55.199+0000] {processor.py:840} INFO - DAG(s) 'example_complex' retrieved from /home/airflow/.local/lib/python3.12/site-packages/airflow/example_dags/example_complex.py
[2026-04-30T10:08:55.229+0000] {logging_mixin.py:188} INFO - [2026-04-30T10:08:55.228+0000] {dag.py:3096} INFO - Sync 1 DAGs
[2026-04-30T10:08:55.243+0000] {logging_mixin.py:188} INFO - [2026-04-30T10:08:55.242+0000] {dag.py:3954} INFO - Setting next_dagrun for example_complex to None, run_after=None
[2026-04-30T10:08:55.261+0000] {processor.py:183} INFO - Processing /home/airflow/.local/lib/python3.12/site-packages/airflow/example_dags/example_complex.py took 0.082 seconds
[2026-04-30T10:09:25.919+0000] {processor.py:161} INFO - Started process (PID=3362) to work on /home/airflow/.local/lib/python3.12/site-packages/airflow/example_dags/example_complex.py
[2026-04-30T10:09:25.920+0000] {processor.py:830} INFO - Processing file /home/airflow/.local/lib/python3.12/site-packages/airflow/example_dags/example_complex.py for tasks to queue
[2026-04-30T10:09:25.921+0000] {logging_mixin.py:188} INFO - [2026-04-30T10:09:25.921+0000] {dagbag.py:545} INFO - Filling up the DagBag from /home/airflow/.local/lib/python3.12/site-packages/airflow/example_dags/example_complex.py
[2026-04-30T10:09:25.934+0000] {processor.py:840} INFO - DAG(s) 'example_complex' retrieved from /home/airflow/.local/lib/python3.12/site-packages/airflow/example_dags/example_complex.py
[2026-04-30T10:09:25.973+0000] {logging_mixin.py:188} INFO - [2026-04-30T10:09:25.972+0000] {dag.py:3096} INFO - Sync 1 DAGs
[2026-04-30T10:09:25.987+0000] {logging_mixin.py:188} INFO - [2026-04-30T10:09:25.987+0000] {dag.py:3954} INFO - Setting next_dagrun for example_complex to None, run_after=None
[2026-04-30T10:09:26.005+0000] {processor.py:183} INFO - Processing /home/airflow/.local/lib/python3.12/site-packages/airflow/example_dags/example_complex.py took 0.091 seconds
[2026-04-30T10:09:56.144+0000] {processor.py:161} INFO - Started process (PID=3422) to work on /home/airflow/.local/lib/python3.12/site-packages/airflow/example_dags/example_complex.py
[2026-04-30T10:09:56.145+0000] {processor.py:830} INFO - Processing file /home/airflow/.local/lib/python3.12/site-packages/airflow/example_dags/example_complex.py for tasks to queue
[2026-04-30T10:09:56.146+0000] {logging_mixin.py:188} INFO - [2026-04-30T10:09:56.146+0000] {dagbag.py:545} INFO - Filling up the DagBag from /home/airflow/.local/lib/python3.12/site-packages/airflow/example_dags/example_complex.py
[2026-04-30T10:09:56.157+0000] {processor.py:840} INFO - DAG(s) 'example_complex' retrieved from /home/airflow/.local/lib/python3.12/site-packages/airflow/example_dags/example_complex.py
[2026-04-30T10:09:56.196+0000] {logging_mixin.py:188} INFO - [2026-04-30T10:09:56.195+0000] {dag.py:3096} INFO - Sync 1 DAGs
[2026-04-30T10:09:56.210+0000] {logging_mixin.py:188} INFO - [2026-04-30T10:09:56.210+0000] {dag.py:3954} INFO - Setting next_dagrun for example_complex to None, run_after=None
[2026-04-30T10:09:56.233+0000] {processor.py:183} INFO - Processing /home/airflow/.local/lib/python3.12/site-packages/airflow/example_dags/example_complex.py took 0.095 seconds
[2026-04-30T10:10:26.400+0000] {processor.py:161} INFO - Started process (PID=3480) to work on /home/airflow/.local/lib/python3.12/site-packages/airflow/example_dags/example_complex.py
[2026-04-30T10:10:26.401+0000] {processor.py:830} INFO - Processing file /home/airflow/.local/lib/python3.12/site-packages/airflow/example_dags/example_complex.py for tasks to queue
[2026-04-30T10:10:26.403+0000] {logging_mixin.py:188} INFO - [2026-04-30T10:10:26.403+0000] {dagbag.py:545} INFO - Filling up the DagBag from /home/airflow/.local/lib/python3.12/site-packages/airflow/example_dags/example_complex.py
[2026-04-30T10:10:26.420+0000] {processor.py:840} INFO - DAG(s) 'example_complex' retrieved from /home/airflow/.local/lib/python3.12/site-packages/airflow/example_dags/example_complex.py
[2026-04-30T10:10:26.467+0000] {logging_mixin.py:188} INFO - [2026-04-30T10:10:26.467+0000] {dag.py:3096} INFO - Sync 1 DAGs
[2026-04-30T10:10:26.483+0000] {logging_mixin.py:188} INFO - [2026-04-30T10:10:26.483+0000] {dag.py:3954} INFO - Setting next_dagrun for example_complex to None, run_after=None
[2026-04-30T10:10:26.504+0000] {processor.py:183} INFO - Processing /home/airflow/.local/lib/python3.12/site-packages/airflow/example_dags/example_complex.py took 0.111 seconds
[2026-04-30T10:10:57.276+0000] {processor.py:161} INFO - Started process (PID=3539) to work on /home/airflow/.local/lib/python3.12/site-packages/airflow/example_dags/example_complex.py
[2026-04-30T10:10:57.277+0000] {processor.py:830} INFO - Processing file /home/airflow/.local/lib/python3.12/site-packages/airflow/example_dags/example_complex.py for tasks to queue
[2026-04-30T10:10:57.281+0000] {logging_mixin.py:188} INFO - [2026-04-30T10:10:57.278+0000] {dagbag.py:545} INFO - Filling up the DagBag from /home/airflow/.local/lib/python3.12/site-packages/airflow/example_dags/example_complex.py
[2026-04-30T10:10:57.306+0000] {processor.py:840} INFO - DAG(s) 'example_complex' retrieved from /home/airflow/.local/lib/python3.12/site-packages/airflow/example_dags/example_complex.py
[2026-04-30T10:10:57.450+0000] {logging_mixin.py:188} INFO - [2026-04-30T10:10:57.449+0000] {dag.py:3096} INFO - Sync 1 DAGs
[2026-04-30T10:10:57.482+0000] {logging_mixin.py:188} INFO - [2026-04-30T10:10:57.481+0000] {dag.py:3954} INFO - Setting next_dagrun for example_complex to None, run_after=None
[2026-04-30T10:10:57.560+0000] {processor.py:183} INFO - Processing /home/airflow/.local/lib/python3.12/site-packages/airflow/example_dags/example_complex.py took 0.295 seconds
[2026-04-30T10:11:27.828+0000] {processor.py:161} INFO - Started process (PID=3599) to work on /home/airflow/.local/lib/python3.12/site-packages/airflow/example_dags/example_complex.py
[2026-04-30T10:11:27.829+0000] {processor.py:830} INFO - Processing file /home/airflow/.local/lib/python3.12/site-packages/airflow/example_dags/example_complex.py for tasks to queue
[2026-04-30T10:11:27.829+0000] {logging_mixin.py:188} INFO - [2026-04-30T10:11:27.829+0000] {dagbag.py:545} INFO - Filling up the DagBag from /home/airflow/.local/lib/python3.12/site-packages/airflow/example_dags/example_complex.py
[2026-04-30T10:11:27.843+0000] {processor.py:840} INFO - DAG(s) 'example_complex' retrieved from /home/airflow/.local/lib/python3.12/site-packages/airflow/example_dags/example_complex.py
[2026-04-30T10:11:27.885+0000] {logging_mixin.py:188} INFO - [2026-04-30T10:11:27.885+0000] {dag.py:3096} INFO - Sync 1 DAGs
[2026-04-30T10:11:27.900+0000] {logging_mixin.py:188} INFO - [2026-04-30T10:11:27.900+0000] {dag.py:3954} INFO - Setting next_dagrun for example_complex to None, run_after=None
[2026-04-30T10:11:27.922+0000] {processor.py:183} INFO - Processing /home/airflow/.local/lib/python3.12/site-packages/airflow/example_dags/example_complex.py took 0.100 seconds
[2026-04-30T10:11:58.165+0000] {processor.py:161} INFO - Started process (PID=3656) to work on /home/airflow/.local/lib/python3.12/site-packages/airflow/example_dags/example_complex.py
[2026-04-30T10:11:58.166+0000] {processor.py:830} INFO - Processing file /home/airflow/.local/lib/python3.12/site-packages/airflow/example_dags/example_complex.py for tasks to queue
[2026-04-30T10:11:58.169+0000] {logging_mixin.py:188} INFO - [2026-04-30T10:11:58.167+0000] {dagbag.py:545} INFO - Filling up the DagBag from /home/airflow/.local/lib/python3.12/site-packages/airflow/example_dags/example_complex.py
[2026-04-30T10:11:58.184+0000] {processor.py:840} INFO - DAG(s) 'example_complex' retrieved from /home/airflow/.local/lib/python3.12/site-packages/airflow/example_dags/example_complex.py
[2026-04-30T10:11:58.231+0000] {logging_mixin.py:188} INFO - [2026-04-30T10:11:58.231+0000] {dag.py:3096} INFO - Sync 1 DAGs
[2026-04-30T10:11:58.255+0000] {logging_mixin.py:188} INFO - [2026-04-30T10:11:58.255+0000] {dag.py:3954} INFO - Setting next_dagrun for example_complex to None, run_after=None
[2026-04-30T10:11:58.285+0000] {processor.py:183} INFO - Processing /home/airflow/.local/lib/python3.12/site-packages/airflow/example_dags/example_complex.py took 0.133 seconds
[2026-04-30T10:12:28.754+0000] {processor.py:161} INFO - Started process (PID=3713) to work on /home/airflow/.local/lib/python3.12/site-packages/airflow/example_dags/example_complex.py
[2026-04-30T10:12:28.755+0000] {processor.py:830} INFO - Processing file /home/airflow/.local/lib/python3.12/site-packages/airflow/example_dags/example_complex.py for tasks to queue
[2026-04-30T10:12:28.756+0000] {logging_mixin.py:188} INFO - [2026-04-30T10:12:28.755+0000] {dagbag.py:545} INFO - Filling up the DagBag from /home/airflow/.local/lib/python3.12/site-packages/airflow/example_dags/example_complex.py
[2026-04-30T10:12:28.765+0000] {processor.py:840} INFO - DAG(s) 'example_complex' retrieved from /home/airflow/.local/lib/python3.12/site-packages/airflow/example_dags/example_complex.py
[2026-04-30T10:12:28.797+0000] {logging_mixin.py:188} INFO - [2026-04-30T10:12:28.796+0000] {dag.py:3096} INFO - Sync 1 DAGs
[2026-04-30T10:12:28.809+0000] {logging_mixin.py:188} INFO - [2026-04-30T10:12:28.809+0000] {dag.py:3954} INFO - Setting next_dagrun for example_complex to None, run_after=None
[2026-04-30T10:12:28.831+0000] {processor.py:183} INFO - Processing /home/airflow/.local/lib/python3.12/site-packages/airflow/example_dags/example_complex.py took 0.082 seconds
[2026-04-30T10:12:59.126+0000] {processor.py:161} INFO - Started process (PID=3772) to work on /home/airflow/.local/lib/python3.12/site-packages/airflow/example_dags/example_complex.py
[2026-04-30T10:12:59.127+0000] {processor.py:830} INFO - Processing file /home/airflow/.local/lib/python3.12/site-packages/airflow/example_dags/example_complex.py for tasks to queue
[2026-04-30T10:12:59.128+0000] {logging_mixin.py:188} INFO - [2026-04-30T10:12:59.127+0000] {dagbag.py:545} INFO - Filling up the DagBag from /home/airflow/.local/lib/python3.12/site-packages/airflow/example_dags/example_complex.py
[2026-04-30T10:12:59.137+0000] {processor.py:840} INFO - DAG(s) 'example_complex' retrieved from /home/airflow/.local/lib/python3.12/site-packages/airflow/example_dags/example_complex.py
[2026-04-30T10:12:59.168+0000] {logging_mixin.py:188} INFO - [2026-04-30T10:12:59.167+0000] {dag.py:3096} INFO - Sync 1 DAGs
[2026-04-30T10:12:59.181+0000] {logging_mixin.py:188} INFO - [2026-04-30T10:12:59.180+0000] {dag.py:3954} INFO - Setting next_dagrun for example_complex to None, run_after=None
[2026-04-30T10:12:59.198+0000] {processor.py:183} INFO - Processing /home/airflow/.local/lib/python3.12/site-packages/airflow/example_dags/example_complex.py took 0.077 seconds
[2026-04-30T10:13:29.489+0000] {processor.py:161} INFO - Started process (PID=3830) to work on /home/airflow/.local/lib/python3.12/site-packages/airflow/example_dags/example_complex.py
[2026-04-30T10:13:29.489+0000] {processor.py:830} INFO - Processing file /home/airflow/.local/lib/python3.12/site-packages/airflow/example_dags/example_complex.py for tasks to queue
[2026-04-30T10:13:29.490+0000] {logging_mixin.py:188} INFO - [2026-04-30T10:13:29.490+0000] {dagbag.py:545} INFO - Filling up the DagBag from /home/airflow/.local/lib/python3.12/site-packages/airflow/example_dags/example_complex.py
[2026-04-30T10:13:29.499+0000] {processor.py:840} INFO - DAG(s) 'example_complex' retrieved from /home/airflow/.local/lib/python3.12/site-packages/airflow/example_dags/example_complex.py
[2026-04-30T10:13:29.529+0000] {logging_mixin.py:188} INFO - [2026-04-30T10:13:29.529+0000] {dag.py:3096} INFO - Sync 1 DAGs
[2026-04-30T10:13:29.542+0000] {logging_mixin.py:188} INFO - [2026-04-30T10:13:29.542+0000] {dag.py:3954} INFO - Setting next_dagrun for example_complex to None, run_after=None
[2026-04-30T10:13:29.560+0000] {processor.py:183} INFO - Processing /home/airflow/.local/lib/python3.12/site-packages/airflow/example_dags/example_complex.py took 0.078 seconds
[2026-04-30T10:13:59.817+0000] {processor.py:161} INFO - Started process (PID=3888) to work on /home/airflow/.local/lib/python3.12/site-packages/airflow/example_dags/example_complex.py
[2026-04-30T10:13:59.817+0000] {processor.py:830} INFO - Processing file /home/airflow/.local/lib/python3.12/site-packages/airflow/example_dags/example_complex.py for tasks to queue
[2026-04-30T10:13:59.818+0000] {logging_mixin.py:188} INFO - [2026-04-30T10:13:59.818+0000] {dagbag.py:545} INFO - Filling up the DagBag from /home/airflow/.local/lib/python3.12/site-packages/airflow/example_dags/example_complex.py
[2026-04-30T10:13:59.830+0000] {processor.py:840} INFO - DAG(s) 'example_complex' retrieved from /home/airflow/.local/lib/python3.12/site-packages/airflow/example_dags/example_complex.py
[2026-04-30T10:13:59.861+0000] {logging_mixin.py:188} INFO - [2026-04-30T10:13:59.861+0000] {dag.py:3096} INFO - Sync 1 DAGs
[2026-04-30T10:13:59.875+0000] {logging_mixin.py:188} INFO - [2026-04-30T10:13:59.875+0000] {dag.py:3954} INFO - Setting next_dagrun for example_complex to None, run_after=None
[2026-04-30T10:13:59.894+0000] {processor.py:183} INFO - Processing /home/airflow/.local/lib/python3.12/site-packages/airflow/example_dags/example_complex.py took 0.083 seconds
[2026-04-30T10:14:30.375+0000] {processor.py:161} INFO - Started process (PID=3945) to work on /home/airflow/.local/lib/python3.12/site-packages/airflow/example_dags/example_complex.py
[2026-04-30T10:14:30.376+0000] {processor.py:830} INFO - Processing file /home/airflow/.local/lib/python3.12/site-packages/airflow/example_dags/example_complex.py for tasks to queue
[2026-04-30T10:14:30.377+0000] {logging_mixin.py:188} INFO - [2026-04-30T10:14:30.377+0000] {dagbag.py:545} INFO - Filling up the DagBag from /home/airflow/.local/lib/python3.12/site-packages/airflow/example_dags/example_complex.py
[2026-04-30T10:14:30.391+0000] {processor.py:840} INFO - DAG(s) 'example_complex' retrieved from /home/airflow/.local/lib/python3.12/site-packages/airflow/example_dags/example_complex.py
[2026-04-30T10:14:30.442+0000] {logging_mixin.py:188} INFO - [2026-04-30T10:14:30.441+0000] {dag.py:3096} INFO - Sync 1 DAGs
[2026-04-30T10:14:30.458+0000] {logging_mixin.py:188} INFO - [2026-04-30T10:14:30.457+0000] {dag.py:3954} INFO - Setting next_dagrun for example_complex to None, run_after=None
[2026-04-30T10:14:30.473+0000] {processor.py:183} INFO - Processing /home/airflow/.local/lib/python3.12/site-packages/airflow/example_dags/example_complex.py took 0.106 seconds
[2026-04-30T10:15:00.890+0000] {processor.py:161} INFO - Started process (PID=4000) to work on /home/airflow/.local/lib/python3.12/site-packages/airflow/example_dags/example_complex.py
[2026-04-30T10:15:00.893+0000] {processor.py:830} INFO - Processing file /home/airflow/.local/lib/python3.12/site-packages/airflow/example_dags/example_complex.py for tasks to queue
[2026-04-30T10:15:00.893+0000] {logging_mixin.py:188} INFO - [2026-04-30T10:15:00.893+0000] {dagbag.py:545} INFO - Filling up the DagBag from /home/airflow/.local/lib/python3.12/site-packages/airflow/example_dags/example_complex.py
[2026-04-30T10:15:00.909+0000] {processor.py:840} INFO - DAG(s) 'example_complex' retrieved from /home/airflow/.local/lib/python3.12/site-packages/airflow/example_dags/example_complex.py
[2026-04-30T10:15:00.970+0000] {logging_mixin.py:188} INFO - [2026-04-30T10:15:00.970+0000] {dag.py:3096} INFO - Sync 1 DAGs
[2026-04-30T10:15:00.986+0000] {logging_mixin.py:188} INFO - [2026-04-30T10:15:00.986+0000] {dag.py:3954} INFO - Setting next_dagrun for example_complex to None, run_after=None
[2026-04-30T10:15:01.006+0000] {processor.py:183} INFO - Processing /home/airflow/.local/lib/python3.12/site-packages/airflow/example_dags/example_complex.py took 0.124 seconds
[2026-04-30T10:16:40.757+0000] {processor.py:161} INFO - Started process (PID=93) to work on /home/airflow/.local/lib/python3.12/site-packages/airflow/example_dags/example_complex.py
[2026-04-30T10:16:40.758+0000] {processor.py:830} INFO - Processing file /home/airflow/.local/lib/python3.12/site-packages/airflow/example_dags/example_complex.py for tasks to queue
[2026-04-30T10:16:40.760+0000] {logging_mixin.py:188} INFO - [2026-04-30T10:16:40.759+0000] {dagbag.py:545} INFO - Filling up the DagBag from /home/airflow/.local/lib/python3.12/site-packages/airflow/example_dags/example_complex.py
[2026-04-30T10:16:40.773+0000] {processor.py:840} INFO - DAG(s) 'example_complex' retrieved from /home/airflow/.local/lib/python3.12/site-packages/airflow/example_dags/example_complex.py
[2026-04-30T10:16:40.791+0000] {logging_mixin.py:188} INFO - [2026-04-30T10:16:40.791+0000] {dag.py:3096} INFO - Sync 1 DAGs
[2026-04-30T10:16:40.820+0000] {logging_mixin.py:188} INFO - [2026-04-30T10:16:40.820+0000] {dag.py:3954} INFO - Setting next_dagrun for example_complex to None, run_after=None
[2026-04-30T10:16:40.849+0000] {processor.py:183} INFO - Processing /home/airflow/.local/lib/python3.12/site-packages/airflow/example_dags/example_complex.py took 0.098 seconds
[2026-04-30T10:17:12.615+0000] {processor.py:161} INFO - Started process (PID=152) to work on /home/airflow/.local/lib/python3.12/site-packages/airflow/example_dags/example_complex.py
[2026-04-30T10:17:12.616+0000] {processor.py:830} INFO - Processing file /home/airflow/.local/lib/python3.12/site-packages/airflow/example_dags/example_complex.py for tasks to queue
[2026-04-30T10:17:12.617+0000] {logging_mixin.py:188} INFO - [2026-04-30T10:17:12.617+0000] {dagbag.py:545} INFO - Filling up the DagBag from /home/airflow/.local/lib/python3.12/site-packages/airflow/example_dags/example_complex.py
[2026-04-30T10:17:12.627+0000] {processor.py:840} INFO - DAG(s) 'example_complex' retrieved from /home/airflow/.local/lib/python3.12/site-packages/airflow/example_dags/example_complex.py
[2026-04-30T10:17:12.783+0000] {logging_mixin.py:188} INFO - [2026-04-30T10:17:12.783+0000] {dag.py:3096} INFO - Sync 1 DAGs
[2026-04-30T10:17:12.797+0000] {logging_mixin.py:188} INFO - [2026-04-30T10:17:12.797+0000] {dag.py:3954} INFO - Setting next_dagrun for example_complex to None, run_after=None
[2026-04-30T10:17:12.817+0000] {processor.py:183} INFO - Processing /home/airflow/.local/lib/python3.12/site-packages/airflow/example_dags/example_complex.py took 0.207 seconds
[2026-04-30T10:17:43.444+0000] {processor.py:161} INFO - Started process (PID=211) to work on /home/airflow/.local/lib/python3.12/site-packages/airflow/example_dags/example_complex.py
[2026-04-30T10:17:43.445+0000] {processor.py:830} INFO - Processing file /home/airflow/.local/lib/python3.12/site-packages/airflow/example_dags/example_complex.py for tasks to queue
[2026-04-30T10:17:43.446+0000] {logging_mixin.py:188} INFO - [2026-04-30T10:17:43.446+0000] {dagbag.py:545} INFO - Filling up the DagBag from /home/airflow/.local/lib/python3.12/site-packages/airflow/example_dags/example_complex.py
[2026-04-30T10:17:43.458+0000] {processor.py:840} INFO - DAG(s) 'example_complex' retrieved from /home/airflow/.local/lib/python3.12/site-packages/airflow/example_dags/example_complex.py
[2026-04-30T10:17:43.502+0000] {logging_mixin.py:188} INFO - [2026-04-30T10:17:43.501+0000] {dag.py:3096} INFO - Sync 1 DAGs
[2026-04-30T10:17:43.516+0000] {logging_mixin.py:188} INFO - [2026-04-30T10:17:43.516+0000] {dag.py:3954} INFO - Setting next_dagrun for example_complex to None, run_after=None
[2026-04-30T10:17:43.533+0000] {processor.py:183} INFO - Processing /home/airflow/.local/lib/python3.12/site-packages/airflow/example_dags/example_complex.py took 0.094 seconds
[2026-04-30T10:18:14.483+0000] {processor.py:161} INFO - Started process (PID=270) to work on /home/airflow/.local/lib/python3.12/site-packages/airflow/example_dags/example_complex.py
[2026-04-30T10:18:14.484+0000] {processor.py:830} INFO - Processing file /home/airflow/.local/lib/python3.12/site-packages/airflow/example_dags/example_complex.py for tasks to queue
[2026-04-30T10:18:14.486+0000] {logging_mixin.py:188} INFO - [2026-04-30T10:18:14.486+0000] {dagbag.py:545} INFO - Filling up the DagBag from /home/airflow/.local/lib/python3.12/site-packages/airflow/example_dags/example_complex.py
[2026-04-30T10:18:14.500+0000] {processor.py:840} INFO - DAG(s) 'example_complex' retrieved from /home/airflow/.local/lib/python3.12/site-packages/airflow/example_dags/example_complex.py
[2026-04-30T10:18:14.530+0000] {logging_mixin.py:188} INFO - [2026-04-30T10:18:14.530+0000] {dag.py:3096} INFO - Sync 1 DAGs
[2026-04-30T10:18:14.542+0000] {logging_mixin.py:188} INFO - [2026-04-30T10:18:14.541+0000] {dag.py:3954} INFO - Setting next_dagrun for example_complex to None, run_after=None
[2026-04-30T10:18:14.564+0000] {processor.py:183} INFO - Processing /home/airflow/.local/lib/python3.12/site-packages/airflow/example_dags/example_complex.py took 0.087 seconds
[2026-04-30T10:18:44.837+0000] {processor.py:161} INFO - Started process (PID=333) to work on /home/airflow/.local/lib/python3.12/site-packages/airflow/example_dags/example_complex.py
[2026-04-30T10:18:44.838+0000] {processor.py:830} INFO - Processing file /home/airflow/.local/lib/python3.12/site-packages/airflow/example_dags/example_complex.py for tasks to queue
[2026-04-30T10:18:44.840+0000] {logging_mixin.py:188} INFO - [2026-04-30T10:18:44.840+0000] {dagbag.py:545} INFO - Filling up the DagBag from /home/airflow/.local/lib/python3.12/site-packages/airflow/example_dags/example_complex.py
[2026-04-30T10:18:44.853+0000] {processor.py:840} INFO - DAG(s) 'example_complex' retrieved from /home/airflow/.local/lib/python3.12/site-packages/airflow/example_dags/example_complex.py
[2026-04-30T10:18:44.924+0000] {logging_mixin.py:188} INFO - [2026-04-30T10:18:44.924+0000] {dag.py:3096} INFO - Sync 1 DAGs
[2026-04-30T10:18:44.941+0000] {logging_mixin.py:188} INFO - [2026-04-30T10:18:44.941+0000] {dag.py:3954} INFO - Setting next_dagrun for example_complex to None, run_after=None
[2026-04-30T10:18:44.963+0000] {processor.py:183} INFO - Processing /home/airflow/.local/lib/python3.12/site-packages/airflow/example_dags/example_complex.py took 0.132 seconds
[2026-04-30T10:19:15.694+0000] {processor.py:161} INFO - Started process (PID=401) to work on /home/airflow/.local/lib/python3.12/site-packages/airflow/example_dags/example_complex.py
[2026-04-30T10:19:15.695+0000] {processor.py:830} INFO - Processing file /home/airflow/.local/lib/python3.12/site-packages/airflow/example_dags/example_complex.py for tasks to queue
[2026-04-30T10:19:15.701+0000] {logging_mixin.py:188} INFO - [2026-04-30T10:19:15.697+0000] {dagbag.py:545} INFO - Filling up the DagBag from /home/airflow/.local/lib/python3.12/site-packages/airflow/example_dags/example_complex.py
[2026-04-30T10:19:15.728+0000] {processor.py:840} INFO - DAG(s) 'example_complex' retrieved from /home/airflow/.local/lib/python3.12/site-packages/airflow/example_dags/example_complex.py
[2026-04-30T10:19:15.799+0000] {logging_mixin.py:188} INFO - [2026-04-30T10:19:15.797+0000] {dag.py:3096} INFO - Sync 1 DAGs
[2026-04-30T10:19:15.836+0000] {logging_mixin.py:188} INFO - [2026-04-30T10:19:15.836+0000] {dag.py:3954} INFO - Setting next_dagrun for example_complex to None, run_after=None
[2026-04-30T10:19:15.891+0000] {processor.py:183} INFO - Processing /home/airflow/.local/lib/python3.12/site-packages/airflow/example_dags/example_complex.py took 0.211 seconds
[2026-04-30T10:19:46.776+0000] {processor.py:161} INFO - Started process (PID=460) to work on /home/airflow/.local/lib/python3.12/site-packages/airflow/example_dags/example_complex.py
[2026-04-30T10:19:46.777+0000] {processor.py:830} INFO - Processing file /home/airflow/.local/lib/python3.12/site-packages/airflow/example_dags/example_complex.py for tasks to queue
[2026-04-30T10:19:46.779+0000] {logging_mixin.py:188} INFO - [2026-04-30T10:19:46.779+0000] {dagbag.py:545} INFO - Filling up the DagBag from /home/airflow/.local/lib/python3.12/site-packages/airflow/example_dags/example_complex.py
[2026-04-30T10:19:46.795+0000] {processor.py:840} INFO - DAG(s) 'example_complex' retrieved from /home/airflow/.local/lib/python3.12/site-packages/airflow/example_dags/example_complex.py
[2026-04-30T10:19:46.825+0000] {logging_mixin.py:188} INFO - [2026-04-30T10:19:46.825+0000] {dag.py:3096} INFO - Sync 1 DAGs
[2026-04-30T10:19:46.836+0000] {logging_mixin.py:188} INFO - [2026-04-30T10:19:46.836+0000] {dag.py:3954} INFO - Setting next_dagrun for example_complex to None, run_after=None
[2026-04-30T10:19:46.852+0000] {processor.py:183} INFO - Processing /home/airflow/.local/lib/python3.12/site-packages/airflow/example_dags/example_complex.py took 0.081 seconds
[2026-04-30T10:20:17.051+0000] {processor.py:161} INFO - Started process (PID=519) to work on /home/airflow/.local/lib/python3.12/site-packages/airflow/example_dags/example_complex.py
[2026-04-30T10:20:17.052+0000] {processor.py:830} INFO - Processing file /home/airflow/.local/lib/python3.12/site-packages/airflow/example_dags/example_complex.py for tasks to queue
[2026-04-30T10:20:17.053+0000] {logging_mixin.py:188} INFO - [2026-04-30T10:20:17.053+0000] {dagbag.py:545} INFO - Filling up the DagBag from /home/airflow/.local/lib/python3.12/site-packages/airflow/example_dags/example_complex.py
[2026-04-30T10:20:17.063+0000] {processor.py:840} INFO - DAG(s) 'example_complex' retrieved from /home/airflow/.local/lib/python3.12/site-packages/airflow/example_dags/example_complex.py
[2026-04-30T10:20:17.095+0000] {logging_mixin.py:188} INFO - [2026-04-30T10:20:17.095+0000] {dag.py:3096} INFO - Sync 1 DAGs
[2026-04-30T10:20:17.106+0000] {logging_mixin.py:188} INFO - [2026-04-30T10:20:17.106+0000] {dag.py:3954} INFO - Setting next_dagrun for example_complex to None, run_after=None
[2026-04-30T10:20:17.123+0000] {processor.py:183} INFO - Processing /home/airflow/.local/lib/python3.12/site-packages/airflow/example_dags/example_complex.py took 0.076 seconds
[2026-04-30T10:20:47.375+0000] {processor.py:161} INFO - Started process (PID=578) to work on /home/airflow/.local/lib/python3.12/site-packages/airflow/example_dags/example_complex.py
[2026-04-30T10:20:47.375+0000] {processor.py:830} INFO - Processing file /home/airflow/.local/lib/python3.12/site-packages/airflow/example_dags/example_complex.py for tasks to queue
[2026-04-30T10:20:47.377+0000] {logging_mixin.py:188} INFO - [2026-04-30T10:20:47.377+0000] {dagbag.py:545} INFO - Filling up the DagBag from /home/airflow/.local/lib/python3.12/site-packages/airflow/example_dags/example_complex.py
[2026-04-30T10:20:47.389+0000] {processor.py:840} INFO - DAG(s) 'example_complex' retrieved from /home/airflow/.local/lib/python3.12/site-packages/airflow/example_dags/example_complex.py
[2026-04-30T10:20:47.428+0000] {logging_mixin.py:188} INFO - [2026-04-30T10:20:47.428+0000] {dag.py:3096} INFO - Sync 1 DAGs
[2026-04-30T10:20:47.441+0000] {logging_mixin.py:188} INFO - [2026-04-30T10:20:47.441+0000] {dag.py:3954} INFO - Setting next_dagrun for example_complex to None, run_after=None
[2026-04-30T10:20:47.458+0000] {processor.py:183} INFO - Processing /home/airflow/.local/lib/python3.12/site-packages/airflow/example_dags/example_complex.py took 0.088 seconds
