[2026-04-30T09:40:56.323+0000] {processor.py:161} INFO - Started process (PID=82) to work on /home/airflow/.local/lib/python3.12/site-packages/airflow/example_dags/example_sensors.py
[2026-04-30T09:40:56.324+0000] {processor.py:830} INFO - Processing file /home/airflow/.local/lib/python3.12/site-packages/airflow/example_dags/example_sensors.py for tasks to queue
[2026-04-30T09:40:56.326+0000] {logging_mixin.py:188} INFO - [2026-04-30T09:40:56.326+0000] {dagbag.py:545} INFO - Filling up the DagBag from /home/airflow/.local/lib/python3.12/site-packages/airflow/example_dags/example_sensors.py
[2026-04-30T09:40:56.339+0000] {processor.py:840} INFO - DAG(s) 'example_sensors' retrieved from /home/airflow/.local/lib/python3.12/site-packages/airflow/example_dags/example_sensors.py
[2026-04-30T09:40:56.493+0000] {logging_mixin.py:188} INFO - [2026-04-30T09:40:56.493+0000] {dag.py:3096} INFO - Sync 1 DAGs
[2026-04-30T09:40:56.512+0000] {logging_mixin.py:188} INFO - [2026-04-30T09:40:56.511+0000] {dag.py:3954} INFO - Setting next_dagrun for example_sensors to None, run_after=None
[2026-04-30T09:40:56.557+0000] {processor.py:183} INFO - Processing /home/airflow/.local/lib/python3.12/site-packages/airflow/example_dags/example_sensors.py took 0.241 seconds
[2026-04-30T09:41:27.357+0000] {processor.py:161} INFO - Started process (PID=140) to work on /home/airflow/.local/lib/python3.12/site-packages/airflow/example_dags/example_sensors.py
[2026-04-30T09:41:27.358+0000] {processor.py:830} INFO - Processing file /home/airflow/.local/lib/python3.12/site-packages/airflow/example_dags/example_sensors.py for tasks to queue
[2026-04-30T09:41:27.360+0000] {logging_mixin.py:188} INFO - [2026-04-30T09:41:27.360+0000] {dagbag.py:545} INFO - Filling up the DagBag from /home/airflow/.local/lib/python3.12/site-packages/airflow/example_dags/example_sensors.py
[2026-04-30T09:41:27.369+0000] {processor.py:840} INFO - DAG(s) 'example_sensors' retrieved from /home/airflow/.local/lib/python3.12/site-packages/airflow/example_dags/example_sensors.py
[2026-04-30T09:41:27.399+0000] {logging_mixin.py:188} INFO - [2026-04-30T09:41:27.398+0000] {dag.py:3096} INFO - Sync 1 DAGs
[2026-04-30T09:41:27.416+0000] {logging_mixin.py:188} INFO - [2026-04-30T09:41:27.416+0000] {dag.py:3954} INFO - Setting next_dagrun for example_sensors to None, run_after=None
[2026-04-30T09:41:27.433+0000] {processor.py:183} INFO - Processing /home/airflow/.local/lib/python3.12/site-packages/airflow/example_dags/example_sensors.py took 0.082 seconds
[2026-04-30T09:41:57.553+0000] {processor.py:161} INFO - Started process (PID=198) to work on /home/airflow/.local/lib/python3.12/site-packages/airflow/example_dags/example_sensors.py
[2026-04-30T09:41:57.553+0000] {processor.py:830} INFO - Processing file /home/airflow/.local/lib/python3.12/site-packages/airflow/example_dags/example_sensors.py for tasks to queue
[2026-04-30T09:41:57.555+0000] {logging_mixin.py:188} INFO - [2026-04-30T09:41:57.555+0000] {dagbag.py:545} INFO - Filling up the DagBag from /home/airflow/.local/lib/python3.12/site-packages/airflow/example_dags/example_sensors.py
[2026-04-30T09:41:57.564+0000] {processor.py:840} INFO - DAG(s) 'example_sensors' retrieved from /home/airflow/.local/lib/python3.12/site-packages/airflow/example_dags/example_sensors.py
[2026-04-30T09:41:57.586+0000] {logging_mixin.py:188} INFO - [2026-04-30T09:41:57.586+0000] {dag.py:3096} INFO - Sync 1 DAGs
[2026-04-30T09:41:57.597+0000] {logging_mixin.py:188} INFO - [2026-04-30T09:41:57.597+0000] {dag.py:3954} INFO - Setting next_dagrun for example_sensors to None, run_after=None
[2026-04-30T09:41:57.611+0000] {processor.py:183} INFO - Processing /home/airflow/.local/lib/python3.12/site-packages/airflow/example_dags/example_sensors.py took 0.064 seconds
[2026-04-30T09:42:28.078+0000] {processor.py:161} INFO - Started process (PID=256) to work on /home/airflow/.local/lib/python3.12/site-packages/airflow/example_dags/example_sensors.py
[2026-04-30T09:42:28.078+0000] {processor.py:830} INFO - Processing file /home/airflow/.local/lib/python3.12/site-packages/airflow/example_dags/example_sensors.py for tasks to queue
[2026-04-30T09:42:28.080+0000] {logging_mixin.py:188} INFO - [2026-04-30T09:42:28.079+0000] {dagbag.py:545} INFO - Filling up the DagBag from /home/airflow/.local/lib/python3.12/site-packages/airflow/example_dags/example_sensors.py
[2026-04-30T09:42:28.088+0000] {processor.py:840} INFO - DAG(s) 'example_sensors' retrieved from /home/airflow/.local/lib/python3.12/site-packages/airflow/example_dags/example_sensors.py
[2026-04-30T09:42:28.124+0000] {logging_mixin.py:188} INFO - [2026-04-30T09:42:28.123+0000] {dag.py:3096} INFO - Sync 1 DAGs
[2026-04-30T09:42:28.143+0000] {logging_mixin.py:188} INFO - [2026-04-30T09:42:28.142+0000] {dag.py:3954} INFO - Setting next_dagrun for example_sensors to None, run_after=None
[2026-04-30T09:42:28.162+0000] {processor.py:183} INFO - Processing /home/airflow/.local/lib/python3.12/site-packages/airflow/example_dags/example_sensors.py took 0.089 seconds
[2026-04-30T09:42:58.341+0000] {processor.py:161} INFO - Started process (PID=313) to work on /home/airflow/.local/lib/python3.12/site-packages/airflow/example_dags/example_sensors.py
[2026-04-30T09:42:58.344+0000] {processor.py:830} INFO - Processing file /home/airflow/.local/lib/python3.12/site-packages/airflow/example_dags/example_sensors.py for tasks to queue
[2026-04-30T09:42:58.348+0000] {logging_mixin.py:188} INFO - [2026-04-30T09:42:58.346+0000] {dagbag.py:545} INFO - Filling up the DagBag from /home/airflow/.local/lib/python3.12/site-packages/airflow/example_dags/example_sensors.py
[2026-04-30T09:42:58.374+0000] {processor.py:840} INFO - DAG(s) 'example_sensors' retrieved from /home/airflow/.local/lib/python3.12/site-packages/airflow/example_dags/example_sensors.py
[2026-04-30T09:42:58.423+0000] {logging_mixin.py:188} INFO - [2026-04-30T09:42:58.423+0000] {dag.py:3096} INFO - Sync 1 DAGs
[2026-04-30T09:42:58.447+0000] {logging_mixin.py:188} INFO - [2026-04-30T09:42:58.446+0000] {dag.py:3954} INFO - Setting next_dagrun for example_sensors to None, run_after=None
[2026-04-30T09:42:58.466+0000] {processor.py:183} INFO - Processing /home/airflow/.local/lib/python3.12/site-packages/airflow/example_dags/example_sensors.py took 0.134 seconds
[2026-04-30T09:43:28.682+0000] {processor.py:161} INFO - Started process (PID=371) to work on /home/airflow/.local/lib/python3.12/site-packages/airflow/example_dags/example_sensors.py
[2026-04-30T09:43:28.683+0000] {processor.py:830} INFO - Processing file /home/airflow/.local/lib/python3.12/site-packages/airflow/example_dags/example_sensors.py for tasks to queue
[2026-04-30T09:43:28.684+0000] {logging_mixin.py:188} INFO - [2026-04-30T09:43:28.684+0000] {dagbag.py:545} INFO - Filling up the DagBag from /home/airflow/.local/lib/python3.12/site-packages/airflow/example_dags/example_sensors.py
[2026-04-30T09:43:28.696+0000] {processor.py:840} INFO - DAG(s) 'example_sensors' retrieved from /home/airflow/.local/lib/python3.12/site-packages/airflow/example_dags/example_sensors.py
[2026-04-30T09:43:28.738+0000] {logging_mixin.py:188} INFO - [2026-04-30T09:43:28.737+0000] {dag.py:3096} INFO - Sync 1 DAGs
[2026-04-30T09:43:28.763+0000] {logging_mixin.py:188} INFO - [2026-04-30T09:43:28.762+0000] {dag.py:3954} INFO - Setting next_dagrun for example_sensors to None, run_after=None
[2026-04-30T09:43:28.784+0000] {processor.py:183} INFO - Processing /home/airflow/.local/lib/python3.12/site-packages/airflow/example_dags/example_sensors.py took 0.109 seconds
[2026-04-30T09:43:58.815+0000] {processor.py:161} INFO - Started process (PID=429) to work on /home/airflow/.local/lib/python3.12/site-packages/airflow/example_dags/example_sensors.py
[2026-04-30T09:43:58.816+0000] {processor.py:830} INFO - Processing file /home/airflow/.local/lib/python3.12/site-packages/airflow/example_dags/example_sensors.py for tasks to queue
[2026-04-30T09:43:58.817+0000] {logging_mixin.py:188} INFO - [2026-04-30T09:43:58.817+0000] {dagbag.py:545} INFO - Filling up the DagBag from /home/airflow/.local/lib/python3.12/site-packages/airflow/example_dags/example_sensors.py
[2026-04-30T09:43:58.825+0000] {processor.py:840} INFO - DAG(s) 'example_sensors' retrieved from /home/airflow/.local/lib/python3.12/site-packages/airflow/example_dags/example_sensors.py
[2026-04-30T09:43:58.846+0000] {logging_mixin.py:188} INFO - [2026-04-30T09:43:58.846+0000] {dag.py:3096} INFO - Sync 1 DAGs
[2026-04-30T09:43:58.857+0000] {logging_mixin.py:188} INFO - [2026-04-30T09:43:58.857+0000] {dag.py:3954} INFO - Setting next_dagrun for example_sensors to None, run_after=None
[2026-04-30T09:43:58.872+0000] {processor.py:183} INFO - Processing /home/airflow/.local/lib/python3.12/site-packages/airflow/example_dags/example_sensors.py took 0.063 seconds
[2026-04-30T09:44:29.186+0000] {processor.py:161} INFO - Started process (PID=487) to work on /home/airflow/.local/lib/python3.12/site-packages/airflow/example_dags/example_sensors.py
[2026-04-30T09:44:29.186+0000] {processor.py:830} INFO - Processing file /home/airflow/.local/lib/python3.12/site-packages/airflow/example_dags/example_sensors.py for tasks to queue
[2026-04-30T09:44:29.188+0000] {logging_mixin.py:188} INFO - [2026-04-30T09:44:29.187+0000] {dagbag.py:545} INFO - Filling up the DagBag from /home/airflow/.local/lib/python3.12/site-packages/airflow/example_dags/example_sensors.py
[2026-04-30T09:44:29.195+0000] {processor.py:840} INFO - DAG(s) 'example_sensors' retrieved from /home/airflow/.local/lib/python3.12/site-packages/airflow/example_dags/example_sensors.py
[2026-04-30T09:44:29.217+0000] {logging_mixin.py:188} INFO - [2026-04-30T09:44:29.217+0000] {dag.py:3096} INFO - Sync 1 DAGs
[2026-04-30T09:44:29.229+0000] {logging_mixin.py:188} INFO - [2026-04-30T09:44:29.228+0000] {dag.py:3954} INFO - Setting next_dagrun for example_sensors to None, run_after=None
[2026-04-30T09:44:29.244+0000] {processor.py:183} INFO - Processing /home/airflow/.local/lib/python3.12/site-packages/airflow/example_dags/example_sensors.py took 0.064 seconds
[2026-04-30T09:44:59.358+0000] {processor.py:161} INFO - Started process (PID=545) to work on /home/airflow/.local/lib/python3.12/site-packages/airflow/example_dags/example_sensors.py
[2026-04-30T09:44:59.359+0000] {processor.py:830} INFO - Processing file /home/airflow/.local/lib/python3.12/site-packages/airflow/example_dags/example_sensors.py for tasks to queue
[2026-04-30T09:44:59.360+0000] {logging_mixin.py:188} INFO - [2026-04-30T09:44:59.360+0000] {dagbag.py:545} INFO - Filling up the DagBag from /home/airflow/.local/lib/python3.12/site-packages/airflow/example_dags/example_sensors.py
[2026-04-30T09:44:59.368+0000] {processor.py:840} INFO - DAG(s) 'example_sensors' retrieved from /home/airflow/.local/lib/python3.12/site-packages/airflow/example_dags/example_sensors.py
[2026-04-30T09:44:59.392+0000] {logging_mixin.py:188} INFO - [2026-04-30T09:44:59.392+0000] {dag.py:3096} INFO - Sync 1 DAGs
[2026-04-30T09:44:59.403+0000] {logging_mixin.py:188} INFO - [2026-04-30T09:44:59.403+0000] {dag.py:3954} INFO - Setting next_dagrun for example_sensors to None, run_after=None
[2026-04-30T09:44:59.419+0000] {processor.py:183} INFO - Processing /home/airflow/.local/lib/python3.12/site-packages/airflow/example_dags/example_sensors.py took 0.065 seconds
[2026-04-30T09:45:29.919+0000] {processor.py:161} INFO - Started process (PID=603) to work on /home/airflow/.local/lib/python3.12/site-packages/airflow/example_dags/example_sensors.py
[2026-04-30T09:45:29.920+0000] {processor.py:830} INFO - Processing file /home/airflow/.local/lib/python3.12/site-packages/airflow/example_dags/example_sensors.py for tasks to queue
[2026-04-30T09:45:29.922+0000] {logging_mixin.py:188} INFO - [2026-04-30T09:45:29.921+0000] {dagbag.py:545} INFO - Filling up the DagBag from /home/airflow/.local/lib/python3.12/site-packages/airflow/example_dags/example_sensors.py
[2026-04-30T09:45:29.935+0000] {processor.py:840} INFO - DAG(s) 'example_sensors' retrieved from /home/airflow/.local/lib/python3.12/site-packages/airflow/example_dags/example_sensors.py
[2026-04-30T09:45:29.984+0000] {logging_mixin.py:188} INFO - [2026-04-30T09:45:29.984+0000] {dag.py:3096} INFO - Sync 1 DAGs
[2026-04-30T09:45:30.004+0000] {logging_mixin.py:188} INFO - [2026-04-30T09:45:30.003+0000] {dag.py:3954} INFO - Setting next_dagrun for example_sensors to None, run_after=None
[2026-04-30T09:45:30.027+0000] {processor.py:183} INFO - Processing /home/airflow/.local/lib/python3.12/site-packages/airflow/example_dags/example_sensors.py took 0.116 seconds
[2026-04-30T09:46:00.202+0000] {processor.py:161} INFO - Started process (PID=661) to work on /home/airflow/.local/lib/python3.12/site-packages/airflow/example_dags/example_sensors.py
[2026-04-30T09:46:00.203+0000] {processor.py:830} INFO - Processing file /home/airflow/.local/lib/python3.12/site-packages/airflow/example_dags/example_sensors.py for tasks to queue
[2026-04-30T09:46:00.204+0000] {logging_mixin.py:188} INFO - [2026-04-30T09:46:00.204+0000] {dagbag.py:545} INFO - Filling up the DagBag from /home/airflow/.local/lib/python3.12/site-packages/airflow/example_dags/example_sensors.py
[2026-04-30T09:46:00.212+0000] {processor.py:840} INFO - DAG(s) 'example_sensors' retrieved from /home/airflow/.local/lib/python3.12/site-packages/airflow/example_dags/example_sensors.py
[2026-04-30T09:46:00.234+0000] {logging_mixin.py:188} INFO - [2026-04-30T09:46:00.234+0000] {dag.py:3096} INFO - Sync 1 DAGs
[2026-04-30T09:46:00.249+0000] {logging_mixin.py:188} INFO - [2026-04-30T09:46:00.249+0000] {dag.py:3954} INFO - Setting next_dagrun for example_sensors to None, run_after=None
[2026-04-30T09:46:00.267+0000] {processor.py:183} INFO - Processing /home/airflow/.local/lib/python3.12/site-packages/airflow/example_dags/example_sensors.py took 0.069 seconds
[2026-04-30T09:46:30.372+0000] {processor.py:161} INFO - Started process (PID=719) to work on /home/airflow/.local/lib/python3.12/site-packages/airflow/example_dags/example_sensors.py
[2026-04-30T09:46:30.372+0000] {processor.py:830} INFO - Processing file /home/airflow/.local/lib/python3.12/site-packages/airflow/example_dags/example_sensors.py for tasks to queue
[2026-04-30T09:46:30.374+0000] {logging_mixin.py:188} INFO - [2026-04-30T09:46:30.373+0000] {dagbag.py:545} INFO - Filling up the DagBag from /home/airflow/.local/lib/python3.12/site-packages/airflow/example_dags/example_sensors.py
[2026-04-30T09:46:30.382+0000] {processor.py:840} INFO - DAG(s) 'example_sensors' retrieved from /home/airflow/.local/lib/python3.12/site-packages/airflow/example_dags/example_sensors.py
[2026-04-30T09:46:30.412+0000] {logging_mixin.py:188} INFO - [2026-04-30T09:46:30.412+0000] {dag.py:3096} INFO - Sync 1 DAGs
[2026-04-30T09:46:30.428+0000] {logging_mixin.py:188} INFO - [2026-04-30T09:46:30.428+0000] {dag.py:3954} INFO - Setting next_dagrun for example_sensors to None, run_after=None
[2026-04-30T09:46:30.447+0000] {processor.py:183} INFO - Processing /home/airflow/.local/lib/python3.12/site-packages/airflow/example_dags/example_sensors.py took 0.080 seconds
[2026-04-30T09:47:00.622+0000] {processor.py:161} INFO - Started process (PID=777) to work on /home/airflow/.local/lib/python3.12/site-packages/airflow/example_dags/example_sensors.py
[2026-04-30T09:47:00.622+0000] {processor.py:830} INFO - Processing file /home/airflow/.local/lib/python3.12/site-packages/airflow/example_dags/example_sensors.py for tasks to queue
[2026-04-30T09:47:00.624+0000] {logging_mixin.py:188} INFO - [2026-04-30T09:47:00.624+0000] {dagbag.py:545} INFO - Filling up the DagBag from /home/airflow/.local/lib/python3.12/site-packages/airflow/example_dags/example_sensors.py
[2026-04-30T09:47:00.631+0000] {processor.py:840} INFO - DAG(s) 'example_sensors' retrieved from /home/airflow/.local/lib/python3.12/site-packages/airflow/example_dags/example_sensors.py
[2026-04-30T09:47:00.662+0000] {logging_mixin.py:188} INFO - [2026-04-30T09:47:00.661+0000] {dag.py:3096} INFO - Sync 1 DAGs
[2026-04-30T09:47:00.674+0000] {logging_mixin.py:188} INFO - [2026-04-30T09:47:00.673+0000] {dag.py:3954} INFO - Setting next_dagrun for example_sensors to None, run_after=None
[2026-04-30T09:47:00.689+0000] {processor.py:183} INFO - Processing /home/airflow/.local/lib/python3.12/site-packages/airflow/example_dags/example_sensors.py took 0.072 seconds
[2026-04-30T09:47:30.887+0000] {processor.py:161} INFO - Started process (PID=835) to work on /home/airflow/.local/lib/python3.12/site-packages/airflow/example_dags/example_sensors.py
[2026-04-30T09:47:30.888+0000] {processor.py:830} INFO - Processing file /home/airflow/.local/lib/python3.12/site-packages/airflow/example_dags/example_sensors.py for tasks to queue
[2026-04-30T09:47:30.890+0000] {logging_mixin.py:188} INFO - [2026-04-30T09:47:30.889+0000] {dagbag.py:545} INFO - Filling up the DagBag from /home/airflow/.local/lib/python3.12/site-packages/airflow/example_dags/example_sensors.py
[2026-04-30T09:47:30.898+0000] {processor.py:840} INFO - DAG(s) 'example_sensors' retrieved from /home/airflow/.local/lib/python3.12/site-packages/airflow/example_dags/example_sensors.py
[2026-04-30T09:47:30.924+0000] {logging_mixin.py:188} INFO - [2026-04-30T09:47:30.923+0000] {dag.py:3096} INFO - Sync 1 DAGs
[2026-04-30T09:47:30.939+0000] {logging_mixin.py:188} INFO - [2026-04-30T09:47:30.938+0000] {dag.py:3954} INFO - Setting next_dagrun for example_sensors to None, run_after=None
[2026-04-30T09:47:30.959+0000] {processor.py:183} INFO - Processing /home/airflow/.local/lib/python3.12/site-packages/airflow/example_dags/example_sensors.py took 0.076 seconds
[2026-04-30T09:48:01.053+0000] {processor.py:161} INFO - Started process (PID=893) to work on /home/airflow/.local/lib/python3.12/site-packages/airflow/example_dags/example_sensors.py
[2026-04-30T09:48:01.054+0000] {processor.py:830} INFO - Processing file /home/airflow/.local/lib/python3.12/site-packages/airflow/example_dags/example_sensors.py for tasks to queue
[2026-04-30T09:48:01.056+0000] {logging_mixin.py:188} INFO - [2026-04-30T09:48:01.056+0000] {dagbag.py:545} INFO - Filling up the DagBag from /home/airflow/.local/lib/python3.12/site-packages/airflow/example_dags/example_sensors.py
[2026-04-30T09:48:01.065+0000] {processor.py:840} INFO - DAG(s) 'example_sensors' retrieved from /home/airflow/.local/lib/python3.12/site-packages/airflow/example_dags/example_sensors.py
[2026-04-30T09:48:01.088+0000] {logging_mixin.py:188} INFO - [2026-04-30T09:48:01.088+0000] {dag.py:3096} INFO - Sync 1 DAGs
[2026-04-30T09:48:01.099+0000] {logging_mixin.py:188} INFO - [2026-04-30T09:48:01.099+0000] {dag.py:3954} INFO - Setting next_dagrun for example_sensors to None, run_after=None
[2026-04-30T09:48:01.114+0000] {processor.py:183} INFO - Processing /home/airflow/.local/lib/python3.12/site-packages/airflow/example_dags/example_sensors.py took 0.067 seconds
[2026-04-30T09:48:31.313+0000] {processor.py:161} INFO - Started process (PID=951) to work on /home/airflow/.local/lib/python3.12/site-packages/airflow/example_dags/example_sensors.py
[2026-04-30T09:48:31.314+0000] {processor.py:830} INFO - Processing file /home/airflow/.local/lib/python3.12/site-packages/airflow/example_dags/example_sensors.py for tasks to queue
[2026-04-30T09:48:31.316+0000] {logging_mixin.py:188} INFO - [2026-04-30T09:48:31.316+0000] {dagbag.py:545} INFO - Filling up the DagBag from /home/airflow/.local/lib/python3.12/site-packages/airflow/example_dags/example_sensors.py
[2026-04-30T09:48:31.325+0000] {processor.py:840} INFO - DAG(s) 'example_sensors' retrieved from /home/airflow/.local/lib/python3.12/site-packages/airflow/example_dags/example_sensors.py
[2026-04-30T09:48:31.348+0000] {logging_mixin.py:188} INFO - [2026-04-30T09:48:31.348+0000] {dag.py:3096} INFO - Sync 1 DAGs
[2026-04-30T09:48:31.360+0000] {logging_mixin.py:188} INFO - [2026-04-30T09:48:31.360+0000] {dag.py:3954} INFO - Setting next_dagrun for example_sensors to None, run_after=None
[2026-04-30T09:48:31.375+0000] {processor.py:183} INFO - Processing /home/airflow/.local/lib/python3.12/site-packages/airflow/example_dags/example_sensors.py took 0.068 seconds
[2026-04-30T09:49:02.233+0000] {processor.py:161} INFO - Started process (PID=1009) to work on /home/airflow/.local/lib/python3.12/site-packages/airflow/example_dags/example_sensors.py
[2026-04-30T09:49:02.234+0000] {processor.py:830} INFO - Processing file /home/airflow/.local/lib/python3.12/site-packages/airflow/example_dags/example_sensors.py for tasks to queue
[2026-04-30T09:49:02.236+0000] {logging_mixin.py:188} INFO - [2026-04-30T09:49:02.235+0000] {dagbag.py:545} INFO - Filling up the DagBag from /home/airflow/.local/lib/python3.12/site-packages/airflow/example_dags/example_sensors.py
[2026-04-30T09:49:02.249+0000] {processor.py:840} INFO - DAG(s) 'example_sensors' retrieved from /home/airflow/.local/lib/python3.12/site-packages/airflow/example_dags/example_sensors.py
[2026-04-30T09:49:02.283+0000] {logging_mixin.py:188} INFO - [2026-04-30T09:49:02.283+0000] {dag.py:3096} INFO - Sync 1 DAGs
[2026-04-30T09:49:02.295+0000] {logging_mixin.py:188} INFO - [2026-04-30T09:49:02.295+0000] {dag.py:3954} INFO - Setting next_dagrun for example_sensors to None, run_after=None
[2026-04-30T09:49:02.311+0000] {processor.py:183} INFO - Processing /home/airflow/.local/lib/python3.12/site-packages/airflow/example_dags/example_sensors.py took 0.085 seconds
[2026-04-30T09:49:32.466+0000] {processor.py:161} INFO - Started process (PID=1067) to work on /home/airflow/.local/lib/python3.12/site-packages/airflow/example_dags/example_sensors.py
[2026-04-30T09:49:32.467+0000] {processor.py:830} INFO - Processing file /home/airflow/.local/lib/python3.12/site-packages/airflow/example_dags/example_sensors.py for tasks to queue
[2026-04-30T09:49:32.468+0000] {logging_mixin.py:188} INFO - [2026-04-30T09:49:32.468+0000] {dagbag.py:545} INFO - Filling up the DagBag from /home/airflow/.local/lib/python3.12/site-packages/airflow/example_dags/example_sensors.py
[2026-04-30T09:49:32.476+0000] {processor.py:840} INFO - DAG(s) 'example_sensors' retrieved from /home/airflow/.local/lib/python3.12/site-packages/airflow/example_dags/example_sensors.py
[2026-04-30T09:49:32.505+0000] {logging_mixin.py:188} INFO - [2026-04-30T09:49:32.504+0000] {dag.py:3096} INFO - Sync 1 DAGs
[2026-04-30T09:49:32.516+0000] {logging_mixin.py:188} INFO - [2026-04-30T09:49:32.516+0000] {dag.py:3954} INFO - Setting next_dagrun for example_sensors to None, run_after=None
[2026-04-30T09:49:32.532+0000] {processor.py:183} INFO - Processing /home/airflow/.local/lib/python3.12/site-packages/airflow/example_dags/example_sensors.py took 0.071 seconds
[2026-04-30T09:50:02.739+0000] {processor.py:161} INFO - Started process (PID=1125) to work on /home/airflow/.local/lib/python3.12/site-packages/airflow/example_dags/example_sensors.py
[2026-04-30T09:50:02.740+0000] {processor.py:830} INFO - Processing file /home/airflow/.local/lib/python3.12/site-packages/airflow/example_dags/example_sensors.py for tasks to queue
[2026-04-30T09:50:02.742+0000] {logging_mixin.py:188} INFO - [2026-04-30T09:50:02.741+0000] {dagbag.py:545} INFO - Filling up the DagBag from /home/airflow/.local/lib/python3.12/site-packages/airflow/example_dags/example_sensors.py
[2026-04-30T09:50:02.750+0000] {processor.py:840} INFO - DAG(s) 'example_sensors' retrieved from /home/airflow/.local/lib/python3.12/site-packages/airflow/example_dags/example_sensors.py
[2026-04-30T09:50:02.780+0000] {logging_mixin.py:188} INFO - [2026-04-30T09:50:02.779+0000] {dag.py:3096} INFO - Sync 1 DAGs
[2026-04-30T09:50:02.791+0000] {logging_mixin.py:188} INFO - [2026-04-30T09:50:02.791+0000] {dag.py:3954} INFO - Setting next_dagrun for example_sensors to None, run_after=None
[2026-04-30T09:50:02.807+0000] {processor.py:183} INFO - Processing /home/airflow/.local/lib/python3.12/site-packages/airflow/example_dags/example_sensors.py took 0.073 seconds
[2026-04-30T09:50:33.061+0000] {processor.py:161} INFO - Started process (PID=1183) to work on /home/airflow/.local/lib/python3.12/site-packages/airflow/example_dags/example_sensors.py
[2026-04-30T09:50:33.061+0000] {processor.py:830} INFO - Processing file /home/airflow/.local/lib/python3.12/site-packages/airflow/example_dags/example_sensors.py for tasks to queue
[2026-04-30T09:50:33.063+0000] {logging_mixin.py:188} INFO - [2026-04-30T09:50:33.063+0000] {dagbag.py:545} INFO - Filling up the DagBag from /home/airflow/.local/lib/python3.12/site-packages/airflow/example_dags/example_sensors.py
[2026-04-30T09:50:33.073+0000] {processor.py:840} INFO - DAG(s) 'example_sensors' retrieved from /home/airflow/.local/lib/python3.12/site-packages/airflow/example_dags/example_sensors.py
[2026-04-30T09:50:33.104+0000] {logging_mixin.py:188} INFO - [2026-04-30T09:50:33.103+0000] {dag.py:3096} INFO - Sync 1 DAGs
[2026-04-30T09:50:33.115+0000] {logging_mixin.py:188} INFO - [2026-04-30T09:50:33.115+0000] {dag.py:3954} INFO - Setting next_dagrun for example_sensors to None, run_after=None
[2026-04-30T09:50:33.132+0000] {processor.py:183} INFO - Processing /home/airflow/.local/lib/python3.12/site-packages/airflow/example_dags/example_sensors.py took 0.077 seconds
[2026-04-30T09:51:03.225+0000] {processor.py:161} INFO - Started process (PID=1241) to work on /home/airflow/.local/lib/python3.12/site-packages/airflow/example_dags/example_sensors.py
[2026-04-30T09:51:03.226+0000] {processor.py:830} INFO - Processing file /home/airflow/.local/lib/python3.12/site-packages/airflow/example_dags/example_sensors.py for tasks to queue
[2026-04-30T09:51:03.227+0000] {logging_mixin.py:188} INFO - [2026-04-30T09:51:03.227+0000] {dagbag.py:545} INFO - Filling up the DagBag from /home/airflow/.local/lib/python3.12/site-packages/airflow/example_dags/example_sensors.py
[2026-04-30T09:51:03.234+0000] {processor.py:840} INFO - DAG(s) 'example_sensors' retrieved from /home/airflow/.local/lib/python3.12/site-packages/airflow/example_dags/example_sensors.py
[2026-04-30T09:51:03.259+0000] {logging_mixin.py:188} INFO - [2026-04-30T09:51:03.259+0000] {dag.py:3096} INFO - Sync 1 DAGs
[2026-04-30T09:51:03.270+0000] {logging_mixin.py:188} INFO - [2026-04-30T09:51:03.270+0000] {dag.py:3954} INFO - Setting next_dagrun for example_sensors to None, run_after=None
[2026-04-30T09:51:03.284+0000] {processor.py:183} INFO - Processing /home/airflow/.local/lib/python3.12/site-packages/airflow/example_dags/example_sensors.py took 0.064 seconds
[2026-04-30T09:51:33.417+0000] {processor.py:161} INFO - Started process (PID=1299) to work on /home/airflow/.local/lib/python3.12/site-packages/airflow/example_dags/example_sensors.py
[2026-04-30T09:51:33.418+0000] {processor.py:830} INFO - Processing file /home/airflow/.local/lib/python3.12/site-packages/airflow/example_dags/example_sensors.py for tasks to queue
[2026-04-30T09:51:33.419+0000] {logging_mixin.py:188} INFO - [2026-04-30T09:51:33.419+0000] {dagbag.py:545} INFO - Filling up the DagBag from /home/airflow/.local/lib/python3.12/site-packages/airflow/example_dags/example_sensors.py
[2026-04-30T09:51:33.427+0000] {processor.py:840} INFO - DAG(s) 'example_sensors' retrieved from /home/airflow/.local/lib/python3.12/site-packages/airflow/example_dags/example_sensors.py
[2026-04-30T09:51:33.449+0000] {logging_mixin.py:188} INFO - [2026-04-30T09:51:33.449+0000] {dag.py:3096} INFO - Sync 1 DAGs
[2026-04-30T09:51:33.460+0000] {logging_mixin.py:188} INFO - [2026-04-30T09:51:33.460+0000] {dag.py:3954} INFO - Setting next_dagrun for example_sensors to None, run_after=None
[2026-04-30T09:51:33.475+0000] {processor.py:183} INFO - Processing /home/airflow/.local/lib/python3.12/site-packages/airflow/example_dags/example_sensors.py took 0.064 seconds
[2026-04-30T09:52:03.533+0000] {processor.py:161} INFO - Started process (PID=1357) to work on /home/airflow/.local/lib/python3.12/site-packages/airflow/example_dags/example_sensors.py
[2026-04-30T09:52:03.534+0000] {processor.py:830} INFO - Processing file /home/airflow/.local/lib/python3.12/site-packages/airflow/example_dags/example_sensors.py for tasks to queue
[2026-04-30T09:52:03.535+0000] {logging_mixin.py:188} INFO - [2026-04-30T09:52:03.535+0000] {dagbag.py:545} INFO - Filling up the DagBag from /home/airflow/.local/lib/python3.12/site-packages/airflow/example_dags/example_sensors.py
[2026-04-30T09:52:03.543+0000] {processor.py:840} INFO - DAG(s) 'example_sensors' retrieved from /home/airflow/.local/lib/python3.12/site-packages/airflow/example_dags/example_sensors.py
[2026-04-30T09:52:03.566+0000] {logging_mixin.py:188} INFO - [2026-04-30T09:52:03.565+0000] {dag.py:3096} INFO - Sync 1 DAGs
[2026-04-30T09:52:03.577+0000] {logging_mixin.py:188} INFO - [2026-04-30T09:52:03.577+0000] {dag.py:3954} INFO - Setting next_dagrun for example_sensors to None, run_after=None
[2026-04-30T09:52:03.594+0000] {processor.py:183} INFO - Processing /home/airflow/.local/lib/python3.12/site-packages/airflow/example_dags/example_sensors.py took 0.066 seconds
[2026-04-30T09:52:33.721+0000] {processor.py:161} INFO - Started process (PID=1415) to work on /home/airflow/.local/lib/python3.12/site-packages/airflow/example_dags/example_sensors.py
[2026-04-30T09:52:33.722+0000] {processor.py:830} INFO - Processing file /home/airflow/.local/lib/python3.12/site-packages/airflow/example_dags/example_sensors.py for tasks to queue
[2026-04-30T09:52:33.724+0000] {logging_mixin.py:188} INFO - [2026-04-30T09:52:33.723+0000] {dagbag.py:545} INFO - Filling up the DagBag from /home/airflow/.local/lib/python3.12/site-packages/airflow/example_dags/example_sensors.py
[2026-04-30T09:52:33.733+0000] {processor.py:840} INFO - DAG(s) 'example_sensors' retrieved from /home/airflow/.local/lib/python3.12/site-packages/airflow/example_dags/example_sensors.py
[2026-04-30T09:52:33.756+0000] {logging_mixin.py:188} INFO - [2026-04-30T09:52:33.756+0000] {dag.py:3096} INFO - Sync 1 DAGs
[2026-04-30T09:52:33.769+0000] {logging_mixin.py:188} INFO - [2026-04-30T09:52:33.769+0000] {dag.py:3954} INFO - Setting next_dagrun for example_sensors to None, run_after=None
[2026-04-30T09:52:33.784+0000] {processor.py:183} INFO - Processing /home/airflow/.local/lib/python3.12/site-packages/airflow/example_dags/example_sensors.py took 0.070 seconds
[2026-04-30T09:53:03.865+0000] {processor.py:161} INFO - Started process (PID=1473) to work on /home/airflow/.local/lib/python3.12/site-packages/airflow/example_dags/example_sensors.py
[2026-04-30T09:53:03.866+0000] {processor.py:830} INFO - Processing file /home/airflow/.local/lib/python3.12/site-packages/airflow/example_dags/example_sensors.py for tasks to queue
[2026-04-30T09:53:03.867+0000] {logging_mixin.py:188} INFO - [2026-04-30T09:53:03.867+0000] {dagbag.py:545} INFO - Filling up the DagBag from /home/airflow/.local/lib/python3.12/site-packages/airflow/example_dags/example_sensors.py
[2026-04-30T09:53:03.876+0000] {processor.py:840} INFO - DAG(s) 'example_sensors' retrieved from /home/airflow/.local/lib/python3.12/site-packages/airflow/example_dags/example_sensors.py
[2026-04-30T09:53:03.898+0000] {logging_mixin.py:188} INFO - [2026-04-30T09:53:03.898+0000] {dag.py:3096} INFO - Sync 1 DAGs
[2026-04-30T09:53:03.909+0000] {logging_mixin.py:188} INFO - [2026-04-30T09:53:03.909+0000] {dag.py:3954} INFO - Setting next_dagrun for example_sensors to None, run_after=None
[2026-04-30T09:53:03.925+0000] {processor.py:183} INFO - Processing /home/airflow/.local/lib/python3.12/site-packages/airflow/example_dags/example_sensors.py took 0.066 seconds
[2026-04-30T09:53:34.135+0000] {processor.py:161} INFO - Started process (PID=1531) to work on /home/airflow/.local/lib/python3.12/site-packages/airflow/example_dags/example_sensors.py
[2026-04-30T09:53:34.136+0000] {processor.py:830} INFO - Processing file /home/airflow/.local/lib/python3.12/site-packages/airflow/example_dags/example_sensors.py for tasks to queue
[2026-04-30T09:53:34.137+0000] {logging_mixin.py:188} INFO - [2026-04-30T09:53:34.137+0000] {dagbag.py:545} INFO - Filling up the DagBag from /home/airflow/.local/lib/python3.12/site-packages/airflow/example_dags/example_sensors.py
[2026-04-30T09:53:34.145+0000] {processor.py:840} INFO - DAG(s) 'example_sensors' retrieved from /home/airflow/.local/lib/python3.12/site-packages/airflow/example_dags/example_sensors.py
[2026-04-30T09:53:34.168+0000] {logging_mixin.py:188} INFO - [2026-04-30T09:53:34.168+0000] {dag.py:3096} INFO - Sync 1 DAGs
[2026-04-30T09:53:34.180+0000] {logging_mixin.py:188} INFO - [2026-04-30T09:53:34.179+0000] {dag.py:3954} INFO - Setting next_dagrun for example_sensors to None, run_after=None
[2026-04-30T09:53:34.196+0000] {processor.py:183} INFO - Processing /home/airflow/.local/lib/python3.12/site-packages/airflow/example_dags/example_sensors.py took 0.066 seconds
[2026-04-30T09:54:04.556+0000] {processor.py:161} INFO - Started process (PID=1589) to work on /home/airflow/.local/lib/python3.12/site-packages/airflow/example_dags/example_sensors.py
[2026-04-30T09:54:04.557+0000] {processor.py:830} INFO - Processing file /home/airflow/.local/lib/python3.12/site-packages/airflow/example_dags/example_sensors.py for tasks to queue
[2026-04-30T09:54:04.559+0000] {logging_mixin.py:188} INFO - [2026-04-30T09:54:04.558+0000] {dagbag.py:545} INFO - Filling up the DagBag from /home/airflow/.local/lib/python3.12/site-packages/airflow/example_dags/example_sensors.py
[2026-04-30T09:54:04.569+0000] {processor.py:840} INFO - DAG(s) 'example_sensors' retrieved from /home/airflow/.local/lib/python3.12/site-packages/airflow/example_dags/example_sensors.py
[2026-04-30T09:54:04.594+0000] {logging_mixin.py:188} INFO - [2026-04-30T09:54:04.594+0000] {dag.py:3096} INFO - Sync 1 DAGs
[2026-04-30T09:54:04.606+0000] {logging_mixin.py:188} INFO - [2026-04-30T09:54:04.606+0000] {dag.py:3954} INFO - Setting next_dagrun for example_sensors to None, run_after=None
[2026-04-30T09:54:04.622+0000] {processor.py:183} INFO - Processing /home/airflow/.local/lib/python3.12/site-packages/airflow/example_dags/example_sensors.py took 0.071 seconds
[2026-04-30T09:54:34.975+0000] {processor.py:161} INFO - Started process (PID=1647) to work on /home/airflow/.local/lib/python3.12/site-packages/airflow/example_dags/example_sensors.py
[2026-04-30T09:54:34.976+0000] {processor.py:830} INFO - Processing file /home/airflow/.local/lib/python3.12/site-packages/airflow/example_dags/example_sensors.py for tasks to queue
[2026-04-30T09:54:34.977+0000] {logging_mixin.py:188} INFO - [2026-04-30T09:54:34.977+0000] {dagbag.py:545} INFO - Filling up the DagBag from /home/airflow/.local/lib/python3.12/site-packages/airflow/example_dags/example_sensors.py
[2026-04-30T09:54:34.986+0000] {processor.py:840} INFO - DAG(s) 'example_sensors' retrieved from /home/airflow/.local/lib/python3.12/site-packages/airflow/example_dags/example_sensors.py
[2026-04-30T09:54:35.009+0000] {logging_mixin.py:188} INFO - [2026-04-30T09:54:35.008+0000] {dag.py:3096} INFO - Sync 1 DAGs
[2026-04-30T09:54:35.020+0000] {logging_mixin.py:188} INFO - [2026-04-30T09:54:35.020+0000] {dag.py:3954} INFO - Setting next_dagrun for example_sensors to None, run_after=None
[2026-04-30T09:54:35.035+0000] {processor.py:183} INFO - Processing /home/airflow/.local/lib/python3.12/site-packages/airflow/example_dags/example_sensors.py took 0.067 seconds
[2026-04-30T09:55:05.573+0000] {processor.py:161} INFO - Started process (PID=1705) to work on /home/airflow/.local/lib/python3.12/site-packages/airflow/example_dags/example_sensors.py
[2026-04-30T09:55:05.574+0000] {processor.py:830} INFO - Processing file /home/airflow/.local/lib/python3.12/site-packages/airflow/example_dags/example_sensors.py for tasks to queue
[2026-04-30T09:55:05.575+0000] {logging_mixin.py:188} INFO - [2026-04-30T09:55:05.575+0000] {dagbag.py:545} INFO - Filling up the DagBag from /home/airflow/.local/lib/python3.12/site-packages/airflow/example_dags/example_sensors.py
[2026-04-30T09:55:05.583+0000] {processor.py:840} INFO - DAG(s) 'example_sensors' retrieved from /home/airflow/.local/lib/python3.12/site-packages/airflow/example_dags/example_sensors.py
[2026-04-30T09:55:05.614+0000] {logging_mixin.py:188} INFO - [2026-04-30T09:55:05.613+0000] {dag.py:3096} INFO - Sync 1 DAGs
[2026-04-30T09:55:05.625+0000] {logging_mixin.py:188} INFO - [2026-04-30T09:55:05.624+0000] {dag.py:3954} INFO - Setting next_dagrun for example_sensors to None, run_after=None
[2026-04-30T09:55:05.643+0000] {processor.py:183} INFO - Processing /home/airflow/.local/lib/python3.12/site-packages/airflow/example_dags/example_sensors.py took 0.075 seconds
[2026-04-30T09:55:36.565+0000] {processor.py:161} INFO - Started process (PID=1763) to work on /home/airflow/.local/lib/python3.12/site-packages/airflow/example_dags/example_sensors.py
[2026-04-30T09:55:36.565+0000] {processor.py:830} INFO - Processing file /home/airflow/.local/lib/python3.12/site-packages/airflow/example_dags/example_sensors.py for tasks to queue
[2026-04-30T09:55:36.567+0000] {logging_mixin.py:188} INFO - [2026-04-30T09:55:36.567+0000] {dagbag.py:545} INFO - Filling up the DagBag from /home/airflow/.local/lib/python3.12/site-packages/airflow/example_dags/example_sensors.py
[2026-04-30T09:55:36.574+0000] {processor.py:840} INFO - DAG(s) 'example_sensors' retrieved from /home/airflow/.local/lib/python3.12/site-packages/airflow/example_dags/example_sensors.py
[2026-04-30T09:55:36.597+0000] {logging_mixin.py:188} INFO - [2026-04-30T09:55:36.597+0000] {dag.py:3096} INFO - Sync 1 DAGs
[2026-04-30T09:55:36.609+0000] {logging_mixin.py:188} INFO - [2026-04-30T09:55:36.609+0000] {dag.py:3954} INFO - Setting next_dagrun for example_sensors to None, run_after=None
[2026-04-30T09:55:36.625+0000] {processor.py:183} INFO - Processing /home/airflow/.local/lib/python3.12/site-packages/airflow/example_dags/example_sensors.py took 0.066 seconds
[2026-04-30T09:56:07.009+0000] {processor.py:161} INFO - Started process (PID=1821) to work on /home/airflow/.local/lib/python3.12/site-packages/airflow/example_dags/example_sensors.py
[2026-04-30T09:56:07.010+0000] {processor.py:830} INFO - Processing file /home/airflow/.local/lib/python3.12/site-packages/airflow/example_dags/example_sensors.py for tasks to queue
[2026-04-30T09:56:07.011+0000] {logging_mixin.py:188} INFO - [2026-04-30T09:56:07.011+0000] {dagbag.py:545} INFO - Filling up the DagBag from /home/airflow/.local/lib/python3.12/site-packages/airflow/example_dags/example_sensors.py
[2026-04-30T09:56:07.022+0000] {processor.py:840} INFO - DAG(s) 'example_sensors' retrieved from /home/airflow/.local/lib/python3.12/site-packages/airflow/example_dags/example_sensors.py
[2026-04-30T09:56:07.053+0000] {logging_mixin.py:188} INFO - [2026-04-30T09:56:07.053+0000] {dag.py:3096} INFO - Sync 1 DAGs
[2026-04-30T09:56:07.069+0000] {logging_mixin.py:188} INFO - [2026-04-30T09:56:07.068+0000] {dag.py:3954} INFO - Setting next_dagrun for example_sensors to None, run_after=None
[2026-04-30T09:56:07.087+0000] {processor.py:183} INFO - Processing /home/airflow/.local/lib/python3.12/site-packages/airflow/example_dags/example_sensors.py took 0.086 seconds
[2026-04-30T09:56:37.147+0000] {processor.py:161} INFO - Started process (PID=1879) to work on /home/airflow/.local/lib/python3.12/site-packages/airflow/example_dags/example_sensors.py
[2026-04-30T09:56:37.147+0000] {processor.py:830} INFO - Processing file /home/airflow/.local/lib/python3.12/site-packages/airflow/example_dags/example_sensors.py for tasks to queue
[2026-04-30T09:56:37.149+0000] {logging_mixin.py:188} INFO - [2026-04-30T09:56:37.149+0000] {dagbag.py:545} INFO - Filling up the DagBag from /home/airflow/.local/lib/python3.12/site-packages/airflow/example_dags/example_sensors.py
[2026-04-30T09:56:37.157+0000] {processor.py:840} INFO - DAG(s) 'example_sensors' retrieved from /home/airflow/.local/lib/python3.12/site-packages/airflow/example_dags/example_sensors.py
[2026-04-30T09:56:37.186+0000] {logging_mixin.py:188} INFO - [2026-04-30T09:56:37.186+0000] {dag.py:3096} INFO - Sync 1 DAGs
[2026-04-30T09:56:37.198+0000] {logging_mixin.py:188} INFO - [2026-04-30T09:56:37.198+0000] {dag.py:3954} INFO - Setting next_dagrun for example_sensors to None, run_after=None
[2026-04-30T09:56:37.217+0000] {processor.py:183} INFO - Processing /home/airflow/.local/lib/python3.12/site-packages/airflow/example_dags/example_sensors.py took 0.078 seconds
[2026-04-30T09:57:08.172+0000] {processor.py:161} INFO - Started process (PID=1937) to work on /home/airflow/.local/lib/python3.12/site-packages/airflow/example_dags/example_sensors.py
[2026-04-30T09:57:08.173+0000] {processor.py:830} INFO - Processing file /home/airflow/.local/lib/python3.12/site-packages/airflow/example_dags/example_sensors.py for tasks to queue
[2026-04-30T09:57:08.174+0000] {logging_mixin.py:188} INFO - [2026-04-30T09:57:08.174+0000] {dagbag.py:545} INFO - Filling up the DagBag from /home/airflow/.local/lib/python3.12/site-packages/airflow/example_dags/example_sensors.py
[2026-04-30T09:57:08.184+0000] {processor.py:840} INFO - DAG(s) 'example_sensors' retrieved from /home/airflow/.local/lib/python3.12/site-packages/airflow/example_dags/example_sensors.py
[2026-04-30T09:57:08.214+0000] {logging_mixin.py:188} INFO - [2026-04-30T09:57:08.214+0000] {dag.py:3096} INFO - Sync 1 DAGs
[2026-04-30T09:57:08.229+0000] {logging_mixin.py:188} INFO - [2026-04-30T09:57:08.229+0000] {dag.py:3954} INFO - Setting next_dagrun for example_sensors to None, run_after=None
[2026-04-30T09:57:08.248+0000] {processor.py:183} INFO - Processing /home/airflow/.local/lib/python3.12/site-packages/airflow/example_dags/example_sensors.py took 0.081 seconds
[2026-04-30T09:57:38.411+0000] {processor.py:161} INFO - Started process (PID=1995) to work on /home/airflow/.local/lib/python3.12/site-packages/airflow/example_dags/example_sensors.py
[2026-04-30T09:57:38.411+0000] {processor.py:830} INFO - Processing file /home/airflow/.local/lib/python3.12/site-packages/airflow/example_dags/example_sensors.py for tasks to queue
[2026-04-30T09:57:38.413+0000] {logging_mixin.py:188} INFO - [2026-04-30T09:57:38.412+0000] {dagbag.py:545} INFO - Filling up the DagBag from /home/airflow/.local/lib/python3.12/site-packages/airflow/example_dags/example_sensors.py
[2026-04-30T09:57:38.422+0000] {processor.py:840} INFO - DAG(s) 'example_sensors' retrieved from /home/airflow/.local/lib/python3.12/site-packages/airflow/example_dags/example_sensors.py
[2026-04-30T09:57:38.444+0000] {logging_mixin.py:188} INFO - [2026-04-30T09:57:38.444+0000] {dag.py:3096} INFO - Sync 1 DAGs
[2026-04-30T09:57:38.455+0000] {logging_mixin.py:188} INFO - [2026-04-30T09:57:38.455+0000] {dag.py:3954} INFO - Setting next_dagrun for example_sensors to None, run_after=None
[2026-04-30T09:57:38.471+0000] {processor.py:183} INFO - Processing /home/airflow/.local/lib/python3.12/site-packages/airflow/example_dags/example_sensors.py took 0.065 seconds
[2026-04-30T09:58:08.605+0000] {processor.py:161} INFO - Started process (PID=2053) to work on /home/airflow/.local/lib/python3.12/site-packages/airflow/example_dags/example_sensors.py
[2026-04-30T09:58:08.606+0000] {processor.py:830} INFO - Processing file /home/airflow/.local/lib/python3.12/site-packages/airflow/example_dags/example_sensors.py for tasks to queue
[2026-04-30T09:58:08.607+0000] {logging_mixin.py:188} INFO - [2026-04-30T09:58:08.607+0000] {dagbag.py:545} INFO - Filling up the DagBag from /home/airflow/.local/lib/python3.12/site-packages/airflow/example_dags/example_sensors.py
[2026-04-30T09:58:08.615+0000] {processor.py:840} INFO - DAG(s) 'example_sensors' retrieved from /home/airflow/.local/lib/python3.12/site-packages/airflow/example_dags/example_sensors.py
[2026-04-30T09:58:08.641+0000] {logging_mixin.py:188} INFO - [2026-04-30T09:58:08.640+0000] {dag.py:3096} INFO - Sync 1 DAGs
[2026-04-30T09:58:08.652+0000] {logging_mixin.py:188} INFO - [2026-04-30T09:58:08.652+0000] {dag.py:3954} INFO - Setting next_dagrun for example_sensors to None, run_after=None
[2026-04-30T09:58:08.670+0000] {processor.py:183} INFO - Processing /home/airflow/.local/lib/python3.12/site-packages/airflow/example_dags/example_sensors.py took 0.070 seconds
[2026-04-30T09:58:38.746+0000] {processor.py:161} INFO - Started process (PID=2111) to work on /home/airflow/.local/lib/python3.12/site-packages/airflow/example_dags/example_sensors.py
[2026-04-30T09:58:38.747+0000] {processor.py:830} INFO - Processing file /home/airflow/.local/lib/python3.12/site-packages/airflow/example_dags/example_sensors.py for tasks to queue
[2026-04-30T09:58:38.748+0000] {logging_mixin.py:188} INFO - [2026-04-30T09:58:38.748+0000] {dagbag.py:545} INFO - Filling up the DagBag from /home/airflow/.local/lib/python3.12/site-packages/airflow/example_dags/example_sensors.py
[2026-04-30T09:58:38.756+0000] {processor.py:840} INFO - DAG(s) 'example_sensors' retrieved from /home/airflow/.local/lib/python3.12/site-packages/airflow/example_dags/example_sensors.py
[2026-04-30T09:58:38.780+0000] {logging_mixin.py:188} INFO - [2026-04-30T09:58:38.780+0000] {dag.py:3096} INFO - Sync 1 DAGs
[2026-04-30T09:58:38.792+0000] {logging_mixin.py:188} INFO - [2026-04-30T09:58:38.792+0000] {dag.py:3954} INFO - Setting next_dagrun for example_sensors to None, run_after=None
[2026-04-30T09:58:38.811+0000] {processor.py:183} INFO - Processing /home/airflow/.local/lib/python3.12/site-packages/airflow/example_dags/example_sensors.py took 0.069 seconds
[2026-04-30T09:59:09.028+0000] {processor.py:161} INFO - Started process (PID=2169) to work on /home/airflow/.local/lib/python3.12/site-packages/airflow/example_dags/example_sensors.py
[2026-04-30T09:59:09.029+0000] {processor.py:830} INFO - Processing file /home/airflow/.local/lib/python3.12/site-packages/airflow/example_dags/example_sensors.py for tasks to queue
[2026-04-30T09:59:09.030+0000] {logging_mixin.py:188} INFO - [2026-04-30T09:59:09.030+0000] {dagbag.py:545} INFO - Filling up the DagBag from /home/airflow/.local/lib/python3.12/site-packages/airflow/example_dags/example_sensors.py
[2026-04-30T09:59:09.039+0000] {processor.py:840} INFO - DAG(s) 'example_sensors' retrieved from /home/airflow/.local/lib/python3.12/site-packages/airflow/example_dags/example_sensors.py
[2026-04-30T09:59:09.061+0000] {logging_mixin.py:188} INFO - [2026-04-30T09:59:09.061+0000] {dag.py:3096} INFO - Sync 1 DAGs
[2026-04-30T09:59:09.072+0000] {logging_mixin.py:188} INFO - [2026-04-30T09:59:09.071+0000] {dag.py:3954} INFO - Setting next_dagrun for example_sensors to None, run_after=None
[2026-04-30T09:59:09.086+0000] {processor.py:183} INFO - Processing /home/airflow/.local/lib/python3.12/site-packages/airflow/example_dags/example_sensors.py took 0.063 seconds
[2026-04-30T09:59:39.552+0000] {processor.py:161} INFO - Started process (PID=2227) to work on /home/airflow/.local/lib/python3.12/site-packages/airflow/example_dags/example_sensors.py
[2026-04-30T09:59:39.553+0000] {processor.py:830} INFO - Processing file /home/airflow/.local/lib/python3.12/site-packages/airflow/example_dags/example_sensors.py for tasks to queue
[2026-04-30T09:59:39.554+0000] {logging_mixin.py:188} INFO - [2026-04-30T09:59:39.554+0000] {dagbag.py:545} INFO - Filling up the DagBag from /home/airflow/.local/lib/python3.12/site-packages/airflow/example_dags/example_sensors.py
[2026-04-30T09:59:39.564+0000] {processor.py:840} INFO - DAG(s) 'example_sensors' retrieved from /home/airflow/.local/lib/python3.12/site-packages/airflow/example_dags/example_sensors.py
[2026-04-30T09:59:39.588+0000] {logging_mixin.py:188} INFO - [2026-04-30T09:59:39.587+0000] {dag.py:3096} INFO - Sync 1 DAGs
[2026-04-30T09:59:39.600+0000] {logging_mixin.py:188} INFO - [2026-04-30T09:59:39.599+0000] {dag.py:3954} INFO - Setting next_dagrun for example_sensors to None, run_after=None
[2026-04-30T09:59:39.619+0000] {processor.py:183} INFO - Processing /home/airflow/.local/lib/python3.12/site-packages/airflow/example_dags/example_sensors.py took 0.071 seconds
[2026-04-30T10:00:10.136+0000] {processor.py:161} INFO - Started process (PID=2285) to work on /home/airflow/.local/lib/python3.12/site-packages/airflow/example_dags/example_sensors.py
[2026-04-30T10:00:10.137+0000] {processor.py:830} INFO - Processing file /home/airflow/.local/lib/python3.12/site-packages/airflow/example_dags/example_sensors.py for tasks to queue
[2026-04-30T10:00:10.139+0000] {logging_mixin.py:188} INFO - [2026-04-30T10:00:10.138+0000] {dagbag.py:545} INFO - Filling up the DagBag from /home/airflow/.local/lib/python3.12/site-packages/airflow/example_dags/example_sensors.py
[2026-04-30T10:00:10.146+0000] {processor.py:840} INFO - DAG(s) 'example_sensors' retrieved from /home/airflow/.local/lib/python3.12/site-packages/airflow/example_dags/example_sensors.py
[2026-04-30T10:00:10.169+0000] {logging_mixin.py:188} INFO - [2026-04-30T10:00:10.169+0000] {dag.py:3096} INFO - Sync 1 DAGs
[2026-04-30T10:00:10.180+0000] {logging_mixin.py:188} INFO - [2026-04-30T10:00:10.180+0000] {dag.py:3954} INFO - Setting next_dagrun for example_sensors to None, run_after=None
[2026-04-30T10:00:10.196+0000] {processor.py:183} INFO - Processing /home/airflow/.local/lib/python3.12/site-packages/airflow/example_dags/example_sensors.py took 0.066 seconds
[2026-04-30T10:00:40.876+0000] {processor.py:161} INFO - Started process (PID=2343) to work on /home/airflow/.local/lib/python3.12/site-packages/airflow/example_dags/example_sensors.py
[2026-04-30T10:00:40.877+0000] {processor.py:830} INFO - Processing file /home/airflow/.local/lib/python3.12/site-packages/airflow/example_dags/example_sensors.py for tasks to queue
[2026-04-30T10:00:40.878+0000] {logging_mixin.py:188} INFO - [2026-04-30T10:00:40.878+0000] {dagbag.py:545} INFO - Filling up the DagBag from /home/airflow/.local/lib/python3.12/site-packages/airflow/example_dags/example_sensors.py
[2026-04-30T10:00:40.886+0000] {processor.py:840} INFO - DAG(s) 'example_sensors' retrieved from /home/airflow/.local/lib/python3.12/site-packages/airflow/example_dags/example_sensors.py
[2026-04-30T10:00:40.911+0000] {logging_mixin.py:188} INFO - [2026-04-30T10:00:40.911+0000] {dag.py:3096} INFO - Sync 1 DAGs
[2026-04-30T10:00:40.924+0000] {logging_mixin.py:188} INFO - [2026-04-30T10:00:40.924+0000] {dag.py:3954} INFO - Setting next_dagrun for example_sensors to None, run_after=None
[2026-04-30T10:00:40.942+0000] {processor.py:183} INFO - Processing /home/airflow/.local/lib/python3.12/site-packages/airflow/example_dags/example_sensors.py took 0.071 seconds
[2026-04-30T10:01:11.358+0000] {processor.py:161} INFO - Started process (PID=2401) to work on /home/airflow/.local/lib/python3.12/site-packages/airflow/example_dags/example_sensors.py
[2026-04-30T10:01:11.359+0000] {processor.py:830} INFO - Processing file /home/airflow/.local/lib/python3.12/site-packages/airflow/example_dags/example_sensors.py for tasks to queue
[2026-04-30T10:01:11.360+0000] {logging_mixin.py:188} INFO - [2026-04-30T10:01:11.360+0000] {dagbag.py:545} INFO - Filling up the DagBag from /home/airflow/.local/lib/python3.12/site-packages/airflow/example_dags/example_sensors.py
[2026-04-30T10:01:11.370+0000] {processor.py:840} INFO - DAG(s) 'example_sensors' retrieved from /home/airflow/.local/lib/python3.12/site-packages/airflow/example_dags/example_sensors.py
[2026-04-30T10:01:11.392+0000] {logging_mixin.py:188} INFO - [2026-04-30T10:01:11.392+0000] {dag.py:3096} INFO - Sync 1 DAGs
[2026-04-30T10:01:11.403+0000] {logging_mixin.py:188} INFO - [2026-04-30T10:01:11.403+0000] {dag.py:3954} INFO - Setting next_dagrun for example_sensors to None, run_after=None
[2026-04-30T10:01:11.420+0000] {processor.py:183} INFO - Processing /home/airflow/.local/lib/python3.12/site-packages/airflow/example_dags/example_sensors.py took 0.067 seconds
[2026-04-30T10:01:41.683+0000] {processor.py:161} INFO - Started process (PID=2459) to work on /home/airflow/.local/lib/python3.12/site-packages/airflow/example_dags/example_sensors.py
[2026-04-30T10:01:41.683+0000] {processor.py:830} INFO - Processing file /home/airflow/.local/lib/python3.12/site-packages/airflow/example_dags/example_sensors.py for tasks to queue
[2026-04-30T10:01:41.685+0000] {logging_mixin.py:188} INFO - [2026-04-30T10:01:41.685+0000] {dagbag.py:545} INFO - Filling up the DagBag from /home/airflow/.local/lib/python3.12/site-packages/airflow/example_dags/example_sensors.py
[2026-04-30T10:01:41.695+0000] {processor.py:840} INFO - DAG(s) 'example_sensors' retrieved from /home/airflow/.local/lib/python3.12/site-packages/airflow/example_dags/example_sensors.py
[2026-04-30T10:01:41.723+0000] {logging_mixin.py:188} INFO - [2026-04-30T10:01:41.723+0000] {dag.py:3096} INFO - Sync 1 DAGs
[2026-04-30T10:01:41.735+0000] {logging_mixin.py:188} INFO - [2026-04-30T10:01:41.734+0000] {dag.py:3954} INFO - Setting next_dagrun for example_sensors to None, run_after=None
[2026-04-30T10:01:41.755+0000] {processor.py:183} INFO - Processing /home/airflow/.local/lib/python3.12/site-packages/airflow/example_dags/example_sensors.py took 0.079 seconds
[2026-04-30T10:02:11.948+0000] {processor.py:161} INFO - Started process (PID=2515) to work on /home/airflow/.local/lib/python3.12/site-packages/airflow/example_dags/example_sensors.py
[2026-04-30T10:02:11.948+0000] {processor.py:830} INFO - Processing file /home/airflow/.local/lib/python3.12/site-packages/airflow/example_dags/example_sensors.py for tasks to queue
[2026-04-30T10:02:11.950+0000] {logging_mixin.py:188} INFO - [2026-04-30T10:02:11.949+0000] {dagbag.py:545} INFO - Filling up the DagBag from /home/airflow/.local/lib/python3.12/site-packages/airflow/example_dags/example_sensors.py
[2026-04-30T10:02:11.957+0000] {processor.py:840} INFO - DAG(s) 'example_sensors' retrieved from /home/airflow/.local/lib/python3.12/site-packages/airflow/example_dags/example_sensors.py
[2026-04-30T10:02:11.986+0000] {logging_mixin.py:188} INFO - [2026-04-30T10:02:11.986+0000] {dag.py:3096} INFO - Sync 1 DAGs
[2026-04-30T10:02:11.999+0000] {logging_mixin.py:188} INFO - [2026-04-30T10:02:11.999+0000] {dag.py:3954} INFO - Setting next_dagrun for example_sensors to None, run_after=None
[2026-04-30T10:02:12.015+0000] {processor.py:183} INFO - Processing /home/airflow/.local/lib/python3.12/site-packages/airflow/example_dags/example_sensors.py took 0.072 seconds
[2026-04-30T10:02:42.940+0000] {processor.py:161} INFO - Started process (PID=2573) to work on /home/airflow/.local/lib/python3.12/site-packages/airflow/example_dags/example_sensors.py
[2026-04-30T10:02:42.941+0000] {processor.py:830} INFO - Processing file /home/airflow/.local/lib/python3.12/site-packages/airflow/example_dags/example_sensors.py for tasks to queue
[2026-04-30T10:02:42.942+0000] {logging_mixin.py:188} INFO - [2026-04-30T10:02:42.942+0000] {dagbag.py:545} INFO - Filling up the DagBag from /home/airflow/.local/lib/python3.12/site-packages/airflow/example_dags/example_sensors.py
[2026-04-30T10:02:42.952+0000] {processor.py:840} INFO - DAG(s) 'example_sensors' retrieved from /home/airflow/.local/lib/python3.12/site-packages/airflow/example_dags/example_sensors.py
[2026-04-30T10:02:42.976+0000] {logging_mixin.py:188} INFO - [2026-04-30T10:02:42.975+0000] {dag.py:3096} INFO - Sync 1 DAGs
[2026-04-30T10:02:42.987+0000] {logging_mixin.py:188} INFO - [2026-04-30T10:02:42.987+0000] {dag.py:3954} INFO - Setting next_dagrun for example_sensors to None, run_after=None
[2026-04-30T10:02:43.004+0000] {processor.py:183} INFO - Processing /home/airflow/.local/lib/python3.12/site-packages/airflow/example_dags/example_sensors.py took 0.069 seconds
[2026-04-30T10:03:13.170+0000] {processor.py:161} INFO - Started process (PID=2631) to work on /home/airflow/.local/lib/python3.12/site-packages/airflow/example_dags/example_sensors.py
[2026-04-30T10:03:13.171+0000] {processor.py:830} INFO - Processing file /home/airflow/.local/lib/python3.12/site-packages/airflow/example_dags/example_sensors.py for tasks to queue
[2026-04-30T10:03:13.173+0000] {logging_mixin.py:188} INFO - [2026-04-30T10:03:13.173+0000] {dagbag.py:545} INFO - Filling up the DagBag from /home/airflow/.local/lib/python3.12/site-packages/airflow/example_dags/example_sensors.py
[2026-04-30T10:03:13.185+0000] {processor.py:840} INFO - DAG(s) 'example_sensors' retrieved from /home/airflow/.local/lib/python3.12/site-packages/airflow/example_dags/example_sensors.py
[2026-04-30T10:03:13.223+0000] {logging_mixin.py:188} INFO - [2026-04-30T10:03:13.222+0000] {dag.py:3096} INFO - Sync 1 DAGs
[2026-04-30T10:03:13.240+0000] {logging_mixin.py:188} INFO - [2026-04-30T10:03:13.240+0000] {dag.py:3954} INFO - Setting next_dagrun for example_sensors to None, run_after=None
[2026-04-30T10:03:13.264+0000] {processor.py:183} INFO - Processing /home/airflow/.local/lib/python3.12/site-packages/airflow/example_dags/example_sensors.py took 0.101 seconds
[2026-04-30T10:03:44.049+0000] {processor.py:161} INFO - Started process (PID=2689) to work on /home/airflow/.local/lib/python3.12/site-packages/airflow/example_dags/example_sensors.py
[2026-04-30T10:03:44.049+0000] {processor.py:830} INFO - Processing file /home/airflow/.local/lib/python3.12/site-packages/airflow/example_dags/example_sensors.py for tasks to queue
[2026-04-30T10:03:44.051+0000] {logging_mixin.py:188} INFO - [2026-04-30T10:03:44.051+0000] {dagbag.py:545} INFO - Filling up the DagBag from /home/airflow/.local/lib/python3.12/site-packages/airflow/example_dags/example_sensors.py
[2026-04-30T10:03:44.063+0000] {processor.py:840} INFO - DAG(s) 'example_sensors' retrieved from /home/airflow/.local/lib/python3.12/site-packages/airflow/example_dags/example_sensors.py
[2026-04-30T10:03:44.096+0000] {logging_mixin.py:188} INFO - [2026-04-30T10:03:44.096+0000] {dag.py:3096} INFO - Sync 1 DAGs
[2026-04-30T10:03:44.113+0000] {logging_mixin.py:188} INFO - [2026-04-30T10:03:44.112+0000] {dag.py:3954} INFO - Setting next_dagrun for example_sensors to None, run_after=None
[2026-04-30T10:03:44.130+0000] {processor.py:183} INFO - Processing /home/airflow/.local/lib/python3.12/site-packages/airflow/example_dags/example_sensors.py took 0.088 seconds
[2026-04-30T10:04:14.589+0000] {processor.py:161} INFO - Started process (PID=2747) to work on /home/airflow/.local/lib/python3.12/site-packages/airflow/example_dags/example_sensors.py
[2026-04-30T10:04:14.590+0000] {processor.py:830} INFO - Processing file /home/airflow/.local/lib/python3.12/site-packages/airflow/example_dags/example_sensors.py for tasks to queue
[2026-04-30T10:04:14.592+0000] {logging_mixin.py:188} INFO - [2026-04-30T10:04:14.591+0000] {dagbag.py:545} INFO - Filling up the DagBag from /home/airflow/.local/lib/python3.12/site-packages/airflow/example_dags/example_sensors.py
[2026-04-30T10:04:14.603+0000] {processor.py:840} INFO - DAG(s) 'example_sensors' retrieved from /home/airflow/.local/lib/python3.12/site-packages/airflow/example_dags/example_sensors.py
[2026-04-30T10:04:14.627+0000] {logging_mixin.py:188} INFO - [2026-04-30T10:04:14.626+0000] {dag.py:3096} INFO - Sync 1 DAGs
[2026-04-30T10:04:14.638+0000] {logging_mixin.py:188} INFO - [2026-04-30T10:04:14.638+0000] {dag.py:3954} INFO - Setting next_dagrun for example_sensors to None, run_after=None
[2026-04-30T10:04:14.654+0000] {processor.py:183} INFO - Processing /home/airflow/.local/lib/python3.12/site-packages/airflow/example_dags/example_sensors.py took 0.070 seconds
[2026-04-30T10:04:45.215+0000] {processor.py:161} INFO - Started process (PID=2805) to work on /home/airflow/.local/lib/python3.12/site-packages/airflow/example_dags/example_sensors.py
[2026-04-30T10:04:45.216+0000] {processor.py:830} INFO - Processing file /home/airflow/.local/lib/python3.12/site-packages/airflow/example_dags/example_sensors.py for tasks to queue
[2026-04-30T10:04:45.218+0000] {logging_mixin.py:188} INFO - [2026-04-30T10:04:45.218+0000] {dagbag.py:545} INFO - Filling up the DagBag from /home/airflow/.local/lib/python3.12/site-packages/airflow/example_dags/example_sensors.py
[2026-04-30T10:04:45.228+0000] {processor.py:840} INFO - DAG(s) 'example_sensors' retrieved from /home/airflow/.local/lib/python3.12/site-packages/airflow/example_dags/example_sensors.py
[2026-04-30T10:04:45.250+0000] {logging_mixin.py:188} INFO - [2026-04-30T10:04:45.250+0000] {dag.py:3096} INFO - Sync 1 DAGs
[2026-04-30T10:04:45.261+0000] {logging_mixin.py:188} INFO - [2026-04-30T10:04:45.261+0000] {dag.py:3954} INFO - Setting next_dagrun for example_sensors to None, run_after=None
[2026-04-30T10:04:45.275+0000] {processor.py:183} INFO - Processing /home/airflow/.local/lib/python3.12/site-packages/airflow/example_dags/example_sensors.py took 0.067 seconds
[2026-04-30T10:05:15.719+0000] {processor.py:161} INFO - Started process (PID=2863) to work on /home/airflow/.local/lib/python3.12/site-packages/airflow/example_dags/example_sensors.py
[2026-04-30T10:05:15.720+0000] {processor.py:830} INFO - Processing file /home/airflow/.local/lib/python3.12/site-packages/airflow/example_dags/example_sensors.py for tasks to queue
[2026-04-30T10:05:15.722+0000] {logging_mixin.py:188} INFO - [2026-04-30T10:05:15.722+0000] {dagbag.py:545} INFO - Filling up the DagBag from /home/airflow/.local/lib/python3.12/site-packages/airflow/example_dags/example_sensors.py
[2026-04-30T10:05:15.733+0000] {processor.py:840} INFO - DAG(s) 'example_sensors' retrieved from /home/airflow/.local/lib/python3.12/site-packages/airflow/example_dags/example_sensors.py
[2026-04-30T10:05:15.754+0000] {logging_mixin.py:188} INFO - [2026-04-30T10:05:15.754+0000] {dag.py:3096} INFO - Sync 1 DAGs
[2026-04-30T10:05:15.765+0000] {logging_mixin.py:188} INFO - [2026-04-30T10:05:15.765+0000] {dag.py:3954} INFO - Setting next_dagrun for example_sensors to None, run_after=None
[2026-04-30T10:05:15.780+0000] {processor.py:183} INFO - Processing /home/airflow/.local/lib/python3.12/site-packages/airflow/example_dags/example_sensors.py took 0.068 seconds
[2026-04-30T10:05:46.252+0000] {processor.py:161} INFO - Started process (PID=2921) to work on /home/airflow/.local/lib/python3.12/site-packages/airflow/example_dags/example_sensors.py
[2026-04-30T10:05:46.253+0000] {processor.py:830} INFO - Processing file /home/airflow/.local/lib/python3.12/site-packages/airflow/example_dags/example_sensors.py for tasks to queue
[2026-04-30T10:05:46.255+0000] {logging_mixin.py:188} INFO - [2026-04-30T10:05:46.254+0000] {dagbag.py:545} INFO - Filling up the DagBag from /home/airflow/.local/lib/python3.12/site-packages/airflow/example_dags/example_sensors.py
[2026-04-30T10:05:46.264+0000] {processor.py:840} INFO - DAG(s) 'example_sensors' retrieved from /home/airflow/.local/lib/python3.12/site-packages/airflow/example_dags/example_sensors.py
[2026-04-30T10:05:46.288+0000] {logging_mixin.py:188} INFO - [2026-04-30T10:05:46.288+0000] {dag.py:3096} INFO - Sync 1 DAGs
[2026-04-30T10:05:46.300+0000] {logging_mixin.py:188} INFO - [2026-04-30T10:05:46.300+0000] {dag.py:3954} INFO - Setting next_dagrun for example_sensors to None, run_after=None
[2026-04-30T10:05:46.316+0000] {processor.py:183} INFO - Processing /home/airflow/.local/lib/python3.12/site-packages/airflow/example_dags/example_sensors.py took 0.069 seconds
[2026-04-30T10:06:16.881+0000] {processor.py:161} INFO - Started process (PID=2980) to work on /home/airflow/.local/lib/python3.12/site-packages/airflow/example_dags/example_sensors.py
[2026-04-30T10:06:16.882+0000] {processor.py:830} INFO - Processing file /home/airflow/.local/lib/python3.12/site-packages/airflow/example_dags/example_sensors.py for tasks to queue
[2026-04-30T10:06:16.883+0000] {logging_mixin.py:188} INFO - [2026-04-30T10:06:16.883+0000] {dagbag.py:545} INFO - Filling up the DagBag from /home/airflow/.local/lib/python3.12/site-packages/airflow/example_dags/example_sensors.py
[2026-04-30T10:06:16.892+0000] {processor.py:840} INFO - DAG(s) 'example_sensors' retrieved from /home/airflow/.local/lib/python3.12/site-packages/airflow/example_dags/example_sensors.py
[2026-04-30T10:06:16.914+0000] {logging_mixin.py:188} INFO - [2026-04-30T10:06:16.914+0000] {dag.py:3096} INFO - Sync 1 DAGs
[2026-04-30T10:06:16.925+0000] {logging_mixin.py:188} INFO - [2026-04-30T10:06:16.925+0000] {dag.py:3954} INFO - Setting next_dagrun for example_sensors to None, run_after=None
[2026-04-30T10:06:16.940+0000] {processor.py:183} INFO - Processing /home/airflow/.local/lib/python3.12/site-packages/airflow/example_dags/example_sensors.py took 0.065 seconds
[2026-04-30T10:06:47.232+0000] {processor.py:161} INFO - Started process (PID=3039) to work on /home/airflow/.local/lib/python3.12/site-packages/airflow/example_dags/example_sensors.py
[2026-04-30T10:06:47.233+0000] {processor.py:830} INFO - Processing file /home/airflow/.local/lib/python3.12/site-packages/airflow/example_dags/example_sensors.py for tasks to queue
[2026-04-30T10:06:47.234+0000] {logging_mixin.py:188} INFO - [2026-04-30T10:06:47.234+0000] {dagbag.py:545} INFO - Filling up the DagBag from /home/airflow/.local/lib/python3.12/site-packages/airflow/example_dags/example_sensors.py
[2026-04-30T10:06:47.244+0000] {processor.py:840} INFO - DAG(s) 'example_sensors' retrieved from /home/airflow/.local/lib/python3.12/site-packages/airflow/example_dags/example_sensors.py
[2026-04-30T10:06:47.268+0000] {logging_mixin.py:188} INFO - [2026-04-30T10:06:47.268+0000] {dag.py:3096} INFO - Sync 1 DAGs
[2026-04-30T10:06:47.283+0000] {logging_mixin.py:188} INFO - [2026-04-30T10:06:47.282+0000] {dag.py:3954} INFO - Setting next_dagrun for example_sensors to None, run_after=None
[2026-04-30T10:06:47.299+0000] {processor.py:183} INFO - Processing /home/airflow/.local/lib/python3.12/site-packages/airflow/example_dags/example_sensors.py took 0.072 seconds
[2026-04-30T10:07:17.806+0000] {processor.py:161} INFO - Started process (PID=3098) to work on /home/airflow/.local/lib/python3.12/site-packages/airflow/example_dags/example_sensors.py
[2026-04-30T10:07:17.807+0000] {processor.py:830} INFO - Processing file /home/airflow/.local/lib/python3.12/site-packages/airflow/example_dags/example_sensors.py for tasks to queue
[2026-04-30T10:07:17.808+0000] {logging_mixin.py:188} INFO - [2026-04-30T10:07:17.808+0000] {dagbag.py:545} INFO - Filling up the DagBag from /home/airflow/.local/lib/python3.12/site-packages/airflow/example_dags/example_sensors.py
[2026-04-30T10:07:17.816+0000] {processor.py:840} INFO - DAG(s) 'example_sensors' retrieved from /home/airflow/.local/lib/python3.12/site-packages/airflow/example_dags/example_sensors.py
[2026-04-30T10:07:17.838+0000] {logging_mixin.py:188} INFO - [2026-04-30T10:07:17.837+0000] {dag.py:3096} INFO - Sync 1 DAGs
[2026-04-30T10:07:17.849+0000] {logging_mixin.py:188} INFO - [2026-04-30T10:07:17.848+0000] {dag.py:3954} INFO - Setting next_dagrun for example_sensors to None, run_after=None
[2026-04-30T10:07:17.864+0000] {processor.py:183} INFO - Processing /home/airflow/.local/lib/python3.12/site-packages/airflow/example_dags/example_sensors.py took 0.064 seconds
[2026-04-30T10:07:48.289+0000] {processor.py:161} INFO - Started process (PID=3157) to work on /home/airflow/.local/lib/python3.12/site-packages/airflow/example_dags/example_sensors.py
[2026-04-30T10:07:48.290+0000] {processor.py:830} INFO - Processing file /home/airflow/.local/lib/python3.12/site-packages/airflow/example_dags/example_sensors.py for tasks to queue
[2026-04-30T10:07:48.291+0000] {logging_mixin.py:188} INFO - [2026-04-30T10:07:48.291+0000] {dagbag.py:545} INFO - Filling up the DagBag from /home/airflow/.local/lib/python3.12/site-packages/airflow/example_dags/example_sensors.py
[2026-04-30T10:07:48.299+0000] {processor.py:840} INFO - DAG(s) 'example_sensors' retrieved from /home/airflow/.local/lib/python3.12/site-packages/airflow/example_dags/example_sensors.py
[2026-04-30T10:07:48.322+0000] {logging_mixin.py:188} INFO - [2026-04-30T10:07:48.322+0000] {dag.py:3096} INFO - Sync 1 DAGs
[2026-04-30T10:07:48.333+0000] {logging_mixin.py:188} INFO - [2026-04-30T10:07:48.333+0000] {dag.py:3954} INFO - Setting next_dagrun for example_sensors to None, run_after=None
[2026-04-30T10:07:48.349+0000] {processor.py:183} INFO - Processing /home/airflow/.local/lib/python3.12/site-packages/airflow/example_dags/example_sensors.py took 0.064 seconds
[2026-04-30T10:08:18.677+0000] {processor.py:161} INFO - Started process (PID=3216) to work on /home/airflow/.local/lib/python3.12/site-packages/airflow/example_dags/example_sensors.py
[2026-04-30T10:08:18.677+0000] {processor.py:830} INFO - Processing file /home/airflow/.local/lib/python3.12/site-packages/airflow/example_dags/example_sensors.py for tasks to queue
[2026-04-30T10:08:18.679+0000] {logging_mixin.py:188} INFO - [2026-04-30T10:08:18.679+0000] {dagbag.py:545} INFO - Filling up the DagBag from /home/airflow/.local/lib/python3.12/site-packages/airflow/example_dags/example_sensors.py
[2026-04-30T10:08:18.690+0000] {processor.py:840} INFO - DAG(s) 'example_sensors' retrieved from /home/airflow/.local/lib/python3.12/site-packages/airflow/example_dags/example_sensors.py
[2026-04-30T10:08:18.719+0000] {logging_mixin.py:188} INFO - [2026-04-30T10:08:18.719+0000] {dag.py:3096} INFO - Sync 1 DAGs
[2026-04-30T10:08:18.731+0000] {logging_mixin.py:188} INFO - [2026-04-30T10:08:18.731+0000] {dag.py:3954} INFO - Setting next_dagrun for example_sensors to None, run_after=None
[2026-04-30T10:08:18.746+0000] {processor.py:183} INFO - Processing /home/airflow/.local/lib/python3.12/site-packages/airflow/example_dags/example_sensors.py took 0.077 seconds
[2026-04-30T10:08:49.215+0000] {processor.py:161} INFO - Started process (PID=3275) to work on /home/airflow/.local/lib/python3.12/site-packages/airflow/example_dags/example_sensors.py
[2026-04-30T10:08:49.216+0000] {processor.py:830} INFO - Processing file /home/airflow/.local/lib/python3.12/site-packages/airflow/example_dags/example_sensors.py for tasks to queue
[2026-04-30T10:08:49.217+0000] {logging_mixin.py:188} INFO - [2026-04-30T10:08:49.217+0000] {dagbag.py:545} INFO - Filling up the DagBag from /home/airflow/.local/lib/python3.12/site-packages/airflow/example_dags/example_sensors.py
[2026-04-30T10:08:49.225+0000] {processor.py:840} INFO - DAG(s) 'example_sensors' retrieved from /home/airflow/.local/lib/python3.12/site-packages/airflow/example_dags/example_sensors.py
[2026-04-30T10:08:49.251+0000] {logging_mixin.py:188} INFO - [2026-04-30T10:08:49.250+0000] {dag.py:3096} INFO - Sync 1 DAGs
[2026-04-30T10:08:49.262+0000] {logging_mixin.py:188} INFO - [2026-04-30T10:08:49.262+0000] {dag.py:3954} INFO - Setting next_dagrun for example_sensors to None, run_after=None
[2026-04-30T10:08:49.278+0000] {processor.py:183} INFO - Processing /home/airflow/.local/lib/python3.12/site-packages/airflow/example_dags/example_sensors.py took 0.070 seconds
[2026-04-30T10:09:19.963+0000] {processor.py:161} INFO - Started process (PID=3334) to work on /home/airflow/.local/lib/python3.12/site-packages/airflow/example_dags/example_sensors.py
[2026-04-30T10:09:19.963+0000] {processor.py:830} INFO - Processing file /home/airflow/.local/lib/python3.12/site-packages/airflow/example_dags/example_sensors.py for tasks to queue
[2026-04-30T10:09:19.965+0000] {logging_mixin.py:188} INFO - [2026-04-30T10:09:19.965+0000] {dagbag.py:545} INFO - Filling up the DagBag from /home/airflow/.local/lib/python3.12/site-packages/airflow/example_dags/example_sensors.py
[2026-04-30T10:09:19.973+0000] {processor.py:840} INFO - DAG(s) 'example_sensors' retrieved from /home/airflow/.local/lib/python3.12/site-packages/airflow/example_dags/example_sensors.py
[2026-04-30T10:09:19.995+0000] {logging_mixin.py:188} INFO - [2026-04-30T10:09:19.994+0000] {dag.py:3096} INFO - Sync 1 DAGs
[2026-04-30T10:09:20.006+0000] {logging_mixin.py:188} INFO - [2026-04-30T10:09:20.006+0000] {dag.py:3954} INFO - Setting next_dagrun for example_sensors to None, run_after=None
[2026-04-30T10:09:20.020+0000] {processor.py:183} INFO - Processing /home/airflow/.local/lib/python3.12/site-packages/airflow/example_dags/example_sensors.py took 0.063 seconds
[2026-04-30T10:09:50.744+0000] {processor.py:161} INFO - Started process (PID=3393) to work on /home/airflow/.local/lib/python3.12/site-packages/airflow/example_dags/example_sensors.py
[2026-04-30T10:09:50.745+0000] {processor.py:830} INFO - Processing file /home/airflow/.local/lib/python3.12/site-packages/airflow/example_dags/example_sensors.py for tasks to queue
[2026-04-30T10:09:50.746+0000] {logging_mixin.py:188} INFO - [2026-04-30T10:09:50.746+0000] {dagbag.py:545} INFO - Filling up the DagBag from /home/airflow/.local/lib/python3.12/site-packages/airflow/example_dags/example_sensors.py
[2026-04-30T10:09:50.754+0000] {processor.py:840} INFO - DAG(s) 'example_sensors' retrieved from /home/airflow/.local/lib/python3.12/site-packages/airflow/example_dags/example_sensors.py
[2026-04-30T10:09:50.777+0000] {logging_mixin.py:188} INFO - [2026-04-30T10:09:50.777+0000] {dag.py:3096} INFO - Sync 1 DAGs
[2026-04-30T10:09:50.792+0000] {logging_mixin.py:188} INFO - [2026-04-30T10:09:50.791+0000] {dag.py:3954} INFO - Setting next_dagrun for example_sensors to None, run_after=None
[2026-04-30T10:09:50.811+0000] {processor.py:183} INFO - Processing /home/airflow/.local/lib/python3.12/site-packages/airflow/example_dags/example_sensors.py took 0.072 seconds
[2026-04-30T10:10:21.010+0000] {processor.py:161} INFO - Started process (PID=3452) to work on /home/airflow/.local/lib/python3.12/site-packages/airflow/example_dags/example_sensors.py
[2026-04-30T10:10:21.011+0000] {processor.py:830} INFO - Processing file /home/airflow/.local/lib/python3.12/site-packages/airflow/example_dags/example_sensors.py for tasks to queue
[2026-04-30T10:10:21.012+0000] {logging_mixin.py:188} INFO - [2026-04-30T10:10:21.012+0000] {dagbag.py:545} INFO - Filling up the DagBag from /home/airflow/.local/lib/python3.12/site-packages/airflow/example_dags/example_sensors.py
[2026-04-30T10:10:21.020+0000] {processor.py:840} INFO - DAG(s) 'example_sensors' retrieved from /home/airflow/.local/lib/python3.12/site-packages/airflow/example_dags/example_sensors.py
[2026-04-30T10:10:21.051+0000] {logging_mixin.py:188} INFO - [2026-04-30T10:10:21.051+0000] {dag.py:3096} INFO - Sync 1 DAGs
[2026-04-30T10:10:21.067+0000] {logging_mixin.py:188} INFO - [2026-04-30T10:10:21.067+0000] {dag.py:3954} INFO - Setting next_dagrun for example_sensors to None, run_after=None
[2026-04-30T10:10:21.085+0000] {processor.py:183} INFO - Processing /home/airflow/.local/lib/python3.12/site-packages/airflow/example_dags/example_sensors.py took 0.080 seconds
[2026-04-30T10:10:51.255+0000] {processor.py:161} INFO - Started process (PID=3511) to work on /home/airflow/.local/lib/python3.12/site-packages/airflow/example_dags/example_sensors.py
[2026-04-30T10:10:51.256+0000] {processor.py:830} INFO - Processing file /home/airflow/.local/lib/python3.12/site-packages/airflow/example_dags/example_sensors.py for tasks to queue
[2026-04-30T10:10:51.258+0000] {logging_mixin.py:188} INFO - [2026-04-30T10:10:51.258+0000] {dagbag.py:545} INFO - Filling up the DagBag from /home/airflow/.local/lib/python3.12/site-packages/airflow/example_dags/example_sensors.py
[2026-04-30T10:10:51.270+0000] {processor.py:840} INFO - DAG(s) 'example_sensors' retrieved from /home/airflow/.local/lib/python3.12/site-packages/airflow/example_dags/example_sensors.py
[2026-04-30T10:10:51.294+0000] {logging_mixin.py:188} INFO - [2026-04-30T10:10:51.294+0000] {dag.py:3096} INFO - Sync 1 DAGs
[2026-04-30T10:10:51.306+0000] {logging_mixin.py:188} INFO - [2026-04-30T10:10:51.305+0000] {dag.py:3954} INFO - Setting next_dagrun for example_sensors to None, run_after=None
[2026-04-30T10:10:51.323+0000] {processor.py:183} INFO - Processing /home/airflow/.local/lib/python3.12/site-packages/airflow/example_dags/example_sensors.py took 0.075 seconds
[2026-04-30T10:11:21.424+0000] {processor.py:161} INFO - Started process (PID=3569) to work on /home/airflow/.local/lib/python3.12/site-packages/airflow/example_dags/example_sensors.py
[2026-04-30T10:11:21.424+0000] {processor.py:830} INFO - Processing file /home/airflow/.local/lib/python3.12/site-packages/airflow/example_dags/example_sensors.py for tasks to queue
[2026-04-30T10:11:21.425+0000] {logging_mixin.py:188} INFO - [2026-04-30T10:11:21.425+0000] {dagbag.py:545} INFO - Filling up the DagBag from /home/airflow/.local/lib/python3.12/site-packages/airflow/example_dags/example_sensors.py
[2026-04-30T10:11:21.433+0000] {processor.py:840} INFO - DAG(s) 'example_sensors' retrieved from /home/airflow/.local/lib/python3.12/site-packages/airflow/example_dags/example_sensors.py
[2026-04-30T10:11:21.465+0000] {logging_mixin.py:188} INFO - [2026-04-30T10:11:21.465+0000] {dag.py:3096} INFO - Sync 1 DAGs
[2026-04-30T10:11:21.480+0000] {logging_mixin.py:188} INFO - [2026-04-30T10:11:21.480+0000] {dag.py:3954} INFO - Setting next_dagrun for example_sensors to None, run_after=None
[2026-04-30T10:11:21.495+0000] {processor.py:183} INFO - Processing /home/airflow/.local/lib/python3.12/site-packages/airflow/example_dags/example_sensors.py took 0.078 seconds
[2026-04-30T10:11:51.582+0000] {processor.py:161} INFO - Started process (PID=3627) to work on /home/airflow/.local/lib/python3.12/site-packages/airflow/example_dags/example_sensors.py
[2026-04-30T10:11:51.583+0000] {processor.py:830} INFO - Processing file /home/airflow/.local/lib/python3.12/site-packages/airflow/example_dags/example_sensors.py for tasks to queue
[2026-04-30T10:11:51.583+0000] {logging_mixin.py:188} INFO - [2026-04-30T10:11:51.583+0000] {dagbag.py:545} INFO - Filling up the DagBag from /home/airflow/.local/lib/python3.12/site-packages/airflow/example_dags/example_sensors.py
[2026-04-30T10:11:51.592+0000] {processor.py:840} INFO - DAG(s) 'example_sensors' retrieved from /home/airflow/.local/lib/python3.12/site-packages/airflow/example_dags/example_sensors.py
[2026-04-30T10:11:51.614+0000] {logging_mixin.py:188} INFO - [2026-04-30T10:11:51.614+0000] {dag.py:3096} INFO - Sync 1 DAGs
[2026-04-30T10:11:51.625+0000] {logging_mixin.py:188} INFO - [2026-04-30T10:11:51.625+0000] {dag.py:3954} INFO - Setting next_dagrun for example_sensors to None, run_after=None
[2026-04-30T10:11:51.640+0000] {processor.py:183} INFO - Processing /home/airflow/.local/lib/python3.12/site-packages/airflow/example_dags/example_sensors.py took 0.063 seconds
[2026-04-30T10:12:21.730+0000] {processor.py:161} INFO - Started process (PID=3685) to work on /home/airflow/.local/lib/python3.12/site-packages/airflow/example_dags/example_sensors.py
[2026-04-30T10:12:21.731+0000] {processor.py:830} INFO - Processing file /home/airflow/.local/lib/python3.12/site-packages/airflow/example_dags/example_sensors.py for tasks to queue
[2026-04-30T10:12:21.732+0000] {logging_mixin.py:188} INFO - [2026-04-30T10:12:21.731+0000] {dagbag.py:545} INFO - Filling up the DagBag from /home/airflow/.local/lib/python3.12/site-packages/airflow/example_dags/example_sensors.py
[2026-04-30T10:12:21.740+0000] {processor.py:840} INFO - DAG(s) 'example_sensors' retrieved from /home/airflow/.local/lib/python3.12/site-packages/airflow/example_dags/example_sensors.py
[2026-04-30T10:12:21.762+0000] {logging_mixin.py:188} INFO - [2026-04-30T10:12:21.762+0000] {dag.py:3096} INFO - Sync 1 DAGs
[2026-04-30T10:12:21.773+0000] {logging_mixin.py:188} INFO - [2026-04-30T10:12:21.773+0000] {dag.py:3954} INFO - Setting next_dagrun for example_sensors to None, run_after=None
[2026-04-30T10:12:21.789+0000] {processor.py:183} INFO - Processing /home/airflow/.local/lib/python3.12/site-packages/airflow/example_dags/example_sensors.py took 0.064 seconds
[2026-04-30T10:12:52.204+0000] {processor.py:161} INFO - Started process (PID=3743) to work on /home/airflow/.local/lib/python3.12/site-packages/airflow/example_dags/example_sensors.py
[2026-04-30T10:12:52.205+0000] {processor.py:830} INFO - Processing file /home/airflow/.local/lib/python3.12/site-packages/airflow/example_dags/example_sensors.py for tasks to queue
[2026-04-30T10:12:52.206+0000] {logging_mixin.py:188} INFO - [2026-04-30T10:12:52.205+0000] {dagbag.py:545} INFO - Filling up the DagBag from /home/airflow/.local/lib/python3.12/site-packages/airflow/example_dags/example_sensors.py
[2026-04-30T10:12:52.216+0000] {processor.py:840} INFO - DAG(s) 'example_sensors' retrieved from /home/airflow/.local/lib/python3.12/site-packages/airflow/example_dags/example_sensors.py
[2026-04-30T10:12:52.237+0000] {logging_mixin.py:188} INFO - [2026-04-30T10:12:52.237+0000] {dag.py:3096} INFO - Sync 1 DAGs
[2026-04-30T10:12:52.248+0000] {logging_mixin.py:188} INFO - [2026-04-30T10:12:52.248+0000] {dag.py:3954} INFO - Setting next_dagrun for example_sensors to None, run_after=None
[2026-04-30T10:12:52.263+0000] {processor.py:183} INFO - Processing /home/airflow/.local/lib/python3.12/site-packages/airflow/example_dags/example_sensors.py took 0.064 seconds
[2026-04-30T10:13:22.549+0000] {processor.py:161} INFO - Started process (PID=3801) to work on /home/airflow/.local/lib/python3.12/site-packages/airflow/example_dags/example_sensors.py
[2026-04-30T10:13:22.549+0000] {processor.py:830} INFO - Processing file /home/airflow/.local/lib/python3.12/site-packages/airflow/example_dags/example_sensors.py for tasks to queue
[2026-04-30T10:13:22.550+0000] {logging_mixin.py:188} INFO - [2026-04-30T10:13:22.550+0000] {dagbag.py:545} INFO - Filling up the DagBag from /home/airflow/.local/lib/python3.12/site-packages/airflow/example_dags/example_sensors.py
[2026-04-30T10:13:22.560+0000] {processor.py:840} INFO - DAG(s) 'example_sensors' retrieved from /home/airflow/.local/lib/python3.12/site-packages/airflow/example_dags/example_sensors.py
[2026-04-30T10:13:22.582+0000] {logging_mixin.py:188} INFO - [2026-04-30T10:13:22.582+0000] {dag.py:3096} INFO - Sync 1 DAGs
[2026-04-30T10:13:22.593+0000] {logging_mixin.py:188} INFO - [2026-04-30T10:13:22.592+0000] {dag.py:3954} INFO - Setting next_dagrun for example_sensors to None, run_after=None
[2026-04-30T10:13:22.608+0000] {processor.py:183} INFO - Processing /home/airflow/.local/lib/python3.12/site-packages/airflow/example_dags/example_sensors.py took 0.065 seconds
[2026-04-30T10:13:52.860+0000] {processor.py:161} INFO - Started process (PID=3859) to work on /home/airflow/.local/lib/python3.12/site-packages/airflow/example_dags/example_sensors.py
[2026-04-30T10:13:52.861+0000] {processor.py:830} INFO - Processing file /home/airflow/.local/lib/python3.12/site-packages/airflow/example_dags/example_sensors.py for tasks to queue
[2026-04-30T10:13:52.862+0000] {logging_mixin.py:188} INFO - [2026-04-30T10:13:52.862+0000] {dagbag.py:545} INFO - Filling up the DagBag from /home/airflow/.local/lib/python3.12/site-packages/airflow/example_dags/example_sensors.py
[2026-04-30T10:13:52.872+0000] {processor.py:840} INFO - DAG(s) 'example_sensors' retrieved from /home/airflow/.local/lib/python3.12/site-packages/airflow/example_dags/example_sensors.py
[2026-04-30T10:13:52.896+0000] {logging_mixin.py:188} INFO - [2026-04-30T10:13:52.895+0000] {dag.py:3096} INFO - Sync 1 DAGs
[2026-04-30T10:13:52.907+0000] {logging_mixin.py:188} INFO - [2026-04-30T10:13:52.907+0000] {dag.py:3954} INFO - Setting next_dagrun for example_sensors to None, run_after=None
[2026-04-30T10:13:52.924+0000] {processor.py:183} INFO - Processing /home/airflow/.local/lib/python3.12/site-packages/airflow/example_dags/example_sensors.py took 0.069 seconds
[2026-04-30T10:14:23.169+0000] {processor.py:161} INFO - Started process (PID=3917) to work on /home/airflow/.local/lib/python3.12/site-packages/airflow/example_dags/example_sensors.py
[2026-04-30T10:14:23.170+0000] {processor.py:830} INFO - Processing file /home/airflow/.local/lib/python3.12/site-packages/airflow/example_dags/example_sensors.py for tasks to queue
[2026-04-30T10:14:23.171+0000] {logging_mixin.py:188} INFO - [2026-04-30T10:14:23.171+0000] {dagbag.py:545} INFO - Filling up the DagBag from /home/airflow/.local/lib/python3.12/site-packages/airflow/example_dags/example_sensors.py
[2026-04-30T10:14:23.181+0000] {processor.py:840} INFO - DAG(s) 'example_sensors' retrieved from /home/airflow/.local/lib/python3.12/site-packages/airflow/example_dags/example_sensors.py
[2026-04-30T10:14:23.203+0000] {logging_mixin.py:188} INFO - [2026-04-30T10:14:23.202+0000] {dag.py:3096} INFO - Sync 1 DAGs
[2026-04-30T10:14:23.214+0000] {logging_mixin.py:188} INFO - [2026-04-30T10:14:23.214+0000] {dag.py:3954} INFO - Setting next_dagrun for example_sensors to None, run_after=None
[2026-04-30T10:14:23.230+0000] {processor.py:183} INFO - Processing /home/airflow/.local/lib/python3.12/site-packages/airflow/example_dags/example_sensors.py took 0.065 seconds
[2026-04-30T10:14:53.956+0000] {processor.py:161} INFO - Started process (PID=3980) to work on /home/airflow/.local/lib/python3.12/site-packages/airflow/example_dags/example_sensors.py
[2026-04-30T10:14:53.957+0000] {processor.py:830} INFO - Processing file /home/airflow/.local/lib/python3.12/site-packages/airflow/example_dags/example_sensors.py for tasks to queue
[2026-04-30T10:14:53.958+0000] {logging_mixin.py:188} INFO - [2026-04-30T10:14:53.958+0000] {dagbag.py:545} INFO - Filling up the DagBag from /home/airflow/.local/lib/python3.12/site-packages/airflow/example_dags/example_sensors.py
[2026-04-30T10:14:53.970+0000] {processor.py:840} INFO - DAG(s) 'example_sensors' retrieved from /home/airflow/.local/lib/python3.12/site-packages/airflow/example_dags/example_sensors.py
[2026-04-30T10:14:53.994+0000] {logging_mixin.py:188} INFO - [2026-04-30T10:14:53.994+0000] {dag.py:3096} INFO - Sync 1 DAGs
[2026-04-30T10:14:54.005+0000] {logging_mixin.py:188} INFO - [2026-04-30T10:14:54.005+0000] {dag.py:3954} INFO - Setting next_dagrun for example_sensors to None, run_after=None
[2026-04-30T10:14:54.020+0000] {processor.py:183} INFO - Processing /home/airflow/.local/lib/python3.12/site-packages/airflow/example_dags/example_sensors.py took 0.071 seconds
[2026-04-30T10:16:38.924+0000] {processor.py:161} INFO - Started process (PID=72) to work on /home/airflow/.local/lib/python3.12/site-packages/airflow/example_dags/example_sensors.py
[2026-04-30T10:16:38.927+0000] {processor.py:830} INFO - Processing file /home/airflow/.local/lib/python3.12/site-packages/airflow/example_dags/example_sensors.py for tasks to queue
[2026-04-30T10:16:38.929+0000] {logging_mixin.py:188} INFO - [2026-04-30T10:16:38.929+0000] {dagbag.py:545} INFO - Filling up the DagBag from /home/airflow/.local/lib/python3.12/site-packages/airflow/example_dags/example_sensors.py
[2026-04-30T10:16:38.955+0000] {processor.py:840} INFO - DAG(s) 'example_sensors' retrieved from /home/airflow/.local/lib/python3.12/site-packages/airflow/example_dags/example_sensors.py
[2026-04-30T10:16:38.984+0000] {logging_mixin.py:188} INFO - [2026-04-30T10:16:38.984+0000] {dag.py:3096} INFO - Sync 1 DAGs
[2026-04-30T10:16:39.013+0000] {logging_mixin.py:188} INFO - [2026-04-30T10:16:39.012+0000] {dag.py:3954} INFO - Setting next_dagrun for example_sensors to None, run_after=None
[2026-04-30T10:16:39.053+0000] {processor.py:183} INFO - Processing /home/airflow/.local/lib/python3.12/site-packages/airflow/example_dags/example_sensors.py took 0.136 seconds
[2026-04-30T10:17:10.078+0000] {processor.py:161} INFO - Started process (PID=131) to work on /home/airflow/.local/lib/python3.12/site-packages/airflow/example_dags/example_sensors.py
[2026-04-30T10:17:10.079+0000] {processor.py:830} INFO - Processing file /home/airflow/.local/lib/python3.12/site-packages/airflow/example_dags/example_sensors.py for tasks to queue
[2026-04-30T10:17:10.080+0000] {logging_mixin.py:188} INFO - [2026-04-30T10:17:10.080+0000] {dagbag.py:545} INFO - Filling up the DagBag from /home/airflow/.local/lib/python3.12/site-packages/airflow/example_dags/example_sensors.py
[2026-04-30T10:17:10.092+0000] {processor.py:840} INFO - DAG(s) 'example_sensors' retrieved from /home/airflow/.local/lib/python3.12/site-packages/airflow/example_dags/example_sensors.py
[2026-04-30T10:17:10.210+0000] {logging_mixin.py:188} INFO - [2026-04-30T10:17:10.209+0000] {dag.py:3096} INFO - Sync 1 DAGs
[2026-04-30T10:17:10.225+0000] {logging_mixin.py:188} INFO - [2026-04-30T10:17:10.225+0000] {dag.py:3954} INFO - Setting next_dagrun for example_sensors to None, run_after=None
[2026-04-30T10:17:10.242+0000] {processor.py:183} INFO - Processing /home/airflow/.local/lib/python3.12/site-packages/airflow/example_dags/example_sensors.py took 0.169 seconds
[2026-04-30T10:17:41.111+0000] {processor.py:161} INFO - Started process (PID=190) to work on /home/airflow/.local/lib/python3.12/site-packages/airflow/example_dags/example_sensors.py
[2026-04-30T10:17:41.111+0000] {processor.py:830} INFO - Processing file /home/airflow/.local/lib/python3.12/site-packages/airflow/example_dags/example_sensors.py for tasks to queue
[2026-04-30T10:17:41.113+0000] {logging_mixin.py:188} INFO - [2026-04-30T10:17:41.113+0000] {dagbag.py:545} INFO - Filling up the DagBag from /home/airflow/.local/lib/python3.12/site-packages/airflow/example_dags/example_sensors.py
[2026-04-30T10:17:41.121+0000] {processor.py:840} INFO - DAG(s) 'example_sensors' retrieved from /home/airflow/.local/lib/python3.12/site-packages/airflow/example_dags/example_sensors.py
[2026-04-30T10:17:41.144+0000] {logging_mixin.py:188} INFO - [2026-04-30T10:17:41.144+0000] {dag.py:3096} INFO - Sync 1 DAGs
[2026-04-30T10:17:41.156+0000] {logging_mixin.py:188} INFO - [2026-04-30T10:17:41.155+0000] {dag.py:3954} INFO - Setting next_dagrun for example_sensors to None, run_after=None
[2026-04-30T10:17:41.172+0000] {processor.py:183} INFO - Processing /home/airflow/.local/lib/python3.12/site-packages/airflow/example_dags/example_sensors.py took 0.067 seconds
[2026-04-30T10:18:11.265+0000] {processor.py:161} INFO - Started process (PID=249) to work on /home/airflow/.local/lib/python3.12/site-packages/airflow/example_dags/example_sensors.py
[2026-04-30T10:18:11.266+0000] {processor.py:830} INFO - Processing file /home/airflow/.local/lib/python3.12/site-packages/airflow/example_dags/example_sensors.py for tasks to queue
[2026-04-30T10:18:11.267+0000] {logging_mixin.py:188} INFO - [2026-04-30T10:18:11.267+0000] {dagbag.py:545} INFO - Filling up the DagBag from /home/airflow/.local/lib/python3.12/site-packages/airflow/example_dags/example_sensors.py
[2026-04-30T10:18:11.277+0000] {processor.py:840} INFO - DAG(s) 'example_sensors' retrieved from /home/airflow/.local/lib/python3.12/site-packages/airflow/example_dags/example_sensors.py
[2026-04-30T10:18:11.311+0000] {logging_mixin.py:188} INFO - [2026-04-30T10:18:11.311+0000] {dag.py:3096} INFO - Sync 1 DAGs
[2026-04-30T10:18:11.322+0000] {logging_mixin.py:188} INFO - [2026-04-30T10:18:11.321+0000] {dag.py:3954} INFO - Setting next_dagrun for example_sensors to None, run_after=None
[2026-04-30T10:18:11.336+0000] {processor.py:183} INFO - Processing /home/airflow/.local/lib/python3.12/site-packages/airflow/example_dags/example_sensors.py took 0.076 seconds
[2026-04-30T10:18:41.495+0000] {processor.py:161} INFO - Started process (PID=312) to work on /home/airflow/.local/lib/python3.12/site-packages/airflow/example_dags/example_sensors.py
[2026-04-30T10:18:41.496+0000] {processor.py:830} INFO - Processing file /home/airflow/.local/lib/python3.12/site-packages/airflow/example_dags/example_sensors.py for tasks to queue
[2026-04-30T10:18:41.497+0000] {logging_mixin.py:188} INFO - [2026-04-30T10:18:41.497+0000] {dagbag.py:545} INFO - Filling up the DagBag from /home/airflow/.local/lib/python3.12/site-packages/airflow/example_dags/example_sensors.py
[2026-04-30T10:18:41.505+0000] {processor.py:840} INFO - DAG(s) 'example_sensors' retrieved from /home/airflow/.local/lib/python3.12/site-packages/airflow/example_dags/example_sensors.py
[2026-04-30T10:18:41.528+0000] {logging_mixin.py:188} INFO - [2026-04-30T10:18:41.528+0000] {dag.py:3096} INFO - Sync 1 DAGs
[2026-04-30T10:18:41.539+0000] {logging_mixin.py:188} INFO - [2026-04-30T10:18:41.539+0000] {dag.py:3954} INFO - Setting next_dagrun for example_sensors to None, run_after=None
[2026-04-30T10:18:41.554+0000] {processor.py:183} INFO - Processing /home/airflow/.local/lib/python3.12/site-packages/airflow/example_dags/example_sensors.py took 0.065 seconds
[2026-04-30T10:19:12.409+0000] {processor.py:161} INFO - Started process (PID=375) to work on /home/airflow/.local/lib/python3.12/site-packages/airflow/example_dags/example_sensors.py
[2026-04-30T10:19:12.410+0000] {processor.py:830} INFO - Processing file /home/airflow/.local/lib/python3.12/site-packages/airflow/example_dags/example_sensors.py for tasks to queue
[2026-04-30T10:19:12.412+0000] {logging_mixin.py:188} INFO - [2026-04-30T10:19:12.412+0000] {dagbag.py:545} INFO - Filling up the DagBag from /home/airflow/.local/lib/python3.12/site-packages/airflow/example_dags/example_sensors.py
[2026-04-30T10:19:12.424+0000] {processor.py:840} INFO - DAG(s) 'example_sensors' retrieved from /home/airflow/.local/lib/python3.12/site-packages/airflow/example_dags/example_sensors.py
[2026-04-30T10:19:12.462+0000] {logging_mixin.py:188} INFO - [2026-04-30T10:19:12.461+0000] {dag.py:3096} INFO - Sync 1 DAGs
[2026-04-30T10:19:12.479+0000] {logging_mixin.py:188} INFO - [2026-04-30T10:19:12.478+0000] {dag.py:3954} INFO - Setting next_dagrun for example_sensors to None, run_after=None
[2026-04-30T10:19:12.508+0000] {processor.py:183} INFO - Processing /home/airflow/.local/lib/python3.12/site-packages/airflow/example_dags/example_sensors.py took 0.110 seconds
[2026-04-30T10:19:42.640+0000] {processor.py:161} INFO - Started process (PID=439) to work on /home/airflow/.local/lib/python3.12/site-packages/airflow/example_dags/example_sensors.py
[2026-04-30T10:19:42.640+0000] {processor.py:830} INFO - Processing file /home/airflow/.local/lib/python3.12/site-packages/airflow/example_dags/example_sensors.py for tasks to queue
[2026-04-30T10:19:42.642+0000] {logging_mixin.py:188} INFO - [2026-04-30T10:19:42.642+0000] {dagbag.py:545} INFO - Filling up the DagBag from /home/airflow/.local/lib/python3.12/site-packages/airflow/example_dags/example_sensors.py
[2026-04-30T10:19:42.650+0000] {processor.py:840} INFO - DAG(s) 'example_sensors' retrieved from /home/airflow/.local/lib/python3.12/site-packages/airflow/example_dags/example_sensors.py
[2026-04-30T10:19:42.672+0000] {logging_mixin.py:188} INFO - [2026-04-30T10:19:42.672+0000] {dag.py:3096} INFO - Sync 1 DAGs
[2026-04-30T10:19:42.687+0000] {logging_mixin.py:188} INFO - [2026-04-30T10:19:42.687+0000] {dag.py:3954} INFO - Setting next_dagrun for example_sensors to None, run_after=None
[2026-04-30T10:19:42.703+0000] {processor.py:183} INFO - Processing /home/airflow/.local/lib/python3.12/site-packages/airflow/example_dags/example_sensors.py took 0.068 seconds
[2026-04-30T10:20:12.908+0000] {processor.py:161} INFO - Started process (PID=498) to work on /home/airflow/.local/lib/python3.12/site-packages/airflow/example_dags/example_sensors.py
[2026-04-30T10:20:12.909+0000] {processor.py:830} INFO - Processing file /home/airflow/.local/lib/python3.12/site-packages/airflow/example_dags/example_sensors.py for tasks to queue
[2026-04-30T10:20:12.910+0000] {logging_mixin.py:188} INFO - [2026-04-30T10:20:12.910+0000] {dagbag.py:545} INFO - Filling up the DagBag from /home/airflow/.local/lib/python3.12/site-packages/airflow/example_dags/example_sensors.py
[2026-04-30T10:20:12.920+0000] {processor.py:840} INFO - DAG(s) 'example_sensors' retrieved from /home/airflow/.local/lib/python3.12/site-packages/airflow/example_dags/example_sensors.py
[2026-04-30T10:20:12.946+0000] {logging_mixin.py:188} INFO - [2026-04-30T10:20:12.945+0000] {dag.py:3096} INFO - Sync 1 DAGs
[2026-04-30T10:20:12.957+0000] {logging_mixin.py:188} INFO - [2026-04-30T10:20:12.956+0000] {dag.py:3954} INFO - Setting next_dagrun for example_sensors to None, run_after=None
[2026-04-30T10:20:12.971+0000] {processor.py:183} INFO - Processing /home/airflow/.local/lib/python3.12/site-packages/airflow/example_dags/example_sensors.py took 0.069 seconds
[2026-04-30T10:20:43.132+0000] {processor.py:161} INFO - Started process (PID=557) to work on /home/airflow/.local/lib/python3.12/site-packages/airflow/example_dags/example_sensors.py
[2026-04-30T10:20:43.133+0000] {processor.py:830} INFO - Processing file /home/airflow/.local/lib/python3.12/site-packages/airflow/example_dags/example_sensors.py for tasks to queue
[2026-04-30T10:20:43.134+0000] {logging_mixin.py:188} INFO - [2026-04-30T10:20:43.134+0000] {dagbag.py:545} INFO - Filling up the DagBag from /home/airflow/.local/lib/python3.12/site-packages/airflow/example_dags/example_sensors.py
[2026-04-30T10:20:43.144+0000] {processor.py:840} INFO - DAG(s) 'example_sensors' retrieved from /home/airflow/.local/lib/python3.12/site-packages/airflow/example_dags/example_sensors.py
[2026-04-30T10:20:43.166+0000] {logging_mixin.py:188} INFO - [2026-04-30T10:20:43.166+0000] {dag.py:3096} INFO - Sync 1 DAGs
[2026-04-30T10:20:43.177+0000] {logging_mixin.py:188} INFO - [2026-04-30T10:20:43.177+0000] {dag.py:3954} INFO - Setting next_dagrun for example_sensors to None, run_after=None
[2026-04-30T10:20:43.193+0000] {processor.py:183} INFO - Processing /home/airflow/.local/lib/python3.12/site-packages/airflow/example_dags/example_sensors.py took 0.066 seconds
