[2026-04-30T09:40:58.729+0000] {processor.py:161} INFO - Started process (PID=97) to work on /home/airflow/.local/lib/python3.12/site-packages/airflow/example_dags/example_xcom.py
[2026-04-30T09:40:58.730+0000] {processor.py:830} INFO - Processing file /home/airflow/.local/lib/python3.12/site-packages/airflow/example_dags/example_xcom.py for tasks to queue
[2026-04-30T09:40:58.731+0000] {logging_mixin.py:188} INFO - [2026-04-30T09:40:58.731+0000] {dagbag.py:545} INFO - Filling up the DagBag from /home/airflow/.local/lib/python3.12/site-packages/airflow/example_dags/example_xcom.py
[2026-04-30T09:40:58.740+0000] {processor.py:840} INFO - DAG(s) 'example_xcom' retrieved from /home/airflow/.local/lib/python3.12/site-packages/airflow/example_dags/example_xcom.py
[2026-04-30T09:40:58.934+0000] {logging_mixin.py:188} INFO - [2026-04-30T09:40:58.934+0000] {dag.py:3096} INFO - Sync 1 DAGs
[2026-04-30T09:40:58.969+0000] {logging_mixin.py:188} INFO - [2026-04-30T09:40:58.968+0000] {dag.py:3954} INFO - Setting next_dagrun for example_xcom to 2021-01-01 00:00:00+00:00, run_after=2021-01-01 00:00:00+00:00
[2026-04-30T09:40:59.222+0000] {processor.py:183} INFO - Processing /home/airflow/.local/lib/python3.12/site-packages/airflow/example_dags/example_xcom.py took 0.499 seconds
[2026-04-30T09:41:29.311+0000] {processor.py:161} INFO - Started process (PID=156) to work on /home/airflow/.local/lib/python3.12/site-packages/airflow/example_dags/example_xcom.py
[2026-04-30T09:41:29.312+0000] {processor.py:830} INFO - Processing file /home/airflow/.local/lib/python3.12/site-packages/airflow/example_dags/example_xcom.py for tasks to queue
[2026-04-30T09:41:29.313+0000] {logging_mixin.py:188} INFO - [2026-04-30T09:41:29.313+0000] {dagbag.py:545} INFO - Filling up the DagBag from /home/airflow/.local/lib/python3.12/site-packages/airflow/example_dags/example_xcom.py
[2026-04-30T09:41:29.320+0000] {processor.py:840} INFO - DAG(s) 'example_xcom' retrieved from /home/airflow/.local/lib/python3.12/site-packages/airflow/example_dags/example_xcom.py
[2026-04-30T09:41:29.338+0000] {logging_mixin.py:188} INFO - [2026-04-30T09:41:29.338+0000] {dag.py:3096} INFO - Sync 1 DAGs
[2026-04-30T09:41:29.358+0000] {logging_mixin.py:188} INFO - [2026-04-30T09:41:29.358+0000] {dag.py:3954} INFO - Setting next_dagrun for example_xcom to 2021-01-01 00:00:00+00:00, run_after=2021-01-01 00:00:00+00:00
[2026-04-30T09:41:29.372+0000] {processor.py:183} INFO - Processing /home/airflow/.local/lib/python3.12/site-packages/airflow/example_dags/example_xcom.py took 0.067 seconds
[2026-04-30T09:41:59.472+0000] {processor.py:161} INFO - Started process (PID=213) to work on /home/airflow/.local/lib/python3.12/site-packages/airflow/example_dags/example_xcom.py
[2026-04-30T09:41:59.473+0000] {processor.py:830} INFO - Processing file /home/airflow/.local/lib/python3.12/site-packages/airflow/example_dags/example_xcom.py for tasks to queue
[2026-04-30T09:41:59.474+0000] {logging_mixin.py:188} INFO - [2026-04-30T09:41:59.474+0000] {dagbag.py:545} INFO - Filling up the DagBag from /home/airflow/.local/lib/python3.12/site-packages/airflow/example_dags/example_xcom.py
[2026-04-30T09:41:59.482+0000] {processor.py:840} INFO - DAG(s) 'example_xcom' retrieved from /home/airflow/.local/lib/python3.12/site-packages/airflow/example_dags/example_xcom.py
[2026-04-30T09:41:59.501+0000] {logging_mixin.py:188} INFO - [2026-04-30T09:41:59.501+0000] {dag.py:3096} INFO - Sync 1 DAGs
[2026-04-30T09:41:59.520+0000] {logging_mixin.py:188} INFO - [2026-04-30T09:41:59.520+0000] {dag.py:3954} INFO - Setting next_dagrun for example_xcom to 2021-01-01 00:00:00+00:00, run_after=2021-01-01 00:00:00+00:00
[2026-04-30T09:41:59.536+0000] {processor.py:183} INFO - Processing /home/airflow/.local/lib/python3.12/site-packages/airflow/example_dags/example_xcom.py took 0.068 seconds
[2026-04-30T09:42:29.916+0000] {processor.py:161} INFO - Started process (PID=271) to work on /home/airflow/.local/lib/python3.12/site-packages/airflow/example_dags/example_xcom.py
[2026-04-30T09:42:29.917+0000] {processor.py:830} INFO - Processing file /home/airflow/.local/lib/python3.12/site-packages/airflow/example_dags/example_xcom.py for tasks to queue
[2026-04-30T09:42:29.918+0000] {logging_mixin.py:188} INFO - [2026-04-30T09:42:29.918+0000] {dagbag.py:545} INFO - Filling up the DagBag from /home/airflow/.local/lib/python3.12/site-packages/airflow/example_dags/example_xcom.py
[2026-04-30T09:42:29.924+0000] {processor.py:840} INFO - DAG(s) 'example_xcom' retrieved from /home/airflow/.local/lib/python3.12/site-packages/airflow/example_dags/example_xcom.py
[2026-04-30T09:42:29.943+0000] {logging_mixin.py:188} INFO - [2026-04-30T09:42:29.942+0000] {dag.py:3096} INFO - Sync 1 DAGs
[2026-04-30T09:42:29.962+0000] {logging_mixin.py:188} INFO - [2026-04-30T09:42:29.961+0000] {dag.py:3954} INFO - Setting next_dagrun for example_xcom to 2021-01-01 00:00:00+00:00, run_after=2021-01-01 00:00:00+00:00
[2026-04-30T09:42:29.979+0000] {processor.py:183} INFO - Processing /home/airflow/.local/lib/python3.12/site-packages/airflow/example_dags/example_xcom.py took 0.068 seconds
[2026-04-30T09:43:00.312+0000] {processor.py:161} INFO - Started process (PID=328) to work on /home/airflow/.local/lib/python3.12/site-packages/airflow/example_dags/example_xcom.py
[2026-04-30T09:43:00.313+0000] {processor.py:830} INFO - Processing file /home/airflow/.local/lib/python3.12/site-packages/airflow/example_dags/example_xcom.py for tasks to queue
[2026-04-30T09:43:00.315+0000] {logging_mixin.py:188} INFO - [2026-04-30T09:43:00.314+0000] {dagbag.py:545} INFO - Filling up the DagBag from /home/airflow/.local/lib/python3.12/site-packages/airflow/example_dags/example_xcom.py
[2026-04-30T09:43:00.324+0000] {processor.py:840} INFO - DAG(s) 'example_xcom' retrieved from /home/airflow/.local/lib/python3.12/site-packages/airflow/example_dags/example_xcom.py
[2026-04-30T09:43:00.349+0000] {logging_mixin.py:188} INFO - [2026-04-30T09:43:00.349+0000] {dag.py:3096} INFO - Sync 1 DAGs
[2026-04-30T09:43:00.373+0000] {logging_mixin.py:188} INFO - [2026-04-30T09:43:00.373+0000] {dag.py:3954} INFO - Setting next_dagrun for example_xcom to 2021-01-01 00:00:00+00:00, run_after=2021-01-01 00:00:00+00:00
[2026-04-30T09:43:00.389+0000] {processor.py:183} INFO - Processing /home/airflow/.local/lib/python3.12/site-packages/airflow/example_dags/example_xcom.py took 0.082 seconds
[2026-04-30T09:43:30.843+0000] {processor.py:161} INFO - Started process (PID=386) to work on /home/airflow/.local/lib/python3.12/site-packages/airflow/example_dags/example_xcom.py
[2026-04-30T09:43:30.844+0000] {processor.py:830} INFO - Processing file /home/airflow/.local/lib/python3.12/site-packages/airflow/example_dags/example_xcom.py for tasks to queue
[2026-04-30T09:43:30.846+0000] {logging_mixin.py:188} INFO - [2026-04-30T09:43:30.846+0000] {dagbag.py:545} INFO - Filling up the DagBag from /home/airflow/.local/lib/python3.12/site-packages/airflow/example_dags/example_xcom.py
[2026-04-30T09:43:30.856+0000] {processor.py:840} INFO - DAG(s) 'example_xcom' retrieved from /home/airflow/.local/lib/python3.12/site-packages/airflow/example_dags/example_xcom.py
[2026-04-30T09:43:30.892+0000] {logging_mixin.py:188} INFO - [2026-04-30T09:43:30.891+0000] {dag.py:3096} INFO - Sync 1 DAGs
[2026-04-30T09:43:30.932+0000] {logging_mixin.py:188} INFO - [2026-04-30T09:43:30.931+0000] {dag.py:3954} INFO - Setting next_dagrun for example_xcom to 2021-01-01 00:00:00+00:00, run_after=2021-01-01 00:00:00+00:00
[2026-04-30T09:43:30.956+0000] {processor.py:183} INFO - Processing /home/airflow/.local/lib/python3.12/site-packages/airflow/example_dags/example_xcom.py took 0.120 seconds
[2026-04-30T09:44:01.809+0000] {processor.py:161} INFO - Started process (PID=444) to work on /home/airflow/.local/lib/python3.12/site-packages/airflow/example_dags/example_xcom.py
[2026-04-30T09:44:01.810+0000] {processor.py:830} INFO - Processing file /home/airflow/.local/lib/python3.12/site-packages/airflow/example_dags/example_xcom.py for tasks to queue
[2026-04-30T09:44:01.811+0000] {logging_mixin.py:188} INFO - [2026-04-30T09:44:01.811+0000] {dagbag.py:545} INFO - Filling up the DagBag from /home/airflow/.local/lib/python3.12/site-packages/airflow/example_dags/example_xcom.py
[2026-04-30T09:44:01.819+0000] {processor.py:840} INFO - DAG(s) 'example_xcom' retrieved from /home/airflow/.local/lib/python3.12/site-packages/airflow/example_dags/example_xcom.py
[2026-04-30T09:44:01.838+0000] {logging_mixin.py:188} INFO - [2026-04-30T09:44:01.838+0000] {dag.py:3096} INFO - Sync 1 DAGs
[2026-04-30T09:44:01.857+0000] {logging_mixin.py:188} INFO - [2026-04-30T09:44:01.857+0000] {dag.py:3954} INFO - Setting next_dagrun for example_xcom to 2021-01-01 00:00:00+00:00, run_after=2021-01-01 00:00:00+00:00
[2026-04-30T09:44:01.873+0000] {processor.py:183} INFO - Processing /home/airflow/.local/lib/python3.12/site-packages/airflow/example_dags/example_xcom.py took 0.068 seconds
[2026-04-30T09:44:32.111+0000] {processor.py:161} INFO - Started process (PID=502) to work on /home/airflow/.local/lib/python3.12/site-packages/airflow/example_dags/example_xcom.py
[2026-04-30T09:44:32.111+0000] {processor.py:830} INFO - Processing file /home/airflow/.local/lib/python3.12/site-packages/airflow/example_dags/example_xcom.py for tasks to queue
[2026-04-30T09:44:32.113+0000] {logging_mixin.py:188} INFO - [2026-04-30T09:44:32.113+0000] {dagbag.py:545} INFO - Filling up the DagBag from /home/airflow/.local/lib/python3.12/site-packages/airflow/example_dags/example_xcom.py
[2026-04-30T09:44:32.127+0000] {processor.py:840} INFO - DAG(s) 'example_xcom' retrieved from /home/airflow/.local/lib/python3.12/site-packages/airflow/example_dags/example_xcom.py
[2026-04-30T09:44:32.153+0000] {logging_mixin.py:188} INFO - [2026-04-30T09:44:32.152+0000] {dag.py:3096} INFO - Sync 1 DAGs
[2026-04-30T09:44:32.175+0000] {logging_mixin.py:188} INFO - [2026-04-30T09:44:32.175+0000] {dag.py:3954} INFO - Setting next_dagrun for example_xcom to 2021-01-01 00:00:00+00:00, run_after=2021-01-01 00:00:00+00:00
[2026-04-30T09:44:32.191+0000] {processor.py:183} INFO - Processing /home/airflow/.local/lib/python3.12/site-packages/airflow/example_dags/example_xcom.py took 0.092 seconds
[2026-04-30T09:45:02.500+0000] {processor.py:161} INFO - Started process (PID=560) to work on /home/airflow/.local/lib/python3.12/site-packages/airflow/example_dags/example_xcom.py
[2026-04-30T09:45:02.501+0000] {processor.py:830} INFO - Processing file /home/airflow/.local/lib/python3.12/site-packages/airflow/example_dags/example_xcom.py for tasks to queue
[2026-04-30T09:45:02.502+0000] {logging_mixin.py:188} INFO - [2026-04-30T09:45:02.502+0000] {dagbag.py:545} INFO - Filling up the DagBag from /home/airflow/.local/lib/python3.12/site-packages/airflow/example_dags/example_xcom.py
[2026-04-30T09:45:02.508+0000] {processor.py:840} INFO - DAG(s) 'example_xcom' retrieved from /home/airflow/.local/lib/python3.12/site-packages/airflow/example_dags/example_xcom.py
[2026-04-30T09:45:02.527+0000] {logging_mixin.py:188} INFO - [2026-04-30T09:45:02.527+0000] {dag.py:3096} INFO - Sync 1 DAGs
[2026-04-30T09:45:02.545+0000] {logging_mixin.py:188} INFO - [2026-04-30T09:45:02.545+0000] {dag.py:3954} INFO - Setting next_dagrun for example_xcom to 2021-01-01 00:00:00+00:00, run_after=2021-01-01 00:00:00+00:00
[2026-04-30T09:45:02.560+0000] {processor.py:183} INFO - Processing /home/airflow/.local/lib/python3.12/site-packages/airflow/example_dags/example_xcom.py took 0.065 seconds
[2026-04-30T09:45:32.757+0000] {processor.py:161} INFO - Started process (PID=618) to work on /home/airflow/.local/lib/python3.12/site-packages/airflow/example_dags/example_xcom.py
[2026-04-30T09:45:32.758+0000] {processor.py:830} INFO - Processing file /home/airflow/.local/lib/python3.12/site-packages/airflow/example_dags/example_xcom.py for tasks to queue
[2026-04-30T09:45:32.759+0000] {logging_mixin.py:188} INFO - [2026-04-30T09:45:32.759+0000] {dagbag.py:545} INFO - Filling up the DagBag from /home/airflow/.local/lib/python3.12/site-packages/airflow/example_dags/example_xcom.py
[2026-04-30T09:45:32.766+0000] {processor.py:840} INFO - DAG(s) 'example_xcom' retrieved from /home/airflow/.local/lib/python3.12/site-packages/airflow/example_dags/example_xcom.py
[2026-04-30T09:45:32.788+0000] {logging_mixin.py:188} INFO - [2026-04-30T09:45:32.788+0000] {dag.py:3096} INFO - Sync 1 DAGs
[2026-04-30T09:45:32.808+0000] {logging_mixin.py:188} INFO - [2026-04-30T09:45:32.808+0000] {dag.py:3954} INFO - Setting next_dagrun for example_xcom to 2021-01-01 00:00:00+00:00, run_after=2021-01-01 00:00:00+00:00
[2026-04-30T09:45:32.825+0000] {processor.py:183} INFO - Processing /home/airflow/.local/lib/python3.12/site-packages/airflow/example_dags/example_xcom.py took 0.073 seconds
[2026-04-30T09:46:03.110+0000] {processor.py:161} INFO - Started process (PID=676) to work on /home/airflow/.local/lib/python3.12/site-packages/airflow/example_dags/example_xcom.py
[2026-04-30T09:46:03.111+0000] {processor.py:830} INFO - Processing file /home/airflow/.local/lib/python3.12/site-packages/airflow/example_dags/example_xcom.py for tasks to queue
[2026-04-30T09:46:03.112+0000] {logging_mixin.py:188} INFO - [2026-04-30T09:46:03.112+0000] {dagbag.py:545} INFO - Filling up the DagBag from /home/airflow/.local/lib/python3.12/site-packages/airflow/example_dags/example_xcom.py
[2026-04-30T09:46:03.121+0000] {processor.py:840} INFO - DAG(s) 'example_xcom' retrieved from /home/airflow/.local/lib/python3.12/site-packages/airflow/example_dags/example_xcom.py
[2026-04-30T09:46:03.139+0000] {logging_mixin.py:188} INFO - [2026-04-30T09:46:03.139+0000] {dag.py:3096} INFO - Sync 1 DAGs
[2026-04-30T09:46:03.159+0000] {logging_mixin.py:188} INFO - [2026-04-30T09:46:03.159+0000] {dag.py:3954} INFO - Setting next_dagrun for example_xcom to 2021-01-01 00:00:00+00:00, run_after=2021-01-01 00:00:00+00:00
[2026-04-30T09:46:03.175+0000] {processor.py:183} INFO - Processing /home/airflow/.local/lib/python3.12/site-packages/airflow/example_dags/example_xcom.py took 0.072 seconds
[2026-04-30T09:46:33.442+0000] {processor.py:161} INFO - Started process (PID=734) to work on /home/airflow/.local/lib/python3.12/site-packages/airflow/example_dags/example_xcom.py
[2026-04-30T09:46:33.442+0000] {processor.py:830} INFO - Processing file /home/airflow/.local/lib/python3.12/site-packages/airflow/example_dags/example_xcom.py for tasks to queue
[2026-04-30T09:46:33.444+0000] {logging_mixin.py:188} INFO - [2026-04-30T09:46:33.443+0000] {dagbag.py:545} INFO - Filling up the DagBag from /home/airflow/.local/lib/python3.12/site-packages/airflow/example_dags/example_xcom.py
[2026-04-30T09:46:33.450+0000] {processor.py:840} INFO - DAG(s) 'example_xcom' retrieved from /home/airflow/.local/lib/python3.12/site-packages/airflow/example_dags/example_xcom.py
[2026-04-30T09:46:33.473+0000] {logging_mixin.py:188} INFO - [2026-04-30T09:46:33.473+0000] {dag.py:3096} INFO - Sync 1 DAGs
[2026-04-30T09:46:33.493+0000] {logging_mixin.py:188} INFO - [2026-04-30T09:46:33.492+0000] {dag.py:3954} INFO - Setting next_dagrun for example_xcom to 2021-01-01 00:00:00+00:00, run_after=2021-01-01 00:00:00+00:00
[2026-04-30T09:46:33.511+0000] {processor.py:183} INFO - Processing /home/airflow/.local/lib/python3.12/site-packages/airflow/example_dags/example_xcom.py took 0.075 seconds
[2026-04-30T09:47:03.689+0000] {processor.py:161} INFO - Started process (PID=792) to work on /home/airflow/.local/lib/python3.12/site-packages/airflow/example_dags/example_xcom.py
[2026-04-30T09:47:03.689+0000] {processor.py:830} INFO - Processing file /home/airflow/.local/lib/python3.12/site-packages/airflow/example_dags/example_xcom.py for tasks to queue
[2026-04-30T09:47:03.691+0000] {logging_mixin.py:188} INFO - [2026-04-30T09:47:03.690+0000] {dagbag.py:545} INFO - Filling up the DagBag from /home/airflow/.local/lib/python3.12/site-packages/airflow/example_dags/example_xcom.py
[2026-04-30T09:47:03.697+0000] {processor.py:840} INFO - DAG(s) 'example_xcom' retrieved from /home/airflow/.local/lib/python3.12/site-packages/airflow/example_dags/example_xcom.py
[2026-04-30T09:47:03.716+0000] {logging_mixin.py:188} INFO - [2026-04-30T09:47:03.715+0000] {dag.py:3096} INFO - Sync 1 DAGs
[2026-04-30T09:47:03.733+0000] {logging_mixin.py:188} INFO - [2026-04-30T09:47:03.733+0000] {dag.py:3954} INFO - Setting next_dagrun for example_xcom to 2021-01-01 00:00:00+00:00, run_after=2021-01-01 00:00:00+00:00
[2026-04-30T09:47:03.748+0000] {processor.py:183} INFO - Processing /home/airflow/.local/lib/python3.12/site-packages/airflow/example_dags/example_xcom.py took 0.064 seconds
[2026-04-30T09:47:34.762+0000] {processor.py:161} INFO - Started process (PID=850) to work on /home/airflow/.local/lib/python3.12/site-packages/airflow/example_dags/example_xcom.py
[2026-04-30T09:47:34.763+0000] {processor.py:830} INFO - Processing file /home/airflow/.local/lib/python3.12/site-packages/airflow/example_dags/example_xcom.py for tasks to queue
[2026-04-30T09:47:34.764+0000] {logging_mixin.py:188} INFO - [2026-04-30T09:47:34.764+0000] {dagbag.py:545} INFO - Filling up the DagBag from /home/airflow/.local/lib/python3.12/site-packages/airflow/example_dags/example_xcom.py
[2026-04-30T09:47:34.771+0000] {processor.py:840} INFO - DAG(s) 'example_xcom' retrieved from /home/airflow/.local/lib/python3.12/site-packages/airflow/example_dags/example_xcom.py
[2026-04-30T09:47:34.789+0000] {logging_mixin.py:188} INFO - [2026-04-30T09:47:34.789+0000] {dag.py:3096} INFO - Sync 1 DAGs
[2026-04-30T09:47:34.808+0000] {logging_mixin.py:188} INFO - [2026-04-30T09:47:34.807+0000] {dag.py:3954} INFO - Setting next_dagrun for example_xcom to 2021-01-01 00:00:00+00:00, run_after=2021-01-01 00:00:00+00:00
[2026-04-30T09:47:34.824+0000] {processor.py:183} INFO - Processing /home/airflow/.local/lib/python3.12/site-packages/airflow/example_dags/example_xcom.py took 0.067 seconds
[2026-04-30T09:48:05.912+0000] {processor.py:161} INFO - Started process (PID=908) to work on /home/airflow/.local/lib/python3.12/site-packages/airflow/example_dags/example_xcom.py
[2026-04-30T09:48:05.913+0000] {processor.py:830} INFO - Processing file /home/airflow/.local/lib/python3.12/site-packages/airflow/example_dags/example_xcom.py for tasks to queue
[2026-04-30T09:48:05.915+0000] {logging_mixin.py:188} INFO - [2026-04-30T09:48:05.914+0000] {dagbag.py:545} INFO - Filling up the DagBag from /home/airflow/.local/lib/python3.12/site-packages/airflow/example_dags/example_xcom.py
[2026-04-30T09:48:05.921+0000] {processor.py:840} INFO - DAG(s) 'example_xcom' retrieved from /home/airflow/.local/lib/python3.12/site-packages/airflow/example_dags/example_xcom.py
[2026-04-30T09:48:05.940+0000] {logging_mixin.py:188} INFO - [2026-04-30T09:48:05.940+0000] {dag.py:3096} INFO - Sync 1 DAGs
[2026-04-30T09:48:05.960+0000] {logging_mixin.py:188} INFO - [2026-04-30T09:48:05.960+0000] {dag.py:3954} INFO - Setting next_dagrun for example_xcom to 2021-01-01 00:00:00+00:00, run_after=2021-01-01 00:00:00+00:00
[2026-04-30T09:48:05.977+0000] {processor.py:183} INFO - Processing /home/airflow/.local/lib/python3.12/site-packages/airflow/example_dags/example_xcom.py took 0.070 seconds
[2026-04-30T09:48:36.947+0000] {processor.py:161} INFO - Started process (PID=966) to work on /home/airflow/.local/lib/python3.12/site-packages/airflow/example_dags/example_xcom.py
[2026-04-30T09:48:36.948+0000] {processor.py:830} INFO - Processing file /home/airflow/.local/lib/python3.12/site-packages/airflow/example_dags/example_xcom.py for tasks to queue
[2026-04-30T09:48:36.950+0000] {logging_mixin.py:188} INFO - [2026-04-30T09:48:36.950+0000] {dagbag.py:545} INFO - Filling up the DagBag from /home/airflow/.local/lib/python3.12/site-packages/airflow/example_dags/example_xcom.py
[2026-04-30T09:48:36.958+0000] {processor.py:840} INFO - DAG(s) 'example_xcom' retrieved from /home/airflow/.local/lib/python3.12/site-packages/airflow/example_dags/example_xcom.py
[2026-04-30T09:48:36.988+0000] {logging_mixin.py:188} INFO - [2026-04-30T09:48:36.987+0000] {dag.py:3096} INFO - Sync 1 DAGs
[2026-04-30T09:48:37.015+0000] {logging_mixin.py:188} INFO - [2026-04-30T09:48:37.015+0000] {dag.py:3954} INFO - Setting next_dagrun for example_xcom to 2021-01-01 00:00:00+00:00, run_after=2021-01-01 00:00:00+00:00
[2026-04-30T09:48:37.035+0000] {processor.py:183} INFO - Processing /home/airflow/.local/lib/python3.12/site-packages/airflow/example_dags/example_xcom.py took 0.095 seconds
[2026-04-30T09:49:07.942+0000] {processor.py:161} INFO - Started process (PID=1024) to work on /home/airflow/.local/lib/python3.12/site-packages/airflow/example_dags/example_xcom.py
[2026-04-30T09:49:07.943+0000] {processor.py:830} INFO - Processing file /home/airflow/.local/lib/python3.12/site-packages/airflow/example_dags/example_xcom.py for tasks to queue
[2026-04-30T09:49:07.944+0000] {logging_mixin.py:188} INFO - [2026-04-30T09:49:07.944+0000] {dagbag.py:545} INFO - Filling up the DagBag from /home/airflow/.local/lib/python3.12/site-packages/airflow/example_dags/example_xcom.py
[2026-04-30T09:49:07.951+0000] {processor.py:840} INFO - DAG(s) 'example_xcom' retrieved from /home/airflow/.local/lib/python3.12/site-packages/airflow/example_dags/example_xcom.py
[2026-04-30T09:49:07.969+0000] {logging_mixin.py:188} INFO - [2026-04-30T09:49:07.969+0000] {dag.py:3096} INFO - Sync 1 DAGs
[2026-04-30T09:49:07.989+0000] {logging_mixin.py:188} INFO - [2026-04-30T09:49:07.988+0000] {dag.py:3954} INFO - Setting next_dagrun for example_xcom to 2021-01-01 00:00:00+00:00, run_after=2021-01-01 00:00:00+00:00
[2026-04-30T09:49:08.004+0000] {processor.py:183} INFO - Processing /home/airflow/.local/lib/python3.12/site-packages/airflow/example_dags/example_xcom.py took 0.067 seconds
[2026-04-30T09:49:38.094+0000] {processor.py:161} INFO - Started process (PID=1081) to work on /home/airflow/.local/lib/python3.12/site-packages/airflow/example_dags/example_xcom.py
[2026-04-30T09:49:38.094+0000] {processor.py:830} INFO - Processing file /home/airflow/.local/lib/python3.12/site-packages/airflow/example_dags/example_xcom.py for tasks to queue
[2026-04-30T09:49:38.096+0000] {logging_mixin.py:188} INFO - [2026-04-30T09:49:38.096+0000] {dagbag.py:545} INFO - Filling up the DagBag from /home/airflow/.local/lib/python3.12/site-packages/airflow/example_dags/example_xcom.py
[2026-04-30T09:49:38.103+0000] {processor.py:840} INFO - DAG(s) 'example_xcom' retrieved from /home/airflow/.local/lib/python3.12/site-packages/airflow/example_dags/example_xcom.py
[2026-04-30T09:49:38.121+0000] {logging_mixin.py:188} INFO - [2026-04-30T09:49:38.121+0000] {dag.py:3096} INFO - Sync 1 DAGs
[2026-04-30T09:49:38.140+0000] {logging_mixin.py:188} INFO - [2026-04-30T09:49:38.139+0000] {dag.py:3954} INFO - Setting next_dagrun for example_xcom to 2021-01-01 00:00:00+00:00, run_after=2021-01-01 00:00:00+00:00
[2026-04-30T09:49:38.156+0000] {processor.py:183} INFO - Processing /home/airflow/.local/lib/python3.12/site-packages/airflow/example_dags/example_xcom.py took 0.068 seconds
[2026-04-30T09:50:08.409+0000] {processor.py:161} INFO - Started process (PID=1139) to work on /home/airflow/.local/lib/python3.12/site-packages/airflow/example_dags/example_xcom.py
[2026-04-30T09:50:08.410+0000] {processor.py:830} INFO - Processing file /home/airflow/.local/lib/python3.12/site-packages/airflow/example_dags/example_xcom.py for tasks to queue
[2026-04-30T09:50:08.412+0000] {logging_mixin.py:188} INFO - [2026-04-30T09:50:08.411+0000] {dagbag.py:545} INFO - Filling up the DagBag from /home/airflow/.local/lib/python3.12/site-packages/airflow/example_dags/example_xcom.py
[2026-04-30T09:50:08.422+0000] {processor.py:840} INFO - DAG(s) 'example_xcom' retrieved from /home/airflow/.local/lib/python3.12/site-packages/airflow/example_dags/example_xcom.py
[2026-04-30T09:50:08.448+0000] {logging_mixin.py:188} INFO - [2026-04-30T09:50:08.448+0000] {dag.py:3096} INFO - Sync 1 DAGs
[2026-04-30T09:50:08.473+0000] {logging_mixin.py:188} INFO - [2026-04-30T09:50:08.473+0000] {dag.py:3954} INFO - Setting next_dagrun for example_xcom to 2021-01-01 00:00:00+00:00, run_after=2021-01-01 00:00:00+00:00
[2026-04-30T09:50:08.494+0000] {processor.py:183} INFO - Processing /home/airflow/.local/lib/python3.12/site-packages/airflow/example_dags/example_xcom.py took 0.091 seconds
[2026-04-30T09:50:38.665+0000] {processor.py:161} INFO - Started process (PID=1197) to work on /home/airflow/.local/lib/python3.12/site-packages/airflow/example_dags/example_xcom.py
[2026-04-30T09:50:38.665+0000] {processor.py:830} INFO - Processing file /home/airflow/.local/lib/python3.12/site-packages/airflow/example_dags/example_xcom.py for tasks to queue
[2026-04-30T09:50:38.667+0000] {logging_mixin.py:188} INFO - [2026-04-30T09:50:38.667+0000] {dagbag.py:545} INFO - Filling up the DagBag from /home/airflow/.local/lib/python3.12/site-packages/airflow/example_dags/example_xcom.py
[2026-04-30T09:50:38.677+0000] {processor.py:840} INFO - DAG(s) 'example_xcom' retrieved from /home/airflow/.local/lib/python3.12/site-packages/airflow/example_dags/example_xcom.py
[2026-04-30T09:50:38.703+0000] {logging_mixin.py:188} INFO - [2026-04-30T09:50:38.703+0000] {dag.py:3096} INFO - Sync 1 DAGs
[2026-04-30T09:50:38.732+0000] {logging_mixin.py:188} INFO - [2026-04-30T09:50:38.731+0000] {dag.py:3954} INFO - Setting next_dagrun for example_xcom to 2021-01-01 00:00:00+00:00, run_after=2021-01-01 00:00:00+00:00
[2026-04-30T09:50:38.753+0000] {processor.py:183} INFO - Processing /home/airflow/.local/lib/python3.12/site-packages/airflow/example_dags/example_xcom.py took 0.095 seconds
[2026-04-30T09:51:08.911+0000] {processor.py:161} INFO - Started process (PID=1255) to work on /home/airflow/.local/lib/python3.12/site-packages/airflow/example_dags/example_xcom.py
[2026-04-30T09:51:08.912+0000] {processor.py:830} INFO - Processing file /home/airflow/.local/lib/python3.12/site-packages/airflow/example_dags/example_xcom.py for tasks to queue
[2026-04-30T09:51:08.914+0000] {logging_mixin.py:188} INFO - [2026-04-30T09:51:08.913+0000] {dagbag.py:545} INFO - Filling up the DagBag from /home/airflow/.local/lib/python3.12/site-packages/airflow/example_dags/example_xcom.py
[2026-04-30T09:51:08.921+0000] {processor.py:840} INFO - DAG(s) 'example_xcom' retrieved from /home/airflow/.local/lib/python3.12/site-packages/airflow/example_dags/example_xcom.py
[2026-04-30T09:51:08.946+0000] {logging_mixin.py:188} INFO - [2026-04-30T09:51:08.946+0000] {dag.py:3096} INFO - Sync 1 DAGs
[2026-04-30T09:51:08.973+0000] {logging_mixin.py:188} INFO - [2026-04-30T09:51:08.973+0000] {dag.py:3954} INFO - Setting next_dagrun for example_xcom to 2021-01-01 00:00:00+00:00, run_after=2021-01-01 00:00:00+00:00
[2026-04-30T09:51:08.994+0000] {processor.py:183} INFO - Processing /home/airflow/.local/lib/python3.12/site-packages/airflow/example_dags/example_xcom.py took 0.089 seconds
[2026-04-30T09:51:39.049+0000] {processor.py:161} INFO - Started process (PID=1313) to work on /home/airflow/.local/lib/python3.12/site-packages/airflow/example_dags/example_xcom.py
[2026-04-30T09:51:39.049+0000] {processor.py:830} INFO - Processing file /home/airflow/.local/lib/python3.12/site-packages/airflow/example_dags/example_xcom.py for tasks to queue
[2026-04-30T09:51:39.051+0000] {logging_mixin.py:188} INFO - [2026-04-30T09:51:39.050+0000] {dagbag.py:545} INFO - Filling up the DagBag from /home/airflow/.local/lib/python3.12/site-packages/airflow/example_dags/example_xcom.py
[2026-04-30T09:51:39.058+0000] {processor.py:840} INFO - DAG(s) 'example_xcom' retrieved from /home/airflow/.local/lib/python3.12/site-packages/airflow/example_dags/example_xcom.py
[2026-04-30T09:51:39.079+0000] {logging_mixin.py:188} INFO - [2026-04-30T09:51:39.079+0000] {dag.py:3096} INFO - Sync 1 DAGs
[2026-04-30T09:51:39.099+0000] {logging_mixin.py:188} INFO - [2026-04-30T09:51:39.099+0000] {dag.py:3954} INFO - Setting next_dagrun for example_xcom to 2021-01-01 00:00:00+00:00, run_after=2021-01-01 00:00:00+00:00
[2026-04-30T09:51:39.117+0000] {processor.py:183} INFO - Processing /home/airflow/.local/lib/python3.12/site-packages/airflow/example_dags/example_xcom.py took 0.074 seconds
[2026-04-30T09:52:09.209+0000] {processor.py:161} INFO - Started process (PID=1371) to work on /home/airflow/.local/lib/python3.12/site-packages/airflow/example_dags/example_xcom.py
[2026-04-30T09:52:09.209+0000] {processor.py:830} INFO - Processing file /home/airflow/.local/lib/python3.12/site-packages/airflow/example_dags/example_xcom.py for tasks to queue
[2026-04-30T09:52:09.210+0000] {logging_mixin.py:188} INFO - [2026-04-30T09:52:09.210+0000] {dagbag.py:545} INFO - Filling up the DagBag from /home/airflow/.local/lib/python3.12/site-packages/airflow/example_dags/example_xcom.py
[2026-04-30T09:52:09.218+0000] {processor.py:840} INFO - DAG(s) 'example_xcom' retrieved from /home/airflow/.local/lib/python3.12/site-packages/airflow/example_dags/example_xcom.py
[2026-04-30T09:52:09.236+0000] {logging_mixin.py:188} INFO - [2026-04-30T09:52:09.236+0000] {dag.py:3096} INFO - Sync 1 DAGs
[2026-04-30T09:52:09.256+0000] {logging_mixin.py:188} INFO - [2026-04-30T09:52:09.256+0000] {dag.py:3954} INFO - Setting next_dagrun for example_xcom to 2021-01-01 00:00:00+00:00, run_after=2021-01-01 00:00:00+00:00
[2026-04-30T09:52:09.273+0000] {processor.py:183} INFO - Processing /home/airflow/.local/lib/python3.12/site-packages/airflow/example_dags/example_xcom.py took 0.069 seconds
[2026-04-30T09:52:39.394+0000] {processor.py:161} INFO - Started process (PID=1429) to work on /home/airflow/.local/lib/python3.12/site-packages/airflow/example_dags/example_xcom.py
[2026-04-30T09:52:39.395+0000] {processor.py:830} INFO - Processing file /home/airflow/.local/lib/python3.12/site-packages/airflow/example_dags/example_xcom.py for tasks to queue
[2026-04-30T09:52:39.396+0000] {logging_mixin.py:188} INFO - [2026-04-30T09:52:39.396+0000] {dagbag.py:545} INFO - Filling up the DagBag from /home/airflow/.local/lib/python3.12/site-packages/airflow/example_dags/example_xcom.py
[2026-04-30T09:52:39.403+0000] {processor.py:840} INFO - DAG(s) 'example_xcom' retrieved from /home/airflow/.local/lib/python3.12/site-packages/airflow/example_dags/example_xcom.py
[2026-04-30T09:52:39.424+0000] {logging_mixin.py:188} INFO - [2026-04-30T09:52:39.424+0000] {dag.py:3096} INFO - Sync 1 DAGs
[2026-04-30T09:52:39.446+0000] {logging_mixin.py:188} INFO - [2026-04-30T09:52:39.446+0000] {dag.py:3954} INFO - Setting next_dagrun for example_xcom to 2021-01-01 00:00:00+00:00, run_after=2021-01-01 00:00:00+00:00
[2026-04-30T09:52:39.467+0000] {processor.py:183} INFO - Processing /home/airflow/.local/lib/python3.12/site-packages/airflow/example_dags/example_xcom.py took 0.077 seconds
[2026-04-30T09:53:09.551+0000] {processor.py:161} INFO - Started process (PID=1487) to work on /home/airflow/.local/lib/python3.12/site-packages/airflow/example_dags/example_xcom.py
[2026-04-30T09:53:09.552+0000] {processor.py:830} INFO - Processing file /home/airflow/.local/lib/python3.12/site-packages/airflow/example_dags/example_xcom.py for tasks to queue
[2026-04-30T09:53:09.554+0000] {logging_mixin.py:188} INFO - [2026-04-30T09:53:09.554+0000] {dagbag.py:545} INFO - Filling up the DagBag from /home/airflow/.local/lib/python3.12/site-packages/airflow/example_dags/example_xcom.py
[2026-04-30T09:53:09.562+0000] {processor.py:840} INFO - DAG(s) 'example_xcom' retrieved from /home/airflow/.local/lib/python3.12/site-packages/airflow/example_dags/example_xcom.py
[2026-04-30T09:53:09.582+0000] {logging_mixin.py:188} INFO - [2026-04-30T09:53:09.582+0000] {dag.py:3096} INFO - Sync 1 DAGs
[2026-04-30T09:53:09.603+0000] {logging_mixin.py:188} INFO - [2026-04-30T09:53:09.602+0000] {dag.py:3954} INFO - Setting next_dagrun for example_xcom to 2021-01-01 00:00:00+00:00, run_after=2021-01-01 00:00:00+00:00
[2026-04-30T09:53:09.761+0000] {processor.py:183} INFO - Processing /home/airflow/.local/lib/python3.12/site-packages/airflow/example_dags/example_xcom.py took 0.215 seconds
[2026-04-30T09:53:39.833+0000] {processor.py:161} INFO - Started process (PID=1545) to work on /home/airflow/.local/lib/python3.12/site-packages/airflow/example_dags/example_xcom.py
[2026-04-30T09:53:39.834+0000] {processor.py:830} INFO - Processing file /home/airflow/.local/lib/python3.12/site-packages/airflow/example_dags/example_xcom.py for tasks to queue
[2026-04-30T09:53:39.836+0000] {logging_mixin.py:188} INFO - [2026-04-30T09:53:39.835+0000] {dagbag.py:545} INFO - Filling up the DagBag from /home/airflow/.local/lib/python3.12/site-packages/airflow/example_dags/example_xcom.py
[2026-04-30T09:53:39.843+0000] {processor.py:840} INFO - DAG(s) 'example_xcom' retrieved from /home/airflow/.local/lib/python3.12/site-packages/airflow/example_dags/example_xcom.py
[2026-04-30T09:53:39.863+0000] {logging_mixin.py:188} INFO - [2026-04-30T09:53:39.863+0000] {dag.py:3096} INFO - Sync 1 DAGs
[2026-04-30T09:53:39.883+0000] {logging_mixin.py:188} INFO - [2026-04-30T09:53:39.883+0000] {dag.py:3954} INFO - Setting next_dagrun for example_xcom to 2021-01-01 00:00:00+00:00, run_after=2021-01-01 00:00:00+00:00
[2026-04-30T09:53:40.043+0000] {processor.py:183} INFO - Processing /home/airflow/.local/lib/python3.12/site-packages/airflow/example_dags/example_xcom.py took 0.215 seconds
[2026-04-30T09:54:10.390+0000] {processor.py:161} INFO - Started process (PID=1603) to work on /home/airflow/.local/lib/python3.12/site-packages/airflow/example_dags/example_xcom.py
[2026-04-30T09:54:10.391+0000] {processor.py:830} INFO - Processing file /home/airflow/.local/lib/python3.12/site-packages/airflow/example_dags/example_xcom.py for tasks to queue
[2026-04-30T09:54:10.393+0000] {logging_mixin.py:188} INFO - [2026-04-30T09:54:10.392+0000] {dagbag.py:545} INFO - Filling up the DagBag from /home/airflow/.local/lib/python3.12/site-packages/airflow/example_dags/example_xcom.py
[2026-04-30T09:54:10.402+0000] {processor.py:840} INFO - DAG(s) 'example_xcom' retrieved from /home/airflow/.local/lib/python3.12/site-packages/airflow/example_dags/example_xcom.py
[2026-04-30T09:54:10.431+0000] {logging_mixin.py:188} INFO - [2026-04-30T09:54:10.430+0000] {dag.py:3096} INFO - Sync 1 DAGs
[2026-04-30T09:54:10.610+0000] {logging_mixin.py:188} INFO - [2026-04-30T09:54:10.610+0000] {dag.py:3954} INFO - Setting next_dagrun for example_xcom to 2021-01-01 00:00:00+00:00, run_after=2021-01-01 00:00:00+00:00
[2026-04-30T09:54:10.624+0000] {processor.py:183} INFO - Processing /home/airflow/.local/lib/python3.12/site-packages/airflow/example_dags/example_xcom.py took 0.242 seconds
[2026-04-30T09:54:41.498+0000] {processor.py:161} INFO - Started process (PID=1661) to work on /home/airflow/.local/lib/python3.12/site-packages/airflow/example_dags/example_xcom.py
[2026-04-30T09:54:41.499+0000] {processor.py:830} INFO - Processing file /home/airflow/.local/lib/python3.12/site-packages/airflow/example_dags/example_xcom.py for tasks to queue
[2026-04-30T09:54:41.500+0000] {logging_mixin.py:188} INFO - [2026-04-30T09:54:41.500+0000] {dagbag.py:545} INFO - Filling up the DagBag from /home/airflow/.local/lib/python3.12/site-packages/airflow/example_dags/example_xcom.py
[2026-04-30T09:54:41.507+0000] {processor.py:840} INFO - DAG(s) 'example_xcom' retrieved from /home/airflow/.local/lib/python3.12/site-packages/airflow/example_dags/example_xcom.py
[2026-04-30T09:54:41.527+0000] {logging_mixin.py:188} INFO - [2026-04-30T09:54:41.526+0000] {dag.py:3096} INFO - Sync 1 DAGs
[2026-04-30T09:54:41.547+0000] {logging_mixin.py:188} INFO - [2026-04-30T09:54:41.546+0000] {dag.py:3954} INFO - Setting next_dagrun for example_xcom to 2021-01-01 00:00:00+00:00, run_after=2021-01-01 00:00:00+00:00
[2026-04-30T09:54:41.562+0000] {processor.py:183} INFO - Processing /home/airflow/.local/lib/python3.12/site-packages/airflow/example_dags/example_xcom.py took 0.069 seconds
[2026-04-30T09:55:12.128+0000] {processor.py:161} INFO - Started process (PID=1719) to work on /home/airflow/.local/lib/python3.12/site-packages/airflow/example_dags/example_xcom.py
[2026-04-30T09:55:12.129+0000] {processor.py:830} INFO - Processing file /home/airflow/.local/lib/python3.12/site-packages/airflow/example_dags/example_xcom.py for tasks to queue
[2026-04-30T09:55:12.130+0000] {logging_mixin.py:188} INFO - [2026-04-30T09:55:12.130+0000] {dagbag.py:545} INFO - Filling up the DagBag from /home/airflow/.local/lib/python3.12/site-packages/airflow/example_dags/example_xcom.py
[2026-04-30T09:55:12.139+0000] {processor.py:840} INFO - DAG(s) 'example_xcom' retrieved from /home/airflow/.local/lib/python3.12/site-packages/airflow/example_dags/example_xcom.py
[2026-04-30T09:55:12.161+0000] {logging_mixin.py:188} INFO - [2026-04-30T09:55:12.161+0000] {dag.py:3096} INFO - Sync 1 DAGs
[2026-04-30T09:55:12.181+0000] {logging_mixin.py:188} INFO - [2026-04-30T09:55:12.181+0000] {dag.py:3954} INFO - Setting next_dagrun for example_xcom to 2021-01-01 00:00:00+00:00, run_after=2021-01-01 00:00:00+00:00
[2026-04-30T09:55:12.198+0000] {processor.py:183} INFO - Processing /home/airflow/.local/lib/python3.12/site-packages/airflow/example_dags/example_xcom.py took 0.075 seconds
[2026-04-30T09:55:42.295+0000] {processor.py:161} INFO - Started process (PID=1777) to work on /home/airflow/.local/lib/python3.12/site-packages/airflow/example_dags/example_xcom.py
[2026-04-30T09:55:42.296+0000] {processor.py:830} INFO - Processing file /home/airflow/.local/lib/python3.12/site-packages/airflow/example_dags/example_xcom.py for tasks to queue
[2026-04-30T09:55:42.298+0000] {logging_mixin.py:188} INFO - [2026-04-30T09:55:42.298+0000] {dagbag.py:545} INFO - Filling up the DagBag from /home/airflow/.local/lib/python3.12/site-packages/airflow/example_dags/example_xcom.py
[2026-04-30T09:55:42.307+0000] {processor.py:840} INFO - DAG(s) 'example_xcom' retrieved from /home/airflow/.local/lib/python3.12/site-packages/airflow/example_dags/example_xcom.py
[2026-04-30T09:55:42.330+0000] {logging_mixin.py:188} INFO - [2026-04-30T09:55:42.330+0000] {dag.py:3096} INFO - Sync 1 DAGs
[2026-04-30T09:55:42.349+0000] {logging_mixin.py:188} INFO - [2026-04-30T09:55:42.349+0000] {dag.py:3954} INFO - Setting next_dagrun for example_xcom to 2021-01-01 00:00:00+00:00, run_after=2021-01-01 00:00:00+00:00
[2026-04-30T09:55:42.366+0000] {processor.py:183} INFO - Processing /home/airflow/.local/lib/python3.12/site-packages/airflow/example_dags/example_xcom.py took 0.079 seconds
[2026-04-30T09:56:12.649+0000] {processor.py:161} INFO - Started process (PID=1835) to work on /home/airflow/.local/lib/python3.12/site-packages/airflow/example_dags/example_xcom.py
[2026-04-30T09:56:12.650+0000] {processor.py:830} INFO - Processing file /home/airflow/.local/lib/python3.12/site-packages/airflow/example_dags/example_xcom.py for tasks to queue
[2026-04-30T09:56:12.651+0000] {logging_mixin.py:188} INFO - [2026-04-30T09:56:12.651+0000] {dagbag.py:545} INFO - Filling up the DagBag from /home/airflow/.local/lib/python3.12/site-packages/airflow/example_dags/example_xcom.py
[2026-04-30T09:56:12.659+0000] {processor.py:840} INFO - DAG(s) 'example_xcom' retrieved from /home/airflow/.local/lib/python3.12/site-packages/airflow/example_dags/example_xcom.py
[2026-04-30T09:56:12.683+0000] {logging_mixin.py:188} INFO - [2026-04-30T09:56:12.682+0000] {dag.py:3096} INFO - Sync 1 DAGs
[2026-04-30T09:56:12.704+0000] {logging_mixin.py:188} INFO - [2026-04-30T09:56:12.704+0000] {dag.py:3954} INFO - Setting next_dagrun for example_xcom to 2021-01-01 00:00:00+00:00, run_after=2021-01-01 00:00:00+00:00
[2026-04-30T09:56:12.720+0000] {processor.py:183} INFO - Processing /home/airflow/.local/lib/python3.12/site-packages/airflow/example_dags/example_xcom.py took 0.076 seconds
[2026-04-30T09:56:42.940+0000] {processor.py:161} INFO - Started process (PID=1893) to work on /home/airflow/.local/lib/python3.12/site-packages/airflow/example_dags/example_xcom.py
[2026-04-30T09:56:42.940+0000] {processor.py:830} INFO - Processing file /home/airflow/.local/lib/python3.12/site-packages/airflow/example_dags/example_xcom.py for tasks to queue
[2026-04-30T09:56:42.942+0000] {logging_mixin.py:188} INFO - [2026-04-30T09:56:42.941+0000] {dagbag.py:545} INFO - Filling up the DagBag from /home/airflow/.local/lib/python3.12/site-packages/airflow/example_dags/example_xcom.py
[2026-04-30T09:56:42.949+0000] {processor.py:840} INFO - DAG(s) 'example_xcom' retrieved from /home/airflow/.local/lib/python3.12/site-packages/airflow/example_dags/example_xcom.py
[2026-04-30T09:56:42.967+0000] {logging_mixin.py:188} INFO - [2026-04-30T09:56:42.966+0000] {dag.py:3096} INFO - Sync 1 DAGs
[2026-04-30T09:56:42.987+0000] {logging_mixin.py:188} INFO - [2026-04-30T09:56:42.987+0000] {dag.py:3954} INFO - Setting next_dagrun for example_xcom to 2021-01-01 00:00:00+00:00, run_after=2021-01-01 00:00:00+00:00
[2026-04-30T09:56:43.006+0000] {processor.py:183} INFO - Processing /home/airflow/.local/lib/python3.12/site-packages/airflow/example_dags/example_xcom.py took 0.072 seconds
[2026-04-30T09:57:13.107+0000] {processor.py:161} INFO - Started process (PID=1951) to work on /home/airflow/.local/lib/python3.12/site-packages/airflow/example_dags/example_xcom.py
[2026-04-30T09:57:13.107+0000] {processor.py:830} INFO - Processing file /home/airflow/.local/lib/python3.12/site-packages/airflow/example_dags/example_xcom.py for tasks to queue
[2026-04-30T09:57:13.109+0000] {logging_mixin.py:188} INFO - [2026-04-30T09:57:13.109+0000] {dagbag.py:545} INFO - Filling up the DagBag from /home/airflow/.local/lib/python3.12/site-packages/airflow/example_dags/example_xcom.py
[2026-04-30T09:57:13.117+0000] {processor.py:840} INFO - DAG(s) 'example_xcom' retrieved from /home/airflow/.local/lib/python3.12/site-packages/airflow/example_dags/example_xcom.py
[2026-04-30T09:57:13.142+0000] {logging_mixin.py:188} INFO - [2026-04-30T09:57:13.142+0000] {dag.py:3096} INFO - Sync 1 DAGs
[2026-04-30T09:57:13.168+0000] {logging_mixin.py:188} INFO - [2026-04-30T09:57:13.168+0000] {dag.py:3954} INFO - Setting next_dagrun for example_xcom to 2021-01-01 00:00:00+00:00, run_after=2021-01-01 00:00:00+00:00
[2026-04-30T09:57:13.188+0000] {processor.py:183} INFO - Processing /home/airflow/.local/lib/python3.12/site-packages/airflow/example_dags/example_xcom.py took 0.088 seconds
[2026-04-30T09:57:44.016+0000] {processor.py:161} INFO - Started process (PID=2009) to work on /home/airflow/.local/lib/python3.12/site-packages/airflow/example_dags/example_xcom.py
[2026-04-30T09:57:44.017+0000] {processor.py:830} INFO - Processing file /home/airflow/.local/lib/python3.12/site-packages/airflow/example_dags/example_xcom.py for tasks to queue
[2026-04-30T09:57:44.019+0000] {logging_mixin.py:188} INFO - [2026-04-30T09:57:44.019+0000] {dagbag.py:545} INFO - Filling up the DagBag from /home/airflow/.local/lib/python3.12/site-packages/airflow/example_dags/example_xcom.py
[2026-04-30T09:57:44.029+0000] {processor.py:840} INFO - DAG(s) 'example_xcom' retrieved from /home/airflow/.local/lib/python3.12/site-packages/airflow/example_dags/example_xcom.py
[2026-04-30T09:57:44.058+0000] {logging_mixin.py:188} INFO - [2026-04-30T09:57:44.058+0000] {dag.py:3096} INFO - Sync 1 DAGs
[2026-04-30T09:57:44.088+0000] {logging_mixin.py:188} INFO - [2026-04-30T09:57:44.088+0000] {dag.py:3954} INFO - Setting next_dagrun for example_xcom to 2021-01-01 00:00:00+00:00, run_after=2021-01-01 00:00:00+00:00
[2026-04-30T09:57:44.117+0000] {processor.py:183} INFO - Processing /home/airflow/.local/lib/python3.12/site-packages/airflow/example_dags/example_xcom.py took 0.108 seconds
[2026-04-30T09:58:14.280+0000] {processor.py:161} INFO - Started process (PID=2067) to work on /home/airflow/.local/lib/python3.12/site-packages/airflow/example_dags/example_xcom.py
[2026-04-30T09:58:14.281+0000] {processor.py:830} INFO - Processing file /home/airflow/.local/lib/python3.12/site-packages/airflow/example_dags/example_xcom.py for tasks to queue
[2026-04-30T09:58:14.282+0000] {logging_mixin.py:188} INFO - [2026-04-30T09:58:14.282+0000] {dagbag.py:545} INFO - Filling up the DagBag from /home/airflow/.local/lib/python3.12/site-packages/airflow/example_dags/example_xcom.py
[2026-04-30T09:58:14.289+0000] {processor.py:840} INFO - DAG(s) 'example_xcom' retrieved from /home/airflow/.local/lib/python3.12/site-packages/airflow/example_dags/example_xcom.py
[2026-04-30T09:58:14.308+0000] {logging_mixin.py:188} INFO - [2026-04-30T09:58:14.308+0000] {dag.py:3096} INFO - Sync 1 DAGs
[2026-04-30T09:58:14.330+0000] {logging_mixin.py:188} INFO - [2026-04-30T09:58:14.330+0000] {dag.py:3954} INFO - Setting next_dagrun for example_xcom to 2021-01-01 00:00:00+00:00, run_after=2021-01-01 00:00:00+00:00
[2026-04-30T09:58:14.349+0000] {processor.py:183} INFO - Processing /home/airflow/.local/lib/python3.12/site-packages/airflow/example_dags/example_xcom.py took 0.074 seconds
[2026-04-30T09:58:44.448+0000] {processor.py:161} INFO - Started process (PID=2125) to work on /home/airflow/.local/lib/python3.12/site-packages/airflow/example_dags/example_xcom.py
[2026-04-30T09:58:44.448+0000] {processor.py:830} INFO - Processing file /home/airflow/.local/lib/python3.12/site-packages/airflow/example_dags/example_xcom.py for tasks to queue
[2026-04-30T09:58:44.450+0000] {logging_mixin.py:188} INFO - [2026-04-30T09:58:44.449+0000] {dagbag.py:545} INFO - Filling up the DagBag from /home/airflow/.local/lib/python3.12/site-packages/airflow/example_dags/example_xcom.py
[2026-04-30T09:58:44.456+0000] {processor.py:840} INFO - DAG(s) 'example_xcom' retrieved from /home/airflow/.local/lib/python3.12/site-packages/airflow/example_dags/example_xcom.py
[2026-04-30T09:58:44.479+0000] {logging_mixin.py:188} INFO - [2026-04-30T09:58:44.479+0000] {dag.py:3096} INFO - Sync 1 DAGs
[2026-04-30T09:58:44.498+0000] {logging_mixin.py:188} INFO - [2026-04-30T09:58:44.498+0000] {dag.py:3954} INFO - Setting next_dagrun for example_xcom to 2021-01-01 00:00:00+00:00, run_after=2021-01-01 00:00:00+00:00
[2026-04-30T09:58:44.516+0000] {processor.py:183} INFO - Processing /home/airflow/.local/lib/python3.12/site-packages/airflow/example_dags/example_xcom.py took 0.073 seconds
[2026-04-30T09:59:14.609+0000] {processor.py:161} INFO - Started process (PID=2183) to work on /home/airflow/.local/lib/python3.12/site-packages/airflow/example_dags/example_xcom.py
[2026-04-30T09:59:14.609+0000] {processor.py:830} INFO - Processing file /home/airflow/.local/lib/python3.12/site-packages/airflow/example_dags/example_xcom.py for tasks to queue
[2026-04-30T09:59:14.611+0000] {logging_mixin.py:188} INFO - [2026-04-30T09:59:14.610+0000] {dagbag.py:545} INFO - Filling up the DagBag from /home/airflow/.local/lib/python3.12/site-packages/airflow/example_dags/example_xcom.py
[2026-04-30T09:59:14.617+0000] {processor.py:840} INFO - DAG(s) 'example_xcom' retrieved from /home/airflow/.local/lib/python3.12/site-packages/airflow/example_dags/example_xcom.py
[2026-04-30T09:59:14.635+0000] {logging_mixin.py:188} INFO - [2026-04-30T09:59:14.635+0000] {dag.py:3096} INFO - Sync 1 DAGs
[2026-04-30T09:59:14.653+0000] {logging_mixin.py:188} INFO - [2026-04-30T09:59:14.653+0000] {dag.py:3954} INFO - Setting next_dagrun for example_xcom to 2021-01-01 00:00:00+00:00, run_after=2021-01-01 00:00:00+00:00
[2026-04-30T09:59:14.671+0000] {processor.py:183} INFO - Processing /home/airflow/.local/lib/python3.12/site-packages/airflow/example_dags/example_xcom.py took 0.067 seconds
[2026-04-30T09:59:45.161+0000] {processor.py:161} INFO - Started process (PID=2241) to work on /home/airflow/.local/lib/python3.12/site-packages/airflow/example_dags/example_xcom.py
[2026-04-30T09:59:45.162+0000] {processor.py:830} INFO - Processing file /home/airflow/.local/lib/python3.12/site-packages/airflow/example_dags/example_xcom.py for tasks to queue
[2026-04-30T09:59:45.164+0000] {logging_mixin.py:188} INFO - [2026-04-30T09:59:45.163+0000] {dagbag.py:545} INFO - Filling up the DagBag from /home/airflow/.local/lib/python3.12/site-packages/airflow/example_dags/example_xcom.py
[2026-04-30T09:59:45.170+0000] {processor.py:840} INFO - DAG(s) 'example_xcom' retrieved from /home/airflow/.local/lib/python3.12/site-packages/airflow/example_dags/example_xcom.py
[2026-04-30T09:59:45.188+0000] {logging_mixin.py:188} INFO - [2026-04-30T09:59:45.188+0000] {dag.py:3096} INFO - Sync 1 DAGs
[2026-04-30T09:59:45.209+0000] {logging_mixin.py:188} INFO - [2026-04-30T09:59:45.208+0000] {dag.py:3954} INFO - Setting next_dagrun for example_xcom to 2021-01-01 00:00:00+00:00, run_after=2021-01-01 00:00:00+00:00
[2026-04-30T09:59:45.230+0000] {processor.py:183} INFO - Processing /home/airflow/.local/lib/python3.12/site-packages/airflow/example_dags/example_xcom.py took 0.074 seconds
[2026-04-30T10:00:15.705+0000] {processor.py:161} INFO - Started process (PID=2299) to work on /home/airflow/.local/lib/python3.12/site-packages/airflow/example_dags/example_xcom.py
[2026-04-30T10:00:15.706+0000] {processor.py:830} INFO - Processing file /home/airflow/.local/lib/python3.12/site-packages/airflow/example_dags/example_xcom.py for tasks to queue
[2026-04-30T10:00:15.707+0000] {logging_mixin.py:188} INFO - [2026-04-30T10:00:15.707+0000] {dagbag.py:545} INFO - Filling up the DagBag from /home/airflow/.local/lib/python3.12/site-packages/airflow/example_dags/example_xcom.py
[2026-04-30T10:00:15.715+0000] {processor.py:840} INFO - DAG(s) 'example_xcom' retrieved from /home/airflow/.local/lib/python3.12/site-packages/airflow/example_dags/example_xcom.py
[2026-04-30T10:00:15.738+0000] {logging_mixin.py:188} INFO - [2026-04-30T10:00:15.737+0000] {dag.py:3096} INFO - Sync 1 DAGs
[2026-04-30T10:00:15.760+0000] {logging_mixin.py:188} INFO - [2026-04-30T10:00:15.760+0000] {dag.py:3954} INFO - Setting next_dagrun for example_xcom to 2021-01-01 00:00:00+00:00, run_after=2021-01-01 00:00:00+00:00
[2026-04-30T10:00:15.779+0000] {processor.py:183} INFO - Processing /home/airflow/.local/lib/python3.12/site-packages/airflow/example_dags/example_xcom.py took 0.078 seconds
[2026-04-30T10:00:46.360+0000] {processor.py:161} INFO - Started process (PID=2357) to work on /home/airflow/.local/lib/python3.12/site-packages/airflow/example_dags/example_xcom.py
[2026-04-30T10:00:46.361+0000] {processor.py:830} INFO - Processing file /home/airflow/.local/lib/python3.12/site-packages/airflow/example_dags/example_xcom.py for tasks to queue
[2026-04-30T10:00:46.362+0000] {logging_mixin.py:188} INFO - [2026-04-30T10:00:46.362+0000] {dagbag.py:545} INFO - Filling up the DagBag from /home/airflow/.local/lib/python3.12/site-packages/airflow/example_dags/example_xcom.py
[2026-04-30T10:00:46.370+0000] {processor.py:840} INFO - DAG(s) 'example_xcom' retrieved from /home/airflow/.local/lib/python3.12/site-packages/airflow/example_dags/example_xcom.py
[2026-04-30T10:00:46.390+0000] {logging_mixin.py:188} INFO - [2026-04-30T10:00:46.390+0000] {dag.py:3096} INFO - Sync 1 DAGs
[2026-04-30T10:00:46.416+0000] {logging_mixin.py:188} INFO - [2026-04-30T10:00:46.416+0000] {dag.py:3954} INFO - Setting next_dagrun for example_xcom to 2021-01-01 00:00:00+00:00, run_after=2021-01-01 00:00:00+00:00
[2026-04-30T10:00:46.437+0000] {processor.py:183} INFO - Processing /home/airflow/.local/lib/python3.12/site-packages/airflow/example_dags/example_xcom.py took 0.084 seconds
[2026-04-30T10:01:16.893+0000] {processor.py:161} INFO - Started process (PID=2415) to work on /home/airflow/.local/lib/python3.12/site-packages/airflow/example_dags/example_xcom.py
[2026-04-30T10:01:16.893+0000] {processor.py:830} INFO - Processing file /home/airflow/.local/lib/python3.12/site-packages/airflow/example_dags/example_xcom.py for tasks to queue
[2026-04-30T10:01:16.895+0000] {logging_mixin.py:188} INFO - [2026-04-30T10:01:16.895+0000] {dagbag.py:545} INFO - Filling up the DagBag from /home/airflow/.local/lib/python3.12/site-packages/airflow/example_dags/example_xcom.py
[2026-04-30T10:01:16.902+0000] {processor.py:840} INFO - DAG(s) 'example_xcom' retrieved from /home/airflow/.local/lib/python3.12/site-packages/airflow/example_dags/example_xcom.py
[2026-04-30T10:01:16.921+0000] {logging_mixin.py:188} INFO - [2026-04-30T10:01:16.921+0000] {dag.py:3096} INFO - Sync 1 DAGs
[2026-04-30T10:01:16.944+0000] {logging_mixin.py:188} INFO - [2026-04-30T10:01:16.944+0000] {dag.py:3954} INFO - Setting next_dagrun for example_xcom to 2021-01-01 00:00:00+00:00, run_after=2021-01-01 00:00:00+00:00
[2026-04-30T10:01:16.961+0000] {processor.py:183} INFO - Processing /home/airflow/.local/lib/python3.12/site-packages/airflow/example_dags/example_xcom.py took 0.073 seconds
[2026-04-30T10:01:47.258+0000] {processor.py:161} INFO - Started process (PID=2473) to work on /home/airflow/.local/lib/python3.12/site-packages/airflow/example_dags/example_xcom.py
[2026-04-30T10:01:47.258+0000] {processor.py:830} INFO - Processing file /home/airflow/.local/lib/python3.12/site-packages/airflow/example_dags/example_xcom.py for tasks to queue
[2026-04-30T10:01:47.260+0000] {logging_mixin.py:188} INFO - [2026-04-30T10:01:47.260+0000] {dagbag.py:545} INFO - Filling up the DagBag from /home/airflow/.local/lib/python3.12/site-packages/airflow/example_dags/example_xcom.py
[2026-04-30T10:01:47.268+0000] {processor.py:840} INFO - DAG(s) 'example_xcom' retrieved from /home/airflow/.local/lib/python3.12/site-packages/airflow/example_dags/example_xcom.py
[2026-04-30T10:01:47.286+0000] {logging_mixin.py:188} INFO - [2026-04-30T10:01:47.286+0000] {dag.py:3096} INFO - Sync 1 DAGs
[2026-04-30T10:01:47.305+0000] {logging_mixin.py:188} INFO - [2026-04-30T10:01:47.305+0000] {dag.py:3954} INFO - Setting next_dagrun for example_xcom to 2021-01-01 00:00:00+00:00, run_after=2021-01-01 00:00:00+00:00
[2026-04-30T10:01:47.321+0000] {processor.py:183} INFO - Processing /home/airflow/.local/lib/python3.12/site-packages/airflow/example_dags/example_xcom.py took 0.071 seconds
[2026-04-30T10:02:17.608+0000] {processor.py:161} INFO - Started process (PID=2531) to work on /home/airflow/.local/lib/python3.12/site-packages/airflow/example_dags/example_xcom.py
[2026-04-30T10:02:17.609+0000] {processor.py:830} INFO - Processing file /home/airflow/.local/lib/python3.12/site-packages/airflow/example_dags/example_xcom.py for tasks to queue
[2026-04-30T10:02:17.610+0000] {logging_mixin.py:188} INFO - [2026-04-30T10:02:17.610+0000] {dagbag.py:545} INFO - Filling up the DagBag from /home/airflow/.local/lib/python3.12/site-packages/airflow/example_dags/example_xcom.py
[2026-04-30T10:02:17.617+0000] {processor.py:840} INFO - DAG(s) 'example_xcom' retrieved from /home/airflow/.local/lib/python3.12/site-packages/airflow/example_dags/example_xcom.py
[2026-04-30T10:02:17.636+0000] {logging_mixin.py:188} INFO - [2026-04-30T10:02:17.636+0000] {dag.py:3096} INFO - Sync 1 DAGs
[2026-04-30T10:02:17.657+0000] {logging_mixin.py:188} INFO - [2026-04-30T10:02:17.657+0000] {dag.py:3954} INFO - Setting next_dagrun for example_xcom to 2021-01-01 00:00:00+00:00, run_after=2021-01-01 00:00:00+00:00
[2026-04-30T10:02:17.673+0000] {processor.py:183} INFO - Processing /home/airflow/.local/lib/python3.12/site-packages/airflow/example_dags/example_xcom.py took 0.070 seconds
[2026-04-30T10:02:47.881+0000] {processor.py:161} INFO - Started process (PID=2589) to work on /home/airflow/.local/lib/python3.12/site-packages/airflow/example_dags/example_xcom.py
[2026-04-30T10:02:47.882+0000] {processor.py:830} INFO - Processing file /home/airflow/.local/lib/python3.12/site-packages/airflow/example_dags/example_xcom.py for tasks to queue
[2026-04-30T10:02:47.883+0000] {logging_mixin.py:188} INFO - [2026-04-30T10:02:47.883+0000] {dagbag.py:545} INFO - Filling up the DagBag from /home/airflow/.local/lib/python3.12/site-packages/airflow/example_dags/example_xcom.py
[2026-04-30T10:02:47.890+0000] {processor.py:840} INFO - DAG(s) 'example_xcom' retrieved from /home/airflow/.local/lib/python3.12/site-packages/airflow/example_dags/example_xcom.py
[2026-04-30T10:02:47.913+0000] {logging_mixin.py:188} INFO - [2026-04-30T10:02:47.912+0000] {dag.py:3096} INFO - Sync 1 DAGs
[2026-04-30T10:02:47.933+0000] {logging_mixin.py:188} INFO - [2026-04-30T10:02:47.933+0000] {dag.py:3954} INFO - Setting next_dagrun for example_xcom to 2021-01-01 00:00:00+00:00, run_after=2021-01-01 00:00:00+00:00
[2026-04-30T10:02:47.950+0000] {processor.py:183} INFO - Processing /home/airflow/.local/lib/python3.12/site-packages/airflow/example_dags/example_xcom.py took 0.074 seconds
[2026-04-30T10:03:18.215+0000] {processor.py:161} INFO - Started process (PID=2647) to work on /home/airflow/.local/lib/python3.12/site-packages/airflow/example_dags/example_xcom.py
[2026-04-30T10:03:18.216+0000] {processor.py:830} INFO - Processing file /home/airflow/.local/lib/python3.12/site-packages/airflow/example_dags/example_xcom.py for tasks to queue
[2026-04-30T10:03:18.217+0000] {logging_mixin.py:188} INFO - [2026-04-30T10:03:18.217+0000] {dagbag.py:545} INFO - Filling up the DagBag from /home/airflow/.local/lib/python3.12/site-packages/airflow/example_dags/example_xcom.py
[2026-04-30T10:03:18.224+0000] {processor.py:840} INFO - DAG(s) 'example_xcom' retrieved from /home/airflow/.local/lib/python3.12/site-packages/airflow/example_dags/example_xcom.py
[2026-04-30T10:03:18.242+0000] {logging_mixin.py:188} INFO - [2026-04-30T10:03:18.241+0000] {dag.py:3096} INFO - Sync 1 DAGs
[2026-04-30T10:03:18.262+0000] {logging_mixin.py:188} INFO - [2026-04-30T10:03:18.262+0000] {dag.py:3954} INFO - Setting next_dagrun for example_xcom to 2021-01-01 00:00:00+00:00, run_after=2021-01-01 00:00:00+00:00
[2026-04-30T10:03:18.280+0000] {processor.py:183} INFO - Processing /home/airflow/.local/lib/python3.12/site-packages/airflow/example_dags/example_xcom.py took 0.070 seconds
[2026-04-30T10:03:48.893+0000] {processor.py:161} INFO - Started process (PID=2705) to work on /home/airflow/.local/lib/python3.12/site-packages/airflow/example_dags/example_xcom.py
[2026-04-30T10:03:48.894+0000] {processor.py:830} INFO - Processing file /home/airflow/.local/lib/python3.12/site-packages/airflow/example_dags/example_xcom.py for tasks to queue
[2026-04-30T10:03:48.895+0000] {logging_mixin.py:188} INFO - [2026-04-30T10:03:48.895+0000] {dagbag.py:545} INFO - Filling up the DagBag from /home/airflow/.local/lib/python3.12/site-packages/airflow/example_dags/example_xcom.py
[2026-04-30T10:03:48.903+0000] {processor.py:840} INFO - DAG(s) 'example_xcom' retrieved from /home/airflow/.local/lib/python3.12/site-packages/airflow/example_dags/example_xcom.py
[2026-04-30T10:03:48.922+0000] {logging_mixin.py:188} INFO - [2026-04-30T10:03:48.921+0000] {dag.py:3096} INFO - Sync 1 DAGs
[2026-04-30T10:03:48.940+0000] {logging_mixin.py:188} INFO - [2026-04-30T10:03:48.940+0000] {dag.py:3954} INFO - Setting next_dagrun for example_xcom to 2021-01-01 00:00:00+00:00, run_after=2021-01-01 00:00:00+00:00
[2026-04-30T10:03:48.956+0000] {processor.py:183} INFO - Processing /home/airflow/.local/lib/python3.12/site-packages/airflow/example_dags/example_xcom.py took 0.067 seconds
[2026-04-30T10:04:19.322+0000] {processor.py:161} INFO - Started process (PID=2763) to work on /home/airflow/.local/lib/python3.12/site-packages/airflow/example_dags/example_xcom.py
[2026-04-30T10:04:19.323+0000] {processor.py:830} INFO - Processing file /home/airflow/.local/lib/python3.12/site-packages/airflow/example_dags/example_xcom.py for tasks to queue
[2026-04-30T10:04:19.324+0000] {logging_mixin.py:188} INFO - [2026-04-30T10:04:19.324+0000] {dagbag.py:545} INFO - Filling up the DagBag from /home/airflow/.local/lib/python3.12/site-packages/airflow/example_dags/example_xcom.py
[2026-04-30T10:04:19.336+0000] {processor.py:840} INFO - DAG(s) 'example_xcom' retrieved from /home/airflow/.local/lib/python3.12/site-packages/airflow/example_dags/example_xcom.py
[2026-04-30T10:04:19.363+0000] {logging_mixin.py:188} INFO - [2026-04-30T10:04:19.362+0000] {dag.py:3096} INFO - Sync 1 DAGs
[2026-04-30T10:04:19.387+0000] {logging_mixin.py:188} INFO - [2026-04-30T10:04:19.387+0000] {dag.py:3954} INFO - Setting next_dagrun for example_xcom to 2021-01-01 00:00:00+00:00, run_after=2021-01-01 00:00:00+00:00
[2026-04-30T10:04:19.406+0000] {processor.py:183} INFO - Processing /home/airflow/.local/lib/python3.12/site-packages/airflow/example_dags/example_xcom.py took 0.093 seconds
[2026-04-30T10:04:49.826+0000] {processor.py:161} INFO - Started process (PID=2821) to work on /home/airflow/.local/lib/python3.12/site-packages/airflow/example_dags/example_xcom.py
[2026-04-30T10:04:49.827+0000] {processor.py:830} INFO - Processing file /home/airflow/.local/lib/python3.12/site-packages/airflow/example_dags/example_xcom.py for tasks to queue
[2026-04-30T10:04:49.829+0000] {logging_mixin.py:188} INFO - [2026-04-30T10:04:49.829+0000] {dagbag.py:545} INFO - Filling up the DagBag from /home/airflow/.local/lib/python3.12/site-packages/airflow/example_dags/example_xcom.py
[2026-04-30T10:04:49.838+0000] {processor.py:840} INFO - DAG(s) 'example_xcom' retrieved from /home/airflow/.local/lib/python3.12/site-packages/airflow/example_dags/example_xcom.py
[2026-04-30T10:04:49.864+0000] {logging_mixin.py:188} INFO - [2026-04-30T10:04:49.864+0000] {dag.py:3096} INFO - Sync 1 DAGs
[2026-04-30T10:04:49.903+0000] {logging_mixin.py:188} INFO - [2026-04-30T10:04:49.903+0000] {dag.py:3954} INFO - Setting next_dagrun for example_xcom to 2021-01-01 00:00:00+00:00, run_after=2021-01-01 00:00:00+00:00
[2026-04-30T10:04:49.925+0000] {processor.py:183} INFO - Processing /home/airflow/.local/lib/python3.12/site-packages/airflow/example_dags/example_xcom.py took 0.106 seconds
[2026-04-30T10:05:20.396+0000] {processor.py:161} INFO - Started process (PID=2879) to work on /home/airflow/.local/lib/python3.12/site-packages/airflow/example_dags/example_xcom.py
[2026-04-30T10:05:20.397+0000] {processor.py:830} INFO - Processing file /home/airflow/.local/lib/python3.12/site-packages/airflow/example_dags/example_xcom.py for tasks to queue
[2026-04-30T10:05:20.398+0000] {logging_mixin.py:188} INFO - [2026-04-30T10:05:20.398+0000] {dagbag.py:545} INFO - Filling up the DagBag from /home/airflow/.local/lib/python3.12/site-packages/airflow/example_dags/example_xcom.py
[2026-04-30T10:05:20.405+0000] {processor.py:840} INFO - DAG(s) 'example_xcom' retrieved from /home/airflow/.local/lib/python3.12/site-packages/airflow/example_dags/example_xcom.py
[2026-04-30T10:05:20.423+0000] {logging_mixin.py:188} INFO - [2026-04-30T10:05:20.423+0000] {dag.py:3096} INFO - Sync 1 DAGs
[2026-04-30T10:05:20.442+0000] {logging_mixin.py:188} INFO - [2026-04-30T10:05:20.442+0000] {dag.py:3954} INFO - Setting next_dagrun for example_xcom to 2021-01-01 00:00:00+00:00, run_after=2021-01-01 00:00:00+00:00
[2026-04-30T10:05:20.460+0000] {processor.py:183} INFO - Processing /home/airflow/.local/lib/python3.12/site-packages/airflow/example_dags/example_xcom.py took 0.068 seconds
[2026-04-30T10:05:50.902+0000] {processor.py:161} INFO - Started process (PID=2937) to work on /home/airflow/.local/lib/python3.12/site-packages/airflow/example_dags/example_xcom.py
[2026-04-30T10:05:50.903+0000] {processor.py:830} INFO - Processing file /home/airflow/.local/lib/python3.12/site-packages/airflow/example_dags/example_xcom.py for tasks to queue
[2026-04-30T10:05:50.905+0000] {logging_mixin.py:188} INFO - [2026-04-30T10:05:50.904+0000] {dagbag.py:545} INFO - Filling up the DagBag from /home/airflow/.local/lib/python3.12/site-packages/airflow/example_dags/example_xcom.py
[2026-04-30T10:05:50.914+0000] {processor.py:840} INFO - DAG(s) 'example_xcom' retrieved from /home/airflow/.local/lib/python3.12/site-packages/airflow/example_dags/example_xcom.py
[2026-04-30T10:05:50.933+0000] {logging_mixin.py:188} INFO - [2026-04-30T10:05:50.932+0000] {dag.py:3096} INFO - Sync 1 DAGs
[2026-04-30T10:05:50.957+0000] {logging_mixin.py:188} INFO - [2026-04-30T10:05:50.957+0000] {dag.py:3954} INFO - Setting next_dagrun for example_xcom to 2021-01-01 00:00:00+00:00, run_after=2021-01-01 00:00:00+00:00
[2026-04-30T10:05:50.976+0000] {processor.py:183} INFO - Processing /home/airflow/.local/lib/python3.12/site-packages/airflow/example_dags/example_xcom.py took 0.081 seconds
[2026-04-30T10:06:21.445+0000] {processor.py:161} INFO - Started process (PID=2996) to work on /home/airflow/.local/lib/python3.12/site-packages/airflow/example_dags/example_xcom.py
[2026-04-30T10:06:21.446+0000] {processor.py:830} INFO - Processing file /home/airflow/.local/lib/python3.12/site-packages/airflow/example_dags/example_xcom.py for tasks to queue
[2026-04-30T10:06:21.448+0000] {logging_mixin.py:188} INFO - [2026-04-30T10:06:21.448+0000] {dagbag.py:545} INFO - Filling up the DagBag from /home/airflow/.local/lib/python3.12/site-packages/airflow/example_dags/example_xcom.py
[2026-04-30T10:06:21.455+0000] {processor.py:840} INFO - DAG(s) 'example_xcom' retrieved from /home/airflow/.local/lib/python3.12/site-packages/airflow/example_dags/example_xcom.py
[2026-04-30T10:06:21.473+0000] {logging_mixin.py:188} INFO - [2026-04-30T10:06:21.473+0000] {dag.py:3096} INFO - Sync 1 DAGs
[2026-04-30T10:06:21.494+0000] {logging_mixin.py:188} INFO - [2026-04-30T10:06:21.494+0000] {dag.py:3954} INFO - Setting next_dagrun for example_xcom to 2021-01-01 00:00:00+00:00, run_after=2021-01-01 00:00:00+00:00
[2026-04-30T10:06:21.512+0000] {processor.py:183} INFO - Processing /home/airflow/.local/lib/python3.12/site-packages/airflow/example_dags/example_xcom.py took 0.071 seconds
[2026-04-30T10:06:51.957+0000] {processor.py:161} INFO - Started process (PID=3055) to work on /home/airflow/.local/lib/python3.12/site-packages/airflow/example_dags/example_xcom.py
[2026-04-30T10:06:51.958+0000] {processor.py:830} INFO - Processing file /home/airflow/.local/lib/python3.12/site-packages/airflow/example_dags/example_xcom.py for tasks to queue
[2026-04-30T10:06:51.959+0000] {logging_mixin.py:188} INFO - [2026-04-30T10:06:51.959+0000] {dagbag.py:545} INFO - Filling up the DagBag from /home/airflow/.local/lib/python3.12/site-packages/airflow/example_dags/example_xcom.py
[2026-04-30T10:06:51.965+0000] {processor.py:840} INFO - DAG(s) 'example_xcom' retrieved from /home/airflow/.local/lib/python3.12/site-packages/airflow/example_dags/example_xcom.py
[2026-04-30T10:06:51.988+0000] {logging_mixin.py:188} INFO - [2026-04-30T10:06:51.987+0000] {dag.py:3096} INFO - Sync 1 DAGs
[2026-04-30T10:06:52.010+0000] {logging_mixin.py:188} INFO - [2026-04-30T10:06:52.010+0000] {dag.py:3954} INFO - Setting next_dagrun for example_xcom to 2021-01-01 00:00:00+00:00, run_after=2021-01-01 00:00:00+00:00
[2026-04-30T10:06:52.028+0000] {processor.py:183} INFO - Processing /home/airflow/.local/lib/python3.12/site-packages/airflow/example_dags/example_xcom.py took 0.075 seconds
[2026-04-30T10:07:22.382+0000] {processor.py:161} INFO - Started process (PID=3114) to work on /home/airflow/.local/lib/python3.12/site-packages/airflow/example_dags/example_xcom.py
[2026-04-30T10:07:22.383+0000] {processor.py:830} INFO - Processing file /home/airflow/.local/lib/python3.12/site-packages/airflow/example_dags/example_xcom.py for tasks to queue
[2026-04-30T10:07:22.384+0000] {logging_mixin.py:188} INFO - [2026-04-30T10:07:22.384+0000] {dagbag.py:545} INFO - Filling up the DagBag from /home/airflow/.local/lib/python3.12/site-packages/airflow/example_dags/example_xcom.py
[2026-04-30T10:07:22.391+0000] {processor.py:840} INFO - DAG(s) 'example_xcom' retrieved from /home/airflow/.local/lib/python3.12/site-packages/airflow/example_dags/example_xcom.py
[2026-04-30T10:07:22.410+0000] {logging_mixin.py:188} INFO - [2026-04-30T10:07:22.410+0000] {dag.py:3096} INFO - Sync 1 DAGs
[2026-04-30T10:07:22.431+0000] {logging_mixin.py:188} INFO - [2026-04-30T10:07:22.431+0000] {dag.py:3954} INFO - Setting next_dagrun for example_xcom to 2021-01-01 00:00:00+00:00, run_after=2021-01-01 00:00:00+00:00
[2026-04-30T10:07:22.447+0000] {processor.py:183} INFO - Processing /home/airflow/.local/lib/python3.12/site-packages/airflow/example_dags/example_xcom.py took 0.070 seconds
[2026-04-30T10:07:52.874+0000] {processor.py:161} INFO - Started process (PID=3173) to work on /home/airflow/.local/lib/python3.12/site-packages/airflow/example_dags/example_xcom.py
[2026-04-30T10:07:52.874+0000] {processor.py:830} INFO - Processing file /home/airflow/.local/lib/python3.12/site-packages/airflow/example_dags/example_xcom.py for tasks to queue
[2026-04-30T10:07:52.876+0000] {logging_mixin.py:188} INFO - [2026-04-30T10:07:52.875+0000] {dagbag.py:545} INFO - Filling up the DagBag from /home/airflow/.local/lib/python3.12/site-packages/airflow/example_dags/example_xcom.py
[2026-04-30T10:07:52.883+0000] {processor.py:840} INFO - DAG(s) 'example_xcom' retrieved from /home/airflow/.local/lib/python3.12/site-packages/airflow/example_dags/example_xcom.py
[2026-04-30T10:07:52.901+0000] {logging_mixin.py:188} INFO - [2026-04-30T10:07:52.901+0000] {dag.py:3096} INFO - Sync 1 DAGs
[2026-04-30T10:07:52.925+0000] {logging_mixin.py:188} INFO - [2026-04-30T10:07:52.925+0000] {dag.py:3954} INFO - Setting next_dagrun for example_xcom to 2021-01-01 00:00:00+00:00, run_after=2021-01-01 00:00:00+00:00
[2026-04-30T10:07:52.947+0000] {processor.py:183} INFO - Processing /home/airflow/.local/lib/python3.12/site-packages/airflow/example_dags/example_xcom.py took 0.078 seconds
[2026-04-30T10:08:23.363+0000] {processor.py:161} INFO - Started process (PID=3238) to work on /home/airflow/.local/lib/python3.12/site-packages/airflow/example_dags/example_xcom.py
[2026-04-30T10:08:23.363+0000] {processor.py:830} INFO - Processing file /home/airflow/.local/lib/python3.12/site-packages/airflow/example_dags/example_xcom.py for tasks to queue
[2026-04-30T10:08:23.365+0000] {logging_mixin.py:188} INFO - [2026-04-30T10:08:23.364+0000] {dagbag.py:545} INFO - Filling up the DagBag from /home/airflow/.local/lib/python3.12/site-packages/airflow/example_dags/example_xcom.py
[2026-04-30T10:08:23.371+0000] {processor.py:840} INFO - DAG(s) 'example_xcom' retrieved from /home/airflow/.local/lib/python3.12/site-packages/airflow/example_dags/example_xcom.py
[2026-04-30T10:08:23.391+0000] {logging_mixin.py:188} INFO - [2026-04-30T10:08:23.391+0000] {dag.py:3096} INFO - Sync 1 DAGs
[2026-04-30T10:08:23.413+0000] {logging_mixin.py:188} INFO - [2026-04-30T10:08:23.413+0000] {dag.py:3954} INFO - Setting next_dagrun for example_xcom to 2021-01-01 00:00:00+00:00, run_after=2021-01-01 00:00:00+00:00
[2026-04-30T10:08:23.431+0000] {processor.py:183} INFO - Processing /home/airflow/.local/lib/python3.12/site-packages/airflow/example_dags/example_xcom.py took 0.073 seconds
[2026-04-30T10:08:53.829+0000] {processor.py:161} INFO - Started process (PID=3297) to work on /home/airflow/.local/lib/python3.12/site-packages/airflow/example_dags/example_xcom.py
[2026-04-30T10:08:53.830+0000] {processor.py:830} INFO - Processing file /home/airflow/.local/lib/python3.12/site-packages/airflow/example_dags/example_xcom.py for tasks to queue
[2026-04-30T10:08:53.831+0000] {logging_mixin.py:188} INFO - [2026-04-30T10:08:53.831+0000] {dagbag.py:545} INFO - Filling up the DagBag from /home/airflow/.local/lib/python3.12/site-packages/airflow/example_dags/example_xcom.py
[2026-04-30T10:08:53.839+0000] {processor.py:840} INFO - DAG(s) 'example_xcom' retrieved from /home/airflow/.local/lib/python3.12/site-packages/airflow/example_dags/example_xcom.py
[2026-04-30T10:08:53.862+0000] {logging_mixin.py:188} INFO - [2026-04-30T10:08:53.862+0000] {dag.py:3096} INFO - Sync 1 DAGs
[2026-04-30T10:08:53.883+0000] {logging_mixin.py:188} INFO - [2026-04-30T10:08:53.883+0000] {dag.py:3954} INFO - Setting next_dagrun for example_xcom to 2021-01-01 00:00:00+00:00, run_after=2021-01-01 00:00:00+00:00
[2026-04-30T10:08:53.900+0000] {processor.py:183} INFO - Processing /home/airflow/.local/lib/python3.12/site-packages/airflow/example_dags/example_xcom.py took 0.076 seconds
[2026-04-30T10:09:24.560+0000] {processor.py:161} INFO - Started process (PID=3356) to work on /home/airflow/.local/lib/python3.12/site-packages/airflow/example_dags/example_xcom.py
[2026-04-30T10:09:24.561+0000] {processor.py:830} INFO - Processing file /home/airflow/.local/lib/python3.12/site-packages/airflow/example_dags/example_xcom.py for tasks to queue
[2026-04-30T10:09:24.563+0000] {logging_mixin.py:188} INFO - [2026-04-30T10:09:24.562+0000] {dagbag.py:545} INFO - Filling up the DagBag from /home/airflow/.local/lib/python3.12/site-packages/airflow/example_dags/example_xcom.py
[2026-04-30T10:09:24.570+0000] {processor.py:840} INFO - DAG(s) 'example_xcom' retrieved from /home/airflow/.local/lib/python3.12/site-packages/airflow/example_dags/example_xcom.py
[2026-04-30T10:09:24.588+0000] {logging_mixin.py:188} INFO - [2026-04-30T10:09:24.588+0000] {dag.py:3096} INFO - Sync 1 DAGs
[2026-04-30T10:09:24.612+0000] {logging_mixin.py:188} INFO - [2026-04-30T10:09:24.612+0000] {dag.py:3954} INFO - Setting next_dagrun for example_xcom to 2021-01-01 00:00:00+00:00, run_after=2021-01-01 00:00:00+00:00
[2026-04-30T10:09:24.638+0000] {processor.py:183} INFO - Processing /home/airflow/.local/lib/python3.12/site-packages/airflow/example_dags/example_xcom.py took 0.084 seconds
[2026-04-30T10:09:54.745+0000] {processor.py:161} INFO - Started process (PID=3415) to work on /home/airflow/.local/lib/python3.12/site-packages/airflow/example_dags/example_xcom.py
[2026-04-30T10:09:54.746+0000] {processor.py:830} INFO - Processing file /home/airflow/.local/lib/python3.12/site-packages/airflow/example_dags/example_xcom.py for tasks to queue
[2026-04-30T10:09:54.747+0000] {logging_mixin.py:188} INFO - [2026-04-30T10:09:54.747+0000] {dagbag.py:545} INFO - Filling up the DagBag from /home/airflow/.local/lib/python3.12/site-packages/airflow/example_dags/example_xcom.py
[2026-04-30T10:09:54.754+0000] {processor.py:840} INFO - DAG(s) 'example_xcom' retrieved from /home/airflow/.local/lib/python3.12/site-packages/airflow/example_dags/example_xcom.py
[2026-04-30T10:09:54.776+0000] {logging_mixin.py:188} INFO - [2026-04-30T10:09:54.776+0000] {dag.py:3096} INFO - Sync 1 DAGs
[2026-04-30T10:09:54.801+0000] {logging_mixin.py:188} INFO - [2026-04-30T10:09:54.801+0000] {dag.py:3954} INFO - Setting next_dagrun for example_xcom to 2021-01-01 00:00:00+00:00, run_after=2021-01-01 00:00:00+00:00
[2026-04-30T10:09:54.819+0000] {processor.py:183} INFO - Processing /home/airflow/.local/lib/python3.12/site-packages/airflow/example_dags/example_xcom.py took 0.080 seconds
[2026-04-30T10:10:25.015+0000] {processor.py:161} INFO - Started process (PID=3474) to work on /home/airflow/.local/lib/python3.12/site-packages/airflow/example_dags/example_xcom.py
[2026-04-30T10:10:25.015+0000] {processor.py:830} INFO - Processing file /home/airflow/.local/lib/python3.12/site-packages/airflow/example_dags/example_xcom.py for tasks to queue
[2026-04-30T10:10:25.017+0000] {logging_mixin.py:188} INFO - [2026-04-30T10:10:25.017+0000] {dagbag.py:545} INFO - Filling up the DagBag from /home/airflow/.local/lib/python3.12/site-packages/airflow/example_dags/example_xcom.py
[2026-04-30T10:10:25.025+0000] {processor.py:840} INFO - DAG(s) 'example_xcom' retrieved from /home/airflow/.local/lib/python3.12/site-packages/airflow/example_dags/example_xcom.py
[2026-04-30T10:10:25.049+0000] {logging_mixin.py:188} INFO - [2026-04-30T10:10:25.048+0000] {dag.py:3096} INFO - Sync 1 DAGs
[2026-04-30T10:10:25.076+0000] {logging_mixin.py:188} INFO - [2026-04-30T10:10:25.076+0000] {dag.py:3954} INFO - Setting next_dagrun for example_xcom to 2021-01-01 00:00:00+00:00, run_after=2021-01-01 00:00:00+00:00
[2026-04-30T10:10:25.095+0000] {processor.py:183} INFO - Processing /home/airflow/.local/lib/python3.12/site-packages/airflow/example_dags/example_xcom.py took 0.087 seconds
[2026-04-30T10:10:55.614+0000] {processor.py:161} INFO - Started process (PID=3533) to work on /home/airflow/.local/lib/python3.12/site-packages/airflow/example_dags/example_xcom.py
[2026-04-30T10:10:55.615+0000] {processor.py:830} INFO - Processing file /home/airflow/.local/lib/python3.12/site-packages/airflow/example_dags/example_xcom.py for tasks to queue
[2026-04-30T10:10:55.617+0000] {logging_mixin.py:188} INFO - [2026-04-30T10:10:55.616+0000] {dagbag.py:545} INFO - Filling up the DagBag from /home/airflow/.local/lib/python3.12/site-packages/airflow/example_dags/example_xcom.py
[2026-04-30T10:10:55.625+0000] {processor.py:840} INFO - DAG(s) 'example_xcom' retrieved from /home/airflow/.local/lib/python3.12/site-packages/airflow/example_dags/example_xcom.py
[2026-04-30T10:10:55.650+0000] {logging_mixin.py:188} INFO - [2026-04-30T10:10:55.649+0000] {dag.py:3096} INFO - Sync 1 DAGs
[2026-04-30T10:10:55.674+0000] {logging_mixin.py:188} INFO - [2026-04-30T10:10:55.673+0000] {dag.py:3954} INFO - Setting next_dagrun for example_xcom to 2021-01-01 00:00:00+00:00, run_after=2021-01-01 00:00:00+00:00
[2026-04-30T10:10:55.693+0000] {processor.py:183} INFO - Processing /home/airflow/.local/lib/python3.12/site-packages/airflow/example_dags/example_xcom.py took 0.084 seconds
[2026-04-30T10:11:26.383+0000] {processor.py:161} INFO - Started process (PID=3591) to work on /home/airflow/.local/lib/python3.12/site-packages/airflow/example_dags/example_xcom.py
[2026-04-30T10:11:26.384+0000] {processor.py:830} INFO - Processing file /home/airflow/.local/lib/python3.12/site-packages/airflow/example_dags/example_xcom.py for tasks to queue
[2026-04-30T10:11:26.385+0000] {logging_mixin.py:188} INFO - [2026-04-30T10:11:26.385+0000] {dagbag.py:545} INFO - Filling up the DagBag from /home/airflow/.local/lib/python3.12/site-packages/airflow/example_dags/example_xcom.py
[2026-04-30T10:11:26.393+0000] {processor.py:840} INFO - DAG(s) 'example_xcom' retrieved from /home/airflow/.local/lib/python3.12/site-packages/airflow/example_dags/example_xcom.py
[2026-04-30T10:11:26.412+0000] {logging_mixin.py:188} INFO - [2026-04-30T10:11:26.412+0000] {dag.py:3096} INFO - Sync 1 DAGs
[2026-04-30T10:11:26.430+0000] {logging_mixin.py:188} INFO - [2026-04-30T10:11:26.430+0000] {dag.py:3954} INFO - Setting next_dagrun for example_xcom to 2021-01-01 00:00:00+00:00, run_after=2021-01-01 00:00:00+00:00
[2026-04-30T10:11:26.446+0000] {processor.py:183} INFO - Processing /home/airflow/.local/lib/python3.12/site-packages/airflow/example_dags/example_xcom.py took 0.069 seconds
[2026-04-30T10:11:56.727+0000] {processor.py:161} INFO - Started process (PID=3649) to work on /home/airflow/.local/lib/python3.12/site-packages/airflow/example_dags/example_xcom.py
[2026-04-30T10:11:56.728+0000] {processor.py:830} INFO - Processing file /home/airflow/.local/lib/python3.12/site-packages/airflow/example_dags/example_xcom.py for tasks to queue
[2026-04-30T10:11:56.729+0000] {logging_mixin.py:188} INFO - [2026-04-30T10:11:56.728+0000] {dagbag.py:545} INFO - Filling up the DagBag from /home/airflow/.local/lib/python3.12/site-packages/airflow/example_dags/example_xcom.py
[2026-04-30T10:11:56.739+0000] {processor.py:840} INFO - DAG(s) 'example_xcom' retrieved from /home/airflow/.local/lib/python3.12/site-packages/airflow/example_dags/example_xcom.py
[2026-04-30T10:11:56.771+0000] {logging_mixin.py:188} INFO - [2026-04-30T10:11:56.771+0000] {dag.py:3096} INFO - Sync 1 DAGs
[2026-04-30T10:11:56.805+0000] {logging_mixin.py:188} INFO - [2026-04-30T10:11:56.804+0000] {dag.py:3954} INFO - Setting next_dagrun for example_xcom to 2021-01-01 00:00:00+00:00, run_after=2021-01-01 00:00:00+00:00
[2026-04-30T10:11:56.825+0000] {processor.py:183} INFO - Processing /home/airflow/.local/lib/python3.12/site-packages/airflow/example_dags/example_xcom.py took 0.106 seconds
[2026-04-30T10:12:27.405+0000] {processor.py:161} INFO - Started process (PID=3705) to work on /home/airflow/.local/lib/python3.12/site-packages/airflow/example_dags/example_xcom.py
[2026-04-30T10:12:27.405+0000] {processor.py:830} INFO - Processing file /home/airflow/.local/lib/python3.12/site-packages/airflow/example_dags/example_xcom.py for tasks to queue
[2026-04-30T10:12:27.406+0000] {logging_mixin.py:188} INFO - [2026-04-30T10:12:27.406+0000] {dagbag.py:545} INFO - Filling up the DagBag from /home/airflow/.local/lib/python3.12/site-packages/airflow/example_dags/example_xcom.py
[2026-04-30T10:12:27.415+0000] {processor.py:840} INFO - DAG(s) 'example_xcom' retrieved from /home/airflow/.local/lib/python3.12/site-packages/airflow/example_dags/example_xcom.py
[2026-04-30T10:12:27.437+0000] {logging_mixin.py:188} INFO - [2026-04-30T10:12:27.437+0000] {dag.py:3096} INFO - Sync 1 DAGs
[2026-04-30T10:12:27.456+0000] {logging_mixin.py:188} INFO - [2026-04-30T10:12:27.456+0000] {dag.py:3954} INFO - Setting next_dagrun for example_xcom to 2021-01-01 00:00:00+00:00, run_after=2021-01-01 00:00:00+00:00
[2026-04-30T10:12:27.472+0000] {processor.py:183} INFO - Processing /home/airflow/.local/lib/python3.12/site-packages/airflow/example_dags/example_xcom.py took 0.075 seconds
[2026-04-30T10:12:57.709+0000] {processor.py:161} INFO - Started process (PID=3763) to work on /home/airflow/.local/lib/python3.12/site-packages/airflow/example_dags/example_xcom.py
[2026-04-30T10:12:57.710+0000] {processor.py:830} INFO - Processing file /home/airflow/.local/lib/python3.12/site-packages/airflow/example_dags/example_xcom.py for tasks to queue
[2026-04-30T10:12:57.711+0000] {logging_mixin.py:188} INFO - [2026-04-30T10:12:57.710+0000] {dagbag.py:545} INFO - Filling up the DagBag from /home/airflow/.local/lib/python3.12/site-packages/airflow/example_dags/example_xcom.py
[2026-04-30T10:12:57.719+0000] {processor.py:840} INFO - DAG(s) 'example_xcom' retrieved from /home/airflow/.local/lib/python3.12/site-packages/airflow/example_dags/example_xcom.py
[2026-04-30T10:12:57.743+0000] {logging_mixin.py:188} INFO - [2026-04-30T10:12:57.743+0000] {dag.py:3096} INFO - Sync 1 DAGs
[2026-04-30T10:12:57.767+0000] {logging_mixin.py:188} INFO - [2026-04-30T10:12:57.766+0000] {dag.py:3954} INFO - Setting next_dagrun for example_xcom to 2021-01-01 00:00:00+00:00, run_after=2021-01-01 00:00:00+00:00
[2026-04-30T10:12:57.782+0000] {processor.py:183} INFO - Processing /home/airflow/.local/lib/python3.12/site-packages/airflow/example_dags/example_xcom.py took 0.078 seconds
[2026-04-30T10:13:28.041+0000] {processor.py:161} INFO - Started process (PID=3821) to work on /home/airflow/.local/lib/python3.12/site-packages/airflow/example_dags/example_xcom.py
[2026-04-30T10:13:28.041+0000] {processor.py:830} INFO - Processing file /home/airflow/.local/lib/python3.12/site-packages/airflow/example_dags/example_xcom.py for tasks to queue
[2026-04-30T10:13:28.042+0000] {logging_mixin.py:188} INFO - [2026-04-30T10:13:28.042+0000] {dagbag.py:545} INFO - Filling up the DagBag from /home/airflow/.local/lib/python3.12/site-packages/airflow/example_dags/example_xcom.py
[2026-04-30T10:13:28.051+0000] {processor.py:840} INFO - DAG(s) 'example_xcom' retrieved from /home/airflow/.local/lib/python3.12/site-packages/airflow/example_dags/example_xcom.py
[2026-04-30T10:13:28.073+0000] {logging_mixin.py:188} INFO - [2026-04-30T10:13:28.072+0000] {dag.py:3096} INFO - Sync 1 DAGs
[2026-04-30T10:13:28.093+0000] {logging_mixin.py:188} INFO - [2026-04-30T10:13:28.093+0000] {dag.py:3954} INFO - Setting next_dagrun for example_xcom to 2021-01-01 00:00:00+00:00, run_after=2021-01-01 00:00:00+00:00
[2026-04-30T10:13:28.111+0000] {processor.py:183} INFO - Processing /home/airflow/.local/lib/python3.12/site-packages/airflow/example_dags/example_xcom.py took 0.075 seconds
[2026-04-30T10:13:58.426+0000] {processor.py:161} INFO - Started process (PID=3879) to work on /home/airflow/.local/lib/python3.12/site-packages/airflow/example_dags/example_xcom.py
[2026-04-30T10:13:58.427+0000] {processor.py:830} INFO - Processing file /home/airflow/.local/lib/python3.12/site-packages/airflow/example_dags/example_xcom.py for tasks to queue
[2026-04-30T10:13:58.427+0000] {logging_mixin.py:188} INFO - [2026-04-30T10:13:58.427+0000] {dagbag.py:545} INFO - Filling up the DagBag from /home/airflow/.local/lib/python3.12/site-packages/airflow/example_dags/example_xcom.py
[2026-04-30T10:13:58.434+0000] {processor.py:840} INFO - DAG(s) 'example_xcom' retrieved from /home/airflow/.local/lib/python3.12/site-packages/airflow/example_dags/example_xcom.py
[2026-04-30T10:13:58.453+0000] {logging_mixin.py:188} INFO - [2026-04-30T10:13:58.453+0000] {dag.py:3096} INFO - Sync 1 DAGs
[2026-04-30T10:13:58.472+0000] {logging_mixin.py:188} INFO - [2026-04-30T10:13:58.472+0000] {dag.py:3954} INFO - Setting next_dagrun for example_xcom to 2021-01-01 00:00:00+00:00, run_after=2021-01-01 00:00:00+00:00
[2026-04-30T10:13:58.487+0000] {processor.py:183} INFO - Processing /home/airflow/.local/lib/python3.12/site-packages/airflow/example_dags/example_xcom.py took 0.066 seconds
[2026-04-30T10:14:28.743+0000] {processor.py:161} INFO - Started process (PID=3937) to work on /home/airflow/.local/lib/python3.12/site-packages/airflow/example_dags/example_xcom.py
[2026-04-30T10:14:28.744+0000] {processor.py:830} INFO - Processing file /home/airflow/.local/lib/python3.12/site-packages/airflow/example_dags/example_xcom.py for tasks to queue
[2026-04-30T10:14:28.745+0000] {logging_mixin.py:188} INFO - [2026-04-30T10:14:28.745+0000] {dagbag.py:545} INFO - Filling up the DagBag from /home/airflow/.local/lib/python3.12/site-packages/airflow/example_dags/example_xcom.py
[2026-04-30T10:14:28.751+0000] {processor.py:840} INFO - DAG(s) 'example_xcom' retrieved from /home/airflow/.local/lib/python3.12/site-packages/airflow/example_dags/example_xcom.py
[2026-04-30T10:14:28.770+0000] {logging_mixin.py:188} INFO - [2026-04-30T10:14:28.770+0000] {dag.py:3096} INFO - Sync 1 DAGs
[2026-04-30T10:14:28.790+0000] {logging_mixin.py:188} INFO - [2026-04-30T10:14:28.789+0000] {dag.py:3954} INFO - Setting next_dagrun for example_xcom to 2021-01-01 00:00:00+00:00, run_after=2021-01-01 00:00:00+00:00
[2026-04-30T10:14:28.805+0000] {processor.py:183} INFO - Processing /home/airflow/.local/lib/python3.12/site-packages/airflow/example_dags/example_xcom.py took 0.066 seconds
[2026-04-30T10:14:59.621+0000] {processor.py:161} INFO - Started process (PID=3994) to work on /home/airflow/.local/lib/python3.12/site-packages/airflow/example_dags/example_xcom.py
[2026-04-30T10:14:59.622+0000] {processor.py:830} INFO - Processing file /home/airflow/.local/lib/python3.12/site-packages/airflow/example_dags/example_xcom.py for tasks to queue
[2026-04-30T10:14:59.623+0000] {logging_mixin.py:188} INFO - [2026-04-30T10:14:59.622+0000] {dagbag.py:545} INFO - Filling up the DagBag from /home/airflow/.local/lib/python3.12/site-packages/airflow/example_dags/example_xcom.py
[2026-04-30T10:14:59.632+0000] {processor.py:840} INFO - DAG(s) 'example_xcom' retrieved from /home/airflow/.local/lib/python3.12/site-packages/airflow/example_dags/example_xcom.py
[2026-04-30T10:14:59.661+0000] {logging_mixin.py:188} INFO - [2026-04-30T10:14:59.660+0000] {dag.py:3096} INFO - Sync 1 DAGs
[2026-04-30T10:14:59.691+0000] {logging_mixin.py:188} INFO - [2026-04-30T10:14:59.691+0000] {dag.py:3954} INFO - Setting next_dagrun for example_xcom to 2021-01-01 00:00:00+00:00, run_after=2021-01-01 00:00:00+00:00
[2026-04-30T10:14:59.710+0000] {processor.py:183} INFO - Processing /home/airflow/.local/lib/python3.12/site-packages/airflow/example_dags/example_xcom.py took 0.097 seconds
[2026-04-30T10:16:40.403+0000] {processor.py:161} INFO - Started process (PID=87) to work on /home/airflow/.local/lib/python3.12/site-packages/airflow/example_dags/example_xcom.py
[2026-04-30T10:16:40.404+0000] {processor.py:830} INFO - Processing file /home/airflow/.local/lib/python3.12/site-packages/airflow/example_dags/example_xcom.py for tasks to queue
[2026-04-30T10:16:40.406+0000] {logging_mixin.py:188} INFO - [2026-04-30T10:16:40.406+0000] {dagbag.py:545} INFO - Filling up the DagBag from /home/airflow/.local/lib/python3.12/site-packages/airflow/example_dags/example_xcom.py
[2026-04-30T10:16:40.422+0000] {processor.py:840} INFO - DAG(s) 'example_xcom' retrieved from /home/airflow/.local/lib/python3.12/site-packages/airflow/example_dags/example_xcom.py
[2026-04-30T10:16:40.442+0000] {logging_mixin.py:188} INFO - [2026-04-30T10:16:40.441+0000] {dag.py:3096} INFO - Sync 1 DAGs
[2026-04-30T10:16:40.472+0000] {logging_mixin.py:188} INFO - [2026-04-30T10:16:40.472+0000] {dag.py:3954} INFO - Setting next_dagrun for example_xcom to 2021-01-01 00:00:00+00:00, run_after=2021-01-01 00:00:00+00:00
[2026-04-30T10:16:40.492+0000] {processor.py:183} INFO - Processing /home/airflow/.local/lib/python3.12/site-packages/airflow/example_dags/example_xcom.py took 0.101 seconds
[2026-04-30T10:17:11.868+0000] {processor.py:161} INFO - Started process (PID=146) to work on /home/airflow/.local/lib/python3.12/site-packages/airflow/example_dags/example_xcom.py
[2026-04-30T10:17:11.869+0000] {processor.py:830} INFO - Processing file /home/airflow/.local/lib/python3.12/site-packages/airflow/example_dags/example_xcom.py for tasks to queue
[2026-04-30T10:17:11.871+0000] {logging_mixin.py:188} INFO - [2026-04-30T10:17:11.870+0000] {dagbag.py:545} INFO - Filling up the DagBag from /home/airflow/.local/lib/python3.12/site-packages/airflow/example_dags/example_xcom.py
[2026-04-30T10:17:11.879+0000] {processor.py:840} INFO - DAG(s) 'example_xcom' retrieved from /home/airflow/.local/lib/python3.12/site-packages/airflow/example_dags/example_xcom.py
[2026-04-30T10:17:12.006+0000] {logging_mixin.py:188} INFO - [2026-04-30T10:17:12.005+0000] {dag.py:3096} INFO - Sync 1 DAGs
[2026-04-30T10:17:12.030+0000] {logging_mixin.py:188} INFO - [2026-04-30T10:17:12.030+0000] {dag.py:3954} INFO - Setting next_dagrun for example_xcom to 2021-01-01 00:00:00+00:00, run_after=2021-01-01 00:00:00+00:00
[2026-04-30T10:17:12.050+0000] {processor.py:183} INFO - Processing /home/airflow/.local/lib/python3.12/site-packages/airflow/example_dags/example_xcom.py took 0.189 seconds
[2026-04-30T10:17:43.006+0000] {processor.py:161} INFO - Started process (PID=205) to work on /home/airflow/.local/lib/python3.12/site-packages/airflow/example_dags/example_xcom.py
[2026-04-30T10:17:43.007+0000] {processor.py:830} INFO - Processing file /home/airflow/.local/lib/python3.12/site-packages/airflow/example_dags/example_xcom.py for tasks to queue
[2026-04-30T10:17:43.009+0000] {logging_mixin.py:188} INFO - [2026-04-30T10:17:43.009+0000] {dagbag.py:545} INFO - Filling up the DagBag from /home/airflow/.local/lib/python3.12/site-packages/airflow/example_dags/example_xcom.py
[2026-04-30T10:17:43.015+0000] {processor.py:840} INFO - DAG(s) 'example_xcom' retrieved from /home/airflow/.local/lib/python3.12/site-packages/airflow/example_dags/example_xcom.py
[2026-04-30T10:17:43.037+0000] {logging_mixin.py:188} INFO - [2026-04-30T10:17:43.037+0000] {dag.py:3096} INFO - Sync 1 DAGs
[2026-04-30T10:17:43.063+0000] {logging_mixin.py:188} INFO - [2026-04-30T10:17:43.062+0000] {dag.py:3954} INFO - Setting next_dagrun for example_xcom to 2021-01-01 00:00:00+00:00, run_after=2021-01-01 00:00:00+00:00
[2026-04-30T10:17:43.085+0000] {processor.py:183} INFO - Processing /home/airflow/.local/lib/python3.12/site-packages/airflow/example_dags/example_xcom.py took 0.084 seconds
[2026-04-30T10:18:13.168+0000] {processor.py:161} INFO - Started process (PID=264) to work on /home/airflow/.local/lib/python3.12/site-packages/airflow/example_dags/example_xcom.py
[2026-04-30T10:18:13.169+0000] {processor.py:830} INFO - Processing file /home/airflow/.local/lib/python3.12/site-packages/airflow/example_dags/example_xcom.py for tasks to queue
[2026-04-30T10:18:13.171+0000] {logging_mixin.py:188} INFO - [2026-04-30T10:18:13.170+0000] {dagbag.py:545} INFO - Filling up the DagBag from /home/airflow/.local/lib/python3.12/site-packages/airflow/example_dags/example_xcom.py
[2026-04-30T10:18:13.180+0000] {processor.py:840} INFO - DAG(s) 'example_xcom' retrieved from /home/airflow/.local/lib/python3.12/site-packages/airflow/example_dags/example_xcom.py
[2026-04-30T10:18:13.215+0000] {logging_mixin.py:188} INFO - [2026-04-30T10:18:13.214+0000] {dag.py:3096} INFO - Sync 1 DAGs
[2026-04-30T10:18:13.240+0000] {logging_mixin.py:188} INFO - [2026-04-30T10:18:13.240+0000] {dag.py:3954} INFO - Setting next_dagrun for example_xcom to 2021-01-01 00:00:00+00:00, run_after=2021-01-01 00:00:00+00:00
[2026-04-30T10:18:13.258+0000] {processor.py:183} INFO - Processing /home/airflow/.local/lib/python3.12/site-packages/airflow/example_dags/example_xcom.py took 0.096 seconds
[2026-04-30T10:18:43.566+0000] {processor.py:161} INFO - Started process (PID=327) to work on /home/airflow/.local/lib/python3.12/site-packages/airflow/example_dags/example_xcom.py
[2026-04-30T10:18:43.567+0000] {processor.py:830} INFO - Processing file /home/airflow/.local/lib/python3.12/site-packages/airflow/example_dags/example_xcom.py for tasks to queue
[2026-04-30T10:18:43.568+0000] {logging_mixin.py:188} INFO - [2026-04-30T10:18:43.568+0000] {dagbag.py:545} INFO - Filling up the DagBag from /home/airflow/.local/lib/python3.12/site-packages/airflow/example_dags/example_xcom.py
[2026-04-30T10:18:43.576+0000] {processor.py:840} INFO - DAG(s) 'example_xcom' retrieved from /home/airflow/.local/lib/python3.12/site-packages/airflow/example_dags/example_xcom.py
[2026-04-30T10:18:43.595+0000] {logging_mixin.py:188} INFO - [2026-04-30T10:18:43.595+0000] {dag.py:3096} INFO - Sync 1 DAGs
[2026-04-30T10:18:43.615+0000] {logging_mixin.py:188} INFO - [2026-04-30T10:18:43.615+0000] {dag.py:3954} INFO - Setting next_dagrun for example_xcom to 2021-01-01 00:00:00+00:00, run_after=2021-01-01 00:00:00+00:00
[2026-04-30T10:18:43.631+0000] {processor.py:183} INFO - Processing /home/airflow/.local/lib/python3.12/site-packages/airflow/example_dags/example_xcom.py took 0.070 seconds
[2026-04-30T10:19:13.958+0000] {processor.py:161} INFO - Started process (PID=395) to work on /home/airflow/.local/lib/python3.12/site-packages/airflow/example_dags/example_xcom.py
[2026-04-30T10:19:13.960+0000] {processor.py:830} INFO - Processing file /home/airflow/.local/lib/python3.12/site-packages/airflow/example_dags/example_xcom.py for tasks to queue
[2026-04-30T10:19:13.963+0000] {logging_mixin.py:188} INFO - [2026-04-30T10:19:13.963+0000] {dagbag.py:545} INFO - Filling up the DagBag from /home/airflow/.local/lib/python3.12/site-packages/airflow/example_dags/example_xcom.py
[2026-04-30T10:19:13.975+0000] {processor.py:840} INFO - DAG(s) 'example_xcom' retrieved from /home/airflow/.local/lib/python3.12/site-packages/airflow/example_dags/example_xcom.py
[2026-04-30T10:19:14.009+0000] {logging_mixin.py:188} INFO - [2026-04-30T10:19:14.009+0000] {dag.py:3096} INFO - Sync 1 DAGs
[2026-04-30T10:19:14.053+0000] {logging_mixin.py:188} INFO - [2026-04-30T10:19:14.052+0000] {dag.py:3954} INFO - Setting next_dagrun for example_xcom to 2021-01-01 00:00:00+00:00, run_after=2021-01-01 00:00:00+00:00
[2026-04-30T10:19:14.094+0000] {processor.py:183} INFO - Processing /home/airflow/.local/lib/python3.12/site-packages/airflow/example_dags/example_xcom.py took 0.156 seconds
[2026-04-30T10:19:44.406+0000] {processor.py:161} INFO - Started process (PID=453) to work on /home/airflow/.local/lib/python3.12/site-packages/airflow/example_dags/example_xcom.py
[2026-04-30T10:19:44.407+0000] {processor.py:830} INFO - Processing file /home/airflow/.local/lib/python3.12/site-packages/airflow/example_dags/example_xcom.py for tasks to queue
[2026-04-30T10:19:44.409+0000] {logging_mixin.py:188} INFO - [2026-04-30T10:19:44.408+0000] {dagbag.py:545} INFO - Filling up the DagBag from /home/airflow/.local/lib/python3.12/site-packages/airflow/example_dags/example_xcom.py
[2026-04-30T10:19:44.416+0000] {processor.py:840} INFO - DAG(s) 'example_xcom' retrieved from /home/airflow/.local/lib/python3.12/site-packages/airflow/example_dags/example_xcom.py
[2026-04-30T10:19:44.435+0000] {logging_mixin.py:188} INFO - [2026-04-30T10:19:44.435+0000] {dag.py:3096} INFO - Sync 1 DAGs
[2026-04-30T10:19:44.455+0000] {logging_mixin.py:188} INFO - [2026-04-30T10:19:44.454+0000] {dag.py:3954} INFO - Setting next_dagrun for example_xcom to 2021-01-01 00:00:00+00:00, run_after=2021-01-01 00:00:00+00:00
[2026-04-30T10:19:44.469+0000] {processor.py:183} INFO - Processing /home/airflow/.local/lib/python3.12/site-packages/airflow/example_dags/example_xcom.py took 0.068 seconds
[2026-04-30T10:20:14.814+0000] {processor.py:161} INFO - Started process (PID=513) to work on /home/airflow/.local/lib/python3.12/site-packages/airflow/example_dags/example_xcom.py
[2026-04-30T10:20:14.814+0000] {processor.py:830} INFO - Processing file /home/airflow/.local/lib/python3.12/site-packages/airflow/example_dags/example_xcom.py for tasks to queue
[2026-04-30T10:20:14.816+0000] {logging_mixin.py:188} INFO - [2026-04-30T10:20:14.816+0000] {dagbag.py:545} INFO - Filling up the DagBag from /home/airflow/.local/lib/python3.12/site-packages/airflow/example_dags/example_xcom.py
[2026-04-30T10:20:14.822+0000] {processor.py:840} INFO - DAG(s) 'example_xcom' retrieved from /home/airflow/.local/lib/python3.12/site-packages/airflow/example_dags/example_xcom.py
[2026-04-30T10:20:14.842+0000] {logging_mixin.py:188} INFO - [2026-04-30T10:20:14.841+0000] {dag.py:3096} INFO - Sync 1 DAGs
[2026-04-30T10:20:14.862+0000] {logging_mixin.py:188} INFO - [2026-04-30T10:20:14.862+0000] {dag.py:3954} INFO - Setting next_dagrun for example_xcom to 2021-01-01 00:00:00+00:00, run_after=2021-01-01 00:00:00+00:00
[2026-04-30T10:20:14.880+0000] {processor.py:183} INFO - Processing /home/airflow/.local/lib/python3.12/site-packages/airflow/example_dags/example_xcom.py took 0.071 seconds
[2026-04-30T10:20:45.127+0000] {processor.py:161} INFO - Started process (PID=572) to work on /home/airflow/.local/lib/python3.12/site-packages/airflow/example_dags/example_xcom.py
[2026-04-30T10:20:45.127+0000] {processor.py:830} INFO - Processing file /home/airflow/.local/lib/python3.12/site-packages/airflow/example_dags/example_xcom.py for tasks to queue
[2026-04-30T10:20:45.129+0000] {logging_mixin.py:188} INFO - [2026-04-30T10:20:45.128+0000] {dagbag.py:545} INFO - Filling up the DagBag from /home/airflow/.local/lib/python3.12/site-packages/airflow/example_dags/example_xcom.py
[2026-04-30T10:20:45.135+0000] {processor.py:840} INFO - DAG(s) 'example_xcom' retrieved from /home/airflow/.local/lib/python3.12/site-packages/airflow/example_dags/example_xcom.py
[2026-04-30T10:20:45.156+0000] {logging_mixin.py:188} INFO - [2026-04-30T10:20:45.156+0000] {dag.py:3096} INFO - Sync 1 DAGs
[2026-04-30T10:20:45.174+0000] {logging_mixin.py:188} INFO - [2026-04-30T10:20:45.174+0000] {dag.py:3954} INFO - Setting next_dagrun for example_xcom to 2021-01-01 00:00:00+00:00, run_after=2021-01-01 00:00:00+00:00
[2026-04-30T10:20:45.191+0000] {processor.py:183} INFO - Processing /home/airflow/.local/lib/python3.12/site-packages/airflow/example_dags/example_xcom.py took 0.070 seconds
