[2026-04-30T09:40:55.819+0000] {processor.py:161} INFO - Started process (PID=79) to work on /home/airflow/.local/lib/python3.12/site-packages/airflow/example_dags/tutorial.py
[2026-04-30T09:40:55.820+0000] {processor.py:830} INFO - Processing file /home/airflow/.local/lib/python3.12/site-packages/airflow/example_dags/tutorial.py for tasks to queue
[2026-04-30T09:40:55.826+0000] {logging_mixin.py:188} INFO - [2026-04-30T09:40:55.825+0000] {dagbag.py:545} INFO - Filling up the DagBag from /home/airflow/.local/lib/python3.12/site-packages/airflow/example_dags/tutorial.py
[2026-04-30T09:40:55.833+0000] {processor.py:840} INFO - DAG(s) 'tutorial' retrieved from /home/airflow/.local/lib/python3.12/site-packages/airflow/example_dags/tutorial.py
[2026-04-30T09:40:56.004+0000] {logging_mixin.py:188} INFO - [2026-04-30T09:40:56.003+0000] {dag.py:3096} INFO - Sync 1 DAGs
[2026-04-30T09:40:56.068+0000] {logging_mixin.py:188} INFO - [2026-04-30T09:40:56.068+0000] {dag.py:3954} INFO - Setting next_dagrun for tutorial to 2026-04-29 00:00:00+00:00, run_after=2026-04-30 00:00:00+00:00
[2026-04-30T09:40:56.095+0000] {processor.py:183} INFO - Processing /home/airflow/.local/lib/python3.12/site-packages/airflow/example_dags/tutorial.py took 0.283 seconds
[2026-04-30T09:41:26.193+0000] {processor.py:161} INFO - Started process (PID=137) to work on /home/airflow/.local/lib/python3.12/site-packages/airflow/example_dags/tutorial.py
[2026-04-30T09:41:26.194+0000] {processor.py:830} INFO - Processing file /home/airflow/.local/lib/python3.12/site-packages/airflow/example_dags/tutorial.py for tasks to queue
[2026-04-30T09:41:26.195+0000] {logging_mixin.py:188} INFO - [2026-04-30T09:41:26.195+0000] {dagbag.py:545} INFO - Filling up the DagBag from /home/airflow/.local/lib/python3.12/site-packages/airflow/example_dags/tutorial.py
[2026-04-30T09:41:26.200+0000] {processor.py:840} INFO - DAG(s) 'tutorial' retrieved from /home/airflow/.local/lib/python3.12/site-packages/airflow/example_dags/tutorial.py
[2026-04-30T09:41:26.221+0000] {logging_mixin.py:188} INFO - [2026-04-30T09:41:26.221+0000] {dag.py:3096} INFO - Sync 1 DAGs
[2026-04-30T09:41:26.243+0000] {logging_mixin.py:188} INFO - [2026-04-30T09:41:26.243+0000] {dag.py:3954} INFO - Setting next_dagrun for tutorial to 2026-04-29 00:00:00+00:00, run_after=2026-04-30 00:00:00+00:00
[2026-04-30T09:41:26.258+0000] {processor.py:183} INFO - Processing /home/airflow/.local/lib/python3.12/site-packages/airflow/example_dags/tutorial.py took 0.070 seconds
[2026-04-30T09:41:56.383+0000] {processor.py:161} INFO - Started process (PID=195) to work on /home/airflow/.local/lib/python3.12/site-packages/airflow/example_dags/tutorial.py
[2026-04-30T09:41:56.383+0000] {processor.py:830} INFO - Processing file /home/airflow/.local/lib/python3.12/site-packages/airflow/example_dags/tutorial.py for tasks to queue
[2026-04-30T09:41:56.385+0000] {logging_mixin.py:188} INFO - [2026-04-30T09:41:56.385+0000] {dagbag.py:545} INFO - Filling up the DagBag from /home/airflow/.local/lib/python3.12/site-packages/airflow/example_dags/tutorial.py
[2026-04-30T09:41:56.392+0000] {processor.py:840} INFO - DAG(s) 'tutorial' retrieved from /home/airflow/.local/lib/python3.12/site-packages/airflow/example_dags/tutorial.py
[2026-04-30T09:41:56.410+0000] {logging_mixin.py:188} INFO - [2026-04-30T09:41:56.410+0000] {dag.py:3096} INFO - Sync 1 DAGs
[2026-04-30T09:41:56.432+0000] {logging_mixin.py:188} INFO - [2026-04-30T09:41:56.432+0000] {dag.py:3954} INFO - Setting next_dagrun for tutorial to 2026-04-29 00:00:00+00:00, run_after=2026-04-30 00:00:00+00:00
[2026-04-30T09:41:56.447+0000] {processor.py:183} INFO - Processing /home/airflow/.local/lib/python3.12/site-packages/airflow/example_dags/tutorial.py took 0.069 seconds
[2026-04-30T09:42:26.929+0000] {processor.py:161} INFO - Started process (PID=253) to work on /home/airflow/.local/lib/python3.12/site-packages/airflow/example_dags/tutorial.py
[2026-04-30T09:42:26.930+0000] {processor.py:830} INFO - Processing file /home/airflow/.local/lib/python3.12/site-packages/airflow/example_dags/tutorial.py for tasks to queue
[2026-04-30T09:42:26.933+0000] {logging_mixin.py:188} INFO - [2026-04-30T09:42:26.932+0000] {dagbag.py:545} INFO - Filling up the DagBag from /home/airflow/.local/lib/python3.12/site-packages/airflow/example_dags/tutorial.py
[2026-04-30T09:42:26.940+0000] {processor.py:840} INFO - DAG(s) 'tutorial' retrieved from /home/airflow/.local/lib/python3.12/site-packages/airflow/example_dags/tutorial.py
[2026-04-30T09:42:26.965+0000] {logging_mixin.py:188} INFO - [2026-04-30T09:42:26.965+0000] {dag.py:3096} INFO - Sync 1 DAGs
[2026-04-30T09:42:26.992+0000] {logging_mixin.py:188} INFO - [2026-04-30T09:42:26.992+0000] {dag.py:3954} INFO - Setting next_dagrun for tutorial to 2026-04-29 00:00:00+00:00, run_after=2026-04-30 00:00:00+00:00
[2026-04-30T09:42:27.012+0000] {processor.py:183} INFO - Processing /home/airflow/.local/lib/python3.12/site-packages/airflow/example_dags/tutorial.py took 0.090 seconds
[2026-04-30T09:42:57.183+0000] {processor.py:161} INFO - Started process (PID=310) to work on /home/airflow/.local/lib/python3.12/site-packages/airflow/example_dags/tutorial.py
[2026-04-30T09:42:57.184+0000] {processor.py:830} INFO - Processing file /home/airflow/.local/lib/python3.12/site-packages/airflow/example_dags/tutorial.py for tasks to queue
[2026-04-30T09:42:57.186+0000] {logging_mixin.py:188} INFO - [2026-04-30T09:42:57.185+0000] {dagbag.py:545} INFO - Filling up the DagBag from /home/airflow/.local/lib/python3.12/site-packages/airflow/example_dags/tutorial.py
[2026-04-30T09:42:57.193+0000] {processor.py:840} INFO - DAG(s) 'tutorial' retrieved from /home/airflow/.local/lib/python3.12/site-packages/airflow/example_dags/tutorial.py
[2026-04-30T09:42:57.210+0000] {logging_mixin.py:188} INFO - [2026-04-30T09:42:57.209+0000] {dag.py:3096} INFO - Sync 1 DAGs
[2026-04-30T09:42:57.230+0000] {logging_mixin.py:188} INFO - [2026-04-30T09:42:57.230+0000] {dag.py:3954} INFO - Setting next_dagrun for tutorial to 2026-04-29 00:00:00+00:00, run_after=2026-04-30 00:00:00+00:00
[2026-04-30T09:42:57.246+0000] {processor.py:183} INFO - Processing /home/airflow/.local/lib/python3.12/site-packages/airflow/example_dags/tutorial.py took 0.070 seconds
[2026-04-30T09:43:27.507+0000] {processor.py:161} INFO - Started process (PID=368) to work on /home/airflow/.local/lib/python3.12/site-packages/airflow/example_dags/tutorial.py
[2026-04-30T09:43:27.508+0000] {processor.py:830} INFO - Processing file /home/airflow/.local/lib/python3.12/site-packages/airflow/example_dags/tutorial.py for tasks to queue
[2026-04-30T09:43:27.510+0000] {logging_mixin.py:188} INFO - [2026-04-30T09:43:27.509+0000] {dagbag.py:545} INFO - Filling up the DagBag from /home/airflow/.local/lib/python3.12/site-packages/airflow/example_dags/tutorial.py
[2026-04-30T09:43:27.514+0000] {processor.py:840} INFO - DAG(s) 'tutorial' retrieved from /home/airflow/.local/lib/python3.12/site-packages/airflow/example_dags/tutorial.py
[2026-04-30T09:43:27.532+0000] {logging_mixin.py:188} INFO - [2026-04-30T09:43:27.531+0000] {dag.py:3096} INFO - Sync 1 DAGs
[2026-04-30T09:43:27.551+0000] {logging_mixin.py:188} INFO - [2026-04-30T09:43:27.551+0000] {dag.py:3954} INFO - Setting next_dagrun for tutorial to 2026-04-29 00:00:00+00:00, run_after=2026-04-30 00:00:00+00:00
[2026-04-30T09:43:27.567+0000] {processor.py:183} INFO - Processing /home/airflow/.local/lib/python3.12/site-packages/airflow/example_dags/tutorial.py took 0.064 seconds
[2026-04-30T09:43:57.655+0000] {processor.py:161} INFO - Started process (PID=426) to work on /home/airflow/.local/lib/python3.12/site-packages/airflow/example_dags/tutorial.py
[2026-04-30T09:43:57.656+0000] {processor.py:830} INFO - Processing file /home/airflow/.local/lib/python3.12/site-packages/airflow/example_dags/tutorial.py for tasks to queue
[2026-04-30T09:43:57.657+0000] {logging_mixin.py:188} INFO - [2026-04-30T09:43:57.657+0000] {dagbag.py:545} INFO - Filling up the DagBag from /home/airflow/.local/lib/python3.12/site-packages/airflow/example_dags/tutorial.py
[2026-04-30T09:43:57.662+0000] {processor.py:840} INFO - DAG(s) 'tutorial' retrieved from /home/airflow/.local/lib/python3.12/site-packages/airflow/example_dags/tutorial.py
[2026-04-30T09:43:57.683+0000] {logging_mixin.py:188} INFO - [2026-04-30T09:43:57.683+0000] {dag.py:3096} INFO - Sync 1 DAGs
[2026-04-30T09:43:57.703+0000] {logging_mixin.py:188} INFO - [2026-04-30T09:43:57.703+0000] {dag.py:3954} INFO - Setting next_dagrun for tutorial to 2026-04-29 00:00:00+00:00, run_after=2026-04-30 00:00:00+00:00
[2026-04-30T09:43:57.718+0000] {processor.py:183} INFO - Processing /home/airflow/.local/lib/python3.12/site-packages/airflow/example_dags/tutorial.py took 0.068 seconds
[2026-04-30T09:44:27.999+0000] {processor.py:161} INFO - Started process (PID=484) to work on /home/airflow/.local/lib/python3.12/site-packages/airflow/example_dags/tutorial.py
[2026-04-30T09:44:28.000+0000] {processor.py:830} INFO - Processing file /home/airflow/.local/lib/python3.12/site-packages/airflow/example_dags/tutorial.py for tasks to queue
[2026-04-30T09:44:28.002+0000] {logging_mixin.py:188} INFO - [2026-04-30T09:44:28.002+0000] {dagbag.py:545} INFO - Filling up the DagBag from /home/airflow/.local/lib/python3.12/site-packages/airflow/example_dags/tutorial.py
[2026-04-30T09:44:28.009+0000] {processor.py:840} INFO - DAG(s) 'tutorial' retrieved from /home/airflow/.local/lib/python3.12/site-packages/airflow/example_dags/tutorial.py
[2026-04-30T09:44:28.031+0000] {logging_mixin.py:188} INFO - [2026-04-30T09:44:28.031+0000] {dag.py:3096} INFO - Sync 1 DAGs
[2026-04-30T09:44:28.052+0000] {logging_mixin.py:188} INFO - [2026-04-30T09:44:28.052+0000] {dag.py:3954} INFO - Setting next_dagrun for tutorial to 2026-04-29 00:00:00+00:00, run_after=2026-04-30 00:00:00+00:00
[2026-04-30T09:44:28.068+0000] {processor.py:183} INFO - Processing /home/airflow/.local/lib/python3.12/site-packages/airflow/example_dags/tutorial.py took 0.075 seconds
[2026-04-30T09:44:58.196+0000] {processor.py:161} INFO - Started process (PID=542) to work on /home/airflow/.local/lib/python3.12/site-packages/airflow/example_dags/tutorial.py
[2026-04-30T09:44:58.196+0000] {processor.py:830} INFO - Processing file /home/airflow/.local/lib/python3.12/site-packages/airflow/example_dags/tutorial.py for tasks to queue
[2026-04-30T09:44:58.198+0000] {logging_mixin.py:188} INFO - [2026-04-30T09:44:58.197+0000] {dagbag.py:545} INFO - Filling up the DagBag from /home/airflow/.local/lib/python3.12/site-packages/airflow/example_dags/tutorial.py
[2026-04-30T09:44:58.202+0000] {processor.py:840} INFO - DAG(s) 'tutorial' retrieved from /home/airflow/.local/lib/python3.12/site-packages/airflow/example_dags/tutorial.py
[2026-04-30T09:44:58.224+0000] {logging_mixin.py:188} INFO - [2026-04-30T09:44:58.223+0000] {dag.py:3096} INFO - Sync 1 DAGs
[2026-04-30T09:44:58.249+0000] {logging_mixin.py:188} INFO - [2026-04-30T09:44:58.249+0000] {dag.py:3954} INFO - Setting next_dagrun for tutorial to 2026-04-29 00:00:00+00:00, run_after=2026-04-30 00:00:00+00:00
[2026-04-30T09:44:58.264+0000] {processor.py:183} INFO - Processing /home/airflow/.local/lib/python3.12/site-packages/airflow/example_dags/tutorial.py took 0.073 seconds
[2026-04-30T09:45:28.715+0000] {processor.py:161} INFO - Started process (PID=600) to work on /home/airflow/.local/lib/python3.12/site-packages/airflow/example_dags/tutorial.py
[2026-04-30T09:45:28.715+0000] {processor.py:830} INFO - Processing file /home/airflow/.local/lib/python3.12/site-packages/airflow/example_dags/tutorial.py for tasks to queue
[2026-04-30T09:45:28.717+0000] {logging_mixin.py:188} INFO - [2026-04-30T09:45:28.717+0000] {dagbag.py:545} INFO - Filling up the DagBag from /home/airflow/.local/lib/python3.12/site-packages/airflow/example_dags/tutorial.py
[2026-04-30T09:45:28.721+0000] {processor.py:840} INFO - DAG(s) 'tutorial' retrieved from /home/airflow/.local/lib/python3.12/site-packages/airflow/example_dags/tutorial.py
[2026-04-30T09:45:28.739+0000] {logging_mixin.py:188} INFO - [2026-04-30T09:45:28.739+0000] {dag.py:3096} INFO - Sync 1 DAGs
[2026-04-30T09:45:28.758+0000] {logging_mixin.py:188} INFO - [2026-04-30T09:45:28.758+0000] {dag.py:3954} INFO - Setting next_dagrun for tutorial to 2026-04-29 00:00:00+00:00, run_after=2026-04-30 00:00:00+00:00
[2026-04-30T09:45:28.773+0000] {processor.py:183} INFO - Processing /home/airflow/.local/lib/python3.12/site-packages/airflow/example_dags/tutorial.py took 0.063 seconds
[2026-04-30T09:45:59.036+0000] {processor.py:161} INFO - Started process (PID=658) to work on /home/airflow/.local/lib/python3.12/site-packages/airflow/example_dags/tutorial.py
[2026-04-30T09:45:59.037+0000] {processor.py:830} INFO - Processing file /home/airflow/.local/lib/python3.12/site-packages/airflow/example_dags/tutorial.py for tasks to queue
[2026-04-30T09:45:59.039+0000] {logging_mixin.py:188} INFO - [2026-04-30T09:45:59.039+0000] {dagbag.py:545} INFO - Filling up the DagBag from /home/airflow/.local/lib/python3.12/site-packages/airflow/example_dags/tutorial.py
[2026-04-30T09:45:59.045+0000] {processor.py:840} INFO - DAG(s) 'tutorial' retrieved from /home/airflow/.local/lib/python3.12/site-packages/airflow/example_dags/tutorial.py
[2026-04-30T09:45:59.062+0000] {logging_mixin.py:188} INFO - [2026-04-30T09:45:59.062+0000] {dag.py:3096} INFO - Sync 1 DAGs
[2026-04-30T09:45:59.085+0000] {logging_mixin.py:188} INFO - [2026-04-30T09:45:59.085+0000] {dag.py:3954} INFO - Setting next_dagrun for tutorial to 2026-04-29 00:00:00+00:00, run_after=2026-04-30 00:00:00+00:00
[2026-04-30T09:45:59.103+0000] {processor.py:183} INFO - Processing /home/airflow/.local/lib/python3.12/site-packages/airflow/example_dags/tutorial.py took 0.074 seconds
[2026-04-30T09:46:29.217+0000] {processor.py:161} INFO - Started process (PID=716) to work on /home/airflow/.local/lib/python3.12/site-packages/airflow/example_dags/tutorial.py
[2026-04-30T09:46:29.218+0000] {processor.py:830} INFO - Processing file /home/airflow/.local/lib/python3.12/site-packages/airflow/example_dags/tutorial.py for tasks to queue
[2026-04-30T09:46:29.220+0000] {logging_mixin.py:188} INFO - [2026-04-30T09:46:29.219+0000] {dagbag.py:545} INFO - Filling up the DagBag from /home/airflow/.local/lib/python3.12/site-packages/airflow/example_dags/tutorial.py
[2026-04-30T09:46:29.225+0000] {processor.py:840} INFO - DAG(s) 'tutorial' retrieved from /home/airflow/.local/lib/python3.12/site-packages/airflow/example_dags/tutorial.py
[2026-04-30T09:46:29.245+0000] {logging_mixin.py:188} INFO - [2026-04-30T09:46:29.245+0000] {dag.py:3096} INFO - Sync 1 DAGs
[2026-04-30T09:46:29.266+0000] {logging_mixin.py:188} INFO - [2026-04-30T09:46:29.266+0000] {dag.py:3954} INFO - Setting next_dagrun for tutorial to 2026-04-29 00:00:00+00:00, run_after=2026-04-30 00:00:00+00:00
[2026-04-30T09:46:29.281+0000] {processor.py:183} INFO - Processing /home/airflow/.local/lib/python3.12/site-packages/airflow/example_dags/tutorial.py took 0.069 seconds
[2026-04-30T09:46:59.462+0000] {processor.py:161} INFO - Started process (PID=774) to work on /home/airflow/.local/lib/python3.12/site-packages/airflow/example_dags/tutorial.py
[2026-04-30T09:46:59.462+0000] {processor.py:830} INFO - Processing file /home/airflow/.local/lib/python3.12/site-packages/airflow/example_dags/tutorial.py for tasks to queue
[2026-04-30T09:46:59.464+0000] {logging_mixin.py:188} INFO - [2026-04-30T09:46:59.463+0000] {dagbag.py:545} INFO - Filling up the DagBag from /home/airflow/.local/lib/python3.12/site-packages/airflow/example_dags/tutorial.py
[2026-04-30T09:46:59.469+0000] {processor.py:840} INFO - DAG(s) 'tutorial' retrieved from /home/airflow/.local/lib/python3.12/site-packages/airflow/example_dags/tutorial.py
[2026-04-30T09:46:59.488+0000] {logging_mixin.py:188} INFO - [2026-04-30T09:46:59.487+0000] {dag.py:3096} INFO - Sync 1 DAGs
[2026-04-30T09:46:59.512+0000] {logging_mixin.py:188} INFO - [2026-04-30T09:46:59.512+0000] {dag.py:3954} INFO - Setting next_dagrun for tutorial to 2026-04-29 00:00:00+00:00, run_after=2026-04-30 00:00:00+00:00
[2026-04-30T09:46:59.527+0000] {processor.py:183} INFO - Processing /home/airflow/.local/lib/python3.12/site-packages/airflow/example_dags/tutorial.py took 0.071 seconds
[2026-04-30T09:47:29.725+0000] {processor.py:161} INFO - Started process (PID=832) to work on /home/airflow/.local/lib/python3.12/site-packages/airflow/example_dags/tutorial.py
[2026-04-30T09:47:29.726+0000] {processor.py:830} INFO - Processing file /home/airflow/.local/lib/python3.12/site-packages/airflow/example_dags/tutorial.py for tasks to queue
[2026-04-30T09:47:29.728+0000] {logging_mixin.py:188} INFO - [2026-04-30T09:47:29.727+0000] {dagbag.py:545} INFO - Filling up the DagBag from /home/airflow/.local/lib/python3.12/site-packages/airflow/example_dags/tutorial.py
[2026-04-30T09:47:29.733+0000] {processor.py:840} INFO - DAG(s) 'tutorial' retrieved from /home/airflow/.local/lib/python3.12/site-packages/airflow/example_dags/tutorial.py
[2026-04-30T09:47:29.750+0000] {logging_mixin.py:188} INFO - [2026-04-30T09:47:29.750+0000] {dag.py:3096} INFO - Sync 1 DAGs
[2026-04-30T09:47:29.772+0000] {logging_mixin.py:188} INFO - [2026-04-30T09:47:29.771+0000] {dag.py:3954} INFO - Setting next_dagrun for tutorial to 2026-04-29 00:00:00+00:00, run_after=2026-04-30 00:00:00+00:00
[2026-04-30T09:47:29.787+0000] {processor.py:183} INFO - Processing /home/airflow/.local/lib/python3.12/site-packages/airflow/example_dags/tutorial.py took 0.066 seconds
[2026-04-30T09:47:59.893+0000] {processor.py:161} INFO - Started process (PID=890) to work on /home/airflow/.local/lib/python3.12/site-packages/airflow/example_dags/tutorial.py
[2026-04-30T09:47:59.894+0000] {processor.py:830} INFO - Processing file /home/airflow/.local/lib/python3.12/site-packages/airflow/example_dags/tutorial.py for tasks to queue
[2026-04-30T09:47:59.895+0000] {logging_mixin.py:188} INFO - [2026-04-30T09:47:59.895+0000] {dagbag.py:545} INFO - Filling up the DagBag from /home/airflow/.local/lib/python3.12/site-packages/airflow/example_dags/tutorial.py
[2026-04-30T09:47:59.900+0000] {processor.py:840} INFO - DAG(s) 'tutorial' retrieved from /home/airflow/.local/lib/python3.12/site-packages/airflow/example_dags/tutorial.py
[2026-04-30T09:47:59.918+0000] {logging_mixin.py:188} INFO - [2026-04-30T09:47:59.918+0000] {dag.py:3096} INFO - Sync 1 DAGs
[2026-04-30T09:47:59.937+0000] {logging_mixin.py:188} INFO - [2026-04-30T09:47:59.937+0000] {dag.py:3954} INFO - Setting next_dagrun for tutorial to 2026-04-29 00:00:00+00:00, run_after=2026-04-30 00:00:00+00:00
[2026-04-30T09:47:59.953+0000] {processor.py:183} INFO - Processing /home/airflow/.local/lib/python3.12/site-packages/airflow/example_dags/tutorial.py took 0.065 seconds
[2026-04-30T09:48:30.150+0000] {processor.py:161} INFO - Started process (PID=948) to work on /home/airflow/.local/lib/python3.12/site-packages/airflow/example_dags/tutorial.py
[2026-04-30T09:48:30.150+0000] {processor.py:830} INFO - Processing file /home/airflow/.local/lib/python3.12/site-packages/airflow/example_dags/tutorial.py for tasks to queue
[2026-04-30T09:48:30.152+0000] {logging_mixin.py:188} INFO - [2026-04-30T09:48:30.151+0000] {dagbag.py:545} INFO - Filling up the DagBag from /home/airflow/.local/lib/python3.12/site-packages/airflow/example_dags/tutorial.py
[2026-04-30T09:48:30.157+0000] {processor.py:840} INFO - DAG(s) 'tutorial' retrieved from /home/airflow/.local/lib/python3.12/site-packages/airflow/example_dags/tutorial.py
[2026-04-30T09:48:30.174+0000] {logging_mixin.py:188} INFO - [2026-04-30T09:48:30.174+0000] {dag.py:3096} INFO - Sync 1 DAGs
[2026-04-30T09:48:30.194+0000] {logging_mixin.py:188} INFO - [2026-04-30T09:48:30.194+0000] {dag.py:3954} INFO - Setting next_dagrun for tutorial to 2026-04-29 00:00:00+00:00, run_after=2026-04-30 00:00:00+00:00
[2026-04-30T09:48:30.210+0000] {processor.py:183} INFO - Processing /home/airflow/.local/lib/python3.12/site-packages/airflow/example_dags/tutorial.py took 0.065 seconds
[2026-04-30T09:49:01.091+0000] {processor.py:161} INFO - Started process (PID=1006) to work on /home/airflow/.local/lib/python3.12/site-packages/airflow/example_dags/tutorial.py
[2026-04-30T09:49:01.092+0000] {processor.py:830} INFO - Processing file /home/airflow/.local/lib/python3.12/site-packages/airflow/example_dags/tutorial.py for tasks to queue
[2026-04-30T09:49:01.093+0000] {logging_mixin.py:188} INFO - [2026-04-30T09:49:01.093+0000] {dagbag.py:545} INFO - Filling up the DagBag from /home/airflow/.local/lib/python3.12/site-packages/airflow/example_dags/tutorial.py
[2026-04-30T09:49:01.098+0000] {processor.py:840} INFO - DAG(s) 'tutorial' retrieved from /home/airflow/.local/lib/python3.12/site-packages/airflow/example_dags/tutorial.py
[2026-04-30T09:49:01.115+0000] {logging_mixin.py:188} INFO - [2026-04-30T09:49:01.114+0000] {dag.py:3096} INFO - Sync 1 DAGs
[2026-04-30T09:49:01.133+0000] {logging_mixin.py:188} INFO - [2026-04-30T09:49:01.132+0000] {dag.py:3954} INFO - Setting next_dagrun for tutorial to 2026-04-29 00:00:00+00:00, run_after=2026-04-30 00:00:00+00:00
[2026-04-30T09:49:01.147+0000] {processor.py:183} INFO - Processing /home/airflow/.local/lib/python3.12/site-packages/airflow/example_dags/tutorial.py took 0.061 seconds
[2026-04-30T09:49:31.286+0000] {processor.py:161} INFO - Started process (PID=1064) to work on /home/airflow/.local/lib/python3.12/site-packages/airflow/example_dags/tutorial.py
[2026-04-30T09:49:31.287+0000] {processor.py:830} INFO - Processing file /home/airflow/.local/lib/python3.12/site-packages/airflow/example_dags/tutorial.py for tasks to queue
[2026-04-30T09:49:31.289+0000] {logging_mixin.py:188} INFO - [2026-04-30T09:49:31.289+0000] {dagbag.py:545} INFO - Filling up the DagBag from /home/airflow/.local/lib/python3.12/site-packages/airflow/example_dags/tutorial.py
[2026-04-30T09:49:31.296+0000] {processor.py:840} INFO - DAG(s) 'tutorial' retrieved from /home/airflow/.local/lib/python3.12/site-packages/airflow/example_dags/tutorial.py
[2026-04-30T09:49:31.324+0000] {logging_mixin.py:188} INFO - [2026-04-30T09:49:31.324+0000] {dag.py:3096} INFO - Sync 1 DAGs
[2026-04-30T09:49:31.347+0000] {logging_mixin.py:188} INFO - [2026-04-30T09:49:31.347+0000] {dag.py:3954} INFO - Setting next_dagrun for tutorial to 2026-04-29 00:00:00+00:00, run_after=2026-04-30 00:00:00+00:00
[2026-04-30T09:49:31.374+0000] {processor.py:183} INFO - Processing /home/airflow/.local/lib/python3.12/site-packages/airflow/example_dags/tutorial.py took 0.095 seconds
[2026-04-30T09:50:01.554+0000] {processor.py:161} INFO - Started process (PID=1122) to work on /home/airflow/.local/lib/python3.12/site-packages/airflow/example_dags/tutorial.py
[2026-04-30T09:50:01.555+0000] {processor.py:830} INFO - Processing file /home/airflow/.local/lib/python3.12/site-packages/airflow/example_dags/tutorial.py for tasks to queue
[2026-04-30T09:50:01.557+0000] {logging_mixin.py:188} INFO - [2026-04-30T09:50:01.557+0000] {dagbag.py:545} INFO - Filling up the DagBag from /home/airflow/.local/lib/python3.12/site-packages/airflow/example_dags/tutorial.py
[2026-04-30T09:50:01.564+0000] {processor.py:840} INFO - DAG(s) 'tutorial' retrieved from /home/airflow/.local/lib/python3.12/site-packages/airflow/example_dags/tutorial.py
[2026-04-30T09:50:01.591+0000] {logging_mixin.py:188} INFO - [2026-04-30T09:50:01.591+0000] {dag.py:3096} INFO - Sync 1 DAGs
[2026-04-30T09:50:01.617+0000] {logging_mixin.py:188} INFO - [2026-04-30T09:50:01.617+0000] {dag.py:3954} INFO - Setting next_dagrun for tutorial to 2026-04-29 00:00:00+00:00, run_after=2026-04-30 00:00:00+00:00
[2026-04-30T09:50:01.636+0000] {processor.py:183} INFO - Processing /home/airflow/.local/lib/python3.12/site-packages/airflow/example_dags/tutorial.py took 0.088 seconds
[2026-04-30T09:50:31.890+0000] {processor.py:161} INFO - Started process (PID=1180) to work on /home/airflow/.local/lib/python3.12/site-packages/airflow/example_dags/tutorial.py
[2026-04-30T09:50:31.890+0000] {processor.py:830} INFO - Processing file /home/airflow/.local/lib/python3.12/site-packages/airflow/example_dags/tutorial.py for tasks to queue
[2026-04-30T09:50:31.892+0000] {logging_mixin.py:188} INFO - [2026-04-30T09:50:31.891+0000] {dagbag.py:545} INFO - Filling up the DagBag from /home/airflow/.local/lib/python3.12/site-packages/airflow/example_dags/tutorial.py
[2026-04-30T09:50:31.897+0000] {processor.py:840} INFO - DAG(s) 'tutorial' retrieved from /home/airflow/.local/lib/python3.12/site-packages/airflow/example_dags/tutorial.py
[2026-04-30T09:50:31.918+0000] {logging_mixin.py:188} INFO - [2026-04-30T09:50:31.917+0000] {dag.py:3096} INFO - Sync 1 DAGs
[2026-04-30T09:50:31.943+0000] {logging_mixin.py:188} INFO - [2026-04-30T09:50:31.943+0000] {dag.py:3954} INFO - Setting next_dagrun for tutorial to 2026-04-29 00:00:00+00:00, run_after=2026-04-30 00:00:00+00:00
[2026-04-30T09:50:31.959+0000] {processor.py:183} INFO - Processing /home/airflow/.local/lib/python3.12/site-packages/airflow/example_dags/tutorial.py took 0.074 seconds
[2026-04-30T09:51:02.079+0000] {processor.py:161} INFO - Started process (PID=1238) to work on /home/airflow/.local/lib/python3.12/site-packages/airflow/example_dags/tutorial.py
[2026-04-30T09:51:02.079+0000] {processor.py:830} INFO - Processing file /home/airflow/.local/lib/python3.12/site-packages/airflow/example_dags/tutorial.py for tasks to queue
[2026-04-30T09:51:02.081+0000] {logging_mixin.py:188} INFO - [2026-04-30T09:51:02.080+0000] {dagbag.py:545} INFO - Filling up the DagBag from /home/airflow/.local/lib/python3.12/site-packages/airflow/example_dags/tutorial.py
[2026-04-30T09:51:02.086+0000] {processor.py:840} INFO - DAG(s) 'tutorial' retrieved from /home/airflow/.local/lib/python3.12/site-packages/airflow/example_dags/tutorial.py
[2026-04-30T09:51:02.105+0000] {logging_mixin.py:188} INFO - [2026-04-30T09:51:02.104+0000] {dag.py:3096} INFO - Sync 1 DAGs
[2026-04-30T09:51:02.127+0000] {logging_mixin.py:188} INFO - [2026-04-30T09:51:02.127+0000] {dag.py:3954} INFO - Setting next_dagrun for tutorial to 2026-04-29 00:00:00+00:00, run_after=2026-04-30 00:00:00+00:00
[2026-04-30T09:51:02.143+0000] {processor.py:183} INFO - Processing /home/airflow/.local/lib/python3.12/site-packages/airflow/example_dags/tutorial.py took 0.070 seconds
[2026-04-30T09:51:32.211+0000] {processor.py:161} INFO - Started process (PID=1296) to work on /home/airflow/.local/lib/python3.12/site-packages/airflow/example_dags/tutorial.py
[2026-04-30T09:51:32.212+0000] {processor.py:830} INFO - Processing file /home/airflow/.local/lib/python3.12/site-packages/airflow/example_dags/tutorial.py for tasks to queue
[2026-04-30T09:51:32.213+0000] {logging_mixin.py:188} INFO - [2026-04-30T09:51:32.213+0000] {dagbag.py:545} INFO - Filling up the DagBag from /home/airflow/.local/lib/python3.12/site-packages/airflow/example_dags/tutorial.py
[2026-04-30T09:51:32.219+0000] {processor.py:840} INFO - DAG(s) 'tutorial' retrieved from /home/airflow/.local/lib/python3.12/site-packages/airflow/example_dags/tutorial.py
[2026-04-30T09:51:32.239+0000] {logging_mixin.py:188} INFO - [2026-04-30T09:51:32.239+0000] {dag.py:3096} INFO - Sync 1 DAGs
[2026-04-30T09:51:32.267+0000] {logging_mixin.py:188} INFO - [2026-04-30T09:51:32.267+0000] {dag.py:3954} INFO - Setting next_dagrun for tutorial to 2026-04-29 00:00:00+00:00, run_after=2026-04-30 00:00:00+00:00
[2026-04-30T09:51:32.285+0000] {processor.py:183} INFO - Processing /home/airflow/.local/lib/python3.12/site-packages/airflow/example_dags/tutorial.py took 0.079 seconds
[2026-04-30T09:52:02.364+0000] {processor.py:161} INFO - Started process (PID=1354) to work on /home/airflow/.local/lib/python3.12/site-packages/airflow/example_dags/tutorial.py
[2026-04-30T09:52:02.365+0000] {processor.py:830} INFO - Processing file /home/airflow/.local/lib/python3.12/site-packages/airflow/example_dags/tutorial.py for tasks to queue
[2026-04-30T09:52:02.366+0000] {logging_mixin.py:188} INFO - [2026-04-30T09:52:02.366+0000] {dagbag.py:545} INFO - Filling up the DagBag from /home/airflow/.local/lib/python3.12/site-packages/airflow/example_dags/tutorial.py
[2026-04-30T09:52:02.373+0000] {processor.py:840} INFO - DAG(s) 'tutorial' retrieved from /home/airflow/.local/lib/python3.12/site-packages/airflow/example_dags/tutorial.py
[2026-04-30T09:52:02.399+0000] {logging_mixin.py:188} INFO - [2026-04-30T09:52:02.399+0000] {dag.py:3096} INFO - Sync 1 DAGs
[2026-04-30T09:52:02.424+0000] {logging_mixin.py:188} INFO - [2026-04-30T09:52:02.424+0000] {dag.py:3954} INFO - Setting next_dagrun for tutorial to 2026-04-29 00:00:00+00:00, run_after=2026-04-30 00:00:00+00:00
[2026-04-30T09:52:02.440+0000] {processor.py:183} INFO - Processing /home/airflow/.local/lib/python3.12/site-packages/airflow/example_dags/tutorial.py took 0.083 seconds
[2026-04-30T09:52:32.570+0000] {processor.py:161} INFO - Started process (PID=1412) to work on /home/airflow/.local/lib/python3.12/site-packages/airflow/example_dags/tutorial.py
[2026-04-30T09:52:32.571+0000] {processor.py:830} INFO - Processing file /home/airflow/.local/lib/python3.12/site-packages/airflow/example_dags/tutorial.py for tasks to queue
[2026-04-30T09:52:32.573+0000] {logging_mixin.py:188} INFO - [2026-04-30T09:52:32.573+0000] {dagbag.py:545} INFO - Filling up the DagBag from /home/airflow/.local/lib/python3.12/site-packages/airflow/example_dags/tutorial.py
[2026-04-30T09:52:32.579+0000] {processor.py:840} INFO - DAG(s) 'tutorial' retrieved from /home/airflow/.local/lib/python3.12/site-packages/airflow/example_dags/tutorial.py
[2026-04-30T09:52:32.596+0000] {logging_mixin.py:188} INFO - [2026-04-30T09:52:32.596+0000] {dag.py:3096} INFO - Sync 1 DAGs
[2026-04-30T09:52:32.616+0000] {logging_mixin.py:188} INFO - [2026-04-30T09:52:32.615+0000] {dag.py:3954} INFO - Setting next_dagrun for tutorial to 2026-04-29 00:00:00+00:00, run_after=2026-04-30 00:00:00+00:00
[2026-04-30T09:52:32.631+0000] {processor.py:183} INFO - Processing /home/airflow/.local/lib/python3.12/site-packages/airflow/example_dags/tutorial.py took 0.068 seconds
[2026-04-30T09:53:02.693+0000] {processor.py:161} INFO - Started process (PID=1470) to work on /home/airflow/.local/lib/python3.12/site-packages/airflow/example_dags/tutorial.py
[2026-04-30T09:53:02.693+0000] {processor.py:830} INFO - Processing file /home/airflow/.local/lib/python3.12/site-packages/airflow/example_dags/tutorial.py for tasks to queue
[2026-04-30T09:53:02.695+0000] {logging_mixin.py:188} INFO - [2026-04-30T09:53:02.695+0000] {dagbag.py:545} INFO - Filling up the DagBag from /home/airflow/.local/lib/python3.12/site-packages/airflow/example_dags/tutorial.py
[2026-04-30T09:53:02.700+0000] {processor.py:840} INFO - DAG(s) 'tutorial' retrieved from /home/airflow/.local/lib/python3.12/site-packages/airflow/example_dags/tutorial.py
[2026-04-30T09:53:02.721+0000] {logging_mixin.py:188} INFO - [2026-04-30T09:53:02.721+0000] {dag.py:3096} INFO - Sync 1 DAGs
[2026-04-30T09:53:02.746+0000] {logging_mixin.py:188} INFO - [2026-04-30T09:53:02.746+0000] {dag.py:3954} INFO - Setting next_dagrun for tutorial to 2026-04-29 00:00:00+00:00, run_after=2026-04-30 00:00:00+00:00
[2026-04-30T09:53:02.765+0000] {processor.py:183} INFO - Processing /home/airflow/.local/lib/python3.12/site-packages/airflow/example_dags/tutorial.py took 0.077 seconds
[2026-04-30T09:53:33.009+0000] {processor.py:161} INFO - Started process (PID=1528) to work on /home/airflow/.local/lib/python3.12/site-packages/airflow/example_dags/tutorial.py
[2026-04-30T09:53:33.010+0000] {processor.py:830} INFO - Processing file /home/airflow/.local/lib/python3.12/site-packages/airflow/example_dags/tutorial.py for tasks to queue
[2026-04-30T09:53:33.011+0000] {logging_mixin.py:188} INFO - [2026-04-30T09:53:33.011+0000] {dagbag.py:545} INFO - Filling up the DagBag from /home/airflow/.local/lib/python3.12/site-packages/airflow/example_dags/tutorial.py
[2026-04-30T09:53:33.018+0000] {processor.py:840} INFO - DAG(s) 'tutorial' retrieved from /home/airflow/.local/lib/python3.12/site-packages/airflow/example_dags/tutorial.py
[2026-04-30T09:53:33.035+0000] {logging_mixin.py:188} INFO - [2026-04-30T09:53:33.035+0000] {dag.py:3096} INFO - Sync 1 DAGs
[2026-04-30T09:53:33.061+0000] {logging_mixin.py:188} INFO - [2026-04-30T09:53:33.060+0000] {dag.py:3954} INFO - Setting next_dagrun for tutorial to 2026-04-29 00:00:00+00:00, run_after=2026-04-30 00:00:00+00:00
[2026-04-30T09:53:33.080+0000] {processor.py:183} INFO - Processing /home/airflow/.local/lib/python3.12/site-packages/airflow/example_dags/tutorial.py took 0.078 seconds
[2026-04-30T09:54:03.443+0000] {processor.py:161} INFO - Started process (PID=1586) to work on /home/airflow/.local/lib/python3.12/site-packages/airflow/example_dags/tutorial.py
[2026-04-30T09:54:03.444+0000] {processor.py:830} INFO - Processing file /home/airflow/.local/lib/python3.12/site-packages/airflow/example_dags/tutorial.py for tasks to queue
[2026-04-30T09:54:03.445+0000] {logging_mixin.py:188} INFO - [2026-04-30T09:54:03.445+0000] {dagbag.py:545} INFO - Filling up the DagBag from /home/airflow/.local/lib/python3.12/site-packages/airflow/example_dags/tutorial.py
[2026-04-30T09:54:03.450+0000] {processor.py:840} INFO - DAG(s) 'tutorial' retrieved from /home/airflow/.local/lib/python3.12/site-packages/airflow/example_dags/tutorial.py
[2026-04-30T09:54:03.471+0000] {logging_mixin.py:188} INFO - [2026-04-30T09:54:03.471+0000] {dag.py:3096} INFO - Sync 1 DAGs
[2026-04-30T09:54:03.490+0000] {logging_mixin.py:188} INFO - [2026-04-30T09:54:03.490+0000] {dag.py:3954} INFO - Setting next_dagrun for tutorial to 2026-04-29 00:00:00+00:00, run_after=2026-04-30 00:00:00+00:00
[2026-04-30T09:54:03.505+0000] {processor.py:183} INFO - Processing /home/airflow/.local/lib/python3.12/site-packages/airflow/example_dags/tutorial.py took 0.068 seconds
[2026-04-30T09:54:33.823+0000] {processor.py:161} INFO - Started process (PID=1644) to work on /home/airflow/.local/lib/python3.12/site-packages/airflow/example_dags/tutorial.py
[2026-04-30T09:54:33.824+0000] {processor.py:830} INFO - Processing file /home/airflow/.local/lib/python3.12/site-packages/airflow/example_dags/tutorial.py for tasks to queue
[2026-04-30T09:54:33.826+0000] {logging_mixin.py:188} INFO - [2026-04-30T09:54:33.826+0000] {dagbag.py:545} INFO - Filling up the DagBag from /home/airflow/.local/lib/python3.12/site-packages/airflow/example_dags/tutorial.py
[2026-04-30T09:54:33.832+0000] {processor.py:840} INFO - DAG(s) 'tutorial' retrieved from /home/airflow/.local/lib/python3.12/site-packages/airflow/example_dags/tutorial.py
[2026-04-30T09:54:33.851+0000] {logging_mixin.py:188} INFO - [2026-04-30T09:54:33.851+0000] {dag.py:3096} INFO - Sync 1 DAGs
[2026-04-30T09:54:33.872+0000] {logging_mixin.py:188} INFO - [2026-04-30T09:54:33.871+0000] {dag.py:3954} INFO - Setting next_dagrun for tutorial to 2026-04-29 00:00:00+00:00, run_after=2026-04-30 00:00:00+00:00
[2026-04-30T09:54:33.890+0000] {processor.py:183} INFO - Processing /home/airflow/.local/lib/python3.12/site-packages/airflow/example_dags/tutorial.py took 0.074 seconds
[2026-04-30T09:55:04.446+0000] {processor.py:161} INFO - Started process (PID=1702) to work on /home/airflow/.local/lib/python3.12/site-packages/airflow/example_dags/tutorial.py
[2026-04-30T09:55:04.447+0000] {processor.py:830} INFO - Processing file /home/airflow/.local/lib/python3.12/site-packages/airflow/example_dags/tutorial.py for tasks to queue
[2026-04-30T09:55:04.448+0000] {logging_mixin.py:188} INFO - [2026-04-30T09:55:04.448+0000] {dagbag.py:545} INFO - Filling up the DagBag from /home/airflow/.local/lib/python3.12/site-packages/airflow/example_dags/tutorial.py
[2026-04-30T09:55:04.453+0000] {processor.py:840} INFO - DAG(s) 'tutorial' retrieved from /home/airflow/.local/lib/python3.12/site-packages/airflow/example_dags/tutorial.py
[2026-04-30T09:55:04.470+0000] {logging_mixin.py:188} INFO - [2026-04-30T09:55:04.470+0000] {dag.py:3096} INFO - Sync 1 DAGs
[2026-04-30T09:55:04.489+0000] {logging_mixin.py:188} INFO - [2026-04-30T09:55:04.489+0000] {dag.py:3954} INFO - Setting next_dagrun for tutorial to 2026-04-29 00:00:00+00:00, run_after=2026-04-30 00:00:00+00:00
[2026-04-30T09:55:04.506+0000] {processor.py:183} INFO - Processing /home/airflow/.local/lib/python3.12/site-packages/airflow/example_dags/tutorial.py took 0.066 seconds
[2026-04-30T09:55:35.451+0000] {processor.py:161} INFO - Started process (PID=1760) to work on /home/airflow/.local/lib/python3.12/site-packages/airflow/example_dags/tutorial.py
[2026-04-30T09:55:35.452+0000] {processor.py:830} INFO - Processing file /home/airflow/.local/lib/python3.12/site-packages/airflow/example_dags/tutorial.py for tasks to queue
[2026-04-30T09:55:35.453+0000] {logging_mixin.py:188} INFO - [2026-04-30T09:55:35.453+0000] {dagbag.py:545} INFO - Filling up the DagBag from /home/airflow/.local/lib/python3.12/site-packages/airflow/example_dags/tutorial.py
[2026-04-30T09:55:35.458+0000] {processor.py:840} INFO - DAG(s) 'tutorial' retrieved from /home/airflow/.local/lib/python3.12/site-packages/airflow/example_dags/tutorial.py
[2026-04-30T09:55:35.474+0000] {logging_mixin.py:188} INFO - [2026-04-30T09:55:35.474+0000] {dag.py:3096} INFO - Sync 1 DAGs
[2026-04-30T09:55:35.493+0000] {logging_mixin.py:188} INFO - [2026-04-30T09:55:35.493+0000] {dag.py:3954} INFO - Setting next_dagrun for tutorial to 2026-04-29 00:00:00+00:00, run_after=2026-04-30 00:00:00+00:00
[2026-04-30T09:55:35.509+0000] {processor.py:183} INFO - Processing /home/airflow/.local/lib/python3.12/site-packages/airflow/example_dags/tutorial.py took 0.064 seconds
[2026-04-30T09:56:06.738+0000] {processor.py:161} INFO - Started process (PID=1818) to work on /home/airflow/.local/lib/python3.12/site-packages/airflow/example_dags/tutorial.py
[2026-04-30T09:56:06.739+0000] {processor.py:830} INFO - Processing file /home/airflow/.local/lib/python3.12/site-packages/airflow/example_dags/tutorial.py for tasks to queue
[2026-04-30T09:56:06.741+0000] {logging_mixin.py:188} INFO - [2026-04-30T09:56:06.740+0000] {dagbag.py:545} INFO - Filling up the DagBag from /home/airflow/.local/lib/python3.12/site-packages/airflow/example_dags/tutorial.py
[2026-04-30T09:56:06.747+0000] {processor.py:840} INFO - DAG(s) 'tutorial' retrieved from /home/airflow/.local/lib/python3.12/site-packages/airflow/example_dags/tutorial.py
[2026-04-30T09:56:06.771+0000] {logging_mixin.py:188} INFO - [2026-04-30T09:56:06.771+0000] {dag.py:3096} INFO - Sync 1 DAGs
[2026-04-30T09:56:06.799+0000] {logging_mixin.py:188} INFO - [2026-04-30T09:56:06.799+0000] {dag.py:3954} INFO - Setting next_dagrun for tutorial to 2026-04-29 00:00:00+00:00, run_after=2026-04-30 00:00:00+00:00
[2026-04-30T09:56:06.820+0000] {processor.py:183} INFO - Processing /home/airflow/.local/lib/python3.12/site-packages/airflow/example_dags/tutorial.py took 0.091 seconds
[2026-04-30T09:56:36.923+0000] {processor.py:161} INFO - Started process (PID=1876) to work on /home/airflow/.local/lib/python3.12/site-packages/airflow/example_dags/tutorial.py
[2026-04-30T09:56:36.923+0000] {processor.py:830} INFO - Processing file /home/airflow/.local/lib/python3.12/site-packages/airflow/example_dags/tutorial.py for tasks to queue
[2026-04-30T09:56:36.925+0000] {logging_mixin.py:188} INFO - [2026-04-30T09:56:36.925+0000] {dagbag.py:545} INFO - Filling up the DagBag from /home/airflow/.local/lib/python3.12/site-packages/airflow/example_dags/tutorial.py
[2026-04-30T09:56:36.932+0000] {processor.py:840} INFO - DAG(s) 'tutorial' retrieved from /home/airflow/.local/lib/python3.12/site-packages/airflow/example_dags/tutorial.py
[2026-04-30T09:56:36.951+0000] {logging_mixin.py:188} INFO - [2026-04-30T09:56:36.950+0000] {dag.py:3096} INFO - Sync 1 DAGs
[2026-04-30T09:56:36.970+0000] {logging_mixin.py:188} INFO - [2026-04-30T09:56:36.970+0000] {dag.py:3954} INFO - Setting next_dagrun for tutorial to 2026-04-29 00:00:00+00:00, run_after=2026-04-30 00:00:00+00:00
[2026-04-30T09:56:36.986+0000] {processor.py:183} INFO - Processing /home/airflow/.local/lib/python3.12/site-packages/airflow/example_dags/tutorial.py took 0.069 seconds
[2026-04-30T09:57:07.057+0000] {processor.py:161} INFO - Started process (PID=1934) to work on /home/airflow/.local/lib/python3.12/site-packages/airflow/example_dags/tutorial.py
[2026-04-30T09:57:07.058+0000] {processor.py:830} INFO - Processing file /home/airflow/.local/lib/python3.12/site-packages/airflow/example_dags/tutorial.py for tasks to queue
[2026-04-30T09:57:07.059+0000] {logging_mixin.py:188} INFO - [2026-04-30T09:57:07.059+0000] {dagbag.py:545} INFO - Filling up the DagBag from /home/airflow/.local/lib/python3.12/site-packages/airflow/example_dags/tutorial.py
[2026-04-30T09:57:07.064+0000] {processor.py:840} INFO - DAG(s) 'tutorial' retrieved from /home/airflow/.local/lib/python3.12/site-packages/airflow/example_dags/tutorial.py
[2026-04-30T09:57:07.081+0000] {logging_mixin.py:188} INFO - [2026-04-30T09:57:07.081+0000] {dag.py:3096} INFO - Sync 1 DAGs
[2026-04-30T09:57:07.109+0000] {logging_mixin.py:188} INFO - [2026-04-30T09:57:07.108+0000] {dag.py:3954} INFO - Setting next_dagrun for tutorial to 2026-04-29 00:00:00+00:00, run_after=2026-04-30 00:00:00+00:00
[2026-04-30T09:57:07.128+0000] {processor.py:183} INFO - Processing /home/airflow/.local/lib/python3.12/site-packages/airflow/example_dags/tutorial.py took 0.076 seconds
[2026-04-30T09:57:37.301+0000] {processor.py:161} INFO - Started process (PID=1992) to work on /home/airflow/.local/lib/python3.12/site-packages/airflow/example_dags/tutorial.py
[2026-04-30T09:57:37.302+0000] {processor.py:830} INFO - Processing file /home/airflow/.local/lib/python3.12/site-packages/airflow/example_dags/tutorial.py for tasks to queue
[2026-04-30T09:57:37.303+0000] {logging_mixin.py:188} INFO - [2026-04-30T09:57:37.303+0000] {dagbag.py:545} INFO - Filling up the DagBag from /home/airflow/.local/lib/python3.12/site-packages/airflow/example_dags/tutorial.py
[2026-04-30T09:57:37.310+0000] {processor.py:840} INFO - DAG(s) 'tutorial' retrieved from /home/airflow/.local/lib/python3.12/site-packages/airflow/example_dags/tutorial.py
[2026-04-30T09:57:37.332+0000] {logging_mixin.py:188} INFO - [2026-04-30T09:57:37.331+0000] {dag.py:3096} INFO - Sync 1 DAGs
[2026-04-30T09:57:37.353+0000] {logging_mixin.py:188} INFO - [2026-04-30T09:57:37.353+0000] {dag.py:3954} INFO - Setting next_dagrun for tutorial to 2026-04-29 00:00:00+00:00, run_after=2026-04-30 00:00:00+00:00
[2026-04-30T09:57:37.373+0000] {processor.py:183} INFO - Processing /home/airflow/.local/lib/python3.12/site-packages/airflow/example_dags/tutorial.py took 0.078 seconds
[2026-04-30T09:58:07.502+0000] {processor.py:161} INFO - Started process (PID=2050) to work on /home/airflow/.local/lib/python3.12/site-packages/airflow/example_dags/tutorial.py
[2026-04-30T09:58:07.503+0000] {processor.py:830} INFO - Processing file /home/airflow/.local/lib/python3.12/site-packages/airflow/example_dags/tutorial.py for tasks to queue
[2026-04-30T09:58:07.504+0000] {logging_mixin.py:188} INFO - [2026-04-30T09:58:07.504+0000] {dagbag.py:545} INFO - Filling up the DagBag from /home/airflow/.local/lib/python3.12/site-packages/airflow/example_dags/tutorial.py
[2026-04-30T09:58:07.509+0000] {processor.py:840} INFO - DAG(s) 'tutorial' retrieved from /home/airflow/.local/lib/python3.12/site-packages/airflow/example_dags/tutorial.py
[2026-04-30T09:58:07.527+0000] {logging_mixin.py:188} INFO - [2026-04-30T09:58:07.527+0000] {dag.py:3096} INFO - Sync 1 DAGs
[2026-04-30T09:58:07.549+0000] {logging_mixin.py:188} INFO - [2026-04-30T09:58:07.549+0000] {dag.py:3954} INFO - Setting next_dagrun for tutorial to 2026-04-29 00:00:00+00:00, run_after=2026-04-30 00:00:00+00:00
[2026-04-30T09:58:07.566+0000] {processor.py:183} INFO - Processing /home/airflow/.local/lib/python3.12/site-packages/airflow/example_dags/tutorial.py took 0.069 seconds
[2026-04-30T09:58:37.645+0000] {processor.py:161} INFO - Started process (PID=2108) to work on /home/airflow/.local/lib/python3.12/site-packages/airflow/example_dags/tutorial.py
[2026-04-30T09:58:37.646+0000] {processor.py:830} INFO - Processing file /home/airflow/.local/lib/python3.12/site-packages/airflow/example_dags/tutorial.py for tasks to queue
[2026-04-30T09:58:37.647+0000] {logging_mixin.py:188} INFO - [2026-04-30T09:58:37.647+0000] {dagbag.py:545} INFO - Filling up the DagBag from /home/airflow/.local/lib/python3.12/site-packages/airflow/example_dags/tutorial.py
[2026-04-30T09:58:37.652+0000] {processor.py:840} INFO - DAG(s) 'tutorial' retrieved from /home/airflow/.local/lib/python3.12/site-packages/airflow/example_dags/tutorial.py
[2026-04-30T09:58:37.670+0000] {logging_mixin.py:188} INFO - [2026-04-30T09:58:37.670+0000] {dag.py:3096} INFO - Sync 1 DAGs
[2026-04-30T09:58:37.690+0000] {logging_mixin.py:188} INFO - [2026-04-30T09:58:37.689+0000] {dag.py:3954} INFO - Setting next_dagrun for tutorial to 2026-04-29 00:00:00+00:00, run_after=2026-04-30 00:00:00+00:00
[2026-04-30T09:58:37.708+0000] {processor.py:183} INFO - Processing /home/airflow/.local/lib/python3.12/site-packages/airflow/example_dags/tutorial.py took 0.068 seconds
[2026-04-30T09:59:07.924+0000] {processor.py:161} INFO - Started process (PID=2166) to work on /home/airflow/.local/lib/python3.12/site-packages/airflow/example_dags/tutorial.py
[2026-04-30T09:59:07.925+0000] {processor.py:830} INFO - Processing file /home/airflow/.local/lib/python3.12/site-packages/airflow/example_dags/tutorial.py for tasks to queue
[2026-04-30T09:59:07.927+0000] {logging_mixin.py:188} INFO - [2026-04-30T09:59:07.926+0000] {dagbag.py:545} INFO - Filling up the DagBag from /home/airflow/.local/lib/python3.12/site-packages/airflow/example_dags/tutorial.py
[2026-04-30T09:59:07.932+0000] {processor.py:840} INFO - DAG(s) 'tutorial' retrieved from /home/airflow/.local/lib/python3.12/site-packages/airflow/example_dags/tutorial.py
[2026-04-30T09:59:07.950+0000] {logging_mixin.py:188} INFO - [2026-04-30T09:59:07.949+0000] {dag.py:3096} INFO - Sync 1 DAGs
[2026-04-30T09:59:07.969+0000] {logging_mixin.py:188} INFO - [2026-04-30T09:59:07.969+0000] {dag.py:3954} INFO - Setting next_dagrun for tutorial to 2026-04-29 00:00:00+00:00, run_after=2026-04-30 00:00:00+00:00
[2026-04-30T09:59:07.986+0000] {processor.py:183} INFO - Processing /home/airflow/.local/lib/python3.12/site-packages/airflow/example_dags/tutorial.py took 0.067 seconds
[2026-04-30T09:59:38.454+0000] {processor.py:161} INFO - Started process (PID=2224) to work on /home/airflow/.local/lib/python3.12/site-packages/airflow/example_dags/tutorial.py
[2026-04-30T09:59:38.455+0000] {processor.py:830} INFO - Processing file /home/airflow/.local/lib/python3.12/site-packages/airflow/example_dags/tutorial.py for tasks to queue
[2026-04-30T09:59:38.456+0000] {logging_mixin.py:188} INFO - [2026-04-30T09:59:38.456+0000] {dagbag.py:545} INFO - Filling up the DagBag from /home/airflow/.local/lib/python3.12/site-packages/airflow/example_dags/tutorial.py
[2026-04-30T09:59:38.461+0000] {processor.py:840} INFO - DAG(s) 'tutorial' retrieved from /home/airflow/.local/lib/python3.12/site-packages/airflow/example_dags/tutorial.py
[2026-04-30T09:59:38.478+0000] {logging_mixin.py:188} INFO - [2026-04-30T09:59:38.478+0000] {dag.py:3096} INFO - Sync 1 DAGs
[2026-04-30T09:59:38.499+0000] {logging_mixin.py:188} INFO - [2026-04-30T09:59:38.499+0000] {dag.py:3954} INFO - Setting next_dagrun for tutorial to 2026-04-29 00:00:00+00:00, run_after=2026-04-30 00:00:00+00:00
[2026-04-30T09:59:38.515+0000] {processor.py:183} INFO - Processing /home/airflow/.local/lib/python3.12/site-packages/airflow/example_dags/tutorial.py took 0.066 seconds
[2026-04-30T10:00:09.037+0000] {processor.py:161} INFO - Started process (PID=2282) to work on /home/airflow/.local/lib/python3.12/site-packages/airflow/example_dags/tutorial.py
[2026-04-30T10:00:09.037+0000] {processor.py:830} INFO - Processing file /home/airflow/.local/lib/python3.12/site-packages/airflow/example_dags/tutorial.py for tasks to queue
[2026-04-30T10:00:09.039+0000] {logging_mixin.py:188} INFO - [2026-04-30T10:00:09.039+0000] {dagbag.py:545} INFO - Filling up the DagBag from /home/airflow/.local/lib/python3.12/site-packages/airflow/example_dags/tutorial.py
[2026-04-30T10:00:09.045+0000] {processor.py:840} INFO - DAG(s) 'tutorial' retrieved from /home/airflow/.local/lib/python3.12/site-packages/airflow/example_dags/tutorial.py
[2026-04-30T10:00:09.062+0000] {logging_mixin.py:188} INFO - [2026-04-30T10:00:09.062+0000] {dag.py:3096} INFO - Sync 1 DAGs
[2026-04-30T10:00:09.082+0000] {logging_mixin.py:188} INFO - [2026-04-30T10:00:09.081+0000] {dag.py:3954} INFO - Setting next_dagrun for tutorial to 2026-04-29 00:00:00+00:00, run_after=2026-04-30 00:00:00+00:00
[2026-04-30T10:00:09.097+0000] {processor.py:183} INFO - Processing /home/airflow/.local/lib/python3.12/site-packages/airflow/example_dags/tutorial.py took 0.067 seconds
[2026-04-30T10:00:39.773+0000] {processor.py:161} INFO - Started process (PID=2340) to work on /home/airflow/.local/lib/python3.12/site-packages/airflow/example_dags/tutorial.py
[2026-04-30T10:00:39.774+0000] {processor.py:830} INFO - Processing file /home/airflow/.local/lib/python3.12/site-packages/airflow/example_dags/tutorial.py for tasks to queue
[2026-04-30T10:00:39.776+0000] {logging_mixin.py:188} INFO - [2026-04-30T10:00:39.775+0000] {dagbag.py:545} INFO - Filling up the DagBag from /home/airflow/.local/lib/python3.12/site-packages/airflow/example_dags/tutorial.py
[2026-04-30T10:00:39.781+0000] {processor.py:840} INFO - DAG(s) 'tutorial' retrieved from /home/airflow/.local/lib/python3.12/site-packages/airflow/example_dags/tutorial.py
[2026-04-30T10:00:39.799+0000] {logging_mixin.py:188} INFO - [2026-04-30T10:00:39.799+0000] {dag.py:3096} INFO - Sync 1 DAGs
[2026-04-30T10:00:39.819+0000] {logging_mixin.py:188} INFO - [2026-04-30T10:00:39.818+0000] {dag.py:3954} INFO - Setting next_dagrun for tutorial to 2026-04-29 00:00:00+00:00, run_after=2026-04-30 00:00:00+00:00
[2026-04-30T10:00:39.836+0000] {processor.py:183} INFO - Processing /home/airflow/.local/lib/python3.12/site-packages/airflow/example_dags/tutorial.py took 0.070 seconds
[2026-04-30T10:01:10.250+0000] {processor.py:161} INFO - Started process (PID=2398) to work on /home/airflow/.local/lib/python3.12/site-packages/airflow/example_dags/tutorial.py
[2026-04-30T10:01:10.251+0000] {processor.py:830} INFO - Processing file /home/airflow/.local/lib/python3.12/site-packages/airflow/example_dags/tutorial.py for tasks to queue
[2026-04-30T10:01:10.252+0000] {logging_mixin.py:188} INFO - [2026-04-30T10:01:10.252+0000] {dagbag.py:545} INFO - Filling up the DagBag from /home/airflow/.local/lib/python3.12/site-packages/airflow/example_dags/tutorial.py
[2026-04-30T10:01:10.257+0000] {processor.py:840} INFO - DAG(s) 'tutorial' retrieved from /home/airflow/.local/lib/python3.12/site-packages/airflow/example_dags/tutorial.py
[2026-04-30T10:01:10.279+0000] {logging_mixin.py:188} INFO - [2026-04-30T10:01:10.279+0000] {dag.py:3096} INFO - Sync 1 DAGs
[2026-04-30T10:01:10.301+0000] {logging_mixin.py:188} INFO - [2026-04-30T10:01:10.301+0000] {dag.py:3954} INFO - Setting next_dagrun for tutorial to 2026-04-29 00:00:00+00:00, run_after=2026-04-30 00:00:00+00:00
[2026-04-30T10:01:10.317+0000] {processor.py:183} INFO - Processing /home/airflow/.local/lib/python3.12/site-packages/airflow/example_dags/tutorial.py took 0.072 seconds
[2026-04-30T10:01:40.522+0000] {processor.py:161} INFO - Started process (PID=2454) to work on /home/airflow/.local/lib/python3.12/site-packages/airflow/example_dags/tutorial.py
[2026-04-30T10:01:40.523+0000] {processor.py:830} INFO - Processing file /home/airflow/.local/lib/python3.12/site-packages/airflow/example_dags/tutorial.py for tasks to queue
[2026-04-30T10:01:40.524+0000] {logging_mixin.py:188} INFO - [2026-04-30T10:01:40.524+0000] {dagbag.py:545} INFO - Filling up the DagBag from /home/airflow/.local/lib/python3.12/site-packages/airflow/example_dags/tutorial.py
[2026-04-30T10:01:40.529+0000] {processor.py:840} INFO - DAG(s) 'tutorial' retrieved from /home/airflow/.local/lib/python3.12/site-packages/airflow/example_dags/tutorial.py
[2026-04-30T10:01:40.548+0000] {logging_mixin.py:188} INFO - [2026-04-30T10:01:40.548+0000] {dag.py:3096} INFO - Sync 1 DAGs
[2026-04-30T10:01:40.572+0000] {logging_mixin.py:188} INFO - [2026-04-30T10:01:40.572+0000] {dag.py:3954} INFO - Setting next_dagrun for tutorial to 2026-04-29 00:00:00+00:00, run_after=2026-04-30 00:00:00+00:00
[2026-04-30T10:01:40.592+0000] {processor.py:183} INFO - Processing /home/airflow/.local/lib/python3.12/site-packages/airflow/example_dags/tutorial.py took 0.074 seconds
[2026-04-30T10:02:10.846+0000] {processor.py:161} INFO - Started process (PID=2512) to work on /home/airflow/.local/lib/python3.12/site-packages/airflow/example_dags/tutorial.py
[2026-04-30T10:02:10.846+0000] {processor.py:830} INFO - Processing file /home/airflow/.local/lib/python3.12/site-packages/airflow/example_dags/tutorial.py for tasks to queue
[2026-04-30T10:02:10.848+0000] {logging_mixin.py:188} INFO - [2026-04-30T10:02:10.848+0000] {dagbag.py:545} INFO - Filling up the DagBag from /home/airflow/.local/lib/python3.12/site-packages/airflow/example_dags/tutorial.py
[2026-04-30T10:02:10.853+0000] {processor.py:840} INFO - DAG(s) 'tutorial' retrieved from /home/airflow/.local/lib/python3.12/site-packages/airflow/example_dags/tutorial.py
[2026-04-30T10:02:10.870+0000] {logging_mixin.py:188} INFO - [2026-04-30T10:02:10.870+0000] {dag.py:3096} INFO - Sync 1 DAGs
[2026-04-30T10:02:10.894+0000] {logging_mixin.py:188} INFO - [2026-04-30T10:02:10.893+0000] {dag.py:3954} INFO - Setting next_dagrun for tutorial to 2026-04-29 00:00:00+00:00, run_after=2026-04-30 00:00:00+00:00
[2026-04-30T10:02:10.910+0000] {processor.py:183} INFO - Processing /home/airflow/.local/lib/python3.12/site-packages/airflow/example_dags/tutorial.py took 0.069 seconds
[2026-04-30T10:02:41.794+0000] {processor.py:161} INFO - Started process (PID=2570) to work on /home/airflow/.local/lib/python3.12/site-packages/airflow/example_dags/tutorial.py
[2026-04-30T10:02:41.795+0000] {processor.py:830} INFO - Processing file /home/airflow/.local/lib/python3.12/site-packages/airflow/example_dags/tutorial.py for tasks to queue
[2026-04-30T10:02:41.796+0000] {logging_mixin.py:188} INFO - [2026-04-30T10:02:41.796+0000] {dagbag.py:545} INFO - Filling up the DagBag from /home/airflow/.local/lib/python3.12/site-packages/airflow/example_dags/tutorial.py
[2026-04-30T10:02:41.801+0000] {processor.py:840} INFO - DAG(s) 'tutorial' retrieved from /home/airflow/.local/lib/python3.12/site-packages/airflow/example_dags/tutorial.py
[2026-04-30T10:02:41.826+0000] {logging_mixin.py:188} INFO - [2026-04-30T10:02:41.825+0000] {dag.py:3096} INFO - Sync 1 DAGs
[2026-04-30T10:02:41.855+0000] {logging_mixin.py:188} INFO - [2026-04-30T10:02:41.855+0000] {dag.py:3954} INFO - Setting next_dagrun for tutorial to 2026-04-29 00:00:00+00:00, run_after=2026-04-30 00:00:00+00:00
[2026-04-30T10:02:41.897+0000] {processor.py:183} INFO - Processing /home/airflow/.local/lib/python3.12/site-packages/airflow/example_dags/tutorial.py took 0.108 seconds
[2026-04-30T10:03:12.843+0000] {processor.py:161} INFO - Started process (PID=2628) to work on /home/airflow/.local/lib/python3.12/site-packages/airflow/example_dags/tutorial.py
[2026-04-30T10:03:12.844+0000] {processor.py:830} INFO - Processing file /home/airflow/.local/lib/python3.12/site-packages/airflow/example_dags/tutorial.py for tasks to queue
[2026-04-30T10:03:12.846+0000] {logging_mixin.py:188} INFO - [2026-04-30T10:03:12.845+0000] {dagbag.py:545} INFO - Filling up the DagBag from /home/airflow/.local/lib/python3.12/site-packages/airflow/example_dags/tutorial.py
[2026-04-30T10:03:12.855+0000] {processor.py:840} INFO - DAG(s) 'tutorial' retrieved from /home/airflow/.local/lib/python3.12/site-packages/airflow/example_dags/tutorial.py
[2026-04-30T10:03:12.890+0000] {logging_mixin.py:188} INFO - [2026-04-30T10:03:12.889+0000] {dag.py:3096} INFO - Sync 1 DAGs
[2026-04-30T10:03:12.925+0000] {logging_mixin.py:188} INFO - [2026-04-30T10:03:12.925+0000] {dag.py:3954} INFO - Setting next_dagrun for tutorial to 2026-04-29 00:00:00+00:00, run_after=2026-04-30 00:00:00+00:00
[2026-04-30T10:03:12.968+0000] {processor.py:183} INFO - Processing /home/airflow/.local/lib/python3.12/site-packages/airflow/example_dags/tutorial.py took 0.132 seconds
[2026-04-30T10:03:43.863+0000] {processor.py:161} INFO - Started process (PID=2686) to work on /home/airflow/.local/lib/python3.12/site-packages/airflow/example_dags/tutorial.py
[2026-04-30T10:03:43.864+0000] {processor.py:830} INFO - Processing file /home/airflow/.local/lib/python3.12/site-packages/airflow/example_dags/tutorial.py for tasks to queue
[2026-04-30T10:03:43.865+0000] {logging_mixin.py:188} INFO - [2026-04-30T10:03:43.865+0000] {dagbag.py:545} INFO - Filling up the DagBag from /home/airflow/.local/lib/python3.12/site-packages/airflow/example_dags/tutorial.py
[2026-04-30T10:03:43.873+0000] {processor.py:840} INFO - DAG(s) 'tutorial' retrieved from /home/airflow/.local/lib/python3.12/site-packages/airflow/example_dags/tutorial.py
[2026-04-30T10:03:43.896+0000] {logging_mixin.py:188} INFO - [2026-04-30T10:03:43.896+0000] {dag.py:3096} INFO - Sync 1 DAGs
[2026-04-30T10:03:43.920+0000] {logging_mixin.py:188} INFO - [2026-04-30T10:03:43.919+0000] {dag.py:3954} INFO - Setting next_dagrun for tutorial to 2026-04-29 00:00:00+00:00, run_after=2026-04-30 00:00:00+00:00
[2026-04-30T10:03:43.937+0000] {processor.py:183} INFO - Processing /home/airflow/.local/lib/python3.12/site-packages/airflow/example_dags/tutorial.py took 0.081 seconds
[2026-04-30T10:04:14.412+0000] {processor.py:161} INFO - Started process (PID=2744) to work on /home/airflow/.local/lib/python3.12/site-packages/airflow/example_dags/tutorial.py
[2026-04-30T10:04:14.412+0000] {processor.py:830} INFO - Processing file /home/airflow/.local/lib/python3.12/site-packages/airflow/example_dags/tutorial.py for tasks to queue
[2026-04-30T10:04:14.414+0000] {logging_mixin.py:188} INFO - [2026-04-30T10:04:14.414+0000] {dagbag.py:545} INFO - Filling up the DagBag from /home/airflow/.local/lib/python3.12/site-packages/airflow/example_dags/tutorial.py
[2026-04-30T10:04:14.421+0000] {processor.py:840} INFO - DAG(s) 'tutorial' retrieved from /home/airflow/.local/lib/python3.12/site-packages/airflow/example_dags/tutorial.py
[2026-04-30T10:04:14.441+0000] {logging_mixin.py:188} INFO - [2026-04-30T10:04:14.441+0000] {dag.py:3096} INFO - Sync 1 DAGs
[2026-04-30T10:04:14.465+0000] {logging_mixin.py:188} INFO - [2026-04-30T10:04:14.465+0000] {dag.py:3954} INFO - Setting next_dagrun for tutorial to 2026-04-29 00:00:00+00:00, run_after=2026-04-30 00:00:00+00:00
[2026-04-30T10:04:14.484+0000] {processor.py:183} INFO - Processing /home/airflow/.local/lib/python3.12/site-packages/airflow/example_dags/tutorial.py took 0.078 seconds
[2026-04-30T10:04:45.059+0000] {processor.py:161} INFO - Started process (PID=2802) to work on /home/airflow/.local/lib/python3.12/site-packages/airflow/example_dags/tutorial.py
[2026-04-30T10:04:45.059+0000] {processor.py:830} INFO - Processing file /home/airflow/.local/lib/python3.12/site-packages/airflow/example_dags/tutorial.py for tasks to queue
[2026-04-30T10:04:45.061+0000] {logging_mixin.py:188} INFO - [2026-04-30T10:04:45.060+0000] {dagbag.py:545} INFO - Filling up the DagBag from /home/airflow/.local/lib/python3.12/site-packages/airflow/example_dags/tutorial.py
[2026-04-30T10:04:45.065+0000] {processor.py:840} INFO - DAG(s) 'tutorial' retrieved from /home/airflow/.local/lib/python3.12/site-packages/airflow/example_dags/tutorial.py
[2026-04-30T10:04:45.083+0000] {logging_mixin.py:188} INFO - [2026-04-30T10:04:45.083+0000] {dag.py:3096} INFO - Sync 1 DAGs
[2026-04-30T10:04:45.103+0000] {logging_mixin.py:188} INFO - [2026-04-30T10:04:45.102+0000] {dag.py:3954} INFO - Setting next_dagrun for tutorial to 2026-04-29 00:00:00+00:00, run_after=2026-04-30 00:00:00+00:00
[2026-04-30T10:04:45.119+0000] {processor.py:183} INFO - Processing /home/airflow/.local/lib/python3.12/site-packages/airflow/example_dags/tutorial.py took 0.065 seconds
[2026-04-30T10:05:15.539+0000] {processor.py:161} INFO - Started process (PID=2860) to work on /home/airflow/.local/lib/python3.12/site-packages/airflow/example_dags/tutorial.py
[2026-04-30T10:05:15.540+0000] {processor.py:830} INFO - Processing file /home/airflow/.local/lib/python3.12/site-packages/airflow/example_dags/tutorial.py for tasks to queue
[2026-04-30T10:05:15.541+0000] {logging_mixin.py:188} INFO - [2026-04-30T10:05:15.541+0000] {dagbag.py:545} INFO - Filling up the DagBag from /home/airflow/.local/lib/python3.12/site-packages/airflow/example_dags/tutorial.py
[2026-04-30T10:05:15.546+0000] {processor.py:840} INFO - DAG(s) 'tutorial' retrieved from /home/airflow/.local/lib/python3.12/site-packages/airflow/example_dags/tutorial.py
[2026-04-30T10:05:15.567+0000] {logging_mixin.py:188} INFO - [2026-04-30T10:05:15.567+0000] {dag.py:3096} INFO - Sync 1 DAGs
[2026-04-30T10:05:15.590+0000] {logging_mixin.py:188} INFO - [2026-04-30T10:05:15.589+0000] {dag.py:3954} INFO - Setting next_dagrun for tutorial to 2026-04-29 00:00:00+00:00, run_after=2026-04-30 00:00:00+00:00
[2026-04-30T10:05:15.606+0000] {processor.py:183} INFO - Processing /home/airflow/.local/lib/python3.12/site-packages/airflow/example_dags/tutorial.py took 0.072 seconds
[2026-04-30T10:05:46.069+0000] {processor.py:161} INFO - Started process (PID=2918) to work on /home/airflow/.local/lib/python3.12/site-packages/airflow/example_dags/tutorial.py
[2026-04-30T10:05:46.070+0000] {processor.py:830} INFO - Processing file /home/airflow/.local/lib/python3.12/site-packages/airflow/example_dags/tutorial.py for tasks to queue
[2026-04-30T10:05:46.071+0000] {logging_mixin.py:188} INFO - [2026-04-30T10:05:46.071+0000] {dagbag.py:545} INFO - Filling up the DagBag from /home/airflow/.local/lib/python3.12/site-packages/airflow/example_dags/tutorial.py
[2026-04-30T10:05:46.077+0000] {processor.py:840} INFO - DAG(s) 'tutorial' retrieved from /home/airflow/.local/lib/python3.12/site-packages/airflow/example_dags/tutorial.py
[2026-04-30T10:05:46.099+0000] {logging_mixin.py:188} INFO - [2026-04-30T10:05:46.099+0000] {dag.py:3096} INFO - Sync 1 DAGs
[2026-04-30T10:05:46.122+0000] {logging_mixin.py:188} INFO - [2026-04-30T10:05:46.122+0000] {dag.py:3954} INFO - Setting next_dagrun for tutorial to 2026-04-29 00:00:00+00:00, run_after=2026-04-30 00:00:00+00:00
[2026-04-30T10:05:46.141+0000] {processor.py:183} INFO - Processing /home/airflow/.local/lib/python3.12/site-packages/airflow/example_dags/tutorial.py took 0.077 seconds
[2026-04-30T10:06:16.704+0000] {processor.py:161} INFO - Started process (PID=2977) to work on /home/airflow/.local/lib/python3.12/site-packages/airflow/example_dags/tutorial.py
[2026-04-30T10:06:16.705+0000] {processor.py:830} INFO - Processing file /home/airflow/.local/lib/python3.12/site-packages/airflow/example_dags/tutorial.py for tasks to queue
[2026-04-30T10:06:16.706+0000] {logging_mixin.py:188} INFO - [2026-04-30T10:06:16.706+0000] {dagbag.py:545} INFO - Filling up the DagBag from /home/airflow/.local/lib/python3.12/site-packages/airflow/example_dags/tutorial.py
[2026-04-30T10:06:16.711+0000] {processor.py:840} INFO - DAG(s) 'tutorial' retrieved from /home/airflow/.local/lib/python3.12/site-packages/airflow/example_dags/tutorial.py
[2026-04-30T10:06:16.729+0000] {logging_mixin.py:188} INFO - [2026-04-30T10:06:16.728+0000] {dag.py:3096} INFO - Sync 1 DAGs
[2026-04-30T10:06:16.747+0000] {logging_mixin.py:188} INFO - [2026-04-30T10:06:16.747+0000] {dag.py:3954} INFO - Setting next_dagrun for tutorial to 2026-04-29 00:00:00+00:00, run_after=2026-04-30 00:00:00+00:00
[2026-04-30T10:06:16.763+0000] {processor.py:183} INFO - Processing /home/airflow/.local/lib/python3.12/site-packages/airflow/example_dags/tutorial.py took 0.065 seconds
[2026-04-30T10:06:47.061+0000] {processor.py:161} INFO - Started process (PID=3036) to work on /home/airflow/.local/lib/python3.12/site-packages/airflow/example_dags/tutorial.py
[2026-04-30T10:06:47.062+0000] {processor.py:830} INFO - Processing file /home/airflow/.local/lib/python3.12/site-packages/airflow/example_dags/tutorial.py for tasks to queue
[2026-04-30T10:06:47.064+0000] {logging_mixin.py:188} INFO - [2026-04-30T10:06:47.063+0000] {dagbag.py:545} INFO - Filling up the DagBag from /home/airflow/.local/lib/python3.12/site-packages/airflow/example_dags/tutorial.py
[2026-04-30T10:06:47.070+0000] {processor.py:840} INFO - DAG(s) 'tutorial' retrieved from /home/airflow/.local/lib/python3.12/site-packages/airflow/example_dags/tutorial.py
[2026-04-30T10:06:47.091+0000] {logging_mixin.py:188} INFO - [2026-04-30T10:06:47.091+0000] {dag.py:3096} INFO - Sync 1 DAGs
[2026-04-30T10:06:47.117+0000] {logging_mixin.py:188} INFO - [2026-04-30T10:06:47.116+0000] {dag.py:3954} INFO - Setting next_dagrun for tutorial to 2026-04-29 00:00:00+00:00, run_after=2026-04-30 00:00:00+00:00
[2026-04-30T10:06:47.134+0000] {processor.py:183} INFO - Processing /home/airflow/.local/lib/python3.12/site-packages/airflow/example_dags/tutorial.py took 0.079 seconds
[2026-04-30T10:07:17.611+0000] {processor.py:161} INFO - Started process (PID=3095) to work on /home/airflow/.local/lib/python3.12/site-packages/airflow/example_dags/tutorial.py
[2026-04-30T10:07:17.612+0000] {processor.py:830} INFO - Processing file /home/airflow/.local/lib/python3.12/site-packages/airflow/example_dags/tutorial.py for tasks to queue
[2026-04-30T10:07:17.614+0000] {logging_mixin.py:188} INFO - [2026-04-30T10:07:17.613+0000] {dagbag.py:545} INFO - Filling up the DagBag from /home/airflow/.local/lib/python3.12/site-packages/airflow/example_dags/tutorial.py
[2026-04-30T10:07:17.620+0000] {processor.py:840} INFO - DAG(s) 'tutorial' retrieved from /home/airflow/.local/lib/python3.12/site-packages/airflow/example_dags/tutorial.py
[2026-04-30T10:07:17.640+0000] {logging_mixin.py:188} INFO - [2026-04-30T10:07:17.639+0000] {dag.py:3096} INFO - Sync 1 DAGs
[2026-04-30T10:07:17.661+0000] {logging_mixin.py:188} INFO - [2026-04-30T10:07:17.661+0000] {dag.py:3954} INFO - Setting next_dagrun for tutorial to 2026-04-29 00:00:00+00:00, run_after=2026-04-30 00:00:00+00:00
[2026-04-30T10:07:17.677+0000] {processor.py:183} INFO - Processing /home/airflow/.local/lib/python3.12/site-packages/airflow/example_dags/tutorial.py took 0.071 seconds
[2026-04-30T10:07:48.109+0000] {processor.py:161} INFO - Started process (PID=3154) to work on /home/airflow/.local/lib/python3.12/site-packages/airflow/example_dags/tutorial.py
[2026-04-30T10:07:48.109+0000] {processor.py:830} INFO - Processing file /home/airflow/.local/lib/python3.12/site-packages/airflow/example_dags/tutorial.py for tasks to queue
[2026-04-30T10:07:48.111+0000] {logging_mixin.py:188} INFO - [2026-04-30T10:07:48.110+0000] {dagbag.py:545} INFO - Filling up the DagBag from /home/airflow/.local/lib/python3.12/site-packages/airflow/example_dags/tutorial.py
[2026-04-30T10:07:48.116+0000] {processor.py:840} INFO - DAG(s) 'tutorial' retrieved from /home/airflow/.local/lib/python3.12/site-packages/airflow/example_dags/tutorial.py
[2026-04-30T10:07:48.134+0000] {logging_mixin.py:188} INFO - [2026-04-30T10:07:48.134+0000] {dag.py:3096} INFO - Sync 1 DAGs
[2026-04-30T10:07:48.154+0000] {logging_mixin.py:188} INFO - [2026-04-30T10:07:48.154+0000] {dag.py:3954} INFO - Setting next_dagrun for tutorial to 2026-04-29 00:00:00+00:00, run_after=2026-04-30 00:00:00+00:00
[2026-04-30T10:07:48.173+0000] {processor.py:183} INFO - Processing /home/airflow/.local/lib/python3.12/site-packages/airflow/example_dags/tutorial.py took 0.070 seconds
[2026-04-30T10:08:18.504+0000] {processor.py:161} INFO - Started process (PID=3213) to work on /home/airflow/.local/lib/python3.12/site-packages/airflow/example_dags/tutorial.py
[2026-04-30T10:08:18.504+0000] {processor.py:830} INFO - Processing file /home/airflow/.local/lib/python3.12/site-packages/airflow/example_dags/tutorial.py for tasks to queue
[2026-04-30T10:08:18.506+0000] {logging_mixin.py:188} INFO - [2026-04-30T10:08:18.505+0000] {dagbag.py:545} INFO - Filling up the DagBag from /home/airflow/.local/lib/python3.12/site-packages/airflow/example_dags/tutorial.py
[2026-04-30T10:08:18.510+0000] {processor.py:840} INFO - DAG(s) 'tutorial' retrieved from /home/airflow/.local/lib/python3.12/site-packages/airflow/example_dags/tutorial.py
[2026-04-30T10:08:18.528+0000] {logging_mixin.py:188} INFO - [2026-04-30T10:08:18.528+0000] {dag.py:3096} INFO - Sync 1 DAGs
[2026-04-30T10:08:18.547+0000] {logging_mixin.py:188} INFO - [2026-04-30T10:08:18.547+0000] {dag.py:3954} INFO - Setting next_dagrun for tutorial to 2026-04-29 00:00:00+00:00, run_after=2026-04-30 00:00:00+00:00
[2026-04-30T10:08:18.564+0000] {processor.py:183} INFO - Processing /home/airflow/.local/lib/python3.12/site-packages/airflow/example_dags/tutorial.py took 0.066 seconds
[2026-04-30T10:08:48.998+0000] {processor.py:161} INFO - Started process (PID=3272) to work on /home/airflow/.local/lib/python3.12/site-packages/airflow/example_dags/tutorial.py
[2026-04-30T10:08:48.999+0000] {processor.py:830} INFO - Processing file /home/airflow/.local/lib/python3.12/site-packages/airflow/example_dags/tutorial.py for tasks to queue
[2026-04-30T10:08:49.000+0000] {logging_mixin.py:188} INFO - [2026-04-30T10:08:49.000+0000] {dagbag.py:545} INFO - Filling up the DagBag from /home/airflow/.local/lib/python3.12/site-packages/airflow/example_dags/tutorial.py
[2026-04-30T10:08:49.005+0000] {processor.py:840} INFO - DAG(s) 'tutorial' retrieved from /home/airflow/.local/lib/python3.12/site-packages/airflow/example_dags/tutorial.py
[2026-04-30T10:08:49.023+0000] {logging_mixin.py:188} INFO - [2026-04-30T10:08:49.023+0000] {dag.py:3096} INFO - Sync 1 DAGs
[2026-04-30T10:08:49.041+0000] {logging_mixin.py:188} INFO - [2026-04-30T10:08:49.041+0000] {dag.py:3954} INFO - Setting next_dagrun for tutorial to 2026-04-29 00:00:00+00:00, run_after=2026-04-30 00:00:00+00:00
[2026-04-30T10:08:49.058+0000] {processor.py:183} INFO - Processing /home/airflow/.local/lib/python3.12/site-packages/airflow/example_dags/tutorial.py took 0.065 seconds
[2026-04-30T10:09:19.787+0000] {processor.py:161} INFO - Started process (PID=3331) to work on /home/airflow/.local/lib/python3.12/site-packages/airflow/example_dags/tutorial.py
[2026-04-30T10:09:19.788+0000] {processor.py:830} INFO - Processing file /home/airflow/.local/lib/python3.12/site-packages/airflow/example_dags/tutorial.py for tasks to queue
[2026-04-30T10:09:19.789+0000] {logging_mixin.py:188} INFO - [2026-04-30T10:09:19.789+0000] {dagbag.py:545} INFO - Filling up the DagBag from /home/airflow/.local/lib/python3.12/site-packages/airflow/example_dags/tutorial.py
[2026-04-30T10:09:19.794+0000] {processor.py:840} INFO - DAG(s) 'tutorial' retrieved from /home/airflow/.local/lib/python3.12/site-packages/airflow/example_dags/tutorial.py
[2026-04-30T10:09:19.816+0000] {logging_mixin.py:188} INFO - [2026-04-30T10:09:19.816+0000] {dag.py:3096} INFO - Sync 1 DAGs
[2026-04-30T10:09:19.840+0000] {logging_mixin.py:188} INFO - [2026-04-30T10:09:19.840+0000] {dag.py:3954} INFO - Setting next_dagrun for tutorial to 2026-04-29 00:00:00+00:00, run_after=2026-04-30 00:00:00+00:00
[2026-04-30T10:09:19.858+0000] {processor.py:183} INFO - Processing /home/airflow/.local/lib/python3.12/site-packages/airflow/example_dags/tutorial.py took 0.076 seconds
[2026-04-30T10:09:50.564+0000] {processor.py:161} INFO - Started process (PID=3390) to work on /home/airflow/.local/lib/python3.12/site-packages/airflow/example_dags/tutorial.py
[2026-04-30T10:09:50.565+0000] {processor.py:830} INFO - Processing file /home/airflow/.local/lib/python3.12/site-packages/airflow/example_dags/tutorial.py for tasks to queue
[2026-04-30T10:09:50.567+0000] {logging_mixin.py:188} INFO - [2026-04-30T10:09:50.566+0000] {dagbag.py:545} INFO - Filling up the DagBag from /home/airflow/.local/lib/python3.12/site-packages/airflow/example_dags/tutorial.py
[2026-04-30T10:09:50.573+0000] {processor.py:840} INFO - DAG(s) 'tutorial' retrieved from /home/airflow/.local/lib/python3.12/site-packages/airflow/example_dags/tutorial.py
[2026-04-30T10:09:50.596+0000] {logging_mixin.py:188} INFO - [2026-04-30T10:09:50.596+0000] {dag.py:3096} INFO - Sync 1 DAGs
[2026-04-30T10:09:50.621+0000] {logging_mixin.py:188} INFO - [2026-04-30T10:09:50.621+0000] {dag.py:3954} INFO - Setting next_dagrun for tutorial to 2026-04-29 00:00:00+00:00, run_after=2026-04-30 00:00:00+00:00
[2026-04-30T10:09:50.638+0000] {processor.py:183} INFO - Processing /home/airflow/.local/lib/python3.12/site-packages/airflow/example_dags/tutorial.py took 0.079 seconds
[2026-04-30T10:10:20.844+0000] {processor.py:161} INFO - Started process (PID=3449) to work on /home/airflow/.local/lib/python3.12/site-packages/airflow/example_dags/tutorial.py
[2026-04-30T10:10:20.844+0000] {processor.py:830} INFO - Processing file /home/airflow/.local/lib/python3.12/site-packages/airflow/example_dags/tutorial.py for tasks to queue
[2026-04-30T10:10:20.846+0000] {logging_mixin.py:188} INFO - [2026-04-30T10:10:20.845+0000] {dagbag.py:545} INFO - Filling up the DagBag from /home/airflow/.local/lib/python3.12/site-packages/airflow/example_dags/tutorial.py
[2026-04-30T10:10:20.850+0000] {processor.py:840} INFO - DAG(s) 'tutorial' retrieved from /home/airflow/.local/lib/python3.12/site-packages/airflow/example_dags/tutorial.py
[2026-04-30T10:10:20.868+0000] {logging_mixin.py:188} INFO - [2026-04-30T10:10:20.867+0000] {dag.py:3096} INFO - Sync 1 DAGs
[2026-04-30T10:10:20.895+0000] {logging_mixin.py:188} INFO - [2026-04-30T10:10:20.894+0000] {dag.py:3954} INFO - Setting next_dagrun for tutorial to 2026-04-29 00:00:00+00:00, run_after=2026-04-30 00:00:00+00:00
[2026-04-30T10:10:20.916+0000] {processor.py:183} INFO - Processing /home/airflow/.local/lib/python3.12/site-packages/airflow/example_dags/tutorial.py took 0.079 seconds
[2026-04-30T10:10:51.043+0000] {processor.py:161} INFO - Started process (PID=3508) to work on /home/airflow/.local/lib/python3.12/site-packages/airflow/example_dags/tutorial.py
[2026-04-30T10:10:51.044+0000] {processor.py:830} INFO - Processing file /home/airflow/.local/lib/python3.12/site-packages/airflow/example_dags/tutorial.py for tasks to queue
[2026-04-30T10:10:51.046+0000] {logging_mixin.py:188} INFO - [2026-04-30T10:10:51.046+0000] {dagbag.py:545} INFO - Filling up the DagBag from /home/airflow/.local/lib/python3.12/site-packages/airflow/example_dags/tutorial.py
[2026-04-30T10:10:51.053+0000] {processor.py:840} INFO - DAG(s) 'tutorial' retrieved from /home/airflow/.local/lib/python3.12/site-packages/airflow/example_dags/tutorial.py
[2026-04-30T10:10:51.076+0000] {logging_mixin.py:188} INFO - [2026-04-30T10:10:51.076+0000] {dag.py:3096} INFO - Sync 1 DAGs
[2026-04-30T10:10:51.101+0000] {logging_mixin.py:188} INFO - [2026-04-30T10:10:51.101+0000] {dag.py:3954} INFO - Setting next_dagrun for tutorial to 2026-04-29 00:00:00+00:00, run_after=2026-04-30 00:00:00+00:00
[2026-04-30T10:10:51.122+0000] {processor.py:183} INFO - Processing /home/airflow/.local/lib/python3.12/site-packages/airflow/example_dags/tutorial.py took 0.086 seconds
[2026-04-30T10:11:21.170+0000] {processor.py:161} INFO - Started process (PID=3566) to work on /home/airflow/.local/lib/python3.12/site-packages/airflow/example_dags/tutorial.py
[2026-04-30T10:11:21.170+0000] {processor.py:830} INFO - Processing file /home/airflow/.local/lib/python3.12/site-packages/airflow/example_dags/tutorial.py for tasks to queue
[2026-04-30T10:11:21.171+0000] {logging_mixin.py:188} INFO - [2026-04-30T10:11:21.170+0000] {dagbag.py:545} INFO - Filling up the DagBag from /home/airflow/.local/lib/python3.12/site-packages/airflow/example_dags/tutorial.py
[2026-04-30T10:11:21.176+0000] {processor.py:840} INFO - DAG(s) 'tutorial' retrieved from /home/airflow/.local/lib/python3.12/site-packages/airflow/example_dags/tutorial.py
[2026-04-30T10:11:21.194+0000] {logging_mixin.py:188} INFO - [2026-04-30T10:11:21.193+0000] {dag.py:3096} INFO - Sync 1 DAGs
[2026-04-30T10:11:21.214+0000] {logging_mixin.py:188} INFO - [2026-04-30T10:11:21.214+0000] {dag.py:3954} INFO - Setting next_dagrun for tutorial to 2026-04-29 00:00:00+00:00, run_after=2026-04-30 00:00:00+00:00
[2026-04-30T10:11:21.230+0000] {processor.py:183} INFO - Processing /home/airflow/.local/lib/python3.12/site-packages/airflow/example_dags/tutorial.py took 0.065 seconds
[2026-04-30T10:11:51.293+0000] {processor.py:161} INFO - Started process (PID=3624) to work on /home/airflow/.local/lib/python3.12/site-packages/airflow/example_dags/tutorial.py
[2026-04-30T10:11:51.293+0000] {processor.py:830} INFO - Processing file /home/airflow/.local/lib/python3.12/site-packages/airflow/example_dags/tutorial.py for tasks to queue
[2026-04-30T10:11:51.294+0000] {logging_mixin.py:188} INFO - [2026-04-30T10:11:51.294+0000] {dagbag.py:545} INFO - Filling up the DagBag from /home/airflow/.local/lib/python3.12/site-packages/airflow/example_dags/tutorial.py
[2026-04-30T10:11:51.301+0000] {processor.py:840} INFO - DAG(s) 'tutorial' retrieved from /home/airflow/.local/lib/python3.12/site-packages/airflow/example_dags/tutorial.py
[2026-04-30T10:11:51.323+0000] {logging_mixin.py:188} INFO - [2026-04-30T10:11:51.323+0000] {dag.py:3096} INFO - Sync 1 DAGs
[2026-04-30T10:11:51.347+0000] {logging_mixin.py:188} INFO - [2026-04-30T10:11:51.346+0000] {dag.py:3954} INFO - Setting next_dagrun for tutorial to 2026-04-29 00:00:00+00:00, run_after=2026-04-30 00:00:00+00:00
[2026-04-30T10:11:51.366+0000] {processor.py:183} INFO - Processing /home/airflow/.local/lib/python3.12/site-packages/airflow/example_dags/tutorial.py took 0.078 seconds
[2026-04-30T10:12:21.485+0000] {processor.py:161} INFO - Started process (PID=3682) to work on /home/airflow/.local/lib/python3.12/site-packages/airflow/example_dags/tutorial.py
[2026-04-30T10:12:21.485+0000] {processor.py:830} INFO - Processing file /home/airflow/.local/lib/python3.12/site-packages/airflow/example_dags/tutorial.py for tasks to queue
[2026-04-30T10:12:21.486+0000] {logging_mixin.py:188} INFO - [2026-04-30T10:12:21.486+0000] {dagbag.py:545} INFO - Filling up the DagBag from /home/airflow/.local/lib/python3.12/site-packages/airflow/example_dags/tutorial.py
[2026-04-30T10:12:21.493+0000] {processor.py:840} INFO - DAG(s) 'tutorial' retrieved from /home/airflow/.local/lib/python3.12/site-packages/airflow/example_dags/tutorial.py
[2026-04-30T10:12:21.514+0000] {logging_mixin.py:188} INFO - [2026-04-30T10:12:21.514+0000] {dag.py:3096} INFO - Sync 1 DAGs
[2026-04-30T10:12:21.534+0000] {logging_mixin.py:188} INFO - [2026-04-30T10:12:21.534+0000] {dag.py:3954} INFO - Setting next_dagrun for tutorial to 2026-04-29 00:00:00+00:00, run_after=2026-04-30 00:00:00+00:00
[2026-04-30T10:12:21.551+0000] {processor.py:183} INFO - Processing /home/airflow/.local/lib/python3.12/site-packages/airflow/example_dags/tutorial.py took 0.073 seconds
[2026-04-30T10:12:52.041+0000] {processor.py:161} INFO - Started process (PID=3740) to work on /home/airflow/.local/lib/python3.12/site-packages/airflow/example_dags/tutorial.py
[2026-04-30T10:12:52.042+0000] {processor.py:830} INFO - Processing file /home/airflow/.local/lib/python3.12/site-packages/airflow/example_dags/tutorial.py for tasks to queue
[2026-04-30T10:12:52.043+0000] {logging_mixin.py:188} INFO - [2026-04-30T10:12:52.042+0000] {dagbag.py:545} INFO - Filling up the DagBag from /home/airflow/.local/lib/python3.12/site-packages/airflow/example_dags/tutorial.py
[2026-04-30T10:12:52.050+0000] {processor.py:840} INFO - DAG(s) 'tutorial' retrieved from /home/airflow/.local/lib/python3.12/site-packages/airflow/example_dags/tutorial.py
[2026-04-30T10:12:52.068+0000] {logging_mixin.py:188} INFO - [2026-04-30T10:12:52.068+0000] {dag.py:3096} INFO - Sync 1 DAGs
[2026-04-30T10:12:52.088+0000] {logging_mixin.py:188} INFO - [2026-04-30T10:12:52.088+0000] {dag.py:3954} INFO - Setting next_dagrun for tutorial to 2026-04-29 00:00:00+00:00, run_after=2026-04-30 00:00:00+00:00
[2026-04-30T10:12:52.103+0000] {processor.py:183} INFO - Processing /home/airflow/.local/lib/python3.12/site-packages/airflow/example_dags/tutorial.py took 0.068 seconds
[2026-04-30T10:13:22.363+0000] {processor.py:161} INFO - Started process (PID=3798) to work on /home/airflow/.local/lib/python3.12/site-packages/airflow/example_dags/tutorial.py
[2026-04-30T10:13:22.363+0000] {processor.py:830} INFO - Processing file /home/airflow/.local/lib/python3.12/site-packages/airflow/example_dags/tutorial.py for tasks to queue
[2026-04-30T10:13:22.364+0000] {logging_mixin.py:188} INFO - [2026-04-30T10:13:22.364+0000] {dagbag.py:545} INFO - Filling up the DagBag from /home/airflow/.local/lib/python3.12/site-packages/airflow/example_dags/tutorial.py
[2026-04-30T10:13:22.371+0000] {processor.py:840} INFO - DAG(s) 'tutorial' retrieved from /home/airflow/.local/lib/python3.12/site-packages/airflow/example_dags/tutorial.py
[2026-04-30T10:13:22.392+0000] {logging_mixin.py:188} INFO - [2026-04-30T10:13:22.392+0000] {dag.py:3096} INFO - Sync 1 DAGs
[2026-04-30T10:13:22.417+0000] {logging_mixin.py:188} INFO - [2026-04-30T10:13:22.417+0000] {dag.py:3954} INFO - Setting next_dagrun for tutorial to 2026-04-29 00:00:00+00:00, run_after=2026-04-30 00:00:00+00:00
[2026-04-30T10:13:22.434+0000] {processor.py:183} INFO - Processing /home/airflow/.local/lib/python3.12/site-packages/airflow/example_dags/tutorial.py took 0.077 seconds
[2026-04-30T10:13:52.692+0000] {processor.py:161} INFO - Started process (PID=3856) to work on /home/airflow/.local/lib/python3.12/site-packages/airflow/example_dags/tutorial.py
[2026-04-30T10:13:52.692+0000] {processor.py:830} INFO - Processing file /home/airflow/.local/lib/python3.12/site-packages/airflow/example_dags/tutorial.py for tasks to queue
[2026-04-30T10:13:52.693+0000] {logging_mixin.py:188} INFO - [2026-04-30T10:13:52.693+0000] {dagbag.py:545} INFO - Filling up the DagBag from /home/airflow/.local/lib/python3.12/site-packages/airflow/example_dags/tutorial.py
[2026-04-30T10:13:52.698+0000] {processor.py:840} INFO - DAG(s) 'tutorial' retrieved from /home/airflow/.local/lib/python3.12/site-packages/airflow/example_dags/tutorial.py
[2026-04-30T10:13:52.716+0000] {logging_mixin.py:188} INFO - [2026-04-30T10:13:52.716+0000] {dag.py:3096} INFO - Sync 1 DAGs
[2026-04-30T10:13:52.738+0000] {logging_mixin.py:188} INFO - [2026-04-30T10:13:52.737+0000] {dag.py:3954} INFO - Setting next_dagrun for tutorial to 2026-04-29 00:00:00+00:00, run_after=2026-04-30 00:00:00+00:00
[2026-04-30T10:13:52.754+0000] {processor.py:183} INFO - Processing /home/airflow/.local/lib/python3.12/site-packages/airflow/example_dags/tutorial.py took 0.068 seconds
[2026-04-30T10:14:22.988+0000] {processor.py:161} INFO - Started process (PID=3914) to work on /home/airflow/.local/lib/python3.12/site-packages/airflow/example_dags/tutorial.py
[2026-04-30T10:14:22.988+0000] {processor.py:830} INFO - Processing file /home/airflow/.local/lib/python3.12/site-packages/airflow/example_dags/tutorial.py for tasks to queue
[2026-04-30T10:14:22.989+0000] {logging_mixin.py:188} INFO - [2026-04-30T10:14:22.989+0000] {dagbag.py:545} INFO - Filling up the DagBag from /home/airflow/.local/lib/python3.12/site-packages/airflow/example_dags/tutorial.py
[2026-04-30T10:14:22.994+0000] {processor.py:840} INFO - DAG(s) 'tutorial' retrieved from /home/airflow/.local/lib/python3.12/site-packages/airflow/example_dags/tutorial.py
[2026-04-30T10:14:23.012+0000] {logging_mixin.py:188} INFO - [2026-04-30T10:14:23.011+0000] {dag.py:3096} INFO - Sync 1 DAGs
[2026-04-30T10:14:23.032+0000] {logging_mixin.py:188} INFO - [2026-04-30T10:14:23.031+0000] {dag.py:3954} INFO - Setting next_dagrun for tutorial to 2026-04-29 00:00:00+00:00, run_after=2026-04-30 00:00:00+00:00
[2026-04-30T10:14:23.050+0000] {processor.py:183} INFO - Processing /home/airflow/.local/lib/python3.12/site-packages/airflow/example_dags/tutorial.py took 0.067 seconds
[2026-04-30T10:14:53.735+0000] {processor.py:161} INFO - Started process (PID=3977) to work on /home/airflow/.local/lib/python3.12/site-packages/airflow/example_dags/tutorial.py
[2026-04-30T10:14:53.736+0000] {processor.py:830} INFO - Processing file /home/airflow/.local/lib/python3.12/site-packages/airflow/example_dags/tutorial.py for tasks to queue
[2026-04-30T10:14:53.736+0000] {logging_mixin.py:188} INFO - [2026-04-30T10:14:53.736+0000] {dagbag.py:545} INFO - Filling up the DagBag from /home/airflow/.local/lib/python3.12/site-packages/airflow/example_dags/tutorial.py
[2026-04-30T10:14:53.744+0000] {processor.py:840} INFO - DAG(s) 'tutorial' retrieved from /home/airflow/.local/lib/python3.12/site-packages/airflow/example_dags/tutorial.py
[2026-04-30T10:14:53.764+0000] {logging_mixin.py:188} INFO - [2026-04-30T10:14:53.763+0000] {dag.py:3096} INFO - Sync 1 DAGs
[2026-04-30T10:14:53.788+0000] {logging_mixin.py:188} INFO - [2026-04-30T10:14:53.788+0000] {dag.py:3954} INFO - Setting next_dagrun for tutorial to 2026-04-29 00:00:00+00:00, run_after=2026-04-30 00:00:00+00:00
[2026-04-30T10:14:53.810+0000] {processor.py:183} INFO - Processing /home/airflow/.local/lib/python3.12/site-packages/airflow/example_dags/tutorial.py took 0.082 seconds
[2026-04-30T10:16:38.673+0000] {processor.py:161} INFO - Started process (PID=69) to work on /home/airflow/.local/lib/python3.12/site-packages/airflow/example_dags/tutorial.py
[2026-04-30T10:16:38.674+0000] {processor.py:830} INFO - Processing file /home/airflow/.local/lib/python3.12/site-packages/airflow/example_dags/tutorial.py for tasks to queue
[2026-04-30T10:16:38.676+0000] {logging_mixin.py:188} INFO - [2026-04-30T10:16:38.676+0000] {dagbag.py:545} INFO - Filling up the DagBag from /home/airflow/.local/lib/python3.12/site-packages/airflow/example_dags/tutorial.py
[2026-04-30T10:16:38.685+0000] {processor.py:840} INFO - DAG(s) 'tutorial' retrieved from /home/airflow/.local/lib/python3.12/site-packages/airflow/example_dags/tutorial.py
[2026-04-30T10:16:38.699+0000] {logging_mixin.py:188} INFO - [2026-04-30T10:16:38.698+0000] {dag.py:3096} INFO - Sync 1 DAGs
[2026-04-30T10:16:38.727+0000] {logging_mixin.py:188} INFO - [2026-04-30T10:16:38.727+0000] {dag.py:3954} INFO - Setting next_dagrun for tutorial to 2026-04-29 00:00:00+00:00, run_after=2026-04-30 00:00:00+00:00
[2026-04-30T10:16:38.747+0000] {processor.py:183} INFO - Processing /home/airflow/.local/lib/python3.12/site-packages/airflow/example_dags/tutorial.py took 0.081 seconds
[2026-04-30T10:17:09.781+0000] {processor.py:161} INFO - Started process (PID=128) to work on /home/airflow/.local/lib/python3.12/site-packages/airflow/example_dags/tutorial.py
[2026-04-30T10:17:09.782+0000] {processor.py:830} INFO - Processing file /home/airflow/.local/lib/python3.12/site-packages/airflow/example_dags/tutorial.py for tasks to queue
[2026-04-30T10:17:09.784+0000] {logging_mixin.py:188} INFO - [2026-04-30T10:17:09.784+0000] {dagbag.py:545} INFO - Filling up the DagBag from /home/airflow/.local/lib/python3.12/site-packages/airflow/example_dags/tutorial.py
[2026-04-30T10:17:09.792+0000] {processor.py:840} INFO - DAG(s) 'tutorial' retrieved from /home/airflow/.local/lib/python3.12/site-packages/airflow/example_dags/tutorial.py
[2026-04-30T10:17:09.916+0000] {logging_mixin.py:188} INFO - [2026-04-30T10:17:09.916+0000] {dag.py:3096} INFO - Sync 1 DAGs
[2026-04-30T10:17:09.944+0000] {logging_mixin.py:188} INFO - [2026-04-30T10:17:09.944+0000] {dag.py:3954} INFO - Setting next_dagrun for tutorial to 2026-04-29 00:00:00+00:00, run_after=2026-04-30 00:00:00+00:00
[2026-04-30T10:17:09.965+0000] {processor.py:183} INFO - Processing /home/airflow/.local/lib/python3.12/site-packages/airflow/example_dags/tutorial.py took 0.191 seconds
[2026-04-30T10:17:40.009+0000] {processor.py:161} INFO - Started process (PID=187) to work on /home/airflow/.local/lib/python3.12/site-packages/airflow/example_dags/tutorial.py
[2026-04-30T10:17:40.010+0000] {processor.py:830} INFO - Processing file /home/airflow/.local/lib/python3.12/site-packages/airflow/example_dags/tutorial.py for tasks to queue
[2026-04-30T10:17:40.011+0000] {logging_mixin.py:188} INFO - [2026-04-30T10:17:40.011+0000] {dagbag.py:545} INFO - Filling up the DagBag from /home/airflow/.local/lib/python3.12/site-packages/airflow/example_dags/tutorial.py
[2026-04-30T10:17:40.016+0000] {processor.py:840} INFO - DAG(s) 'tutorial' retrieved from /home/airflow/.local/lib/python3.12/site-packages/airflow/example_dags/tutorial.py
[2026-04-30T10:17:40.033+0000] {logging_mixin.py:188} INFO - [2026-04-30T10:17:40.032+0000] {dag.py:3096} INFO - Sync 1 DAGs
[2026-04-30T10:17:40.053+0000] {logging_mixin.py:188} INFO - [2026-04-30T10:17:40.053+0000] {dag.py:3954} INFO - Setting next_dagrun for tutorial to 2026-04-29 00:00:00+00:00, run_after=2026-04-30 00:00:00+00:00
[2026-04-30T10:17:40.068+0000] {processor.py:183} INFO - Processing /home/airflow/.local/lib/python3.12/site-packages/airflow/example_dags/tutorial.py took 0.064 seconds
[2026-04-30T10:18:10.148+0000] {processor.py:161} INFO - Started process (PID=246) to work on /home/airflow/.local/lib/python3.12/site-packages/airflow/example_dags/tutorial.py
[2026-04-30T10:18:10.148+0000] {processor.py:830} INFO - Processing file /home/airflow/.local/lib/python3.12/site-packages/airflow/example_dags/tutorial.py for tasks to queue
[2026-04-30T10:18:10.150+0000] {logging_mixin.py:188} INFO - [2026-04-30T10:18:10.150+0000] {dagbag.py:545} INFO - Filling up the DagBag from /home/airflow/.local/lib/python3.12/site-packages/airflow/example_dags/tutorial.py
[2026-04-30T10:18:10.155+0000] {processor.py:840} INFO - DAG(s) 'tutorial' retrieved from /home/airflow/.local/lib/python3.12/site-packages/airflow/example_dags/tutorial.py
[2026-04-30T10:18:10.176+0000] {logging_mixin.py:188} INFO - [2026-04-30T10:18:10.176+0000] {dag.py:3096} INFO - Sync 1 DAGs
[2026-04-30T10:18:10.208+0000] {logging_mixin.py:188} INFO - [2026-04-30T10:18:10.208+0000] {dag.py:3954} INFO - Setting next_dagrun for tutorial to 2026-04-29 00:00:00+00:00, run_after=2026-04-30 00:00:00+00:00
[2026-04-30T10:18:10.228+0000] {processor.py:183} INFO - Processing /home/airflow/.local/lib/python3.12/site-packages/airflow/example_dags/tutorial.py took 0.085 seconds
[2026-04-30T10:18:41.300+0000] {processor.py:161} INFO - Started process (PID=309) to work on /home/airflow/.local/lib/python3.12/site-packages/airflow/example_dags/tutorial.py
[2026-04-30T10:18:41.300+0000] {processor.py:830} INFO - Processing file /home/airflow/.local/lib/python3.12/site-packages/airflow/example_dags/tutorial.py for tasks to queue
[2026-04-30T10:18:41.302+0000] {logging_mixin.py:188} INFO - [2026-04-30T10:18:41.301+0000] {dagbag.py:545} INFO - Filling up the DagBag from /home/airflow/.local/lib/python3.12/site-packages/airflow/example_dags/tutorial.py
[2026-04-30T10:18:41.306+0000] {processor.py:840} INFO - DAG(s) 'tutorial' retrieved from /home/airflow/.local/lib/python3.12/site-packages/airflow/example_dags/tutorial.py
[2026-04-30T10:18:41.325+0000] {logging_mixin.py:188} INFO - [2026-04-30T10:18:41.325+0000] {dag.py:3096} INFO - Sync 1 DAGs
[2026-04-30T10:18:41.343+0000] {logging_mixin.py:188} INFO - [2026-04-30T10:18:41.343+0000] {dag.py:3954} INFO - Setting next_dagrun for tutorial to 2026-04-29 00:00:00+00:00, run_after=2026-04-30 00:00:00+00:00
[2026-04-30T10:18:41.359+0000] {processor.py:183} INFO - Processing /home/airflow/.local/lib/python3.12/site-packages/airflow/example_dags/tutorial.py took 0.064 seconds
[2026-04-30T10:19:12.232+0000] {processor.py:161} INFO - Started process (PID=372) to work on /home/airflow/.local/lib/python3.12/site-packages/airflow/example_dags/tutorial.py
[2026-04-30T10:19:12.233+0000] {processor.py:830} INFO - Processing file /home/airflow/.local/lib/python3.12/site-packages/airflow/example_dags/tutorial.py for tasks to queue
[2026-04-30T10:19:12.235+0000] {logging_mixin.py:188} INFO - [2026-04-30T10:19:12.234+0000] {dagbag.py:545} INFO - Filling up the DagBag from /home/airflow/.local/lib/python3.12/site-packages/airflow/example_dags/tutorial.py
[2026-04-30T10:19:12.242+0000] {processor.py:840} INFO - DAG(s) 'tutorial' retrieved from /home/airflow/.local/lib/python3.12/site-packages/airflow/example_dags/tutorial.py
[2026-04-30T10:19:12.266+0000] {logging_mixin.py:188} INFO - [2026-04-30T10:19:12.265+0000] {dag.py:3096} INFO - Sync 1 DAGs
[2026-04-30T10:19:12.299+0000] {logging_mixin.py:188} INFO - [2026-04-30T10:19:12.299+0000] {dag.py:3954} INFO - Setting next_dagrun for tutorial to 2026-04-29 00:00:00+00:00, run_after=2026-04-30 00:00:00+00:00
[2026-04-30T10:19:12.320+0000] {processor.py:183} INFO - Processing /home/airflow/.local/lib/python3.12/site-packages/airflow/example_dags/tutorial.py took 0.098 seconds
[2026-04-30T10:19:42.476+0000] {processor.py:161} INFO - Started process (PID=436) to work on /home/airflow/.local/lib/python3.12/site-packages/airflow/example_dags/tutorial.py
[2026-04-30T10:19:42.476+0000] {processor.py:830} INFO - Processing file /home/airflow/.local/lib/python3.12/site-packages/airflow/example_dags/tutorial.py for tasks to queue
[2026-04-30T10:19:42.478+0000] {logging_mixin.py:188} INFO - [2026-04-30T10:19:42.478+0000] {dagbag.py:545} INFO - Filling up the DagBag from /home/airflow/.local/lib/python3.12/site-packages/airflow/example_dags/tutorial.py
[2026-04-30T10:19:42.485+0000] {processor.py:840} INFO - DAG(s) 'tutorial' retrieved from /home/airflow/.local/lib/python3.12/site-packages/airflow/example_dags/tutorial.py
[2026-04-30T10:19:42.504+0000] {logging_mixin.py:188} INFO - [2026-04-30T10:19:42.504+0000] {dag.py:3096} INFO - Sync 1 DAGs
[2026-04-30T10:19:42.522+0000] {logging_mixin.py:188} INFO - [2026-04-30T10:19:42.522+0000] {dag.py:3954} INFO - Setting next_dagrun for tutorial to 2026-04-29 00:00:00+00:00, run_after=2026-04-30 00:00:00+00:00
[2026-04-30T10:19:42.536+0000] {processor.py:183} INFO - Processing /home/airflow/.local/lib/python3.12/site-packages/airflow/example_dags/tutorial.py took 0.065 seconds
[2026-04-30T10:20:12.758+0000] {processor.py:161} INFO - Started process (PID=495) to work on /home/airflow/.local/lib/python3.12/site-packages/airflow/example_dags/tutorial.py
[2026-04-30T10:20:12.759+0000] {processor.py:830} INFO - Processing file /home/airflow/.local/lib/python3.12/site-packages/airflow/example_dags/tutorial.py for tasks to queue
[2026-04-30T10:20:12.760+0000] {logging_mixin.py:188} INFO - [2026-04-30T10:20:12.760+0000] {dagbag.py:545} INFO - Filling up the DagBag from /home/airflow/.local/lib/python3.12/site-packages/airflow/example_dags/tutorial.py
[2026-04-30T10:20:12.766+0000] {processor.py:840} INFO - DAG(s) 'tutorial' retrieved from /home/airflow/.local/lib/python3.12/site-packages/airflow/example_dags/tutorial.py
[2026-04-30T10:20:12.789+0000] {logging_mixin.py:188} INFO - [2026-04-30T10:20:12.788+0000] {dag.py:3096} INFO - Sync 1 DAGs
[2026-04-30T10:20:12.813+0000] {logging_mixin.py:188} INFO - [2026-04-30T10:20:12.813+0000] {dag.py:3954} INFO - Setting next_dagrun for tutorial to 2026-04-29 00:00:00+00:00, run_after=2026-04-30 00:00:00+00:00
[2026-04-30T10:20:12.829+0000] {processor.py:183} INFO - Processing /home/airflow/.local/lib/python3.12/site-packages/airflow/example_dags/tutorial.py took 0.076 seconds
[2026-04-30T10:20:42.989+0000] {processor.py:161} INFO - Started process (PID=554) to work on /home/airflow/.local/lib/python3.12/site-packages/airflow/example_dags/tutorial.py
[2026-04-30T10:20:42.989+0000] {processor.py:830} INFO - Processing file /home/airflow/.local/lib/python3.12/site-packages/airflow/example_dags/tutorial.py for tasks to queue
[2026-04-30T10:20:42.991+0000] {logging_mixin.py:188} INFO - [2026-04-30T10:20:42.991+0000] {dagbag.py:545} INFO - Filling up the DagBag from /home/airflow/.local/lib/python3.12/site-packages/airflow/example_dags/tutorial.py
[2026-04-30T10:20:42.996+0000] {processor.py:840} INFO - DAG(s) 'tutorial' retrieved from /home/airflow/.local/lib/python3.12/site-packages/airflow/example_dags/tutorial.py
[2026-04-30T10:20:43.015+0000] {logging_mixin.py:188} INFO - [2026-04-30T10:20:43.015+0000] {dag.py:3096} INFO - Sync 1 DAGs
[2026-04-30T10:20:43.035+0000] {logging_mixin.py:188} INFO - [2026-04-30T10:20:43.035+0000] {dag.py:3954} INFO - Setting next_dagrun for tutorial to 2026-04-29 00:00:00+00:00, run_after=2026-04-30 00:00:00+00:00
[2026-04-30T10:20:43.050+0000] {processor.py:183} INFO - Processing /home/airflow/.local/lib/python3.12/site-packages/airflow/example_dags/tutorial.py took 0.067 seconds
