[2026-04-30T04:06:27.516+0000] {processor.py:161} INFO - Started process (PID=92) to work on /home/airflow/.local/lib/python3.12/site-packages/airflow/example_dags/example_skip_dag.py
[2026-04-30T04:06:27.517+0000] {processor.py:830} INFO - Processing file /home/airflow/.local/lib/python3.12/site-packages/airflow/example_dags/example_skip_dag.py for tasks to queue
[2026-04-30T04:06:27.520+0000] {logging_mixin.py:188} INFO - [2026-04-30T04:06:27.519+0000] {dagbag.py:545} INFO - Filling up the DagBag from /home/airflow/.local/lib/python3.12/site-packages/airflow/example_dags/example_skip_dag.py
[2026-04-30T04:06:27.528+0000] {processor.py:840} INFO - DAG(s) 'example_skip_dag' retrieved from /home/airflow/.local/lib/python3.12/site-packages/airflow/example_dags/example_skip_dag.py
[2026-04-30T04:06:27.564+0000] {logging_mixin.py:188} INFO - [2026-04-30T04:06:27.564+0000] {dag.py:3096} INFO - Sync 1 DAGs
[2026-04-30T04:06:27.592+0000] {logging_mixin.py:188} INFO - [2026-04-30T04:06:27.592+0000] {dag.py:3954} INFO - Setting next_dagrun for example_skip_dag to 2026-04-29 00:00:00+00:00, run_after=2026-04-30 00:00:00+00:00
[2026-04-30T04:06:27.613+0000] {processor.py:183} INFO - Processing /home/airflow/.local/lib/python3.12/site-packages/airflow/example_dags/example_skip_dag.py took 0.107 seconds
[2026-04-30T04:06:57.891+0000] {processor.py:161} INFO - Started process (PID=151) to work on /home/airflow/.local/lib/python3.12/site-packages/airflow/example_dags/example_skip_dag.py
[2026-04-30T04:06:57.892+0000] {processor.py:830} INFO - Processing file /home/airflow/.local/lib/python3.12/site-packages/airflow/example_dags/example_skip_dag.py for tasks to queue
[2026-04-30T04:06:57.894+0000] {logging_mixin.py:188} INFO - [2026-04-30T04:06:57.894+0000] {dagbag.py:545} INFO - Filling up the DagBag from /home/airflow/.local/lib/python3.12/site-packages/airflow/example_dags/example_skip_dag.py
[2026-04-30T04:06:57.901+0000] {processor.py:840} INFO - DAG(s) 'example_skip_dag' retrieved from /home/airflow/.local/lib/python3.12/site-packages/airflow/example_dags/example_skip_dag.py
[2026-04-30T04:06:57.922+0000] {logging_mixin.py:188} INFO - [2026-04-30T04:06:57.922+0000] {dag.py:3096} INFO - Sync 1 DAGs
[2026-04-30T04:06:57.946+0000] {logging_mixin.py:188} INFO - [2026-04-30T04:06:57.946+0000] {dag.py:3954} INFO - Setting next_dagrun for example_skip_dag to 2026-04-29 00:00:00+00:00, run_after=2026-04-30 00:00:00+00:00
[2026-04-30T04:06:57.961+0000] {processor.py:183} INFO - Processing /home/airflow/.local/lib/python3.12/site-packages/airflow/example_dags/example_skip_dag.py took 0.075 seconds
[2026-04-30T04:07:29.325+0000] {processor.py:161} INFO - Started process (PID=210) to work on /home/airflow/.local/lib/python3.12/site-packages/airflow/example_dags/example_skip_dag.py
[2026-04-30T04:07:29.325+0000] {processor.py:830} INFO - Processing file /home/airflow/.local/lib/python3.12/site-packages/airflow/example_dags/example_skip_dag.py for tasks to queue
[2026-04-30T04:07:29.327+0000] {logging_mixin.py:188} INFO - [2026-04-30T04:07:29.327+0000] {dagbag.py:545} INFO - Filling up the DagBag from /home/airflow/.local/lib/python3.12/site-packages/airflow/example_dags/example_skip_dag.py
[2026-04-30T04:07:29.332+0000] {processor.py:840} INFO - DAG(s) 'example_skip_dag' retrieved from /home/airflow/.local/lib/python3.12/site-packages/airflow/example_dags/example_skip_dag.py
[2026-04-30T04:07:29.354+0000] {logging_mixin.py:188} INFO - [2026-04-30T04:07:29.353+0000] {dag.py:3096} INFO - Sync 1 DAGs
[2026-04-30T04:07:29.380+0000] {logging_mixin.py:188} INFO - [2026-04-30T04:07:29.380+0000] {dag.py:3954} INFO - Setting next_dagrun for example_skip_dag to 2026-04-29 00:00:00+00:00, run_after=2026-04-30 00:00:00+00:00
[2026-04-30T04:07:29.397+0000] {processor.py:183} INFO - Processing /home/airflow/.local/lib/python3.12/site-packages/airflow/example_dags/example_skip_dag.py took 0.078 seconds
[2026-04-30T04:08:00.471+0000] {processor.py:161} INFO - Started process (PID=269) to work on /home/airflow/.local/lib/python3.12/site-packages/airflow/example_dags/example_skip_dag.py
[2026-04-30T04:08:00.472+0000] {processor.py:830} INFO - Processing file /home/airflow/.local/lib/python3.12/site-packages/airflow/example_dags/example_skip_dag.py for tasks to queue
[2026-04-30T04:08:00.474+0000] {logging_mixin.py:188} INFO - [2026-04-30T04:08:00.473+0000] {dagbag.py:545} INFO - Filling up the DagBag from /home/airflow/.local/lib/python3.12/site-packages/airflow/example_dags/example_skip_dag.py
[2026-04-30T04:08:00.481+0000] {processor.py:840} INFO - DAG(s) 'example_skip_dag' retrieved from /home/airflow/.local/lib/python3.12/site-packages/airflow/example_dags/example_skip_dag.py
[2026-04-30T04:08:00.511+0000] {logging_mixin.py:188} INFO - [2026-04-30T04:08:00.510+0000] {dag.py:3096} INFO - Sync 1 DAGs
[2026-04-30T04:08:00.542+0000] {logging_mixin.py:188} INFO - [2026-04-30T04:08:00.542+0000] {dag.py:3954} INFO - Setting next_dagrun for example_skip_dag to 2026-04-29 00:00:00+00:00, run_after=2026-04-30 00:00:00+00:00
[2026-04-30T04:08:00.562+0000] {processor.py:183} INFO - Processing /home/airflow/.local/lib/python3.12/site-packages/airflow/example_dags/example_skip_dag.py took 0.097 seconds
