[2026-04-30T04:06:24.637+0000] {processor.py:161} INFO - Started process (PID=64) to work on /home/airflow/.local/lib/python3.12/site-packages/airflow/example_dags/example_datasets.py
[2026-04-30T04:06:24.638+0000] {processor.py:830} INFO - Processing file /home/airflow/.local/lib/python3.12/site-packages/airflow/example_dags/example_datasets.py for tasks to queue
[2026-04-30T04:06:24.640+0000] {logging_mixin.py:188} INFO - [2026-04-30T04:06:24.640+0000] {dagbag.py:545} INFO - Filling up the DagBag from /home/airflow/.local/lib/python3.12/site-packages/airflow/example_dags/example_datasets.py
[2026-04-30T04:06:24.668+0000] {processor.py:840} INFO - DAG(s) 'dataset_consumes_unknown_never_scheduled', 'consume_1_and_2_with_dataset_expressions', 'dataset_produces_1', 'conditional_dataset_and_time_based_timetable', 'dataset_consumes_1', 'dataset_consumes_1_and_2', 'consume_1_or_both_2_and_3_with_dataset_expressions', 'dataset_consumes_1_never_scheduled', 'dataset_produces_2', 'consume_1_or_2_with_dataset_expressions' retrieved from /home/airflow/.local/lib/python3.12/site-packages/airflow/example_dags/example_datasets.py
[2026-04-30T04:06:24.752+0000] {logging_mixin.py:188} INFO - [2026-04-30T04:06:24.752+0000] {dag.py:3096} INFO - Sync 10 DAGs
[2026-04-30T04:06:24.789+0000] {logging_mixin.py:188} INFO - [2026-04-30T04:06:24.788+0000] {dag.py:3954} INFO - Setting next_dagrun for conditional_dataset_and_time_based_timetable to 2026-05-06 01:00:00+00:00, run_after=2026-05-06 01:00:00+00:00
[2026-04-30T04:06:24.793+0000] {logging_mixin.py:188} INFO - [2026-04-30T04:06:24.793+0000] {dag.py:3954} INFO - Setting next_dagrun for consume_1_and_2_with_dataset_expressions to None, run_after=None
[2026-04-30T04:06:24.796+0000] {logging_mixin.py:188} INFO - [2026-04-30T04:06:24.796+0000] {dag.py:3954} INFO - Setting next_dagrun for consume_1_or_2_with_dataset_expressions to None, run_after=None
[2026-04-30T04:06:24.798+0000] {logging_mixin.py:188} INFO - [2026-04-30T04:06:24.797+0000] {dag.py:3954} INFO - Setting next_dagrun for consume_1_or_both_2_and_3_with_dataset_expressions to None, run_after=None
[2026-04-30T04:06:24.799+0000] {logging_mixin.py:188} INFO - [2026-04-30T04:06:24.799+0000] {dag.py:3954} INFO - Setting next_dagrun for dataset_consumes_1 to None, run_after=None
[2026-04-30T04:06:24.801+0000] {logging_mixin.py:188} INFO - [2026-04-30T04:06:24.800+0000] {dag.py:3954} INFO - Setting next_dagrun for dataset_consumes_1_and_2 to None, run_after=None
[2026-04-30T04:06:24.802+0000] {logging_mixin.py:188} INFO - [2026-04-30T04:06:24.802+0000] {dag.py:3954} INFO - Setting next_dagrun for dataset_consumes_1_never_scheduled to None, run_after=None
[2026-04-30T04:06:24.804+0000] {logging_mixin.py:188} INFO - [2026-04-30T04:06:24.803+0000] {dag.py:3954} INFO - Setting next_dagrun for dataset_consumes_unknown_never_scheduled to None, run_after=None
[2026-04-30T04:06:24.807+0000] {logging_mixin.py:188} INFO - [2026-04-30T04:06:24.807+0000] {dag.py:3954} INFO - Setting next_dagrun for dataset_produces_1 to 2026-04-29 00:00:00+00:00, run_after=2026-04-30 00:00:00+00:00
[2026-04-30T04:06:24.808+0000] {logging_mixin.py:188} INFO - [2026-04-30T04:06:24.808+0000] {dag.py:3954} INFO - Setting next_dagrun for dataset_produces_2 to None, run_after=None
[2026-04-30T04:06:24.849+0000] {processor.py:183} INFO - Processing /home/airflow/.local/lib/python3.12/site-packages/airflow/example_dags/example_datasets.py took 0.217 seconds
[2026-04-30T04:06:55.259+0000] {processor.py:161} INFO - Started process (PID=123) to work on /home/airflow/.local/lib/python3.12/site-packages/airflow/example_dags/example_datasets.py
[2026-04-30T04:06:55.260+0000] {processor.py:830} INFO - Processing file /home/airflow/.local/lib/python3.12/site-packages/airflow/example_dags/example_datasets.py for tasks to queue
[2026-04-30T04:06:55.261+0000] {logging_mixin.py:188} INFO - [2026-04-30T04:06:55.261+0000] {dagbag.py:545} INFO - Filling up the DagBag from /home/airflow/.local/lib/python3.12/site-packages/airflow/example_dags/example_datasets.py
[2026-04-30T04:06:55.276+0000] {processor.py:840} INFO - DAG(s) 'consume_1_or_2_with_dataset_expressions', 'dataset_consumes_1_never_scheduled', 'dataset_produces_2', 'dataset_consumes_unknown_never_scheduled', 'dataset_consumes_1', 'dataset_produces_1', 'consume_1_and_2_with_dataset_expressions', 'dataset_consumes_1_and_2', 'conditional_dataset_and_time_based_timetable', 'consume_1_or_both_2_and_3_with_dataset_expressions' retrieved from /home/airflow/.local/lib/python3.12/site-packages/airflow/example_dags/example_datasets.py
[2026-04-30T04:06:55.336+0000] {logging_mixin.py:188} INFO - [2026-04-30T04:06:55.336+0000] {dag.py:3096} INFO - Sync 10 DAGs
[2026-04-30T04:06:55.363+0000] {logging_mixin.py:188} INFO - [2026-04-30T04:06:55.362+0000] {dag.py:3954} INFO - Setting next_dagrun for conditional_dataset_and_time_based_timetable to 2026-05-06 01:00:00+00:00, run_after=2026-05-06 01:00:00+00:00
[2026-04-30T04:06:55.366+0000] {logging_mixin.py:188} INFO - [2026-04-30T04:06:55.366+0000] {dag.py:3954} INFO - Setting next_dagrun for consume_1_and_2_with_dataset_expressions to None, run_after=None
[2026-04-30T04:06:55.368+0000] {logging_mixin.py:188} INFO - [2026-04-30T04:06:55.368+0000] {dag.py:3954} INFO - Setting next_dagrun for consume_1_or_2_with_dataset_expressions to None, run_after=None
[2026-04-30T04:06:55.369+0000] {logging_mixin.py:188} INFO - [2026-04-30T04:06:55.369+0000] {dag.py:3954} INFO - Setting next_dagrun for consume_1_or_both_2_and_3_with_dataset_expressions to None, run_after=None
[2026-04-30T04:06:55.370+0000] {logging_mixin.py:188} INFO - [2026-04-30T04:06:55.370+0000] {dag.py:3954} INFO - Setting next_dagrun for dataset_consumes_1 to None, run_after=None
[2026-04-30T04:06:55.372+0000] {logging_mixin.py:188} INFO - [2026-04-30T04:06:55.372+0000] {dag.py:3954} INFO - Setting next_dagrun for dataset_consumes_1_and_2 to None, run_after=None
[2026-04-30T04:06:55.374+0000] {logging_mixin.py:188} INFO - [2026-04-30T04:06:55.373+0000] {dag.py:3954} INFO - Setting next_dagrun for dataset_consumes_1_never_scheduled to None, run_after=None
[2026-04-30T04:06:55.375+0000] {logging_mixin.py:188} INFO - [2026-04-30T04:06:55.375+0000] {dag.py:3954} INFO - Setting next_dagrun for dataset_consumes_unknown_never_scheduled to None, run_after=None
[2026-04-30T04:06:55.378+0000] {logging_mixin.py:188} INFO - [2026-04-30T04:06:55.378+0000] {dag.py:3954} INFO - Setting next_dagrun for dataset_produces_1 to 2026-04-29 00:00:00+00:00, run_after=2026-04-30 00:00:00+00:00
[2026-04-30T04:06:55.380+0000] {logging_mixin.py:188} INFO - [2026-04-30T04:06:55.380+0000] {dag.py:3954} INFO - Setting next_dagrun for dataset_produces_2 to None, run_after=None
[2026-04-30T04:06:55.412+0000] {processor.py:183} INFO - Processing /home/airflow/.local/lib/python3.12/site-packages/airflow/example_dags/example_datasets.py took 0.159 seconds
[2026-04-30T04:07:25.437+0000] {processor.py:161} INFO - Started process (PID=182) to work on /home/airflow/.local/lib/python3.12/site-packages/airflow/example_dags/example_datasets.py
[2026-04-30T04:07:25.438+0000] {processor.py:830} INFO - Processing file /home/airflow/.local/lib/python3.12/site-packages/airflow/example_dags/example_datasets.py for tasks to queue
[2026-04-30T04:07:25.439+0000] {logging_mixin.py:188} INFO - [2026-04-30T04:07:25.439+0000] {dagbag.py:545} INFO - Filling up the DagBag from /home/airflow/.local/lib/python3.12/site-packages/airflow/example_dags/example_datasets.py
[2026-04-30T04:07:25.451+0000] {processor.py:840} INFO - DAG(s) 'conditional_dataset_and_time_based_timetable', 'dataset_produces_1', 'dataset_consumes_1_and_2', 'consume_1_and_2_with_dataset_expressions', 'consume_1_or_2_with_dataset_expressions', 'dataset_consumes_1_never_scheduled', 'dataset_consumes_unknown_never_scheduled', 'dataset_produces_2', 'consume_1_or_both_2_and_3_with_dataset_expressions', 'dataset_consumes_1' retrieved from /home/airflow/.local/lib/python3.12/site-packages/airflow/example_dags/example_datasets.py
[2026-04-30T04:07:25.490+0000] {logging_mixin.py:188} INFO - [2026-04-30T04:07:25.489+0000] {dag.py:3096} INFO - Sync 10 DAGs
[2026-04-30T04:07:25.510+0000] {logging_mixin.py:188} INFO - [2026-04-30T04:07:25.510+0000] {dag.py:3954} INFO - Setting next_dagrun for conditional_dataset_and_time_based_timetable to 2026-05-06 01:00:00+00:00, run_after=2026-05-06 01:00:00+00:00
[2026-04-30T04:07:25.514+0000] {logging_mixin.py:188} INFO - [2026-04-30T04:07:25.514+0000] {dag.py:3954} INFO - Setting next_dagrun for consume_1_and_2_with_dataset_expressions to None, run_after=None
[2026-04-30T04:07:25.515+0000] {logging_mixin.py:188} INFO - [2026-04-30T04:07:25.515+0000] {dag.py:3954} INFO - Setting next_dagrun for consume_1_or_2_with_dataset_expressions to None, run_after=None
[2026-04-30T04:07:25.516+0000] {logging_mixin.py:188} INFO - [2026-04-30T04:07:25.516+0000] {dag.py:3954} INFO - Setting next_dagrun for consume_1_or_both_2_and_3_with_dataset_expressions to None, run_after=None
[2026-04-30T04:07:25.517+0000] {logging_mixin.py:188} INFO - [2026-04-30T04:07:25.517+0000] {dag.py:3954} INFO - Setting next_dagrun for dataset_consumes_1 to None, run_after=None
[2026-04-30T04:07:25.518+0000] {logging_mixin.py:188} INFO - [2026-04-30T04:07:25.518+0000] {dag.py:3954} INFO - Setting next_dagrun for dataset_consumes_1_and_2 to None, run_after=None
[2026-04-30T04:07:25.519+0000] {logging_mixin.py:188} INFO - [2026-04-30T04:07:25.519+0000] {dag.py:3954} INFO - Setting next_dagrun for dataset_consumes_1_never_scheduled to None, run_after=None
[2026-04-30T04:07:25.520+0000] {logging_mixin.py:188} INFO - [2026-04-30T04:07:25.520+0000] {dag.py:3954} INFO - Setting next_dagrun for dataset_consumes_unknown_never_scheduled to None, run_after=None
[2026-04-30T04:07:25.522+0000] {logging_mixin.py:188} INFO - [2026-04-30T04:07:25.522+0000] {dag.py:3954} INFO - Setting next_dagrun for dataset_produces_1 to 2026-04-29 00:00:00+00:00, run_after=2026-04-30 00:00:00+00:00
[2026-04-30T04:07:25.523+0000] {logging_mixin.py:188} INFO - [2026-04-30T04:07:25.523+0000] {dag.py:3954} INFO - Setting next_dagrun for dataset_produces_2 to None, run_after=None
[2026-04-30T04:07:25.549+0000] {processor.py:183} INFO - Processing /home/airflow/.local/lib/python3.12/site-packages/airflow/example_dags/example_datasets.py took 0.116 seconds
[2026-04-30T04:07:55.576+0000] {processor.py:161} INFO - Started process (PID=241) to work on /home/airflow/.local/lib/python3.12/site-packages/airflow/example_dags/example_datasets.py
[2026-04-30T04:07:55.577+0000] {processor.py:830} INFO - Processing file /home/airflow/.local/lib/python3.12/site-packages/airflow/example_dags/example_datasets.py for tasks to queue
[2026-04-30T04:07:55.578+0000] {logging_mixin.py:188} INFO - [2026-04-30T04:07:55.578+0000] {dagbag.py:545} INFO - Filling up the DagBag from /home/airflow/.local/lib/python3.12/site-packages/airflow/example_dags/example_datasets.py
[2026-04-30T04:07:55.589+0000] {processor.py:840} INFO - DAG(s) 'consume_1_and_2_with_dataset_expressions', 'dataset_consumes_1', 'dataset_produces_1', 'dataset_consumes_1_and_2', 'dataset_consumes_1_never_scheduled', 'conditional_dataset_and_time_based_timetable', 'consume_1_or_2_with_dataset_expressions', 'dataset_consumes_unknown_never_scheduled', 'dataset_produces_2', 'consume_1_or_both_2_and_3_with_dataset_expressions' retrieved from /home/airflow/.local/lib/python3.12/site-packages/airflow/example_dags/example_datasets.py
[2026-04-30T04:07:55.630+0000] {logging_mixin.py:188} INFO - [2026-04-30T04:07:55.630+0000] {dag.py:3096} INFO - Sync 10 DAGs
[2026-04-30T04:07:55.665+0000] {logging_mixin.py:188} INFO - [2026-04-30T04:07:55.665+0000] {dag.py:3954} INFO - Setting next_dagrun for conditional_dataset_and_time_based_timetable to 2026-05-06 01:00:00+00:00, run_after=2026-05-06 01:00:00+00:00
[2026-04-30T04:07:55.671+0000] {logging_mixin.py:188} INFO - [2026-04-30T04:07:55.671+0000] {dag.py:3954} INFO - Setting next_dagrun for consume_1_and_2_with_dataset_expressions to None, run_after=None
[2026-04-30T04:07:55.672+0000] {logging_mixin.py:188} INFO - [2026-04-30T04:07:55.672+0000] {dag.py:3954} INFO - Setting next_dagrun for consume_1_or_2_with_dataset_expressions to None, run_after=None
[2026-04-30T04:07:55.674+0000] {logging_mixin.py:188} INFO - [2026-04-30T04:07:55.674+0000] {dag.py:3954} INFO - Setting next_dagrun for consume_1_or_both_2_and_3_with_dataset_expressions to None, run_after=None
[2026-04-30T04:07:55.675+0000] {logging_mixin.py:188} INFO - [2026-04-30T04:07:55.675+0000] {dag.py:3954} INFO - Setting next_dagrun for dataset_consumes_1 to None, run_after=None
[2026-04-30T04:07:55.677+0000] {logging_mixin.py:188} INFO - [2026-04-30T04:07:55.676+0000] {dag.py:3954} INFO - Setting next_dagrun for dataset_consumes_1_and_2 to None, run_after=None
[2026-04-30T04:07:55.678+0000] {logging_mixin.py:188} INFO - [2026-04-30T04:07:55.678+0000] {dag.py:3954} INFO - Setting next_dagrun for dataset_consumes_1_never_scheduled to None, run_after=None
[2026-04-30T04:07:55.679+0000] {logging_mixin.py:188} INFO - [2026-04-30T04:07:55.679+0000] {dag.py:3954} INFO - Setting next_dagrun for dataset_consumes_unknown_never_scheduled to None, run_after=None
[2026-04-30T04:07:55.683+0000] {logging_mixin.py:188} INFO - [2026-04-30T04:07:55.682+0000] {dag.py:3954} INFO - Setting next_dagrun for dataset_produces_1 to 2026-04-29 00:00:00+00:00, run_after=2026-04-30 00:00:00+00:00
[2026-04-30T04:07:55.684+0000] {logging_mixin.py:188} INFO - [2026-04-30T04:07:55.684+0000] {dag.py:3954} INFO - Setting next_dagrun for dataset_produces_2 to None, run_after=None
[2026-04-30T04:07:55.726+0000] {processor.py:183} INFO - Processing /home/airflow/.local/lib/python3.12/site-packages/airflow/example_dags/example_datasets.py took 0.154 seconds
