[2026-04-30T04:06:26.440+0000] {processor.py:161} INFO - Started process (PID=79) to work on /home/airflow/.local/lib/python3.12/site-packages/airflow/example_dags/example_python_operator.py
[2026-04-30T04:06:26.444+0000] {processor.py:830} INFO - Processing file /home/airflow/.local/lib/python3.12/site-packages/airflow/example_dags/example_python_operator.py for tasks to queue
[2026-04-30T04:06:26.446+0000] {logging_mixin.py:188} INFO - [2026-04-30T04:06:26.445+0000] {dagbag.py:545} INFO - Filling up the DagBag from /home/airflow/.local/lib/python3.12/site-packages/airflow/example_dags/example_python_operator.py
[2026-04-30T04:06:26.458+0000] {processor.py:840} INFO - DAG(s) 'example_python_operator' retrieved from /home/airflow/.local/lib/python3.12/site-packages/airflow/example_dags/example_python_operator.py
[2026-04-30T04:06:26.609+0000] {logging_mixin.py:188} INFO - [2026-04-30T04:06:26.609+0000] {dag.py:3096} INFO - Sync 1 DAGs
[2026-04-30T04:06:26.622+0000] {logging_mixin.py:188} INFO - [2026-04-30T04:06:26.621+0000] {dag.py:3954} INFO - Setting next_dagrun for example_python_operator to None, run_after=None
[2026-04-30T04:06:26.645+0000] {processor.py:183} INFO - Processing /home/airflow/.local/lib/python3.12/site-packages/airflow/example_dags/example_python_operator.py took 0.214 seconds
[2026-04-30T04:06:57.275+0000] {processor.py:161} INFO - Started process (PID=138) to work on /home/airflow/.local/lib/python3.12/site-packages/airflow/example_dags/example_python_operator.py
[2026-04-30T04:06:57.276+0000] {processor.py:830} INFO - Processing file /home/airflow/.local/lib/python3.12/site-packages/airflow/example_dags/example_python_operator.py for tasks to queue
[2026-04-30T04:06:57.277+0000] {logging_mixin.py:188} INFO - [2026-04-30T04:06:57.277+0000] {dagbag.py:545} INFO - Filling up the DagBag from /home/airflow/.local/lib/python3.12/site-packages/airflow/example_dags/example_python_operator.py
[2026-04-30T04:06:57.287+0000] {processor.py:840} INFO - DAG(s) 'example_python_operator' retrieved from /home/airflow/.local/lib/python3.12/site-packages/airflow/example_dags/example_python_operator.py
[2026-04-30T04:06:57.311+0000] {logging_mixin.py:188} INFO - [2026-04-30T04:06:57.311+0000] {dag.py:3096} INFO - Sync 1 DAGs
[2026-04-30T04:06:57.326+0000] {logging_mixin.py:188} INFO - [2026-04-30T04:06:57.326+0000] {dag.py:3954} INFO - Setting next_dagrun for example_python_operator to None, run_after=None
[2026-04-30T04:06:57.344+0000] {processor.py:183} INFO - Processing /home/airflow/.local/lib/python3.12/site-packages/airflow/example_dags/example_python_operator.py took 0.074 seconds
[2026-04-30T04:07:28.291+0000] {processor.py:161} INFO - Started process (PID=197) to work on /home/airflow/.local/lib/python3.12/site-packages/airflow/example_dags/example_python_operator.py
[2026-04-30T04:07:28.292+0000] {processor.py:830} INFO - Processing file /home/airflow/.local/lib/python3.12/site-packages/airflow/example_dags/example_python_operator.py for tasks to queue
[2026-04-30T04:07:28.294+0000] {logging_mixin.py:188} INFO - [2026-04-30T04:07:28.294+0000] {dagbag.py:545} INFO - Filling up the DagBag from /home/airflow/.local/lib/python3.12/site-packages/airflow/example_dags/example_python_operator.py
[2026-04-30T04:07:28.307+0000] {processor.py:840} INFO - DAG(s) 'example_python_operator' retrieved from /home/airflow/.local/lib/python3.12/site-packages/airflow/example_dags/example_python_operator.py
[2026-04-30T04:07:28.334+0000] {logging_mixin.py:188} INFO - [2026-04-30T04:07:28.334+0000] {dag.py:3096} INFO - Sync 1 DAGs
[2026-04-30T04:07:28.350+0000] {logging_mixin.py:188} INFO - [2026-04-30T04:07:28.350+0000] {dag.py:3954} INFO - Setting next_dagrun for example_python_operator to None, run_after=None
[2026-04-30T04:07:28.372+0000] {processor.py:183} INFO - Processing /home/airflow/.local/lib/python3.12/site-packages/airflow/example_dags/example_python_operator.py took 0.088 seconds
[2026-04-30T04:07:58.466+0000] {processor.py:161} INFO - Started process (PID=256) to work on /home/airflow/.local/lib/python3.12/site-packages/airflow/example_dags/example_python_operator.py
[2026-04-30T04:07:58.468+0000] {processor.py:830} INFO - Processing file /home/airflow/.local/lib/python3.12/site-packages/airflow/example_dags/example_python_operator.py for tasks to queue
[2026-04-30T04:07:58.471+0000] {logging_mixin.py:188} INFO - [2026-04-30T04:07:58.470+0000] {dagbag.py:545} INFO - Filling up the DagBag from /home/airflow/.local/lib/python3.12/site-packages/airflow/example_dags/example_python_operator.py
[2026-04-30T04:07:58.483+0000] {processor.py:840} INFO - DAG(s) 'example_python_operator' retrieved from /home/airflow/.local/lib/python3.12/site-packages/airflow/example_dags/example_python_operator.py
[2026-04-30T04:07:58.506+0000] {logging_mixin.py:188} INFO - [2026-04-30T04:07:58.506+0000] {dag.py:3096} INFO - Sync 1 DAGs
[2026-04-30T04:07:58.518+0000] {logging_mixin.py:188} INFO - [2026-04-30T04:07:58.518+0000] {dag.py:3954} INFO - Setting next_dagrun for example_python_operator to None, run_after=None
[2026-04-30T04:07:58.536+0000] {processor.py:183} INFO - Processing /home/airflow/.local/lib/python3.12/site-packages/airflow/example_dags/example_python_operator.py took 0.076 seconds
