[2026-04-30T04:06:28.871+0000] {processor.py:161} INFO - Started process (PID=104) to work on /home/airflow/.local/lib/python3.12/site-packages/airflow/example_dags/example_task_group.py
[2026-04-30T04:06:28.873+0000] {processor.py:830} INFO - Processing file /home/airflow/.local/lib/python3.12/site-packages/airflow/example_dags/example_task_group.py for tasks to queue
[2026-04-30T04:06:28.875+0000] {logging_mixin.py:188} INFO - [2026-04-30T04:06:28.875+0000] {dagbag.py:545} INFO - Filling up the DagBag from /home/airflow/.local/lib/python3.12/site-packages/airflow/example_dags/example_task_group.py
[2026-04-30T04:06:28.885+0000] {processor.py:840} INFO - DAG(s) 'example_task_group' retrieved from /home/airflow/.local/lib/python3.12/site-packages/airflow/example_dags/example_task_group.py
[2026-04-30T04:06:28.918+0000] {logging_mixin.py:188} INFO - [2026-04-30T04:06:28.918+0000] {dag.py:3096} INFO - Sync 1 DAGs
[2026-04-30T04:06:28.945+0000] {logging_mixin.py:188} INFO - [2026-04-30T04:06:28.945+0000] {dag.py:3954} INFO - Setting next_dagrun for example_task_group to 2026-04-29 00:00:00+00:00, run_after=2026-04-30 00:00:00+00:00
[2026-04-30T04:06:28.965+0000] {processor.py:183} INFO - Processing /home/airflow/.local/lib/python3.12/site-packages/airflow/example_dags/example_task_group.py took 0.103 seconds
[2026-04-30T04:06:59.522+0000] {processor.py:161} INFO - Started process (PID=163) to work on /home/airflow/.local/lib/python3.12/site-packages/airflow/example_dags/example_task_group.py
[2026-04-30T04:06:59.522+0000] {processor.py:830} INFO - Processing file /home/airflow/.local/lib/python3.12/site-packages/airflow/example_dags/example_task_group.py for tasks to queue
[2026-04-30T04:06:59.524+0000] {logging_mixin.py:188} INFO - [2026-04-30T04:06:59.524+0000] {dagbag.py:545} INFO - Filling up the DagBag from /home/airflow/.local/lib/python3.12/site-packages/airflow/example_dags/example_task_group.py
[2026-04-30T04:06:59.531+0000] {processor.py:840} INFO - DAG(s) 'example_task_group' retrieved from /home/airflow/.local/lib/python3.12/site-packages/airflow/example_dags/example_task_group.py
[2026-04-30T04:06:59.556+0000] {logging_mixin.py:188} INFO - [2026-04-30T04:06:59.556+0000] {dag.py:3096} INFO - Sync 1 DAGs
[2026-04-30T04:06:59.581+0000] {logging_mixin.py:188} INFO - [2026-04-30T04:06:59.581+0000] {dag.py:3954} INFO - Setting next_dagrun for example_task_group to 2026-04-29 00:00:00+00:00, run_after=2026-04-30 00:00:00+00:00
[2026-04-30T04:06:59.596+0000] {processor.py:183} INFO - Processing /home/airflow/.local/lib/python3.12/site-packages/airflow/example_dags/example_task_group.py took 0.079 seconds
[2026-04-30T04:07:30.028+0000] {processor.py:161} INFO - Started process (PID=222) to work on /home/airflow/.local/lib/python3.12/site-packages/airflow/example_dags/example_task_group.py
[2026-04-30T04:07:30.029+0000] {processor.py:830} INFO - Processing file /home/airflow/.local/lib/python3.12/site-packages/airflow/example_dags/example_task_group.py for tasks to queue
[2026-04-30T04:07:30.030+0000] {logging_mixin.py:188} INFO - [2026-04-30T04:07:30.030+0000] {dagbag.py:545} INFO - Filling up the DagBag from /home/airflow/.local/lib/python3.12/site-packages/airflow/example_dags/example_task_group.py
[2026-04-30T04:07:30.036+0000] {processor.py:840} INFO - DAG(s) 'example_task_group' retrieved from /home/airflow/.local/lib/python3.12/site-packages/airflow/example_dags/example_task_group.py
[2026-04-30T04:07:30.054+0000] {logging_mixin.py:188} INFO - [2026-04-30T04:07:30.054+0000] {dag.py:3096} INFO - Sync 1 DAGs
[2026-04-30T04:07:30.075+0000] {logging_mixin.py:188} INFO - [2026-04-30T04:07:30.075+0000] {dag.py:3954} INFO - Setting next_dagrun for example_task_group to 2026-04-29 00:00:00+00:00, run_after=2026-04-30 00:00:00+00:00
[2026-04-30T04:07:30.096+0000] {processor.py:183} INFO - Processing /home/airflow/.local/lib/python3.12/site-packages/airflow/example_dags/example_task_group.py took 0.073 seconds
[2026-04-30T04:08:01.388+0000] {processor.py:161} INFO - Started process (PID=281) to work on /home/airflow/.local/lib/python3.12/site-packages/airflow/example_dags/example_task_group.py
[2026-04-30T04:08:01.389+0000] {processor.py:830} INFO - Processing file /home/airflow/.local/lib/python3.12/site-packages/airflow/example_dags/example_task_group.py for tasks to queue
[2026-04-30T04:08:01.390+0000] {logging_mixin.py:188} INFO - [2026-04-30T04:08:01.390+0000] {dagbag.py:545} INFO - Filling up the DagBag from /home/airflow/.local/lib/python3.12/site-packages/airflow/example_dags/example_task_group.py
[2026-04-30T04:08:01.398+0000] {processor.py:840} INFO - DAG(s) 'example_task_group' retrieved from /home/airflow/.local/lib/python3.12/site-packages/airflow/example_dags/example_task_group.py
[2026-04-30T04:08:01.425+0000] {logging_mixin.py:188} INFO - [2026-04-30T04:08:01.425+0000] {dag.py:3096} INFO - Sync 1 DAGs
[2026-04-30T04:08:01.464+0000] {logging_mixin.py:188} INFO - [2026-04-30T04:08:01.464+0000] {dag.py:3954} INFO - Setting next_dagrun for example_task_group to 2026-04-29 00:00:00+00:00, run_after=2026-04-30 00:00:00+00:00
[2026-04-30T04:08:01.486+0000] {processor.py:183} INFO - Processing /home/airflow/.local/lib/python3.12/site-packages/airflow/example_dags/example_task_group.py took 0.103 seconds
