[2026-04-30T04:06:27.200+0000] {processor.py:161} INFO - Started process (PID=89) to work on /home/airflow/.local/lib/python3.12/site-packages/airflow/example_dags/example_params_ui_tutorial.py
[2026-04-30T04:06:27.201+0000] {processor.py:830} INFO - Processing file /home/airflow/.local/lib/python3.12/site-packages/airflow/example_dags/example_params_ui_tutorial.py for tasks to queue
[2026-04-30T04:06:27.203+0000] {logging_mixin.py:188} INFO - [2026-04-30T04:06:27.202+0000] {dagbag.py:545} INFO - Filling up the DagBag from /home/airflow/.local/lib/python3.12/site-packages/airflow/example_dags/example_params_ui_tutorial.py
[2026-04-30T04:06:27.215+0000] {processor.py:840} INFO - DAG(s) 'example_params_ui_tutorial' retrieved from /home/airflow/.local/lib/python3.12/site-packages/airflow/example_dags/example_params_ui_tutorial.py
[2026-04-30T04:06:27.430+0000] {logging_mixin.py:188} INFO - [2026-04-30T04:06:27.430+0000] {dag.py:3096} INFO - Sync 1 DAGs
[2026-04-30T04:06:27.445+0000] {logging_mixin.py:188} INFO - [2026-04-30T04:06:27.445+0000] {dag.py:3954} INFO - Setting next_dagrun for example_params_ui_tutorial to None, run_after=None
[2026-04-30T04:06:27.470+0000] {processor.py:183} INFO - Processing /home/airflow/.local/lib/python3.12/site-packages/airflow/example_dags/example_params_ui_tutorial.py took 0.277 seconds
[2026-04-30T04:06:57.742+0000] {processor.py:161} INFO - Started process (PID=148) to work on /home/airflow/.local/lib/python3.12/site-packages/airflow/example_dags/example_params_ui_tutorial.py
[2026-04-30T04:06:57.745+0000] {processor.py:830} INFO - Processing file /home/airflow/.local/lib/python3.12/site-packages/airflow/example_dags/example_params_ui_tutorial.py for tasks to queue
[2026-04-30T04:06:57.747+0000] {logging_mixin.py:188} INFO - [2026-04-30T04:06:57.747+0000] {dagbag.py:545} INFO - Filling up the DagBag from /home/airflow/.local/lib/python3.12/site-packages/airflow/example_dags/example_params_ui_tutorial.py
[2026-04-30T04:06:57.759+0000] {processor.py:840} INFO - DAG(s) 'example_params_ui_tutorial' retrieved from /home/airflow/.local/lib/python3.12/site-packages/airflow/example_dags/example_params_ui_tutorial.py
[2026-04-30T04:06:57.815+0000] {logging_mixin.py:188} INFO - [2026-04-30T04:06:57.815+0000] {dag.py:3096} INFO - Sync 1 DAGs
[2026-04-30T04:06:57.827+0000] {logging_mixin.py:188} INFO - [2026-04-30T04:06:57.827+0000] {dag.py:3954} INFO - Setting next_dagrun for example_params_ui_tutorial to None, run_after=None
[2026-04-30T04:06:57.845+0000] {processor.py:183} INFO - Processing /home/airflow/.local/lib/python3.12/site-packages/airflow/example_dags/example_params_ui_tutorial.py took 0.109 seconds
[2026-04-30T04:07:29.109+0000] {processor.py:161} INFO - Started process (PID=207) to work on /home/airflow/.local/lib/python3.12/site-packages/airflow/example_dags/example_params_ui_tutorial.py
[2026-04-30T04:07:29.110+0000] {processor.py:830} INFO - Processing file /home/airflow/.local/lib/python3.12/site-packages/airflow/example_dags/example_params_ui_tutorial.py for tasks to queue
[2026-04-30T04:07:29.111+0000] {logging_mixin.py:188} INFO - [2026-04-30T04:07:29.111+0000] {dagbag.py:545} INFO - Filling up the DagBag from /home/airflow/.local/lib/python3.12/site-packages/airflow/example_dags/example_params_ui_tutorial.py
[2026-04-30T04:07:29.121+0000] {processor.py:840} INFO - DAG(s) 'example_params_ui_tutorial' retrieved from /home/airflow/.local/lib/python3.12/site-packages/airflow/example_dags/example_params_ui_tutorial.py
[2026-04-30T04:07:29.191+0000] {logging_mixin.py:188} INFO - [2026-04-30T04:07:29.191+0000] {dag.py:3096} INFO - Sync 1 DAGs
[2026-04-30T04:07:29.206+0000] {logging_mixin.py:188} INFO - [2026-04-30T04:07:29.206+0000] {dag.py:3954} INFO - Setting next_dagrun for example_params_ui_tutorial to None, run_after=None
[2026-04-30T04:07:29.224+0000] {processor.py:183} INFO - Processing /home/airflow/.local/lib/python3.12/site-packages/airflow/example_dags/example_params_ui_tutorial.py took 0.120 seconds
[2026-04-30T04:08:00.324+0000] {processor.py:161} INFO - Started process (PID=266) to work on /home/airflow/.local/lib/python3.12/site-packages/airflow/example_dags/example_params_ui_tutorial.py
[2026-04-30T04:08:00.325+0000] {processor.py:830} INFO - Processing file /home/airflow/.local/lib/python3.12/site-packages/airflow/example_dags/example_params_ui_tutorial.py for tasks to queue
[2026-04-30T04:08:00.326+0000] {logging_mixin.py:188} INFO - [2026-04-30T04:08:00.326+0000] {dagbag.py:545} INFO - Filling up the DagBag from /home/airflow/.local/lib/python3.12/site-packages/airflow/example_dags/example_params_ui_tutorial.py
[2026-04-30T04:08:00.338+0000] {processor.py:840} INFO - DAG(s) 'example_params_ui_tutorial' retrieved from /home/airflow/.local/lib/python3.12/site-packages/airflow/example_dags/example_params_ui_tutorial.py
[2026-04-30T04:08:00.403+0000] {logging_mixin.py:188} INFO - [2026-04-30T04:08:00.403+0000] {dag.py:3096} INFO - Sync 1 DAGs
[2026-04-30T04:08:00.420+0000] {logging_mixin.py:188} INFO - [2026-04-30T04:08:00.420+0000] {dag.py:3954} INFO - Setting next_dagrun for example_params_ui_tutorial to None, run_after=None
[2026-04-30T04:08:00.441+0000] {processor.py:183} INFO - Processing /home/airflow/.local/lib/python3.12/site-packages/airflow/example_dags/example_params_ui_tutorial.py took 0.123 seconds
