[2026-04-30T04:06:26.277+0000] {processor.py:161} INFO - Started process (PID=77) to work on /home/airflow/.local/lib/python3.12/site-packages/airflow/example_dags/example_time_delta_sensor_async.py
[2026-04-30T04:06:26.278+0000] {processor.py:830} INFO - Processing file /home/airflow/.local/lib/python3.12/site-packages/airflow/example_dags/example_time_delta_sensor_async.py for tasks to queue
[2026-04-30T04:06:26.280+0000] {logging_mixin.py:188} INFO - [2026-04-30T04:06:26.280+0000] {dagbag.py:545} INFO - Filling up the DagBag from /home/airflow/.local/lib/python3.12/site-packages/airflow/example_dags/example_time_delta_sensor_async.py
[2026-04-30T04:06:26.285+0000] {processor.py:840} INFO - DAG(s) 'example_time_delta_sensor_async' retrieved from /home/airflow/.local/lib/python3.12/site-packages/airflow/example_dags/example_time_delta_sensor_async.py
[2026-04-30T04:06:26.315+0000] {logging_mixin.py:188} INFO - [2026-04-30T04:06:26.314+0000] {dag.py:3096} INFO - Sync 1 DAGs
[2026-04-30T04:06:26.332+0000] {logging_mixin.py:188} INFO - [2026-04-30T04:06:26.332+0000] {dag.py:3954} INFO - Setting next_dagrun for example_time_delta_sensor_async to None, run_after=None
[2026-04-30T04:06:26.369+0000] {processor.py:183} INFO - Processing /home/airflow/.local/lib/python3.12/site-packages/airflow/example_dags/example_time_delta_sensor_async.py took 0.099 seconds
[2026-04-30T04:06:57.204+0000] {processor.py:161} INFO - Started process (PID=136) to work on /home/airflow/.local/lib/python3.12/site-packages/airflow/example_dags/example_time_delta_sensor_async.py
[2026-04-30T04:06:57.205+0000] {processor.py:830} INFO - Processing file /home/airflow/.local/lib/python3.12/site-packages/airflow/example_dags/example_time_delta_sensor_async.py for tasks to queue
[2026-04-30T04:06:57.207+0000] {logging_mixin.py:188} INFO - [2026-04-30T04:06:57.206+0000] {dagbag.py:545} INFO - Filling up the DagBag from /home/airflow/.local/lib/python3.12/site-packages/airflow/example_dags/example_time_delta_sensor_async.py
[2026-04-30T04:06:57.210+0000] {processor.py:840} INFO - DAG(s) 'example_time_delta_sensor_async' retrieved from /home/airflow/.local/lib/python3.12/site-packages/airflow/example_dags/example_time_delta_sensor_async.py
[2026-04-30T04:06:57.227+0000] {logging_mixin.py:188} INFO - [2026-04-30T04:06:57.227+0000] {dag.py:3096} INFO - Sync 1 DAGs
[2026-04-30T04:06:57.238+0000] {logging_mixin.py:188} INFO - [2026-04-30T04:06:57.238+0000] {dag.py:3954} INFO - Setting next_dagrun for example_time_delta_sensor_async to None, run_after=None
[2026-04-30T04:06:57.253+0000] {processor.py:183} INFO - Processing /home/airflow/.local/lib/python3.12/site-packages/airflow/example_dags/example_time_delta_sensor_async.py took 0.053 seconds
[2026-04-30T04:07:28.203+0000] {processor.py:161} INFO - Started process (PID=195) to work on /home/airflow/.local/lib/python3.12/site-packages/airflow/example_dags/example_time_delta_sensor_async.py
[2026-04-30T04:07:28.204+0000] {processor.py:830} INFO - Processing file /home/airflow/.local/lib/python3.12/site-packages/airflow/example_dags/example_time_delta_sensor_async.py for tasks to queue
[2026-04-30T04:07:28.205+0000] {logging_mixin.py:188} INFO - [2026-04-30T04:07:28.205+0000] {dagbag.py:545} INFO - Filling up the DagBag from /home/airflow/.local/lib/python3.12/site-packages/airflow/example_dags/example_time_delta_sensor_async.py
[2026-04-30T04:07:28.209+0000] {processor.py:840} INFO - DAG(s) 'example_time_delta_sensor_async' retrieved from /home/airflow/.local/lib/python3.12/site-packages/airflow/example_dags/example_time_delta_sensor_async.py
[2026-04-30T04:07:28.225+0000] {logging_mixin.py:188} INFO - [2026-04-30T04:07:28.225+0000] {dag.py:3096} INFO - Sync 1 DAGs
[2026-04-30T04:07:28.236+0000] {logging_mixin.py:188} INFO - [2026-04-30T04:07:28.236+0000] {dag.py:3954} INFO - Setting next_dagrun for example_time_delta_sensor_async to None, run_after=None
[2026-04-30T04:07:28.251+0000] {processor.py:183} INFO - Processing /home/airflow/.local/lib/python3.12/site-packages/airflow/example_dags/example_time_delta_sensor_async.py took 0.053 seconds
[2026-04-30T04:07:58.363+0000] {processor.py:161} INFO - Started process (PID=254) to work on /home/airflow/.local/lib/python3.12/site-packages/airflow/example_dags/example_time_delta_sensor_async.py
[2026-04-30T04:07:58.364+0000] {processor.py:830} INFO - Processing file /home/airflow/.local/lib/python3.12/site-packages/airflow/example_dags/example_time_delta_sensor_async.py for tasks to queue
[2026-04-30T04:07:58.366+0000] {logging_mixin.py:188} INFO - [2026-04-30T04:07:58.365+0000] {dagbag.py:545} INFO - Filling up the DagBag from /home/airflow/.local/lib/python3.12/site-packages/airflow/example_dags/example_time_delta_sensor_async.py
[2026-04-30T04:07:58.369+0000] {processor.py:840} INFO - DAG(s) 'example_time_delta_sensor_async' retrieved from /home/airflow/.local/lib/python3.12/site-packages/airflow/example_dags/example_time_delta_sensor_async.py
[2026-04-30T04:07:58.392+0000] {logging_mixin.py:188} INFO - [2026-04-30T04:07:58.391+0000] {dag.py:3096} INFO - Sync 1 DAGs
[2026-04-30T04:07:58.408+0000] {logging_mixin.py:188} INFO - [2026-04-30T04:07:58.408+0000] {dag.py:3954} INFO - Setting next_dagrun for example_time_delta_sensor_async to None, run_after=None
[2026-04-30T04:07:58.428+0000] {processor.py:183} INFO - Processing /home/airflow/.local/lib/python3.12/site-packages/airflow/example_dags/example_time_delta_sensor_async.py took 0.070 seconds
