[2026-04-30T04:06:26.679+0000] {processor.py:161} INFO - Started process (PID=82) to work on /home/airflow/.local/lib/python3.12/site-packages/airflow/example_dags/example_kubernetes_executor.py
[2026-04-30T04:06:26.680+0000] {processor.py:830} INFO - Processing file /home/airflow/.local/lib/python3.12/site-packages/airflow/example_dags/example_kubernetes_executor.py for tasks to queue
[2026-04-30T04:06:26.681+0000] {logging_mixin.py:188} INFO - [2026-04-30T04:06:26.681+0000] {dagbag.py:545} INFO - Filling up the DagBag from /home/airflow/.local/lib/python3.12/site-packages/airflow/example_dags/example_kubernetes_executor.py
[2026-04-30T04:06:26.696+0000] {processor.py:840} INFO - DAG(s) 'example_kubernetes_executor' retrieved from /home/airflow/.local/lib/python3.12/site-packages/airflow/example_dags/example_kubernetes_executor.py
[2026-04-30T04:06:26.745+0000] {logging_mixin.py:188} INFO - [2026-04-30T04:06:26.745+0000] {dag.py:3096} INFO - Sync 1 DAGs
[2026-04-30T04:06:26.762+0000] {logging_mixin.py:188} INFO - [2026-04-30T04:06:26.762+0000] {dag.py:3954} INFO - Setting next_dagrun for example_kubernetes_executor to None, run_after=None
[2026-04-30T04:06:26.783+0000] {processor.py:183} INFO - Processing /home/airflow/.local/lib/python3.12/site-packages/airflow/example_dags/example_kubernetes_executor.py took 0.110 seconds
[2026-04-30T04:06:57.394+0000] {processor.py:161} INFO - Started process (PID=141) to work on /home/airflow/.local/lib/python3.12/site-packages/airflow/example_dags/example_kubernetes_executor.py
[2026-04-30T04:06:57.395+0000] {processor.py:830} INFO - Processing file /home/airflow/.local/lib/python3.12/site-packages/airflow/example_dags/example_kubernetes_executor.py for tasks to queue
[2026-04-30T04:06:57.396+0000] {logging_mixin.py:188} INFO - [2026-04-30T04:06:57.396+0000] {dagbag.py:545} INFO - Filling up the DagBag from /home/airflow/.local/lib/python3.12/site-packages/airflow/example_dags/example_kubernetes_executor.py
[2026-04-30T04:06:57.406+0000] {processor.py:840} INFO - DAG(s) 'example_kubernetes_executor' retrieved from /home/airflow/.local/lib/python3.12/site-packages/airflow/example_dags/example_kubernetes_executor.py
[2026-04-30T04:06:57.448+0000] {logging_mixin.py:188} INFO - [2026-04-30T04:06:57.448+0000] {dag.py:3096} INFO - Sync 1 DAGs
[2026-04-30T04:06:57.460+0000] {logging_mixin.py:188} INFO - [2026-04-30T04:06:57.460+0000] {dag.py:3954} INFO - Setting next_dagrun for example_kubernetes_executor to None, run_after=None
[2026-04-30T04:06:57.476+0000] {processor.py:183} INFO - Processing /home/airflow/.local/lib/python3.12/site-packages/airflow/example_dags/example_kubernetes_executor.py took 0.087 seconds
[2026-04-30T04:07:28.583+0000] {processor.py:161} INFO - Started process (PID=200) to work on /home/airflow/.local/lib/python3.12/site-packages/airflow/example_dags/example_kubernetes_executor.py
[2026-04-30T04:07:28.584+0000] {processor.py:830} INFO - Processing file /home/airflow/.local/lib/python3.12/site-packages/airflow/example_dags/example_kubernetes_executor.py for tasks to queue
[2026-04-30T04:07:28.586+0000] {logging_mixin.py:188} INFO - [2026-04-30T04:07:28.586+0000] {dagbag.py:545} INFO - Filling up the DagBag from /home/airflow/.local/lib/python3.12/site-packages/airflow/example_dags/example_kubernetes_executor.py
[2026-04-30T04:07:28.600+0000] {processor.py:840} INFO - DAG(s) 'example_kubernetes_executor' retrieved from /home/airflow/.local/lib/python3.12/site-packages/airflow/example_dags/example_kubernetes_executor.py
[2026-04-30T04:07:28.662+0000] {logging_mixin.py:188} INFO - [2026-04-30T04:07:28.662+0000] {dag.py:3096} INFO - Sync 1 DAGs
[2026-04-30T04:07:28.686+0000] {logging_mixin.py:188} INFO - [2026-04-30T04:07:28.686+0000] {dag.py:3954} INFO - Setting next_dagrun for example_kubernetes_executor to None, run_after=None
[2026-04-30T04:07:28.732+0000] {processor.py:183} INFO - Processing /home/airflow/.local/lib/python3.12/site-packages/airflow/example_dags/example_kubernetes_executor.py took 0.156 seconds
[2026-04-30T04:07:59.603+0000] {processor.py:161} INFO - Started process (PID=259) to work on /home/airflow/.local/lib/python3.12/site-packages/airflow/example_dags/example_kubernetes_executor.py
[2026-04-30T04:07:59.604+0000] {processor.py:830} INFO - Processing file /home/airflow/.local/lib/python3.12/site-packages/airflow/example_dags/example_kubernetes_executor.py for tasks to queue
[2026-04-30T04:07:59.605+0000] {logging_mixin.py:188} INFO - [2026-04-30T04:07:59.605+0000] {dagbag.py:545} INFO - Filling up the DagBag from /home/airflow/.local/lib/python3.12/site-packages/airflow/example_dags/example_kubernetes_executor.py
[2026-04-30T04:07:59.618+0000] {processor.py:840} INFO - DAG(s) 'example_kubernetes_executor' retrieved from /home/airflow/.local/lib/python3.12/site-packages/airflow/example_dags/example_kubernetes_executor.py
[2026-04-30T04:07:59.666+0000] {logging_mixin.py:188} INFO - [2026-04-30T04:07:59.666+0000] {dag.py:3096} INFO - Sync 1 DAGs
[2026-04-30T04:07:59.688+0000] {logging_mixin.py:188} INFO - [2026-04-30T04:07:59.687+0000] {dag.py:3954} INFO - Setting next_dagrun for example_kubernetes_executor to None, run_after=None
[2026-04-30T04:07:59.708+0000] {processor.py:183} INFO - Processing /home/airflow/.local/lib/python3.12/site-packages/airflow/example_dags/example_kubernetes_executor.py took 0.111 seconds
