[2026-04-30T04:06:27.881+0000] {processor.py:161} INFO - Started process (PID=96) to work on /home/airflow/.local/lib/python3.12/site-packages/airflow/example_dags/example_external_task_marker_dag.py
[2026-04-30T04:06:27.882+0000] {processor.py:830} INFO - Processing file /home/airflow/.local/lib/python3.12/site-packages/airflow/example_dags/example_external_task_marker_dag.py for tasks to queue
[2026-04-30T04:06:27.884+0000] {logging_mixin.py:188} INFO - [2026-04-30T04:06:27.883+0000] {dagbag.py:545} INFO - Filling up the DagBag from /home/airflow/.local/lib/python3.12/site-packages/airflow/example_dags/example_external_task_marker_dag.py
[2026-04-30T04:06:27.891+0000] {processor.py:840} INFO - DAG(s) 'example_external_task_marker_child', 'example_external_task_marker_parent' retrieved from /home/airflow/.local/lib/python3.12/site-packages/airflow/example_dags/example_external_task_marker_dag.py
[2026-04-30T04:06:27.920+0000] {logging_mixin.py:188} INFO - [2026-04-30T04:06:27.919+0000] {dag.py:3096} INFO - Sync 2 DAGs
[2026-04-30T04:06:27.937+0000] {logging_mixin.py:188} INFO - [2026-04-30T04:06:27.937+0000] {dag.py:3954} INFO - Setting next_dagrun for example_external_task_marker_child to None, run_after=None
[2026-04-30T04:06:27.942+0000] {logging_mixin.py:188} INFO - [2026-04-30T04:06:27.942+0000] {dag.py:3954} INFO - Setting next_dagrun for example_external_task_marker_parent to None, run_after=None
[2026-04-30T04:06:27.961+0000] {processor.py:183} INFO - Processing /home/airflow/.local/lib/python3.12/site-packages/airflow/example_dags/example_external_task_marker_dag.py took 0.086 seconds
[2026-04-30T04:06:58.027+0000] {processor.py:161} INFO - Started process (PID=154) to work on /home/airflow/.local/lib/python3.12/site-packages/airflow/example_dags/example_external_task_marker_dag.py
[2026-04-30T04:06:58.028+0000] {processor.py:830} INFO - Processing file /home/airflow/.local/lib/python3.12/site-packages/airflow/example_dags/example_external_task_marker_dag.py for tasks to queue
[2026-04-30T04:06:58.029+0000] {logging_mixin.py:188} INFO - [2026-04-30T04:06:58.029+0000] {dagbag.py:545} INFO - Filling up the DagBag from /home/airflow/.local/lib/python3.12/site-packages/airflow/example_dags/example_external_task_marker_dag.py
[2026-04-30T04:06:58.034+0000] {processor.py:840} INFO - DAG(s) 'example_external_task_marker_child', 'example_external_task_marker_parent' retrieved from /home/airflow/.local/lib/python3.12/site-packages/airflow/example_dags/example_external_task_marker_dag.py
[2026-04-30T04:06:58.056+0000] {logging_mixin.py:188} INFO - [2026-04-30T04:06:58.056+0000] {dag.py:3096} INFO - Sync 2 DAGs
[2026-04-30T04:06:58.067+0000] {logging_mixin.py:188} INFO - [2026-04-30T04:06:58.067+0000] {dag.py:3954} INFO - Setting next_dagrun for example_external_task_marker_child to None, run_after=None
[2026-04-30T04:06:58.070+0000] {logging_mixin.py:188} INFO - [2026-04-30T04:06:58.070+0000] {dag.py:3954} INFO - Setting next_dagrun for example_external_task_marker_parent to None, run_after=None
[2026-04-30T04:06:58.082+0000] {processor.py:183} INFO - Processing /home/airflow/.local/lib/python3.12/site-packages/airflow/example_dags/example_external_task_marker_dag.py took 0.060 seconds
[2026-04-30T04:07:29.495+0000] {processor.py:161} INFO - Started process (PID=214) to work on /home/airflow/.local/lib/python3.12/site-packages/airflow/example_dags/example_external_task_marker_dag.py
[2026-04-30T04:07:29.496+0000] {processor.py:830} INFO - Processing file /home/airflow/.local/lib/python3.12/site-packages/airflow/example_dags/example_external_task_marker_dag.py for tasks to queue
[2026-04-30T04:07:29.497+0000] {logging_mixin.py:188} INFO - [2026-04-30T04:07:29.497+0000] {dagbag.py:545} INFO - Filling up the DagBag from /home/airflow/.local/lib/python3.12/site-packages/airflow/example_dags/example_external_task_marker_dag.py
[2026-04-30T04:07:29.502+0000] {processor.py:840} INFO - DAG(s) 'example_external_task_marker_parent', 'example_external_task_marker_child' retrieved from /home/airflow/.local/lib/python3.12/site-packages/airflow/example_dags/example_external_task_marker_dag.py
[2026-04-30T04:07:29.521+0000] {logging_mixin.py:188} INFO - [2026-04-30T04:07:29.521+0000] {dag.py:3096} INFO - Sync 2 DAGs
[2026-04-30T04:07:29.533+0000] {logging_mixin.py:188} INFO - [2026-04-30T04:07:29.532+0000] {dag.py:3954} INFO - Setting next_dagrun for example_external_task_marker_child to None, run_after=None
[2026-04-30T04:07:29.536+0000] {logging_mixin.py:188} INFO - [2026-04-30T04:07:29.535+0000] {dag.py:3954} INFO - Setting next_dagrun for example_external_task_marker_parent to None, run_after=None
[2026-04-30T04:07:29.549+0000] {processor.py:183} INFO - Processing /home/airflow/.local/lib/python3.12/site-packages/airflow/example_dags/example_external_task_marker_dag.py took 0.059 seconds
[2026-04-30T04:08:00.717+0000] {processor.py:161} INFO - Started process (PID=273) to work on /home/airflow/.local/lib/python3.12/site-packages/airflow/example_dags/example_external_task_marker_dag.py
[2026-04-30T04:08:00.718+0000] {processor.py:830} INFO - Processing file /home/airflow/.local/lib/python3.12/site-packages/airflow/example_dags/example_external_task_marker_dag.py for tasks to queue
[2026-04-30T04:08:00.720+0000] {logging_mixin.py:188} INFO - [2026-04-30T04:08:00.719+0000] {dagbag.py:545} INFO - Filling up the DagBag from /home/airflow/.local/lib/python3.12/site-packages/airflow/example_dags/example_external_task_marker_dag.py
[2026-04-30T04:08:00.727+0000] {processor.py:840} INFO - DAG(s) 'example_external_task_marker_child', 'example_external_task_marker_parent' retrieved from /home/airflow/.local/lib/python3.12/site-packages/airflow/example_dags/example_external_task_marker_dag.py
[2026-04-30T04:08:00.758+0000] {logging_mixin.py:188} INFO - [2026-04-30T04:08:00.757+0000] {dag.py:3096} INFO - Sync 2 DAGs
[2026-04-30T04:08:00.776+0000] {logging_mixin.py:188} INFO - [2026-04-30T04:08:00.775+0000] {dag.py:3954} INFO - Setting next_dagrun for example_external_task_marker_child to None, run_after=None
[2026-04-30T04:08:00.780+0000] {logging_mixin.py:188} INFO - [2026-04-30T04:08:00.780+0000] {dag.py:3954} INFO - Setting next_dagrun for example_external_task_marker_parent to None, run_after=None
[2026-04-30T04:08:00.798+0000] {processor.py:183} INFO - Processing /home/airflow/.local/lib/python3.12/site-packages/airflow/example_dags/example_external_task_marker_dag.py took 0.088 seconds
