[2026-04-30T04:06:28.744+0000] {processor.py:161} INFO - Started process (PID=103) to work on /home/airflow/.local/lib/python3.12/site-packages/airflow/example_dags/example_task_group_decorator.py
[2026-04-30T04:06:28.744+0000] {processor.py:830} INFO - Processing file /home/airflow/.local/lib/python3.12/site-packages/airflow/example_dags/example_task_group_decorator.py for tasks to queue
[2026-04-30T04:06:28.746+0000] {logging_mixin.py:188} INFO - [2026-04-30T04:06:28.746+0000] {dagbag.py:545} INFO - Filling up the DagBag from /home/airflow/.local/lib/python3.12/site-packages/airflow/example_dags/example_task_group_decorator.py
[2026-04-30T04:06:28.769+0000] {processor.py:840} INFO - DAG(s) 'example_task_group_decorator' retrieved from /home/airflow/.local/lib/python3.12/site-packages/airflow/example_dags/example_task_group_decorator.py
[2026-04-30T04:06:28.817+0000] {logging_mixin.py:188} INFO - [2026-04-30T04:06:28.817+0000] {dag.py:3096} INFO - Sync 1 DAGs
[2026-04-30T04:06:28.853+0000] {logging_mixin.py:188} INFO - [2026-04-30T04:06:28.853+0000] {dag.py:3954} INFO - Setting next_dagrun for example_task_group_decorator to 2026-04-29 00:00:00+00:00, run_after=2026-04-30 00:00:00+00:00
[2026-04-30T04:06:28.876+0000] {processor.py:183} INFO - Processing /home/airflow/.local/lib/python3.12/site-packages/airflow/example_dags/example_task_group_decorator.py took 0.144 seconds
[2026-04-30T04:06:59.455+0000] {processor.py:161} INFO - Started process (PID=162) to work on /home/airflow/.local/lib/python3.12/site-packages/airflow/example_dags/example_task_group_decorator.py
[2026-04-30T04:06:59.455+0000] {processor.py:830} INFO - Processing file /home/airflow/.local/lib/python3.12/site-packages/airflow/example_dags/example_task_group_decorator.py for tasks to queue
[2026-04-30T04:06:59.457+0000] {logging_mixin.py:188} INFO - [2026-04-30T04:06:59.456+0000] {dagbag.py:545} INFO - Filling up the DagBag from /home/airflow/.local/lib/python3.12/site-packages/airflow/example_dags/example_task_group_decorator.py
[2026-04-30T04:06:59.470+0000] {processor.py:840} INFO - DAG(s) 'example_task_group_decorator' retrieved from /home/airflow/.local/lib/python3.12/site-packages/airflow/example_dags/example_task_group_decorator.py
[2026-04-30T04:06:59.500+0000] {logging_mixin.py:188} INFO - [2026-04-30T04:06:59.499+0000] {dag.py:3096} INFO - Sync 1 DAGs
[2026-04-30T04:06:59.521+0000] {logging_mixin.py:188} INFO - [2026-04-30T04:06:59.521+0000] {dag.py:3954} INFO - Setting next_dagrun for example_task_group_decorator to 2026-04-29 00:00:00+00:00, run_after=2026-04-30 00:00:00+00:00
[2026-04-30T04:06:59.539+0000] {processor.py:183} INFO - Processing /home/airflow/.local/lib/python3.12/site-packages/airflow/example_dags/example_task_group_decorator.py took 0.089 seconds
[2026-04-30T04:07:29.944+0000] {processor.py:161} INFO - Started process (PID=221) to work on /home/airflow/.local/lib/python3.12/site-packages/airflow/example_dags/example_task_group_decorator.py
[2026-04-30T04:07:29.945+0000] {processor.py:830} INFO - Processing file /home/airflow/.local/lib/python3.12/site-packages/airflow/example_dags/example_task_group_decorator.py for tasks to queue
[2026-04-30T04:07:29.946+0000] {logging_mixin.py:188} INFO - [2026-04-30T04:07:29.946+0000] {dagbag.py:545} INFO - Filling up the DagBag from /home/airflow/.local/lib/python3.12/site-packages/airflow/example_dags/example_task_group_decorator.py
[2026-04-30T04:07:29.962+0000] {processor.py:840} INFO - DAG(s) 'example_task_group_decorator' retrieved from /home/airflow/.local/lib/python3.12/site-packages/airflow/example_dags/example_task_group_decorator.py
[2026-04-30T04:07:29.986+0000] {logging_mixin.py:188} INFO - [2026-04-30T04:07:29.985+0000] {dag.py:3096} INFO - Sync 1 DAGs
[2026-04-30T04:07:30.007+0000] {logging_mixin.py:188} INFO - [2026-04-30T04:07:30.007+0000] {dag.py:3954} INFO - Setting next_dagrun for example_task_group_decorator to 2026-04-29 00:00:00+00:00, run_after=2026-04-30 00:00:00+00:00
[2026-04-30T04:07:30.023+0000] {processor.py:183} INFO - Processing /home/airflow/.local/lib/python3.12/site-packages/airflow/example_dags/example_task_group_decorator.py took 0.084 seconds
[2026-04-30T04:08:01.335+0000] {processor.py:161} INFO - Started process (PID=280) to work on /home/airflow/.local/lib/python3.12/site-packages/airflow/example_dags/example_task_group_decorator.py
[2026-04-30T04:08:01.336+0000] {processor.py:830} INFO - Processing file /home/airflow/.local/lib/python3.12/site-packages/airflow/example_dags/example_task_group_decorator.py for tasks to queue
[2026-04-30T04:08:01.338+0000] {logging_mixin.py:188} INFO - [2026-04-30T04:08:01.337+0000] {dagbag.py:545} INFO - Filling up the DagBag from /home/airflow/.local/lib/python3.12/site-packages/airflow/example_dags/example_task_group_decorator.py
[2026-04-30T04:08:01.360+0000] {processor.py:840} INFO - DAG(s) 'example_task_group_decorator' retrieved from /home/airflow/.local/lib/python3.12/site-packages/airflow/example_dags/example_task_group_decorator.py
[2026-04-30T04:08:01.397+0000] {logging_mixin.py:188} INFO - [2026-04-30T04:08:01.397+0000] {dag.py:3096} INFO - Sync 1 DAGs
[2026-04-30T04:08:01.440+0000] {logging_mixin.py:188} INFO - [2026-04-30T04:08:01.438+0000] {dag.py:3954} INFO - Setting next_dagrun for example_task_group_decorator to 2026-04-29 00:00:00+00:00, run_after=2026-04-30 00:00:00+00:00
[2026-04-30T04:08:01.468+0000] {processor.py:183} INFO - Processing /home/airflow/.local/lib/python3.12/site-packages/airflow/example_dags/example_task_group_decorator.py took 0.139 seconds
