[2026-04-30T04:06:26.096+0000] {processor.py:161} INFO - Started process (PID=75) to work on /home/airflow/.local/lib/python3.12/site-packages/airflow/example_dags/example_subdag_operator.py
[2026-04-30T04:06:26.097+0000] {processor.py:830} INFO - Processing file /home/airflow/.local/lib/python3.12/site-packages/airflow/example_dags/example_subdag_operator.py for tasks to queue
[2026-04-30T04:06:26.099+0000] {logging_mixin.py:188} INFO - [2026-04-30T04:06:26.099+0000] {dagbag.py:545} INFO - Filling up the DagBag from /home/airflow/.local/lib/python3.12/site-packages/airflow/example_dags/example_subdag_operator.py
[2026-04-30T04:06:26.129+0000] {processor.py:840} INFO - DAG(s) 'example_subdag_operator.section-1', 'example_subdag_operator.section-2', 'example_subdag_operator' retrieved from /home/airflow/.local/lib/python3.12/site-packages/airflow/example_dags/example_subdag_operator.py
[2026-04-30T04:06:26.155+0000] {logging_mixin.py:188} INFO - [2026-04-30T04:06:26.154+0000] {dag.py:3096} INFO - Sync 3 DAGs
[2026-04-30T04:06:26.190+0000] {logging_mixin.py:188} INFO - [2026-04-30T04:06:26.189+0000] {dag.py:3954} INFO - Setting next_dagrun for example_subdag_operator to 2022-01-01 00:00:00+00:00, run_after=2022-01-01 00:00:00+00:00
[2026-04-30T04:06:26.196+0000] {logging_mixin.py:188} INFO - [2026-04-30T04:06:26.196+0000] {dag.py:3954} INFO - Setting next_dagrun for example_subdag_operator.section-1 to None, run_after=None
[2026-04-30T04:06:26.198+0000] {logging_mixin.py:188} INFO - [2026-04-30T04:06:26.197+0000] {dag.py:3954} INFO - Setting next_dagrun for example_subdag_operator.section-2 to None, run_after=None
[2026-04-30T04:06:26.208+0000] {logging_mixin.py:188} INFO - [2026-04-30T04:06:26.208+0000] {dag.py:3096} INFO - Sync 2 DAGs
[2026-04-30T04:06:26.216+0000] {logging_mixin.py:188} INFO - [2026-04-30T04:06:26.216+0000] {dag.py:3954} INFO - Setting next_dagrun for example_subdag_operator.section-1 to None, run_after=None
[2026-04-30T04:06:26.217+0000] {logging_mixin.py:188} INFO - [2026-04-30T04:06:26.217+0000] {dag.py:3954} INFO - Setting next_dagrun for example_subdag_operator.section-2 to None, run_after=None
[2026-04-30T04:06:26.228+0000] {processor.py:183} INFO - Processing /home/airflow/.local/lib/python3.12/site-packages/airflow/example_dags/example_subdag_operator.py took 0.140 seconds
[2026-04-30T04:06:57.119+0000] {processor.py:161} INFO - Started process (PID=134) to work on /home/airflow/.local/lib/python3.12/site-packages/airflow/example_dags/example_subdag_operator.py
[2026-04-30T04:06:57.120+0000] {processor.py:830} INFO - Processing file /home/airflow/.local/lib/python3.12/site-packages/airflow/example_dags/example_subdag_operator.py for tasks to queue
[2026-04-30T04:06:57.121+0000] {logging_mixin.py:188} INFO - [2026-04-30T04:06:57.121+0000] {dagbag.py:545} INFO - Filling up the DagBag from /home/airflow/.local/lib/python3.12/site-packages/airflow/example_dags/example_subdag_operator.py
[2026-04-30T04:06:57.141+0000] {processor.py:840} INFO - DAG(s) 'example_subdag_operator.section-1', 'example_subdag_operator.section-2', 'example_subdag_operator' retrieved from /home/airflow/.local/lib/python3.12/site-packages/airflow/example_dags/example_subdag_operator.py
[2026-04-30T04:06:57.153+0000] {logging_mixin.py:188} INFO - [2026-04-30T04:06:57.153+0000] {dag.py:3096} INFO - Sync 3 DAGs
[2026-04-30T04:06:57.171+0000] {logging_mixin.py:188} INFO - [2026-04-30T04:06:57.171+0000] {dag.py:3954} INFO - Setting next_dagrun for example_subdag_operator to 2022-01-01 00:00:00+00:00, run_after=2022-01-01 00:00:00+00:00
[2026-04-30T04:06:57.174+0000] {logging_mixin.py:188} INFO - [2026-04-30T04:06:57.174+0000] {dag.py:3954} INFO - Setting next_dagrun for example_subdag_operator.section-1 to None, run_after=None
[2026-04-30T04:06:57.176+0000] {logging_mixin.py:188} INFO - [2026-04-30T04:06:57.176+0000] {dag.py:3954} INFO - Setting next_dagrun for example_subdag_operator.section-2 to None, run_after=None
[2026-04-30T04:06:57.184+0000] {logging_mixin.py:188} INFO - [2026-04-30T04:06:57.183+0000] {dag.py:3096} INFO - Sync 2 DAGs
[2026-04-30T04:06:57.188+0000] {logging_mixin.py:188} INFO - [2026-04-30T04:06:57.188+0000] {dag.py:3954} INFO - Setting next_dagrun for example_subdag_operator.section-1 to None, run_after=None
[2026-04-30T04:06:57.189+0000] {logging_mixin.py:188} INFO - [2026-04-30T04:06:57.189+0000] {dag.py:3954} INFO - Setting next_dagrun for example_subdag_operator.section-2 to None, run_after=None
[2026-04-30T04:06:57.199+0000] {processor.py:183} INFO - Processing /home/airflow/.local/lib/python3.12/site-packages/airflow/example_dags/example_subdag_operator.py took 0.084 seconds
[2026-04-30T04:07:28.084+0000] {processor.py:161} INFO - Started process (PID=193) to work on /home/airflow/.local/lib/python3.12/site-packages/airflow/example_dags/example_subdag_operator.py
[2026-04-30T04:07:28.085+0000] {processor.py:830} INFO - Processing file /home/airflow/.local/lib/python3.12/site-packages/airflow/example_dags/example_subdag_operator.py for tasks to queue
[2026-04-30T04:07:28.087+0000] {logging_mixin.py:188} INFO - [2026-04-30T04:07:28.086+0000] {dagbag.py:545} INFO - Filling up the DagBag from /home/airflow/.local/lib/python3.12/site-packages/airflow/example_dags/example_subdag_operator.py
[2026-04-30T04:07:28.108+0000] {processor.py:840} INFO - DAG(s) 'example_subdag_operator.section-1', 'example_subdag_operator.section-2', 'example_subdag_operator' retrieved from /home/airflow/.local/lib/python3.12/site-packages/airflow/example_dags/example_subdag_operator.py
[2026-04-30T04:07:28.128+0000] {logging_mixin.py:188} INFO - [2026-04-30T04:07:28.128+0000] {dag.py:3096} INFO - Sync 3 DAGs
[2026-04-30T04:07:28.152+0000] {logging_mixin.py:188} INFO - [2026-04-30T04:07:28.151+0000] {dag.py:3954} INFO - Setting next_dagrun for example_subdag_operator to 2022-01-01 00:00:00+00:00, run_after=2022-01-01 00:00:00+00:00
[2026-04-30T04:07:28.156+0000] {logging_mixin.py:188} INFO - [2026-04-30T04:07:28.156+0000] {dag.py:3954} INFO - Setting next_dagrun for example_subdag_operator.section-1 to None, run_after=None
[2026-04-30T04:07:28.158+0000] {logging_mixin.py:188} INFO - [2026-04-30T04:07:28.157+0000] {dag.py:3954} INFO - Setting next_dagrun for example_subdag_operator.section-2 to None, run_after=None
[2026-04-30T04:07:28.168+0000] {logging_mixin.py:188} INFO - [2026-04-30T04:07:28.167+0000] {dag.py:3096} INFO - Sync 2 DAGs
[2026-04-30T04:07:28.174+0000] {logging_mixin.py:188} INFO - [2026-04-30T04:07:28.173+0000] {dag.py:3954} INFO - Setting next_dagrun for example_subdag_operator.section-1 to None, run_after=None
[2026-04-30T04:07:28.174+0000] {logging_mixin.py:188} INFO - [2026-04-30T04:07:28.174+0000] {dag.py:3954} INFO - Setting next_dagrun for example_subdag_operator.section-2 to None, run_after=None
[2026-04-30T04:07:28.183+0000] {processor.py:183} INFO - Processing /home/airflow/.local/lib/python3.12/site-packages/airflow/example_dags/example_subdag_operator.py took 0.106 seconds
[2026-04-30T04:07:58.277+0000] {processor.py:161} INFO - Started process (PID=252) to work on /home/airflow/.local/lib/python3.12/site-packages/airflow/example_dags/example_subdag_operator.py
[2026-04-30T04:07:58.278+0000] {processor.py:830} INFO - Processing file /home/airflow/.local/lib/python3.12/site-packages/airflow/example_dags/example_subdag_operator.py for tasks to queue
[2026-04-30T04:07:58.280+0000] {logging_mixin.py:188} INFO - [2026-04-30T04:07:58.279+0000] {dagbag.py:545} INFO - Filling up the DagBag from /home/airflow/.local/lib/python3.12/site-packages/airflow/example_dags/example_subdag_operator.py
[2026-04-30T04:07:58.300+0000] {processor.py:840} INFO - DAG(s) 'example_subdag_operator.section-1', 'example_subdag_operator.section-2', 'example_subdag_operator' retrieved from /home/airflow/.local/lib/python3.12/site-packages/airflow/example_dags/example_subdag_operator.py
[2026-04-30T04:07:58.313+0000] {logging_mixin.py:188} INFO - [2026-04-30T04:07:58.313+0000] {dag.py:3096} INFO - Sync 3 DAGs
[2026-04-30T04:07:58.331+0000] {logging_mixin.py:188} INFO - [2026-04-30T04:07:58.331+0000] {dag.py:3954} INFO - Setting next_dagrun for example_subdag_operator to 2022-01-01 00:00:00+00:00, run_after=2022-01-01 00:00:00+00:00
[2026-04-30T04:07:58.334+0000] {logging_mixin.py:188} INFO - [2026-04-30T04:07:58.334+0000] {dag.py:3954} INFO - Setting next_dagrun for example_subdag_operator.section-1 to None, run_after=None
[2026-04-30T04:07:58.335+0000] {logging_mixin.py:188} INFO - [2026-04-30T04:07:58.335+0000] {dag.py:3954} INFO - Setting next_dagrun for example_subdag_operator.section-2 to None, run_after=None
[2026-04-30T04:07:58.341+0000] {logging_mixin.py:188} INFO - [2026-04-30T04:07:58.340+0000] {dag.py:3096} INFO - Sync 2 DAGs
[2026-04-30T04:07:58.345+0000] {logging_mixin.py:188} INFO - [2026-04-30T04:07:58.344+0000] {dag.py:3954} INFO - Setting next_dagrun for example_subdag_operator.section-1 to None, run_after=None
[2026-04-30T04:07:58.345+0000] {logging_mixin.py:188} INFO - [2026-04-30T04:07:58.345+0000] {dag.py:3954} INFO - Setting next_dagrun for example_subdag_operator.section-2 to None, run_after=None
[2026-04-30T04:07:58.354+0000] {processor.py:183} INFO - Processing /home/airflow/.local/lib/python3.12/site-packages/airflow/example_dags/example_subdag_operator.py took 0.081 seconds
