[2026-04-30T04:06:29.002+0000] {processor.py:161} INFO - Started process (PID=106) to work on /home/airflow/.local/lib/python3.12/site-packages/airflow/example_dags/example_sensor_decorator.py
[2026-04-30T04:06:29.002+0000] {processor.py:830} INFO - Processing file /home/airflow/.local/lib/python3.12/site-packages/airflow/example_dags/example_sensor_decorator.py for tasks to queue
[2026-04-30T04:06:29.004+0000] {logging_mixin.py:188} INFO - [2026-04-30T04:06:29.004+0000] {dagbag.py:545} INFO - Filling up the DagBag from /home/airflow/.local/lib/python3.12/site-packages/airflow/example_dags/example_sensor_decorator.py
[2026-04-30T04:06:29.011+0000] {processor.py:840} INFO - DAG(s) 'example_sensor_decorator' retrieved from /home/airflow/.local/lib/python3.12/site-packages/airflow/example_dags/example_sensor_decorator.py
[2026-04-30T04:06:29.032+0000] {logging_mixin.py:188} INFO - [2026-04-30T04:06:29.032+0000] {dag.py:3096} INFO - Sync 1 DAGs
[2026-04-30T04:06:29.049+0000] {logging_mixin.py:188} INFO - [2026-04-30T04:06:29.049+0000] {dag.py:3954} INFO - Setting next_dagrun for example_sensor_decorator to None, run_after=None
[2026-04-30T04:06:29.093+0000] {processor.py:183} INFO - Processing /home/airflow/.local/lib/python3.12/site-packages/airflow/example_dags/example_sensor_decorator.py took 0.097 seconds
[2026-04-30T04:06:59.621+0000] {processor.py:161} INFO - Started process (PID=165) to work on /home/airflow/.local/lib/python3.12/site-packages/airflow/example_dags/example_sensor_decorator.py
[2026-04-30T04:06:59.622+0000] {processor.py:830} INFO - Processing file /home/airflow/.local/lib/python3.12/site-packages/airflow/example_dags/example_sensor_decorator.py for tasks to queue
[2026-04-30T04:06:59.624+0000] {logging_mixin.py:188} INFO - [2026-04-30T04:06:59.623+0000] {dagbag.py:545} INFO - Filling up the DagBag from /home/airflow/.local/lib/python3.12/site-packages/airflow/example_dags/example_sensor_decorator.py
[2026-04-30T04:06:59.630+0000] {processor.py:840} INFO - DAG(s) 'example_sensor_decorator' retrieved from /home/airflow/.local/lib/python3.12/site-packages/airflow/example_dags/example_sensor_decorator.py
[2026-04-30T04:06:59.646+0000] {logging_mixin.py:188} INFO - [2026-04-30T04:06:59.646+0000] {dag.py:3096} INFO - Sync 1 DAGs
[2026-04-30T04:06:59.661+0000] {logging_mixin.py:188} INFO - [2026-04-30T04:06:59.661+0000] {dag.py:3954} INFO - Setting next_dagrun for example_sensor_decorator to None, run_after=None
[2026-04-30T04:06:59.681+0000] {processor.py:183} INFO - Processing /home/airflow/.local/lib/python3.12/site-packages/airflow/example_dags/example_sensor_decorator.py took 0.066 seconds
[2026-04-30T04:07:30.122+0000] {processor.py:161} INFO - Started process (PID=224) to work on /home/airflow/.local/lib/python3.12/site-packages/airflow/example_dags/example_sensor_decorator.py
[2026-04-30T04:07:30.123+0000] {processor.py:830} INFO - Processing file /home/airflow/.local/lib/python3.12/site-packages/airflow/example_dags/example_sensor_decorator.py for tasks to queue
[2026-04-30T04:07:30.125+0000] {logging_mixin.py:188} INFO - [2026-04-30T04:07:30.125+0000] {dagbag.py:545} INFO - Filling up the DagBag from /home/airflow/.local/lib/python3.12/site-packages/airflow/example_dags/example_sensor_decorator.py
[2026-04-30T04:07:30.132+0000] {processor.py:840} INFO - DAG(s) 'example_sensor_decorator' retrieved from /home/airflow/.local/lib/python3.12/site-packages/airflow/example_dags/example_sensor_decorator.py
[2026-04-30T04:07:30.151+0000] {logging_mixin.py:188} INFO - [2026-04-30T04:07:30.151+0000] {dag.py:3096} INFO - Sync 1 DAGs
[2026-04-30T04:07:30.167+0000] {logging_mixin.py:188} INFO - [2026-04-30T04:07:30.166+0000] {dag.py:3954} INFO - Setting next_dagrun for example_sensor_decorator to None, run_after=None
[2026-04-30T04:07:30.184+0000] {processor.py:183} INFO - Processing /home/airflow/.local/lib/python3.12/site-packages/airflow/example_dags/example_sensor_decorator.py took 0.068 seconds
[2026-04-30T04:08:01.512+0000] {processor.py:161} INFO - Started process (PID=283) to work on /home/airflow/.local/lib/python3.12/site-packages/airflow/example_dags/example_sensor_decorator.py
[2026-04-30T04:08:01.512+0000] {processor.py:830} INFO - Processing file /home/airflow/.local/lib/python3.12/site-packages/airflow/example_dags/example_sensor_decorator.py for tasks to queue
[2026-04-30T04:08:01.514+0000] {logging_mixin.py:188} INFO - [2026-04-30T04:08:01.514+0000] {dagbag.py:545} INFO - Filling up the DagBag from /home/airflow/.local/lib/python3.12/site-packages/airflow/example_dags/example_sensor_decorator.py
[2026-04-30T04:08:01.521+0000] {processor.py:840} INFO - DAG(s) 'example_sensor_decorator' retrieved from /home/airflow/.local/lib/python3.12/site-packages/airflow/example_dags/example_sensor_decorator.py
[2026-04-30T04:08:01.544+0000] {logging_mixin.py:188} INFO - [2026-04-30T04:08:01.543+0000] {dag.py:3096} INFO - Sync 1 DAGs
[2026-04-30T04:08:01.557+0000] {logging_mixin.py:188} INFO - [2026-04-30T04:08:01.557+0000] {dag.py:3954} INFO - Setting next_dagrun for example_sensor_decorator to None, run_after=None
[2026-04-30T04:08:01.575+0000] {processor.py:183} INFO - Processing /home/airflow/.local/lib/python3.12/site-packages/airflow/example_dags/example_sensor_decorator.py took 0.068 seconds
