[2026-04-30T04:06:25.450+0000] {processor.py:161} INFO - Started process (PID=69) to work on /home/airflow/.local/lib/python3.12/site-packages/airflow/example_dags/example_short_circuit_decorator.py
[2026-04-30T04:06:25.451+0000] {processor.py:830} INFO - Processing file /home/airflow/.local/lib/python3.12/site-packages/airflow/example_dags/example_short_circuit_decorator.py for tasks to queue
[2026-04-30T04:06:25.454+0000] {logging_mixin.py:188} INFO - [2026-04-30T04:06:25.454+0000] {dagbag.py:545} INFO - Filling up the DagBag from /home/airflow/.local/lib/python3.12/site-packages/airflow/example_dags/example_short_circuit_decorator.py
[2026-04-30T04:06:25.472+0000] {processor.py:840} INFO - DAG(s) 'example_short_circuit_decorator' retrieved from /home/airflow/.local/lib/python3.12/site-packages/airflow/example_dags/example_short_circuit_decorator.py
[2026-04-30T04:06:25.514+0000] {logging_mixin.py:188} INFO - [2026-04-30T04:06:25.514+0000] {dag.py:3096} INFO - Sync 1 DAGs
[2026-04-30T04:06:25.546+0000] {logging_mixin.py:188} INFO - [2026-04-30T04:06:25.546+0000] {dag.py:3954} INFO - Setting next_dagrun for example_short_circuit_decorator to 2026-04-29 00:00:00+00:00, run_after=2026-04-30 00:00:00+00:00
[2026-04-30T04:06:25.569+0000] {processor.py:183} INFO - Processing /home/airflow/.local/lib/python3.12/site-packages/airflow/example_dags/example_short_circuit_decorator.py took 0.126 seconds
[2026-04-30T04:06:55.744+0000] {processor.py:161} INFO - Started process (PID=128) to work on /home/airflow/.local/lib/python3.12/site-packages/airflow/example_dags/example_short_circuit_decorator.py
[2026-04-30T04:06:55.745+0000] {processor.py:830} INFO - Processing file /home/airflow/.local/lib/python3.12/site-packages/airflow/example_dags/example_short_circuit_decorator.py for tasks to queue
[2026-04-30T04:06:55.746+0000] {logging_mixin.py:188} INFO - [2026-04-30T04:06:55.746+0000] {dagbag.py:545} INFO - Filling up the DagBag from /home/airflow/.local/lib/python3.12/site-packages/airflow/example_dags/example_short_circuit_decorator.py
[2026-04-30T04:06:55.757+0000] {processor.py:840} INFO - DAG(s) 'example_short_circuit_decorator' retrieved from /home/airflow/.local/lib/python3.12/site-packages/airflow/example_dags/example_short_circuit_decorator.py
[2026-04-30T04:06:55.784+0000] {logging_mixin.py:188} INFO - [2026-04-30T04:06:55.783+0000] {dag.py:3096} INFO - Sync 1 DAGs
[2026-04-30T04:06:55.809+0000] {logging_mixin.py:188} INFO - [2026-04-30T04:06:55.809+0000] {dag.py:3954} INFO - Setting next_dagrun for example_short_circuit_decorator to 2026-04-29 00:00:00+00:00, run_after=2026-04-30 00:00:00+00:00
[2026-04-30T04:06:55.828+0000] {processor.py:183} INFO - Processing /home/airflow/.local/lib/python3.12/site-packages/airflow/example_dags/example_short_circuit_decorator.py took 0.089 seconds
[2026-04-30T04:07:26.752+0000] {processor.py:161} INFO - Started process (PID=187) to work on /home/airflow/.local/lib/python3.12/site-packages/airflow/example_dags/example_short_circuit_decorator.py
[2026-04-30T04:07:26.753+0000] {processor.py:830} INFO - Processing file /home/airflow/.local/lib/python3.12/site-packages/airflow/example_dags/example_short_circuit_decorator.py for tasks to queue
[2026-04-30T04:07:26.754+0000] {logging_mixin.py:188} INFO - [2026-04-30T04:07:26.754+0000] {dagbag.py:545} INFO - Filling up the DagBag from /home/airflow/.local/lib/python3.12/site-packages/airflow/example_dags/example_short_circuit_decorator.py
[2026-04-30T04:07:26.762+0000] {processor.py:840} INFO - DAG(s) 'example_short_circuit_decorator' retrieved from /home/airflow/.local/lib/python3.12/site-packages/airflow/example_dags/example_short_circuit_decorator.py
[2026-04-30T04:07:26.784+0000] {logging_mixin.py:188} INFO - [2026-04-30T04:07:26.784+0000] {dag.py:3096} INFO - Sync 1 DAGs
[2026-04-30T04:07:26.803+0000] {logging_mixin.py:188} INFO - [2026-04-30T04:07:26.802+0000] {dag.py:3954} INFO - Setting next_dagrun for example_short_circuit_decorator to 2026-04-29 00:00:00+00:00, run_after=2026-04-30 00:00:00+00:00
[2026-04-30T04:07:26.819+0000] {processor.py:183} INFO - Processing /home/airflow/.local/lib/python3.12/site-packages/airflow/example_dags/example_short_circuit_decorator.py took 0.073 seconds
[2026-04-30T04:07:56.917+0000] {processor.py:161} INFO - Started process (PID=246) to work on /home/airflow/.local/lib/python3.12/site-packages/airflow/example_dags/example_short_circuit_decorator.py
[2026-04-30T04:07:56.918+0000] {processor.py:830} INFO - Processing file /home/airflow/.local/lib/python3.12/site-packages/airflow/example_dags/example_short_circuit_decorator.py for tasks to queue
[2026-04-30T04:07:56.919+0000] {logging_mixin.py:188} INFO - [2026-04-30T04:07:56.919+0000] {dagbag.py:545} INFO - Filling up the DagBag from /home/airflow/.local/lib/python3.12/site-packages/airflow/example_dags/example_short_circuit_decorator.py
[2026-04-30T04:07:56.927+0000] {processor.py:840} INFO - DAG(s) 'example_short_circuit_decorator' retrieved from /home/airflow/.local/lib/python3.12/site-packages/airflow/example_dags/example_short_circuit_decorator.py
[2026-04-30T04:07:56.952+0000] {logging_mixin.py:188} INFO - [2026-04-30T04:07:56.952+0000] {dag.py:3096} INFO - Sync 1 DAGs
[2026-04-30T04:07:56.974+0000] {logging_mixin.py:188} INFO - [2026-04-30T04:07:56.974+0000] {dag.py:3954} INFO - Setting next_dagrun for example_short_circuit_decorator to 2026-04-29 00:00:00+00:00, run_after=2026-04-30 00:00:00+00:00
[2026-04-30T04:07:56.991+0000] {processor.py:183} INFO - Processing /home/airflow/.local/lib/python3.12/site-packages/airflow/example_dags/example_short_circuit_decorator.py took 0.078 seconds
