[2026-04-30T04:06:25.064+0000] {processor.py:161} INFO - Started process (PID=67) to work on /home/airflow/.local/lib/python3.12/site-packages/airflow/example_dags/example_xcomargs.py
[2026-04-30T04:06:25.065+0000] {processor.py:830} INFO - Processing file /home/airflow/.local/lib/python3.12/site-packages/airflow/example_dags/example_xcomargs.py for tasks to queue
[2026-04-30T04:06:25.067+0000] {logging_mixin.py:188} INFO - [2026-04-30T04:06:25.066+0000] {dagbag.py:545} INFO - Filling up the DagBag from /home/airflow/.local/lib/python3.12/site-packages/airflow/example_dags/example_xcomargs.py
[2026-04-30T04:06:25.079+0000] {processor.py:840} INFO - DAG(s) 'example_xcom_args', 'example_xcom_args_with_operators' retrieved from /home/airflow/.local/lib/python3.12/site-packages/airflow/example_dags/example_xcomargs.py
[2026-04-30T04:06:25.117+0000] {logging_mixin.py:188} INFO - [2026-04-30T04:06:25.117+0000] {dag.py:3096} INFO - Sync 2 DAGs
[2026-04-30T04:06:25.136+0000] {logging_mixin.py:188} INFO - [2026-04-30T04:06:25.136+0000] {dag.py:3954} INFO - Setting next_dagrun for example_xcom_args to None, run_after=None
[2026-04-30T04:06:25.140+0000] {logging_mixin.py:188} INFO - [2026-04-30T04:06:25.140+0000] {dag.py:3954} INFO - Setting next_dagrun for example_xcom_args_with_operators to None, run_after=None
[2026-04-30T04:06:25.159+0000] {processor.py:183} INFO - Processing /home/airflow/.local/lib/python3.12/site-packages/airflow/example_dags/example_xcomargs.py took 0.102 seconds
[2026-04-30T04:06:55.537+0000] {processor.py:161} INFO - Started process (PID=126) to work on /home/airflow/.local/lib/python3.12/site-packages/airflow/example_dags/example_xcomargs.py
[2026-04-30T04:06:55.538+0000] {processor.py:830} INFO - Processing file /home/airflow/.local/lib/python3.12/site-packages/airflow/example_dags/example_xcomargs.py for tasks to queue
[2026-04-30T04:06:55.540+0000] {logging_mixin.py:188} INFO - [2026-04-30T04:06:55.539+0000] {dagbag.py:545} INFO - Filling up the DagBag from /home/airflow/.local/lib/python3.12/site-packages/airflow/example_dags/example_xcomargs.py
[2026-04-30T04:06:55.549+0000] {processor.py:840} INFO - DAG(s) 'example_xcom_args', 'example_xcom_args_with_operators' retrieved from /home/airflow/.local/lib/python3.12/site-packages/airflow/example_dags/example_xcomargs.py
[2026-04-30T04:06:55.574+0000] {logging_mixin.py:188} INFO - [2026-04-30T04:06:55.574+0000] {dag.py:3096} INFO - Sync 2 DAGs
[2026-04-30T04:06:55.589+0000] {logging_mixin.py:188} INFO - [2026-04-30T04:06:55.588+0000] {dag.py:3954} INFO - Setting next_dagrun for example_xcom_args to None, run_after=None
[2026-04-30T04:06:55.593+0000] {logging_mixin.py:188} INFO - [2026-04-30T04:06:55.593+0000] {dag.py:3954} INFO - Setting next_dagrun for example_xcom_args_with_operators to None, run_after=None
[2026-04-30T04:06:55.611+0000] {processor.py:183} INFO - Processing /home/airflow/.local/lib/python3.12/site-packages/airflow/example_dags/example_xcomargs.py took 0.080 seconds
[2026-04-30T04:07:25.661+0000] {processor.py:161} INFO - Started process (PID=185) to work on /home/airflow/.local/lib/python3.12/site-packages/airflow/example_dags/example_xcomargs.py
[2026-04-30T04:07:25.662+0000] {processor.py:830} INFO - Processing file /home/airflow/.local/lib/python3.12/site-packages/airflow/example_dags/example_xcomargs.py for tasks to queue
[2026-04-30T04:07:25.664+0000] {logging_mixin.py:188} INFO - [2026-04-30T04:07:25.663+0000] {dagbag.py:545} INFO - Filling up the DagBag from /home/airflow/.local/lib/python3.12/site-packages/airflow/example_dags/example_xcomargs.py
[2026-04-30T04:07:25.672+0000] {processor.py:840} INFO - DAG(s) 'example_xcom_args_with_operators', 'example_xcom_args' retrieved from /home/airflow/.local/lib/python3.12/site-packages/airflow/example_dags/example_xcomargs.py
[2026-04-30T04:07:25.692+0000] {logging_mixin.py:188} INFO - [2026-04-30T04:07:25.692+0000] {dag.py:3096} INFO - Sync 2 DAGs
[2026-04-30T04:07:25.703+0000] {logging_mixin.py:188} INFO - [2026-04-30T04:07:25.703+0000] {dag.py:3954} INFO - Setting next_dagrun for example_xcom_args to None, run_after=None
[2026-04-30T04:07:25.706+0000] {logging_mixin.py:188} INFO - [2026-04-30T04:07:25.706+0000] {dag.py:3954} INFO - Setting next_dagrun for example_xcom_args_with_operators to None, run_after=None
[2026-04-30T04:07:25.720+0000] {processor.py:183} INFO - Processing /home/airflow/.local/lib/python3.12/site-packages/airflow/example_dags/example_xcomargs.py took 0.066 seconds
[2026-04-30T04:07:55.835+0000] {processor.py:161} INFO - Started process (PID=244) to work on /home/airflow/.local/lib/python3.12/site-packages/airflow/example_dags/example_xcomargs.py
[2026-04-30T04:07:55.836+0000] {processor.py:830} INFO - Processing file /home/airflow/.local/lib/python3.12/site-packages/airflow/example_dags/example_xcomargs.py for tasks to queue
[2026-04-30T04:07:55.837+0000] {logging_mixin.py:188} INFO - [2026-04-30T04:07:55.837+0000] {dagbag.py:545} INFO - Filling up the DagBag from /home/airflow/.local/lib/python3.12/site-packages/airflow/example_dags/example_xcomargs.py
[2026-04-30T04:07:55.844+0000] {processor.py:840} INFO - DAG(s) 'example_xcom_args', 'example_xcom_args_with_operators' retrieved from /home/airflow/.local/lib/python3.12/site-packages/airflow/example_dags/example_xcomargs.py
[2026-04-30T04:07:55.862+0000] {logging_mixin.py:188} INFO - [2026-04-30T04:07:55.862+0000] {dag.py:3096} INFO - Sync 2 DAGs
[2026-04-30T04:07:55.872+0000] {logging_mixin.py:188} INFO - [2026-04-30T04:07:55.872+0000] {dag.py:3954} INFO - Setting next_dagrun for example_xcom_args to None, run_after=None
[2026-04-30T04:07:55.875+0000] {logging_mixin.py:188} INFO - [2026-04-30T04:07:55.875+0000] {dag.py:3954} INFO - Setting next_dagrun for example_xcom_args_with_operators to None, run_after=None
[2026-04-30T04:07:55.888+0000] {processor.py:183} INFO - Processing /home/airflow/.local/lib/python3.12/site-packages/airflow/example_dags/example_xcomargs.py took 0.057 seconds
