[2026-04-30T04:06:27.764+0000] {processor.py:161} INFO - Started process (PID=94) to work on /home/airflow/.local/lib/python3.12/site-packages/airflow/example_dags/example_latest_only.py
[2026-04-30T04:06:27.764+0000] {processor.py:830} INFO - Processing file /home/airflow/.local/lib/python3.12/site-packages/airflow/example_dags/example_latest_only.py for tasks to queue
[2026-04-30T04:06:27.766+0000] {logging_mixin.py:188} INFO - [2026-04-30T04:06:27.766+0000] {dagbag.py:545} INFO - Filling up the DagBag from /home/airflow/.local/lib/python3.12/site-packages/airflow/example_dags/example_latest_only.py
[2026-04-30T04:06:27.772+0000] {processor.py:840} INFO - DAG(s) 'latest_only' retrieved from /home/airflow/.local/lib/python3.12/site-packages/airflow/example_dags/example_latest_only.py
[2026-04-30T04:06:27.797+0000] {logging_mixin.py:188} INFO - [2026-04-30T04:06:27.796+0000] {dag.py:3096} INFO - Sync 1 DAGs
[2026-04-30T04:06:27.824+0000] {logging_mixin.py:188} INFO - [2026-04-30T04:06:27.824+0000] {dag.py:3954} INFO - Setting next_dagrun for latest_only to 2026-04-30 00:00:00+00:00, run_after=2026-04-30 04:00:00+00:00
[2026-04-30T04:06:27.846+0000] {processor.py:183} INFO - Processing /home/airflow/.local/lib/python3.12/site-packages/airflow/example_dags/example_latest_only.py took 0.089 seconds
[2026-04-30T04:06:57.982+0000] {processor.py:161} INFO - Started process (PID=153) to work on /home/airflow/.local/lib/python3.12/site-packages/airflow/example_dags/example_latest_only.py
[2026-04-30T04:06:57.983+0000] {processor.py:830} INFO - Processing file /home/airflow/.local/lib/python3.12/site-packages/airflow/example_dags/example_latest_only.py for tasks to queue
[2026-04-30T04:06:57.984+0000] {logging_mixin.py:188} INFO - [2026-04-30T04:06:57.984+0000] {dagbag.py:545} INFO - Filling up the DagBag from /home/airflow/.local/lib/python3.12/site-packages/airflow/example_dags/example_latest_only.py
[2026-04-30T04:06:57.988+0000] {processor.py:840} INFO - DAG(s) 'latest_only' retrieved from /home/airflow/.local/lib/python3.12/site-packages/airflow/example_dags/example_latest_only.py
[2026-04-30T04:06:58.008+0000] {logging_mixin.py:188} INFO - [2026-04-30T04:06:58.008+0000] {dag.py:3096} INFO - Sync 1 DAGs
[2026-04-30T04:06:58.027+0000] {logging_mixin.py:188} INFO - [2026-04-30T04:06:58.027+0000] {dag.py:3954} INFO - Setting next_dagrun for latest_only to 2026-04-30 00:00:00+00:00, run_after=2026-04-30 04:00:00+00:00
[2026-04-30T04:06:58.043+0000] {processor.py:183} INFO - Processing /home/airflow/.local/lib/python3.12/site-packages/airflow/example_dags/example_latest_only.py took 0.066 seconds
[2026-04-30T04:07:29.416+0000] {processor.py:161} INFO - Started process (PID=212) to work on /home/airflow/.local/lib/python3.12/site-packages/airflow/example_dags/example_latest_only.py
[2026-04-30T04:07:29.417+0000] {processor.py:830} INFO - Processing file /home/airflow/.local/lib/python3.12/site-packages/airflow/example_dags/example_latest_only.py for tasks to queue
[2026-04-30T04:07:29.418+0000] {logging_mixin.py:188} INFO - [2026-04-30T04:07:29.418+0000] {dagbag.py:545} INFO - Filling up the DagBag from /home/airflow/.local/lib/python3.12/site-packages/airflow/example_dags/example_latest_only.py
[2026-04-30T04:07:29.422+0000] {processor.py:840} INFO - DAG(s) 'latest_only' retrieved from /home/airflow/.local/lib/python3.12/site-packages/airflow/example_dags/example_latest_only.py
[2026-04-30T04:07:29.438+0000] {logging_mixin.py:188} INFO - [2026-04-30T04:07:29.437+0000] {dag.py:3096} INFO - Sync 1 DAGs
[2026-04-30T04:07:29.455+0000] {logging_mixin.py:188} INFO - [2026-04-30T04:07:29.455+0000] {dag.py:3954} INFO - Setting next_dagrun for latest_only to 2026-04-30 00:00:00+00:00, run_after=2026-04-30 04:00:00+00:00
[2026-04-30T04:07:29.469+0000] {processor.py:183} INFO - Processing /home/airflow/.local/lib/python3.12/site-packages/airflow/example_dags/example_latest_only.py took 0.058 seconds
[2026-04-30T04:08:00.597+0000] {processor.py:161} INFO - Started process (PID=271) to work on /home/airflow/.local/lib/python3.12/site-packages/airflow/example_dags/example_latest_only.py
[2026-04-30T04:08:00.598+0000] {processor.py:830} INFO - Processing file /home/airflow/.local/lib/python3.12/site-packages/airflow/example_dags/example_latest_only.py for tasks to queue
[2026-04-30T04:08:00.600+0000] {logging_mixin.py:188} INFO - [2026-04-30T04:08:00.600+0000] {dagbag.py:545} INFO - Filling up the DagBag from /home/airflow/.local/lib/python3.12/site-packages/airflow/example_dags/example_latest_only.py
[2026-04-30T04:08:00.607+0000] {processor.py:840} INFO - DAG(s) 'latest_only' retrieved from /home/airflow/.local/lib/python3.12/site-packages/airflow/example_dags/example_latest_only.py
[2026-04-30T04:08:00.635+0000] {logging_mixin.py:188} INFO - [2026-04-30T04:08:00.635+0000] {dag.py:3096} INFO - Sync 1 DAGs
[2026-04-30T04:08:00.665+0000] {logging_mixin.py:188} INFO - [2026-04-30T04:08:00.664+0000] {dag.py:3954} INFO - Setting next_dagrun for latest_only to 2026-04-30 00:00:00+00:00, run_after=2026-04-30 04:00:00+00:00
[2026-04-30T04:08:00.686+0000] {processor.py:183} INFO - Processing /home/airflow/.local/lib/python3.12/site-packages/airflow/example_dags/example_latest_only.py took 0.097 seconds
