[2026-04-30T04:06:26.752+0000] {processor.py:161} INFO - Started process (PID=83) to work on /home/airflow/.local/lib/python3.12/site-packages/airflow/example_dags/example_setup_teardown.py
[2026-04-30T04:06:26.752+0000] {processor.py:830} INFO - Processing file /home/airflow/.local/lib/python3.12/site-packages/airflow/example_dags/example_setup_teardown.py for tasks to queue
[2026-04-30T04:06:26.754+0000] {logging_mixin.py:188} INFO - [2026-04-30T04:06:26.754+0000] {dagbag.py:545} INFO - Filling up the DagBag from /home/airflow/.local/lib/python3.12/site-packages/airflow/example_dags/example_setup_teardown.py
[2026-04-30T04:06:26.763+0000] {processor.py:840} INFO - DAG(s) 'example_setup_teardown' retrieved from /home/airflow/.local/lib/python3.12/site-packages/airflow/example_dags/example_setup_teardown.py
[2026-04-30T04:06:26.787+0000] {logging_mixin.py:188} INFO - [2026-04-30T04:06:26.787+0000] {dag.py:3096} INFO - Sync 1 DAGs
[2026-04-30T04:06:26.810+0000] {logging_mixin.py:188} INFO - [2026-04-30T04:06:26.810+0000] {dag.py:3954} INFO - Setting next_dagrun for example_setup_teardown to 2026-04-29 00:00:00+00:00, run_after=2026-04-30 00:00:00+00:00
[2026-04-30T04:06:26.829+0000] {processor.py:183} INFO - Processing /home/airflow/.local/lib/python3.12/site-packages/airflow/example_dags/example_setup_teardown.py took 0.083 seconds
[2026-04-30T04:06:57.469+0000] {processor.py:161} INFO - Started process (PID=142) to work on /home/airflow/.local/lib/python3.12/site-packages/airflow/example_dags/example_setup_teardown.py
[2026-04-30T04:06:57.470+0000] {processor.py:830} INFO - Processing file /home/airflow/.local/lib/python3.12/site-packages/airflow/example_dags/example_setup_teardown.py for tasks to queue
[2026-04-30T04:06:57.471+0000] {logging_mixin.py:188} INFO - [2026-04-30T04:06:57.471+0000] {dagbag.py:545} INFO - Filling up the DagBag from /home/airflow/.local/lib/python3.12/site-packages/airflow/example_dags/example_setup_teardown.py
[2026-04-30T04:06:57.478+0000] {processor.py:840} INFO - DAG(s) 'example_setup_teardown' retrieved from /home/airflow/.local/lib/python3.12/site-packages/airflow/example_dags/example_setup_teardown.py
[2026-04-30T04:06:57.497+0000] {logging_mixin.py:188} INFO - [2026-04-30T04:06:57.496+0000] {dag.py:3096} INFO - Sync 1 DAGs
[2026-04-30T04:06:57.516+0000] {logging_mixin.py:188} INFO - [2026-04-30T04:06:57.516+0000] {dag.py:3954} INFO - Setting next_dagrun for example_setup_teardown to 2026-04-29 00:00:00+00:00, run_after=2026-04-30 00:00:00+00:00
[2026-04-30T04:06:57.531+0000] {processor.py:183} INFO - Processing /home/airflow/.local/lib/python3.12/site-packages/airflow/example_dags/example_setup_teardown.py took 0.067 seconds
[2026-04-30T04:07:28.595+0000] {processor.py:161} INFO - Started process (PID=201) to work on /home/airflow/.local/lib/python3.12/site-packages/airflow/example_dags/example_setup_teardown.py
[2026-04-30T04:07:28.595+0000] {processor.py:830} INFO - Processing file /home/airflow/.local/lib/python3.12/site-packages/airflow/example_dags/example_setup_teardown.py for tasks to queue
[2026-04-30T04:07:28.597+0000] {logging_mixin.py:188} INFO - [2026-04-30T04:07:28.597+0000] {dagbag.py:545} INFO - Filling up the DagBag from /home/airflow/.local/lib/python3.12/site-packages/airflow/example_dags/example_setup_teardown.py
[2026-04-30T04:07:28.605+0000] {processor.py:840} INFO - DAG(s) 'example_setup_teardown' retrieved from /home/airflow/.local/lib/python3.12/site-packages/airflow/example_dags/example_setup_teardown.py
[2026-04-30T04:07:28.628+0000] {logging_mixin.py:188} INFO - [2026-04-30T04:07:28.628+0000] {dag.py:3096} INFO - Sync 1 DAGs
[2026-04-30T04:07:28.672+0000] {logging_mixin.py:188} INFO - [2026-04-30T04:07:28.671+0000] {dag.py:3954} INFO - Setting next_dagrun for example_setup_teardown to 2026-04-29 00:00:00+00:00, run_after=2026-04-30 00:00:00+00:00
[2026-04-30T04:07:28.731+0000] {processor.py:183} INFO - Processing /home/airflow/.local/lib/python3.12/site-packages/airflow/example_dags/example_setup_teardown.py took 0.143 seconds
[2026-04-30T04:07:59.613+0000] {processor.py:161} INFO - Started process (PID=260) to work on /home/airflow/.local/lib/python3.12/site-packages/airflow/example_dags/example_setup_teardown.py
[2026-04-30T04:07:59.614+0000] {processor.py:830} INFO - Processing file /home/airflow/.local/lib/python3.12/site-packages/airflow/example_dags/example_setup_teardown.py for tasks to queue
[2026-04-30T04:07:59.616+0000] {logging_mixin.py:188} INFO - [2026-04-30T04:07:59.616+0000] {dagbag.py:545} INFO - Filling up the DagBag from /home/airflow/.local/lib/python3.12/site-packages/airflow/example_dags/example_setup_teardown.py
[2026-04-30T04:07:59.623+0000] {processor.py:840} INFO - DAG(s) 'example_setup_teardown' retrieved from /home/airflow/.local/lib/python3.12/site-packages/airflow/example_dags/example_setup_teardown.py
[2026-04-30T04:07:59.645+0000] {logging_mixin.py:188} INFO - [2026-04-30T04:07:59.645+0000] {dag.py:3096} INFO - Sync 1 DAGs
[2026-04-30T04:07:59.671+0000] {logging_mixin.py:188} INFO - [2026-04-30T04:07:59.671+0000] {dag.py:3954} INFO - Setting next_dagrun for example_setup_teardown to 2026-04-29 00:00:00+00:00, run_after=2026-04-30 00:00:00+00:00
[2026-04-30T04:07:59.693+0000] {processor.py:183} INFO - Processing /home/airflow/.local/lib/python3.12/site-packages/airflow/example_dags/example_setup_teardown.py took 0.087 seconds
