[2026-04-30T04:06:27.865+0000] {processor.py:161} INFO - Started process (PID=95) to work on /home/airflow/.local/lib/python3.12/site-packages/airflow/example_dags/example_dag_decorator.py
[2026-04-30T04:06:27.866+0000] {processor.py:830} INFO - Processing file /home/airflow/.local/lib/python3.12/site-packages/airflow/example_dags/example_dag_decorator.py for tasks to queue
[2026-04-30T04:06:27.868+0000] {logging_mixin.py:188} INFO - [2026-04-30T04:06:27.868+0000] {dagbag.py:545} INFO - Filling up the DagBag from /home/airflow/.local/lib/python3.12/site-packages/airflow/example_dags/example_dag_decorator.py
[2026-04-30T04:06:28.020+0000] {processor.py:840} INFO - DAG(s) 'example_dag_decorator' retrieved from /home/airflow/.local/lib/python3.12/site-packages/airflow/example_dags/example_dag_decorator.py
[2026-04-30T04:06:28.197+0000] {logging_mixin.py:188} INFO - [2026-04-30T04:06:28.196+0000] {dag.py:3096} INFO - Sync 1 DAGs
[2026-04-30T04:06:28.210+0000] {logging_mixin.py:188} INFO - [2026-04-30T04:06:28.210+0000] {dag.py:3954} INFO - Setting next_dagrun for example_dag_decorator to None, run_after=None
[2026-04-30T04:06:28.235+0000] {processor.py:183} INFO - Processing /home/airflow/.local/lib/python3.12/site-packages/airflow/example_dags/example_dag_decorator.py took 0.377 seconds
[2026-04-30T04:06:59.070+0000] {processor.py:161} INFO - Started process (PID=155) to work on /home/airflow/.local/lib/python3.12/site-packages/airflow/example_dags/example_dag_decorator.py
[2026-04-30T04:06:59.071+0000] {processor.py:830} INFO - Processing file /home/airflow/.local/lib/python3.12/site-packages/airflow/example_dags/example_dag_decorator.py for tasks to queue
[2026-04-30T04:06:59.073+0000] {logging_mixin.py:188} INFO - [2026-04-30T04:06:59.072+0000] {dagbag.py:545} INFO - Filling up the DagBag from /home/airflow/.local/lib/python3.12/site-packages/airflow/example_dags/example_dag_decorator.py
[2026-04-30T04:06:59.166+0000] {processor.py:840} INFO - DAG(s) 'example_dag_decorator' retrieved from /home/airflow/.local/lib/python3.12/site-packages/airflow/example_dags/example_dag_decorator.py
[2026-04-30T04:06:59.283+0000] {logging_mixin.py:188} INFO - [2026-04-30T04:06:59.283+0000] {dag.py:3096} INFO - Sync 1 DAGs
[2026-04-30T04:06:59.295+0000] {logging_mixin.py:188} INFO - [2026-04-30T04:06:59.295+0000] {dag.py:3954} INFO - Setting next_dagrun for example_dag_decorator to None, run_after=None
[2026-04-30T04:06:59.311+0000] {processor.py:183} INFO - Processing /home/airflow/.local/lib/python3.12/site-packages/airflow/example_dags/example_dag_decorator.py took 0.245 seconds
[2026-04-30T04:07:29.490+0000] {processor.py:161} INFO - Started process (PID=213) to work on /home/airflow/.local/lib/python3.12/site-packages/airflow/example_dags/example_dag_decorator.py
[2026-04-30T04:07:29.490+0000] {processor.py:830} INFO - Processing file /home/airflow/.local/lib/python3.12/site-packages/airflow/example_dags/example_dag_decorator.py for tasks to queue
[2026-04-30T04:07:29.492+0000] {logging_mixin.py:188} INFO - [2026-04-30T04:07:29.492+0000] {dagbag.py:545} INFO - Filling up the DagBag from /home/airflow/.local/lib/python3.12/site-packages/airflow/example_dags/example_dag_decorator.py
[2026-04-30T04:07:29.582+0000] {processor.py:840} INFO - DAG(s) 'example_dag_decorator' retrieved from /home/airflow/.local/lib/python3.12/site-packages/airflow/example_dags/example_dag_decorator.py
[2026-04-30T04:07:29.682+0000] {logging_mixin.py:188} INFO - [2026-04-30T04:07:29.682+0000] {dag.py:3096} INFO - Sync 1 DAGs
[2026-04-30T04:07:29.693+0000] {logging_mixin.py:188} INFO - [2026-04-30T04:07:29.693+0000] {dag.py:3954} INFO - Setting next_dagrun for example_dag_decorator to None, run_after=None
[2026-04-30T04:07:29.709+0000] {processor.py:183} INFO - Processing /home/airflow/.local/lib/python3.12/site-packages/airflow/example_dags/example_dag_decorator.py took 0.224 seconds
[2026-04-30T04:08:00.641+0000] {processor.py:161} INFO - Started process (PID=272) to work on /home/airflow/.local/lib/python3.12/site-packages/airflow/example_dags/example_dag_decorator.py
[2026-04-30T04:08:00.642+0000] {processor.py:830} INFO - Processing file /home/airflow/.local/lib/python3.12/site-packages/airflow/example_dags/example_dag_decorator.py for tasks to queue
[2026-04-30T04:08:00.644+0000] {logging_mixin.py:188} INFO - [2026-04-30T04:08:00.643+0000] {dagbag.py:545} INFO - Filling up the DagBag from /home/airflow/.local/lib/python3.12/site-packages/airflow/example_dags/example_dag_decorator.py
[2026-04-30T04:08:00.766+0000] {processor.py:840} INFO - DAG(s) 'example_dag_decorator' retrieved from /home/airflow/.local/lib/python3.12/site-packages/airflow/example_dags/example_dag_decorator.py
[2026-04-30T04:08:00.892+0000] {logging_mixin.py:188} INFO - [2026-04-30T04:08:00.892+0000] {dag.py:3096} INFO - Sync 1 DAGs
[2026-04-30T04:08:00.910+0000] {logging_mixin.py:188} INFO - [2026-04-30T04:08:00.910+0000] {dag.py:3954} INFO - Setting next_dagrun for example_dag_decorator to None, run_after=None
[2026-04-30T04:08:00.929+0000] {processor.py:183} INFO - Processing /home/airflow/.local/lib/python3.12/site-packages/airflow/example_dags/example_dag_decorator.py took 0.295 seconds
