[2026-04-30T04:06:25.459+0000] {processor.py:161} INFO - Started process (PID=70) to work on /home/airflow/.local/lib/python3.12/site-packages/airflow/example_dags/example_short_circuit_operator.py
[2026-04-30T04:06:25.460+0000] {processor.py:830} INFO - Processing file /home/airflow/.local/lib/python3.12/site-packages/airflow/example_dags/example_short_circuit_operator.py for tasks to queue
[2026-04-30T04:06:25.462+0000] {logging_mixin.py:188} INFO - [2026-04-30T04:06:25.462+0000] {dagbag.py:545} INFO - Filling up the DagBag from /home/airflow/.local/lib/python3.12/site-packages/airflow/example_dags/example_short_circuit_operator.py
[2026-04-30T04:06:25.473+0000] {processor.py:840} INFO - DAG(s) 'example_short_circuit_operator' retrieved from /home/airflow/.local/lib/python3.12/site-packages/airflow/example_dags/example_short_circuit_operator.py
[2026-04-30T04:06:25.514+0000] {logging_mixin.py:188} INFO - [2026-04-30T04:06:25.514+0000] {dag.py:3096} INFO - Sync 1 DAGs
[2026-04-30T04:06:25.546+0000] {logging_mixin.py:188} INFO - [2026-04-30T04:06:25.545+0000] {dag.py:3954} INFO - Setting next_dagrun for example_short_circuit_operator to 2026-04-29 00:00:00+00:00, run_after=2026-04-30 00:00:00+00:00
[2026-04-30T04:06:25.570+0000] {processor.py:183} INFO - Processing /home/airflow/.local/lib/python3.12/site-packages/airflow/example_dags/example_short_circuit_operator.py took 0.118 seconds
[2026-04-30T04:06:55.753+0000] {processor.py:161} INFO - Started process (PID=129) to work on /home/airflow/.local/lib/python3.12/site-packages/airflow/example_dags/example_short_circuit_operator.py
[2026-04-30T04:06:55.754+0000] {processor.py:830} INFO - Processing file /home/airflow/.local/lib/python3.12/site-packages/airflow/example_dags/example_short_circuit_operator.py for tasks to queue
[2026-04-30T04:06:55.756+0000] {logging_mixin.py:188} INFO - [2026-04-30T04:06:55.756+0000] {dagbag.py:545} INFO - Filling up the DagBag from /home/airflow/.local/lib/python3.12/site-packages/airflow/example_dags/example_short_circuit_operator.py
[2026-04-30T04:06:55.766+0000] {processor.py:840} INFO - DAG(s) 'example_short_circuit_operator' retrieved from /home/airflow/.local/lib/python3.12/site-packages/airflow/example_dags/example_short_circuit_operator.py
[2026-04-30T04:06:55.794+0000] {logging_mixin.py:188} INFO - [2026-04-30T04:06:55.794+0000] {dag.py:3096} INFO - Sync 1 DAGs
[2026-04-30T04:06:55.820+0000] {logging_mixin.py:188} INFO - [2026-04-30T04:06:55.820+0000] {dag.py:3954} INFO - Setting next_dagrun for example_short_circuit_operator to 2026-04-29 00:00:00+00:00, run_after=2026-04-30 00:00:00+00:00
[2026-04-30T04:06:55.838+0000] {processor.py:183} INFO - Processing /home/airflow/.local/lib/python3.12/site-packages/airflow/example_dags/example_short_circuit_operator.py took 0.092 seconds
[2026-04-30T04:07:26.762+0000] {processor.py:161} INFO - Started process (PID=188) to work on /home/airflow/.local/lib/python3.12/site-packages/airflow/example_dags/example_short_circuit_operator.py
[2026-04-30T04:07:26.762+0000] {processor.py:830} INFO - Processing file /home/airflow/.local/lib/python3.12/site-packages/airflow/example_dags/example_short_circuit_operator.py for tasks to queue
[2026-04-30T04:07:26.764+0000] {logging_mixin.py:188} INFO - [2026-04-30T04:07:26.764+0000] {dagbag.py:545} INFO - Filling up the DagBag from /home/airflow/.local/lib/python3.12/site-packages/airflow/example_dags/example_short_circuit_operator.py
[2026-04-30T04:07:26.774+0000] {processor.py:840} INFO - DAG(s) 'example_short_circuit_operator' retrieved from /home/airflow/.local/lib/python3.12/site-packages/airflow/example_dags/example_short_circuit_operator.py
[2026-04-30T04:07:26.803+0000] {logging_mixin.py:188} INFO - [2026-04-30T04:07:26.803+0000] {dag.py:3096} INFO - Sync 1 DAGs
[2026-04-30T04:07:26.832+0000] {logging_mixin.py:188} INFO - [2026-04-30T04:07:26.832+0000] {dag.py:3954} INFO - Setting next_dagrun for example_short_circuit_operator to 2026-04-29 00:00:00+00:00, run_after=2026-04-30 00:00:00+00:00
[2026-04-30T04:07:26.853+0000] {processor.py:183} INFO - Processing /home/airflow/.local/lib/python3.12/site-packages/airflow/example_dags/example_short_circuit_operator.py took 0.099 seconds
[2026-04-30T04:07:56.922+0000] {processor.py:161} INFO - Started process (PID=247) to work on /home/airflow/.local/lib/python3.12/site-packages/airflow/example_dags/example_short_circuit_operator.py
[2026-04-30T04:07:56.923+0000] {processor.py:830} INFO - Processing file /home/airflow/.local/lib/python3.12/site-packages/airflow/example_dags/example_short_circuit_operator.py for tasks to queue
[2026-04-30T04:07:56.924+0000] {logging_mixin.py:188} INFO - [2026-04-30T04:07:56.924+0000] {dagbag.py:545} INFO - Filling up the DagBag from /home/airflow/.local/lib/python3.12/site-packages/airflow/example_dags/example_short_circuit_operator.py
[2026-04-30T04:07:56.930+0000] {processor.py:840} INFO - DAG(s) 'example_short_circuit_operator' retrieved from /home/airflow/.local/lib/python3.12/site-packages/airflow/example_dags/example_short_circuit_operator.py
[2026-04-30T04:07:56.955+0000] {logging_mixin.py:188} INFO - [2026-04-30T04:07:56.954+0000] {dag.py:3096} INFO - Sync 1 DAGs
[2026-04-30T04:07:56.976+0000] {logging_mixin.py:188} INFO - [2026-04-30T04:07:56.976+0000] {dag.py:3954} INFO - Setting next_dagrun for example_short_circuit_operator to 2026-04-29 00:00:00+00:00, run_after=2026-04-30 00:00:00+00:00
[2026-04-30T04:07:56.993+0000] {processor.py:183} INFO - Processing /home/airflow/.local/lib/python3.12/site-packages/airflow/example_dags/example_short_circuit_operator.py took 0.075 seconds
