[2026-04-30T04:06:25.605+0000] {processor.py:161} INFO - Started process (PID=71) to work on /home/airflow/.local/lib/python3.12/site-packages/airflow/example_dags/example_bash_operator.py
[2026-04-30T04:06:25.605+0000] {processor.py:830} INFO - Processing file /home/airflow/.local/lib/python3.12/site-packages/airflow/example_dags/example_bash_operator.py for tasks to queue
[2026-04-30T04:06:25.607+0000] {logging_mixin.py:188} INFO - [2026-04-30T04:06:25.607+0000] {dagbag.py:545} INFO - Filling up the DagBag from /home/airflow/.local/lib/python3.12/site-packages/airflow/example_dags/example_bash_operator.py
[2026-04-30T04:06:25.619+0000] {processor.py:840} INFO - DAG(s) 'example_bash_operator' retrieved from /home/airflow/.local/lib/python3.12/site-packages/airflow/example_dags/example_bash_operator.py
[2026-04-30T04:06:25.662+0000] {logging_mixin.py:188} INFO - [2026-04-30T04:06:25.662+0000] {dag.py:3096} INFO - Sync 1 DAGs
[2026-04-30T04:06:25.691+0000] {logging_mixin.py:188} INFO - [2026-04-30T04:06:25.691+0000] {dag.py:3954} INFO - Setting next_dagrun for example_bash_operator to 2026-04-29 00:00:00+00:00, run_after=2026-04-30 00:00:00+00:00
[2026-04-30T04:06:25.712+0000] {processor.py:183} INFO - Processing /home/airflow/.local/lib/python3.12/site-packages/airflow/example_dags/example_bash_operator.py took 0.114 seconds
[2026-04-30T04:06:55.853+0000] {processor.py:161} INFO - Started process (PID=130) to work on /home/airflow/.local/lib/python3.12/site-packages/airflow/example_dags/example_bash_operator.py
[2026-04-30T04:06:55.853+0000] {processor.py:830} INFO - Processing file /home/airflow/.local/lib/python3.12/site-packages/airflow/example_dags/example_bash_operator.py for tasks to queue
[2026-04-30T04:06:55.855+0000] {logging_mixin.py:188} INFO - [2026-04-30T04:06:55.854+0000] {dagbag.py:545} INFO - Filling up the DagBag from /home/airflow/.local/lib/python3.12/site-packages/airflow/example_dags/example_bash_operator.py
[2026-04-30T04:06:55.864+0000] {processor.py:840} INFO - DAG(s) 'example_bash_operator' retrieved from /home/airflow/.local/lib/python3.12/site-packages/airflow/example_dags/example_bash_operator.py
[2026-04-30T04:06:55.902+0000] {logging_mixin.py:188} INFO - [2026-04-30T04:06:55.902+0000] {dag.py:3096} INFO - Sync 1 DAGs
[2026-04-30T04:06:55.932+0000] {logging_mixin.py:188} INFO - [2026-04-30T04:06:55.932+0000] {dag.py:3954} INFO - Setting next_dagrun for example_bash_operator to 2026-04-29 00:00:00+00:00, run_after=2026-04-30 00:00:00+00:00
[2026-04-30T04:06:55.952+0000] {processor.py:183} INFO - Processing /home/airflow/.local/lib/python3.12/site-packages/airflow/example_dags/example_bash_operator.py took 0.104 seconds
[2026-04-30T04:07:26.844+0000] {processor.py:161} INFO - Started process (PID=189) to work on /home/airflow/.local/lib/python3.12/site-packages/airflow/example_dags/example_bash_operator.py
[2026-04-30T04:07:26.844+0000] {processor.py:830} INFO - Processing file /home/airflow/.local/lib/python3.12/site-packages/airflow/example_dags/example_bash_operator.py for tasks to queue
[2026-04-30T04:07:26.846+0000] {logging_mixin.py:188} INFO - [2026-04-30T04:07:26.846+0000] {dagbag.py:545} INFO - Filling up the DagBag from /home/airflow/.local/lib/python3.12/site-packages/airflow/example_dags/example_bash_operator.py
[2026-04-30T04:07:26.859+0000] {processor.py:840} INFO - DAG(s) 'example_bash_operator' retrieved from /home/airflow/.local/lib/python3.12/site-packages/airflow/example_dags/example_bash_operator.py
[2026-04-30T04:07:26.889+0000] {logging_mixin.py:188} INFO - [2026-04-30T04:07:26.889+0000] {dag.py:3096} INFO - Sync 1 DAGs
[2026-04-30T04:07:26.914+0000] {logging_mixin.py:188} INFO - [2026-04-30T04:07:26.913+0000] {dag.py:3954} INFO - Setting next_dagrun for example_bash_operator to 2026-04-29 00:00:00+00:00, run_after=2026-04-30 00:00:00+00:00
[2026-04-30T04:07:26.934+0000] {processor.py:183} INFO - Processing /home/airflow/.local/lib/python3.12/site-packages/airflow/example_dags/example_bash_operator.py took 0.096 seconds
[2026-04-30T04:07:57.014+0000] {processor.py:161} INFO - Started process (PID=248) to work on /home/airflow/.local/lib/python3.12/site-packages/airflow/example_dags/example_bash_operator.py
[2026-04-30T04:07:57.015+0000] {processor.py:830} INFO - Processing file /home/airflow/.local/lib/python3.12/site-packages/airflow/example_dags/example_bash_operator.py for tasks to queue
[2026-04-30T04:07:57.016+0000] {logging_mixin.py:188} INFO - [2026-04-30T04:07:57.016+0000] {dagbag.py:545} INFO - Filling up the DagBag from /home/airflow/.local/lib/python3.12/site-packages/airflow/example_dags/example_bash_operator.py
[2026-04-30T04:07:57.025+0000] {processor.py:840} INFO - DAG(s) 'example_bash_operator' retrieved from /home/airflow/.local/lib/python3.12/site-packages/airflow/example_dags/example_bash_operator.py
[2026-04-30T04:07:57.048+0000] {logging_mixin.py:188} INFO - [2026-04-30T04:07:57.047+0000] {dag.py:3096} INFO - Sync 1 DAGs
[2026-04-30T04:07:57.071+0000] {logging_mixin.py:188} INFO - [2026-04-30T04:07:57.071+0000] {dag.py:3954} INFO - Setting next_dagrun for example_bash_operator to 2026-04-29 00:00:00+00:00, run_after=2026-04-30 00:00:00+00:00
[2026-04-30T04:07:57.085+0000] {processor.py:183} INFO - Processing /home/airflow/.local/lib/python3.12/site-packages/airflow/example_dags/example_bash_operator.py took 0.076 seconds
