[2026-04-30T04:06:25.185+0000] {processor.py:161} INFO - Started process (PID=68) to work on /home/airflow/.local/lib/python3.12/site-packages/airflow/example_dags/example_branch_operator.py
[2026-04-30T04:06:25.186+0000] {processor.py:830} INFO - Processing file /home/airflow/.local/lib/python3.12/site-packages/airflow/example_dags/example_branch_operator.py for tasks to queue
[2026-04-30T04:06:25.187+0000] {logging_mixin.py:188} INFO - [2026-04-30T04:06:25.187+0000] {dagbag.py:545} INFO - Filling up the DagBag from /home/airflow/.local/lib/python3.12/site-packages/airflow/example_dags/example_branch_operator.py
[2026-04-30T04:06:25.208+0000] {processor.py:840} INFO - DAG(s) 'example_branch_operator' retrieved from /home/airflow/.local/lib/python3.12/site-packages/airflow/example_dags/example_branch_operator.py
[2026-04-30T04:06:25.365+0000] {logging_mixin.py:188} INFO - [2026-04-30T04:06:25.365+0000] {dag.py:3096} INFO - Sync 1 DAGs
[2026-04-30T04:06:25.393+0000] {logging_mixin.py:188} INFO - [2026-04-30T04:06:25.393+0000] {dag.py:3954} INFO - Setting next_dagrun for example_branch_operator to 2026-04-29 00:00:00+00:00, run_after=2026-04-30 00:00:00+00:00
[2026-04-30T04:06:25.418+0000] {processor.py:183} INFO - Processing /home/airflow/.local/lib/python3.12/site-packages/airflow/example_dags/example_branch_operator.py took 0.239 seconds
[2026-04-30T04:06:55.642+0000] {processor.py:161} INFO - Started process (PID=127) to work on /home/airflow/.local/lib/python3.12/site-packages/airflow/example_dags/example_branch_operator.py
[2026-04-30T04:06:55.642+0000] {processor.py:830} INFO - Processing file /home/airflow/.local/lib/python3.12/site-packages/airflow/example_dags/example_branch_operator.py for tasks to queue
[2026-04-30T04:06:55.644+0000] {logging_mixin.py:188} INFO - [2026-04-30T04:06:55.643+0000] {dagbag.py:545} INFO - Filling up the DagBag from /home/airflow/.local/lib/python3.12/site-packages/airflow/example_dags/example_branch_operator.py
[2026-04-30T04:06:55.661+0000] {processor.py:840} INFO - DAG(s) 'example_branch_operator' retrieved from /home/airflow/.local/lib/python3.12/site-packages/airflow/example_dags/example_branch_operator.py
[2026-04-30T04:06:55.686+0000] {logging_mixin.py:188} INFO - [2026-04-30T04:06:55.686+0000] {dag.py:3096} INFO - Sync 1 DAGs
[2026-04-30T04:06:55.706+0000] {logging_mixin.py:188} INFO - [2026-04-30T04:06:55.705+0000] {dag.py:3954} INFO - Setting next_dagrun for example_branch_operator to 2026-04-29 00:00:00+00:00, run_after=2026-04-30 00:00:00+00:00
[2026-04-30T04:06:55.720+0000] {processor.py:183} INFO - Processing /home/airflow/.local/lib/python3.12/site-packages/airflow/example_dags/example_branch_operator.py took 0.085 seconds
[2026-04-30T04:07:25.740+0000] {processor.py:161} INFO - Started process (PID=186) to work on /home/airflow/.local/lib/python3.12/site-packages/airflow/example_dags/example_branch_operator.py
[2026-04-30T04:07:25.740+0000] {processor.py:830} INFO - Processing file /home/airflow/.local/lib/python3.12/site-packages/airflow/example_dags/example_branch_operator.py for tasks to queue
[2026-04-30T04:07:25.742+0000] {logging_mixin.py:188} INFO - [2026-04-30T04:07:25.741+0000] {dagbag.py:545} INFO - Filling up the DagBag from /home/airflow/.local/lib/python3.12/site-packages/airflow/example_dags/example_branch_operator.py
[2026-04-30T04:07:25.756+0000] {processor.py:840} INFO - DAG(s) 'example_branch_operator' retrieved from /home/airflow/.local/lib/python3.12/site-packages/airflow/example_dags/example_branch_operator.py
[2026-04-30T04:07:25.779+0000] {logging_mixin.py:188} INFO - [2026-04-30T04:07:25.779+0000] {dag.py:3096} INFO - Sync 1 DAGs
[2026-04-30T04:07:25.799+0000] {logging_mixin.py:188} INFO - [2026-04-30T04:07:25.799+0000] {dag.py:3954} INFO - Setting next_dagrun for example_branch_operator to 2026-04-29 00:00:00+00:00, run_after=2026-04-30 00:00:00+00:00
[2026-04-30T04:07:25.813+0000] {processor.py:183} INFO - Processing /home/airflow/.local/lib/python3.12/site-packages/airflow/example_dags/example_branch_operator.py took 0.078 seconds
[2026-04-30T04:07:55.909+0000] {processor.py:161} INFO - Started process (PID=245) to work on /home/airflow/.local/lib/python3.12/site-packages/airflow/example_dags/example_branch_operator.py
[2026-04-30T04:07:55.910+0000] {processor.py:830} INFO - Processing file /home/airflow/.local/lib/python3.12/site-packages/airflow/example_dags/example_branch_operator.py for tasks to queue
[2026-04-30T04:07:55.911+0000] {logging_mixin.py:188} INFO - [2026-04-30T04:07:55.911+0000] {dagbag.py:545} INFO - Filling up the DagBag from /home/airflow/.local/lib/python3.12/site-packages/airflow/example_dags/example_branch_operator.py
[2026-04-30T04:07:55.927+0000] {processor.py:840} INFO - DAG(s) 'example_branch_operator' retrieved from /home/airflow/.local/lib/python3.12/site-packages/airflow/example_dags/example_branch_operator.py
[2026-04-30T04:07:55.957+0000] {logging_mixin.py:188} INFO - [2026-04-30T04:07:55.957+0000] {dag.py:3096} INFO - Sync 1 DAGs
[2026-04-30T04:07:55.981+0000] {logging_mixin.py:188} INFO - [2026-04-30T04:07:55.981+0000] {dag.py:3954} INFO - Setting next_dagrun for example_branch_operator to 2026-04-29 00:00:00+00:00, run_after=2026-04-30 00:00:00+00:00
[2026-04-30T04:07:55.996+0000] {processor.py:183} INFO - Processing /home/airflow/.local/lib/python3.12/site-packages/airflow/example_dags/example_branch_operator.py took 0.092 seconds
