[2026-04-30T04:06:26.818+0000] {processor.py:161} INFO - Started process (PID=84) to work on /home/airflow/.local/lib/python3.12/site-packages/airflow/example_dags/tutorial.py
[2026-04-30T04:06:26.819+0000] {processor.py:830} INFO - Processing file /home/airflow/.local/lib/python3.12/site-packages/airflow/example_dags/tutorial.py for tasks to queue
[2026-04-30T04:06:26.822+0000] {logging_mixin.py:188} INFO - [2026-04-30T04:06:26.821+0000] {dagbag.py:545} INFO - Filling up the DagBag from /home/airflow/.local/lib/python3.12/site-packages/airflow/example_dags/tutorial.py
[2026-04-30T04:06:26.830+0000] {processor.py:840} INFO - DAG(s) 'tutorial' retrieved from /home/airflow/.local/lib/python3.12/site-packages/airflow/example_dags/tutorial.py
[2026-04-30T04:06:26.864+0000] {logging_mixin.py:188} INFO - [2026-04-30T04:06:26.864+0000] {dag.py:3096} INFO - Sync 1 DAGs
[2026-04-30T04:06:26.894+0000] {logging_mixin.py:188} INFO - [2026-04-30T04:06:26.893+0000] {dag.py:3954} INFO - Setting next_dagrun for tutorial to 2026-04-29 00:00:00+00:00, run_after=2026-04-30 00:00:00+00:00
[2026-04-30T04:06:26.924+0000] {processor.py:183} INFO - Processing /home/airflow/.local/lib/python3.12/site-packages/airflow/example_dags/tutorial.py took 0.113 seconds
[2026-04-30T04:06:57.498+0000] {processor.py:161} INFO - Started process (PID=143) to work on /home/airflow/.local/lib/python3.12/site-packages/airflow/example_dags/tutorial.py
[2026-04-30T04:06:57.499+0000] {processor.py:830} INFO - Processing file /home/airflow/.local/lib/python3.12/site-packages/airflow/example_dags/tutorial.py for tasks to queue
[2026-04-30T04:06:57.500+0000] {logging_mixin.py:188} INFO - [2026-04-30T04:06:57.500+0000] {dagbag.py:545} INFO - Filling up the DagBag from /home/airflow/.local/lib/python3.12/site-packages/airflow/example_dags/tutorial.py
[2026-04-30T04:06:57.505+0000] {processor.py:840} INFO - DAG(s) 'tutorial' retrieved from /home/airflow/.local/lib/python3.12/site-packages/airflow/example_dags/tutorial.py
[2026-04-30T04:06:57.522+0000] {logging_mixin.py:188} INFO - [2026-04-30T04:06:57.522+0000] {dag.py:3096} INFO - Sync 1 DAGs
[2026-04-30T04:06:57.543+0000] {logging_mixin.py:188} INFO - [2026-04-30T04:06:57.543+0000] {dag.py:3954} INFO - Setting next_dagrun for tutorial to 2026-04-29 00:00:00+00:00, run_after=2026-04-30 00:00:00+00:00
[2026-04-30T04:06:57.559+0000] {processor.py:183} INFO - Processing /home/airflow/.local/lib/python3.12/site-packages/airflow/example_dags/tutorial.py took 0.065 seconds
[2026-04-30T04:07:28.770+0000] {processor.py:161} INFO - Started process (PID=202) to work on /home/airflow/.local/lib/python3.12/site-packages/airflow/example_dags/tutorial.py
[2026-04-30T04:07:28.771+0000] {processor.py:830} INFO - Processing file /home/airflow/.local/lib/python3.12/site-packages/airflow/example_dags/tutorial.py for tasks to queue
[2026-04-30T04:07:28.773+0000] {logging_mixin.py:188} INFO - [2026-04-30T04:07:28.772+0000] {dagbag.py:545} INFO - Filling up the DagBag from /home/airflow/.local/lib/python3.12/site-packages/airflow/example_dags/tutorial.py
[2026-04-30T04:07:28.779+0000] {processor.py:840} INFO - DAG(s) 'tutorial' retrieved from /home/airflow/.local/lib/python3.12/site-packages/airflow/example_dags/tutorial.py
[2026-04-30T04:07:28.803+0000] {logging_mixin.py:188} INFO - [2026-04-30T04:07:28.803+0000] {dag.py:3096} INFO - Sync 1 DAGs
[2026-04-30T04:07:28.824+0000] {logging_mixin.py:188} INFO - [2026-04-30T04:07:28.824+0000] {dag.py:3954} INFO - Setting next_dagrun for tutorial to 2026-04-29 00:00:00+00:00, run_after=2026-04-30 00:00:00+00:00
[2026-04-30T04:07:28.841+0000] {processor.py:183} INFO - Processing /home/airflow/.local/lib/python3.12/site-packages/airflow/example_dags/tutorial.py took 0.087 seconds
[2026-04-30T04:07:59.717+0000] {processor.py:161} INFO - Started process (PID=261) to work on /home/airflow/.local/lib/python3.12/site-packages/airflow/example_dags/tutorial.py
[2026-04-30T04:07:59.718+0000] {processor.py:830} INFO - Processing file /home/airflow/.local/lib/python3.12/site-packages/airflow/example_dags/tutorial.py for tasks to queue
[2026-04-30T04:07:59.720+0000] {logging_mixin.py:188} INFO - [2026-04-30T04:07:59.720+0000] {dagbag.py:545} INFO - Filling up the DagBag from /home/airflow/.local/lib/python3.12/site-packages/airflow/example_dags/tutorial.py
[2026-04-30T04:07:59.726+0000] {processor.py:840} INFO - DAG(s) 'tutorial' retrieved from /home/airflow/.local/lib/python3.12/site-packages/airflow/example_dags/tutorial.py
[2026-04-30T04:07:59.752+0000] {logging_mixin.py:188} INFO - [2026-04-30T04:07:59.751+0000] {dag.py:3096} INFO - Sync 1 DAGs
[2026-04-30T04:07:59.799+0000] {logging_mixin.py:188} INFO - [2026-04-30T04:07:59.799+0000] {dag.py:3954} INFO - Setting next_dagrun for tutorial to 2026-04-29 00:00:00+00:00, run_after=2026-04-30 00:00:00+00:00
[2026-04-30T04:07:59.857+0000] {processor.py:183} INFO - Processing /home/airflow/.local/lib/python3.12/site-packages/airflow/example_dags/tutorial.py took 0.144 seconds
