[2026-04-30T04:06:27.280+0000] {processor.py:161} INFO - Started process (PID=90) to work on /home/airflow/.local/lib/python3.12/site-packages/airflow/example_dags/tutorial_taskflow_api.py
[2026-04-30T04:06:27.281+0000] {processor.py:830} INFO - Processing file /home/airflow/.local/lib/python3.12/site-packages/airflow/example_dags/tutorial_taskflow_api.py for tasks to queue
[2026-04-30T04:06:27.283+0000] {logging_mixin.py:188} INFO - [2026-04-30T04:06:27.282+0000] {dagbag.py:545} INFO - Filling up the DagBag from /home/airflow/.local/lib/python3.12/site-packages/airflow/example_dags/tutorial_taskflow_api.py
[2026-04-30T04:06:27.290+0000] {processor.py:840} INFO - DAG(s) 'tutorial_taskflow_api' retrieved from /home/airflow/.local/lib/python3.12/site-packages/airflow/example_dags/tutorial_taskflow_api.py
[2026-04-30T04:06:27.317+0000] {logging_mixin.py:188} INFO - [2026-04-30T04:06:27.317+0000] {dag.py:3096} INFO - Sync 1 DAGs
[2026-04-30T04:06:27.335+0000] {logging_mixin.py:188} INFO - [2026-04-30T04:06:27.335+0000] {dag.py:3954} INFO - Setting next_dagrun for tutorial_taskflow_api to None, run_after=None
[2026-04-30T04:06:27.361+0000] {processor.py:183} INFO - Processing /home/airflow/.local/lib/python3.12/site-packages/airflow/example_dags/tutorial_taskflow_api.py took 0.088 seconds
[2026-04-30T04:06:57.809+0000] {processor.py:161} INFO - Started process (PID=149) to work on /home/airflow/.local/lib/python3.12/site-packages/airflow/example_dags/tutorial_taskflow_api.py
[2026-04-30T04:06:57.810+0000] {processor.py:830} INFO - Processing file /home/airflow/.local/lib/python3.12/site-packages/airflow/example_dags/tutorial_taskflow_api.py for tasks to queue
[2026-04-30T04:06:57.811+0000] {logging_mixin.py:188} INFO - [2026-04-30T04:06:57.811+0000] {dagbag.py:545} INFO - Filling up the DagBag from /home/airflow/.local/lib/python3.12/site-packages/airflow/example_dags/tutorial_taskflow_api.py
[2026-04-30T04:06:57.816+0000] {processor.py:840} INFO - DAG(s) 'tutorial_taskflow_api' retrieved from /home/airflow/.local/lib/python3.12/site-packages/airflow/example_dags/tutorial_taskflow_api.py
[2026-04-30T04:06:57.835+0000] {logging_mixin.py:188} INFO - [2026-04-30T04:06:57.835+0000] {dag.py:3096} INFO - Sync 1 DAGs
[2026-04-30T04:06:57.850+0000] {logging_mixin.py:188} INFO - [2026-04-30T04:06:57.850+0000] {dag.py:3954} INFO - Setting next_dagrun for tutorial_taskflow_api to None, run_after=None
[2026-04-30T04:06:57.867+0000] {processor.py:183} INFO - Processing /home/airflow/.local/lib/python3.12/site-packages/airflow/example_dags/tutorial_taskflow_api.py took 0.063 seconds
[2026-04-30T04:07:29.162+0000] {processor.py:161} INFO - Started process (PID=208) to work on /home/airflow/.local/lib/python3.12/site-packages/airflow/example_dags/tutorial_taskflow_api.py
[2026-04-30T04:07:29.163+0000] {processor.py:830} INFO - Processing file /home/airflow/.local/lib/python3.12/site-packages/airflow/example_dags/tutorial_taskflow_api.py for tasks to queue
[2026-04-30T04:07:29.165+0000] {logging_mixin.py:188} INFO - [2026-04-30T04:07:29.165+0000] {dagbag.py:545} INFO - Filling up the DagBag from /home/airflow/.local/lib/python3.12/site-packages/airflow/example_dags/tutorial_taskflow_api.py
[2026-04-30T04:07:29.172+0000] {processor.py:840} INFO - DAG(s) 'tutorial_taskflow_api' retrieved from /home/airflow/.local/lib/python3.12/site-packages/airflow/example_dags/tutorial_taskflow_api.py
[2026-04-30T04:07:29.191+0000] {logging_mixin.py:188} INFO - [2026-04-30T04:07:29.191+0000] {dag.py:3096} INFO - Sync 1 DAGs
[2026-04-30T04:07:29.202+0000] {logging_mixin.py:188} INFO - [2026-04-30T04:07:29.202+0000] {dag.py:3954} INFO - Setting next_dagrun for tutorial_taskflow_api to None, run_after=None
[2026-04-30T04:07:29.218+0000] {processor.py:183} INFO - Processing /home/airflow/.local/lib/python3.12/site-packages/airflow/example_dags/tutorial_taskflow_api.py took 0.063 seconds
[2026-04-30T04:08:00.332+0000] {processor.py:161} INFO - Started process (PID=267) to work on /home/airflow/.local/lib/python3.12/site-packages/airflow/example_dags/tutorial_taskflow_api.py
[2026-04-30T04:08:00.333+0000] {processor.py:830} INFO - Processing file /home/airflow/.local/lib/python3.12/site-packages/airflow/example_dags/tutorial_taskflow_api.py for tasks to queue
[2026-04-30T04:08:00.335+0000] {logging_mixin.py:188} INFO - [2026-04-30T04:08:00.334+0000] {dagbag.py:545} INFO - Filling up the DagBag from /home/airflow/.local/lib/python3.12/site-packages/airflow/example_dags/tutorial_taskflow_api.py
[2026-04-30T04:08:00.341+0000] {processor.py:840} INFO - DAG(s) 'tutorial_taskflow_api' retrieved from /home/airflow/.local/lib/python3.12/site-packages/airflow/example_dags/tutorial_taskflow_api.py
[2026-04-30T04:08:00.363+0000] {logging_mixin.py:188} INFO - [2026-04-30T04:08:00.363+0000] {dag.py:3096} INFO - Sync 1 DAGs
[2026-04-30T04:08:00.379+0000] {logging_mixin.py:188} INFO - [2026-04-30T04:08:00.379+0000] {dag.py:3954} INFO - Setting next_dagrun for tutorial_taskflow_api to None, run_after=None
[2026-04-30T04:08:00.400+0000] {processor.py:183} INFO - Processing /home/airflow/.local/lib/python3.12/site-packages/airflow/example_dags/tutorial_taskflow_api.py took 0.074 seconds
