[2026-04-30T04:06:24.376+0000] {processor.py:161} INFO - Started process (PID=62) to work on /opt/airflow/dags/orchestrator.py
[2026-04-30T04:06:24.382+0000] {processor.py:830} INFO - Processing file /opt/airflow/dags/orchestrator.py for tasks to queue
[2026-04-30T04:06:24.389+0000] {logging_mixin.py:188} INFO - [2026-04-30T04:06:24.389+0000] {dagbag.py:545} INFO - Filling up the DagBag from /opt/airflow/dags/orchestrator.py
[2026-04-30T04:06:24.414+0000] {processor.py:840} INFO - DAG(s) 'weather_etl_dag' retrieved from /opt/airflow/dags/orchestrator.py
[2026-04-30T04:06:24.534+0000] {logging_mixin.py:188} INFO - [2026-04-30T04:06:24.534+0000] {dag.py:3096} INFO - Sync 1 DAGs
[2026-04-30T04:06:24.579+0000] {logging_mixin.py:188} INFO - [2026-04-30T04:06:24.578+0000] {dag.py:3954} INFO - Setting next_dagrun for weather_etl_dag to 2026-04-30 03:00:00+00:00, run_after=2026-04-30 04:00:00+00:00
[2026-04-30T04:06:24.602+0000] {processor.py:183} INFO - Processing /opt/airflow/dags/orchestrator.py took 0.243 seconds
[2026-04-30T04:06:55.148+0000] {processor.py:161} INFO - Started process (PID=121) to work on /opt/airflow/dags/orchestrator.py
[2026-04-30T04:06:55.149+0000] {processor.py:830} INFO - Processing file /opt/airflow/dags/orchestrator.py for tasks to queue
[2026-04-30T04:06:55.151+0000] {logging_mixin.py:188} INFO - [2026-04-30T04:06:55.151+0000] {dagbag.py:545} INFO - Filling up the DagBag from /opt/airflow/dags/orchestrator.py
[2026-04-30T04:06:55.159+0000] {processor.py:840} INFO - DAG(s) 'weather_etl_dag' retrieved from /opt/airflow/dags/orchestrator.py
[2026-04-30T04:06:55.182+0000] {logging_mixin.py:188} INFO - [2026-04-30T04:06:55.181+0000] {dag.py:3096} INFO - Sync 1 DAGs
[2026-04-30T04:06:55.212+0000] {logging_mixin.py:188} INFO - [2026-04-30T04:06:55.212+0000] {dag.py:3954} INFO - Setting next_dagrun for weather_etl_dag to 2026-04-30 03:00:00+00:00, run_after=2026-04-30 04:00:00+00:00
[2026-04-30T04:06:55.233+0000] {processor.py:183} INFO - Processing /opt/airflow/dags/orchestrator.py took 0.090 seconds
[2026-04-30T04:07:25.355+0000] {processor.py:161} INFO - Started process (PID=180) to work on /opt/airflow/dags/orchestrator.py
[2026-04-30T04:07:25.356+0000] {processor.py:830} INFO - Processing file /opt/airflow/dags/orchestrator.py for tasks to queue
[2026-04-30T04:07:25.357+0000] {logging_mixin.py:188} INFO - [2026-04-30T04:07:25.357+0000] {dagbag.py:545} INFO - Filling up the DagBag from /opt/airflow/dags/orchestrator.py
[2026-04-30T04:07:25.363+0000] {processor.py:840} INFO - DAG(s) 'weather_etl_dag' retrieved from /opt/airflow/dags/orchestrator.py
[2026-04-30T04:07:25.379+0000] {logging_mixin.py:188} INFO - [2026-04-30T04:07:25.379+0000] {dag.py:3096} INFO - Sync 1 DAGs
[2026-04-30T04:07:25.398+0000] {logging_mixin.py:188} INFO - [2026-04-30T04:07:25.398+0000] {dag.py:3954} INFO - Setting next_dagrun for weather_etl_dag to 2026-04-30 03:00:00+00:00, run_after=2026-04-30 04:00:00+00:00
[2026-04-30T04:07:25.414+0000] {processor.py:183} INFO - Processing /opt/airflow/dags/orchestrator.py took 0.064 seconds
[2026-04-30T04:07:55.480+0000] {processor.py:161} INFO - Started process (PID=239) to work on /opt/airflow/dags/orchestrator.py
[2026-04-30T04:07:55.484+0000] {processor.py:830} INFO - Processing file /opt/airflow/dags/orchestrator.py for tasks to queue
[2026-04-30T04:07:55.487+0000] {logging_mixin.py:188} INFO - [2026-04-30T04:07:55.486+0000] {dagbag.py:545} INFO - Filling up the DagBag from /opt/airflow/dags/orchestrator.py
[2026-04-30T04:07:55.501+0000] {processor.py:840} INFO - DAG(s) 'weather_etl_dag' retrieved from /opt/airflow/dags/orchestrator.py
[2026-04-30T04:07:55.518+0000] {logging_mixin.py:188} INFO - [2026-04-30T04:07:55.518+0000] {dag.py:3096} INFO - Sync 1 DAGs
[2026-04-30T04:07:55.537+0000] {logging_mixin.py:188} INFO - [2026-04-30T04:07:55.537+0000] {dag.py:3954} INFO - Setting next_dagrun for weather_etl_dag to 2026-04-30 03:00:00+00:00, run_after=2026-04-30 04:00:00+00:00
[2026-04-30T04:07:55.553+0000] {processor.py:183} INFO - Processing /opt/airflow/dags/orchestrator.py took 0.079 seconds
