[2026-04-30T10:18:48.000+0000] {local_task_job_runner.py:120} INFO - ::group::Pre task execution logs
[2026-04-30T10:18:48.019+0000] {taskinstance.py:2076} INFO - Dependencies all met for dep_context=non-requeueable deps ti=<TaskInstance: consume_1_or_both_2_and_3_with_dataset_expressions.consume_1_or_both_2_and_3_with_dataset_expressions manual__2026-04-30T10:18:46.075694+00:00 [queued]>
[2026-04-30T10:18:48.025+0000] {taskinstance.py:2076} INFO - Dependencies all met for dep_context=requeueable deps ti=<TaskInstance: consume_1_or_both_2_and_3_with_dataset_expressions.consume_1_or_both_2_and_3_with_dataset_expressions manual__2026-04-30T10:18:46.075694+00:00 [queued]>
[2026-04-30T10:18:48.025+0000] {taskinstance.py:2306} INFO - Starting attempt 1 of 1
[2026-04-30T10:18:48.036+0000] {taskinstance.py:2330} INFO - Executing <Task(BashOperator): consume_1_or_both_2_and_3_with_dataset_expressions> on 2026-04-30 10:18:46.075694+00:00
[2026-04-30T10:18:48.044+0000] {warnings.py:110} WARNING - /home/***/.local/lib/python3.12/site-packages/***/task/task_runner/standard_task_runner.py:61: DeprecationWarning: This process (pid=110) is multi-threaded, use of fork() may lead to deadlocks in the child.
  pid = os.fork()

[2026-04-30T10:18:48.045+0000] {standard_task_runner.py:63} INFO - Started process 112 to run task
[2026-04-30T10:18:48.045+0000] {standard_task_runner.py:90} INFO - Running: ['***', 'tasks', 'run', 'consume_1_or_both_2_and_3_with_dataset_expressions', 'consume_1_or_both_2_and_3_with_dataset_expressions', 'manual__2026-04-30T10:18:46.075694+00:00', '--job-id', '14', '--raw', '--subdir', '/home/***/.local/lib/python3.12/site-packages/***/example_dags/example_datasets.py', '--cfg-path', '/tmp/tmpnphfp_a5']
[2026-04-30T10:18:48.047+0000] {standard_task_runner.py:91} INFO - Job 14: Subtask consume_1_or_both_2_and_3_with_dataset_expressions
[2026-04-30T10:18:48.083+0000] {task_command.py:426} INFO - Running <TaskInstance: consume_1_or_both_2_and_3_with_dataset_expressions.consume_1_or_both_2_and_3_with_dataset_expressions manual__2026-04-30T10:18:46.075694+00:00 [running]> on host 074f3b4caaf9
[2026-04-30T10:18:48.154+0000] {taskinstance.py:2648} INFO - Exporting env vars: AIRFLOW_CTX_DAG_OWNER='***' AIRFLOW_CTX_DAG_ID='consume_1_or_both_2_and_3_with_dataset_expressions' AIRFLOW_CTX_TASK_ID='consume_1_or_both_2_and_3_with_dataset_expressions' AIRFLOW_CTX_EXECUTION_DATE='2026-04-30T10:18:46.075694+00:00' AIRFLOW_CTX_TRY_NUMBER='1' AIRFLOW_CTX_DAG_RUN_ID='manual__2026-04-30T10:18:46.075694+00:00'
[2026-04-30T10:18:48.155+0000] {taskinstance.py:430} INFO - ::endgroup::
[2026-04-30T10:18:48.156+0000] {subprocess.py:63} INFO - Tmp dir root location: /tmp
[2026-04-30T10:18:48.157+0000] {subprocess.py:75} INFO - Running command: ['/usr/bin/bash', '-c', 'sleep 5']
[2026-04-30T10:18:48.177+0000] {subprocess.py:86} INFO - Output:
[2026-04-30T10:18:53.186+0000] {subprocess.py:97} INFO - Command exited with return code 0
[2026-04-30T10:18:53.188+0000] {taskinstance.py:441} INFO - ::group::Post task execution logs
[2026-04-30T10:18:53.213+0000] {warnings.py:110} WARNING - /home/***/.local/lib/python3.12/site-packages/***/models/baseoperator.py:1564: RemovedInAirflow3Warning: Passing 'execution_date' to 'TaskInstance.xcom_push()' is deprecated.
  context["ti"].xcom_push(key=key, value=value, execution_date=execution_date)

[2026-04-30T10:18:53.237+0000] {taskinstance.py:1206} INFO - Marking task as SUCCESS. dag_id=consume_1_or_both_2_and_3_with_dataset_expressions, task_id=consume_1_or_both_2_and_3_with_dataset_expressions, run_id=manual__2026-04-30T10:18:46.075694+00:00, execution_date=20260430T101846, start_date=20260430T101848, end_date=20260430T101853
[2026-04-30T10:18:53.285+0000] {local_task_job_runner.py:240} INFO - Task exited with return code 0
[2026-04-30T10:18:53.300+0000] {taskinstance.py:3498} INFO - 0 downstream tasks scheduled from follow-on schedule check
[2026-04-30T10:18:53.302+0000] {local_task_job_runner.py:222} INFO - ::endgroup::
