[2026-04-30T10:18:54.839+0000] {local_task_job_runner.py:120} INFO - ::group::Pre task execution logs
[2026-04-30T10:18:54.862+0000] {taskinstance.py:2076} INFO - Dependencies all met for dep_context=non-requeueable deps ti=<TaskInstance: dataset_consumes_1_never_scheduled.consuming_3 manual__2026-04-30T10:18:52.639872+00:00 [queued]>
[2026-04-30T10:18:54.868+0000] {taskinstance.py:2076} INFO - Dependencies all met for dep_context=requeueable deps ti=<TaskInstance: dataset_consumes_1_never_scheduled.consuming_3 manual__2026-04-30T10:18:52.639872+00:00 [queued]>
[2026-04-30T10:18:54.869+0000] {taskinstance.py:2306} INFO - Starting attempt 1 of 1
[2026-04-30T10:18:54.886+0000] {taskinstance.py:2330} INFO - Executing <Task(BashOperator): consuming_3> on 2026-04-30 10:18:52.639872+00:00
[2026-04-30T10:18:54.895+0000] {warnings.py:110} WARNING - /home/***/.local/lib/python3.12/site-packages/***/task/task_runner/standard_task_runner.py:61: DeprecationWarning: This process (pid=114) is multi-threaded, use of fork() may lead to deadlocks in the child.
  pid = os.fork()

[2026-04-30T10:18:54.897+0000] {standard_task_runner.py:63} INFO - Started process 123 to run task
[2026-04-30T10:18:54.897+0000] {standard_task_runner.py:90} INFO - Running: ['***', 'tasks', 'run', 'dataset_consumes_1_never_scheduled', 'consuming_3', 'manual__2026-04-30T10:18:52.639872+00:00', '--job-id', '15', '--raw', '--subdir', '/home/***/.local/lib/python3.12/site-packages/***/example_dags/example_datasets.py', '--cfg-path', '/tmp/tmpqas2u67z']
[2026-04-30T10:18:54.899+0000] {standard_task_runner.py:91} INFO - Job 15: Subtask consuming_3
[2026-04-30T10:18:54.941+0000] {task_command.py:426} INFO - Running <TaskInstance: dataset_consumes_1_never_scheduled.consuming_3 manual__2026-04-30T10:18:52.639872+00:00 [running]> on host 074f3b4caaf9
[2026-04-30T10:18:55.017+0000] {taskinstance.py:2648} INFO - Exporting env vars: AIRFLOW_CTX_DAG_OWNER='***' AIRFLOW_CTX_DAG_ID='dataset_consumes_1_never_scheduled' AIRFLOW_CTX_TASK_ID='consuming_3' AIRFLOW_CTX_EXECUTION_DATE='2026-04-30T10:18:52.639872+00:00' AIRFLOW_CTX_TRY_NUMBER='1' AIRFLOW_CTX_DAG_RUN_ID='manual__2026-04-30T10:18:52.639872+00:00'
[2026-04-30T10:18:55.019+0000] {taskinstance.py:430} INFO - ::endgroup::
[2026-04-30T10:18:55.020+0000] {subprocess.py:63} INFO - Tmp dir root location: /tmp
[2026-04-30T10:18:55.021+0000] {subprocess.py:75} INFO - Running command: ['/usr/bin/bash', '-c', 'sleep 5']
[2026-04-30T10:18:55.036+0000] {subprocess.py:86} INFO - Output:
[2026-04-30T10:19:00.040+0000] {subprocess.py:97} INFO - Command exited with return code 0
[2026-04-30T10:19:00.041+0000] {taskinstance.py:441} INFO - ::group::Post task execution logs
[2026-04-30T10:19:00.055+0000] {warnings.py:110} WARNING - /home/***/.local/lib/python3.12/site-packages/***/models/baseoperator.py:1564: RemovedInAirflow3Warning: Passing 'execution_date' to 'TaskInstance.xcom_push()' is deprecated.
  context["ti"].xcom_push(key=key, value=value, execution_date=execution_date)

[2026-04-30T10:19:00.070+0000] {taskinstance.py:1206} INFO - Marking task as SUCCESS. dag_id=dataset_consumes_1_never_scheduled, task_id=consuming_3, run_id=manual__2026-04-30T10:18:52.639872+00:00, execution_date=20260430T101852, start_date=20260430T101854, end_date=20260430T101900
[2026-04-30T10:19:00.119+0000] {local_task_job_runner.py:240} INFO - Task exited with return code 0
[2026-04-30T10:19:00.133+0000] {taskinstance.py:3498} INFO - 0 downstream tasks scheduled from follow-on schedule check
[2026-04-30T10:19:00.134+0000] {local_task_job_runner.py:222} INFO - ::endgroup::
