[2026-04-30T10:19:12.377+0000] {local_task_job_runner.py:120} INFO - ::group::Pre task execution logs
[2026-04-30T10:19:12.416+0000] {taskinstance.py:2076} INFO - Dependencies all met for dep_context=non-requeueable deps ti=<TaskInstance: example_params_trigger_ui.select_languages manual__2026-04-30T10:18:58+00:00 [queued]>
[2026-04-30T10:19:12.425+0000] {taskinstance.py:2076} INFO - Dependencies all met for dep_context=requeueable deps ti=<TaskInstance: example_params_trigger_ui.select_languages manual__2026-04-30T10:18:58+00:00 [queued]>
[2026-04-30T10:19:12.425+0000] {taskinstance.py:2306} INFO - Starting attempt 1 of 1
[2026-04-30T10:19:12.444+0000] {taskinstance.py:2330} INFO - Executing <Task(_BranchPythonDecoratedOperator): select_languages> on 2026-04-30 10:18:58+00:00
[2026-04-30T10:19:12.456+0000] {warnings.py:110} WARNING - /home/***/.local/lib/python3.12/site-packages/***/task/task_runner/standard_task_runner.py:61: DeprecationWarning: This process (pid=125) is multi-threaded, use of fork() may lead to deadlocks in the child.
  pid = os.fork()

[2026-04-30T10:19:12.457+0000] {standard_task_runner.py:63} INFO - Started process 129 to run task
[2026-04-30T10:19:12.460+0000] {standard_task_runner.py:90} INFO - Running: ['***', 'tasks', 'run', 'example_params_trigger_ui', 'select_languages', 'manual__2026-04-30T10:18:58+00:00', '--job-id', '16', '--raw', '--subdir', '/home/***/.local/lib/python3.12/site-packages/***/example_dags/example_params_trigger_ui.py', '--cfg-path', '/tmp/tmp2wjl4x3k']
[2026-04-30T10:19:12.463+0000] {standard_task_runner.py:91} INFO - Job 16: Subtask select_languages
[2026-04-30T10:19:12.543+0000] {task_command.py:426} INFO - Running <TaskInstance: example_params_trigger_ui.select_languages manual__2026-04-30T10:18:58+00:00 [running]> on host 074f3b4caaf9
[2026-04-30T10:19:12.725+0000] {taskinstance.py:2648} INFO - Exporting env vars: AIRFLOW_CTX_DAG_OWNER='***' AIRFLOW_CTX_DAG_ID='example_params_trigger_ui' AIRFLOW_CTX_TASK_ID='select_languages' AIRFLOW_CTX_EXECUTION_DATE='2026-04-30T10:18:58+00:00' AIRFLOW_CTX_TRY_NUMBER='1' AIRFLOW_CTX_DAG_RUN_ID='manual__2026-04-30T10:18:58+00:00'
[2026-04-30T10:19:12.727+0000] {taskinstance.py:430} INFO - ::endgroup::
[2026-04-30T10:19:12.728+0000] {python.py:237} INFO - Done. Returned value was: ['generate_english_greeting', 'generate_german_greeting', 'generate_french_greeting']
[2026-04-30T10:19:12.728+0000] {branch.py:36} INFO - Branch into ['generate_english_greeting', 'generate_german_greeting', 'generate_french_greeting']
[2026-04-30T10:19:12.729+0000] {skipmixin.py:178} INFO - Following branch ['generate_english_greeting', 'generate_german_greeting', 'generate_french_greeting']
[2026-04-30T10:19:12.786+0000] {skipmixin.py:246} INFO - Skipping tasks []
[2026-04-30T10:19:12.804+0000] {taskinstance.py:441} INFO - ::group::Post task execution logs
[2026-04-30T10:19:12.835+0000] {taskinstance.py:1206} INFO - Marking task as SUCCESS. dag_id=example_params_trigger_ui, task_id=select_languages, run_id=manual__2026-04-30T10:18:58+00:00, execution_date=20260430T101858, start_date=20260430T101912, end_date=20260430T101912
[2026-04-30T10:19:12.892+0000] {local_task_job_runner.py:240} INFO - Task exited with return code 0
[2026-04-30T10:19:13.105+0000] {taskinstance.py:3498} INFO - 9 downstream tasks scheduled from follow-on schedule check
[2026-04-30T10:19:13.108+0000] {local_task_job_runner.py:222} INFO - ::endgroup::
