[2026-05-01T04:33:00.578+0000] {local_task_job_runner.py:120} INFO - ::group::Pre task execution logs
[2026-05-01T04:33:00.598+0000] {taskinstance.py:2076} INFO - Dependencies all met for dep_context=non-requeueable deps ti=<TaskInstance: weather-api-orchestrate.example_task scheduled__2026-05-01T04:32:00+00:00 [queued]>
[2026-05-01T04:33:00.605+0000] {taskinstance.py:2076} INFO - Dependencies all met for dep_context=requeueable deps ti=<TaskInstance: weather-api-orchestrate.example_task scheduled__2026-05-01T04:32:00+00:00 [queued]>
[2026-05-01T04:33:00.605+0000] {taskinstance.py:2306} INFO - Starting attempt 1 of 1
[2026-05-01T04:33:00.618+0000] {taskinstance.py:2330} INFO - Executing <Task(PythonOperator): example_task> on 2026-05-01 04:32:00+00:00
[2026-05-01T04:33:00.628+0000] {warnings.py:110} WARNING - /home/***/.local/lib/python3.12/site-packages/***/task/task_runner/standard_task_runner.py:61: DeprecationWarning: This process (pid=69) is multi-threaded, use of fork() may lead to deadlocks in the child.
  pid = os.fork()

[2026-05-01T04:33:00.629+0000] {standard_task_runner.py:63} INFO - Started process 70 to run task
[2026-05-01T04:33:00.630+0000] {standard_task_runner.py:90} INFO - Running: ['***', 'tasks', 'run', 'weather-api-orchestrate', 'example_task', 'scheduled__2026-05-01T04:32:00+00:00', '--job-id', '63', '--raw', '--subdir', 'DAGS_FOLDER/orchestrator.py', '--cfg-path', '/tmp/tmpoxtggbph']
[2026-05-01T04:33:00.631+0000] {standard_task_runner.py:91} INFO - Job 63: Subtask example_task
[2026-05-01T04:33:00.687+0000] {task_command.py:426} INFO - Running <TaskInstance: weather-api-orchestrate.example_task scheduled__2026-05-01T04:32:00+00:00 [running]> on host 8d80643f053d
[2026-05-01T04:33:00.825+0000] {taskinstance.py:2648} INFO - Exporting env vars: AIRFLOW_CTX_DAG_OWNER='ritik' AIRFLOW_CTX_DAG_ID='weather-api-orchestrate' AIRFLOW_CTX_TASK_ID='example_task' AIRFLOW_CTX_EXECUTION_DATE='2026-05-01T04:32:00+00:00' AIRFLOW_CTX_TRY_NUMBER='1' AIRFLOW_CTX_DAG_RUN_ID='scheduled__2026-05-01T04:32:00+00:00'
[2026-05-01T04:33:00.826+0000] {taskinstance.py:430} INFO - ::endgroup::
[2026-05-01T04:33:00.846+0000] {taskinstance.py:441} INFO - ::group::Post task execution logs
[2026-05-01T04:33:00.847+0000] {taskinstance.py:2905} ERROR - Task failed with exception
Traceback (most recent call last):
  File "/home/airflow/.local/lib/python3.12/site-packages/airflow/models/taskinstance.py", line 465, in _execute_task
    result = _execute_callable(context=context, **execute_callable_kwargs)
             ^^^^^^^^^^^^^^^^^^^^^^^^^^^^^^^^^^^^^^^^^^^^^^^^^^^^^^^^^^^^^
  File "/home/airflow/.local/lib/python3.12/site-packages/airflow/models/taskinstance.py", line 432, in _execute_callable
    return execute_callable(context=context, **execute_callable_kwargs)
           ^^^^^^^^^^^^^^^^^^^^^^^^^^^^^^^^^^^^^^^^^^^^^^^^^^^^^^^^^^^^
  File "/home/airflow/.local/lib/python3.12/site-packages/airflow/models/baseoperator.py", line 400, in wrapper
    return func(self, *args, **kwargs)
           ^^^^^^^^^^^^^^^^^^^^^^^^^^^
  File "/home/airflow/.local/lib/python3.12/site-packages/airflow/operators/python.py", line 235, in execute
    return_value = self.execute_callable()
                   ^^^^^^^^^^^^^^^^^^^^^^^
  File "/home/airflow/.local/lib/python3.12/site-packages/airflow/operators/python.py", line 252, in execute_callable
    return self.python_callable(*self.op_args, **self.op_kwargs)
           ^^^^^^^^^^^^^^^^^^^^^^^^^^^^^^^^^^^^^^^^^^^^^^^^^^^^^
  File "/opt/airflow/dags/orchestrator.py", line 7, in safe_main_callable
    from api_request.insert_request import main
  File "/opt/airflow/dags/api_request/insert_request.py", line 2, in <module>
    from api_request import mock_fetch_data
ImportError: cannot import name 'mock_fetch_data' from 'api_request' (/opt/airflow/dags/api_request/__init__.py)
[2026-05-01T04:33:00.864+0000] {taskinstance.py:1206} INFO - Marking task as FAILED. dag_id=weather-api-orchestrate, task_id=example_task, run_id=scheduled__2026-05-01T04:32:00+00:00, execution_date=20260501T043200, start_date=20260501T043300, end_date=20260501T043300
[2026-05-01T04:33:00.878+0000] {standard_task_runner.py:110} ERROR - Failed to execute job 63 for task example_task (cannot import name 'mock_fetch_data' from 'api_request' (/opt/airflow/dags/api_request/__init__.py); 70)
[2026-05-01T04:33:00.929+0000] {local_task_job_runner.py:240} INFO - Task exited with return code 1
[2026-05-01T04:33:00.948+0000] {taskinstance.py:3498} INFO - 0 downstream tasks scheduled from follow-on schedule check
[2026-05-01T04:33:00.949+0000] {local_task_job_runner.py:222} INFO - ::endgroup::
