[2026-04-30T10:18:32.275+0000] {local_task_job_runner.py:120} INFO - ::group::Pre task execution logs
[2026-04-30T10:18:32.302+0000] {taskinstance.py:2076} INFO - Dependencies all met for dep_context=non-requeueable deps ti=<TaskInstance: conditional_dataset_and_time_based_timetable.conditional_dataset_and_time_based_timetable manual__2026-04-30T10:18:30.144698+00:00 [queued]>
[2026-04-30T10:18:32.309+0000] {taskinstance.py:2076} INFO - Dependencies all met for dep_context=requeueable deps ti=<TaskInstance: conditional_dataset_and_time_based_timetable.conditional_dataset_and_time_based_timetable manual__2026-04-30T10:18:30.144698+00:00 [queued]>
[2026-04-30T10:18:32.309+0000] {taskinstance.py:2306} INFO - Starting attempt 1 of 1
[2026-04-30T10:18:32.320+0000] {taskinstance.py:2330} INFO - Executing <Task(BashOperator): conditional_dataset_and_time_based_timetable> on 2026-04-30 10:18:30.144698+00:00
[2026-04-30T10:18:32.328+0000] {warnings.py:110} WARNING - /home/***/.local/lib/python3.12/site-packages/***/task/task_runner/standard_task_runner.py:61: DeprecationWarning: This process (pid=99) is multi-threaded, use of fork() may lead to deadlocks in the child.
  pid = os.fork()

[2026-04-30T10:18:32.330+0000] {standard_task_runner.py:63} INFO - Started process 103 to run task
[2026-04-30T10:18:32.330+0000] {standard_task_runner.py:90} INFO - Running: ['***', 'tasks', 'run', 'conditional_dataset_and_time_based_timetable', 'conditional_dataset_and_time_based_timetable', 'manual__2026-04-30T10:18:30.144698+00:00', '--job-id', '12', '--raw', '--subdir', '/home/***/.local/lib/python3.12/site-packages/***/example_dags/example_datasets.py', '--cfg-path', '/tmp/tmpuxwvl4a7']
[2026-04-30T10:18:32.332+0000] {standard_task_runner.py:91} INFO - Job 12: Subtask conditional_dataset_and_time_based_timetable
[2026-04-30T10:18:32.371+0000] {task_command.py:426} INFO - Running <TaskInstance: conditional_dataset_and_time_based_timetable.conditional_dataset_and_time_based_timetable manual__2026-04-30T10:18:30.144698+00:00 [running]> on host 074f3b4caaf9
[2026-04-30T10:18:32.459+0000] {taskinstance.py:2648} INFO - Exporting env vars: AIRFLOW_CTX_DAG_OWNER='***' AIRFLOW_CTX_DAG_ID='conditional_dataset_and_time_based_timetable' AIRFLOW_CTX_TASK_ID='conditional_dataset_and_time_based_timetable' AIRFLOW_CTX_EXECUTION_DATE='2026-04-30T10:18:30.144698+00:00' AIRFLOW_CTX_TRY_NUMBER='1' AIRFLOW_CTX_DAG_RUN_ID='manual__2026-04-30T10:18:30.144698+00:00'
[2026-04-30T10:18:32.461+0000] {taskinstance.py:430} INFO - ::endgroup::
[2026-04-30T10:18:32.461+0000] {subprocess.py:63} INFO - Tmp dir root location: /tmp
[2026-04-30T10:18:32.462+0000] {subprocess.py:75} INFO - Running command: ['/usr/bin/bash', '-c', 'sleep 5']
[2026-04-30T10:18:32.478+0000] {subprocess.py:86} INFO - Output:
[2026-04-30T10:18:37.485+0000] {subprocess.py:97} INFO - Command exited with return code 0
[2026-04-30T10:18:37.486+0000] {taskinstance.py:441} INFO - ::group::Post task execution logs
[2026-04-30T10:18:37.503+0000] {warnings.py:110} WARNING - /home/***/.local/lib/python3.12/site-packages/***/models/baseoperator.py:1564: RemovedInAirflow3Warning: Passing 'execution_date' to 'TaskInstance.xcom_push()' is deprecated.
  context["ti"].xcom_push(key=key, value=value, execution_date=execution_date)

[2026-04-30T10:18:37.522+0000] {taskinstance.py:1206} INFO - Marking task as SUCCESS. dag_id=conditional_dataset_and_time_based_timetable, task_id=conditional_dataset_and_time_based_timetable, run_id=manual__2026-04-30T10:18:30.144698+00:00, execution_date=20260430T101830, start_date=20260430T101832, end_date=20260430T101837
[2026-04-30T10:18:37.590+0000] {local_task_job_runner.py:240} INFO - Task exited with return code 0
[2026-04-30T10:18:37.607+0000] {taskinstance.py:3498} INFO - 0 downstream tasks scheduled from follow-on schedule check
[2026-04-30T10:18:37.608+0000] {local_task_job_runner.py:222} INFO - ::endgroup::
