[2026-04-25T08:33:00.830+0000] {processor.py:161} INFO - Started process (PID=65) to work on /home/airflow/.local/lib/python3.12/site-packages/airflow/example_dags/example_python_decorator.py
[2026-04-25T08:33:00.831+0000] {processor.py:830} INFO - Processing file /home/airflow/.local/lib/python3.12/site-packages/airflow/example_dags/example_python_decorator.py for tasks to queue
[2026-04-25T08:33:00.832+0000] {logging_mixin.py:188} INFO - [2026-04-25T08:33:00.832+0000] {dagbag.py:545} INFO - Filling up the DagBag from /home/airflow/.local/lib/python3.12/site-packages/airflow/example_dags/example_python_decorator.py
[2026-04-25T08:33:00.877+0000] {processor.py:840} INFO - DAG(s) 'example_python_decorator' retrieved from /home/airflow/.local/lib/python3.12/site-packages/airflow/example_dags/example_python_decorator.py
[2026-04-25T08:33:01.053+0000] {logging_mixin.py:188} INFO - [2026-04-25T08:33:01.053+0000] {dag.py:3096} INFO - Sync 1 DAGs
[2026-04-25T08:33:01.074+0000] {logging_mixin.py:188} INFO - [2026-04-25T08:33:01.073+0000] {dag.py:3954} INFO - Setting next_dagrun for example_python_decorator to None, run_after=None
[2026-04-25T08:33:01.109+0000] {processor.py:183} INFO - Processing /home/airflow/.local/lib/python3.12/site-packages/airflow/example_dags/example_python_decorator.py took 0.291 seconds
[2026-04-25T08:33:31.164+0000] {processor.py:161} INFO - Started process (PID=123) to work on /home/airflow/.local/lib/python3.12/site-packages/airflow/example_dags/example_python_decorator.py
[2026-04-25T08:33:31.167+0000] {processor.py:830} INFO - Processing file /home/airflow/.local/lib/python3.12/site-packages/airflow/example_dags/example_python_decorator.py for tasks to queue
[2026-04-25T08:33:31.169+0000] {logging_mixin.py:188} INFO - [2026-04-25T08:33:31.169+0000] {dagbag.py:545} INFO - Filling up the DagBag from /home/airflow/.local/lib/python3.12/site-packages/airflow/example_dags/example_python_decorator.py
[2026-04-25T08:33:31.204+0000] {processor.py:840} INFO - DAG(s) 'example_python_decorator' retrieved from /home/airflow/.local/lib/python3.12/site-packages/airflow/example_dags/example_python_decorator.py
[2026-04-25T08:33:31.246+0000] {logging_mixin.py:188} INFO - [2026-04-25T08:33:31.246+0000] {dag.py:3096} INFO - Sync 1 DAGs
[2026-04-25T08:33:31.271+0000] {logging_mixin.py:188} INFO - [2026-04-25T08:33:31.270+0000] {dag.py:3954} INFO - Setting next_dagrun for example_python_decorator to None, run_after=None
[2026-04-25T08:33:31.298+0000] {processor.py:183} INFO - Processing /home/airflow/.local/lib/python3.12/site-packages/airflow/example_dags/example_python_decorator.py took 0.141 seconds
[2026-04-25T08:34:02.254+0000] {processor.py:161} INFO - Started process (PID=181) to work on /home/airflow/.local/lib/python3.12/site-packages/airflow/example_dags/example_python_decorator.py
[2026-04-25T08:34:02.254+0000] {processor.py:830} INFO - Processing file /home/airflow/.local/lib/python3.12/site-packages/airflow/example_dags/example_python_decorator.py for tasks to queue
[2026-04-25T08:34:02.256+0000] {logging_mixin.py:188} INFO - [2026-04-25T08:34:02.256+0000] {dagbag.py:545} INFO - Filling up the DagBag from /home/airflow/.local/lib/python3.12/site-packages/airflow/example_dags/example_python_decorator.py
[2026-04-25T08:34:02.266+0000] {processor.py:840} INFO - DAG(s) 'example_python_decorator' retrieved from /home/airflow/.local/lib/python3.12/site-packages/airflow/example_dags/example_python_decorator.py
[2026-04-25T08:34:02.285+0000] {logging_mixin.py:188} INFO - [2026-04-25T08:34:02.285+0000] {dag.py:3096} INFO - Sync 1 DAGs
[2026-04-25T08:34:02.295+0000] {logging_mixin.py:188} INFO - [2026-04-25T08:34:02.295+0000] {dag.py:3954} INFO - Setting next_dagrun for example_python_decorator to None, run_after=None
[2026-04-25T08:34:02.311+0000] {processor.py:183} INFO - Processing /home/airflow/.local/lib/python3.12/site-packages/airflow/example_dags/example_python_decorator.py took 0.062 seconds
[2026-04-25T08:34:32.611+0000] {processor.py:161} INFO - Started process (PID=239) to work on /home/airflow/.local/lib/python3.12/site-packages/airflow/example_dags/example_python_decorator.py
[2026-04-25T08:34:32.612+0000] {processor.py:830} INFO - Processing file /home/airflow/.local/lib/python3.12/site-packages/airflow/example_dags/example_python_decorator.py for tasks to queue
[2026-04-25T08:34:32.614+0000] {logging_mixin.py:188} INFO - [2026-04-25T08:34:32.613+0000] {dagbag.py:545} INFO - Filling up the DagBag from /home/airflow/.local/lib/python3.12/site-packages/airflow/example_dags/example_python_decorator.py
[2026-04-25T08:34:32.635+0000] {processor.py:840} INFO - DAG(s) 'example_python_decorator' retrieved from /home/airflow/.local/lib/python3.12/site-packages/airflow/example_dags/example_python_decorator.py
[2026-04-25T08:34:32.668+0000] {logging_mixin.py:188} INFO - [2026-04-25T08:34:32.668+0000] {dag.py:3096} INFO - Sync 1 DAGs
[2026-04-25T08:34:32.685+0000] {logging_mixin.py:188} INFO - [2026-04-25T08:34:32.685+0000] {dag.py:3954} INFO - Setting next_dagrun for example_python_decorator to None, run_after=None
[2026-04-25T08:34:32.706+0000] {processor.py:183} INFO - Processing /home/airflow/.local/lib/python3.12/site-packages/airflow/example_dags/example_python_decorator.py took 0.101 seconds
[2026-04-25T08:35:03.266+0000] {processor.py:161} INFO - Started process (PID=297) to work on /home/airflow/.local/lib/python3.12/site-packages/airflow/example_dags/example_python_decorator.py
[2026-04-25T08:35:03.267+0000] {processor.py:830} INFO - Processing file /home/airflow/.local/lib/python3.12/site-packages/airflow/example_dags/example_python_decorator.py for tasks to queue
[2026-04-25T08:35:03.273+0000] {logging_mixin.py:188} INFO - [2026-04-25T08:35:03.272+0000] {dagbag.py:545} INFO - Filling up the DagBag from /home/airflow/.local/lib/python3.12/site-packages/airflow/example_dags/example_python_decorator.py
[2026-04-25T08:35:03.290+0000] {processor.py:840} INFO - DAG(s) 'example_python_decorator' retrieved from /home/airflow/.local/lib/python3.12/site-packages/airflow/example_dags/example_python_decorator.py
[2026-04-25T08:35:03.319+0000] {logging_mixin.py:188} INFO - [2026-04-25T08:35:03.319+0000] {dag.py:3096} INFO - Sync 1 DAGs
[2026-04-25T08:35:03.330+0000] {logging_mixin.py:188} INFO - [2026-04-25T08:35:03.330+0000] {dag.py:3954} INFO - Setting next_dagrun for example_python_decorator to None, run_after=None
[2026-04-25T08:35:03.345+0000] {processor.py:183} INFO - Processing /home/airflow/.local/lib/python3.12/site-packages/airflow/example_dags/example_python_decorator.py took 0.086 seconds
[2026-04-25T08:35:33.402+0000] {processor.py:161} INFO - Started process (PID=354) to work on /home/airflow/.local/lib/python3.12/site-packages/airflow/example_dags/example_python_decorator.py
[2026-04-25T08:35:33.403+0000] {processor.py:830} INFO - Processing file /home/airflow/.local/lib/python3.12/site-packages/airflow/example_dags/example_python_decorator.py for tasks to queue
[2026-04-25T08:35:33.404+0000] {logging_mixin.py:188} INFO - [2026-04-25T08:35:33.404+0000] {dagbag.py:545} INFO - Filling up the DagBag from /home/airflow/.local/lib/python3.12/site-packages/airflow/example_dags/example_python_decorator.py
[2026-04-25T08:35:33.415+0000] {processor.py:840} INFO - DAG(s) 'example_python_decorator' retrieved from /home/airflow/.local/lib/python3.12/site-packages/airflow/example_dags/example_python_decorator.py
[2026-04-25T08:35:33.434+0000] {logging_mixin.py:188} INFO - [2026-04-25T08:35:33.434+0000] {dag.py:3096} INFO - Sync 1 DAGs
[2026-04-25T08:35:33.445+0000] {logging_mixin.py:188} INFO - [2026-04-25T08:35:33.445+0000] {dag.py:3954} INFO - Setting next_dagrun for example_python_decorator to None, run_after=None
[2026-04-25T08:35:33.460+0000] {processor.py:183} INFO - Processing /home/airflow/.local/lib/python3.12/site-packages/airflow/example_dags/example_python_decorator.py took 0.062 seconds
[2026-04-25T08:36:03.530+0000] {processor.py:161} INFO - Started process (PID=412) to work on /home/airflow/.local/lib/python3.12/site-packages/airflow/example_dags/example_python_decorator.py
[2026-04-25T08:36:03.530+0000] {processor.py:830} INFO - Processing file /home/airflow/.local/lib/python3.12/site-packages/airflow/example_dags/example_python_decorator.py for tasks to queue
[2026-04-25T08:36:03.532+0000] {logging_mixin.py:188} INFO - [2026-04-25T08:36:03.531+0000] {dagbag.py:545} INFO - Filling up the DagBag from /home/airflow/.local/lib/python3.12/site-packages/airflow/example_dags/example_python_decorator.py
[2026-04-25T08:36:03.542+0000] {processor.py:840} INFO - DAG(s) 'example_python_decorator' retrieved from /home/airflow/.local/lib/python3.12/site-packages/airflow/example_dags/example_python_decorator.py
[2026-04-25T08:36:03.561+0000] {logging_mixin.py:188} INFO - [2026-04-25T08:36:03.560+0000] {dag.py:3096} INFO - Sync 1 DAGs
[2026-04-25T08:36:03.571+0000] {logging_mixin.py:188} INFO - [2026-04-25T08:36:03.571+0000] {dag.py:3954} INFO - Setting next_dagrun for example_python_decorator to None, run_after=None
[2026-04-25T08:36:03.585+0000] {processor.py:183} INFO - Processing /home/airflow/.local/lib/python3.12/site-packages/airflow/example_dags/example_python_decorator.py took 0.060 seconds
[2026-04-25T08:36:34.155+0000] {processor.py:161} INFO - Started process (PID=471) to work on /home/airflow/.local/lib/python3.12/site-packages/airflow/example_dags/example_python_decorator.py
[2026-04-25T08:36:34.156+0000] {processor.py:830} INFO - Processing file /home/airflow/.local/lib/python3.12/site-packages/airflow/example_dags/example_python_decorator.py for tasks to queue
[2026-04-25T08:36:34.157+0000] {logging_mixin.py:188} INFO - [2026-04-25T08:36:34.157+0000] {dagbag.py:545} INFO - Filling up the DagBag from /home/airflow/.local/lib/python3.12/site-packages/airflow/example_dags/example_python_decorator.py
[2026-04-25T08:36:34.168+0000] {processor.py:840} INFO - DAG(s) 'example_python_decorator' retrieved from /home/airflow/.local/lib/python3.12/site-packages/airflow/example_dags/example_python_decorator.py
[2026-04-25T08:36:34.195+0000] {logging_mixin.py:188} INFO - [2026-04-25T08:36:34.195+0000] {dag.py:3096} INFO - Sync 1 DAGs
[2026-04-25T08:36:34.215+0000] {logging_mixin.py:188} INFO - [2026-04-25T08:36:34.214+0000] {dag.py:3954} INFO - Setting next_dagrun for example_python_decorator to None, run_after=None
[2026-04-25T08:36:34.235+0000] {processor.py:183} INFO - Processing /home/airflow/.local/lib/python3.12/site-packages/airflow/example_dags/example_python_decorator.py took 0.084 seconds
[2026-04-25T08:37:04.327+0000] {processor.py:161} INFO - Started process (PID=528) to work on /home/airflow/.local/lib/python3.12/site-packages/airflow/example_dags/example_python_decorator.py
[2026-04-25T08:37:04.327+0000] {processor.py:830} INFO - Processing file /home/airflow/.local/lib/python3.12/site-packages/airflow/example_dags/example_python_decorator.py for tasks to queue
[2026-04-25T08:37:04.329+0000] {logging_mixin.py:188} INFO - [2026-04-25T08:37:04.328+0000] {dagbag.py:545} INFO - Filling up the DagBag from /home/airflow/.local/lib/python3.12/site-packages/airflow/example_dags/example_python_decorator.py
[2026-04-25T08:37:04.339+0000] {processor.py:840} INFO - DAG(s) 'example_python_decorator' retrieved from /home/airflow/.local/lib/python3.12/site-packages/airflow/example_dags/example_python_decorator.py
[2026-04-25T08:37:04.357+0000] {logging_mixin.py:188} INFO - [2026-04-25T08:37:04.357+0000] {dag.py:3096} INFO - Sync 1 DAGs
[2026-04-25T08:37:04.367+0000] {logging_mixin.py:188} INFO - [2026-04-25T08:37:04.367+0000] {dag.py:3954} INFO - Setting next_dagrun for example_python_decorator to None, run_after=None
[2026-04-25T08:37:04.381+0000] {processor.py:183} INFO - Processing /home/airflow/.local/lib/python3.12/site-packages/airflow/example_dags/example_python_decorator.py took 0.059 seconds
[2026-04-25T08:37:34.851+0000] {processor.py:161} INFO - Started process (PID=587) to work on /home/airflow/.local/lib/python3.12/site-packages/airflow/example_dags/example_python_decorator.py
[2026-04-25T08:37:34.852+0000] {processor.py:830} INFO - Processing file /home/airflow/.local/lib/python3.12/site-packages/airflow/example_dags/example_python_decorator.py for tasks to queue
[2026-04-25T08:37:34.853+0000] {logging_mixin.py:188} INFO - [2026-04-25T08:37:34.853+0000] {dagbag.py:545} INFO - Filling up the DagBag from /home/airflow/.local/lib/python3.12/site-packages/airflow/example_dags/example_python_decorator.py
[2026-04-25T08:37:34.864+0000] {processor.py:840} INFO - DAG(s) 'example_python_decorator' retrieved from /home/airflow/.local/lib/python3.12/site-packages/airflow/example_dags/example_python_decorator.py
[2026-04-25T08:37:34.881+0000] {logging_mixin.py:188} INFO - [2026-04-25T08:37:34.881+0000] {dag.py:3096} INFO - Sync 1 DAGs
[2026-04-25T08:37:34.891+0000] {logging_mixin.py:188} INFO - [2026-04-25T08:37:34.891+0000] {dag.py:3954} INFO - Setting next_dagrun for example_python_decorator to None, run_after=None
[2026-04-25T08:37:34.906+0000] {processor.py:183} INFO - Processing /home/airflow/.local/lib/python3.12/site-packages/airflow/example_dags/example_python_decorator.py took 0.059 seconds
[2026-04-25T08:38:05.242+0000] {processor.py:161} INFO - Started process (PID=645) to work on /home/airflow/.local/lib/python3.12/site-packages/airflow/example_dags/example_python_decorator.py
[2026-04-25T08:38:05.243+0000] {processor.py:830} INFO - Processing file /home/airflow/.local/lib/python3.12/site-packages/airflow/example_dags/example_python_decorator.py for tasks to queue
[2026-04-25T08:38:05.244+0000] {logging_mixin.py:188} INFO - [2026-04-25T08:38:05.244+0000] {dagbag.py:545} INFO - Filling up the DagBag from /home/airflow/.local/lib/python3.12/site-packages/airflow/example_dags/example_python_decorator.py
[2026-04-25T08:38:05.255+0000] {processor.py:840} INFO - DAG(s) 'example_python_decorator' retrieved from /home/airflow/.local/lib/python3.12/site-packages/airflow/example_dags/example_python_decorator.py
[2026-04-25T08:38:05.272+0000] {logging_mixin.py:188} INFO - [2026-04-25T08:38:05.272+0000] {dag.py:3096} INFO - Sync 1 DAGs
[2026-04-25T08:38:05.283+0000] {logging_mixin.py:188} INFO - [2026-04-25T08:38:05.282+0000] {dag.py:3954} INFO - Setting next_dagrun for example_python_decorator to None, run_after=None
[2026-04-25T08:38:05.299+0000] {processor.py:183} INFO - Processing /home/airflow/.local/lib/python3.12/site-packages/airflow/example_dags/example_python_decorator.py took 0.061 seconds
[2026-04-25T08:38:35.638+0000] {processor.py:161} INFO - Started process (PID=703) to work on /home/airflow/.local/lib/python3.12/site-packages/airflow/example_dags/example_python_decorator.py
[2026-04-25T08:38:35.638+0000] {processor.py:830} INFO - Processing file /home/airflow/.local/lib/python3.12/site-packages/airflow/example_dags/example_python_decorator.py for tasks to queue
[2026-04-25T08:38:35.639+0000] {logging_mixin.py:188} INFO - [2026-04-25T08:38:35.639+0000] {dagbag.py:545} INFO - Filling up the DagBag from /home/airflow/.local/lib/python3.12/site-packages/airflow/example_dags/example_python_decorator.py
[2026-04-25T08:38:35.650+0000] {processor.py:840} INFO - DAG(s) 'example_python_decorator' retrieved from /home/airflow/.local/lib/python3.12/site-packages/airflow/example_dags/example_python_decorator.py
[2026-04-25T08:38:35.674+0000] {logging_mixin.py:188} INFO - [2026-04-25T08:38:35.674+0000] {dag.py:3096} INFO - Sync 1 DAGs
[2026-04-25T08:38:35.687+0000] {logging_mixin.py:188} INFO - [2026-04-25T08:38:35.686+0000] {dag.py:3954} INFO - Setting next_dagrun for example_python_decorator to None, run_after=None
[2026-04-25T08:38:35.702+0000] {processor.py:183} INFO - Processing /home/airflow/.local/lib/python3.12/site-packages/airflow/example_dags/example_python_decorator.py took 0.070 seconds
[2026-04-25T08:39:06.018+0000] {processor.py:161} INFO - Started process (PID=761) to work on /home/airflow/.local/lib/python3.12/site-packages/airflow/example_dags/example_python_decorator.py
[2026-04-25T08:39:06.019+0000] {processor.py:830} INFO - Processing file /home/airflow/.local/lib/python3.12/site-packages/airflow/example_dags/example_python_decorator.py for tasks to queue
[2026-04-25T08:39:06.020+0000] {logging_mixin.py:188} INFO - [2026-04-25T08:39:06.020+0000] {dagbag.py:545} INFO - Filling up the DagBag from /home/airflow/.local/lib/python3.12/site-packages/airflow/example_dags/example_python_decorator.py
[2026-04-25T08:39:06.031+0000] {processor.py:840} INFO - DAG(s) 'example_python_decorator' retrieved from /home/airflow/.local/lib/python3.12/site-packages/airflow/example_dags/example_python_decorator.py
[2026-04-25T08:39:06.050+0000] {logging_mixin.py:188} INFO - [2026-04-25T08:39:06.049+0000] {dag.py:3096} INFO - Sync 1 DAGs
[2026-04-25T08:39:06.061+0000] {logging_mixin.py:188} INFO - [2026-04-25T08:39:06.061+0000] {dag.py:3954} INFO - Setting next_dagrun for example_python_decorator to None, run_after=None
[2026-04-25T08:39:06.078+0000] {processor.py:183} INFO - Processing /home/airflow/.local/lib/python3.12/site-packages/airflow/example_dags/example_python_decorator.py took 0.064 seconds
[2026-04-25T08:39:36.326+0000] {processor.py:161} INFO - Started process (PID=819) to work on /home/airflow/.local/lib/python3.12/site-packages/airflow/example_dags/example_python_decorator.py
[2026-04-25T08:39:36.327+0000] {processor.py:830} INFO - Processing file /home/airflow/.local/lib/python3.12/site-packages/airflow/example_dags/example_python_decorator.py for tasks to queue
[2026-04-25T08:39:36.328+0000] {logging_mixin.py:188} INFO - [2026-04-25T08:39:36.328+0000] {dagbag.py:545} INFO - Filling up the DagBag from /home/airflow/.local/lib/python3.12/site-packages/airflow/example_dags/example_python_decorator.py
[2026-04-25T08:39:36.339+0000] {processor.py:840} INFO - DAG(s) 'example_python_decorator' retrieved from /home/airflow/.local/lib/python3.12/site-packages/airflow/example_dags/example_python_decorator.py
[2026-04-25T08:39:36.358+0000] {logging_mixin.py:188} INFO - [2026-04-25T08:39:36.357+0000] {dag.py:3096} INFO - Sync 1 DAGs
[2026-04-25T08:39:36.369+0000] {logging_mixin.py:188} INFO - [2026-04-25T08:39:36.369+0000] {dag.py:3954} INFO - Setting next_dagrun for example_python_decorator to None, run_after=None
[2026-04-25T08:39:36.386+0000] {processor.py:183} INFO - Processing /home/airflow/.local/lib/python3.12/site-packages/airflow/example_dags/example_python_decorator.py took 0.064 seconds
[2026-04-25T08:40:06.581+0000] {processor.py:161} INFO - Started process (PID=877) to work on /home/airflow/.local/lib/python3.12/site-packages/airflow/example_dags/example_python_decorator.py
[2026-04-25T08:40:06.582+0000] {processor.py:830} INFO - Processing file /home/airflow/.local/lib/python3.12/site-packages/airflow/example_dags/example_python_decorator.py for tasks to queue
[2026-04-25T08:40:06.583+0000] {logging_mixin.py:188} INFO - [2026-04-25T08:40:06.583+0000] {dagbag.py:545} INFO - Filling up the DagBag from /home/airflow/.local/lib/python3.12/site-packages/airflow/example_dags/example_python_decorator.py
[2026-04-25T08:40:06.593+0000] {processor.py:840} INFO - DAG(s) 'example_python_decorator' retrieved from /home/airflow/.local/lib/python3.12/site-packages/airflow/example_dags/example_python_decorator.py
[2026-04-25T08:40:06.611+0000] {logging_mixin.py:188} INFO - [2026-04-25T08:40:06.611+0000] {dag.py:3096} INFO - Sync 1 DAGs
[2026-04-25T08:40:06.622+0000] {logging_mixin.py:188} INFO - [2026-04-25T08:40:06.621+0000] {dag.py:3954} INFO - Setting next_dagrun for example_python_decorator to None, run_after=None
[2026-04-25T08:40:06.636+0000] {processor.py:183} INFO - Processing /home/airflow/.local/lib/python3.12/site-packages/airflow/example_dags/example_python_decorator.py took 0.060 seconds
[2026-04-25T08:40:36.995+0000] {processor.py:161} INFO - Started process (PID=935) to work on /home/airflow/.local/lib/python3.12/site-packages/airflow/example_dags/example_python_decorator.py
[2026-04-25T08:40:36.996+0000] {processor.py:830} INFO - Processing file /home/airflow/.local/lib/python3.12/site-packages/airflow/example_dags/example_python_decorator.py for tasks to queue
[2026-04-25T08:40:36.997+0000] {logging_mixin.py:188} INFO - [2026-04-25T08:40:36.997+0000] {dagbag.py:545} INFO - Filling up the DagBag from /home/airflow/.local/lib/python3.12/site-packages/airflow/example_dags/example_python_decorator.py
[2026-04-25T08:40:37.009+0000] {processor.py:840} INFO - DAG(s) 'example_python_decorator' retrieved from /home/airflow/.local/lib/python3.12/site-packages/airflow/example_dags/example_python_decorator.py
[2026-04-25T08:40:37.027+0000] {logging_mixin.py:188} INFO - [2026-04-25T08:40:37.027+0000] {dag.py:3096} INFO - Sync 1 DAGs
[2026-04-25T08:40:37.037+0000] {logging_mixin.py:188} INFO - [2026-04-25T08:40:37.037+0000] {dag.py:3954} INFO - Setting next_dagrun for example_python_decorator to None, run_after=None
[2026-04-25T08:40:37.052+0000] {processor.py:183} INFO - Processing /home/airflow/.local/lib/python3.12/site-packages/airflow/example_dags/example_python_decorator.py took 0.062 seconds
[2026-04-25T08:41:07.491+0000] {processor.py:161} INFO - Started process (PID=993) to work on /home/airflow/.local/lib/python3.12/site-packages/airflow/example_dags/example_python_decorator.py
[2026-04-25T08:41:07.491+0000] {processor.py:830} INFO - Processing file /home/airflow/.local/lib/python3.12/site-packages/airflow/example_dags/example_python_decorator.py for tasks to queue
[2026-04-25T08:41:07.493+0000] {logging_mixin.py:188} INFO - [2026-04-25T08:41:07.493+0000] {dagbag.py:545} INFO - Filling up the DagBag from /home/airflow/.local/lib/python3.12/site-packages/airflow/example_dags/example_python_decorator.py
[2026-04-25T08:41:07.509+0000] {processor.py:840} INFO - DAG(s) 'example_python_decorator' retrieved from /home/airflow/.local/lib/python3.12/site-packages/airflow/example_dags/example_python_decorator.py
[2026-04-25T08:41:07.530+0000] {logging_mixin.py:188} INFO - [2026-04-25T08:41:07.530+0000] {dag.py:3096} INFO - Sync 1 DAGs
[2026-04-25T08:41:07.544+0000] {logging_mixin.py:188} INFO - [2026-04-25T08:41:07.544+0000] {dag.py:3954} INFO - Setting next_dagrun for example_python_decorator to None, run_after=None
[2026-04-25T08:41:07.565+0000] {processor.py:183} INFO - Processing /home/airflow/.local/lib/python3.12/site-packages/airflow/example_dags/example_python_decorator.py took 0.081 seconds
[2026-04-25T08:41:38.141+0000] {processor.py:161} INFO - Started process (PID=1051) to work on /home/airflow/.local/lib/python3.12/site-packages/airflow/example_dags/example_python_decorator.py
[2026-04-25T08:41:38.141+0000] {processor.py:830} INFO - Processing file /home/airflow/.local/lib/python3.12/site-packages/airflow/example_dags/example_python_decorator.py for tasks to queue
[2026-04-25T08:41:38.143+0000] {logging_mixin.py:188} INFO - [2026-04-25T08:41:38.143+0000] {dagbag.py:545} INFO - Filling up the DagBag from /home/airflow/.local/lib/python3.12/site-packages/airflow/example_dags/example_python_decorator.py
[2026-04-25T08:41:38.153+0000] {processor.py:840} INFO - DAG(s) 'example_python_decorator' retrieved from /home/airflow/.local/lib/python3.12/site-packages/airflow/example_dags/example_python_decorator.py
[2026-04-25T08:41:38.171+0000] {logging_mixin.py:188} INFO - [2026-04-25T08:41:38.171+0000] {dag.py:3096} INFO - Sync 1 DAGs
[2026-04-25T08:41:38.181+0000] {logging_mixin.py:188} INFO - [2026-04-25T08:41:38.181+0000] {dag.py:3954} INFO - Setting next_dagrun for example_python_decorator to None, run_after=None
[2026-04-25T08:41:38.197+0000] {processor.py:183} INFO - Processing /home/airflow/.local/lib/python3.12/site-packages/airflow/example_dags/example_python_decorator.py took 0.061 seconds
[2026-04-25T08:42:08.329+0000] {processor.py:161} INFO - Started process (PID=1109) to work on /home/airflow/.local/lib/python3.12/site-packages/airflow/example_dags/example_python_decorator.py
[2026-04-25T08:42:08.330+0000] {processor.py:830} INFO - Processing file /home/airflow/.local/lib/python3.12/site-packages/airflow/example_dags/example_python_decorator.py for tasks to queue
[2026-04-25T08:42:08.332+0000] {logging_mixin.py:188} INFO - [2026-04-25T08:42:08.331+0000] {dagbag.py:545} INFO - Filling up the DagBag from /home/airflow/.local/lib/python3.12/site-packages/airflow/example_dags/example_python_decorator.py
[2026-04-25T08:42:08.348+0000] {processor.py:840} INFO - DAG(s) 'example_python_decorator' retrieved from /home/airflow/.local/lib/python3.12/site-packages/airflow/example_dags/example_python_decorator.py
[2026-04-25T08:42:08.375+0000] {logging_mixin.py:188} INFO - [2026-04-25T08:42:08.374+0000] {dag.py:3096} INFO - Sync 1 DAGs
[2026-04-25T08:42:08.391+0000] {logging_mixin.py:188} INFO - [2026-04-25T08:42:08.390+0000] {dag.py:3954} INFO - Setting next_dagrun for example_python_decorator to None, run_after=None
[2026-04-25T08:42:08.407+0000] {processor.py:183} INFO - Processing /home/airflow/.local/lib/python3.12/site-packages/airflow/example_dags/example_python_decorator.py took 0.085 seconds
[2026-04-25T08:42:38.963+0000] {processor.py:161} INFO - Started process (PID=1167) to work on /home/airflow/.local/lib/python3.12/site-packages/airflow/example_dags/example_python_decorator.py
[2026-04-25T08:42:38.963+0000] {processor.py:830} INFO - Processing file /home/airflow/.local/lib/python3.12/site-packages/airflow/example_dags/example_python_decorator.py for tasks to queue
[2026-04-25T08:42:38.965+0000] {logging_mixin.py:188} INFO - [2026-04-25T08:42:38.965+0000] {dagbag.py:545} INFO - Filling up the DagBag from /home/airflow/.local/lib/python3.12/site-packages/airflow/example_dags/example_python_decorator.py
[2026-04-25T08:42:38.979+0000] {processor.py:840} INFO - DAG(s) 'example_python_decorator' retrieved from /home/airflow/.local/lib/python3.12/site-packages/airflow/example_dags/example_python_decorator.py
[2026-04-25T08:42:39.001+0000] {logging_mixin.py:188} INFO - [2026-04-25T08:42:39.001+0000] {dag.py:3096} INFO - Sync 1 DAGs
[2026-04-25T08:42:39.016+0000] {logging_mixin.py:188} INFO - [2026-04-25T08:42:39.015+0000] {dag.py:3954} INFO - Setting next_dagrun for example_python_decorator to None, run_after=None
[2026-04-25T08:42:39.034+0000] {processor.py:183} INFO - Processing /home/airflow/.local/lib/python3.12/site-packages/airflow/example_dags/example_python_decorator.py took 0.078 seconds
[2026-04-25T08:43:09.468+0000] {processor.py:161} INFO - Started process (PID=1225) to work on /home/airflow/.local/lib/python3.12/site-packages/airflow/example_dags/example_python_decorator.py
[2026-04-25T08:43:09.469+0000] {processor.py:830} INFO - Processing file /home/airflow/.local/lib/python3.12/site-packages/airflow/example_dags/example_python_decorator.py for tasks to queue
[2026-04-25T08:43:09.470+0000] {logging_mixin.py:188} INFO - [2026-04-25T08:43:09.470+0000] {dagbag.py:545} INFO - Filling up the DagBag from /home/airflow/.local/lib/python3.12/site-packages/airflow/example_dags/example_python_decorator.py
[2026-04-25T08:43:09.481+0000] {processor.py:840} INFO - DAG(s) 'example_python_decorator' retrieved from /home/airflow/.local/lib/python3.12/site-packages/airflow/example_dags/example_python_decorator.py
[2026-04-25T08:43:09.504+0000] {logging_mixin.py:188} INFO - [2026-04-25T08:43:09.504+0000] {dag.py:3096} INFO - Sync 1 DAGs
[2026-04-25T08:43:09.520+0000] {logging_mixin.py:188} INFO - [2026-04-25T08:43:09.520+0000] {dag.py:3954} INFO - Setting next_dagrun for example_python_decorator to None, run_after=None
[2026-04-25T08:43:09.539+0000] {processor.py:183} INFO - Processing /home/airflow/.local/lib/python3.12/site-packages/airflow/example_dags/example_python_decorator.py took 0.075 seconds
[2026-04-25T08:43:40.067+0000] {processor.py:161} INFO - Started process (PID=1283) to work on /home/airflow/.local/lib/python3.12/site-packages/airflow/example_dags/example_python_decorator.py
[2026-04-25T08:43:40.068+0000] {processor.py:830} INFO - Processing file /home/airflow/.local/lib/python3.12/site-packages/airflow/example_dags/example_python_decorator.py for tasks to queue
[2026-04-25T08:43:40.069+0000] {logging_mixin.py:188} INFO - [2026-04-25T08:43:40.069+0000] {dagbag.py:545} INFO - Filling up the DagBag from /home/airflow/.local/lib/python3.12/site-packages/airflow/example_dags/example_python_decorator.py
[2026-04-25T08:43:40.080+0000] {processor.py:840} INFO - DAG(s) 'example_python_decorator' retrieved from /home/airflow/.local/lib/python3.12/site-packages/airflow/example_dags/example_python_decorator.py
[2026-04-25T08:43:40.100+0000] {logging_mixin.py:188} INFO - [2026-04-25T08:43:40.100+0000] {dag.py:3096} INFO - Sync 1 DAGs
[2026-04-25T08:43:40.111+0000] {logging_mixin.py:188} INFO - [2026-04-25T08:43:40.111+0000] {dag.py:3954} INFO - Setting next_dagrun for example_python_decorator to None, run_after=None
[2026-04-25T08:43:40.125+0000] {processor.py:183} INFO - Processing /home/airflow/.local/lib/python3.12/site-packages/airflow/example_dags/example_python_decorator.py took 0.063 seconds
[2026-04-25T08:44:10.245+0000] {processor.py:161} INFO - Started process (PID=1341) to work on /home/airflow/.local/lib/python3.12/site-packages/airflow/example_dags/example_python_decorator.py
[2026-04-25T08:44:10.245+0000] {processor.py:830} INFO - Processing file /home/airflow/.local/lib/python3.12/site-packages/airflow/example_dags/example_python_decorator.py for tasks to queue
[2026-04-25T08:44:10.246+0000] {logging_mixin.py:188} INFO - [2026-04-25T08:44:10.246+0000] {dagbag.py:545} INFO - Filling up the DagBag from /home/airflow/.local/lib/python3.12/site-packages/airflow/example_dags/example_python_decorator.py
[2026-04-25T08:44:10.257+0000] {processor.py:840} INFO - DAG(s) 'example_python_decorator' retrieved from /home/airflow/.local/lib/python3.12/site-packages/airflow/example_dags/example_python_decorator.py
[2026-04-25T08:44:10.281+0000] {logging_mixin.py:188} INFO - [2026-04-25T08:44:10.281+0000] {dag.py:3096} INFO - Sync 1 DAGs
[2026-04-25T08:44:10.297+0000] {logging_mixin.py:188} INFO - [2026-04-25T08:44:10.296+0000] {dag.py:3954} INFO - Setting next_dagrun for example_python_decorator to None, run_after=None
[2026-04-25T08:44:10.313+0000] {processor.py:183} INFO - Processing /home/airflow/.local/lib/python3.12/site-packages/airflow/example_dags/example_python_decorator.py took 0.073 seconds
[2026-04-25T08:44:40.685+0000] {processor.py:161} INFO - Started process (PID=1399) to work on /home/airflow/.local/lib/python3.12/site-packages/airflow/example_dags/example_python_decorator.py
[2026-04-25T08:44:40.685+0000] {processor.py:830} INFO - Processing file /home/airflow/.local/lib/python3.12/site-packages/airflow/example_dags/example_python_decorator.py for tasks to queue
[2026-04-25T08:44:40.687+0000] {logging_mixin.py:188} INFO - [2026-04-25T08:44:40.687+0000] {dagbag.py:545} INFO - Filling up the DagBag from /home/airflow/.local/lib/python3.12/site-packages/airflow/example_dags/example_python_decorator.py
[2026-04-25T08:44:40.698+0000] {processor.py:840} INFO - DAG(s) 'example_python_decorator' retrieved from /home/airflow/.local/lib/python3.12/site-packages/airflow/example_dags/example_python_decorator.py
[2026-04-25T08:44:40.716+0000] {logging_mixin.py:188} INFO - [2026-04-25T08:44:40.716+0000] {dag.py:3096} INFO - Sync 1 DAGs
[2026-04-25T08:44:40.727+0000] {logging_mixin.py:188} INFO - [2026-04-25T08:44:40.727+0000] {dag.py:3954} INFO - Setting next_dagrun for example_python_decorator to None, run_after=None
[2026-04-25T08:44:40.872+0000] {processor.py:183} INFO - Processing /home/airflow/.local/lib/python3.12/site-packages/airflow/example_dags/example_python_decorator.py took 0.192 seconds
[2026-04-25T08:45:10.972+0000] {processor.py:161} INFO - Started process (PID=1457) to work on /home/airflow/.local/lib/python3.12/site-packages/airflow/example_dags/example_python_decorator.py
[2026-04-25T08:45:10.972+0000] {processor.py:830} INFO - Processing file /home/airflow/.local/lib/python3.12/site-packages/airflow/example_dags/example_python_decorator.py for tasks to queue
[2026-04-25T08:45:10.974+0000] {logging_mixin.py:188} INFO - [2026-04-25T08:45:10.973+0000] {dagbag.py:545} INFO - Filling up the DagBag from /home/airflow/.local/lib/python3.12/site-packages/airflow/example_dags/example_python_decorator.py
[2026-04-25T08:45:10.985+0000] {processor.py:840} INFO - DAG(s) 'example_python_decorator' retrieved from /home/airflow/.local/lib/python3.12/site-packages/airflow/example_dags/example_python_decorator.py
[2026-04-25T08:45:11.004+0000] {logging_mixin.py:188} INFO - [2026-04-25T08:45:11.004+0000] {dag.py:3096} INFO - Sync 1 DAGs
[2026-04-25T08:45:11.014+0000] {logging_mixin.py:188} INFO - [2026-04-25T08:45:11.014+0000] {dag.py:3954} INFO - Setting next_dagrun for example_python_decorator to None, run_after=None
[2026-04-25T08:45:11.030+0000] {processor.py:183} INFO - Processing /home/airflow/.local/lib/python3.12/site-packages/airflow/example_dags/example_python_decorator.py took 0.063 seconds
[2026-04-25T08:45:41.372+0000] {processor.py:161} INFO - Started process (PID=1515) to work on /home/airflow/.local/lib/python3.12/site-packages/airflow/example_dags/example_python_decorator.py
[2026-04-25T08:45:41.372+0000] {processor.py:830} INFO - Processing file /home/airflow/.local/lib/python3.12/site-packages/airflow/example_dags/example_python_decorator.py for tasks to queue
[2026-04-25T08:45:41.374+0000] {logging_mixin.py:188} INFO - [2026-04-25T08:45:41.374+0000] {dagbag.py:545} INFO - Filling up the DagBag from /home/airflow/.local/lib/python3.12/site-packages/airflow/example_dags/example_python_decorator.py
[2026-04-25T08:45:41.384+0000] {processor.py:840} INFO - DAG(s) 'example_python_decorator' retrieved from /home/airflow/.local/lib/python3.12/site-packages/airflow/example_dags/example_python_decorator.py
[2026-04-25T08:45:41.403+0000] {logging_mixin.py:188} INFO - [2026-04-25T08:45:41.403+0000] {dag.py:3096} INFO - Sync 1 DAGs
[2026-04-25T08:45:41.415+0000] {logging_mixin.py:188} INFO - [2026-04-25T08:45:41.415+0000] {dag.py:3954} INFO - Setting next_dagrun for example_python_decorator to None, run_after=None
[2026-04-25T08:45:41.430+0000] {processor.py:183} INFO - Processing /home/airflow/.local/lib/python3.12/site-packages/airflow/example_dags/example_python_decorator.py took 0.063 seconds
[2026-04-25T08:46:11.775+0000] {processor.py:161} INFO - Started process (PID=1573) to work on /home/airflow/.local/lib/python3.12/site-packages/airflow/example_dags/example_python_decorator.py
[2026-04-25T08:46:11.775+0000] {processor.py:830} INFO - Processing file /home/airflow/.local/lib/python3.12/site-packages/airflow/example_dags/example_python_decorator.py for tasks to queue
[2026-04-25T08:46:11.777+0000] {logging_mixin.py:188} INFO - [2026-04-25T08:46:11.776+0000] {dagbag.py:545} INFO - Filling up the DagBag from /home/airflow/.local/lib/python3.12/site-packages/airflow/example_dags/example_python_decorator.py
[2026-04-25T08:46:11.787+0000] {processor.py:840} INFO - DAG(s) 'example_python_decorator' retrieved from /home/airflow/.local/lib/python3.12/site-packages/airflow/example_dags/example_python_decorator.py
[2026-04-25T08:46:11.806+0000] {logging_mixin.py:188} INFO - [2026-04-25T08:46:11.805+0000] {dag.py:3096} INFO - Sync 1 DAGs
[2026-04-25T08:46:11.817+0000] {logging_mixin.py:188} INFO - [2026-04-25T08:46:11.817+0000] {dag.py:3954} INFO - Setting next_dagrun for example_python_decorator to None, run_after=None
[2026-04-25T08:46:11.833+0000] {processor.py:183} INFO - Processing /home/airflow/.local/lib/python3.12/site-packages/airflow/example_dags/example_python_decorator.py took 0.062 seconds
[2026-04-25T08:46:42.078+0000] {processor.py:161} INFO - Started process (PID=1630) to work on /home/airflow/.local/lib/python3.12/site-packages/airflow/example_dags/example_python_decorator.py
[2026-04-25T08:46:42.079+0000] {processor.py:830} INFO - Processing file /home/airflow/.local/lib/python3.12/site-packages/airflow/example_dags/example_python_decorator.py for tasks to queue
[2026-04-25T08:46:42.080+0000] {logging_mixin.py:188} INFO - [2026-04-25T08:46:42.080+0000] {dagbag.py:545} INFO - Filling up the DagBag from /home/airflow/.local/lib/python3.12/site-packages/airflow/example_dags/example_python_decorator.py
[2026-04-25T08:46:42.091+0000] {processor.py:840} INFO - DAG(s) 'example_python_decorator' retrieved from /home/airflow/.local/lib/python3.12/site-packages/airflow/example_dags/example_python_decorator.py
[2026-04-25T08:46:42.110+0000] {logging_mixin.py:188} INFO - [2026-04-25T08:46:42.110+0000] {dag.py:3096} INFO - Sync 1 DAGs
[2026-04-25T08:46:42.121+0000] {logging_mixin.py:188} INFO - [2026-04-25T08:46:42.121+0000] {dag.py:3954} INFO - Setting next_dagrun for example_python_decorator to None, run_after=None
[2026-04-25T08:46:42.136+0000] {processor.py:183} INFO - Processing /home/airflow/.local/lib/python3.12/site-packages/airflow/example_dags/example_python_decorator.py took 0.063 seconds
[2026-04-25T08:47:12.464+0000] {processor.py:161} INFO - Started process (PID=1689) to work on /home/airflow/.local/lib/python3.12/site-packages/airflow/example_dags/example_python_decorator.py
[2026-04-25T08:47:12.465+0000] {processor.py:830} INFO - Processing file /home/airflow/.local/lib/python3.12/site-packages/airflow/example_dags/example_python_decorator.py for tasks to queue
[2026-04-25T08:47:12.466+0000] {logging_mixin.py:188} INFO - [2026-04-25T08:47:12.466+0000] {dagbag.py:545} INFO - Filling up the DagBag from /home/airflow/.local/lib/python3.12/site-packages/airflow/example_dags/example_python_decorator.py
[2026-04-25T08:47:12.477+0000] {processor.py:840} INFO - DAG(s) 'example_python_decorator' retrieved from /home/airflow/.local/lib/python3.12/site-packages/airflow/example_dags/example_python_decorator.py
[2026-04-25T08:47:12.496+0000] {logging_mixin.py:188} INFO - [2026-04-25T08:47:12.496+0000] {dag.py:3096} INFO - Sync 1 DAGs
[2026-04-25T08:47:12.506+0000] {logging_mixin.py:188} INFO - [2026-04-25T08:47:12.506+0000] {dag.py:3954} INFO - Setting next_dagrun for example_python_decorator to None, run_after=None
[2026-04-25T08:47:12.522+0000] {processor.py:183} INFO - Processing /home/airflow/.local/lib/python3.12/site-packages/airflow/example_dags/example_python_decorator.py took 0.063 seconds
[2026-04-25T08:47:42.989+0000] {processor.py:161} INFO - Started process (PID=1747) to work on /home/airflow/.local/lib/python3.12/site-packages/airflow/example_dags/example_python_decorator.py
[2026-04-25T08:47:42.990+0000] {processor.py:830} INFO - Processing file /home/airflow/.local/lib/python3.12/site-packages/airflow/example_dags/example_python_decorator.py for tasks to queue
[2026-04-25T08:47:42.993+0000] {logging_mixin.py:188} INFO - [2026-04-25T08:47:42.992+0000] {dagbag.py:545} INFO - Filling up the DagBag from /home/airflow/.local/lib/python3.12/site-packages/airflow/example_dags/example_python_decorator.py
[2026-04-25T08:47:43.008+0000] {processor.py:840} INFO - DAG(s) 'example_python_decorator' retrieved from /home/airflow/.local/lib/python3.12/site-packages/airflow/example_dags/example_python_decorator.py
[2026-04-25T08:47:43.037+0000] {logging_mixin.py:188} INFO - [2026-04-25T08:47:43.037+0000] {dag.py:3096} INFO - Sync 1 DAGs
[2026-04-25T08:47:43.048+0000] {logging_mixin.py:188} INFO - [2026-04-25T08:47:43.048+0000] {dag.py:3954} INFO - Setting next_dagrun for example_python_decorator to None, run_after=None
[2026-04-25T08:47:43.063+0000] {processor.py:183} INFO - Processing /home/airflow/.local/lib/python3.12/site-packages/airflow/example_dags/example_python_decorator.py took 0.082 seconds
[2026-04-25T08:48:13.353+0000] {processor.py:161} INFO - Started process (PID=1805) to work on /home/airflow/.local/lib/python3.12/site-packages/airflow/example_dags/example_python_decorator.py
[2026-04-25T08:48:13.354+0000] {processor.py:830} INFO - Processing file /home/airflow/.local/lib/python3.12/site-packages/airflow/example_dags/example_python_decorator.py for tasks to queue
[2026-04-25T08:48:13.356+0000] {logging_mixin.py:188} INFO - [2026-04-25T08:48:13.355+0000] {dagbag.py:545} INFO - Filling up the DagBag from /home/airflow/.local/lib/python3.12/site-packages/airflow/example_dags/example_python_decorator.py
[2026-04-25T08:48:13.372+0000] {processor.py:840} INFO - DAG(s) 'example_python_decorator' retrieved from /home/airflow/.local/lib/python3.12/site-packages/airflow/example_dags/example_python_decorator.py
[2026-04-25T08:48:13.390+0000] {logging_mixin.py:188} INFO - [2026-04-25T08:48:13.390+0000] {dag.py:3096} INFO - Sync 1 DAGs
[2026-04-25T08:48:13.401+0000] {logging_mixin.py:188} INFO - [2026-04-25T08:48:13.401+0000] {dag.py:3954} INFO - Setting next_dagrun for example_python_decorator to None, run_after=None
[2026-04-25T08:48:13.417+0000] {processor.py:183} INFO - Processing /home/airflow/.local/lib/python3.12/site-packages/airflow/example_dags/example_python_decorator.py took 0.070 seconds
[2026-04-25T08:48:43.448+0000] {processor.py:161} INFO - Started process (PID=1862) to work on /home/airflow/.local/lib/python3.12/site-packages/airflow/example_dags/example_python_decorator.py
[2026-04-25T08:48:43.449+0000] {processor.py:830} INFO - Processing file /home/airflow/.local/lib/python3.12/site-packages/airflow/example_dags/example_python_decorator.py for tasks to queue
[2026-04-25T08:48:43.450+0000] {logging_mixin.py:188} INFO - [2026-04-25T08:48:43.450+0000] {dagbag.py:545} INFO - Filling up the DagBag from /home/airflow/.local/lib/python3.12/site-packages/airflow/example_dags/example_python_decorator.py
[2026-04-25T08:48:43.461+0000] {processor.py:840} INFO - DAG(s) 'example_python_decorator' retrieved from /home/airflow/.local/lib/python3.12/site-packages/airflow/example_dags/example_python_decorator.py
[2026-04-25T08:48:43.482+0000] {logging_mixin.py:188} INFO - [2026-04-25T08:48:43.482+0000] {dag.py:3096} INFO - Sync 1 DAGs
[2026-04-25T08:48:43.493+0000] {logging_mixin.py:188} INFO - [2026-04-25T08:48:43.493+0000] {dag.py:3954} INFO - Setting next_dagrun for example_python_decorator to None, run_after=None
[2026-04-25T08:48:43.507+0000] {processor.py:183} INFO - Processing /home/airflow/.local/lib/python3.12/site-packages/airflow/example_dags/example_python_decorator.py took 0.064 seconds
[2026-04-25T08:49:14.014+0000] {processor.py:161} INFO - Started process (PID=1921) to work on /home/airflow/.local/lib/python3.12/site-packages/airflow/example_dags/example_python_decorator.py
[2026-04-25T08:49:14.015+0000] {processor.py:830} INFO - Processing file /home/airflow/.local/lib/python3.12/site-packages/airflow/example_dags/example_python_decorator.py for tasks to queue
[2026-04-25T08:49:14.016+0000] {logging_mixin.py:188} INFO - [2026-04-25T08:49:14.016+0000] {dagbag.py:545} INFO - Filling up the DagBag from /home/airflow/.local/lib/python3.12/site-packages/airflow/example_dags/example_python_decorator.py
[2026-04-25T08:49:14.027+0000] {processor.py:840} INFO - DAG(s) 'example_python_decorator' retrieved from /home/airflow/.local/lib/python3.12/site-packages/airflow/example_dags/example_python_decorator.py
[2026-04-25T08:49:14.051+0000] {logging_mixin.py:188} INFO - [2026-04-25T08:49:14.051+0000] {dag.py:3096} INFO - Sync 1 DAGs
[2026-04-25T08:49:14.065+0000] {logging_mixin.py:188} INFO - [2026-04-25T08:49:14.065+0000] {dag.py:3954} INFO - Setting next_dagrun for example_python_decorator to None, run_after=None
[2026-04-25T08:49:14.087+0000] {processor.py:183} INFO - Processing /home/airflow/.local/lib/python3.12/site-packages/airflow/example_dags/example_python_decorator.py took 0.078 seconds
[2026-04-25T08:49:44.616+0000] {processor.py:161} INFO - Started process (PID=1979) to work on /home/airflow/.local/lib/python3.12/site-packages/airflow/example_dags/example_python_decorator.py
[2026-04-25T08:49:44.616+0000] {processor.py:830} INFO - Processing file /home/airflow/.local/lib/python3.12/site-packages/airflow/example_dags/example_python_decorator.py for tasks to queue
[2026-04-25T08:49:44.618+0000] {logging_mixin.py:188} INFO - [2026-04-25T08:49:44.618+0000] {dagbag.py:545} INFO - Filling up the DagBag from /home/airflow/.local/lib/python3.12/site-packages/airflow/example_dags/example_python_decorator.py
[2026-04-25T08:49:44.633+0000] {processor.py:840} INFO - DAG(s) 'example_python_decorator' retrieved from /home/airflow/.local/lib/python3.12/site-packages/airflow/example_dags/example_python_decorator.py
[2026-04-25T08:49:44.659+0000] {logging_mixin.py:188} INFO - [2026-04-25T08:49:44.659+0000] {dag.py:3096} INFO - Sync 1 DAGs
[2026-04-25T08:49:44.674+0000] {logging_mixin.py:188} INFO - [2026-04-25T08:49:44.674+0000] {dag.py:3954} INFO - Setting next_dagrun for example_python_decorator to None, run_after=None
[2026-04-25T08:49:44.695+0000] {processor.py:183} INFO - Processing /home/airflow/.local/lib/python3.12/site-packages/airflow/example_dags/example_python_decorator.py took 0.086 seconds
[2026-04-25T08:50:15.054+0000] {processor.py:161} INFO - Started process (PID=2037) to work on /home/airflow/.local/lib/python3.12/site-packages/airflow/example_dags/example_python_decorator.py
[2026-04-25T08:50:15.055+0000] {processor.py:830} INFO - Processing file /home/airflow/.local/lib/python3.12/site-packages/airflow/example_dags/example_python_decorator.py for tasks to queue
[2026-04-25T08:50:15.056+0000] {logging_mixin.py:188} INFO - [2026-04-25T08:50:15.056+0000] {dagbag.py:545} INFO - Filling up the DagBag from /home/airflow/.local/lib/python3.12/site-packages/airflow/example_dags/example_python_decorator.py
[2026-04-25T08:50:15.067+0000] {processor.py:840} INFO - DAG(s) 'example_python_decorator' retrieved from /home/airflow/.local/lib/python3.12/site-packages/airflow/example_dags/example_python_decorator.py
[2026-04-25T08:50:15.091+0000] {logging_mixin.py:188} INFO - [2026-04-25T08:50:15.090+0000] {dag.py:3096} INFO - Sync 1 DAGs
[2026-04-25T08:50:15.101+0000] {logging_mixin.py:188} INFO - [2026-04-25T08:50:15.101+0000] {dag.py:3954} INFO - Setting next_dagrun for example_python_decorator to None, run_after=None
[2026-04-25T08:50:15.117+0000] {processor.py:183} INFO - Processing /home/airflow/.local/lib/python3.12/site-packages/airflow/example_dags/example_python_decorator.py took 0.067 seconds
[2026-04-25T08:50:45.461+0000] {processor.py:161} INFO - Started process (PID=2095) to work on /home/airflow/.local/lib/python3.12/site-packages/airflow/example_dags/example_python_decorator.py
[2026-04-25T08:50:45.461+0000] {processor.py:830} INFO - Processing file /home/airflow/.local/lib/python3.12/site-packages/airflow/example_dags/example_python_decorator.py for tasks to queue
[2026-04-25T08:50:45.463+0000] {logging_mixin.py:188} INFO - [2026-04-25T08:50:45.463+0000] {dagbag.py:545} INFO - Filling up the DagBag from /home/airflow/.local/lib/python3.12/site-packages/airflow/example_dags/example_python_decorator.py
[2026-04-25T08:50:45.473+0000] {processor.py:840} INFO - DAG(s) 'example_python_decorator' retrieved from /home/airflow/.local/lib/python3.12/site-packages/airflow/example_dags/example_python_decorator.py
[2026-04-25T08:50:45.492+0000] {logging_mixin.py:188} INFO - [2026-04-25T08:50:45.491+0000] {dag.py:3096} INFO - Sync 1 DAGs
[2026-04-25T08:50:45.503+0000] {logging_mixin.py:188} INFO - [2026-04-25T08:50:45.503+0000] {dag.py:3954} INFO - Setting next_dagrun for example_python_decorator to None, run_after=None
[2026-04-25T08:50:45.518+0000] {processor.py:183} INFO - Processing /home/airflow/.local/lib/python3.12/site-packages/airflow/example_dags/example_python_decorator.py took 0.062 seconds
[2026-04-25T08:51:16.080+0000] {processor.py:161} INFO - Started process (PID=2153) to work on /home/airflow/.local/lib/python3.12/site-packages/airflow/example_dags/example_python_decorator.py
[2026-04-25T08:51:16.080+0000] {processor.py:830} INFO - Processing file /home/airflow/.local/lib/python3.12/site-packages/airflow/example_dags/example_python_decorator.py for tasks to queue
[2026-04-25T08:51:16.082+0000] {logging_mixin.py:188} INFO - [2026-04-25T08:51:16.082+0000] {dagbag.py:545} INFO - Filling up the DagBag from /home/airflow/.local/lib/python3.12/site-packages/airflow/example_dags/example_python_decorator.py
[2026-04-25T08:51:16.093+0000] {processor.py:840} INFO - DAG(s) 'example_python_decorator' retrieved from /home/airflow/.local/lib/python3.12/site-packages/airflow/example_dags/example_python_decorator.py
[2026-04-25T08:51:16.117+0000] {logging_mixin.py:188} INFO - [2026-04-25T08:51:16.117+0000] {dag.py:3096} INFO - Sync 1 DAGs
[2026-04-25T08:51:16.132+0000] {logging_mixin.py:188} INFO - [2026-04-25T08:51:16.132+0000] {dag.py:3954} INFO - Setting next_dagrun for example_python_decorator to None, run_after=None
[2026-04-25T08:51:16.152+0000] {processor.py:183} INFO - Processing /home/airflow/.local/lib/python3.12/site-packages/airflow/example_dags/example_python_decorator.py took 0.077 seconds
[2026-04-25T08:51:46.229+0000] {processor.py:161} INFO - Started process (PID=2210) to work on /home/airflow/.local/lib/python3.12/site-packages/airflow/example_dags/example_python_decorator.py
[2026-04-25T08:51:46.229+0000] {processor.py:830} INFO - Processing file /home/airflow/.local/lib/python3.12/site-packages/airflow/example_dags/example_python_decorator.py for tasks to queue
[2026-04-25T08:51:46.231+0000] {logging_mixin.py:188} INFO - [2026-04-25T08:51:46.230+0000] {dagbag.py:545} INFO - Filling up the DagBag from /home/airflow/.local/lib/python3.12/site-packages/airflow/example_dags/example_python_decorator.py
[2026-04-25T08:51:46.241+0000] {processor.py:840} INFO - DAG(s) 'example_python_decorator' retrieved from /home/airflow/.local/lib/python3.12/site-packages/airflow/example_dags/example_python_decorator.py
[2026-04-25T08:51:46.260+0000] {logging_mixin.py:188} INFO - [2026-04-25T08:51:46.260+0000] {dag.py:3096} INFO - Sync 1 DAGs
[2026-04-25T08:51:46.270+0000] {logging_mixin.py:188} INFO - [2026-04-25T08:51:46.270+0000] {dag.py:3954} INFO - Setting next_dagrun for example_python_decorator to None, run_after=None
[2026-04-25T08:51:46.285+0000] {processor.py:183} INFO - Processing /home/airflow/.local/lib/python3.12/site-packages/airflow/example_dags/example_python_decorator.py took 0.061 seconds
[2026-04-25T08:52:16.901+0000] {processor.py:161} INFO - Started process (PID=2269) to work on /home/airflow/.local/lib/python3.12/site-packages/airflow/example_dags/example_python_decorator.py
[2026-04-25T08:52:16.901+0000] {processor.py:830} INFO - Processing file /home/airflow/.local/lib/python3.12/site-packages/airflow/example_dags/example_python_decorator.py for tasks to queue
[2026-04-25T08:52:16.903+0000] {logging_mixin.py:188} INFO - [2026-04-25T08:52:16.902+0000] {dagbag.py:545} INFO - Filling up the DagBag from /home/airflow/.local/lib/python3.12/site-packages/airflow/example_dags/example_python_decorator.py
[2026-04-25T08:52:16.916+0000] {processor.py:840} INFO - DAG(s) 'example_python_decorator' retrieved from /home/airflow/.local/lib/python3.12/site-packages/airflow/example_dags/example_python_decorator.py
[2026-04-25T08:52:16.940+0000] {logging_mixin.py:188} INFO - [2026-04-25T08:52:16.939+0000] {dag.py:3096} INFO - Sync 1 DAGs
[2026-04-25T08:52:16.951+0000] {logging_mixin.py:188} INFO - [2026-04-25T08:52:16.951+0000] {dag.py:3954} INFO - Setting next_dagrun for example_python_decorator to None, run_after=None
[2026-04-25T08:52:16.968+0000] {processor.py:183} INFO - Processing /home/airflow/.local/lib/python3.12/site-packages/airflow/example_dags/example_python_decorator.py took 0.072 seconds
[2026-04-25T08:52:47.596+0000] {processor.py:161} INFO - Started process (PID=2327) to work on /home/airflow/.local/lib/python3.12/site-packages/airflow/example_dags/example_python_decorator.py
[2026-04-25T08:52:47.596+0000] {processor.py:830} INFO - Processing file /home/airflow/.local/lib/python3.12/site-packages/airflow/example_dags/example_python_decorator.py for tasks to queue
[2026-04-25T08:52:47.598+0000] {logging_mixin.py:188} INFO - [2026-04-25T08:52:47.597+0000] {dagbag.py:545} INFO - Filling up the DagBag from /home/airflow/.local/lib/python3.12/site-packages/airflow/example_dags/example_python_decorator.py
[2026-04-25T08:52:47.611+0000] {processor.py:840} INFO - DAG(s) 'example_python_decorator' retrieved from /home/airflow/.local/lib/python3.12/site-packages/airflow/example_dags/example_python_decorator.py
[2026-04-25T08:52:47.630+0000] {logging_mixin.py:188} INFO - [2026-04-25T08:52:47.630+0000] {dag.py:3096} INFO - Sync 1 DAGs
[2026-04-25T08:52:47.640+0000] {logging_mixin.py:188} INFO - [2026-04-25T08:52:47.640+0000] {dag.py:3954} INFO - Setting next_dagrun for example_python_decorator to None, run_after=None
[2026-04-25T08:52:47.656+0000] {processor.py:183} INFO - Processing /home/airflow/.local/lib/python3.12/site-packages/airflow/example_dags/example_python_decorator.py took 0.065 seconds
[2026-04-25T08:53:18.137+0000] {processor.py:161} INFO - Started process (PID=2385) to work on /home/airflow/.local/lib/python3.12/site-packages/airflow/example_dags/example_python_decorator.py
[2026-04-25T08:53:18.138+0000] {processor.py:830} INFO - Processing file /home/airflow/.local/lib/python3.12/site-packages/airflow/example_dags/example_python_decorator.py for tasks to queue
[2026-04-25T08:53:18.140+0000] {logging_mixin.py:188} INFO - [2026-04-25T08:53:18.139+0000] {dagbag.py:545} INFO - Filling up the DagBag from /home/airflow/.local/lib/python3.12/site-packages/airflow/example_dags/example_python_decorator.py
[2026-04-25T08:53:18.151+0000] {processor.py:840} INFO - DAG(s) 'example_python_decorator' retrieved from /home/airflow/.local/lib/python3.12/site-packages/airflow/example_dags/example_python_decorator.py
[2026-04-25T08:53:18.170+0000] {logging_mixin.py:188} INFO - [2026-04-25T08:53:18.170+0000] {dag.py:3096} INFO - Sync 1 DAGs
[2026-04-25T08:53:18.181+0000] {logging_mixin.py:188} INFO - [2026-04-25T08:53:18.181+0000] {dag.py:3954} INFO - Setting next_dagrun for example_python_decorator to None, run_after=None
[2026-04-25T08:53:18.198+0000] {processor.py:183} INFO - Processing /home/airflow/.local/lib/python3.12/site-packages/airflow/example_dags/example_python_decorator.py took 0.065 seconds
[2026-04-25T08:53:48.567+0000] {processor.py:161} INFO - Started process (PID=2443) to work on /home/airflow/.local/lib/python3.12/site-packages/airflow/example_dags/example_python_decorator.py
[2026-04-25T08:53:48.568+0000] {processor.py:830} INFO - Processing file /home/airflow/.local/lib/python3.12/site-packages/airflow/example_dags/example_python_decorator.py for tasks to queue
[2026-04-25T08:53:48.570+0000] {logging_mixin.py:188} INFO - [2026-04-25T08:53:48.570+0000] {dagbag.py:545} INFO - Filling up the DagBag from /home/airflow/.local/lib/python3.12/site-packages/airflow/example_dags/example_python_decorator.py
[2026-04-25T08:53:48.590+0000] {processor.py:840} INFO - DAG(s) 'example_python_decorator' retrieved from /home/airflow/.local/lib/python3.12/site-packages/airflow/example_dags/example_python_decorator.py
[2026-04-25T08:53:48.621+0000] {logging_mixin.py:188} INFO - [2026-04-25T08:53:48.621+0000] {dag.py:3096} INFO - Sync 1 DAGs
[2026-04-25T08:53:48.636+0000] {logging_mixin.py:188} INFO - [2026-04-25T08:53:48.636+0000] {dag.py:3954} INFO - Setting next_dagrun for example_python_decorator to None, run_after=None
[2026-04-25T08:53:48.652+0000] {processor.py:183} INFO - Processing /home/airflow/.local/lib/python3.12/site-packages/airflow/example_dags/example_python_decorator.py took 0.091 seconds
[2026-04-25T08:54:18.961+0000] {processor.py:161} INFO - Started process (PID=2500) to work on /home/airflow/.local/lib/python3.12/site-packages/airflow/example_dags/example_python_decorator.py
[2026-04-25T08:54:18.961+0000] {processor.py:830} INFO - Processing file /home/airflow/.local/lib/python3.12/site-packages/airflow/example_dags/example_python_decorator.py for tasks to queue
[2026-04-25T08:54:18.963+0000] {logging_mixin.py:188} INFO - [2026-04-25T08:54:18.963+0000] {dagbag.py:545} INFO - Filling up the DagBag from /home/airflow/.local/lib/python3.12/site-packages/airflow/example_dags/example_python_decorator.py
[2026-04-25T08:54:18.980+0000] {processor.py:840} INFO - DAG(s) 'example_python_decorator' retrieved from /home/airflow/.local/lib/python3.12/site-packages/airflow/example_dags/example_python_decorator.py
[2026-04-25T08:54:18.999+0000] {logging_mixin.py:188} INFO - [2026-04-25T08:54:18.999+0000] {dag.py:3096} INFO - Sync 1 DAGs
[2026-04-25T08:54:19.010+0000] {logging_mixin.py:188} INFO - [2026-04-25T08:54:19.010+0000] {dag.py:3954} INFO - Setting next_dagrun for example_python_decorator to None, run_after=None
[2026-04-25T08:54:19.027+0000] {processor.py:183} INFO - Processing /home/airflow/.local/lib/python3.12/site-packages/airflow/example_dags/example_python_decorator.py took 0.072 seconds
[2026-04-25T08:54:49.582+0000] {processor.py:161} INFO - Started process (PID=2558) to work on /home/airflow/.local/lib/python3.12/site-packages/airflow/example_dags/example_python_decorator.py
[2026-04-25T08:54:49.583+0000] {processor.py:830} INFO - Processing file /home/airflow/.local/lib/python3.12/site-packages/airflow/example_dags/example_python_decorator.py for tasks to queue
[2026-04-25T08:54:49.585+0000] {logging_mixin.py:188} INFO - [2026-04-25T08:54:49.584+0000] {dagbag.py:545} INFO - Filling up the DagBag from /home/airflow/.local/lib/python3.12/site-packages/airflow/example_dags/example_python_decorator.py
[2026-04-25T08:54:49.597+0000] {processor.py:840} INFO - DAG(s) 'example_python_decorator' retrieved from /home/airflow/.local/lib/python3.12/site-packages/airflow/example_dags/example_python_decorator.py
[2026-04-25T08:54:49.616+0000] {logging_mixin.py:188} INFO - [2026-04-25T08:54:49.616+0000] {dag.py:3096} INFO - Sync 1 DAGs
[2026-04-25T08:54:49.627+0000] {logging_mixin.py:188} INFO - [2026-04-25T08:54:49.627+0000] {dag.py:3954} INFO - Setting next_dagrun for example_python_decorator to None, run_after=None
[2026-04-25T08:54:49.642+0000] {processor.py:183} INFO - Processing /home/airflow/.local/lib/python3.12/site-packages/airflow/example_dags/example_python_decorator.py took 0.067 seconds
[2026-04-25T08:55:19.953+0000] {processor.py:161} INFO - Started process (PID=2616) to work on /home/airflow/.local/lib/python3.12/site-packages/airflow/example_dags/example_python_decorator.py
[2026-04-25T08:55:19.954+0000] {processor.py:830} INFO - Processing file /home/airflow/.local/lib/python3.12/site-packages/airflow/example_dags/example_python_decorator.py for tasks to queue
[2026-04-25T08:55:19.955+0000] {logging_mixin.py:188} INFO - [2026-04-25T08:55:19.955+0000] {dagbag.py:545} INFO - Filling up the DagBag from /home/airflow/.local/lib/python3.12/site-packages/airflow/example_dags/example_python_decorator.py
[2026-04-25T08:55:19.968+0000] {processor.py:840} INFO - DAG(s) 'example_python_decorator' retrieved from /home/airflow/.local/lib/python3.12/site-packages/airflow/example_dags/example_python_decorator.py
[2026-04-25T08:55:19.986+0000] {logging_mixin.py:188} INFO - [2026-04-25T08:55:19.986+0000] {dag.py:3096} INFO - Sync 1 DAGs
[2026-04-25T08:55:19.999+0000] {logging_mixin.py:188} INFO - [2026-04-25T08:55:19.999+0000] {dag.py:3954} INFO - Setting next_dagrun for example_python_decorator to None, run_after=None
[2026-04-25T08:55:20.020+0000] {processor.py:183} INFO - Processing /home/airflow/.local/lib/python3.12/site-packages/airflow/example_dags/example_python_decorator.py took 0.071 seconds
