[2026-04-25T08:33:06.602+0000] {processor.py:161} INFO - Started process (PID=96) to work on /home/airflow/.local/lib/python3.12/site-packages/airflow/example_dags/example_external_task_marker_dag.py
[2026-04-25T08:33:06.603+0000] {processor.py:830} INFO - Processing file /home/airflow/.local/lib/python3.12/site-packages/airflow/example_dags/example_external_task_marker_dag.py for tasks to queue
[2026-04-25T08:33:06.605+0000] {logging_mixin.py:188} INFO - [2026-04-25T08:33:06.605+0000] {dagbag.py:545} INFO - Filling up the DagBag from /home/airflow/.local/lib/python3.12/site-packages/airflow/example_dags/example_external_task_marker_dag.py
[2026-04-25T08:33:06.613+0000] {processor.py:840} INFO - DAG(s) 'example_external_task_marker_parent', 'example_external_task_marker_child' retrieved from /home/airflow/.local/lib/python3.12/site-packages/airflow/example_dags/example_external_task_marker_dag.py
[2026-04-25T08:33:06.753+0000] {logging_mixin.py:188} INFO - [2026-04-25T08:33:06.753+0000] {dag.py:3096} INFO - Sync 2 DAGs
[2026-04-25T08:33:06.764+0000] {logging_mixin.py:188} INFO - [2026-04-25T08:33:06.763+0000] {dag.py:3954} INFO - Setting next_dagrun for example_external_task_marker_child to None, run_after=None
[2026-04-25T08:33:06.767+0000] {logging_mixin.py:188} INFO - [2026-04-25T08:33:06.767+0000] {dag.py:3954} INFO - Setting next_dagrun for example_external_task_marker_parent to None, run_after=None
[2026-04-25T08:33:06.785+0000] {processor.py:183} INFO - Processing /home/airflow/.local/lib/python3.12/site-packages/airflow/example_dags/example_external_task_marker_dag.py took 0.188 seconds
[2026-04-25T08:33:36.945+0000] {processor.py:161} INFO - Started process (PID=153) to work on /home/airflow/.local/lib/python3.12/site-packages/airflow/example_dags/example_external_task_marker_dag.py
[2026-04-25T08:33:36.945+0000] {processor.py:830} INFO - Processing file /home/airflow/.local/lib/python3.12/site-packages/airflow/example_dags/example_external_task_marker_dag.py for tasks to queue
[2026-04-25T08:33:36.947+0000] {logging_mixin.py:188} INFO - [2026-04-25T08:33:36.947+0000] {dagbag.py:545} INFO - Filling up the DagBag from /home/airflow/.local/lib/python3.12/site-packages/airflow/example_dags/example_external_task_marker_dag.py
[2026-04-25T08:33:36.951+0000] {processor.py:840} INFO - DAG(s) 'example_external_task_marker_parent', 'example_external_task_marker_child' retrieved from /home/airflow/.local/lib/python3.12/site-packages/airflow/example_dags/example_external_task_marker_dag.py
[2026-04-25T08:33:36.970+0000] {logging_mixin.py:188} INFO - [2026-04-25T08:33:36.970+0000] {dag.py:3096} INFO - Sync 2 DAGs
[2026-04-25T08:33:36.981+0000] {logging_mixin.py:188} INFO - [2026-04-25T08:33:36.980+0000] {dag.py:3954} INFO - Setting next_dagrun for example_external_task_marker_child to None, run_after=None
[2026-04-25T08:33:36.984+0000] {logging_mixin.py:188} INFO - [2026-04-25T08:33:36.983+0000] {dag.py:3954} INFO - Setting next_dagrun for example_external_task_marker_parent to None, run_after=None
[2026-04-25T08:33:36.995+0000] {processor.py:183} INFO - Processing /home/airflow/.local/lib/python3.12/site-packages/airflow/example_dags/example_external_task_marker_dag.py took 0.055 seconds
[2026-04-25T08:34:07.114+0000] {processor.py:161} INFO - Started process (PID=211) to work on /home/airflow/.local/lib/python3.12/site-packages/airflow/example_dags/example_external_task_marker_dag.py
[2026-04-25T08:34:07.114+0000] {processor.py:830} INFO - Processing file /home/airflow/.local/lib/python3.12/site-packages/airflow/example_dags/example_external_task_marker_dag.py for tasks to queue
[2026-04-25T08:34:07.116+0000] {logging_mixin.py:188} INFO - [2026-04-25T08:34:07.115+0000] {dagbag.py:545} INFO - Filling up the DagBag from /home/airflow/.local/lib/python3.12/site-packages/airflow/example_dags/example_external_task_marker_dag.py
[2026-04-25T08:34:07.120+0000] {processor.py:840} INFO - DAG(s) 'example_external_task_marker_child', 'example_external_task_marker_parent' retrieved from /home/airflow/.local/lib/python3.12/site-packages/airflow/example_dags/example_external_task_marker_dag.py
[2026-04-25T08:34:07.138+0000] {logging_mixin.py:188} INFO - [2026-04-25T08:34:07.138+0000] {dag.py:3096} INFO - Sync 2 DAGs
[2026-04-25T08:34:07.149+0000] {logging_mixin.py:188} INFO - [2026-04-25T08:34:07.149+0000] {dag.py:3954} INFO - Setting next_dagrun for example_external_task_marker_child to None, run_after=None
[2026-04-25T08:34:07.152+0000] {logging_mixin.py:188} INFO - [2026-04-25T08:34:07.152+0000] {dag.py:3954} INFO - Setting next_dagrun for example_external_task_marker_parent to None, run_after=None
[2026-04-25T08:34:07.164+0000] {processor.py:183} INFO - Processing /home/airflow/.local/lib/python3.12/site-packages/airflow/example_dags/example_external_task_marker_dag.py took 0.056 seconds
[2026-04-25T08:34:37.279+0000] {processor.py:161} INFO - Started process (PID=269) to work on /home/airflow/.local/lib/python3.12/site-packages/airflow/example_dags/example_external_task_marker_dag.py
[2026-04-25T08:34:37.280+0000] {processor.py:830} INFO - Processing file /home/airflow/.local/lib/python3.12/site-packages/airflow/example_dags/example_external_task_marker_dag.py for tasks to queue
[2026-04-25T08:34:37.281+0000] {logging_mixin.py:188} INFO - [2026-04-25T08:34:37.281+0000] {dagbag.py:545} INFO - Filling up the DagBag from /home/airflow/.local/lib/python3.12/site-packages/airflow/example_dags/example_external_task_marker_dag.py
[2026-04-25T08:34:37.287+0000] {processor.py:840} INFO - DAG(s) 'example_external_task_marker_parent', 'example_external_task_marker_child' retrieved from /home/airflow/.local/lib/python3.12/site-packages/airflow/example_dags/example_external_task_marker_dag.py
[2026-04-25T08:34:37.308+0000] {logging_mixin.py:188} INFO - [2026-04-25T08:34:37.307+0000] {dag.py:3096} INFO - Sync 2 DAGs
[2026-04-25T08:34:37.319+0000] {logging_mixin.py:188} INFO - [2026-04-25T08:34:37.319+0000] {dag.py:3954} INFO - Setting next_dagrun for example_external_task_marker_child to None, run_after=None
[2026-04-25T08:34:37.322+0000] {logging_mixin.py:188} INFO - [2026-04-25T08:34:37.322+0000] {dag.py:3954} INFO - Setting next_dagrun for example_external_task_marker_parent to None, run_after=None
[2026-04-25T08:34:37.335+0000] {processor.py:183} INFO - Processing /home/airflow/.local/lib/python3.12/site-packages/airflow/example_dags/example_external_task_marker_dag.py took 0.061 seconds
[2026-04-25T08:35:07.902+0000] {processor.py:161} INFO - Started process (PID=327) to work on /home/airflow/.local/lib/python3.12/site-packages/airflow/example_dags/example_external_task_marker_dag.py
[2026-04-25T08:35:07.902+0000] {processor.py:830} INFO - Processing file /home/airflow/.local/lib/python3.12/site-packages/airflow/example_dags/example_external_task_marker_dag.py for tasks to queue
[2026-04-25T08:35:07.904+0000] {logging_mixin.py:188} INFO - [2026-04-25T08:35:07.903+0000] {dagbag.py:545} INFO - Filling up the DagBag from /home/airflow/.local/lib/python3.12/site-packages/airflow/example_dags/example_external_task_marker_dag.py
[2026-04-25T08:35:07.908+0000] {processor.py:840} INFO - DAG(s) 'example_external_task_marker_child', 'example_external_task_marker_parent' retrieved from /home/airflow/.local/lib/python3.12/site-packages/airflow/example_dags/example_external_task_marker_dag.py
[2026-04-25T08:35:07.926+0000] {logging_mixin.py:188} INFO - [2026-04-25T08:35:07.926+0000] {dag.py:3096} INFO - Sync 2 DAGs
[2026-04-25T08:35:07.937+0000] {logging_mixin.py:188} INFO - [2026-04-25T08:35:07.937+0000] {dag.py:3954} INFO - Setting next_dagrun for example_external_task_marker_child to None, run_after=None
[2026-04-25T08:35:07.940+0000] {logging_mixin.py:188} INFO - [2026-04-25T08:35:07.940+0000] {dag.py:3954} INFO - Setting next_dagrun for example_external_task_marker_parent to None, run_after=None
[2026-04-25T08:35:07.952+0000] {processor.py:183} INFO - Processing /home/airflow/.local/lib/python3.12/site-packages/airflow/example_dags/example_external_task_marker_dag.py took 0.055 seconds
[2026-04-25T08:35:38.209+0000] {processor.py:161} INFO - Started process (PID=385) to work on /home/airflow/.local/lib/python3.12/site-packages/airflow/example_dags/example_external_task_marker_dag.py
[2026-04-25T08:35:38.209+0000] {processor.py:830} INFO - Processing file /home/airflow/.local/lib/python3.12/site-packages/airflow/example_dags/example_external_task_marker_dag.py for tasks to queue
[2026-04-25T08:35:38.211+0000] {logging_mixin.py:188} INFO - [2026-04-25T08:35:38.211+0000] {dagbag.py:545} INFO - Filling up the DagBag from /home/airflow/.local/lib/python3.12/site-packages/airflow/example_dags/example_external_task_marker_dag.py
[2026-04-25T08:35:38.216+0000] {processor.py:840} INFO - DAG(s) 'example_external_task_marker_child', 'example_external_task_marker_parent' retrieved from /home/airflow/.local/lib/python3.12/site-packages/airflow/example_dags/example_external_task_marker_dag.py
[2026-04-25T08:35:38.236+0000] {logging_mixin.py:188} INFO - [2026-04-25T08:35:38.236+0000] {dag.py:3096} INFO - Sync 2 DAGs
[2026-04-25T08:35:38.248+0000] {logging_mixin.py:188} INFO - [2026-04-25T08:35:38.248+0000] {dag.py:3954} INFO - Setting next_dagrun for example_external_task_marker_child to None, run_after=None
[2026-04-25T08:35:38.252+0000] {logging_mixin.py:188} INFO - [2026-04-25T08:35:38.251+0000] {dag.py:3954} INFO - Setting next_dagrun for example_external_task_marker_parent to None, run_after=None
[2026-04-25T08:35:38.266+0000] {processor.py:183} INFO - Processing /home/airflow/.local/lib/python3.12/site-packages/airflow/example_dags/example_external_task_marker_dag.py took 0.062 seconds
[2026-04-25T08:36:09.108+0000] {processor.py:161} INFO - Started process (PID=443) to work on /home/airflow/.local/lib/python3.12/site-packages/airflow/example_dags/example_external_task_marker_dag.py
[2026-04-25T08:36:09.109+0000] {processor.py:830} INFO - Processing file /home/airflow/.local/lib/python3.12/site-packages/airflow/example_dags/example_external_task_marker_dag.py for tasks to queue
[2026-04-25T08:36:09.110+0000] {logging_mixin.py:188} INFO - [2026-04-25T08:36:09.110+0000] {dagbag.py:545} INFO - Filling up the DagBag from /home/airflow/.local/lib/python3.12/site-packages/airflow/example_dags/example_external_task_marker_dag.py
[2026-04-25T08:36:09.116+0000] {processor.py:840} INFO - DAG(s) 'example_external_task_marker_parent', 'example_external_task_marker_child' retrieved from /home/airflow/.local/lib/python3.12/site-packages/airflow/example_dags/example_external_task_marker_dag.py
[2026-04-25T08:36:09.137+0000] {logging_mixin.py:188} INFO - [2026-04-25T08:36:09.137+0000] {dag.py:3096} INFO - Sync 2 DAGs
[2026-04-25T08:36:09.148+0000] {logging_mixin.py:188} INFO - [2026-04-25T08:36:09.148+0000] {dag.py:3954} INFO - Setting next_dagrun for example_external_task_marker_child to None, run_after=None
[2026-04-25T08:36:09.151+0000] {logging_mixin.py:188} INFO - [2026-04-25T08:36:09.151+0000] {dag.py:3954} INFO - Setting next_dagrun for example_external_task_marker_parent to None, run_after=None
[2026-04-25T08:36:09.164+0000] {processor.py:183} INFO - Processing /home/airflow/.local/lib/python3.12/site-packages/airflow/example_dags/example_external_task_marker_dag.py took 0.061 seconds
[2026-04-25T08:36:39.692+0000] {processor.py:161} INFO - Started process (PID=501) to work on /home/airflow/.local/lib/python3.12/site-packages/airflow/example_dags/example_external_task_marker_dag.py
[2026-04-25T08:36:39.693+0000] {processor.py:830} INFO - Processing file /home/airflow/.local/lib/python3.12/site-packages/airflow/example_dags/example_external_task_marker_dag.py for tasks to queue
[2026-04-25T08:36:39.694+0000] {logging_mixin.py:188} INFO - [2026-04-25T08:36:39.694+0000] {dagbag.py:545} INFO - Filling up the DagBag from /home/airflow/.local/lib/python3.12/site-packages/airflow/example_dags/example_external_task_marker_dag.py
[2026-04-25T08:36:39.699+0000] {processor.py:840} INFO - DAG(s) 'example_external_task_marker_parent', 'example_external_task_marker_child' retrieved from /home/airflow/.local/lib/python3.12/site-packages/airflow/example_dags/example_external_task_marker_dag.py
[2026-04-25T08:36:39.717+0000] {logging_mixin.py:188} INFO - [2026-04-25T08:36:39.717+0000] {dag.py:3096} INFO - Sync 2 DAGs
[2026-04-25T08:36:39.728+0000] {logging_mixin.py:188} INFO - [2026-04-25T08:36:39.728+0000] {dag.py:3954} INFO - Setting next_dagrun for example_external_task_marker_child to None, run_after=None
[2026-04-25T08:36:39.731+0000] {logging_mixin.py:188} INFO - [2026-04-25T08:36:39.731+0000] {dag.py:3954} INFO - Setting next_dagrun for example_external_task_marker_parent to None, run_after=None
[2026-04-25T08:36:39.743+0000] {processor.py:183} INFO - Processing /home/airflow/.local/lib/python3.12/site-packages/airflow/example_dags/example_external_task_marker_dag.py took 0.056 seconds
[2026-04-25T08:37:09.929+0000] {processor.py:161} INFO - Started process (PID=559) to work on /home/airflow/.local/lib/python3.12/site-packages/airflow/example_dags/example_external_task_marker_dag.py
[2026-04-25T08:37:09.930+0000] {processor.py:830} INFO - Processing file /home/airflow/.local/lib/python3.12/site-packages/airflow/example_dags/example_external_task_marker_dag.py for tasks to queue
[2026-04-25T08:37:09.931+0000] {logging_mixin.py:188} INFO - [2026-04-25T08:37:09.931+0000] {dagbag.py:545} INFO - Filling up the DagBag from /home/airflow/.local/lib/python3.12/site-packages/airflow/example_dags/example_external_task_marker_dag.py
[2026-04-25T08:37:09.936+0000] {processor.py:840} INFO - DAG(s) 'example_external_task_marker_child', 'example_external_task_marker_parent' retrieved from /home/airflow/.local/lib/python3.12/site-packages/airflow/example_dags/example_external_task_marker_dag.py
[2026-04-25T08:37:09.954+0000] {logging_mixin.py:188} INFO - [2026-04-25T08:37:09.954+0000] {dag.py:3096} INFO - Sync 2 DAGs
[2026-04-25T08:37:09.965+0000] {logging_mixin.py:188} INFO - [2026-04-25T08:37:09.965+0000] {dag.py:3954} INFO - Setting next_dagrun for example_external_task_marker_child to None, run_after=None
[2026-04-25T08:37:09.968+0000] {logging_mixin.py:188} INFO - [2026-04-25T08:37:09.968+0000] {dag.py:3954} INFO - Setting next_dagrun for example_external_task_marker_parent to None, run_after=None
[2026-04-25T08:37:09.980+0000] {processor.py:183} INFO - Processing /home/airflow/.local/lib/python3.12/site-packages/airflow/example_dags/example_external_task_marker_dag.py took 0.055 seconds
[2026-04-25T08:37:40.377+0000] {processor.py:161} INFO - Started process (PID=617) to work on /home/airflow/.local/lib/python3.12/site-packages/airflow/example_dags/example_external_task_marker_dag.py
[2026-04-25T08:37:40.378+0000] {processor.py:830} INFO - Processing file /home/airflow/.local/lib/python3.12/site-packages/airflow/example_dags/example_external_task_marker_dag.py for tasks to queue
[2026-04-25T08:37:40.379+0000] {logging_mixin.py:188} INFO - [2026-04-25T08:37:40.379+0000] {dagbag.py:545} INFO - Filling up the DagBag from /home/airflow/.local/lib/python3.12/site-packages/airflow/example_dags/example_external_task_marker_dag.py
[2026-04-25T08:37:40.384+0000] {processor.py:840} INFO - DAG(s) 'example_external_task_marker_parent', 'example_external_task_marker_child' retrieved from /home/airflow/.local/lib/python3.12/site-packages/airflow/example_dags/example_external_task_marker_dag.py
[2026-04-25T08:37:40.402+0000] {logging_mixin.py:188} INFO - [2026-04-25T08:37:40.402+0000] {dag.py:3096} INFO - Sync 2 DAGs
[2026-04-25T08:37:40.412+0000] {logging_mixin.py:188} INFO - [2026-04-25T08:37:40.412+0000] {dag.py:3954} INFO - Setting next_dagrun for example_external_task_marker_child to None, run_after=None
[2026-04-25T08:37:40.416+0000] {logging_mixin.py:188} INFO - [2026-04-25T08:37:40.415+0000] {dag.py:3954} INFO - Setting next_dagrun for example_external_task_marker_parent to None, run_after=None
[2026-04-25T08:37:40.428+0000] {processor.py:183} INFO - Processing /home/airflow/.local/lib/python3.12/site-packages/airflow/example_dags/example_external_task_marker_dag.py took 0.055 seconds
[2026-04-25T08:38:10.767+0000] {processor.py:161} INFO - Started process (PID=675) to work on /home/airflow/.local/lib/python3.12/site-packages/airflow/example_dags/example_external_task_marker_dag.py
[2026-04-25T08:38:10.767+0000] {processor.py:830} INFO - Processing file /home/airflow/.local/lib/python3.12/site-packages/airflow/example_dags/example_external_task_marker_dag.py for tasks to queue
[2026-04-25T08:38:10.769+0000] {logging_mixin.py:188} INFO - [2026-04-25T08:38:10.768+0000] {dagbag.py:545} INFO - Filling up the DagBag from /home/airflow/.local/lib/python3.12/site-packages/airflow/example_dags/example_external_task_marker_dag.py
[2026-04-25T08:38:10.773+0000] {processor.py:840} INFO - DAG(s) 'example_external_task_marker_child', 'example_external_task_marker_parent' retrieved from /home/airflow/.local/lib/python3.12/site-packages/airflow/example_dags/example_external_task_marker_dag.py
[2026-04-25T08:38:10.791+0000] {logging_mixin.py:188} INFO - [2026-04-25T08:38:10.791+0000] {dag.py:3096} INFO - Sync 2 DAGs
[2026-04-25T08:38:10.802+0000] {logging_mixin.py:188} INFO - [2026-04-25T08:38:10.802+0000] {dag.py:3954} INFO - Setting next_dagrun for example_external_task_marker_child to None, run_after=None
[2026-04-25T08:38:10.806+0000] {logging_mixin.py:188} INFO - [2026-04-25T08:38:10.805+0000] {dag.py:3954} INFO - Setting next_dagrun for example_external_task_marker_parent to None, run_after=None
[2026-04-25T08:38:10.818+0000] {processor.py:183} INFO - Processing /home/airflow/.local/lib/python3.12/site-packages/airflow/example_dags/example_external_task_marker_dag.py took 0.057 seconds
[2026-04-25T08:38:41.011+0000] {processor.py:161} INFO - Started process (PID=733) to work on /home/airflow/.local/lib/python3.12/site-packages/airflow/example_dags/example_external_task_marker_dag.py
[2026-04-25T08:38:41.011+0000] {processor.py:830} INFO - Processing file /home/airflow/.local/lib/python3.12/site-packages/airflow/example_dags/example_external_task_marker_dag.py for tasks to queue
[2026-04-25T08:38:41.012+0000] {logging_mixin.py:188} INFO - [2026-04-25T08:38:41.012+0000] {dagbag.py:545} INFO - Filling up the DagBag from /home/airflow/.local/lib/python3.12/site-packages/airflow/example_dags/example_external_task_marker_dag.py
[2026-04-25T08:38:41.017+0000] {processor.py:840} INFO - DAG(s) 'example_external_task_marker_parent', 'example_external_task_marker_child' retrieved from /home/airflow/.local/lib/python3.12/site-packages/airflow/example_dags/example_external_task_marker_dag.py
[2026-04-25T08:38:41.035+0000] {logging_mixin.py:188} INFO - [2026-04-25T08:38:41.035+0000] {dag.py:3096} INFO - Sync 2 DAGs
[2026-04-25T08:38:41.046+0000] {logging_mixin.py:188} INFO - [2026-04-25T08:38:41.046+0000] {dag.py:3954} INFO - Setting next_dagrun for example_external_task_marker_child to None, run_after=None
[2026-04-25T08:38:41.049+0000] {logging_mixin.py:188} INFO - [2026-04-25T08:38:41.049+0000] {dag.py:3954} INFO - Setting next_dagrun for example_external_task_marker_parent to None, run_after=None
[2026-04-25T08:38:41.061+0000] {processor.py:183} INFO - Processing /home/airflow/.local/lib/python3.12/site-packages/airflow/example_dags/example_external_task_marker_dag.py took 0.055 seconds
[2026-04-25T08:39:11.524+0000] {processor.py:161} INFO - Started process (PID=791) to work on /home/airflow/.local/lib/python3.12/site-packages/airflow/example_dags/example_external_task_marker_dag.py
[2026-04-25T08:39:11.525+0000] {processor.py:830} INFO - Processing file /home/airflow/.local/lib/python3.12/site-packages/airflow/example_dags/example_external_task_marker_dag.py for tasks to queue
[2026-04-25T08:39:11.527+0000] {logging_mixin.py:188} INFO - [2026-04-25T08:39:11.526+0000] {dagbag.py:545} INFO - Filling up the DagBag from /home/airflow/.local/lib/python3.12/site-packages/airflow/example_dags/example_external_task_marker_dag.py
[2026-04-25T08:39:11.532+0000] {processor.py:840} INFO - DAG(s) 'example_external_task_marker_child', 'example_external_task_marker_parent' retrieved from /home/airflow/.local/lib/python3.12/site-packages/airflow/example_dags/example_external_task_marker_dag.py
[2026-04-25T08:39:11.551+0000] {logging_mixin.py:188} INFO - [2026-04-25T08:39:11.550+0000] {dag.py:3096} INFO - Sync 2 DAGs
[2026-04-25T08:39:11.562+0000] {logging_mixin.py:188} INFO - [2026-04-25T08:39:11.562+0000] {dag.py:3954} INFO - Setting next_dagrun for example_external_task_marker_child to None, run_after=None
[2026-04-25T08:39:11.565+0000] {logging_mixin.py:188} INFO - [2026-04-25T08:39:11.565+0000] {dag.py:3954} INFO - Setting next_dagrun for example_external_task_marker_parent to None, run_after=None
[2026-04-25T08:39:11.577+0000] {processor.py:183} INFO - Processing /home/airflow/.local/lib/python3.12/site-packages/airflow/example_dags/example_external_task_marker_dag.py took 0.058 seconds
[2026-04-25T08:39:41.738+0000] {processor.py:161} INFO - Started process (PID=849) to work on /home/airflow/.local/lib/python3.12/site-packages/airflow/example_dags/example_external_task_marker_dag.py
[2026-04-25T08:39:41.739+0000] {processor.py:830} INFO - Processing file /home/airflow/.local/lib/python3.12/site-packages/airflow/example_dags/example_external_task_marker_dag.py for tasks to queue
[2026-04-25T08:39:41.740+0000] {logging_mixin.py:188} INFO - [2026-04-25T08:39:41.740+0000] {dagbag.py:545} INFO - Filling up the DagBag from /home/airflow/.local/lib/python3.12/site-packages/airflow/example_dags/example_external_task_marker_dag.py
[2026-04-25T08:39:41.745+0000] {processor.py:840} INFO - DAG(s) 'example_external_task_marker_parent', 'example_external_task_marker_child' retrieved from /home/airflow/.local/lib/python3.12/site-packages/airflow/example_dags/example_external_task_marker_dag.py
[2026-04-25T08:39:41.763+0000] {logging_mixin.py:188} INFO - [2026-04-25T08:39:41.762+0000] {dag.py:3096} INFO - Sync 2 DAGs
[2026-04-25T08:39:41.774+0000] {logging_mixin.py:188} INFO - [2026-04-25T08:39:41.774+0000] {dag.py:3954} INFO - Setting next_dagrun for example_external_task_marker_child to None, run_after=None
[2026-04-25T08:39:41.777+0000] {logging_mixin.py:188} INFO - [2026-04-25T08:39:41.777+0000] {dag.py:3954} INFO - Setting next_dagrun for example_external_task_marker_parent to None, run_after=None
[2026-04-25T08:39:41.790+0000] {processor.py:183} INFO - Processing /home/airflow/.local/lib/python3.12/site-packages/airflow/example_dags/example_external_task_marker_dag.py took 0.057 seconds
[2026-04-25T08:40:12.002+0000] {processor.py:161} INFO - Started process (PID=907) to work on /home/airflow/.local/lib/python3.12/site-packages/airflow/example_dags/example_external_task_marker_dag.py
[2026-04-25T08:40:12.003+0000] {processor.py:830} INFO - Processing file /home/airflow/.local/lib/python3.12/site-packages/airflow/example_dags/example_external_task_marker_dag.py for tasks to queue
[2026-04-25T08:40:12.004+0000] {logging_mixin.py:188} INFO - [2026-04-25T08:40:12.004+0000] {dagbag.py:545} INFO - Filling up the DagBag from /home/airflow/.local/lib/python3.12/site-packages/airflow/example_dags/example_external_task_marker_dag.py
[2026-04-25T08:40:12.009+0000] {processor.py:840} INFO - DAG(s) 'example_external_task_marker_child', 'example_external_task_marker_parent' retrieved from /home/airflow/.local/lib/python3.12/site-packages/airflow/example_dags/example_external_task_marker_dag.py
[2026-04-25T08:40:12.029+0000] {logging_mixin.py:188} INFO - [2026-04-25T08:40:12.029+0000] {dag.py:3096} INFO - Sync 2 DAGs
[2026-04-25T08:40:12.040+0000] {logging_mixin.py:188} INFO - [2026-04-25T08:40:12.039+0000] {dag.py:3954} INFO - Setting next_dagrun for example_external_task_marker_child to None, run_after=None
[2026-04-25T08:40:12.043+0000] {logging_mixin.py:188} INFO - [2026-04-25T08:40:12.043+0000] {dag.py:3954} INFO - Setting next_dagrun for example_external_task_marker_parent to None, run_after=None
[2026-04-25T08:40:12.057+0000] {processor.py:183} INFO - Processing /home/airflow/.local/lib/python3.12/site-packages/airflow/example_dags/example_external_task_marker_dag.py took 0.060 seconds
[2026-04-25T08:40:42.492+0000] {processor.py:161} INFO - Started process (PID=965) to work on /home/airflow/.local/lib/python3.12/site-packages/airflow/example_dags/example_external_task_marker_dag.py
[2026-04-25T08:40:42.493+0000] {processor.py:830} INFO - Processing file /home/airflow/.local/lib/python3.12/site-packages/airflow/example_dags/example_external_task_marker_dag.py for tasks to queue
[2026-04-25T08:40:42.495+0000] {logging_mixin.py:188} INFO - [2026-04-25T08:40:42.495+0000] {dagbag.py:545} INFO - Filling up the DagBag from /home/airflow/.local/lib/python3.12/site-packages/airflow/example_dags/example_external_task_marker_dag.py
[2026-04-25T08:40:42.502+0000] {processor.py:840} INFO - DAG(s) 'example_external_task_marker_parent', 'example_external_task_marker_child' retrieved from /home/airflow/.local/lib/python3.12/site-packages/airflow/example_dags/example_external_task_marker_dag.py
[2026-04-25T08:40:42.531+0000] {logging_mixin.py:188} INFO - [2026-04-25T08:40:42.531+0000] {dag.py:3096} INFO - Sync 2 DAGs
[2026-04-25T08:40:42.548+0000] {logging_mixin.py:188} INFO - [2026-04-25T08:40:42.548+0000] {dag.py:3954} INFO - Setting next_dagrun for example_external_task_marker_child to None, run_after=None
[2026-04-25T08:40:42.554+0000] {logging_mixin.py:188} INFO - [2026-04-25T08:40:42.553+0000] {dag.py:3954} INFO - Setting next_dagrun for example_external_task_marker_parent to None, run_after=None
[2026-04-25T08:40:42.572+0000] {processor.py:183} INFO - Processing /home/airflow/.local/lib/python3.12/site-packages/airflow/example_dags/example_external_task_marker_dag.py took 0.086 seconds
[2026-04-25T08:41:13.115+0000] {processor.py:161} INFO - Started process (PID=1023) to work on /home/airflow/.local/lib/python3.12/site-packages/airflow/example_dags/example_external_task_marker_dag.py
[2026-04-25T08:41:13.115+0000] {processor.py:830} INFO - Processing file /home/airflow/.local/lib/python3.12/site-packages/airflow/example_dags/example_external_task_marker_dag.py for tasks to queue
[2026-04-25T08:41:13.117+0000] {logging_mixin.py:188} INFO - [2026-04-25T08:41:13.117+0000] {dagbag.py:545} INFO - Filling up the DagBag from /home/airflow/.local/lib/python3.12/site-packages/airflow/example_dags/example_external_task_marker_dag.py
[2026-04-25T08:41:13.122+0000] {processor.py:840} INFO - DAG(s) 'example_external_task_marker_parent', 'example_external_task_marker_child' retrieved from /home/airflow/.local/lib/python3.12/site-packages/airflow/example_dags/example_external_task_marker_dag.py
[2026-04-25T08:41:13.141+0000] {logging_mixin.py:188} INFO - [2026-04-25T08:41:13.141+0000] {dag.py:3096} INFO - Sync 2 DAGs
[2026-04-25T08:41:13.153+0000] {logging_mixin.py:188} INFO - [2026-04-25T08:41:13.153+0000] {dag.py:3954} INFO - Setting next_dagrun for example_external_task_marker_child to None, run_after=None
[2026-04-25T08:41:13.156+0000] {logging_mixin.py:188} INFO - [2026-04-25T08:41:13.156+0000] {dag.py:3954} INFO - Setting next_dagrun for example_external_task_marker_parent to None, run_after=None
[2026-04-25T08:41:13.168+0000] {processor.py:183} INFO - Processing /home/airflow/.local/lib/python3.12/site-packages/airflow/example_dags/example_external_task_marker_dag.py took 0.059 seconds
[2026-04-25T08:41:43.832+0000] {processor.py:161} INFO - Started process (PID=1081) to work on /home/airflow/.local/lib/python3.12/site-packages/airflow/example_dags/example_external_task_marker_dag.py
[2026-04-25T08:41:43.832+0000] {processor.py:830} INFO - Processing file /home/airflow/.local/lib/python3.12/site-packages/airflow/example_dags/example_external_task_marker_dag.py for tasks to queue
[2026-04-25T08:41:43.834+0000] {logging_mixin.py:188} INFO - [2026-04-25T08:41:43.833+0000] {dagbag.py:545} INFO - Filling up the DagBag from /home/airflow/.local/lib/python3.12/site-packages/airflow/example_dags/example_external_task_marker_dag.py
[2026-04-25T08:41:43.838+0000] {processor.py:840} INFO - DAG(s) 'example_external_task_marker_parent', 'example_external_task_marker_child' retrieved from /home/airflow/.local/lib/python3.12/site-packages/airflow/example_dags/example_external_task_marker_dag.py
[2026-04-25T08:41:43.857+0000] {logging_mixin.py:188} INFO - [2026-04-25T08:41:43.857+0000] {dag.py:3096} INFO - Sync 2 DAGs
[2026-04-25T08:41:43.868+0000] {logging_mixin.py:188} INFO - [2026-04-25T08:41:43.867+0000] {dag.py:3954} INFO - Setting next_dagrun for example_external_task_marker_child to None, run_after=None
[2026-04-25T08:41:43.871+0000] {logging_mixin.py:188} INFO - [2026-04-25T08:41:43.870+0000] {dag.py:3954} INFO - Setting next_dagrun for example_external_task_marker_parent to None, run_after=None
[2026-04-25T08:41:43.883+0000] {processor.py:183} INFO - Processing /home/airflow/.local/lib/python3.12/site-packages/airflow/example_dags/example_external_task_marker_dag.py took 0.056 seconds
[2026-04-25T08:42:14.016+0000] {processor.py:161} INFO - Started process (PID=1139) to work on /home/airflow/.local/lib/python3.12/site-packages/airflow/example_dags/example_external_task_marker_dag.py
[2026-04-25T08:42:14.017+0000] {processor.py:830} INFO - Processing file /home/airflow/.local/lib/python3.12/site-packages/airflow/example_dags/example_external_task_marker_dag.py for tasks to queue
[2026-04-25T08:42:14.018+0000] {logging_mixin.py:188} INFO - [2026-04-25T08:42:14.018+0000] {dagbag.py:545} INFO - Filling up the DagBag from /home/airflow/.local/lib/python3.12/site-packages/airflow/example_dags/example_external_task_marker_dag.py
[2026-04-25T08:42:14.024+0000] {processor.py:840} INFO - DAG(s) 'example_external_task_marker_parent', 'example_external_task_marker_child' retrieved from /home/airflow/.local/lib/python3.12/site-packages/airflow/example_dags/example_external_task_marker_dag.py
[2026-04-25T08:42:14.049+0000] {logging_mixin.py:188} INFO - [2026-04-25T08:42:14.048+0000] {dag.py:3096} INFO - Sync 2 DAGs
[2026-04-25T08:42:14.063+0000] {logging_mixin.py:188} INFO - [2026-04-25T08:42:14.062+0000] {dag.py:3954} INFO - Setting next_dagrun for example_external_task_marker_child to None, run_after=None
[2026-04-25T08:42:14.066+0000] {logging_mixin.py:188} INFO - [2026-04-25T08:42:14.066+0000] {dag.py:3954} INFO - Setting next_dagrun for example_external_task_marker_parent to None, run_after=None
[2026-04-25T08:42:14.080+0000] {processor.py:183} INFO - Processing /home/airflow/.local/lib/python3.12/site-packages/airflow/example_dags/example_external_task_marker_dag.py took 0.069 seconds
[2026-04-25T08:42:44.419+0000] {processor.py:161} INFO - Started process (PID=1197) to work on /home/airflow/.local/lib/python3.12/site-packages/airflow/example_dags/example_external_task_marker_dag.py
[2026-04-25T08:42:44.420+0000] {processor.py:830} INFO - Processing file /home/airflow/.local/lib/python3.12/site-packages/airflow/example_dags/example_external_task_marker_dag.py for tasks to queue
[2026-04-25T08:42:44.421+0000] {logging_mixin.py:188} INFO - [2026-04-25T08:42:44.421+0000] {dagbag.py:545} INFO - Filling up the DagBag from /home/airflow/.local/lib/python3.12/site-packages/airflow/example_dags/example_external_task_marker_dag.py
[2026-04-25T08:42:44.426+0000] {processor.py:840} INFO - DAG(s) 'example_external_task_marker_parent', 'example_external_task_marker_child' retrieved from /home/airflow/.local/lib/python3.12/site-packages/airflow/example_dags/example_external_task_marker_dag.py
[2026-04-25T08:42:44.444+0000] {logging_mixin.py:188} INFO - [2026-04-25T08:42:44.444+0000] {dag.py:3096} INFO - Sync 2 DAGs
[2026-04-25T08:42:44.454+0000] {logging_mixin.py:188} INFO - [2026-04-25T08:42:44.454+0000] {dag.py:3954} INFO - Setting next_dagrun for example_external_task_marker_child to None, run_after=None
[2026-04-25T08:42:44.457+0000] {logging_mixin.py:188} INFO - [2026-04-25T08:42:44.457+0000] {dag.py:3954} INFO - Setting next_dagrun for example_external_task_marker_parent to None, run_after=None
[2026-04-25T08:42:44.470+0000] {processor.py:183} INFO - Processing /home/airflow/.local/lib/python3.12/site-packages/airflow/example_dags/example_external_task_marker_dag.py took 0.056 seconds
[2026-04-25T08:43:15.025+0000] {processor.py:161} INFO - Started process (PID=1255) to work on /home/airflow/.local/lib/python3.12/site-packages/airflow/example_dags/example_external_task_marker_dag.py
[2026-04-25T08:43:15.026+0000] {processor.py:830} INFO - Processing file /home/airflow/.local/lib/python3.12/site-packages/airflow/example_dags/example_external_task_marker_dag.py for tasks to queue
[2026-04-25T08:43:15.027+0000] {logging_mixin.py:188} INFO - [2026-04-25T08:43:15.027+0000] {dagbag.py:545} INFO - Filling up the DagBag from /home/airflow/.local/lib/python3.12/site-packages/airflow/example_dags/example_external_task_marker_dag.py
[2026-04-25T08:43:15.032+0000] {processor.py:840} INFO - DAG(s) 'example_external_task_marker_parent', 'example_external_task_marker_child' retrieved from /home/airflow/.local/lib/python3.12/site-packages/airflow/example_dags/example_external_task_marker_dag.py
[2026-04-25T08:43:15.050+0000] {logging_mixin.py:188} INFO - [2026-04-25T08:43:15.050+0000] {dag.py:3096} INFO - Sync 2 DAGs
[2026-04-25T08:43:15.061+0000] {logging_mixin.py:188} INFO - [2026-04-25T08:43:15.061+0000] {dag.py:3954} INFO - Setting next_dagrun for example_external_task_marker_child to None, run_after=None
[2026-04-25T08:43:15.064+0000] {logging_mixin.py:188} INFO - [2026-04-25T08:43:15.064+0000] {dag.py:3954} INFO - Setting next_dagrun for example_external_task_marker_parent to None, run_after=None
[2026-04-25T08:43:15.077+0000] {processor.py:183} INFO - Processing /home/airflow/.local/lib/python3.12/site-packages/airflow/example_dags/example_external_task_marker_dag.py took 0.056 seconds
[2026-04-25T08:43:45.764+0000] {processor.py:161} INFO - Started process (PID=1313) to work on /home/airflow/.local/lib/python3.12/site-packages/airflow/example_dags/example_external_task_marker_dag.py
[2026-04-25T08:43:45.765+0000] {processor.py:830} INFO - Processing file /home/airflow/.local/lib/python3.12/site-packages/airflow/example_dags/example_external_task_marker_dag.py for tasks to queue
[2026-04-25T08:43:45.766+0000] {logging_mixin.py:188} INFO - [2026-04-25T08:43:45.766+0000] {dagbag.py:545} INFO - Filling up the DagBag from /home/airflow/.local/lib/python3.12/site-packages/airflow/example_dags/example_external_task_marker_dag.py
[2026-04-25T08:43:45.772+0000] {processor.py:840} INFO - DAG(s) 'example_external_task_marker_parent', 'example_external_task_marker_child' retrieved from /home/airflow/.local/lib/python3.12/site-packages/airflow/example_dags/example_external_task_marker_dag.py
[2026-04-25T08:43:45.793+0000] {logging_mixin.py:188} INFO - [2026-04-25T08:43:45.793+0000] {dag.py:3096} INFO - Sync 2 DAGs
[2026-04-25T08:43:45.805+0000] {logging_mixin.py:188} INFO - [2026-04-25T08:43:45.805+0000] {dag.py:3954} INFO - Setting next_dagrun for example_external_task_marker_child to None, run_after=None
[2026-04-25T08:43:45.809+0000] {logging_mixin.py:188} INFO - [2026-04-25T08:43:45.808+0000] {dag.py:3954} INFO - Setting next_dagrun for example_external_task_marker_parent to None, run_after=None
[2026-04-25T08:43:45.823+0000] {processor.py:183} INFO - Processing /home/airflow/.local/lib/python3.12/site-packages/airflow/example_dags/example_external_task_marker_dag.py took 0.065 seconds
[2026-04-25T08:44:15.875+0000] {processor.py:161} INFO - Started process (PID=1371) to work on /home/airflow/.local/lib/python3.12/site-packages/airflow/example_dags/example_external_task_marker_dag.py
[2026-04-25T08:44:15.876+0000] {processor.py:830} INFO - Processing file /home/airflow/.local/lib/python3.12/site-packages/airflow/example_dags/example_external_task_marker_dag.py for tasks to queue
[2026-04-25T08:44:15.877+0000] {logging_mixin.py:188} INFO - [2026-04-25T08:44:15.877+0000] {dagbag.py:545} INFO - Filling up the DagBag from /home/airflow/.local/lib/python3.12/site-packages/airflow/example_dags/example_external_task_marker_dag.py
[2026-04-25T08:44:15.882+0000] {processor.py:840} INFO - DAG(s) 'example_external_task_marker_parent', 'example_external_task_marker_child' retrieved from /home/airflow/.local/lib/python3.12/site-packages/airflow/example_dags/example_external_task_marker_dag.py
[2026-04-25T08:44:15.901+0000] {logging_mixin.py:188} INFO - [2026-04-25T08:44:15.901+0000] {dag.py:3096} INFO - Sync 2 DAGs
[2026-04-25T08:44:15.913+0000] {logging_mixin.py:188} INFO - [2026-04-25T08:44:15.912+0000] {dag.py:3954} INFO - Setting next_dagrun for example_external_task_marker_child to None, run_after=None
[2026-04-25T08:44:15.916+0000] {logging_mixin.py:188} INFO - [2026-04-25T08:44:15.916+0000] {dag.py:3954} INFO - Setting next_dagrun for example_external_task_marker_parent to None, run_after=None
[2026-04-25T08:44:15.928+0000] {processor.py:183} INFO - Processing /home/airflow/.local/lib/python3.12/site-packages/airflow/example_dags/example_external_task_marker_dag.py took 0.058 seconds
[2026-04-25T08:44:46.401+0000] {processor.py:161} INFO - Started process (PID=1429) to work on /home/airflow/.local/lib/python3.12/site-packages/airflow/example_dags/example_external_task_marker_dag.py
[2026-04-25T08:44:46.401+0000] {processor.py:830} INFO - Processing file /home/airflow/.local/lib/python3.12/site-packages/airflow/example_dags/example_external_task_marker_dag.py for tasks to queue
[2026-04-25T08:44:46.403+0000] {logging_mixin.py:188} INFO - [2026-04-25T08:44:46.403+0000] {dagbag.py:545} INFO - Filling up the DagBag from /home/airflow/.local/lib/python3.12/site-packages/airflow/example_dags/example_external_task_marker_dag.py
[2026-04-25T08:44:46.408+0000] {processor.py:840} INFO - DAG(s) 'example_external_task_marker_parent', 'example_external_task_marker_child' retrieved from /home/airflow/.local/lib/python3.12/site-packages/airflow/example_dags/example_external_task_marker_dag.py
[2026-04-25T08:44:46.426+0000] {logging_mixin.py:188} INFO - [2026-04-25T08:44:46.426+0000] {dag.py:3096} INFO - Sync 2 DAGs
[2026-04-25T08:44:46.437+0000] {logging_mixin.py:188} INFO - [2026-04-25T08:44:46.437+0000] {dag.py:3954} INFO - Setting next_dagrun for example_external_task_marker_child to None, run_after=None
[2026-04-25T08:44:46.440+0000] {logging_mixin.py:188} INFO - [2026-04-25T08:44:46.440+0000] {dag.py:3954} INFO - Setting next_dagrun for example_external_task_marker_parent to None, run_after=None
[2026-04-25T08:44:46.452+0000] {processor.py:183} INFO - Processing /home/airflow/.local/lib/python3.12/site-packages/airflow/example_dags/example_external_task_marker_dag.py took 0.056 seconds
[2026-04-25T08:45:17.389+0000] {processor.py:161} INFO - Started process (PID=1487) to work on /home/airflow/.local/lib/python3.12/site-packages/airflow/example_dags/example_external_task_marker_dag.py
[2026-04-25T08:45:17.389+0000] {processor.py:830} INFO - Processing file /home/airflow/.local/lib/python3.12/site-packages/airflow/example_dags/example_external_task_marker_dag.py for tasks to queue
[2026-04-25T08:45:17.391+0000] {logging_mixin.py:188} INFO - [2026-04-25T08:45:17.391+0000] {dagbag.py:545} INFO - Filling up the DagBag from /home/airflow/.local/lib/python3.12/site-packages/airflow/example_dags/example_external_task_marker_dag.py
[2026-04-25T08:45:17.396+0000] {processor.py:840} INFO - DAG(s) 'example_external_task_marker_parent', 'example_external_task_marker_child' retrieved from /home/airflow/.local/lib/python3.12/site-packages/airflow/example_dags/example_external_task_marker_dag.py
[2026-04-25T08:45:17.415+0000] {logging_mixin.py:188} INFO - [2026-04-25T08:45:17.415+0000] {dag.py:3096} INFO - Sync 2 DAGs
[2026-04-25T08:45:17.426+0000] {logging_mixin.py:188} INFO - [2026-04-25T08:45:17.426+0000] {dag.py:3954} INFO - Setting next_dagrun for example_external_task_marker_child to None, run_after=None
[2026-04-25T08:45:17.429+0000] {logging_mixin.py:188} INFO - [2026-04-25T08:45:17.429+0000] {dag.py:3954} INFO - Setting next_dagrun for example_external_task_marker_parent to None, run_after=None
[2026-04-25T08:45:17.442+0000] {processor.py:183} INFO - Processing /home/airflow/.local/lib/python3.12/site-packages/airflow/example_dags/example_external_task_marker_dag.py took 0.058 seconds
[2026-04-25T08:45:48.430+0000] {processor.py:161} INFO - Started process (PID=1545) to work on /home/airflow/.local/lib/python3.12/site-packages/airflow/example_dags/example_external_task_marker_dag.py
[2026-04-25T08:45:48.430+0000] {processor.py:830} INFO - Processing file /home/airflow/.local/lib/python3.12/site-packages/airflow/example_dags/example_external_task_marker_dag.py for tasks to queue
[2026-04-25T08:45:48.432+0000] {logging_mixin.py:188} INFO - [2026-04-25T08:45:48.431+0000] {dagbag.py:545} INFO - Filling up the DagBag from /home/airflow/.local/lib/python3.12/site-packages/airflow/example_dags/example_external_task_marker_dag.py
[2026-04-25T08:45:48.436+0000] {processor.py:840} INFO - DAG(s) 'example_external_task_marker_child', 'example_external_task_marker_parent' retrieved from /home/airflow/.local/lib/python3.12/site-packages/airflow/example_dags/example_external_task_marker_dag.py
[2026-04-25T08:45:48.454+0000] {logging_mixin.py:188} INFO - [2026-04-25T08:45:48.454+0000] {dag.py:3096} INFO - Sync 2 DAGs
[2026-04-25T08:45:48.469+0000] {logging_mixin.py:188} INFO - [2026-04-25T08:45:48.468+0000] {dag.py:3954} INFO - Setting next_dagrun for example_external_task_marker_child to None, run_after=None
[2026-04-25T08:45:48.472+0000] {logging_mixin.py:188} INFO - [2026-04-25T08:45:48.472+0000] {dag.py:3954} INFO - Setting next_dagrun for example_external_task_marker_parent to None, run_after=None
[2026-04-25T08:45:48.485+0000] {processor.py:183} INFO - Processing /home/airflow/.local/lib/python3.12/site-packages/airflow/example_dags/example_external_task_marker_dag.py took 0.061 seconds
[2026-04-25T08:46:19.249+0000] {processor.py:161} INFO - Started process (PID=1603) to work on /home/airflow/.local/lib/python3.12/site-packages/airflow/example_dags/example_external_task_marker_dag.py
[2026-04-25T08:46:19.250+0000] {processor.py:830} INFO - Processing file /home/airflow/.local/lib/python3.12/site-packages/airflow/example_dags/example_external_task_marker_dag.py for tasks to queue
[2026-04-25T08:46:19.251+0000] {logging_mixin.py:188} INFO - [2026-04-25T08:46:19.251+0000] {dagbag.py:545} INFO - Filling up the DagBag from /home/airflow/.local/lib/python3.12/site-packages/airflow/example_dags/example_external_task_marker_dag.py
[2026-04-25T08:46:19.256+0000] {processor.py:840} INFO - DAG(s) 'example_external_task_marker_child', 'example_external_task_marker_parent' retrieved from /home/airflow/.local/lib/python3.12/site-packages/airflow/example_dags/example_external_task_marker_dag.py
[2026-04-25T08:46:19.275+0000] {logging_mixin.py:188} INFO - [2026-04-25T08:46:19.275+0000] {dag.py:3096} INFO - Sync 2 DAGs
[2026-04-25T08:46:19.417+0000] {logging_mixin.py:188} INFO - [2026-04-25T08:46:19.417+0000] {dag.py:3954} INFO - Setting next_dagrun for example_external_task_marker_child to None, run_after=None
[2026-04-25T08:46:19.420+0000] {logging_mixin.py:188} INFO - [2026-04-25T08:46:19.420+0000] {dag.py:3954} INFO - Setting next_dagrun for example_external_task_marker_parent to None, run_after=None
[2026-04-25T08:46:19.433+0000] {processor.py:183} INFO - Processing /home/airflow/.local/lib/python3.12/site-packages/airflow/example_dags/example_external_task_marker_dag.py took 0.189 seconds
[2026-04-25T08:46:49.505+0000] {processor.py:161} INFO - Started process (PID=1661) to work on /home/airflow/.local/lib/python3.12/site-packages/airflow/example_dags/example_external_task_marker_dag.py
[2026-04-25T08:46:49.506+0000] {processor.py:830} INFO - Processing file /home/airflow/.local/lib/python3.12/site-packages/airflow/example_dags/example_external_task_marker_dag.py for tasks to queue
[2026-04-25T08:46:49.508+0000] {logging_mixin.py:188} INFO - [2026-04-25T08:46:49.507+0000] {dagbag.py:545} INFO - Filling up the DagBag from /home/airflow/.local/lib/python3.12/site-packages/airflow/example_dags/example_external_task_marker_dag.py
[2026-04-25T08:46:49.515+0000] {processor.py:840} INFO - DAG(s) 'example_external_task_marker_child', 'example_external_task_marker_parent' retrieved from /home/airflow/.local/lib/python3.12/site-packages/airflow/example_dags/example_external_task_marker_dag.py
[2026-04-25T08:46:49.539+0000] {logging_mixin.py:188} INFO - [2026-04-25T08:46:49.539+0000] {dag.py:3096} INFO - Sync 2 DAGs
[2026-04-25T08:46:49.551+0000] {logging_mixin.py:188} INFO - [2026-04-25T08:46:49.550+0000] {dag.py:3954} INFO - Setting next_dagrun for example_external_task_marker_child to None, run_after=None
[2026-04-25T08:46:49.554+0000] {logging_mixin.py:188} INFO - [2026-04-25T08:46:49.554+0000] {dag.py:3954} INFO - Setting next_dagrun for example_external_task_marker_parent to None, run_after=None
[2026-04-25T08:46:49.567+0000] {processor.py:183} INFO - Processing /home/airflow/.local/lib/python3.12/site-packages/airflow/example_dags/example_external_task_marker_dag.py took 0.066 seconds
[2026-04-25T08:47:20.048+0000] {processor.py:161} INFO - Started process (PID=1719) to work on /home/airflow/.local/lib/python3.12/site-packages/airflow/example_dags/example_external_task_marker_dag.py
[2026-04-25T08:47:20.049+0000] {processor.py:830} INFO - Processing file /home/airflow/.local/lib/python3.12/site-packages/airflow/example_dags/example_external_task_marker_dag.py for tasks to queue
[2026-04-25T08:47:20.050+0000] {logging_mixin.py:188} INFO - [2026-04-25T08:47:20.050+0000] {dagbag.py:545} INFO - Filling up the DagBag from /home/airflow/.local/lib/python3.12/site-packages/airflow/example_dags/example_external_task_marker_dag.py
[2026-04-25T08:47:20.055+0000] {processor.py:840} INFO - DAG(s) 'example_external_task_marker_parent', 'example_external_task_marker_child' retrieved from /home/airflow/.local/lib/python3.12/site-packages/airflow/example_dags/example_external_task_marker_dag.py
[2026-04-25T08:47:20.073+0000] {logging_mixin.py:188} INFO - [2026-04-25T08:47:20.072+0000] {dag.py:3096} INFO - Sync 2 DAGs
[2026-04-25T08:47:20.084+0000] {logging_mixin.py:188} INFO - [2026-04-25T08:47:20.084+0000] {dag.py:3954} INFO - Setting next_dagrun for example_external_task_marker_child to None, run_after=None
[2026-04-25T08:47:20.087+0000] {logging_mixin.py:188} INFO - [2026-04-25T08:47:20.086+0000] {dag.py:3954} INFO - Setting next_dagrun for example_external_task_marker_parent to None, run_after=None
[2026-04-25T08:47:20.099+0000] {processor.py:183} INFO - Processing /home/airflow/.local/lib/python3.12/site-packages/airflow/example_dags/example_external_task_marker_dag.py took 0.055 seconds
[2026-04-25T08:47:50.434+0000] {processor.py:161} INFO - Started process (PID=1777) to work on /home/airflow/.local/lib/python3.12/site-packages/airflow/example_dags/example_external_task_marker_dag.py
[2026-04-25T08:47:50.435+0000] {processor.py:830} INFO - Processing file /home/airflow/.local/lib/python3.12/site-packages/airflow/example_dags/example_external_task_marker_dag.py for tasks to queue
[2026-04-25T08:47:50.436+0000] {logging_mixin.py:188} INFO - [2026-04-25T08:47:50.436+0000] {dagbag.py:545} INFO - Filling up the DagBag from /home/airflow/.local/lib/python3.12/site-packages/airflow/example_dags/example_external_task_marker_dag.py
[2026-04-25T08:47:50.441+0000] {processor.py:840} INFO - DAG(s) 'example_external_task_marker_parent', 'example_external_task_marker_child' retrieved from /home/airflow/.local/lib/python3.12/site-packages/airflow/example_dags/example_external_task_marker_dag.py
[2026-04-25T08:47:50.459+0000] {logging_mixin.py:188} INFO - [2026-04-25T08:47:50.459+0000] {dag.py:3096} INFO - Sync 2 DAGs
[2026-04-25T08:47:50.470+0000] {logging_mixin.py:188} INFO - [2026-04-25T08:47:50.470+0000] {dag.py:3954} INFO - Setting next_dagrun for example_external_task_marker_child to None, run_after=None
[2026-04-25T08:47:50.473+0000] {logging_mixin.py:188} INFO - [2026-04-25T08:47:50.473+0000] {dag.py:3954} INFO - Setting next_dagrun for example_external_task_marker_parent to None, run_after=None
[2026-04-25T08:47:50.486+0000] {processor.py:183} INFO - Processing /home/airflow/.local/lib/python3.12/site-packages/airflow/example_dags/example_external_task_marker_dag.py took 0.056 seconds
[2026-04-25T08:48:21.211+0000] {processor.py:161} INFO - Started process (PID=1835) to work on /home/airflow/.local/lib/python3.12/site-packages/airflow/example_dags/example_external_task_marker_dag.py
[2026-04-25T08:48:21.212+0000] {processor.py:830} INFO - Processing file /home/airflow/.local/lib/python3.12/site-packages/airflow/example_dags/example_external_task_marker_dag.py for tasks to queue
[2026-04-25T08:48:21.214+0000] {logging_mixin.py:188} INFO - [2026-04-25T08:48:21.214+0000] {dagbag.py:545} INFO - Filling up the DagBag from /home/airflow/.local/lib/python3.12/site-packages/airflow/example_dags/example_external_task_marker_dag.py
[2026-04-25T08:48:21.221+0000] {processor.py:840} INFO - DAG(s) 'example_external_task_marker_parent', 'example_external_task_marker_child' retrieved from /home/airflow/.local/lib/python3.12/site-packages/airflow/example_dags/example_external_task_marker_dag.py
[2026-04-25T08:48:21.248+0000] {logging_mixin.py:188} INFO - [2026-04-25T08:48:21.248+0000] {dag.py:3096} INFO - Sync 2 DAGs
[2026-04-25T08:48:21.264+0000] {logging_mixin.py:188} INFO - [2026-04-25T08:48:21.263+0000] {dag.py:3954} INFO - Setting next_dagrun for example_external_task_marker_child to None, run_after=None
[2026-04-25T08:48:21.268+0000] {logging_mixin.py:188} INFO - [2026-04-25T08:48:21.268+0000] {dag.py:3954} INFO - Setting next_dagrun for example_external_task_marker_parent to None, run_after=None
[2026-04-25T08:48:21.294+0000] {processor.py:183} INFO - Processing /home/airflow/.local/lib/python3.12/site-packages/airflow/example_dags/example_external_task_marker_dag.py took 0.089 seconds
[2026-04-25T08:48:52.136+0000] {processor.py:161} INFO - Started process (PID=1893) to work on /home/airflow/.local/lib/python3.12/site-packages/airflow/example_dags/example_external_task_marker_dag.py
[2026-04-25T08:48:52.137+0000] {processor.py:830} INFO - Processing file /home/airflow/.local/lib/python3.12/site-packages/airflow/example_dags/example_external_task_marker_dag.py for tasks to queue
[2026-04-25T08:48:52.138+0000] {logging_mixin.py:188} INFO - [2026-04-25T08:48:52.138+0000] {dagbag.py:545} INFO - Filling up the DagBag from /home/airflow/.local/lib/python3.12/site-packages/airflow/example_dags/example_external_task_marker_dag.py
[2026-04-25T08:48:52.143+0000] {processor.py:840} INFO - DAG(s) 'example_external_task_marker_child', 'example_external_task_marker_parent' retrieved from /home/airflow/.local/lib/python3.12/site-packages/airflow/example_dags/example_external_task_marker_dag.py
[2026-04-25T08:48:52.163+0000] {logging_mixin.py:188} INFO - [2026-04-25T08:48:52.163+0000] {dag.py:3096} INFO - Sync 2 DAGs
[2026-04-25T08:48:52.178+0000] {logging_mixin.py:188} INFO - [2026-04-25T08:48:52.177+0000] {dag.py:3954} INFO - Setting next_dagrun for example_external_task_marker_child to None, run_after=None
[2026-04-25T08:48:52.182+0000] {logging_mixin.py:188} INFO - [2026-04-25T08:48:52.181+0000] {dag.py:3954} INFO - Setting next_dagrun for example_external_task_marker_parent to None, run_after=None
[2026-04-25T08:48:52.197+0000] {processor.py:183} INFO - Processing /home/airflow/.local/lib/python3.12/site-packages/airflow/example_dags/example_external_task_marker_dag.py took 0.065 seconds
[2026-04-25T08:49:22.629+0000] {processor.py:161} INFO - Started process (PID=1951) to work on /home/airflow/.local/lib/python3.12/site-packages/airflow/example_dags/example_external_task_marker_dag.py
[2026-04-25T08:49:22.630+0000] {processor.py:830} INFO - Processing file /home/airflow/.local/lib/python3.12/site-packages/airflow/example_dags/example_external_task_marker_dag.py for tasks to queue
[2026-04-25T08:49:22.631+0000] {logging_mixin.py:188} INFO - [2026-04-25T08:49:22.631+0000] {dagbag.py:545} INFO - Filling up the DagBag from /home/airflow/.local/lib/python3.12/site-packages/airflow/example_dags/example_external_task_marker_dag.py
[2026-04-25T08:49:22.636+0000] {processor.py:840} INFO - DAG(s) 'example_external_task_marker_parent', 'example_external_task_marker_child' retrieved from /home/airflow/.local/lib/python3.12/site-packages/airflow/example_dags/example_external_task_marker_dag.py
[2026-04-25T08:49:22.654+0000] {logging_mixin.py:188} INFO - [2026-04-25T08:49:22.654+0000] {dag.py:3096} INFO - Sync 2 DAGs
[2026-04-25T08:49:22.665+0000] {logging_mixin.py:188} INFO - [2026-04-25T08:49:22.665+0000] {dag.py:3954} INFO - Setting next_dagrun for example_external_task_marker_child to None, run_after=None
[2026-04-25T08:49:22.668+0000] {logging_mixin.py:188} INFO - [2026-04-25T08:49:22.668+0000] {dag.py:3954} INFO - Setting next_dagrun for example_external_task_marker_parent to None, run_after=None
[2026-04-25T08:49:22.680+0000] {processor.py:183} INFO - Processing /home/airflow/.local/lib/python3.12/site-packages/airflow/example_dags/example_external_task_marker_dag.py took 0.055 seconds
[2026-04-25T08:49:53.165+0000] {processor.py:161} INFO - Started process (PID=2009) to work on /home/airflow/.local/lib/python3.12/site-packages/airflow/example_dags/example_external_task_marker_dag.py
[2026-04-25T08:49:53.165+0000] {processor.py:830} INFO - Processing file /home/airflow/.local/lib/python3.12/site-packages/airflow/example_dags/example_external_task_marker_dag.py for tasks to queue
[2026-04-25T08:49:53.167+0000] {logging_mixin.py:188} INFO - [2026-04-25T08:49:53.167+0000] {dagbag.py:545} INFO - Filling up the DagBag from /home/airflow/.local/lib/python3.12/site-packages/airflow/example_dags/example_external_task_marker_dag.py
[2026-04-25T08:49:53.172+0000] {processor.py:840} INFO - DAG(s) 'example_external_task_marker_child', 'example_external_task_marker_parent' retrieved from /home/airflow/.local/lib/python3.12/site-packages/airflow/example_dags/example_external_task_marker_dag.py
[2026-04-25T08:49:53.190+0000] {logging_mixin.py:188} INFO - [2026-04-25T08:49:53.190+0000] {dag.py:3096} INFO - Sync 2 DAGs
[2026-04-25T08:49:53.201+0000] {logging_mixin.py:188} INFO - [2026-04-25T08:49:53.201+0000] {dag.py:3954} INFO - Setting next_dagrun for example_external_task_marker_child to None, run_after=None
[2026-04-25T08:49:53.204+0000] {logging_mixin.py:188} INFO - [2026-04-25T08:49:53.204+0000] {dag.py:3954} INFO - Setting next_dagrun for example_external_task_marker_parent to None, run_after=None
[2026-04-25T08:49:53.216+0000] {processor.py:183} INFO - Processing /home/airflow/.local/lib/python3.12/site-packages/airflow/example_dags/example_external_task_marker_dag.py took 0.056 seconds
[2026-04-25T08:50:23.605+0000] {processor.py:161} INFO - Started process (PID=2067) to work on /home/airflow/.local/lib/python3.12/site-packages/airflow/example_dags/example_external_task_marker_dag.py
[2026-04-25T08:50:23.606+0000] {processor.py:830} INFO - Processing file /home/airflow/.local/lib/python3.12/site-packages/airflow/example_dags/example_external_task_marker_dag.py for tasks to queue
[2026-04-25T08:50:23.607+0000] {logging_mixin.py:188} INFO - [2026-04-25T08:50:23.607+0000] {dagbag.py:545} INFO - Filling up the DagBag from /home/airflow/.local/lib/python3.12/site-packages/airflow/example_dags/example_external_task_marker_dag.py
[2026-04-25T08:50:23.612+0000] {processor.py:840} INFO - DAG(s) 'example_external_task_marker_parent', 'example_external_task_marker_child' retrieved from /home/airflow/.local/lib/python3.12/site-packages/airflow/example_dags/example_external_task_marker_dag.py
[2026-04-25T08:50:23.631+0000] {logging_mixin.py:188} INFO - [2026-04-25T08:50:23.630+0000] {dag.py:3096} INFO - Sync 2 DAGs
[2026-04-25T08:50:23.641+0000] {logging_mixin.py:188} INFO - [2026-04-25T08:50:23.641+0000] {dag.py:3954} INFO - Setting next_dagrun for example_external_task_marker_child to None, run_after=None
[2026-04-25T08:50:23.644+0000] {logging_mixin.py:188} INFO - [2026-04-25T08:50:23.644+0000] {dag.py:3954} INFO - Setting next_dagrun for example_external_task_marker_parent to None, run_after=None
[2026-04-25T08:50:23.656+0000] {processor.py:183} INFO - Processing /home/airflow/.local/lib/python3.12/site-packages/airflow/example_dags/example_external_task_marker_dag.py took 0.056 seconds
[2026-04-25T08:50:54.100+0000] {processor.py:161} INFO - Started process (PID=2125) to work on /home/airflow/.local/lib/python3.12/site-packages/airflow/example_dags/example_external_task_marker_dag.py
[2026-04-25T08:50:54.101+0000] {processor.py:830} INFO - Processing file /home/airflow/.local/lib/python3.12/site-packages/airflow/example_dags/example_external_task_marker_dag.py for tasks to queue
[2026-04-25T08:50:54.103+0000] {logging_mixin.py:188} INFO - [2026-04-25T08:50:54.103+0000] {dagbag.py:545} INFO - Filling up the DagBag from /home/airflow/.local/lib/python3.12/site-packages/airflow/example_dags/example_external_task_marker_dag.py
[2026-04-25T08:50:54.111+0000] {processor.py:840} INFO - DAG(s) 'example_external_task_marker_child', 'example_external_task_marker_parent' retrieved from /home/airflow/.local/lib/python3.12/site-packages/airflow/example_dags/example_external_task_marker_dag.py
[2026-04-25T08:50:54.138+0000] {logging_mixin.py:188} INFO - [2026-04-25T08:50:54.138+0000] {dag.py:3096} INFO - Sync 2 DAGs
[2026-04-25T08:50:54.154+0000] {logging_mixin.py:188} INFO - [2026-04-25T08:50:54.154+0000] {dag.py:3954} INFO - Setting next_dagrun for example_external_task_marker_child to None, run_after=None
[2026-04-25T08:50:54.158+0000] {logging_mixin.py:188} INFO - [2026-04-25T08:50:54.158+0000] {dag.py:3954} INFO - Setting next_dagrun for example_external_task_marker_parent to None, run_after=None
[2026-04-25T08:50:54.175+0000] {processor.py:183} INFO - Processing /home/airflow/.local/lib/python3.12/site-packages/airflow/example_dags/example_external_task_marker_dag.py took 0.082 seconds
[2026-04-25T08:51:24.716+0000] {processor.py:161} INFO - Started process (PID=2183) to work on /home/airflow/.local/lib/python3.12/site-packages/airflow/example_dags/example_external_task_marker_dag.py
[2026-04-25T08:51:24.717+0000] {processor.py:830} INFO - Processing file /home/airflow/.local/lib/python3.12/site-packages/airflow/example_dags/example_external_task_marker_dag.py for tasks to queue
[2026-04-25T08:51:24.719+0000] {logging_mixin.py:188} INFO - [2026-04-25T08:51:24.719+0000] {dagbag.py:545} INFO - Filling up the DagBag from /home/airflow/.local/lib/python3.12/site-packages/airflow/example_dags/example_external_task_marker_dag.py
[2026-04-25T08:51:24.725+0000] {processor.py:840} INFO - DAG(s) 'example_external_task_marker_child', 'example_external_task_marker_parent' retrieved from /home/airflow/.local/lib/python3.12/site-packages/airflow/example_dags/example_external_task_marker_dag.py
[2026-04-25T08:51:24.749+0000] {logging_mixin.py:188} INFO - [2026-04-25T08:51:24.749+0000] {dag.py:3096} INFO - Sync 2 DAGs
[2026-04-25T08:51:24.766+0000] {logging_mixin.py:188} INFO - [2026-04-25T08:51:24.766+0000] {dag.py:3954} INFO - Setting next_dagrun for example_external_task_marker_child to None, run_after=None
[2026-04-25T08:51:24.771+0000] {logging_mixin.py:188} INFO - [2026-04-25T08:51:24.770+0000] {dag.py:3954} INFO - Setting next_dagrun for example_external_task_marker_parent to None, run_after=None
[2026-04-25T08:51:24.787+0000] {processor.py:183} INFO - Processing /home/airflow/.local/lib/python3.12/site-packages/airflow/example_dags/example_external_task_marker_dag.py took 0.077 seconds
[2026-04-25T08:51:55.729+0000] {processor.py:161} INFO - Started process (PID=2241) to work on /home/airflow/.local/lib/python3.12/site-packages/airflow/example_dags/example_external_task_marker_dag.py
[2026-04-25T08:51:55.730+0000] {processor.py:830} INFO - Processing file /home/airflow/.local/lib/python3.12/site-packages/airflow/example_dags/example_external_task_marker_dag.py for tasks to queue
[2026-04-25T08:51:55.731+0000] {logging_mixin.py:188} INFO - [2026-04-25T08:51:55.731+0000] {dagbag.py:545} INFO - Filling up the DagBag from /home/airflow/.local/lib/python3.12/site-packages/airflow/example_dags/example_external_task_marker_dag.py
[2026-04-25T08:51:55.736+0000] {processor.py:840} INFO - DAG(s) 'example_external_task_marker_parent', 'example_external_task_marker_child' retrieved from /home/airflow/.local/lib/python3.12/site-packages/airflow/example_dags/example_external_task_marker_dag.py
[2026-04-25T08:51:55.755+0000] {logging_mixin.py:188} INFO - [2026-04-25T08:51:55.755+0000] {dag.py:3096} INFO - Sync 2 DAGs
[2026-04-25T08:51:55.766+0000] {logging_mixin.py:188} INFO - [2026-04-25T08:51:55.766+0000] {dag.py:3954} INFO - Setting next_dagrun for example_external_task_marker_child to None, run_after=None
[2026-04-25T08:51:55.769+0000] {logging_mixin.py:188} INFO - [2026-04-25T08:51:55.769+0000] {dag.py:3954} INFO - Setting next_dagrun for example_external_task_marker_parent to None, run_after=None
[2026-04-25T08:51:55.782+0000] {processor.py:183} INFO - Processing /home/airflow/.local/lib/python3.12/site-packages/airflow/example_dags/example_external_task_marker_dag.py took 0.058 seconds
[2026-04-25T08:52:26.330+0000] {processor.py:161} INFO - Started process (PID=2299) to work on /home/airflow/.local/lib/python3.12/site-packages/airflow/example_dags/example_external_task_marker_dag.py
[2026-04-25T08:52:26.330+0000] {processor.py:830} INFO - Processing file /home/airflow/.local/lib/python3.12/site-packages/airflow/example_dags/example_external_task_marker_dag.py for tasks to queue
[2026-04-25T08:52:26.332+0000] {logging_mixin.py:188} INFO - [2026-04-25T08:52:26.332+0000] {dagbag.py:545} INFO - Filling up the DagBag from /home/airflow/.local/lib/python3.12/site-packages/airflow/example_dags/example_external_task_marker_dag.py
[2026-04-25T08:52:26.337+0000] {processor.py:840} INFO - DAG(s) 'example_external_task_marker_parent', 'example_external_task_marker_child' retrieved from /home/airflow/.local/lib/python3.12/site-packages/airflow/example_dags/example_external_task_marker_dag.py
[2026-04-25T08:52:26.357+0000] {logging_mixin.py:188} INFO - [2026-04-25T08:52:26.357+0000] {dag.py:3096} INFO - Sync 2 DAGs
[2026-04-25T08:52:26.369+0000] {logging_mixin.py:188} INFO - [2026-04-25T08:52:26.368+0000] {dag.py:3954} INFO - Setting next_dagrun for example_external_task_marker_child to None, run_after=None
[2026-04-25T08:52:26.372+0000] {logging_mixin.py:188} INFO - [2026-04-25T08:52:26.372+0000] {dag.py:3954} INFO - Setting next_dagrun for example_external_task_marker_parent to None, run_after=None
[2026-04-25T08:52:26.384+0000] {processor.py:183} INFO - Processing /home/airflow/.local/lib/python3.12/site-packages/airflow/example_dags/example_external_task_marker_dag.py took 0.060 seconds
[2026-04-25T08:52:56.947+0000] {processor.py:161} INFO - Started process (PID=2357) to work on /home/airflow/.local/lib/python3.12/site-packages/airflow/example_dags/example_external_task_marker_dag.py
[2026-04-25T08:52:56.948+0000] {processor.py:830} INFO - Processing file /home/airflow/.local/lib/python3.12/site-packages/airflow/example_dags/example_external_task_marker_dag.py for tasks to queue
[2026-04-25T08:52:56.949+0000] {logging_mixin.py:188} INFO - [2026-04-25T08:52:56.949+0000] {dagbag.py:545} INFO - Filling up the DagBag from /home/airflow/.local/lib/python3.12/site-packages/airflow/example_dags/example_external_task_marker_dag.py
[2026-04-25T08:52:56.954+0000] {processor.py:840} INFO - DAG(s) 'example_external_task_marker_parent', 'example_external_task_marker_child' retrieved from /home/airflow/.local/lib/python3.12/site-packages/airflow/example_dags/example_external_task_marker_dag.py
[2026-04-25T08:52:56.972+0000] {logging_mixin.py:188} INFO - [2026-04-25T08:52:56.972+0000] {dag.py:3096} INFO - Sync 2 DAGs
[2026-04-25T08:52:56.983+0000] {logging_mixin.py:188} INFO - [2026-04-25T08:52:56.982+0000] {dag.py:3954} INFO - Setting next_dagrun for example_external_task_marker_child to None, run_after=None
[2026-04-25T08:52:56.985+0000] {logging_mixin.py:188} INFO - [2026-04-25T08:52:56.985+0000] {dag.py:3954} INFO - Setting next_dagrun for example_external_task_marker_parent to None, run_after=None
[2026-04-25T08:52:56.997+0000] {processor.py:183} INFO - Processing /home/airflow/.local/lib/python3.12/site-packages/airflow/example_dags/example_external_task_marker_dag.py took 0.055 seconds
[2026-04-25T08:53:27.659+0000] {processor.py:161} INFO - Started process (PID=2415) to work on /home/airflow/.local/lib/python3.12/site-packages/airflow/example_dags/example_external_task_marker_dag.py
[2026-04-25T08:53:27.660+0000] {processor.py:830} INFO - Processing file /home/airflow/.local/lib/python3.12/site-packages/airflow/example_dags/example_external_task_marker_dag.py for tasks to queue
[2026-04-25T08:53:27.661+0000] {logging_mixin.py:188} INFO - [2026-04-25T08:53:27.661+0000] {dagbag.py:545} INFO - Filling up the DagBag from /home/airflow/.local/lib/python3.12/site-packages/airflow/example_dags/example_external_task_marker_dag.py
[2026-04-25T08:53:27.669+0000] {processor.py:840} INFO - DAG(s) 'example_external_task_marker_child', 'example_external_task_marker_parent' retrieved from /home/airflow/.local/lib/python3.12/site-packages/airflow/example_dags/example_external_task_marker_dag.py
[2026-04-25T08:53:27.689+0000] {logging_mixin.py:188} INFO - [2026-04-25T08:53:27.689+0000] {dag.py:3096} INFO - Sync 2 DAGs
[2026-04-25T08:53:27.700+0000] {logging_mixin.py:188} INFO - [2026-04-25T08:53:27.699+0000] {dag.py:3954} INFO - Setting next_dagrun for example_external_task_marker_child to None, run_after=None
[2026-04-25T08:53:27.703+0000] {logging_mixin.py:188} INFO - [2026-04-25T08:53:27.702+0000] {dag.py:3954} INFO - Setting next_dagrun for example_external_task_marker_parent to None, run_after=None
[2026-04-25T08:53:27.714+0000] {processor.py:183} INFO - Processing /home/airflow/.local/lib/python3.12/site-packages/airflow/example_dags/example_external_task_marker_dag.py took 0.060 seconds
[2026-04-25T08:53:58.060+0000] {processor.py:161} INFO - Started process (PID=2473) to work on /home/airflow/.local/lib/python3.12/site-packages/airflow/example_dags/example_external_task_marker_dag.py
[2026-04-25T08:53:58.061+0000] {processor.py:830} INFO - Processing file /home/airflow/.local/lib/python3.12/site-packages/airflow/example_dags/example_external_task_marker_dag.py for tasks to queue
[2026-04-25T08:53:58.063+0000] {logging_mixin.py:188} INFO - [2026-04-25T08:53:58.062+0000] {dagbag.py:545} INFO - Filling up the DagBag from /home/airflow/.local/lib/python3.12/site-packages/airflow/example_dags/example_external_task_marker_dag.py
[2026-04-25T08:53:58.070+0000] {processor.py:840} INFO - DAG(s) 'example_external_task_marker_parent', 'example_external_task_marker_child' retrieved from /home/airflow/.local/lib/python3.12/site-packages/airflow/example_dags/example_external_task_marker_dag.py
[2026-04-25T08:53:58.091+0000] {logging_mixin.py:188} INFO - [2026-04-25T08:53:58.091+0000] {dag.py:3096} INFO - Sync 2 DAGs
[2026-04-25T08:53:58.107+0000] {logging_mixin.py:188} INFO - [2026-04-25T08:53:58.106+0000] {dag.py:3954} INFO - Setting next_dagrun for example_external_task_marker_child to None, run_after=None
[2026-04-25T08:53:58.112+0000] {logging_mixin.py:188} INFO - [2026-04-25T08:53:58.111+0000] {dag.py:3954} INFO - Setting next_dagrun for example_external_task_marker_parent to None, run_after=None
[2026-04-25T08:53:58.127+0000] {processor.py:183} INFO - Processing /home/airflow/.local/lib/python3.12/site-packages/airflow/example_dags/example_external_task_marker_dag.py took 0.072 seconds
[2026-04-25T08:54:28.455+0000] {processor.py:161} INFO - Started process (PID=2530) to work on /home/airflow/.local/lib/python3.12/site-packages/airflow/example_dags/example_external_task_marker_dag.py
[2026-04-25T08:54:28.455+0000] {processor.py:830} INFO - Processing file /home/airflow/.local/lib/python3.12/site-packages/airflow/example_dags/example_external_task_marker_dag.py for tasks to queue
[2026-04-25T08:54:28.457+0000] {logging_mixin.py:188} INFO - [2026-04-25T08:54:28.456+0000] {dagbag.py:545} INFO - Filling up the DagBag from /home/airflow/.local/lib/python3.12/site-packages/airflow/example_dags/example_external_task_marker_dag.py
[2026-04-25T08:54:28.463+0000] {processor.py:840} INFO - DAG(s) 'example_external_task_marker_child', 'example_external_task_marker_parent' retrieved from /home/airflow/.local/lib/python3.12/site-packages/airflow/example_dags/example_external_task_marker_dag.py
[2026-04-25T08:54:28.486+0000] {logging_mixin.py:188} INFO - [2026-04-25T08:54:28.486+0000] {dag.py:3096} INFO - Sync 2 DAGs
[2026-04-25T08:54:28.497+0000] {logging_mixin.py:188} INFO - [2026-04-25T08:54:28.497+0000] {dag.py:3954} INFO - Setting next_dagrun for example_external_task_marker_child to None, run_after=None
[2026-04-25T08:54:28.500+0000] {logging_mixin.py:188} INFO - [2026-04-25T08:54:28.500+0000] {dag.py:3954} INFO - Setting next_dagrun for example_external_task_marker_parent to None, run_after=None
[2026-04-25T08:54:28.512+0000] {processor.py:183} INFO - Processing /home/airflow/.local/lib/python3.12/site-packages/airflow/example_dags/example_external_task_marker_dag.py took 0.064 seconds
[2026-04-25T08:54:59.072+0000] {processor.py:161} INFO - Started process (PID=2588) to work on /home/airflow/.local/lib/python3.12/site-packages/airflow/example_dags/example_external_task_marker_dag.py
[2026-04-25T08:54:59.073+0000] {processor.py:830} INFO - Processing file /home/airflow/.local/lib/python3.12/site-packages/airflow/example_dags/example_external_task_marker_dag.py for tasks to queue
[2026-04-25T08:54:59.074+0000] {logging_mixin.py:188} INFO - [2026-04-25T08:54:59.074+0000] {dagbag.py:545} INFO - Filling up the DagBag from /home/airflow/.local/lib/python3.12/site-packages/airflow/example_dags/example_external_task_marker_dag.py
[2026-04-25T08:54:59.079+0000] {processor.py:840} INFO - DAG(s) 'example_external_task_marker_parent', 'example_external_task_marker_child' retrieved from /home/airflow/.local/lib/python3.12/site-packages/airflow/example_dags/example_external_task_marker_dag.py
[2026-04-25T08:54:59.098+0000] {logging_mixin.py:188} INFO - [2026-04-25T08:54:59.098+0000] {dag.py:3096} INFO - Sync 2 DAGs
[2026-04-25T08:54:59.109+0000] {logging_mixin.py:188} INFO - [2026-04-25T08:54:59.109+0000] {dag.py:3954} INFO - Setting next_dagrun for example_external_task_marker_child to None, run_after=None
[2026-04-25T08:54:59.112+0000] {logging_mixin.py:188} INFO - [2026-04-25T08:54:59.112+0000] {dag.py:3954} INFO - Setting next_dagrun for example_external_task_marker_parent to None, run_after=None
[2026-04-25T08:54:59.125+0000] {processor.py:183} INFO - Processing /home/airflow/.local/lib/python3.12/site-packages/airflow/example_dags/example_external_task_marker_dag.py took 0.059 seconds
[2026-04-25T08:55:29.477+0000] {processor.py:161} INFO - Started process (PID=2646) to work on /home/airflow/.local/lib/python3.12/site-packages/airflow/example_dags/example_external_task_marker_dag.py
[2026-04-25T08:55:29.478+0000] {processor.py:830} INFO - Processing file /home/airflow/.local/lib/python3.12/site-packages/airflow/example_dags/example_external_task_marker_dag.py for tasks to queue
[2026-04-25T08:55:29.479+0000] {logging_mixin.py:188} INFO - [2026-04-25T08:55:29.479+0000] {dagbag.py:545} INFO - Filling up the DagBag from /home/airflow/.local/lib/python3.12/site-packages/airflow/example_dags/example_external_task_marker_dag.py
[2026-04-25T08:55:29.484+0000] {processor.py:840} INFO - DAG(s) 'example_external_task_marker_child', 'example_external_task_marker_parent' retrieved from /home/airflow/.local/lib/python3.12/site-packages/airflow/example_dags/example_external_task_marker_dag.py
[2026-04-25T08:55:29.503+0000] {logging_mixin.py:188} INFO - [2026-04-25T08:55:29.503+0000] {dag.py:3096} INFO - Sync 2 DAGs
[2026-04-25T08:55:29.517+0000] {logging_mixin.py:188} INFO - [2026-04-25T08:55:29.517+0000] {dag.py:3954} INFO - Setting next_dagrun for example_external_task_marker_child to None, run_after=None
[2026-04-25T08:55:29.520+0000] {logging_mixin.py:188} INFO - [2026-04-25T08:55:29.520+0000] {dag.py:3954} INFO - Setting next_dagrun for example_external_task_marker_parent to None, run_after=None
[2026-04-25T08:55:29.532+0000] {processor.py:183} INFO - Processing /home/airflow/.local/lib/python3.12/site-packages/airflow/example_dags/example_external_task_marker_dag.py took 0.060 seconds
