[2026-04-25T08:33:05.381+0000] {processor.py:161} INFO - Started process (PID=92) to work on /home/airflow/.local/lib/python3.12/site-packages/airflow/example_dags/example_skip_dag.py
[2026-04-25T08:33:05.382+0000] {processor.py:830} INFO - Processing file /home/airflow/.local/lib/python3.12/site-packages/airflow/example_dags/example_skip_dag.py for tasks to queue
[2026-04-25T08:33:05.384+0000] {logging_mixin.py:188} INFO - [2026-04-25T08:33:05.384+0000] {dagbag.py:545} INFO - Filling up the DagBag from /home/airflow/.local/lib/python3.12/site-packages/airflow/example_dags/example_skip_dag.py
[2026-04-25T08:33:05.392+0000] {processor.py:840} INFO - DAG(s) 'example_skip_dag' retrieved from /home/airflow/.local/lib/python3.12/site-packages/airflow/example_dags/example_skip_dag.py
[2026-04-25T08:33:05.528+0000] {logging_mixin.py:188} INFO - [2026-04-25T08:33:05.527+0000] {dag.py:3096} INFO - Sync 1 DAGs
[2026-04-25T08:33:05.555+0000] {logging_mixin.py:188} INFO - [2026-04-25T08:33:05.554+0000] {dag.py:3954} INFO - Setting next_dagrun for example_skip_dag to 2026-04-24 00:00:00+00:00, run_after=2026-04-25 00:00:00+00:00
[2026-04-25T08:33:05.578+0000] {processor.py:183} INFO - Processing /home/airflow/.local/lib/python3.12/site-packages/airflow/example_dags/example_skip_dag.py took 0.203 seconds
[2026-04-25T08:33:35.853+0000] {processor.py:161} INFO - Started process (PID=150) to work on /home/airflow/.local/lib/python3.12/site-packages/airflow/example_dags/example_skip_dag.py
[2026-04-25T08:33:35.854+0000] {processor.py:830} INFO - Processing file /home/airflow/.local/lib/python3.12/site-packages/airflow/example_dags/example_skip_dag.py for tasks to queue
[2026-04-25T08:33:35.855+0000] {logging_mixin.py:188} INFO - [2026-04-25T08:33:35.855+0000] {dagbag.py:545} INFO - Filling up the DagBag from /home/airflow/.local/lib/python3.12/site-packages/airflow/example_dags/example_skip_dag.py
[2026-04-25T08:33:35.860+0000] {processor.py:840} INFO - DAG(s) 'example_skip_dag' retrieved from /home/airflow/.local/lib/python3.12/site-packages/airflow/example_dags/example_skip_dag.py
[2026-04-25T08:33:35.877+0000] {logging_mixin.py:188} INFO - [2026-04-25T08:33:35.877+0000] {dag.py:3096} INFO - Sync 1 DAGs
[2026-04-25T08:33:35.895+0000] {logging_mixin.py:188} INFO - [2026-04-25T08:33:35.895+0000] {dag.py:3954} INFO - Setting next_dagrun for example_skip_dag to 2026-04-24 00:00:00+00:00, run_after=2026-04-25 00:00:00+00:00
[2026-04-25T08:33:35.909+0000] {processor.py:183} INFO - Processing /home/airflow/.local/lib/python3.12/site-packages/airflow/example_dags/example_skip_dag.py took 0.060 seconds
[2026-04-25T08:34:06.024+0000] {processor.py:161} INFO - Started process (PID=208) to work on /home/airflow/.local/lib/python3.12/site-packages/airflow/example_dags/example_skip_dag.py
[2026-04-25T08:34:06.025+0000] {processor.py:830} INFO - Processing file /home/airflow/.local/lib/python3.12/site-packages/airflow/example_dags/example_skip_dag.py for tasks to queue
[2026-04-25T08:34:06.026+0000] {logging_mixin.py:188} INFO - [2026-04-25T08:34:06.026+0000] {dagbag.py:545} INFO - Filling up the DagBag from /home/airflow/.local/lib/python3.12/site-packages/airflow/example_dags/example_skip_dag.py
[2026-04-25T08:34:06.031+0000] {processor.py:840} INFO - DAG(s) 'example_skip_dag' retrieved from /home/airflow/.local/lib/python3.12/site-packages/airflow/example_dags/example_skip_dag.py
[2026-04-25T08:34:06.053+0000] {logging_mixin.py:188} INFO - [2026-04-25T08:34:06.053+0000] {dag.py:3096} INFO - Sync 1 DAGs
[2026-04-25T08:34:06.085+0000] {logging_mixin.py:188} INFO - [2026-04-25T08:34:06.084+0000] {dag.py:3954} INFO - Setting next_dagrun for example_skip_dag to 2026-04-24 00:00:00+00:00, run_after=2026-04-25 00:00:00+00:00
[2026-04-25T08:34:06.108+0000] {processor.py:183} INFO - Processing /home/airflow/.local/lib/python3.12/site-packages/airflow/example_dags/example_skip_dag.py took 0.089 seconds
[2026-04-25T08:34:36.158+0000] {processor.py:161} INFO - Started process (PID=266) to work on /home/airflow/.local/lib/python3.12/site-packages/airflow/example_dags/example_skip_dag.py
[2026-04-25T08:34:36.159+0000] {processor.py:830} INFO - Processing file /home/airflow/.local/lib/python3.12/site-packages/airflow/example_dags/example_skip_dag.py for tasks to queue
[2026-04-25T08:34:36.160+0000] {logging_mixin.py:188} INFO - [2026-04-25T08:34:36.160+0000] {dagbag.py:545} INFO - Filling up the DagBag from /home/airflow/.local/lib/python3.12/site-packages/airflow/example_dags/example_skip_dag.py
[2026-04-25T08:34:36.166+0000] {processor.py:840} INFO - DAG(s) 'example_skip_dag' retrieved from /home/airflow/.local/lib/python3.12/site-packages/airflow/example_dags/example_skip_dag.py
[2026-04-25T08:34:36.186+0000] {logging_mixin.py:188} INFO - [2026-04-25T08:34:36.186+0000] {dag.py:3096} INFO - Sync 1 DAGs
[2026-04-25T08:34:36.204+0000] {logging_mixin.py:188} INFO - [2026-04-25T08:34:36.204+0000] {dag.py:3954} INFO - Setting next_dagrun for example_skip_dag to 2026-04-24 00:00:00+00:00, run_after=2026-04-25 00:00:00+00:00
[2026-04-25T08:34:36.218+0000] {processor.py:183} INFO - Processing /home/airflow/.local/lib/python3.12/site-packages/airflow/example_dags/example_skip_dag.py took 0.064 seconds
[2026-04-25T08:35:06.786+0000] {processor.py:161} INFO - Started process (PID=324) to work on /home/airflow/.local/lib/python3.12/site-packages/airflow/example_dags/example_skip_dag.py
[2026-04-25T08:35:06.787+0000] {processor.py:830} INFO - Processing file /home/airflow/.local/lib/python3.12/site-packages/airflow/example_dags/example_skip_dag.py for tasks to queue
[2026-04-25T08:35:06.788+0000] {logging_mixin.py:188} INFO - [2026-04-25T08:35:06.788+0000] {dagbag.py:545} INFO - Filling up the DagBag from /home/airflow/.local/lib/python3.12/site-packages/airflow/example_dags/example_skip_dag.py
[2026-04-25T08:35:06.793+0000] {processor.py:840} INFO - DAG(s) 'example_skip_dag' retrieved from /home/airflow/.local/lib/python3.12/site-packages/airflow/example_dags/example_skip_dag.py
[2026-04-25T08:35:06.812+0000] {logging_mixin.py:188} INFO - [2026-04-25T08:35:06.812+0000] {dag.py:3096} INFO - Sync 1 DAGs
[2026-04-25T08:35:06.830+0000] {logging_mixin.py:188} INFO - [2026-04-25T08:35:06.830+0000] {dag.py:3954} INFO - Setting next_dagrun for example_skip_dag to 2026-04-24 00:00:00+00:00, run_after=2026-04-25 00:00:00+00:00
[2026-04-25T08:35:06.844+0000] {processor.py:183} INFO - Processing /home/airflow/.local/lib/python3.12/site-packages/airflow/example_dags/example_skip_dag.py took 0.062 seconds
[2026-04-25T08:35:37.012+0000] {processor.py:161} INFO - Started process (PID=382) to work on /home/airflow/.local/lib/python3.12/site-packages/airflow/example_dags/example_skip_dag.py
[2026-04-25T08:35:37.013+0000] {processor.py:830} INFO - Processing file /home/airflow/.local/lib/python3.12/site-packages/airflow/example_dags/example_skip_dag.py for tasks to queue
[2026-04-25T08:35:37.015+0000] {logging_mixin.py:188} INFO - [2026-04-25T08:35:37.014+0000] {dagbag.py:545} INFO - Filling up the DagBag from /home/airflow/.local/lib/python3.12/site-packages/airflow/example_dags/example_skip_dag.py
[2026-04-25T08:35:37.022+0000] {processor.py:840} INFO - DAG(s) 'example_skip_dag' retrieved from /home/airflow/.local/lib/python3.12/site-packages/airflow/example_dags/example_skip_dag.py
[2026-04-25T08:35:37.049+0000] {logging_mixin.py:188} INFO - [2026-04-25T08:35:37.049+0000] {dag.py:3096} INFO - Sync 1 DAGs
[2026-04-25T08:35:37.086+0000] {logging_mixin.py:188} INFO - [2026-04-25T08:35:37.086+0000] {dag.py:3954} INFO - Setting next_dagrun for example_skip_dag to 2026-04-24 00:00:00+00:00, run_after=2026-04-25 00:00:00+00:00
[2026-04-25T08:35:37.114+0000] {processor.py:183} INFO - Processing /home/airflow/.local/lib/python3.12/site-packages/airflow/example_dags/example_skip_dag.py took 0.109 seconds
[2026-04-25T08:36:07.952+0000] {processor.py:161} INFO - Started process (PID=440) to work on /home/airflow/.local/lib/python3.12/site-packages/airflow/example_dags/example_skip_dag.py
[2026-04-25T08:36:07.952+0000] {processor.py:830} INFO - Processing file /home/airflow/.local/lib/python3.12/site-packages/airflow/example_dags/example_skip_dag.py for tasks to queue
[2026-04-25T08:36:07.954+0000] {logging_mixin.py:188} INFO - [2026-04-25T08:36:07.953+0000] {dagbag.py:545} INFO - Filling up the DagBag from /home/airflow/.local/lib/python3.12/site-packages/airflow/example_dags/example_skip_dag.py
[2026-04-25T08:36:07.959+0000] {processor.py:840} INFO - DAG(s) 'example_skip_dag' retrieved from /home/airflow/.local/lib/python3.12/site-packages/airflow/example_dags/example_skip_dag.py
[2026-04-25T08:36:07.982+0000] {logging_mixin.py:188} INFO - [2026-04-25T08:36:07.982+0000] {dag.py:3096} INFO - Sync 1 DAGs
[2026-04-25T08:36:08.005+0000] {logging_mixin.py:188} INFO - [2026-04-25T08:36:08.005+0000] {dag.py:3954} INFO - Setting next_dagrun for example_skip_dag to 2026-04-24 00:00:00+00:00, run_after=2026-04-25 00:00:00+00:00
[2026-04-25T08:36:08.021+0000] {processor.py:183} INFO - Processing /home/airflow/.local/lib/python3.12/site-packages/airflow/example_dags/example_skip_dag.py took 0.074 seconds
[2026-04-25T08:36:38.606+0000] {processor.py:161} INFO - Started process (PID=498) to work on /home/airflow/.local/lib/python3.12/site-packages/airflow/example_dags/example_skip_dag.py
[2026-04-25T08:36:38.606+0000] {processor.py:830} INFO - Processing file /home/airflow/.local/lib/python3.12/site-packages/airflow/example_dags/example_skip_dag.py for tasks to queue
[2026-04-25T08:36:38.608+0000] {logging_mixin.py:188} INFO - [2026-04-25T08:36:38.608+0000] {dagbag.py:545} INFO - Filling up the DagBag from /home/airflow/.local/lib/python3.12/site-packages/airflow/example_dags/example_skip_dag.py
[2026-04-25T08:36:38.613+0000] {processor.py:840} INFO - DAG(s) 'example_skip_dag' retrieved from /home/airflow/.local/lib/python3.12/site-packages/airflow/example_dags/example_skip_dag.py
[2026-04-25T08:36:38.630+0000] {logging_mixin.py:188} INFO - [2026-04-25T08:36:38.630+0000] {dag.py:3096} INFO - Sync 1 DAGs
[2026-04-25T08:36:38.647+0000] {logging_mixin.py:188} INFO - [2026-04-25T08:36:38.647+0000] {dag.py:3954} INFO - Setting next_dagrun for example_skip_dag to 2026-04-24 00:00:00+00:00, run_after=2026-04-25 00:00:00+00:00
[2026-04-25T08:36:38.662+0000] {processor.py:183} INFO - Processing /home/airflow/.local/lib/python3.12/site-packages/airflow/example_dags/example_skip_dag.py took 0.060 seconds
[2026-04-25T08:37:08.837+0000] {processor.py:161} INFO - Started process (PID=556) to work on /home/airflow/.local/lib/python3.12/site-packages/airflow/example_dags/example_skip_dag.py
[2026-04-25T08:37:08.837+0000] {processor.py:830} INFO - Processing file /home/airflow/.local/lib/python3.12/site-packages/airflow/example_dags/example_skip_dag.py for tasks to queue
[2026-04-25T08:37:08.839+0000] {logging_mixin.py:188} INFO - [2026-04-25T08:37:08.839+0000] {dagbag.py:545} INFO - Filling up the DagBag from /home/airflow/.local/lib/python3.12/site-packages/airflow/example_dags/example_skip_dag.py
[2026-04-25T08:37:08.844+0000] {processor.py:840} INFO - DAG(s) 'example_skip_dag' retrieved from /home/airflow/.local/lib/python3.12/site-packages/airflow/example_dags/example_skip_dag.py
[2026-04-25T08:37:08.861+0000] {logging_mixin.py:188} INFO - [2026-04-25T08:37:08.861+0000] {dag.py:3096} INFO - Sync 1 DAGs
[2026-04-25T08:37:08.883+0000] {logging_mixin.py:188} INFO - [2026-04-25T08:37:08.883+0000] {dag.py:3954} INFO - Setting next_dagrun for example_skip_dag to 2026-04-24 00:00:00+00:00, run_after=2026-04-25 00:00:00+00:00
[2026-04-25T08:37:08.896+0000] {processor.py:183} INFO - Processing /home/airflow/.local/lib/python3.12/site-packages/airflow/example_dags/example_skip_dag.py took 0.064 seconds
[2026-04-25T08:37:39.292+0000] {processor.py:161} INFO - Started process (PID=614) to work on /home/airflow/.local/lib/python3.12/site-packages/airflow/example_dags/example_skip_dag.py
[2026-04-25T08:37:39.293+0000] {processor.py:830} INFO - Processing file /home/airflow/.local/lib/python3.12/site-packages/airflow/example_dags/example_skip_dag.py for tasks to queue
[2026-04-25T08:37:39.294+0000] {logging_mixin.py:188} INFO - [2026-04-25T08:37:39.294+0000] {dagbag.py:545} INFO - Filling up the DagBag from /home/airflow/.local/lib/python3.12/site-packages/airflow/example_dags/example_skip_dag.py
[2026-04-25T08:37:39.299+0000] {processor.py:840} INFO - DAG(s) 'example_skip_dag' retrieved from /home/airflow/.local/lib/python3.12/site-packages/airflow/example_dags/example_skip_dag.py
[2026-04-25T08:37:39.316+0000] {logging_mixin.py:188} INFO - [2026-04-25T08:37:39.316+0000] {dag.py:3096} INFO - Sync 1 DAGs
[2026-04-25T08:37:39.333+0000] {logging_mixin.py:188} INFO - [2026-04-25T08:37:39.333+0000] {dag.py:3954} INFO - Setting next_dagrun for example_skip_dag to 2026-04-24 00:00:00+00:00, run_after=2026-04-25 00:00:00+00:00
[2026-04-25T08:37:39.347+0000] {processor.py:183} INFO - Processing /home/airflow/.local/lib/python3.12/site-packages/airflow/example_dags/example_skip_dag.py took 0.060 seconds
[2026-04-25T08:38:09.680+0000] {processor.py:161} INFO - Started process (PID=672) to work on /home/airflow/.local/lib/python3.12/site-packages/airflow/example_dags/example_skip_dag.py
[2026-04-25T08:38:09.680+0000] {processor.py:830} INFO - Processing file /home/airflow/.local/lib/python3.12/site-packages/airflow/example_dags/example_skip_dag.py for tasks to queue
[2026-04-25T08:38:09.682+0000] {logging_mixin.py:188} INFO - [2026-04-25T08:38:09.681+0000] {dagbag.py:545} INFO - Filling up the DagBag from /home/airflow/.local/lib/python3.12/site-packages/airflow/example_dags/example_skip_dag.py
[2026-04-25T08:38:09.687+0000] {processor.py:840} INFO - DAG(s) 'example_skip_dag' retrieved from /home/airflow/.local/lib/python3.12/site-packages/airflow/example_dags/example_skip_dag.py
[2026-04-25T08:38:09.707+0000] {logging_mixin.py:188} INFO - [2026-04-25T08:38:09.707+0000] {dag.py:3096} INFO - Sync 1 DAGs
[2026-04-25T08:38:09.737+0000] {logging_mixin.py:188} INFO - [2026-04-25T08:38:09.736+0000] {dag.py:3954} INFO - Setting next_dagrun for example_skip_dag to 2026-04-24 00:00:00+00:00, run_after=2026-04-25 00:00:00+00:00
[2026-04-25T08:38:09.760+0000] {processor.py:183} INFO - Processing /home/airflow/.local/lib/python3.12/site-packages/airflow/example_dags/example_skip_dag.py took 0.085 seconds
[2026-04-25T08:38:39.926+0000] {processor.py:161} INFO - Started process (PID=730) to work on /home/airflow/.local/lib/python3.12/site-packages/airflow/example_dags/example_skip_dag.py
[2026-04-25T08:38:39.927+0000] {processor.py:830} INFO - Processing file /home/airflow/.local/lib/python3.12/site-packages/airflow/example_dags/example_skip_dag.py for tasks to queue
[2026-04-25T08:38:39.928+0000] {logging_mixin.py:188} INFO - [2026-04-25T08:38:39.928+0000] {dagbag.py:545} INFO - Filling up the DagBag from /home/airflow/.local/lib/python3.12/site-packages/airflow/example_dags/example_skip_dag.py
[2026-04-25T08:38:39.933+0000] {processor.py:840} INFO - DAG(s) 'example_skip_dag' retrieved from /home/airflow/.local/lib/python3.12/site-packages/airflow/example_dags/example_skip_dag.py
[2026-04-25T08:38:39.950+0000] {logging_mixin.py:188} INFO - [2026-04-25T08:38:39.950+0000] {dag.py:3096} INFO - Sync 1 DAGs
[2026-04-25T08:38:39.967+0000] {logging_mixin.py:188} INFO - [2026-04-25T08:38:39.967+0000] {dag.py:3954} INFO - Setting next_dagrun for example_skip_dag to 2026-04-24 00:00:00+00:00, run_after=2026-04-25 00:00:00+00:00
[2026-04-25T08:38:39.981+0000] {processor.py:183} INFO - Processing /home/airflow/.local/lib/python3.12/site-packages/airflow/example_dags/example_skip_dag.py took 0.059 seconds
[2026-04-25T08:39:10.375+0000] {processor.py:161} INFO - Started process (PID=788) to work on /home/airflow/.local/lib/python3.12/site-packages/airflow/example_dags/example_skip_dag.py
[2026-04-25T08:39:10.375+0000] {processor.py:830} INFO - Processing file /home/airflow/.local/lib/python3.12/site-packages/airflow/example_dags/example_skip_dag.py for tasks to queue
[2026-04-25T08:39:10.376+0000] {logging_mixin.py:188} INFO - [2026-04-25T08:39:10.376+0000] {dagbag.py:545} INFO - Filling up the DagBag from /home/airflow/.local/lib/python3.12/site-packages/airflow/example_dags/example_skip_dag.py
[2026-04-25T08:39:10.382+0000] {processor.py:840} INFO - DAG(s) 'example_skip_dag' retrieved from /home/airflow/.local/lib/python3.12/site-packages/airflow/example_dags/example_skip_dag.py
[2026-04-25T08:39:10.403+0000] {logging_mixin.py:188} INFO - [2026-04-25T08:39:10.403+0000] {dag.py:3096} INFO - Sync 1 DAGs
[2026-04-25T08:39:10.425+0000] {logging_mixin.py:188} INFO - [2026-04-25T08:39:10.424+0000] {dag.py:3954} INFO - Setting next_dagrun for example_skip_dag to 2026-04-24 00:00:00+00:00, run_after=2026-04-25 00:00:00+00:00
[2026-04-25T08:39:10.439+0000] {processor.py:183} INFO - Processing /home/airflow/.local/lib/python3.12/site-packages/airflow/example_dags/example_skip_dag.py took 0.069 seconds
[2026-04-25T08:39:40.655+0000] {processor.py:161} INFO - Started process (PID=846) to work on /home/airflow/.local/lib/python3.12/site-packages/airflow/example_dags/example_skip_dag.py
[2026-04-25T08:39:40.655+0000] {processor.py:830} INFO - Processing file /home/airflow/.local/lib/python3.12/site-packages/airflow/example_dags/example_skip_dag.py for tasks to queue
[2026-04-25T08:39:40.657+0000] {logging_mixin.py:188} INFO - [2026-04-25T08:39:40.656+0000] {dagbag.py:545} INFO - Filling up the DagBag from /home/airflow/.local/lib/python3.12/site-packages/airflow/example_dags/example_skip_dag.py
[2026-04-25T08:39:40.662+0000] {processor.py:840} INFO - DAG(s) 'example_skip_dag' retrieved from /home/airflow/.local/lib/python3.12/site-packages/airflow/example_dags/example_skip_dag.py
[2026-04-25T08:39:40.679+0000] {logging_mixin.py:188} INFO - [2026-04-25T08:39:40.679+0000] {dag.py:3096} INFO - Sync 1 DAGs
[2026-04-25T08:39:40.696+0000] {logging_mixin.py:188} INFO - [2026-04-25T08:39:40.696+0000] {dag.py:3954} INFO - Setting next_dagrun for example_skip_dag to 2026-04-24 00:00:00+00:00, run_after=2026-04-25 00:00:00+00:00
[2026-04-25T08:39:40.710+0000] {processor.py:183} INFO - Processing /home/airflow/.local/lib/python3.12/site-packages/airflow/example_dags/example_skip_dag.py took 0.060 seconds
[2026-04-25T08:40:10.912+0000] {processor.py:161} INFO - Started process (PID=904) to work on /home/airflow/.local/lib/python3.12/site-packages/airflow/example_dags/example_skip_dag.py
[2026-04-25T08:40:10.912+0000] {processor.py:830} INFO - Processing file /home/airflow/.local/lib/python3.12/site-packages/airflow/example_dags/example_skip_dag.py for tasks to queue
[2026-04-25T08:40:10.914+0000] {logging_mixin.py:188} INFO - [2026-04-25T08:40:10.913+0000] {dagbag.py:545} INFO - Filling up the DagBag from /home/airflow/.local/lib/python3.12/site-packages/airflow/example_dags/example_skip_dag.py
[2026-04-25T08:40:10.919+0000] {processor.py:840} INFO - DAG(s) 'example_skip_dag' retrieved from /home/airflow/.local/lib/python3.12/site-packages/airflow/example_dags/example_skip_dag.py
[2026-04-25T08:40:10.936+0000] {logging_mixin.py:188} INFO - [2026-04-25T08:40:10.936+0000] {dag.py:3096} INFO - Sync 1 DAGs
[2026-04-25T08:40:10.953+0000] {logging_mixin.py:188} INFO - [2026-04-25T08:40:10.953+0000] {dag.py:3954} INFO - Setting next_dagrun for example_skip_dag to 2026-04-24 00:00:00+00:00, run_after=2026-04-25 00:00:00+00:00
[2026-04-25T08:40:10.968+0000] {processor.py:183} INFO - Processing /home/airflow/.local/lib/python3.12/site-packages/airflow/example_dags/example_skip_dag.py took 0.061 seconds
[2026-04-25T08:40:41.325+0000] {processor.py:161} INFO - Started process (PID=962) to work on /home/airflow/.local/lib/python3.12/site-packages/airflow/example_dags/example_skip_dag.py
[2026-04-25T08:40:41.325+0000] {processor.py:830} INFO - Processing file /home/airflow/.local/lib/python3.12/site-packages/airflow/example_dags/example_skip_dag.py for tasks to queue
[2026-04-25T08:40:41.327+0000] {logging_mixin.py:188} INFO - [2026-04-25T08:40:41.327+0000] {dagbag.py:545} INFO - Filling up the DagBag from /home/airflow/.local/lib/python3.12/site-packages/airflow/example_dags/example_skip_dag.py
[2026-04-25T08:40:41.333+0000] {processor.py:840} INFO - DAG(s) 'example_skip_dag' retrieved from /home/airflow/.local/lib/python3.12/site-packages/airflow/example_dags/example_skip_dag.py
[2026-04-25T08:40:41.350+0000] {logging_mixin.py:188} INFO - [2026-04-25T08:40:41.350+0000] {dag.py:3096} INFO - Sync 1 DAGs
[2026-04-25T08:40:41.368+0000] {logging_mixin.py:188} INFO - [2026-04-25T08:40:41.368+0000] {dag.py:3954} INFO - Setting next_dagrun for example_skip_dag to 2026-04-24 00:00:00+00:00, run_after=2026-04-25 00:00:00+00:00
[2026-04-25T08:40:41.383+0000] {processor.py:183} INFO - Processing /home/airflow/.local/lib/python3.12/site-packages/airflow/example_dags/example_skip_dag.py took 0.063 seconds
[2026-04-25T08:41:11.963+0000] {processor.py:161} INFO - Started process (PID=1020) to work on /home/airflow/.local/lib/python3.12/site-packages/airflow/example_dags/example_skip_dag.py
[2026-04-25T08:41:11.964+0000] {processor.py:830} INFO - Processing file /home/airflow/.local/lib/python3.12/site-packages/airflow/example_dags/example_skip_dag.py for tasks to queue
[2026-04-25T08:41:11.965+0000] {logging_mixin.py:188} INFO - [2026-04-25T08:41:11.965+0000] {dagbag.py:545} INFO - Filling up the DagBag from /home/airflow/.local/lib/python3.12/site-packages/airflow/example_dags/example_skip_dag.py
[2026-04-25T08:41:11.970+0000] {processor.py:840} INFO - DAG(s) 'example_skip_dag' retrieved from /home/airflow/.local/lib/python3.12/site-packages/airflow/example_dags/example_skip_dag.py
[2026-04-25T08:41:11.988+0000] {logging_mixin.py:188} INFO - [2026-04-25T08:41:11.988+0000] {dag.py:3096} INFO - Sync 1 DAGs
[2026-04-25T08:41:12.006+0000] {logging_mixin.py:188} INFO - [2026-04-25T08:41:12.006+0000] {dag.py:3954} INFO - Setting next_dagrun for example_skip_dag to 2026-04-24 00:00:00+00:00, run_after=2026-04-25 00:00:00+00:00
[2026-04-25T08:41:12.020+0000] {processor.py:183} INFO - Processing /home/airflow/.local/lib/python3.12/site-packages/airflow/example_dags/example_skip_dag.py took 0.062 seconds
[2026-04-25T08:41:42.743+0000] {processor.py:161} INFO - Started process (PID=1078) to work on /home/airflow/.local/lib/python3.12/site-packages/airflow/example_dags/example_skip_dag.py
[2026-04-25T08:41:42.743+0000] {processor.py:830} INFO - Processing file /home/airflow/.local/lib/python3.12/site-packages/airflow/example_dags/example_skip_dag.py for tasks to queue
[2026-04-25T08:41:42.745+0000] {logging_mixin.py:188} INFO - [2026-04-25T08:41:42.745+0000] {dagbag.py:545} INFO - Filling up the DagBag from /home/airflow/.local/lib/python3.12/site-packages/airflow/example_dags/example_skip_dag.py
[2026-04-25T08:41:42.750+0000] {processor.py:840} INFO - DAG(s) 'example_skip_dag' retrieved from /home/airflow/.local/lib/python3.12/site-packages/airflow/example_dags/example_skip_dag.py
[2026-04-25T08:41:42.767+0000] {logging_mixin.py:188} INFO - [2026-04-25T08:41:42.767+0000] {dag.py:3096} INFO - Sync 1 DAGs
[2026-04-25T08:41:42.785+0000] {logging_mixin.py:188} INFO - [2026-04-25T08:41:42.785+0000] {dag.py:3954} INFO - Setting next_dagrun for example_skip_dag to 2026-04-24 00:00:00+00:00, run_after=2026-04-25 00:00:00+00:00
[2026-04-25T08:41:42.799+0000] {processor.py:183} INFO - Processing /home/airflow/.local/lib/python3.12/site-packages/airflow/example_dags/example_skip_dag.py took 0.061 seconds
[2026-04-25T08:42:13.770+0000] {processor.py:161} INFO - Started process (PID=1136) to work on /home/airflow/.local/lib/python3.12/site-packages/airflow/example_dags/example_skip_dag.py
[2026-04-25T08:42:13.771+0000] {processor.py:830} INFO - Processing file /home/airflow/.local/lib/python3.12/site-packages/airflow/example_dags/example_skip_dag.py for tasks to queue
[2026-04-25T08:42:13.773+0000] {logging_mixin.py:188} INFO - [2026-04-25T08:42:13.772+0000] {dagbag.py:545} INFO - Filling up the DagBag from /home/airflow/.local/lib/python3.12/site-packages/airflow/example_dags/example_skip_dag.py
[2026-04-25T08:42:13.779+0000] {processor.py:840} INFO - DAG(s) 'example_skip_dag' retrieved from /home/airflow/.local/lib/python3.12/site-packages/airflow/example_dags/example_skip_dag.py
[2026-04-25T08:42:13.802+0000] {logging_mixin.py:188} INFO - [2026-04-25T08:42:13.802+0000] {dag.py:3096} INFO - Sync 1 DAGs
[2026-04-25T08:42:13.830+0000] {logging_mixin.py:188} INFO - [2026-04-25T08:42:13.830+0000] {dag.py:3954} INFO - Setting next_dagrun for example_skip_dag to 2026-04-24 00:00:00+00:00, run_after=2026-04-25 00:00:00+00:00
[2026-04-25T08:42:13.852+0000] {processor.py:183} INFO - Processing /home/airflow/.local/lib/python3.12/site-packages/airflow/example_dags/example_skip_dag.py took 0.089 seconds
[2026-04-25T08:42:44.270+0000] {processor.py:161} INFO - Started process (PID=1194) to work on /home/airflow/.local/lib/python3.12/site-packages/airflow/example_dags/example_skip_dag.py
[2026-04-25T08:42:44.271+0000] {processor.py:830} INFO - Processing file /home/airflow/.local/lib/python3.12/site-packages/airflow/example_dags/example_skip_dag.py for tasks to queue
[2026-04-25T08:42:44.272+0000] {logging_mixin.py:188} INFO - [2026-04-25T08:42:44.272+0000] {dagbag.py:545} INFO - Filling up the DagBag from /home/airflow/.local/lib/python3.12/site-packages/airflow/example_dags/example_skip_dag.py
[2026-04-25T08:42:44.277+0000] {processor.py:840} INFO - DAG(s) 'example_skip_dag' retrieved from /home/airflow/.local/lib/python3.12/site-packages/airflow/example_dags/example_skip_dag.py
[2026-04-25T08:42:44.294+0000] {logging_mixin.py:188} INFO - [2026-04-25T08:42:44.294+0000] {dag.py:3096} INFO - Sync 1 DAGs
[2026-04-25T08:42:44.312+0000] {logging_mixin.py:188} INFO - [2026-04-25T08:42:44.311+0000] {dag.py:3954} INFO - Setting next_dagrun for example_skip_dag to 2026-04-24 00:00:00+00:00, run_after=2026-04-25 00:00:00+00:00
[2026-04-25T08:42:44.327+0000] {processor.py:183} INFO - Processing /home/airflow/.local/lib/python3.12/site-packages/airflow/example_dags/example_skip_dag.py took 0.062 seconds
[2026-04-25T08:43:14.879+0000] {processor.py:161} INFO - Started process (PID=1252) to work on /home/airflow/.local/lib/python3.12/site-packages/airflow/example_dags/example_skip_dag.py
[2026-04-25T08:43:14.880+0000] {processor.py:830} INFO - Processing file /home/airflow/.local/lib/python3.12/site-packages/airflow/example_dags/example_skip_dag.py for tasks to queue
[2026-04-25T08:43:14.881+0000] {logging_mixin.py:188} INFO - [2026-04-25T08:43:14.881+0000] {dagbag.py:545} INFO - Filling up the DagBag from /home/airflow/.local/lib/python3.12/site-packages/airflow/example_dags/example_skip_dag.py
[2026-04-25T08:43:14.886+0000] {processor.py:840} INFO - DAG(s) 'example_skip_dag' retrieved from /home/airflow/.local/lib/python3.12/site-packages/airflow/example_dags/example_skip_dag.py
[2026-04-25T08:43:14.903+0000] {logging_mixin.py:188} INFO - [2026-04-25T08:43:14.903+0000] {dag.py:3096} INFO - Sync 1 DAGs
[2026-04-25T08:43:14.920+0000] {logging_mixin.py:188} INFO - [2026-04-25T08:43:14.920+0000] {dag.py:3954} INFO - Setting next_dagrun for example_skip_dag to 2026-04-24 00:00:00+00:00, run_after=2026-04-25 00:00:00+00:00
[2026-04-25T08:43:14.934+0000] {processor.py:183} INFO - Processing /home/airflow/.local/lib/python3.12/site-packages/airflow/example_dags/example_skip_dag.py took 0.062 seconds
[2026-04-25T08:43:45.591+0000] {processor.py:161} INFO - Started process (PID=1310) to work on /home/airflow/.local/lib/python3.12/site-packages/airflow/example_dags/example_skip_dag.py
[2026-04-25T08:43:45.592+0000] {processor.py:830} INFO - Processing file /home/airflow/.local/lib/python3.12/site-packages/airflow/example_dags/example_skip_dag.py for tasks to queue
[2026-04-25T08:43:45.594+0000] {logging_mixin.py:188} INFO - [2026-04-25T08:43:45.594+0000] {dagbag.py:545} INFO - Filling up the DagBag from /home/airflow/.local/lib/python3.12/site-packages/airflow/example_dags/example_skip_dag.py
[2026-04-25T08:43:45.601+0000] {processor.py:840} INFO - DAG(s) 'example_skip_dag' retrieved from /home/airflow/.local/lib/python3.12/site-packages/airflow/example_dags/example_skip_dag.py
[2026-04-25T08:43:45.625+0000] {logging_mixin.py:188} INFO - [2026-04-25T08:43:45.625+0000] {dag.py:3096} INFO - Sync 1 DAGs
[2026-04-25T08:43:45.653+0000] {logging_mixin.py:188} INFO - [2026-04-25T08:43:45.652+0000] {dag.py:3954} INFO - Setting next_dagrun for example_skip_dag to 2026-04-24 00:00:00+00:00, run_after=2026-04-25 00:00:00+00:00
[2026-04-25T08:43:45.672+0000] {processor.py:183} INFO - Processing /home/airflow/.local/lib/python3.12/site-packages/airflow/example_dags/example_skip_dag.py took 0.087 seconds
[2026-04-25T08:44:15.759+0000] {processor.py:161} INFO - Started process (PID=1368) to work on /home/airflow/.local/lib/python3.12/site-packages/airflow/example_dags/example_skip_dag.py
[2026-04-25T08:44:15.760+0000] {processor.py:830} INFO - Processing file /home/airflow/.local/lib/python3.12/site-packages/airflow/example_dags/example_skip_dag.py for tasks to queue
[2026-04-25T08:44:15.761+0000] {logging_mixin.py:188} INFO - [2026-04-25T08:44:15.761+0000] {dagbag.py:545} INFO - Filling up the DagBag from /home/airflow/.local/lib/python3.12/site-packages/airflow/example_dags/example_skip_dag.py
[2026-04-25T08:44:15.766+0000] {processor.py:840} INFO - DAG(s) 'example_skip_dag' retrieved from /home/airflow/.local/lib/python3.12/site-packages/airflow/example_dags/example_skip_dag.py
[2026-04-25T08:44:15.784+0000] {logging_mixin.py:188} INFO - [2026-04-25T08:44:15.784+0000] {dag.py:3096} INFO - Sync 1 DAGs
[2026-04-25T08:44:15.806+0000] {logging_mixin.py:188} INFO - [2026-04-25T08:44:15.805+0000] {dag.py:3954} INFO - Setting next_dagrun for example_skip_dag to 2026-04-24 00:00:00+00:00, run_after=2026-04-25 00:00:00+00:00
[2026-04-25T08:44:15.821+0000] {processor.py:183} INFO - Processing /home/airflow/.local/lib/python3.12/site-packages/airflow/example_dags/example_skip_dag.py took 0.067 seconds
[2026-04-25T08:44:46.254+0000] {processor.py:161} INFO - Started process (PID=1426) to work on /home/airflow/.local/lib/python3.12/site-packages/airflow/example_dags/example_skip_dag.py
[2026-04-25T08:44:46.255+0000] {processor.py:830} INFO - Processing file /home/airflow/.local/lib/python3.12/site-packages/airflow/example_dags/example_skip_dag.py for tasks to queue
[2026-04-25T08:44:46.256+0000] {logging_mixin.py:188} INFO - [2026-04-25T08:44:46.256+0000] {dagbag.py:545} INFO - Filling up the DagBag from /home/airflow/.local/lib/python3.12/site-packages/airflow/example_dags/example_skip_dag.py
[2026-04-25T08:44:46.263+0000] {processor.py:840} INFO - DAG(s) 'example_skip_dag' retrieved from /home/airflow/.local/lib/python3.12/site-packages/airflow/example_dags/example_skip_dag.py
[2026-04-25T08:44:46.285+0000] {logging_mixin.py:188} INFO - [2026-04-25T08:44:46.284+0000] {dag.py:3096} INFO - Sync 1 DAGs
[2026-04-25T08:44:46.309+0000] {logging_mixin.py:188} INFO - [2026-04-25T08:44:46.309+0000] {dag.py:3954} INFO - Setting next_dagrun for example_skip_dag to 2026-04-24 00:00:00+00:00, run_after=2026-04-25 00:00:00+00:00
[2026-04-25T08:44:46.324+0000] {processor.py:183} INFO - Processing /home/airflow/.local/lib/python3.12/site-packages/airflow/example_dags/example_skip_dag.py took 0.075 seconds
[2026-04-25T08:45:17.248+0000] {processor.py:161} INFO - Started process (PID=1484) to work on /home/airflow/.local/lib/python3.12/site-packages/airflow/example_dags/example_skip_dag.py
[2026-04-25T08:45:17.248+0000] {processor.py:830} INFO - Processing file /home/airflow/.local/lib/python3.12/site-packages/airflow/example_dags/example_skip_dag.py for tasks to queue
[2026-04-25T08:45:17.250+0000] {logging_mixin.py:188} INFO - [2026-04-25T08:45:17.250+0000] {dagbag.py:545} INFO - Filling up the DagBag from /home/airflow/.local/lib/python3.12/site-packages/airflow/example_dags/example_skip_dag.py
[2026-04-25T08:45:17.256+0000] {processor.py:840} INFO - DAG(s) 'example_skip_dag' retrieved from /home/airflow/.local/lib/python3.12/site-packages/airflow/example_dags/example_skip_dag.py
[2026-04-25T08:45:17.273+0000] {logging_mixin.py:188} INFO - [2026-04-25T08:45:17.273+0000] {dag.py:3096} INFO - Sync 1 DAGs
[2026-04-25T08:45:17.293+0000] {logging_mixin.py:188} INFO - [2026-04-25T08:45:17.293+0000] {dag.py:3954} INFO - Setting next_dagrun for example_skip_dag to 2026-04-24 00:00:00+00:00, run_after=2026-04-25 00:00:00+00:00
[2026-04-25T08:45:17.309+0000] {processor.py:183} INFO - Processing /home/airflow/.local/lib/python3.12/site-packages/airflow/example_dags/example_skip_dag.py took 0.067 seconds
[2026-04-25T08:45:48.324+0000] {processor.py:161} INFO - Started process (PID=1542) to work on /home/airflow/.local/lib/python3.12/site-packages/airflow/example_dags/example_skip_dag.py
[2026-04-25T08:45:48.324+0000] {processor.py:830} INFO - Processing file /home/airflow/.local/lib/python3.12/site-packages/airflow/example_dags/example_skip_dag.py for tasks to queue
[2026-04-25T08:45:48.326+0000] {logging_mixin.py:188} INFO - [2026-04-25T08:45:48.325+0000] {dagbag.py:545} INFO - Filling up the DagBag from /home/airflow/.local/lib/python3.12/site-packages/airflow/example_dags/example_skip_dag.py
[2026-04-25T08:45:48.333+0000] {processor.py:840} INFO - DAG(s) 'example_skip_dag' retrieved from /home/airflow/.local/lib/python3.12/site-packages/airflow/example_dags/example_skip_dag.py
[2026-04-25T08:45:48.355+0000] {logging_mixin.py:188} INFO - [2026-04-25T08:45:48.355+0000] {dag.py:3096} INFO - Sync 1 DAGs
[2026-04-25T08:45:48.374+0000] {logging_mixin.py:188} INFO - [2026-04-25T08:45:48.374+0000] {dag.py:3954} INFO - Setting next_dagrun for example_skip_dag to 2026-04-24 00:00:00+00:00, run_after=2026-04-25 00:00:00+00:00
[2026-04-25T08:45:48.389+0000] {processor.py:183} INFO - Processing /home/airflow/.local/lib/python3.12/site-packages/airflow/example_dags/example_skip_dag.py took 0.071 seconds
[2026-04-25T08:46:18.938+0000] {processor.py:161} INFO - Started process (PID=1600) to work on /home/airflow/.local/lib/python3.12/site-packages/airflow/example_dags/example_skip_dag.py
[2026-04-25T08:46:18.938+0000] {processor.py:830} INFO - Processing file /home/airflow/.local/lib/python3.12/site-packages/airflow/example_dags/example_skip_dag.py for tasks to queue
[2026-04-25T08:46:18.940+0000] {logging_mixin.py:188} INFO - [2026-04-25T08:46:18.939+0000] {dagbag.py:545} INFO - Filling up the DagBag from /home/airflow/.local/lib/python3.12/site-packages/airflow/example_dags/example_skip_dag.py
[2026-04-25T08:46:18.945+0000] {processor.py:840} INFO - DAG(s) 'example_skip_dag' retrieved from /home/airflow/.local/lib/python3.12/site-packages/airflow/example_dags/example_skip_dag.py
[2026-04-25T08:46:18.969+0000] {logging_mixin.py:188} INFO - [2026-04-25T08:46:18.968+0000] {dag.py:3096} INFO - Sync 1 DAGs
[2026-04-25T08:46:19.132+0000] {logging_mixin.py:188} INFO - [2026-04-25T08:46:19.132+0000] {dag.py:3954} INFO - Setting next_dagrun for example_skip_dag to 2026-04-24 00:00:00+00:00, run_after=2026-04-25 00:00:00+00:00
[2026-04-25T08:46:19.146+0000] {processor.py:183} INFO - Processing /home/airflow/.local/lib/python3.12/site-packages/airflow/example_dags/example_skip_dag.py took 0.213 seconds
[2026-04-25T08:46:49.351+0000] {processor.py:161} INFO - Started process (PID=1658) to work on /home/airflow/.local/lib/python3.12/site-packages/airflow/example_dags/example_skip_dag.py
[2026-04-25T08:46:49.351+0000] {processor.py:830} INFO - Processing file /home/airflow/.local/lib/python3.12/site-packages/airflow/example_dags/example_skip_dag.py for tasks to queue
[2026-04-25T08:46:49.353+0000] {logging_mixin.py:188} INFO - [2026-04-25T08:46:49.353+0000] {dagbag.py:545} INFO - Filling up the DagBag from /home/airflow/.local/lib/python3.12/site-packages/airflow/example_dags/example_skip_dag.py
[2026-04-25T08:46:49.360+0000] {processor.py:840} INFO - DAG(s) 'example_skip_dag' retrieved from /home/airflow/.local/lib/python3.12/site-packages/airflow/example_dags/example_skip_dag.py
[2026-04-25T08:46:49.381+0000] {logging_mixin.py:188} INFO - [2026-04-25T08:46:49.381+0000] {dag.py:3096} INFO - Sync 1 DAGs
[2026-04-25T08:46:49.402+0000] {logging_mixin.py:188} INFO - [2026-04-25T08:46:49.402+0000] {dag.py:3954} INFO - Setting next_dagrun for example_skip_dag to 2026-04-24 00:00:00+00:00, run_after=2026-04-25 00:00:00+00:00
[2026-04-25T08:46:49.418+0000] {processor.py:183} INFO - Processing /home/airflow/.local/lib/python3.12/site-packages/airflow/example_dags/example_skip_dag.py took 0.072 seconds
[2026-04-25T08:47:19.879+0000] {processor.py:161} INFO - Started process (PID=1716) to work on /home/airflow/.local/lib/python3.12/site-packages/airflow/example_dags/example_skip_dag.py
[2026-04-25T08:47:19.879+0000] {processor.py:830} INFO - Processing file /home/airflow/.local/lib/python3.12/site-packages/airflow/example_dags/example_skip_dag.py for tasks to queue
[2026-04-25T08:47:19.881+0000] {logging_mixin.py:188} INFO - [2026-04-25T08:47:19.881+0000] {dagbag.py:545} INFO - Filling up the DagBag from /home/airflow/.local/lib/python3.12/site-packages/airflow/example_dags/example_skip_dag.py
[2026-04-25T08:47:19.886+0000] {processor.py:840} INFO - DAG(s) 'example_skip_dag' retrieved from /home/airflow/.local/lib/python3.12/site-packages/airflow/example_dags/example_skip_dag.py
[2026-04-25T08:47:19.904+0000] {logging_mixin.py:188} INFO - [2026-04-25T08:47:19.904+0000] {dag.py:3096} INFO - Sync 1 DAGs
[2026-04-25T08:47:19.922+0000] {logging_mixin.py:188} INFO - [2026-04-25T08:47:19.922+0000] {dag.py:3954} INFO - Setting next_dagrun for example_skip_dag to 2026-04-24 00:00:00+00:00, run_after=2026-04-25 00:00:00+00:00
[2026-04-25T08:47:19.936+0000] {processor.py:183} INFO - Processing /home/airflow/.local/lib/python3.12/site-packages/airflow/example_dags/example_skip_dag.py took 0.062 seconds
[2026-04-25T08:47:50.284+0000] {processor.py:161} INFO - Started process (PID=1774) to work on /home/airflow/.local/lib/python3.12/site-packages/airflow/example_dags/example_skip_dag.py
[2026-04-25T08:47:50.284+0000] {processor.py:830} INFO - Processing file /home/airflow/.local/lib/python3.12/site-packages/airflow/example_dags/example_skip_dag.py for tasks to queue
[2026-04-25T08:47:50.286+0000] {logging_mixin.py:188} INFO - [2026-04-25T08:47:50.286+0000] {dagbag.py:545} INFO - Filling up the DagBag from /home/airflow/.local/lib/python3.12/site-packages/airflow/example_dags/example_skip_dag.py
[2026-04-25T08:47:50.291+0000] {processor.py:840} INFO - DAG(s) 'example_skip_dag' retrieved from /home/airflow/.local/lib/python3.12/site-packages/airflow/example_dags/example_skip_dag.py
[2026-04-25T08:47:50.309+0000] {logging_mixin.py:188} INFO - [2026-04-25T08:47:50.309+0000] {dag.py:3096} INFO - Sync 1 DAGs
[2026-04-25T08:47:50.329+0000] {logging_mixin.py:188} INFO - [2026-04-25T08:47:50.329+0000] {dag.py:3954} INFO - Setting next_dagrun for example_skip_dag to 2026-04-24 00:00:00+00:00, run_after=2026-04-25 00:00:00+00:00
[2026-04-25T08:47:50.343+0000] {processor.py:183} INFO - Processing /home/airflow/.local/lib/python3.12/site-packages/airflow/example_dags/example_skip_dag.py took 0.064 seconds
[2026-04-25T08:48:21.071+0000] {processor.py:161} INFO - Started process (PID=1832) to work on /home/airflow/.local/lib/python3.12/site-packages/airflow/example_dags/example_skip_dag.py
[2026-04-25T08:48:21.071+0000] {processor.py:830} INFO - Processing file /home/airflow/.local/lib/python3.12/site-packages/airflow/example_dags/example_skip_dag.py for tasks to queue
[2026-04-25T08:48:21.073+0000] {logging_mixin.py:188} INFO - [2026-04-25T08:48:21.073+0000] {dagbag.py:545} INFO - Filling up the DagBag from /home/airflow/.local/lib/python3.12/site-packages/airflow/example_dags/example_skip_dag.py
[2026-04-25T08:48:21.081+0000] {processor.py:840} INFO - DAG(s) 'example_skip_dag' retrieved from /home/airflow/.local/lib/python3.12/site-packages/airflow/example_dags/example_skip_dag.py
[2026-04-25T08:48:21.105+0000] {logging_mixin.py:188} INFO - [2026-04-25T08:48:21.105+0000] {dag.py:3096} INFO - Sync 1 DAGs
[2026-04-25T08:48:21.125+0000] {logging_mixin.py:188} INFO - [2026-04-25T08:48:21.125+0000] {dag.py:3954} INFO - Setting next_dagrun for example_skip_dag to 2026-04-24 00:00:00+00:00, run_after=2026-04-25 00:00:00+00:00
[2026-04-25T08:48:21.142+0000] {processor.py:183} INFO - Processing /home/airflow/.local/lib/python3.12/site-packages/airflow/example_dags/example_skip_dag.py took 0.078 seconds
[2026-04-25T08:48:51.995+0000] {processor.py:161} INFO - Started process (PID=1890) to work on /home/airflow/.local/lib/python3.12/site-packages/airflow/example_dags/example_skip_dag.py
[2026-04-25T08:48:51.995+0000] {processor.py:830} INFO - Processing file /home/airflow/.local/lib/python3.12/site-packages/airflow/example_dags/example_skip_dag.py for tasks to queue
[2026-04-25T08:48:51.997+0000] {logging_mixin.py:188} INFO - [2026-04-25T08:48:51.996+0000] {dagbag.py:545} INFO - Filling up the DagBag from /home/airflow/.local/lib/python3.12/site-packages/airflow/example_dags/example_skip_dag.py
[2026-04-25T08:48:52.002+0000] {processor.py:840} INFO - DAG(s) 'example_skip_dag' retrieved from /home/airflow/.local/lib/python3.12/site-packages/airflow/example_dags/example_skip_dag.py
[2026-04-25T08:48:52.019+0000] {logging_mixin.py:188} INFO - [2026-04-25T08:48:52.019+0000] {dag.py:3096} INFO - Sync 1 DAGs
[2026-04-25T08:48:52.039+0000] {logging_mixin.py:188} INFO - [2026-04-25T08:48:52.038+0000] {dag.py:3954} INFO - Setting next_dagrun for example_skip_dag to 2026-04-24 00:00:00+00:00, run_after=2026-04-25 00:00:00+00:00
[2026-04-25T08:48:52.055+0000] {processor.py:183} INFO - Processing /home/airflow/.local/lib/python3.12/site-packages/airflow/example_dags/example_skip_dag.py took 0.065 seconds
[2026-04-25T08:49:22.473+0000] {processor.py:161} INFO - Started process (PID=1948) to work on /home/airflow/.local/lib/python3.12/site-packages/airflow/example_dags/example_skip_dag.py
[2026-04-25T08:49:22.474+0000] {processor.py:830} INFO - Processing file /home/airflow/.local/lib/python3.12/site-packages/airflow/example_dags/example_skip_dag.py for tasks to queue
[2026-04-25T08:49:22.475+0000] {logging_mixin.py:188} INFO - [2026-04-25T08:49:22.475+0000] {dagbag.py:545} INFO - Filling up the DagBag from /home/airflow/.local/lib/python3.12/site-packages/airflow/example_dags/example_skip_dag.py
[2026-04-25T08:49:22.480+0000] {processor.py:840} INFO - DAG(s) 'example_skip_dag' retrieved from /home/airflow/.local/lib/python3.12/site-packages/airflow/example_dags/example_skip_dag.py
[2026-04-25T08:49:22.498+0000] {logging_mixin.py:188} INFO - [2026-04-25T08:49:22.497+0000] {dag.py:3096} INFO - Sync 1 DAGs
[2026-04-25T08:49:22.515+0000] {logging_mixin.py:188} INFO - [2026-04-25T08:49:22.515+0000] {dag.py:3954} INFO - Setting next_dagrun for example_skip_dag to 2026-04-24 00:00:00+00:00, run_after=2026-04-25 00:00:00+00:00
[2026-04-25T08:49:22.530+0000] {processor.py:183} INFO - Processing /home/airflow/.local/lib/python3.12/site-packages/airflow/example_dags/example_skip_dag.py took 0.062 seconds
[2026-04-25T08:49:53.016+0000] {processor.py:161} INFO - Started process (PID=2006) to work on /home/airflow/.local/lib/python3.12/site-packages/airflow/example_dags/example_skip_dag.py
[2026-04-25T08:49:53.017+0000] {processor.py:830} INFO - Processing file /home/airflow/.local/lib/python3.12/site-packages/airflow/example_dags/example_skip_dag.py for tasks to queue
[2026-04-25T08:49:53.018+0000] {logging_mixin.py:188} INFO - [2026-04-25T08:49:53.018+0000] {dagbag.py:545} INFO - Filling up the DagBag from /home/airflow/.local/lib/python3.12/site-packages/airflow/example_dags/example_skip_dag.py
[2026-04-25T08:49:53.024+0000] {processor.py:840} INFO - DAG(s) 'example_skip_dag' retrieved from /home/airflow/.local/lib/python3.12/site-packages/airflow/example_dags/example_skip_dag.py
[2026-04-25T08:49:53.041+0000] {logging_mixin.py:188} INFO - [2026-04-25T08:49:53.041+0000] {dag.py:3096} INFO - Sync 1 DAGs
[2026-04-25T08:49:53.059+0000] {logging_mixin.py:188} INFO - [2026-04-25T08:49:53.059+0000] {dag.py:3954} INFO - Setting next_dagrun for example_skip_dag to 2026-04-24 00:00:00+00:00, run_after=2026-04-25 00:00:00+00:00
[2026-04-25T08:49:53.073+0000] {processor.py:183} INFO - Processing /home/airflow/.local/lib/python3.12/site-packages/airflow/example_dags/example_skip_dag.py took 0.065 seconds
[2026-04-25T08:50:23.453+0000] {processor.py:161} INFO - Started process (PID=2064) to work on /home/airflow/.local/lib/python3.12/site-packages/airflow/example_dags/example_skip_dag.py
[2026-04-25T08:50:23.453+0000] {processor.py:830} INFO - Processing file /home/airflow/.local/lib/python3.12/site-packages/airflow/example_dags/example_skip_dag.py for tasks to queue
[2026-04-25T08:50:23.455+0000] {logging_mixin.py:188} INFO - [2026-04-25T08:50:23.455+0000] {dagbag.py:545} INFO - Filling up the DagBag from /home/airflow/.local/lib/python3.12/site-packages/airflow/example_dags/example_skip_dag.py
[2026-04-25T08:50:23.460+0000] {processor.py:840} INFO - DAG(s) 'example_skip_dag' retrieved from /home/airflow/.local/lib/python3.12/site-packages/airflow/example_dags/example_skip_dag.py
[2026-04-25T08:50:23.481+0000] {logging_mixin.py:188} INFO - [2026-04-25T08:50:23.481+0000] {dag.py:3096} INFO - Sync 1 DAGs
[2026-04-25T08:50:23.501+0000] {logging_mixin.py:188} INFO - [2026-04-25T08:50:23.500+0000] {dag.py:3954} INFO - Setting next_dagrun for example_skip_dag to 2026-04-24 00:00:00+00:00, run_after=2026-04-25 00:00:00+00:00
[2026-04-25T08:50:23.516+0000] {processor.py:183} INFO - Processing /home/airflow/.local/lib/python3.12/site-packages/airflow/example_dags/example_skip_dag.py took 0.068 seconds
[2026-04-25T08:50:53.959+0000] {processor.py:161} INFO - Started process (PID=2122) to work on /home/airflow/.local/lib/python3.12/site-packages/airflow/example_dags/example_skip_dag.py
[2026-04-25T08:50:53.960+0000] {processor.py:830} INFO - Processing file /home/airflow/.local/lib/python3.12/site-packages/airflow/example_dags/example_skip_dag.py for tasks to queue
[2026-04-25T08:50:53.961+0000] {logging_mixin.py:188} INFO - [2026-04-25T08:50:53.961+0000] {dagbag.py:545} INFO - Filling up the DagBag from /home/airflow/.local/lib/python3.12/site-packages/airflow/example_dags/example_skip_dag.py
[2026-04-25T08:50:53.969+0000] {processor.py:840} INFO - DAG(s) 'example_skip_dag' retrieved from /home/airflow/.local/lib/python3.12/site-packages/airflow/example_dags/example_skip_dag.py
[2026-04-25T08:50:53.988+0000] {logging_mixin.py:188} INFO - [2026-04-25T08:50:53.988+0000] {dag.py:3096} INFO - Sync 1 DAGs
[2026-04-25T08:50:54.010+0000] {logging_mixin.py:188} INFO - [2026-04-25T08:50:54.010+0000] {dag.py:3954} INFO - Setting next_dagrun for example_skip_dag to 2026-04-24 00:00:00+00:00, run_after=2026-04-25 00:00:00+00:00
[2026-04-25T08:50:54.026+0000] {processor.py:183} INFO - Processing /home/airflow/.local/lib/python3.12/site-packages/airflow/example_dags/example_skip_dag.py took 0.074 seconds
[2026-04-25T08:51:24.561+0000] {processor.py:161} INFO - Started process (PID=2180) to work on /home/airflow/.local/lib/python3.12/site-packages/airflow/example_dags/example_skip_dag.py
[2026-04-25T08:51:24.562+0000] {processor.py:830} INFO - Processing file /home/airflow/.local/lib/python3.12/site-packages/airflow/example_dags/example_skip_dag.py for tasks to queue
[2026-04-25T08:51:24.564+0000] {logging_mixin.py:188} INFO - [2026-04-25T08:51:24.563+0000] {dagbag.py:545} INFO - Filling up the DagBag from /home/airflow/.local/lib/python3.12/site-packages/airflow/example_dags/example_skip_dag.py
[2026-04-25T08:51:24.570+0000] {processor.py:840} INFO - DAG(s) 'example_skip_dag' retrieved from /home/airflow/.local/lib/python3.12/site-packages/airflow/example_dags/example_skip_dag.py
[2026-04-25T08:51:24.597+0000] {logging_mixin.py:188} INFO - [2026-04-25T08:51:24.597+0000] {dag.py:3096} INFO - Sync 1 DAGs
[2026-04-25T08:51:24.624+0000] {logging_mixin.py:188} INFO - [2026-04-25T08:51:24.624+0000] {dag.py:3954} INFO - Setting next_dagrun for example_skip_dag to 2026-04-24 00:00:00+00:00, run_after=2026-04-25 00:00:00+00:00
[2026-04-25T08:51:24.685+0000] {processor.py:183} INFO - Processing /home/airflow/.local/lib/python3.12/site-packages/airflow/example_dags/example_skip_dag.py took 0.130 seconds
[2026-04-25T08:51:55.540+0000] {processor.py:161} INFO - Started process (PID=2238) to work on /home/airflow/.local/lib/python3.12/site-packages/airflow/example_dags/example_skip_dag.py
[2026-04-25T08:51:55.541+0000] {processor.py:830} INFO - Processing file /home/airflow/.local/lib/python3.12/site-packages/airflow/example_dags/example_skip_dag.py for tasks to queue
[2026-04-25T08:51:55.542+0000] {logging_mixin.py:188} INFO - [2026-04-25T08:51:55.542+0000] {dagbag.py:545} INFO - Filling up the DagBag from /home/airflow/.local/lib/python3.12/site-packages/airflow/example_dags/example_skip_dag.py
[2026-04-25T08:51:55.550+0000] {processor.py:840} INFO - DAG(s) 'example_skip_dag' retrieved from /home/airflow/.local/lib/python3.12/site-packages/airflow/example_dags/example_skip_dag.py
[2026-04-25T08:51:55.578+0000] {logging_mixin.py:188} INFO - [2026-04-25T08:51:55.578+0000] {dag.py:3096} INFO - Sync 1 DAGs
[2026-04-25T08:51:55.606+0000] {logging_mixin.py:188} INFO - [2026-04-25T08:51:55.605+0000] {dag.py:3954} INFO - Setting next_dagrun for example_skip_dag to 2026-04-24 00:00:00+00:00, run_after=2026-04-25 00:00:00+00:00
[2026-04-25T08:51:55.625+0000] {processor.py:183} INFO - Processing /home/airflow/.local/lib/python3.12/site-packages/airflow/example_dags/example_skip_dag.py took 0.092 seconds
[2026-04-25T08:52:26.167+0000] {processor.py:161} INFO - Started process (PID=2296) to work on /home/airflow/.local/lib/python3.12/site-packages/airflow/example_dags/example_skip_dag.py
[2026-04-25T08:52:26.167+0000] {processor.py:830} INFO - Processing file /home/airflow/.local/lib/python3.12/site-packages/airflow/example_dags/example_skip_dag.py for tasks to queue
[2026-04-25T08:52:26.169+0000] {logging_mixin.py:188} INFO - [2026-04-25T08:52:26.168+0000] {dagbag.py:545} INFO - Filling up the DagBag from /home/airflow/.local/lib/python3.12/site-packages/airflow/example_dags/example_skip_dag.py
[2026-04-25T08:52:26.177+0000] {processor.py:840} INFO - DAG(s) 'example_skip_dag' retrieved from /home/airflow/.local/lib/python3.12/site-packages/airflow/example_dags/example_skip_dag.py
[2026-04-25T08:52:26.201+0000] {logging_mixin.py:188} INFO - [2026-04-25T08:52:26.201+0000] {dag.py:3096} INFO - Sync 1 DAGs
[2026-04-25T08:52:26.220+0000] {logging_mixin.py:188} INFO - [2026-04-25T08:52:26.220+0000] {dag.py:3954} INFO - Setting next_dagrun for example_skip_dag to 2026-04-24 00:00:00+00:00, run_after=2026-04-25 00:00:00+00:00
[2026-04-25T08:52:26.235+0000] {processor.py:183} INFO - Processing /home/airflow/.local/lib/python3.12/site-packages/airflow/example_dags/example_skip_dag.py took 0.075 seconds
[2026-04-25T08:52:56.789+0000] {processor.py:161} INFO - Started process (PID=2354) to work on /home/airflow/.local/lib/python3.12/site-packages/airflow/example_dags/example_skip_dag.py
[2026-04-25T08:52:56.790+0000] {processor.py:830} INFO - Processing file /home/airflow/.local/lib/python3.12/site-packages/airflow/example_dags/example_skip_dag.py for tasks to queue
[2026-04-25T08:52:56.792+0000] {logging_mixin.py:188} INFO - [2026-04-25T08:52:56.792+0000] {dagbag.py:545} INFO - Filling up the DagBag from /home/airflow/.local/lib/python3.12/site-packages/airflow/example_dags/example_skip_dag.py
[2026-04-25T08:52:56.799+0000] {processor.py:840} INFO - DAG(s) 'example_skip_dag' retrieved from /home/airflow/.local/lib/python3.12/site-packages/airflow/example_dags/example_skip_dag.py
[2026-04-25T08:52:56.826+0000] {logging_mixin.py:188} INFO - [2026-04-25T08:52:56.826+0000] {dag.py:3096} INFO - Sync 1 DAGs
[2026-04-25T08:52:56.844+0000] {logging_mixin.py:188} INFO - [2026-04-25T08:52:56.844+0000] {dag.py:3954} INFO - Setting next_dagrun for example_skip_dag to 2026-04-24 00:00:00+00:00, run_after=2026-04-25 00:00:00+00:00
[2026-04-25T08:52:56.859+0000] {processor.py:183} INFO - Processing /home/airflow/.local/lib/python3.12/site-packages/airflow/example_dags/example_skip_dag.py took 0.075 seconds
[2026-04-25T08:53:27.515+0000] {processor.py:161} INFO - Started process (PID=2412) to work on /home/airflow/.local/lib/python3.12/site-packages/airflow/example_dags/example_skip_dag.py
[2026-04-25T08:53:27.516+0000] {processor.py:830} INFO - Processing file /home/airflow/.local/lib/python3.12/site-packages/airflow/example_dags/example_skip_dag.py for tasks to queue
[2026-04-25T08:53:27.517+0000] {logging_mixin.py:188} INFO - [2026-04-25T08:53:27.517+0000] {dagbag.py:545} INFO - Filling up the DagBag from /home/airflow/.local/lib/python3.12/site-packages/airflow/example_dags/example_skip_dag.py
[2026-04-25T08:53:27.522+0000] {processor.py:840} INFO - DAG(s) 'example_skip_dag' retrieved from /home/airflow/.local/lib/python3.12/site-packages/airflow/example_dags/example_skip_dag.py
[2026-04-25T08:53:27.540+0000] {logging_mixin.py:188} INFO - [2026-04-25T08:53:27.539+0000] {dag.py:3096} INFO - Sync 1 DAGs
[2026-04-25T08:53:27.560+0000] {logging_mixin.py:188} INFO - [2026-04-25T08:53:27.560+0000] {dag.py:3954} INFO - Setting next_dagrun for example_skip_dag to 2026-04-24 00:00:00+00:00, run_after=2026-04-25 00:00:00+00:00
[2026-04-25T08:53:27.578+0000] {processor.py:183} INFO - Processing /home/airflow/.local/lib/python3.12/site-packages/airflow/example_dags/example_skip_dag.py took 0.068 seconds
[2026-04-25T08:53:57.907+0000] {processor.py:161} INFO - Started process (PID=2470) to work on /home/airflow/.local/lib/python3.12/site-packages/airflow/example_dags/example_skip_dag.py
[2026-04-25T08:53:57.908+0000] {processor.py:830} INFO - Processing file /home/airflow/.local/lib/python3.12/site-packages/airflow/example_dags/example_skip_dag.py for tasks to queue
[2026-04-25T08:53:57.909+0000] {logging_mixin.py:188} INFO - [2026-04-25T08:53:57.909+0000] {dagbag.py:545} INFO - Filling up the DagBag from /home/airflow/.local/lib/python3.12/site-packages/airflow/example_dags/example_skip_dag.py
[2026-04-25T08:53:57.915+0000] {processor.py:840} INFO - DAG(s) 'example_skip_dag' retrieved from /home/airflow/.local/lib/python3.12/site-packages/airflow/example_dags/example_skip_dag.py
[2026-04-25T08:53:57.933+0000] {logging_mixin.py:188} INFO - [2026-04-25T08:53:57.933+0000] {dag.py:3096} INFO - Sync 1 DAGs
[2026-04-25T08:53:57.953+0000] {logging_mixin.py:188} INFO - [2026-04-25T08:53:57.952+0000] {dag.py:3954} INFO - Setting next_dagrun for example_skip_dag to 2026-04-24 00:00:00+00:00, run_after=2026-04-25 00:00:00+00:00
[2026-04-25T08:53:57.970+0000] {processor.py:183} INFO - Processing /home/airflow/.local/lib/python3.12/site-packages/airflow/example_dags/example_skip_dag.py took 0.067 seconds
[2026-04-25T08:54:28.291+0000] {processor.py:161} INFO - Started process (PID=2527) to work on /home/airflow/.local/lib/python3.12/site-packages/airflow/example_dags/example_skip_dag.py
[2026-04-25T08:54:28.292+0000] {processor.py:830} INFO - Processing file /home/airflow/.local/lib/python3.12/site-packages/airflow/example_dags/example_skip_dag.py for tasks to queue
[2026-04-25T08:54:28.293+0000] {logging_mixin.py:188} INFO - [2026-04-25T08:54:28.293+0000] {dagbag.py:545} INFO - Filling up the DagBag from /home/airflow/.local/lib/python3.12/site-packages/airflow/example_dags/example_skip_dag.py
[2026-04-25T08:54:28.299+0000] {processor.py:840} INFO - DAG(s) 'example_skip_dag' retrieved from /home/airflow/.local/lib/python3.12/site-packages/airflow/example_dags/example_skip_dag.py
[2026-04-25T08:54:28.321+0000] {logging_mixin.py:188} INFO - [2026-04-25T08:54:28.320+0000] {dag.py:3096} INFO - Sync 1 DAGs
[2026-04-25T08:54:28.342+0000] {logging_mixin.py:188} INFO - [2026-04-25T08:54:28.342+0000] {dag.py:3954} INFO - Setting next_dagrun for example_skip_dag to 2026-04-24 00:00:00+00:00, run_after=2026-04-25 00:00:00+00:00
[2026-04-25T08:54:28.357+0000] {processor.py:183} INFO - Processing /home/airflow/.local/lib/python3.12/site-packages/airflow/example_dags/example_skip_dag.py took 0.070 seconds
[2026-04-25T08:54:58.825+0000] {processor.py:161} INFO - Started process (PID=2585) to work on /home/airflow/.local/lib/python3.12/site-packages/airflow/example_dags/example_skip_dag.py
[2026-04-25T08:54:58.826+0000] {processor.py:830} INFO - Processing file /home/airflow/.local/lib/python3.12/site-packages/airflow/example_dags/example_skip_dag.py for tasks to queue
[2026-04-25T08:54:58.828+0000] {logging_mixin.py:188} INFO - [2026-04-25T08:54:58.828+0000] {dagbag.py:545} INFO - Filling up the DagBag from /home/airflow/.local/lib/python3.12/site-packages/airflow/example_dags/example_skip_dag.py
[2026-04-25T08:54:58.836+0000] {processor.py:840} INFO - DAG(s) 'example_skip_dag' retrieved from /home/airflow/.local/lib/python3.12/site-packages/airflow/example_dags/example_skip_dag.py
[2026-04-25T08:54:58.860+0000] {logging_mixin.py:188} INFO - [2026-04-25T08:54:58.859+0000] {dag.py:3096} INFO - Sync 1 DAGs
[2026-04-25T08:54:58.885+0000] {logging_mixin.py:188} INFO - [2026-04-25T08:54:58.885+0000] {dag.py:3954} INFO - Setting next_dagrun for example_skip_dag to 2026-04-24 00:00:00+00:00, run_after=2026-04-25 00:00:00+00:00
[2026-04-25T08:54:58.905+0000] {processor.py:183} INFO - Processing /home/airflow/.local/lib/python3.12/site-packages/airflow/example_dags/example_skip_dag.py took 0.086 seconds
[2026-04-25T08:55:29.312+0000] {processor.py:161} INFO - Started process (PID=2643) to work on /home/airflow/.local/lib/python3.12/site-packages/airflow/example_dags/example_skip_dag.py
[2026-04-25T08:55:29.313+0000] {processor.py:830} INFO - Processing file /home/airflow/.local/lib/python3.12/site-packages/airflow/example_dags/example_skip_dag.py for tasks to queue
[2026-04-25T08:55:29.314+0000] {logging_mixin.py:188} INFO - [2026-04-25T08:55:29.314+0000] {dagbag.py:545} INFO - Filling up the DagBag from /home/airflow/.local/lib/python3.12/site-packages/airflow/example_dags/example_skip_dag.py
[2026-04-25T08:55:29.319+0000] {processor.py:840} INFO - DAG(s) 'example_skip_dag' retrieved from /home/airflow/.local/lib/python3.12/site-packages/airflow/example_dags/example_skip_dag.py
[2026-04-25T08:55:29.337+0000] {logging_mixin.py:188} INFO - [2026-04-25T08:55:29.337+0000] {dag.py:3096} INFO - Sync 1 DAGs
[2026-04-25T08:55:29.356+0000] {logging_mixin.py:188} INFO - [2026-04-25T08:55:29.356+0000] {dag.py:3954} INFO - Setting next_dagrun for example_skip_dag to 2026-04-24 00:00:00+00:00, run_after=2026-04-25 00:00:00+00:00
[2026-04-25T08:55:29.373+0000] {processor.py:183} INFO - Processing /home/airflow/.local/lib/python3.12/site-packages/airflow/example_dags/example_skip_dag.py took 0.066 seconds
