[2026-04-25T08:33:04.515+0000] {processor.py:161} INFO - Started process (PID=86) to work on /home/airflow/.local/lib/python3.12/site-packages/airflow/example_dags/example_local_kubernetes_executor.py
[2026-04-25T08:33:04.515+0000] {processor.py:830} INFO - Processing file /home/airflow/.local/lib/python3.12/site-packages/airflow/example_dags/example_local_kubernetes_executor.py for tasks to queue
[2026-04-25T08:33:04.517+0000] {logging_mixin.py:188} INFO - [2026-04-25T08:33:04.517+0000] {dagbag.py:545} INFO - Filling up the DagBag from /home/airflow/.local/lib/python3.12/site-packages/airflow/example_dags/example_local_kubernetes_executor.py
[2026-04-25T08:33:04.526+0000] {processor.py:840} INFO - DAG(s) 'example_local_kubernetes_executor' retrieved from /home/airflow/.local/lib/python3.12/site-packages/airflow/example_dags/example_local_kubernetes_executor.py
[2026-04-25T08:33:04.717+0000] {logging_mixin.py:188} INFO - [2026-04-25T08:33:04.716+0000] {dag.py:3096} INFO - Sync 1 DAGs
[2026-04-25T08:33:04.733+0000] {logging_mixin.py:188} INFO - [2026-04-25T08:33:04.732+0000] {dag.py:3954} INFO - Setting next_dagrun for example_local_kubernetes_executor to None, run_after=None
[2026-04-25T08:33:04.753+0000] {processor.py:183} INFO - Processing /home/airflow/.local/lib/python3.12/site-packages/airflow/example_dags/example_local_kubernetes_executor.py took 0.245 seconds
[2026-04-25T08:33:35.504+0000] {processor.py:161} INFO - Started process (PID=144) to work on /home/airflow/.local/lib/python3.12/site-packages/airflow/example_dags/example_local_kubernetes_executor.py
[2026-04-25T08:33:35.505+0000] {processor.py:830} INFO - Processing file /home/airflow/.local/lib/python3.12/site-packages/airflow/example_dags/example_local_kubernetes_executor.py for tasks to queue
[2026-04-25T08:33:35.506+0000] {logging_mixin.py:188} INFO - [2026-04-25T08:33:35.506+0000] {dagbag.py:545} INFO - Filling up the DagBag from /home/airflow/.local/lib/python3.12/site-packages/airflow/example_dags/example_local_kubernetes_executor.py
[2026-04-25T08:33:35.512+0000] {processor.py:840} INFO - DAG(s) 'example_local_kubernetes_executor' retrieved from /home/airflow/.local/lib/python3.12/site-packages/airflow/example_dags/example_local_kubernetes_executor.py
[2026-04-25T08:33:35.545+0000] {logging_mixin.py:188} INFO - [2026-04-25T08:33:35.545+0000] {dag.py:3096} INFO - Sync 1 DAGs
[2026-04-25T08:33:35.557+0000] {logging_mixin.py:188} INFO - [2026-04-25T08:33:35.557+0000] {dag.py:3954} INFO - Setting next_dagrun for example_local_kubernetes_executor to None, run_after=None
[2026-04-25T08:33:35.574+0000] {processor.py:183} INFO - Processing /home/airflow/.local/lib/python3.12/site-packages/airflow/example_dags/example_local_kubernetes_executor.py took 0.076 seconds
[2026-04-25T08:34:05.652+0000] {processor.py:161} INFO - Started process (PID=202) to work on /home/airflow/.local/lib/python3.12/site-packages/airflow/example_dags/example_local_kubernetes_executor.py
[2026-04-25T08:34:05.653+0000] {processor.py:830} INFO - Processing file /home/airflow/.local/lib/python3.12/site-packages/airflow/example_dags/example_local_kubernetes_executor.py for tasks to queue
[2026-04-25T08:34:05.654+0000] {logging_mixin.py:188} INFO - [2026-04-25T08:34:05.654+0000] {dagbag.py:545} INFO - Filling up the DagBag from /home/airflow/.local/lib/python3.12/site-packages/airflow/example_dags/example_local_kubernetes_executor.py
[2026-04-25T08:34:05.660+0000] {processor.py:840} INFO - DAG(s) 'example_local_kubernetes_executor' retrieved from /home/airflow/.local/lib/python3.12/site-packages/airflow/example_dags/example_local_kubernetes_executor.py
[2026-04-25T08:34:05.689+0000] {logging_mixin.py:188} INFO - [2026-04-25T08:34:05.689+0000] {dag.py:3096} INFO - Sync 1 DAGs
[2026-04-25T08:34:05.701+0000] {logging_mixin.py:188} INFO - [2026-04-25T08:34:05.700+0000] {dag.py:3954} INFO - Setting next_dagrun for example_local_kubernetes_executor to None, run_after=None
[2026-04-25T08:34:05.730+0000] {processor.py:183} INFO - Processing /home/airflow/.local/lib/python3.12/site-packages/airflow/example_dags/example_local_kubernetes_executor.py took 0.083 seconds
[2026-04-25T08:34:35.793+0000] {processor.py:161} INFO - Started process (PID=260) to work on /home/airflow/.local/lib/python3.12/site-packages/airflow/example_dags/example_local_kubernetes_executor.py
[2026-04-25T08:34:35.794+0000] {processor.py:830} INFO - Processing file /home/airflow/.local/lib/python3.12/site-packages/airflow/example_dags/example_local_kubernetes_executor.py for tasks to queue
[2026-04-25T08:34:35.796+0000] {logging_mixin.py:188} INFO - [2026-04-25T08:34:35.795+0000] {dagbag.py:545} INFO - Filling up the DagBag from /home/airflow/.local/lib/python3.12/site-packages/airflow/example_dags/example_local_kubernetes_executor.py
[2026-04-25T08:34:35.802+0000] {processor.py:840} INFO - DAG(s) 'example_local_kubernetes_executor' retrieved from /home/airflow/.local/lib/python3.12/site-packages/airflow/example_dags/example_local_kubernetes_executor.py
[2026-04-25T08:34:35.831+0000] {logging_mixin.py:188} INFO - [2026-04-25T08:34:35.831+0000] {dag.py:3096} INFO - Sync 1 DAGs
[2026-04-25T08:34:35.841+0000] {logging_mixin.py:188} INFO - [2026-04-25T08:34:35.841+0000] {dag.py:3954} INFO - Setting next_dagrun for example_local_kubernetes_executor to None, run_after=None
[2026-04-25T08:34:35.856+0000] {processor.py:183} INFO - Processing /home/airflow/.local/lib/python3.12/site-packages/airflow/example_dags/example_local_kubernetes_executor.py took 0.067 seconds
[2026-04-25T08:35:06.493+0000] {processor.py:161} INFO - Started process (PID=318) to work on /home/airflow/.local/lib/python3.12/site-packages/airflow/example_dags/example_local_kubernetes_executor.py
[2026-04-25T08:35:06.493+0000] {processor.py:830} INFO - Processing file /home/airflow/.local/lib/python3.12/site-packages/airflow/example_dags/example_local_kubernetes_executor.py for tasks to queue
[2026-04-25T08:35:06.495+0000] {logging_mixin.py:188} INFO - [2026-04-25T08:35:06.494+0000] {dagbag.py:545} INFO - Filling up the DagBag from /home/airflow/.local/lib/python3.12/site-packages/airflow/example_dags/example_local_kubernetes_executor.py
[2026-04-25T08:35:06.500+0000] {processor.py:840} INFO - DAG(s) 'example_local_kubernetes_executor' retrieved from /home/airflow/.local/lib/python3.12/site-packages/airflow/example_dags/example_local_kubernetes_executor.py
[2026-04-25T08:35:06.531+0000] {logging_mixin.py:188} INFO - [2026-04-25T08:35:06.530+0000] {dag.py:3096} INFO - Sync 1 DAGs
[2026-04-25T08:35:06.541+0000] {logging_mixin.py:188} INFO - [2026-04-25T08:35:06.540+0000] {dag.py:3954} INFO - Setting next_dagrun for example_local_kubernetes_executor to None, run_after=None
[2026-04-25T08:35:06.556+0000] {processor.py:183} INFO - Processing /home/airflow/.local/lib/python3.12/site-packages/airflow/example_dags/example_local_kubernetes_executor.py took 0.069 seconds
[2026-04-25T08:35:36.670+0000] {processor.py:161} INFO - Started process (PID=377) to work on /home/airflow/.local/lib/python3.12/site-packages/airflow/example_dags/example_local_kubernetes_executor.py
[2026-04-25T08:35:36.671+0000] {processor.py:830} INFO - Processing file /home/airflow/.local/lib/python3.12/site-packages/airflow/example_dags/example_local_kubernetes_executor.py for tasks to queue
[2026-04-25T08:35:36.672+0000] {logging_mixin.py:188} INFO - [2026-04-25T08:35:36.672+0000] {dagbag.py:545} INFO - Filling up the DagBag from /home/airflow/.local/lib/python3.12/site-packages/airflow/example_dags/example_local_kubernetes_executor.py
[2026-04-25T08:35:36.678+0000] {processor.py:840} INFO - DAG(s) 'example_local_kubernetes_executor' retrieved from /home/airflow/.local/lib/python3.12/site-packages/airflow/example_dags/example_local_kubernetes_executor.py
[2026-04-25T08:35:36.708+0000] {logging_mixin.py:188} INFO - [2026-04-25T08:35:36.708+0000] {dag.py:3096} INFO - Sync 1 DAGs
[2026-04-25T08:35:36.720+0000] {logging_mixin.py:188} INFO - [2026-04-25T08:35:36.720+0000] {dag.py:3954} INFO - Setting next_dagrun for example_local_kubernetes_executor to None, run_after=None
[2026-04-25T08:35:36.736+0000] {processor.py:183} INFO - Processing /home/airflow/.local/lib/python3.12/site-packages/airflow/example_dags/example_local_kubernetes_executor.py took 0.071 seconds
[2026-04-25T08:36:07.699+0000] {processor.py:161} INFO - Started process (PID=435) to work on /home/airflow/.local/lib/python3.12/site-packages/airflow/example_dags/example_local_kubernetes_executor.py
[2026-04-25T08:36:07.699+0000] {processor.py:830} INFO - Processing file /home/airflow/.local/lib/python3.12/site-packages/airflow/example_dags/example_local_kubernetes_executor.py for tasks to queue
[2026-04-25T08:36:07.701+0000] {logging_mixin.py:188} INFO - [2026-04-25T08:36:07.700+0000] {dagbag.py:545} INFO - Filling up the DagBag from /home/airflow/.local/lib/python3.12/site-packages/airflow/example_dags/example_local_kubernetes_executor.py
[2026-04-25T08:36:07.706+0000] {processor.py:840} INFO - DAG(s) 'example_local_kubernetes_executor' retrieved from /home/airflow/.local/lib/python3.12/site-packages/airflow/example_dags/example_local_kubernetes_executor.py
[2026-04-25T08:36:07.733+0000] {logging_mixin.py:188} INFO - [2026-04-25T08:36:07.733+0000] {dag.py:3096} INFO - Sync 1 DAGs
[2026-04-25T08:36:07.743+0000] {logging_mixin.py:188} INFO - [2026-04-25T08:36:07.743+0000] {dag.py:3954} INFO - Setting next_dagrun for example_local_kubernetes_executor to None, run_after=None
[2026-04-25T08:36:07.758+0000] {processor.py:183} INFO - Processing /home/airflow/.local/lib/python3.12/site-packages/airflow/example_dags/example_local_kubernetes_executor.py took 0.064 seconds
[2026-04-25T08:36:38.233+0000] {processor.py:161} INFO - Started process (PID=492) to work on /home/airflow/.local/lib/python3.12/site-packages/airflow/example_dags/example_local_kubernetes_executor.py
[2026-04-25T08:36:38.233+0000] {processor.py:830} INFO - Processing file /home/airflow/.local/lib/python3.12/site-packages/airflow/example_dags/example_local_kubernetes_executor.py for tasks to queue
[2026-04-25T08:36:38.234+0000] {logging_mixin.py:188} INFO - [2026-04-25T08:36:38.234+0000] {dagbag.py:545} INFO - Filling up the DagBag from /home/airflow/.local/lib/python3.12/site-packages/airflow/example_dags/example_local_kubernetes_executor.py
[2026-04-25T08:36:38.240+0000] {processor.py:840} INFO - DAG(s) 'example_local_kubernetes_executor' retrieved from /home/airflow/.local/lib/python3.12/site-packages/airflow/example_dags/example_local_kubernetes_executor.py
[2026-04-25T08:36:38.267+0000] {logging_mixin.py:188} INFO - [2026-04-25T08:36:38.266+0000] {dag.py:3096} INFO - Sync 1 DAGs
[2026-04-25T08:36:38.279+0000] {logging_mixin.py:188} INFO - [2026-04-25T08:36:38.279+0000] {dag.py:3954} INFO - Setting next_dagrun for example_local_kubernetes_executor to None, run_after=None
[2026-04-25T08:36:38.297+0000] {processor.py:183} INFO - Processing /home/airflow/.local/lib/python3.12/site-packages/airflow/example_dags/example_local_kubernetes_executor.py took 0.070 seconds
[2026-04-25T08:37:08.494+0000] {processor.py:161} INFO - Started process (PID=550) to work on /home/airflow/.local/lib/python3.12/site-packages/airflow/example_dags/example_local_kubernetes_executor.py
[2026-04-25T08:37:08.495+0000] {processor.py:830} INFO - Processing file /home/airflow/.local/lib/python3.12/site-packages/airflow/example_dags/example_local_kubernetes_executor.py for tasks to queue
[2026-04-25T08:37:08.496+0000] {logging_mixin.py:188} INFO - [2026-04-25T08:37:08.496+0000] {dagbag.py:545} INFO - Filling up the DagBag from /home/airflow/.local/lib/python3.12/site-packages/airflow/example_dags/example_local_kubernetes_executor.py
[2026-04-25T08:37:08.502+0000] {processor.py:840} INFO - DAG(s) 'example_local_kubernetes_executor' retrieved from /home/airflow/.local/lib/python3.12/site-packages/airflow/example_dags/example_local_kubernetes_executor.py
[2026-04-25T08:37:08.530+0000] {logging_mixin.py:188} INFO - [2026-04-25T08:37:08.529+0000] {dag.py:3096} INFO - Sync 1 DAGs
[2026-04-25T08:37:08.541+0000] {logging_mixin.py:188} INFO - [2026-04-25T08:37:08.541+0000] {dag.py:3954} INFO - Setting next_dagrun for example_local_kubernetes_executor to None, run_after=None
[2026-04-25T08:37:08.558+0000] {processor.py:183} INFO - Processing /home/airflow/.local/lib/python3.12/site-packages/airflow/example_dags/example_local_kubernetes_executor.py took 0.068 seconds
[2026-04-25T08:37:38.956+0000] {processor.py:161} INFO - Started process (PID=608) to work on /home/airflow/.local/lib/python3.12/site-packages/airflow/example_dags/example_local_kubernetes_executor.py
[2026-04-25T08:37:38.957+0000] {processor.py:830} INFO - Processing file /home/airflow/.local/lib/python3.12/site-packages/airflow/example_dags/example_local_kubernetes_executor.py for tasks to queue
[2026-04-25T08:37:38.958+0000] {logging_mixin.py:188} INFO - [2026-04-25T08:37:38.958+0000] {dagbag.py:545} INFO - Filling up the DagBag from /home/airflow/.local/lib/python3.12/site-packages/airflow/example_dags/example_local_kubernetes_executor.py
[2026-04-25T08:37:38.964+0000] {processor.py:840} INFO - DAG(s) 'example_local_kubernetes_executor' retrieved from /home/airflow/.local/lib/python3.12/site-packages/airflow/example_dags/example_local_kubernetes_executor.py
[2026-04-25T08:37:38.993+0000] {logging_mixin.py:188} INFO - [2026-04-25T08:37:38.993+0000] {dag.py:3096} INFO - Sync 1 DAGs
[2026-04-25T08:37:39.005+0000] {logging_mixin.py:188} INFO - [2026-04-25T08:37:39.005+0000] {dag.py:3954} INFO - Setting next_dagrun for example_local_kubernetes_executor to None, run_after=None
[2026-04-25T08:37:39.021+0000] {processor.py:183} INFO - Processing /home/airflow/.local/lib/python3.12/site-packages/airflow/example_dags/example_local_kubernetes_executor.py took 0.069 seconds
[2026-04-25T08:38:09.343+0000] {processor.py:161} INFO - Started process (PID=666) to work on /home/airflow/.local/lib/python3.12/site-packages/airflow/example_dags/example_local_kubernetes_executor.py
[2026-04-25T08:38:09.343+0000] {processor.py:830} INFO - Processing file /home/airflow/.local/lib/python3.12/site-packages/airflow/example_dags/example_local_kubernetes_executor.py for tasks to queue
[2026-04-25T08:38:09.345+0000] {logging_mixin.py:188} INFO - [2026-04-25T08:38:09.344+0000] {dagbag.py:545} INFO - Filling up the DagBag from /home/airflow/.local/lib/python3.12/site-packages/airflow/example_dags/example_local_kubernetes_executor.py
[2026-04-25T08:38:09.351+0000] {processor.py:840} INFO - DAG(s) 'example_local_kubernetes_executor' retrieved from /home/airflow/.local/lib/python3.12/site-packages/airflow/example_dags/example_local_kubernetes_executor.py
[2026-04-25T08:38:09.380+0000] {logging_mixin.py:188} INFO - [2026-04-25T08:38:09.380+0000] {dag.py:3096} INFO - Sync 1 DAGs
[2026-04-25T08:38:09.392+0000] {logging_mixin.py:188} INFO - [2026-04-25T08:38:09.391+0000] {dag.py:3954} INFO - Setting next_dagrun for example_local_kubernetes_executor to None, run_after=None
[2026-04-25T08:38:09.406+0000] {processor.py:183} INFO - Processing /home/airflow/.local/lib/python3.12/site-packages/airflow/example_dags/example_local_kubernetes_executor.py took 0.068 seconds
[2026-04-25T08:38:39.590+0000] {processor.py:161} INFO - Started process (PID=724) to work on /home/airflow/.local/lib/python3.12/site-packages/airflow/example_dags/example_local_kubernetes_executor.py
[2026-04-25T08:38:39.590+0000] {processor.py:830} INFO - Processing file /home/airflow/.local/lib/python3.12/site-packages/airflow/example_dags/example_local_kubernetes_executor.py for tasks to queue
[2026-04-25T08:38:39.591+0000] {logging_mixin.py:188} INFO - [2026-04-25T08:38:39.591+0000] {dagbag.py:545} INFO - Filling up the DagBag from /home/airflow/.local/lib/python3.12/site-packages/airflow/example_dags/example_local_kubernetes_executor.py
[2026-04-25T08:38:39.597+0000] {processor.py:840} INFO - DAG(s) 'example_local_kubernetes_executor' retrieved from /home/airflow/.local/lib/python3.12/site-packages/airflow/example_dags/example_local_kubernetes_executor.py
[2026-04-25T08:38:39.633+0000] {logging_mixin.py:188} INFO - [2026-04-25T08:38:39.632+0000] {dag.py:3096} INFO - Sync 1 DAGs
[2026-04-25T08:38:39.645+0000] {logging_mixin.py:188} INFO - [2026-04-25T08:38:39.645+0000] {dag.py:3954} INFO - Setting next_dagrun for example_local_kubernetes_executor to None, run_after=None
[2026-04-25T08:38:39.662+0000] {processor.py:183} INFO - Processing /home/airflow/.local/lib/python3.12/site-packages/airflow/example_dags/example_local_kubernetes_executor.py took 0.077 seconds
[2026-04-25T08:39:10.055+0000] {processor.py:161} INFO - Started process (PID=782) to work on /home/airflow/.local/lib/python3.12/site-packages/airflow/example_dags/example_local_kubernetes_executor.py
[2026-04-25T08:39:10.055+0000] {processor.py:830} INFO - Processing file /home/airflow/.local/lib/python3.12/site-packages/airflow/example_dags/example_local_kubernetes_executor.py for tasks to queue
[2026-04-25T08:39:10.057+0000] {logging_mixin.py:188} INFO - [2026-04-25T08:39:10.056+0000] {dagbag.py:545} INFO - Filling up the DagBag from /home/airflow/.local/lib/python3.12/site-packages/airflow/example_dags/example_local_kubernetes_executor.py
[2026-04-25T08:39:10.063+0000] {processor.py:840} INFO - DAG(s) 'example_local_kubernetes_executor' retrieved from /home/airflow/.local/lib/python3.12/site-packages/airflow/example_dags/example_local_kubernetes_executor.py
[2026-04-25T08:39:10.090+0000] {logging_mixin.py:188} INFO - [2026-04-25T08:39:10.090+0000] {dag.py:3096} INFO - Sync 1 DAGs
[2026-04-25T08:39:10.102+0000] {logging_mixin.py:188} INFO - [2026-04-25T08:39:10.102+0000] {dag.py:3954} INFO - Setting next_dagrun for example_local_kubernetes_executor to None, run_after=None
[2026-04-25T08:39:10.116+0000] {processor.py:183} INFO - Processing /home/airflow/.local/lib/python3.12/site-packages/airflow/example_dags/example_local_kubernetes_executor.py took 0.066 seconds
[2026-04-25T08:39:40.319+0000] {processor.py:161} INFO - Started process (PID=840) to work on /home/airflow/.local/lib/python3.12/site-packages/airflow/example_dags/example_local_kubernetes_executor.py
[2026-04-25T08:39:40.319+0000] {processor.py:830} INFO - Processing file /home/airflow/.local/lib/python3.12/site-packages/airflow/example_dags/example_local_kubernetes_executor.py for tasks to queue
[2026-04-25T08:39:40.321+0000] {logging_mixin.py:188} INFO - [2026-04-25T08:39:40.320+0000] {dagbag.py:545} INFO - Filling up the DagBag from /home/airflow/.local/lib/python3.12/site-packages/airflow/example_dags/example_local_kubernetes_executor.py
[2026-04-25T08:39:40.326+0000] {processor.py:840} INFO - DAG(s) 'example_local_kubernetes_executor' retrieved from /home/airflow/.local/lib/python3.12/site-packages/airflow/example_dags/example_local_kubernetes_executor.py
[2026-04-25T08:39:40.355+0000] {logging_mixin.py:188} INFO - [2026-04-25T08:39:40.354+0000] {dag.py:3096} INFO - Sync 1 DAGs
[2026-04-25T08:39:40.367+0000] {logging_mixin.py:188} INFO - [2026-04-25T08:39:40.366+0000] {dag.py:3954} INFO - Setting next_dagrun for example_local_kubernetes_executor to None, run_after=None
[2026-04-25T08:39:40.381+0000] {processor.py:183} INFO - Processing /home/airflow/.local/lib/python3.12/site-packages/airflow/example_dags/example_local_kubernetes_executor.py took 0.067 seconds
[2026-04-25T08:40:10.538+0000] {processor.py:161} INFO - Started process (PID=898) to work on /home/airflow/.local/lib/python3.12/site-packages/airflow/example_dags/example_local_kubernetes_executor.py
[2026-04-25T08:40:10.538+0000] {processor.py:830} INFO - Processing file /home/airflow/.local/lib/python3.12/site-packages/airflow/example_dags/example_local_kubernetes_executor.py for tasks to queue
[2026-04-25T08:40:10.539+0000] {logging_mixin.py:188} INFO - [2026-04-25T08:40:10.539+0000] {dagbag.py:545} INFO - Filling up the DagBag from /home/airflow/.local/lib/python3.12/site-packages/airflow/example_dags/example_local_kubernetes_executor.py
[2026-04-25T08:40:10.546+0000] {processor.py:840} INFO - DAG(s) 'example_local_kubernetes_executor' retrieved from /home/airflow/.local/lib/python3.12/site-packages/airflow/example_dags/example_local_kubernetes_executor.py
[2026-04-25T08:40:10.573+0000] {logging_mixin.py:188} INFO - [2026-04-25T08:40:10.572+0000] {dag.py:3096} INFO - Sync 1 DAGs
[2026-04-25T08:40:10.584+0000] {logging_mixin.py:188} INFO - [2026-04-25T08:40:10.584+0000] {dag.py:3954} INFO - Setting next_dagrun for example_local_kubernetes_executor to None, run_after=None
[2026-04-25T08:40:10.598+0000] {processor.py:183} INFO - Processing /home/airflow/.local/lib/python3.12/site-packages/airflow/example_dags/example_local_kubernetes_executor.py took 0.065 seconds
[2026-04-25T08:40:41.032+0000] {processor.py:161} INFO - Started process (PID=956) to work on /home/airflow/.local/lib/python3.12/site-packages/airflow/example_dags/example_local_kubernetes_executor.py
[2026-04-25T08:40:41.033+0000] {processor.py:830} INFO - Processing file /home/airflow/.local/lib/python3.12/site-packages/airflow/example_dags/example_local_kubernetes_executor.py for tasks to queue
[2026-04-25T08:40:41.034+0000] {logging_mixin.py:188} INFO - [2026-04-25T08:40:41.034+0000] {dagbag.py:545} INFO - Filling up the DagBag from /home/airflow/.local/lib/python3.12/site-packages/airflow/example_dags/example_local_kubernetes_executor.py
[2026-04-25T08:40:41.040+0000] {processor.py:840} INFO - DAG(s) 'example_local_kubernetes_executor' retrieved from /home/airflow/.local/lib/python3.12/site-packages/airflow/example_dags/example_local_kubernetes_executor.py
[2026-04-25T08:40:41.076+0000] {logging_mixin.py:188} INFO - [2026-04-25T08:40:41.076+0000] {dag.py:3096} INFO - Sync 1 DAGs
[2026-04-25T08:40:41.090+0000] {logging_mixin.py:188} INFO - [2026-04-25T08:40:41.090+0000] {dag.py:3954} INFO - Setting next_dagrun for example_local_kubernetes_executor to None, run_after=None
[2026-04-25T08:40:41.108+0000] {processor.py:183} INFO - Processing /home/airflow/.local/lib/python3.12/site-packages/airflow/example_dags/example_local_kubernetes_executor.py took 0.080 seconds
[2026-04-25T08:41:11.492+0000] {processor.py:161} INFO - Started process (PID=1014) to work on /home/airflow/.local/lib/python3.12/site-packages/airflow/example_dags/example_local_kubernetes_executor.py
[2026-04-25T08:41:11.492+0000] {processor.py:830} INFO - Processing file /home/airflow/.local/lib/python3.12/site-packages/airflow/example_dags/example_local_kubernetes_executor.py for tasks to queue
[2026-04-25T08:41:11.494+0000] {logging_mixin.py:188} INFO - [2026-04-25T08:41:11.493+0000] {dagbag.py:545} INFO - Filling up the DagBag from /home/airflow/.local/lib/python3.12/site-packages/airflow/example_dags/example_local_kubernetes_executor.py
[2026-04-25T08:41:11.500+0000] {processor.py:840} INFO - DAG(s) 'example_local_kubernetes_executor' retrieved from /home/airflow/.local/lib/python3.12/site-packages/airflow/example_dags/example_local_kubernetes_executor.py
[2026-04-25T08:41:11.537+0000] {logging_mixin.py:188} INFO - [2026-04-25T08:41:11.536+0000] {dag.py:3096} INFO - Sync 1 DAGs
[2026-04-25T08:41:11.548+0000] {logging_mixin.py:188} INFO - [2026-04-25T08:41:11.548+0000] {dag.py:3954} INFO - Setting next_dagrun for example_local_kubernetes_executor to None, run_after=None
[2026-04-25T08:41:11.570+0000] {processor.py:183} INFO - Processing /home/airflow/.local/lib/python3.12/site-packages/airflow/example_dags/example_local_kubernetes_executor.py took 0.084 seconds
[2026-04-25T08:41:42.391+0000] {processor.py:161} INFO - Started process (PID=1072) to work on /home/airflow/.local/lib/python3.12/site-packages/airflow/example_dags/example_local_kubernetes_executor.py
[2026-04-25T08:41:42.391+0000] {processor.py:830} INFO - Processing file /home/airflow/.local/lib/python3.12/site-packages/airflow/example_dags/example_local_kubernetes_executor.py for tasks to queue
[2026-04-25T08:41:42.393+0000] {logging_mixin.py:188} INFO - [2026-04-25T08:41:42.392+0000] {dagbag.py:545} INFO - Filling up the DagBag from /home/airflow/.local/lib/python3.12/site-packages/airflow/example_dags/example_local_kubernetes_executor.py
[2026-04-25T08:41:42.400+0000] {processor.py:840} INFO - DAG(s) 'example_local_kubernetes_executor' retrieved from /home/airflow/.local/lib/python3.12/site-packages/airflow/example_dags/example_local_kubernetes_executor.py
[2026-04-25T08:41:42.435+0000] {logging_mixin.py:188} INFO - [2026-04-25T08:41:42.434+0000] {dag.py:3096} INFO - Sync 1 DAGs
[2026-04-25T08:41:42.445+0000] {logging_mixin.py:188} INFO - [2026-04-25T08:41:42.445+0000] {dag.py:3954} INFO - Setting next_dagrun for example_local_kubernetes_executor to None, run_after=None
[2026-04-25T08:41:42.460+0000] {processor.py:183} INFO - Processing /home/airflow/.local/lib/python3.12/site-packages/airflow/example_dags/example_local_kubernetes_executor.py took 0.075 seconds
[2026-04-25T08:42:13.393+0000] {processor.py:161} INFO - Started process (PID=1130) to work on /home/airflow/.local/lib/python3.12/site-packages/airflow/example_dags/example_local_kubernetes_executor.py
[2026-04-25T08:42:13.394+0000] {processor.py:830} INFO - Processing file /home/airflow/.local/lib/python3.12/site-packages/airflow/example_dags/example_local_kubernetes_executor.py for tasks to queue
[2026-04-25T08:42:13.396+0000] {logging_mixin.py:188} INFO - [2026-04-25T08:42:13.395+0000] {dagbag.py:545} INFO - Filling up the DagBag from /home/airflow/.local/lib/python3.12/site-packages/airflow/example_dags/example_local_kubernetes_executor.py
[2026-04-25T08:42:13.402+0000] {processor.py:840} INFO - DAG(s) 'example_local_kubernetes_executor' retrieved from /home/airflow/.local/lib/python3.12/site-packages/airflow/example_dags/example_local_kubernetes_executor.py
[2026-04-25T08:42:13.443+0000] {logging_mixin.py:188} INFO - [2026-04-25T08:42:13.442+0000] {dag.py:3096} INFO - Sync 1 DAGs
[2026-04-25T08:42:13.458+0000] {logging_mixin.py:188} INFO - [2026-04-25T08:42:13.458+0000] {dag.py:3954} INFO - Setting next_dagrun for example_local_kubernetes_executor to None, run_after=None
[2026-04-25T08:42:13.477+0000] {processor.py:183} INFO - Processing /home/airflow/.local/lib/python3.12/site-packages/airflow/example_dags/example_local_kubernetes_executor.py took 0.090 seconds
[2026-04-25T08:42:43.991+0000] {processor.py:161} INFO - Started process (PID=1188) to work on /home/airflow/.local/lib/python3.12/site-packages/airflow/example_dags/example_local_kubernetes_executor.py
[2026-04-25T08:42:43.992+0000] {processor.py:830} INFO - Processing file /home/airflow/.local/lib/python3.12/site-packages/airflow/example_dags/example_local_kubernetes_executor.py for tasks to queue
[2026-04-25T08:42:43.994+0000] {logging_mixin.py:188} INFO - [2026-04-25T08:42:43.993+0000] {dagbag.py:545} INFO - Filling up the DagBag from /home/airflow/.local/lib/python3.12/site-packages/airflow/example_dags/example_local_kubernetes_executor.py
[2026-04-25T08:42:44.001+0000] {processor.py:840} INFO - DAG(s) 'example_local_kubernetes_executor' retrieved from /home/airflow/.local/lib/python3.12/site-packages/airflow/example_dags/example_local_kubernetes_executor.py
[2026-04-25T08:42:44.029+0000] {logging_mixin.py:188} INFO - [2026-04-25T08:42:44.029+0000] {dag.py:3096} INFO - Sync 1 DAGs
[2026-04-25T08:42:44.040+0000] {logging_mixin.py:188} INFO - [2026-04-25T08:42:44.039+0000] {dag.py:3954} INFO - Setting next_dagrun for example_local_kubernetes_executor to None, run_after=None
[2026-04-25T08:42:44.056+0000] {processor.py:183} INFO - Processing /home/airflow/.local/lib/python3.12/site-packages/airflow/example_dags/example_local_kubernetes_executor.py took 0.071 seconds
[2026-04-25T08:43:14.509+0000] {processor.py:161} INFO - Started process (PID=1246) to work on /home/airflow/.local/lib/python3.12/site-packages/airflow/example_dags/example_local_kubernetes_executor.py
[2026-04-25T08:43:14.509+0000] {processor.py:830} INFO - Processing file /home/airflow/.local/lib/python3.12/site-packages/airflow/example_dags/example_local_kubernetes_executor.py for tasks to queue
[2026-04-25T08:43:14.511+0000] {logging_mixin.py:188} INFO - [2026-04-25T08:43:14.511+0000] {dagbag.py:545} INFO - Filling up the DagBag from /home/airflow/.local/lib/python3.12/site-packages/airflow/example_dags/example_local_kubernetes_executor.py
[2026-04-25T08:43:14.517+0000] {processor.py:840} INFO - DAG(s) 'example_local_kubernetes_executor' retrieved from /home/airflow/.local/lib/python3.12/site-packages/airflow/example_dags/example_local_kubernetes_executor.py
[2026-04-25T08:43:14.545+0000] {logging_mixin.py:188} INFO - [2026-04-25T08:43:14.545+0000] {dag.py:3096} INFO - Sync 1 DAGs
[2026-04-25T08:43:14.557+0000] {logging_mixin.py:188} INFO - [2026-04-25T08:43:14.557+0000] {dag.py:3954} INFO - Setting next_dagrun for example_local_kubernetes_executor to None, run_after=None
[2026-04-25T08:43:14.572+0000] {processor.py:183} INFO - Processing /home/airflow/.local/lib/python3.12/site-packages/airflow/example_dags/example_local_kubernetes_executor.py took 0.069 seconds
[2026-04-25T08:43:45.197+0000] {processor.py:161} INFO - Started process (PID=1304) to work on /home/airflow/.local/lib/python3.12/site-packages/airflow/example_dags/example_local_kubernetes_executor.py
[2026-04-25T08:43:45.199+0000] {processor.py:830} INFO - Processing file /home/airflow/.local/lib/python3.12/site-packages/airflow/example_dags/example_local_kubernetes_executor.py for tasks to queue
[2026-04-25T08:43:45.203+0000] {logging_mixin.py:188} INFO - [2026-04-25T08:43:45.202+0000] {dagbag.py:545} INFO - Filling up the DagBag from /home/airflow/.local/lib/python3.12/site-packages/airflow/example_dags/example_local_kubernetes_executor.py
[2026-04-25T08:43:45.217+0000] {processor.py:840} INFO - DAG(s) 'example_local_kubernetes_executor' retrieved from /home/airflow/.local/lib/python3.12/site-packages/airflow/example_dags/example_local_kubernetes_executor.py
[2026-04-25T08:43:45.262+0000] {logging_mixin.py:188} INFO - [2026-04-25T08:43:45.262+0000] {dag.py:3096} INFO - Sync 1 DAGs
[2026-04-25T08:43:45.284+0000] {logging_mixin.py:188} INFO - [2026-04-25T08:43:45.284+0000] {dag.py:3954} INFO - Setting next_dagrun for example_local_kubernetes_executor to None, run_after=None
[2026-04-25T08:43:45.308+0000] {processor.py:183} INFO - Processing /home/airflow/.local/lib/python3.12/site-packages/airflow/example_dags/example_local_kubernetes_executor.py took 0.143 seconds
[2026-04-25T08:44:15.348+0000] {processor.py:161} INFO - Started process (PID=1362) to work on /home/airflow/.local/lib/python3.12/site-packages/airflow/example_dags/example_local_kubernetes_executor.py
[2026-04-25T08:44:15.349+0000] {processor.py:830} INFO - Processing file /home/airflow/.local/lib/python3.12/site-packages/airflow/example_dags/example_local_kubernetes_executor.py for tasks to queue
[2026-04-25T08:44:15.350+0000] {logging_mixin.py:188} INFO - [2026-04-25T08:44:15.350+0000] {dagbag.py:545} INFO - Filling up the DagBag from /home/airflow/.local/lib/python3.12/site-packages/airflow/example_dags/example_local_kubernetes_executor.py
[2026-04-25T08:44:15.356+0000] {processor.py:840} INFO - DAG(s) 'example_local_kubernetes_executor' retrieved from /home/airflow/.local/lib/python3.12/site-packages/airflow/example_dags/example_local_kubernetes_executor.py
[2026-04-25T08:44:15.384+0000] {logging_mixin.py:188} INFO - [2026-04-25T08:44:15.383+0000] {dag.py:3096} INFO - Sync 1 DAGs
[2026-04-25T08:44:15.394+0000] {logging_mixin.py:188} INFO - [2026-04-25T08:44:15.394+0000] {dag.py:3954} INFO - Setting next_dagrun for example_local_kubernetes_executor to None, run_after=None
[2026-04-25T08:44:15.408+0000] {processor.py:183} INFO - Processing /home/airflow/.local/lib/python3.12/site-packages/airflow/example_dags/example_local_kubernetes_executor.py took 0.064 seconds
[2026-04-25T08:44:45.969+0000] {processor.py:161} INFO - Started process (PID=1420) to work on /home/airflow/.local/lib/python3.12/site-packages/airflow/example_dags/example_local_kubernetes_executor.py
[2026-04-25T08:44:45.970+0000] {processor.py:830} INFO - Processing file /home/airflow/.local/lib/python3.12/site-packages/airflow/example_dags/example_local_kubernetes_executor.py for tasks to queue
[2026-04-25T08:44:45.971+0000] {logging_mixin.py:188} INFO - [2026-04-25T08:44:45.971+0000] {dagbag.py:545} INFO - Filling up the DagBag from /home/airflow/.local/lib/python3.12/site-packages/airflow/example_dags/example_local_kubernetes_executor.py
[2026-04-25T08:44:45.978+0000] {processor.py:840} INFO - DAG(s) 'example_local_kubernetes_executor' retrieved from /home/airflow/.local/lib/python3.12/site-packages/airflow/example_dags/example_local_kubernetes_executor.py
[2026-04-25T08:44:46.007+0000] {logging_mixin.py:188} INFO - [2026-04-25T08:44:46.007+0000] {dag.py:3096} INFO - Sync 1 DAGs
[2026-04-25T08:44:46.019+0000] {logging_mixin.py:188} INFO - [2026-04-25T08:44:46.019+0000] {dag.py:3954} INFO - Setting next_dagrun for example_local_kubernetes_executor to None, run_after=None
[2026-04-25T08:44:46.036+0000] {processor.py:183} INFO - Processing /home/airflow/.local/lib/python3.12/site-packages/airflow/example_dags/example_local_kubernetes_executor.py took 0.072 seconds
[2026-04-25T08:45:16.865+0000] {processor.py:161} INFO - Started process (PID=1478) to work on /home/airflow/.local/lib/python3.12/site-packages/airflow/example_dags/example_local_kubernetes_executor.py
[2026-04-25T08:45:16.865+0000] {processor.py:830} INFO - Processing file /home/airflow/.local/lib/python3.12/site-packages/airflow/example_dags/example_local_kubernetes_executor.py for tasks to queue
[2026-04-25T08:45:16.867+0000] {logging_mixin.py:188} INFO - [2026-04-25T08:45:16.866+0000] {dagbag.py:545} INFO - Filling up the DagBag from /home/airflow/.local/lib/python3.12/site-packages/airflow/example_dags/example_local_kubernetes_executor.py
[2026-04-25T08:45:16.873+0000] {processor.py:840} INFO - DAG(s) 'example_local_kubernetes_executor' retrieved from /home/airflow/.local/lib/python3.12/site-packages/airflow/example_dags/example_local_kubernetes_executor.py
[2026-04-25T08:45:16.903+0000] {logging_mixin.py:188} INFO - [2026-04-25T08:45:16.903+0000] {dag.py:3096} INFO - Sync 1 DAGs
[2026-04-25T08:45:17.045+0000] {logging_mixin.py:188} INFO - [2026-04-25T08:45:17.045+0000] {dag.py:3954} INFO - Setting next_dagrun for example_local_kubernetes_executor to None, run_after=None
[2026-04-25T08:45:17.063+0000] {processor.py:183} INFO - Processing /home/airflow/.local/lib/python3.12/site-packages/airflow/example_dags/example_local_kubernetes_executor.py took 0.203 seconds
[2026-04-25T08:45:47.634+0000] {processor.py:161} INFO - Started process (PID=1536) to work on /home/airflow/.local/lib/python3.12/site-packages/airflow/example_dags/example_local_kubernetes_executor.py
[2026-04-25T08:45:47.635+0000] {processor.py:830} INFO - Processing file /home/airflow/.local/lib/python3.12/site-packages/airflow/example_dags/example_local_kubernetes_executor.py for tasks to queue
[2026-04-25T08:45:47.636+0000] {logging_mixin.py:188} INFO - [2026-04-25T08:45:47.636+0000] {dagbag.py:545} INFO - Filling up the DagBag from /home/airflow/.local/lib/python3.12/site-packages/airflow/example_dags/example_local_kubernetes_executor.py
[2026-04-25T08:45:47.642+0000] {processor.py:840} INFO - DAG(s) 'example_local_kubernetes_executor' retrieved from /home/airflow/.local/lib/python3.12/site-packages/airflow/example_dags/example_local_kubernetes_executor.py
[2026-04-25T08:45:47.669+0000] {logging_mixin.py:188} INFO - [2026-04-25T08:45:47.669+0000] {dag.py:3096} INFO - Sync 1 DAGs
[2026-04-25T08:45:47.680+0000] {logging_mixin.py:188} INFO - [2026-04-25T08:45:47.680+0000] {dag.py:3954} INFO - Setting next_dagrun for example_local_kubernetes_executor to None, run_after=None
[2026-04-25T08:45:47.829+0000] {processor.py:183} INFO - Processing /home/airflow/.local/lib/python3.12/site-packages/airflow/example_dags/example_local_kubernetes_executor.py took 0.199 seconds
[2026-04-25T08:46:18.135+0000] {processor.py:161} INFO - Started process (PID=1594) to work on /home/airflow/.local/lib/python3.12/site-packages/airflow/example_dags/example_local_kubernetes_executor.py
[2026-04-25T08:46:18.136+0000] {processor.py:830} INFO - Processing file /home/airflow/.local/lib/python3.12/site-packages/airflow/example_dags/example_local_kubernetes_executor.py for tasks to queue
[2026-04-25T08:46:18.137+0000] {logging_mixin.py:188} INFO - [2026-04-25T08:46:18.137+0000] {dagbag.py:545} INFO - Filling up the DagBag from /home/airflow/.local/lib/python3.12/site-packages/airflow/example_dags/example_local_kubernetes_executor.py
[2026-04-25T08:46:18.144+0000] {processor.py:840} INFO - DAG(s) 'example_local_kubernetes_executor' retrieved from /home/airflow/.local/lib/python3.12/site-packages/airflow/example_dags/example_local_kubernetes_executor.py
[2026-04-25T08:46:18.173+0000] {logging_mixin.py:188} INFO - [2026-04-25T08:46:18.173+0000] {dag.py:3096} INFO - Sync 1 DAGs
[2026-04-25T08:46:18.185+0000] {logging_mixin.py:188} INFO - [2026-04-25T08:46:18.184+0000] {dag.py:3954} INFO - Setting next_dagrun for example_local_kubernetes_executor to None, run_after=None
[2026-04-25T08:46:18.200+0000] {processor.py:183} INFO - Processing /home/airflow/.local/lib/python3.12/site-packages/airflow/example_dags/example_local_kubernetes_executor.py took 0.070 seconds
[2026-04-25T08:46:49.059+0000] {processor.py:161} INFO - Started process (PID=1652) to work on /home/airflow/.local/lib/python3.12/site-packages/airflow/example_dags/example_local_kubernetes_executor.py
[2026-04-25T08:46:49.059+0000] {processor.py:830} INFO - Processing file /home/airflow/.local/lib/python3.12/site-packages/airflow/example_dags/example_local_kubernetes_executor.py for tasks to queue
[2026-04-25T08:46:49.061+0000] {logging_mixin.py:188} INFO - [2026-04-25T08:46:49.060+0000] {dagbag.py:545} INFO - Filling up the DagBag from /home/airflow/.local/lib/python3.12/site-packages/airflow/example_dags/example_local_kubernetes_executor.py
[2026-04-25T08:46:49.067+0000] {processor.py:840} INFO - DAG(s) 'example_local_kubernetes_executor' retrieved from /home/airflow/.local/lib/python3.12/site-packages/airflow/example_dags/example_local_kubernetes_executor.py
[2026-04-25T08:46:49.094+0000] {logging_mixin.py:188} INFO - [2026-04-25T08:46:49.094+0000] {dag.py:3096} INFO - Sync 1 DAGs
[2026-04-25T08:46:49.104+0000] {logging_mixin.py:188} INFO - [2026-04-25T08:46:49.104+0000] {dag.py:3954} INFO - Setting next_dagrun for example_local_kubernetes_executor to None, run_after=None
[2026-04-25T08:46:49.121+0000] {processor.py:183} INFO - Processing /home/airflow/.local/lib/python3.12/site-packages/airflow/example_dags/example_local_kubernetes_executor.py took 0.067 seconds
[2026-04-25T08:47:19.487+0000] {processor.py:161} INFO - Started process (PID=1710) to work on /home/airflow/.local/lib/python3.12/site-packages/airflow/example_dags/example_local_kubernetes_executor.py
[2026-04-25T08:47:19.489+0000] {processor.py:830} INFO - Processing file /home/airflow/.local/lib/python3.12/site-packages/airflow/example_dags/example_local_kubernetes_executor.py for tasks to queue
[2026-04-25T08:47:19.491+0000] {logging_mixin.py:188} INFO - [2026-04-25T08:47:19.491+0000] {dagbag.py:545} INFO - Filling up the DagBag from /home/airflow/.local/lib/python3.12/site-packages/airflow/example_dags/example_local_kubernetes_executor.py
[2026-04-25T08:47:19.501+0000] {processor.py:840} INFO - DAG(s) 'example_local_kubernetes_executor' retrieved from /home/airflow/.local/lib/python3.12/site-packages/airflow/example_dags/example_local_kubernetes_executor.py
[2026-04-25T08:47:19.551+0000] {logging_mixin.py:188} INFO - [2026-04-25T08:47:19.550+0000] {dag.py:3096} INFO - Sync 1 DAGs
[2026-04-25T08:47:19.566+0000] {logging_mixin.py:188} INFO - [2026-04-25T08:47:19.566+0000] {dag.py:3954} INFO - Setting next_dagrun for example_local_kubernetes_executor to None, run_after=None
[2026-04-25T08:47:19.588+0000] {processor.py:183} INFO - Processing /home/airflow/.local/lib/python3.12/site-packages/airflow/example_dags/example_local_kubernetes_executor.py took 0.108 seconds
[2026-04-25T08:47:49.924+0000] {processor.py:161} INFO - Started process (PID=1768) to work on /home/airflow/.local/lib/python3.12/site-packages/airflow/example_dags/example_local_kubernetes_executor.py
[2026-04-25T08:47:49.925+0000] {processor.py:830} INFO - Processing file /home/airflow/.local/lib/python3.12/site-packages/airflow/example_dags/example_local_kubernetes_executor.py for tasks to queue
[2026-04-25T08:47:49.927+0000] {logging_mixin.py:188} INFO - [2026-04-25T08:47:49.926+0000] {dagbag.py:545} INFO - Filling up the DagBag from /home/airflow/.local/lib/python3.12/site-packages/airflow/example_dags/example_local_kubernetes_executor.py
[2026-04-25T08:47:49.935+0000] {processor.py:840} INFO - DAG(s) 'example_local_kubernetes_executor' retrieved from /home/airflow/.local/lib/python3.12/site-packages/airflow/example_dags/example_local_kubernetes_executor.py
[2026-04-25T08:47:49.973+0000] {logging_mixin.py:188} INFO - [2026-04-25T08:47:49.973+0000] {dag.py:3096} INFO - Sync 1 DAGs
[2026-04-25T08:47:49.986+0000] {logging_mixin.py:188} INFO - [2026-04-25T08:47:49.985+0000] {dag.py:3954} INFO - Setting next_dagrun for example_local_kubernetes_executor to None, run_after=None
[2026-04-25T08:47:50.002+0000] {processor.py:183} INFO - Processing /home/airflow/.local/lib/python3.12/site-packages/airflow/example_dags/example_local_kubernetes_executor.py took 0.084 seconds
[2026-04-25T08:48:20.638+0000] {processor.py:161} INFO - Started process (PID=1826) to work on /home/airflow/.local/lib/python3.12/site-packages/airflow/example_dags/example_local_kubernetes_executor.py
[2026-04-25T08:48:20.639+0000] {processor.py:830} INFO - Processing file /home/airflow/.local/lib/python3.12/site-packages/airflow/example_dags/example_local_kubernetes_executor.py for tasks to queue
[2026-04-25T08:48:20.641+0000] {logging_mixin.py:188} INFO - [2026-04-25T08:48:20.640+0000] {dagbag.py:545} INFO - Filling up the DagBag from /home/airflow/.local/lib/python3.12/site-packages/airflow/example_dags/example_local_kubernetes_executor.py
[2026-04-25T08:48:20.649+0000] {processor.py:840} INFO - DAG(s) 'example_local_kubernetes_executor' retrieved from /home/airflow/.local/lib/python3.12/site-packages/airflow/example_dags/example_local_kubernetes_executor.py
[2026-04-25T08:48:20.691+0000] {logging_mixin.py:188} INFO - [2026-04-25T08:48:20.691+0000] {dag.py:3096} INFO - Sync 1 DAGs
[2026-04-25T08:48:20.706+0000] {logging_mixin.py:188} INFO - [2026-04-25T08:48:20.706+0000] {dag.py:3954} INFO - Setting next_dagrun for example_local_kubernetes_executor to None, run_after=None
[2026-04-25T08:48:20.727+0000] {processor.py:183} INFO - Processing /home/airflow/.local/lib/python3.12/site-packages/airflow/example_dags/example_local_kubernetes_executor.py took 0.095 seconds
[2026-04-25T08:48:51.688+0000] {processor.py:161} INFO - Started process (PID=1884) to work on /home/airflow/.local/lib/python3.12/site-packages/airflow/example_dags/example_local_kubernetes_executor.py
[2026-04-25T08:48:51.689+0000] {processor.py:830} INFO - Processing file /home/airflow/.local/lib/python3.12/site-packages/airflow/example_dags/example_local_kubernetes_executor.py for tasks to queue
[2026-04-25T08:48:51.691+0000] {logging_mixin.py:188} INFO - [2026-04-25T08:48:51.690+0000] {dagbag.py:545} INFO - Filling up the DagBag from /home/airflow/.local/lib/python3.12/site-packages/airflow/example_dags/example_local_kubernetes_executor.py
[2026-04-25T08:48:51.696+0000] {processor.py:840} INFO - DAG(s) 'example_local_kubernetes_executor' retrieved from /home/airflow/.local/lib/python3.12/site-packages/airflow/example_dags/example_local_kubernetes_executor.py
[2026-04-25T08:48:51.728+0000] {logging_mixin.py:188} INFO - [2026-04-25T08:48:51.727+0000] {dag.py:3096} INFO - Sync 1 DAGs
[2026-04-25T08:48:51.739+0000] {logging_mixin.py:188} INFO - [2026-04-25T08:48:51.738+0000] {dag.py:3954} INFO - Setting next_dagrun for example_local_kubernetes_executor to None, run_after=None
[2026-04-25T08:48:51.754+0000] {processor.py:183} INFO - Processing /home/airflow/.local/lib/python3.12/site-packages/airflow/example_dags/example_local_kubernetes_executor.py took 0.072 seconds
[2026-04-25T08:49:22.123+0000] {processor.py:161} INFO - Started process (PID=1942) to work on /home/airflow/.local/lib/python3.12/site-packages/airflow/example_dags/example_local_kubernetes_executor.py
[2026-04-25T08:49:22.124+0000] {processor.py:830} INFO - Processing file /home/airflow/.local/lib/python3.12/site-packages/airflow/example_dags/example_local_kubernetes_executor.py for tasks to queue
[2026-04-25T08:49:22.125+0000] {logging_mixin.py:188} INFO - [2026-04-25T08:49:22.125+0000] {dagbag.py:545} INFO - Filling up the DagBag from /home/airflow/.local/lib/python3.12/site-packages/airflow/example_dags/example_local_kubernetes_executor.py
[2026-04-25T08:49:22.132+0000] {processor.py:840} INFO - DAG(s) 'example_local_kubernetes_executor' retrieved from /home/airflow/.local/lib/python3.12/site-packages/airflow/example_dags/example_local_kubernetes_executor.py
[2026-04-25T08:49:22.159+0000] {logging_mixin.py:188} INFO - [2026-04-25T08:49:22.159+0000] {dag.py:3096} INFO - Sync 1 DAGs
[2026-04-25T08:49:22.170+0000] {logging_mixin.py:188} INFO - [2026-04-25T08:49:22.170+0000] {dag.py:3954} INFO - Setting next_dagrun for example_local_kubernetes_executor to None, run_after=None
[2026-04-25T08:49:22.186+0000] {processor.py:183} INFO - Processing /home/airflow/.local/lib/python3.12/site-packages/airflow/example_dags/example_local_kubernetes_executor.py took 0.068 seconds
[2026-04-25T08:49:52.603+0000] {processor.py:161} INFO - Started process (PID=2000) to work on /home/airflow/.local/lib/python3.12/site-packages/airflow/example_dags/example_local_kubernetes_executor.py
[2026-04-25T08:49:52.603+0000] {processor.py:830} INFO - Processing file /home/airflow/.local/lib/python3.12/site-packages/airflow/example_dags/example_local_kubernetes_executor.py for tasks to queue
[2026-04-25T08:49:52.605+0000] {logging_mixin.py:188} INFO - [2026-04-25T08:49:52.605+0000] {dagbag.py:545} INFO - Filling up the DagBag from /home/airflow/.local/lib/python3.12/site-packages/airflow/example_dags/example_local_kubernetes_executor.py
[2026-04-25T08:49:52.612+0000] {processor.py:840} INFO - DAG(s) 'example_local_kubernetes_executor' retrieved from /home/airflow/.local/lib/python3.12/site-packages/airflow/example_dags/example_local_kubernetes_executor.py
[2026-04-25T08:49:52.647+0000] {logging_mixin.py:188} INFO - [2026-04-25T08:49:52.647+0000] {dag.py:3096} INFO - Sync 1 DAGs
[2026-04-25T08:49:52.658+0000] {logging_mixin.py:188} INFO - [2026-04-25T08:49:52.658+0000] {dag.py:3954} INFO - Setting next_dagrun for example_local_kubernetes_executor to None, run_after=None
[2026-04-25T08:49:52.674+0000] {processor.py:183} INFO - Processing /home/airflow/.local/lib/python3.12/site-packages/airflow/example_dags/example_local_kubernetes_executor.py took 0.076 seconds
[2026-04-25T08:50:23.095+0000] {processor.py:161} INFO - Started process (PID=2058) to work on /home/airflow/.local/lib/python3.12/site-packages/airflow/example_dags/example_local_kubernetes_executor.py
[2026-04-25T08:50:23.096+0000] {processor.py:830} INFO - Processing file /home/airflow/.local/lib/python3.12/site-packages/airflow/example_dags/example_local_kubernetes_executor.py for tasks to queue
[2026-04-25T08:50:23.097+0000] {logging_mixin.py:188} INFO - [2026-04-25T08:50:23.097+0000] {dagbag.py:545} INFO - Filling up the DagBag from /home/airflow/.local/lib/python3.12/site-packages/airflow/example_dags/example_local_kubernetes_executor.py
[2026-04-25T08:50:23.105+0000] {processor.py:840} INFO - DAG(s) 'example_local_kubernetes_executor' retrieved from /home/airflow/.local/lib/python3.12/site-packages/airflow/example_dags/example_local_kubernetes_executor.py
[2026-04-25T08:50:23.139+0000] {logging_mixin.py:188} INFO - [2026-04-25T08:50:23.139+0000] {dag.py:3096} INFO - Sync 1 DAGs
[2026-04-25T08:50:23.152+0000] {logging_mixin.py:188} INFO - [2026-04-25T08:50:23.151+0000] {dag.py:3954} INFO - Setting next_dagrun for example_local_kubernetes_executor to None, run_after=None
[2026-04-25T08:50:23.167+0000] {processor.py:183} INFO - Processing /home/airflow/.local/lib/python3.12/site-packages/airflow/example_dags/example_local_kubernetes_executor.py took 0.077 seconds
[2026-04-25T08:50:53.569+0000] {processor.py:161} INFO - Started process (PID=2116) to work on /home/airflow/.local/lib/python3.12/site-packages/airflow/example_dags/example_local_kubernetes_executor.py
[2026-04-25T08:50:53.570+0000] {processor.py:830} INFO - Processing file /home/airflow/.local/lib/python3.12/site-packages/airflow/example_dags/example_local_kubernetes_executor.py for tasks to queue
[2026-04-25T08:50:53.572+0000] {logging_mixin.py:188} INFO - [2026-04-25T08:50:53.571+0000] {dagbag.py:545} INFO - Filling up the DagBag from /home/airflow/.local/lib/python3.12/site-packages/airflow/example_dags/example_local_kubernetes_executor.py
[2026-04-25T08:50:53.580+0000] {processor.py:840} INFO - DAG(s) 'example_local_kubernetes_executor' retrieved from /home/airflow/.local/lib/python3.12/site-packages/airflow/example_dags/example_local_kubernetes_executor.py
[2026-04-25T08:50:53.620+0000] {logging_mixin.py:188} INFO - [2026-04-25T08:50:53.620+0000] {dag.py:3096} INFO - Sync 1 DAGs
[2026-04-25T08:50:53.636+0000] {logging_mixin.py:188} INFO - [2026-04-25T08:50:53.636+0000] {dag.py:3954} INFO - Setting next_dagrun for example_local_kubernetes_executor to None, run_after=None
[2026-04-25T08:50:53.656+0000] {processor.py:183} INFO - Processing /home/airflow/.local/lib/python3.12/site-packages/airflow/example_dags/example_local_kubernetes_executor.py took 0.094 seconds
[2026-04-25T08:51:24.158+0000] {processor.py:161} INFO - Started process (PID=2174) to work on /home/airflow/.local/lib/python3.12/site-packages/airflow/example_dags/example_local_kubernetes_executor.py
[2026-04-25T08:51:24.164+0000] {processor.py:830} INFO - Processing file /home/airflow/.local/lib/python3.12/site-packages/airflow/example_dags/example_local_kubernetes_executor.py for tasks to queue
[2026-04-25T08:51:24.169+0000] {logging_mixin.py:188} INFO - [2026-04-25T08:51:24.168+0000] {dagbag.py:545} INFO - Filling up the DagBag from /home/airflow/.local/lib/python3.12/site-packages/airflow/example_dags/example_local_kubernetes_executor.py
[2026-04-25T08:51:24.185+0000] {processor.py:840} INFO - DAG(s) 'example_local_kubernetes_executor' retrieved from /home/airflow/.local/lib/python3.12/site-packages/airflow/example_dags/example_local_kubernetes_executor.py
[2026-04-25T08:51:24.234+0000] {logging_mixin.py:188} INFO - [2026-04-25T08:51:24.234+0000] {dag.py:3096} INFO - Sync 1 DAGs
[2026-04-25T08:51:24.249+0000] {logging_mixin.py:188} INFO - [2026-04-25T08:51:24.249+0000] {dag.py:3954} INFO - Setting next_dagrun for example_local_kubernetes_executor to None, run_after=None
[2026-04-25T08:51:24.267+0000] {processor.py:183} INFO - Processing /home/airflow/.local/lib/python3.12/site-packages/airflow/example_dags/example_local_kubernetes_executor.py took 0.128 seconds
[2026-04-25T08:51:55.191+0000] {processor.py:161} INFO - Started process (PID=2232) to work on /home/airflow/.local/lib/python3.12/site-packages/airflow/example_dags/example_local_kubernetes_executor.py
[2026-04-25T08:51:55.191+0000] {processor.py:830} INFO - Processing file /home/airflow/.local/lib/python3.12/site-packages/airflow/example_dags/example_local_kubernetes_executor.py for tasks to queue
[2026-04-25T08:51:55.193+0000] {logging_mixin.py:188} INFO - [2026-04-25T08:51:55.193+0000] {dagbag.py:545} INFO - Filling up the DagBag from /home/airflow/.local/lib/python3.12/site-packages/airflow/example_dags/example_local_kubernetes_executor.py
[2026-04-25T08:51:55.202+0000] {processor.py:840} INFO - DAG(s) 'example_local_kubernetes_executor' retrieved from /home/airflow/.local/lib/python3.12/site-packages/airflow/example_dags/example_local_kubernetes_executor.py
[2026-04-25T08:51:55.243+0000] {logging_mixin.py:188} INFO - [2026-04-25T08:51:55.243+0000] {dag.py:3096} INFO - Sync 1 DAGs
[2026-04-25T08:51:55.258+0000] {logging_mixin.py:188} INFO - [2026-04-25T08:51:55.258+0000] {dag.py:3954} INFO - Setting next_dagrun for example_local_kubernetes_executor to None, run_after=None
[2026-04-25T08:51:55.273+0000] {processor.py:183} INFO - Processing /home/airflow/.local/lib/python3.12/site-packages/airflow/example_dags/example_local_kubernetes_executor.py took 0.089 seconds
[2026-04-25T08:52:25.814+0000] {processor.py:161} INFO - Started process (PID=2290) to work on /home/airflow/.local/lib/python3.12/site-packages/airflow/example_dags/example_local_kubernetes_executor.py
[2026-04-25T08:52:25.815+0000] {processor.py:830} INFO - Processing file /home/airflow/.local/lib/python3.12/site-packages/airflow/example_dags/example_local_kubernetes_executor.py for tasks to queue
[2026-04-25T08:52:25.816+0000] {logging_mixin.py:188} INFO - [2026-04-25T08:52:25.816+0000] {dagbag.py:545} INFO - Filling up the DagBag from /home/airflow/.local/lib/python3.12/site-packages/airflow/example_dags/example_local_kubernetes_executor.py
[2026-04-25T08:52:25.822+0000] {processor.py:840} INFO - DAG(s) 'example_local_kubernetes_executor' retrieved from /home/airflow/.local/lib/python3.12/site-packages/airflow/example_dags/example_local_kubernetes_executor.py
[2026-04-25T08:52:25.853+0000] {logging_mixin.py:188} INFO - [2026-04-25T08:52:25.853+0000] {dag.py:3096} INFO - Sync 1 DAGs
[2026-04-25T08:52:25.864+0000] {logging_mixin.py:188} INFO - [2026-04-25T08:52:25.864+0000] {dag.py:3954} INFO - Setting next_dagrun for example_local_kubernetes_executor to None, run_after=None
[2026-04-25T08:52:25.880+0000] {processor.py:183} INFO - Processing /home/airflow/.local/lib/python3.12/site-packages/airflow/example_dags/example_local_kubernetes_executor.py took 0.070 seconds
[2026-04-25T08:52:56.456+0000] {processor.py:161} INFO - Started process (PID=2348) to work on /home/airflow/.local/lib/python3.12/site-packages/airflow/example_dags/example_local_kubernetes_executor.py
[2026-04-25T08:52:56.457+0000] {processor.py:830} INFO - Processing file /home/airflow/.local/lib/python3.12/site-packages/airflow/example_dags/example_local_kubernetes_executor.py for tasks to queue
[2026-04-25T08:52:56.459+0000] {logging_mixin.py:188} INFO - [2026-04-25T08:52:56.458+0000] {dagbag.py:545} INFO - Filling up the DagBag from /home/airflow/.local/lib/python3.12/site-packages/airflow/example_dags/example_local_kubernetes_executor.py
[2026-04-25T08:52:56.465+0000] {processor.py:840} INFO - DAG(s) 'example_local_kubernetes_executor' retrieved from /home/airflow/.local/lib/python3.12/site-packages/airflow/example_dags/example_local_kubernetes_executor.py
[2026-04-25T08:52:56.494+0000] {logging_mixin.py:188} INFO - [2026-04-25T08:52:56.493+0000] {dag.py:3096} INFO - Sync 1 DAGs
[2026-04-25T08:52:56.505+0000] {logging_mixin.py:188} INFO - [2026-04-25T08:52:56.505+0000] {dag.py:3954} INFO - Setting next_dagrun for example_local_kubernetes_executor to None, run_after=None
[2026-04-25T08:52:56.520+0000] {processor.py:183} INFO - Processing /home/airflow/.local/lib/python3.12/site-packages/airflow/example_dags/example_local_kubernetes_executor.py took 0.068 seconds
[2026-04-25T08:53:27.168+0000] {processor.py:161} INFO - Started process (PID=2406) to work on /home/airflow/.local/lib/python3.12/site-packages/airflow/example_dags/example_local_kubernetes_executor.py
[2026-04-25T08:53:27.168+0000] {processor.py:830} INFO - Processing file /home/airflow/.local/lib/python3.12/site-packages/airflow/example_dags/example_local_kubernetes_executor.py for tasks to queue
[2026-04-25T08:53:27.169+0000] {logging_mixin.py:188} INFO - [2026-04-25T08:53:27.169+0000] {dagbag.py:545} INFO - Filling up the DagBag from /home/airflow/.local/lib/python3.12/site-packages/airflow/example_dags/example_local_kubernetes_executor.py
[2026-04-25T08:53:27.176+0000] {processor.py:840} INFO - DAG(s) 'example_local_kubernetes_executor' retrieved from /home/airflow/.local/lib/python3.12/site-packages/airflow/example_dags/example_local_kubernetes_executor.py
[2026-04-25T08:53:27.214+0000] {logging_mixin.py:188} INFO - [2026-04-25T08:53:27.214+0000] {dag.py:3096} INFO - Sync 1 DAGs
[2026-04-25T08:53:27.242+0000] {logging_mixin.py:188} INFO - [2026-04-25T08:53:27.242+0000] {dag.py:3954} INFO - Setting next_dagrun for example_local_kubernetes_executor to None, run_after=None
[2026-04-25T08:53:27.262+0000] {processor.py:183} INFO - Processing /home/airflow/.local/lib/python3.12/site-packages/airflow/example_dags/example_local_kubernetes_executor.py took 0.100 seconds
[2026-04-25T08:53:57.531+0000] {processor.py:161} INFO - Started process (PID=2464) to work on /home/airflow/.local/lib/python3.12/site-packages/airflow/example_dags/example_local_kubernetes_executor.py
[2026-04-25T08:53:57.531+0000] {processor.py:830} INFO - Processing file /home/airflow/.local/lib/python3.12/site-packages/airflow/example_dags/example_local_kubernetes_executor.py for tasks to queue
[2026-04-25T08:53:57.533+0000] {logging_mixin.py:188} INFO - [2026-04-25T08:53:57.532+0000] {dagbag.py:545} INFO - Filling up the DagBag from /home/airflow/.local/lib/python3.12/site-packages/airflow/example_dags/example_local_kubernetes_executor.py
[2026-04-25T08:53:57.539+0000] {processor.py:840} INFO - DAG(s) 'example_local_kubernetes_executor' retrieved from /home/airflow/.local/lib/python3.12/site-packages/airflow/example_dags/example_local_kubernetes_executor.py
[2026-04-25T08:53:57.575+0000] {logging_mixin.py:188} INFO - [2026-04-25T08:53:57.575+0000] {dag.py:3096} INFO - Sync 1 DAGs
[2026-04-25T08:53:57.590+0000] {logging_mixin.py:188} INFO - [2026-04-25T08:53:57.590+0000] {dag.py:3954} INFO - Setting next_dagrun for example_local_kubernetes_executor to None, run_after=None
[2026-04-25T08:53:57.607+0000] {processor.py:183} INFO - Processing /home/airflow/.local/lib/python3.12/site-packages/airflow/example_dags/example_local_kubernetes_executor.py took 0.082 seconds
[2026-04-25T08:54:27.918+0000] {processor.py:161} INFO - Started process (PID=2521) to work on /home/airflow/.local/lib/python3.12/site-packages/airflow/example_dags/example_local_kubernetes_executor.py
[2026-04-25T08:54:27.918+0000] {processor.py:830} INFO - Processing file /home/airflow/.local/lib/python3.12/site-packages/airflow/example_dags/example_local_kubernetes_executor.py for tasks to queue
[2026-04-25T08:54:27.920+0000] {logging_mixin.py:188} INFO - [2026-04-25T08:54:27.920+0000] {dagbag.py:545} INFO - Filling up the DagBag from /home/airflow/.local/lib/python3.12/site-packages/airflow/example_dags/example_local_kubernetes_executor.py
[2026-04-25T08:54:27.926+0000] {processor.py:840} INFO - DAG(s) 'example_local_kubernetes_executor' retrieved from /home/airflow/.local/lib/python3.12/site-packages/airflow/example_dags/example_local_kubernetes_executor.py
[2026-04-25T08:54:27.962+0000] {logging_mixin.py:188} INFO - [2026-04-25T08:54:27.962+0000] {dag.py:3096} INFO - Sync 1 DAGs
[2026-04-25T08:54:27.979+0000] {logging_mixin.py:188} INFO - [2026-04-25T08:54:27.979+0000] {dag.py:3954} INFO - Setting next_dagrun for example_local_kubernetes_executor to None, run_after=None
[2026-04-25T08:54:27.996+0000] {processor.py:183} INFO - Processing /home/airflow/.local/lib/python3.12/site-packages/airflow/example_dags/example_local_kubernetes_executor.py took 0.083 seconds
[2026-04-25T08:54:58.495+0000] {processor.py:161} INFO - Started process (PID=2579) to work on /home/airflow/.local/lib/python3.12/site-packages/airflow/example_dags/example_local_kubernetes_executor.py
[2026-04-25T08:54:58.496+0000] {processor.py:830} INFO - Processing file /home/airflow/.local/lib/python3.12/site-packages/airflow/example_dags/example_local_kubernetes_executor.py for tasks to queue
[2026-04-25T08:54:58.497+0000] {logging_mixin.py:188} INFO - [2026-04-25T08:54:58.497+0000] {dagbag.py:545} INFO - Filling up the DagBag from /home/airflow/.local/lib/python3.12/site-packages/airflow/example_dags/example_local_kubernetes_executor.py
[2026-04-25T08:54:58.504+0000] {processor.py:840} INFO - DAG(s) 'example_local_kubernetes_executor' retrieved from /home/airflow/.local/lib/python3.12/site-packages/airflow/example_dags/example_local_kubernetes_executor.py
[2026-04-25T08:54:58.538+0000] {logging_mixin.py:188} INFO - [2026-04-25T08:54:58.538+0000] {dag.py:3096} INFO - Sync 1 DAGs
[2026-04-25T08:54:58.551+0000] {logging_mixin.py:188} INFO - [2026-04-25T08:54:58.551+0000] {dag.py:3954} INFO - Setting next_dagrun for example_local_kubernetes_executor to None, run_after=None
[2026-04-25T08:54:58.568+0000] {processor.py:183} INFO - Processing /home/airflow/.local/lib/python3.12/site-packages/airflow/example_dags/example_local_kubernetes_executor.py took 0.077 seconds
[2026-04-25T08:55:28.937+0000] {processor.py:161} INFO - Started process (PID=2637) to work on /home/airflow/.local/lib/python3.12/site-packages/airflow/example_dags/example_local_kubernetes_executor.py
[2026-04-25T08:55:28.938+0000] {processor.py:830} INFO - Processing file /home/airflow/.local/lib/python3.12/site-packages/airflow/example_dags/example_local_kubernetes_executor.py for tasks to queue
[2026-04-25T08:55:28.939+0000] {logging_mixin.py:188} INFO - [2026-04-25T08:55:28.939+0000] {dagbag.py:545} INFO - Filling up the DagBag from /home/airflow/.local/lib/python3.12/site-packages/airflow/example_dags/example_local_kubernetes_executor.py
[2026-04-25T08:55:28.945+0000] {processor.py:840} INFO - DAG(s) 'example_local_kubernetes_executor' retrieved from /home/airflow/.local/lib/python3.12/site-packages/airflow/example_dags/example_local_kubernetes_executor.py
[2026-04-25T08:55:28.978+0000] {logging_mixin.py:188} INFO - [2026-04-25T08:55:28.977+0000] {dag.py:3096} INFO - Sync 1 DAGs
[2026-04-25T08:55:28.988+0000] {logging_mixin.py:188} INFO - [2026-04-25T08:55:28.988+0000] {dag.py:3954} INFO - Setting next_dagrun for example_local_kubernetes_executor to None, run_after=None
[2026-04-25T08:55:29.008+0000] {processor.py:183} INFO - Processing /home/airflow/.local/lib/python3.12/site-packages/airflow/example_dags/example_local_kubernetes_executor.py took 0.076 seconds
