[2026-04-25T08:33:02.882+0000] {processor.py:161} INFO - Started process (PID=76) to work on /home/airflow/.local/lib/python3.12/site-packages/airflow/example_dags/example_latest_only_with_trigger.py
[2026-04-25T08:33:02.883+0000] {processor.py:830} INFO - Processing file /home/airflow/.local/lib/python3.12/site-packages/airflow/example_dags/example_latest_only_with_trigger.py for tasks to queue
[2026-04-25T08:33:02.885+0000] {logging_mixin.py:188} INFO - [2026-04-25T08:33:02.884+0000] {dagbag.py:545} INFO - Filling up the DagBag from /home/airflow/.local/lib/python3.12/site-packages/airflow/example_dags/example_latest_only_with_trigger.py
[2026-04-25T08:33:02.892+0000] {processor.py:840} INFO - DAG(s) 'latest_only_with_trigger' retrieved from /home/airflow/.local/lib/python3.12/site-packages/airflow/example_dags/example_latest_only_with_trigger.py
[2026-04-25T08:33:03.136+0000] {logging_mixin.py:188} INFO - [2026-04-25T08:33:03.136+0000] {dag.py:3096} INFO - Sync 1 DAGs
[2026-04-25T08:33:03.172+0000] {logging_mixin.py:188} INFO - [2026-04-25T08:33:03.171+0000] {dag.py:3954} INFO - Setting next_dagrun for latest_only_with_trigger to 2026-04-25 04:00:00+00:00, run_after=2026-04-25 08:00:00+00:00
[2026-04-25T08:33:03.210+0000] {processor.py:183} INFO - Processing /home/airflow/.local/lib/python3.12/site-packages/airflow/example_dags/example_latest_only_with_trigger.py took 0.336 seconds
[2026-04-25T08:33:33.889+0000] {processor.py:161} INFO - Started process (PID=134) to work on /home/airflow/.local/lib/python3.12/site-packages/airflow/example_dags/example_latest_only_with_trigger.py
[2026-04-25T08:33:33.890+0000] {processor.py:830} INFO - Processing file /home/airflow/.local/lib/python3.12/site-packages/airflow/example_dags/example_latest_only_with_trigger.py for tasks to queue
[2026-04-25T08:33:33.892+0000] {logging_mixin.py:188} INFO - [2026-04-25T08:33:33.891+0000] {dagbag.py:545} INFO - Filling up the DagBag from /home/airflow/.local/lib/python3.12/site-packages/airflow/example_dags/example_latest_only_with_trigger.py
[2026-04-25T08:33:33.898+0000] {processor.py:840} INFO - DAG(s) 'latest_only_with_trigger' retrieved from /home/airflow/.local/lib/python3.12/site-packages/airflow/example_dags/example_latest_only_with_trigger.py
[2026-04-25T08:33:33.921+0000] {logging_mixin.py:188} INFO - [2026-04-25T08:33:33.921+0000] {dag.py:3096} INFO - Sync 1 DAGs
[2026-04-25T08:33:33.948+0000] {logging_mixin.py:188} INFO - [2026-04-25T08:33:33.948+0000] {dag.py:3954} INFO - Setting next_dagrun for latest_only_with_trigger to 2026-04-25 04:00:00+00:00, run_after=2026-04-25 08:00:00+00:00
[2026-04-25T08:33:33.967+0000] {processor.py:183} INFO - Processing /home/airflow/.local/lib/python3.12/site-packages/airflow/example_dags/example_latest_only_with_trigger.py took 0.084 seconds
[2026-04-25T08:34:04.094+0000] {processor.py:161} INFO - Started process (PID=192) to work on /home/airflow/.local/lib/python3.12/site-packages/airflow/example_dags/example_latest_only_with_trigger.py
[2026-04-25T08:34:04.095+0000] {processor.py:830} INFO - Processing file /home/airflow/.local/lib/python3.12/site-packages/airflow/example_dags/example_latest_only_with_trigger.py for tasks to queue
[2026-04-25T08:34:04.096+0000] {logging_mixin.py:188} INFO - [2026-04-25T08:34:04.096+0000] {dagbag.py:545} INFO - Filling up the DagBag from /home/airflow/.local/lib/python3.12/site-packages/airflow/example_dags/example_latest_only_with_trigger.py
[2026-04-25T08:34:04.101+0000] {processor.py:840} INFO - DAG(s) 'latest_only_with_trigger' retrieved from /home/airflow/.local/lib/python3.12/site-packages/airflow/example_dags/example_latest_only_with_trigger.py
[2026-04-25T08:34:04.119+0000] {logging_mixin.py:188} INFO - [2026-04-25T08:34:04.119+0000] {dag.py:3096} INFO - Sync 1 DAGs
[2026-04-25T08:34:04.138+0000] {logging_mixin.py:188} INFO - [2026-04-25T08:34:04.138+0000] {dag.py:3954} INFO - Setting next_dagrun for latest_only_with_trigger to 2026-04-25 04:00:00+00:00, run_after=2026-04-25 08:00:00+00:00
[2026-04-25T08:34:04.161+0000] {processor.py:183} INFO - Processing /home/airflow/.local/lib/python3.12/site-packages/airflow/example_dags/example_latest_only_with_trigger.py took 0.073 seconds
[2026-04-25T08:34:34.211+0000] {processor.py:161} INFO - Started process (PID=250) to work on /home/airflow/.local/lib/python3.12/site-packages/airflow/example_dags/example_latest_only_with_trigger.py
[2026-04-25T08:34:34.212+0000] {processor.py:830} INFO - Processing file /home/airflow/.local/lib/python3.12/site-packages/airflow/example_dags/example_latest_only_with_trigger.py for tasks to queue
[2026-04-25T08:34:34.214+0000] {logging_mixin.py:188} INFO - [2026-04-25T08:34:34.213+0000] {dagbag.py:545} INFO - Filling up the DagBag from /home/airflow/.local/lib/python3.12/site-packages/airflow/example_dags/example_latest_only_with_trigger.py
[2026-04-25T08:34:34.219+0000] {processor.py:840} INFO - DAG(s) 'latest_only_with_trigger' retrieved from /home/airflow/.local/lib/python3.12/site-packages/airflow/example_dags/example_latest_only_with_trigger.py
[2026-04-25T08:34:34.237+0000] {logging_mixin.py:188} INFO - [2026-04-25T08:34:34.237+0000] {dag.py:3096} INFO - Sync 1 DAGs
[2026-04-25T08:34:34.257+0000] {logging_mixin.py:188} INFO - [2026-04-25T08:34:34.257+0000] {dag.py:3954} INFO - Setting next_dagrun for latest_only_with_trigger to 2026-04-25 04:00:00+00:00, run_after=2026-04-25 08:00:00+00:00
[2026-04-25T08:34:34.273+0000] {processor.py:183} INFO - Processing /home/airflow/.local/lib/python3.12/site-packages/airflow/example_dags/example_latest_only_with_trigger.py took 0.066 seconds
[2026-04-25T08:35:04.936+0000] {processor.py:161} INFO - Started process (PID=308) to work on /home/airflow/.local/lib/python3.12/site-packages/airflow/example_dags/example_latest_only_with_trigger.py
[2026-04-25T08:35:04.937+0000] {processor.py:830} INFO - Processing file /home/airflow/.local/lib/python3.12/site-packages/airflow/example_dags/example_latest_only_with_trigger.py for tasks to queue
[2026-04-25T08:35:04.939+0000] {logging_mixin.py:188} INFO - [2026-04-25T08:35:04.939+0000] {dagbag.py:545} INFO - Filling up the DagBag from /home/airflow/.local/lib/python3.12/site-packages/airflow/example_dags/example_latest_only_with_trigger.py
[2026-04-25T08:35:04.945+0000] {processor.py:840} INFO - DAG(s) 'latest_only_with_trigger' retrieved from /home/airflow/.local/lib/python3.12/site-packages/airflow/example_dags/example_latest_only_with_trigger.py
[2026-04-25T08:35:04.970+0000] {logging_mixin.py:188} INFO - [2026-04-25T08:35:04.969+0000] {dag.py:3096} INFO - Sync 1 DAGs
[2026-04-25T08:35:04.997+0000] {logging_mixin.py:188} INFO - [2026-04-25T08:35:04.997+0000] {dag.py:3954} INFO - Setting next_dagrun for latest_only_with_trigger to 2026-04-25 04:00:00+00:00, run_after=2026-04-25 08:00:00+00:00
[2026-04-25T08:35:05.018+0000] {processor.py:183} INFO - Processing /home/airflow/.local/lib/python3.12/site-packages/airflow/example_dags/example_latest_only_with_trigger.py took 0.089 seconds
[2026-04-25T08:35:35.139+0000] {processor.py:161} INFO - Started process (PID=366) to work on /home/airflow/.local/lib/python3.12/site-packages/airflow/example_dags/example_latest_only_with_trigger.py
[2026-04-25T08:35:35.140+0000] {processor.py:830} INFO - Processing file /home/airflow/.local/lib/python3.12/site-packages/airflow/example_dags/example_latest_only_with_trigger.py for tasks to queue
[2026-04-25T08:35:35.141+0000] {logging_mixin.py:188} INFO - [2026-04-25T08:35:35.141+0000] {dagbag.py:545} INFO - Filling up the DagBag from /home/airflow/.local/lib/python3.12/site-packages/airflow/example_dags/example_latest_only_with_trigger.py
[2026-04-25T08:35:35.145+0000] {processor.py:840} INFO - DAG(s) 'latest_only_with_trigger' retrieved from /home/airflow/.local/lib/python3.12/site-packages/airflow/example_dags/example_latest_only_with_trigger.py
[2026-04-25T08:35:35.163+0000] {logging_mixin.py:188} INFO - [2026-04-25T08:35:35.163+0000] {dag.py:3096} INFO - Sync 1 DAGs
[2026-04-25T08:35:35.183+0000] {logging_mixin.py:188} INFO - [2026-04-25T08:35:35.182+0000] {dag.py:3954} INFO - Setting next_dagrun for latest_only_with_trigger to 2026-04-25 04:00:00+00:00, run_after=2026-04-25 08:00:00+00:00
[2026-04-25T08:35:35.201+0000] {processor.py:183} INFO - Processing /home/airflow/.local/lib/python3.12/site-packages/airflow/example_dags/example_latest_only_with_trigger.py took 0.066 seconds
[2026-04-25T08:36:05.256+0000] {processor.py:161} INFO - Started process (PID=424) to work on /home/airflow/.local/lib/python3.12/site-packages/airflow/example_dags/example_latest_only_with_trigger.py
[2026-04-25T08:36:05.256+0000] {processor.py:830} INFO - Processing file /home/airflow/.local/lib/python3.12/site-packages/airflow/example_dags/example_latest_only_with_trigger.py for tasks to queue
[2026-04-25T08:36:05.258+0000] {logging_mixin.py:188} INFO - [2026-04-25T08:36:05.257+0000] {dagbag.py:545} INFO - Filling up the DagBag from /home/airflow/.local/lib/python3.12/site-packages/airflow/example_dags/example_latest_only_with_trigger.py
[2026-04-25T08:36:05.262+0000] {processor.py:840} INFO - DAG(s) 'latest_only_with_trigger' retrieved from /home/airflow/.local/lib/python3.12/site-packages/airflow/example_dags/example_latest_only_with_trigger.py
[2026-04-25T08:36:05.280+0000] {logging_mixin.py:188} INFO - [2026-04-25T08:36:05.280+0000] {dag.py:3096} INFO - Sync 1 DAGs
[2026-04-25T08:36:05.300+0000] {logging_mixin.py:188} INFO - [2026-04-25T08:36:05.300+0000] {dag.py:3954} INFO - Setting next_dagrun for latest_only_with_trigger to 2026-04-25 04:00:00+00:00, run_after=2026-04-25 08:00:00+00:00
[2026-04-25T08:36:05.317+0000] {processor.py:183} INFO - Processing /home/airflow/.local/lib/python3.12/site-packages/airflow/example_dags/example_latest_only_with_trigger.py took 0.066 seconds
[2026-04-25T08:36:35.818+0000] {processor.py:161} INFO - Started process (PID=482) to work on /home/airflow/.local/lib/python3.12/site-packages/airflow/example_dags/example_latest_only_with_trigger.py
[2026-04-25T08:36:35.818+0000] {processor.py:830} INFO - Processing file /home/airflow/.local/lib/python3.12/site-packages/airflow/example_dags/example_latest_only_with_trigger.py for tasks to queue
[2026-04-25T08:36:35.820+0000] {logging_mixin.py:188} INFO - [2026-04-25T08:36:35.819+0000] {dagbag.py:545} INFO - Filling up the DagBag from /home/airflow/.local/lib/python3.12/site-packages/airflow/example_dags/example_latest_only_with_trigger.py
[2026-04-25T08:36:35.824+0000] {processor.py:840} INFO - DAG(s) 'latest_only_with_trigger' retrieved from /home/airflow/.local/lib/python3.12/site-packages/airflow/example_dags/example_latest_only_with_trigger.py
[2026-04-25T08:36:35.850+0000] {logging_mixin.py:188} INFO - [2026-04-25T08:36:35.849+0000] {dag.py:3096} INFO - Sync 1 DAGs
[2026-04-25T08:36:35.872+0000] {logging_mixin.py:188} INFO - [2026-04-25T08:36:35.871+0000] {dag.py:3954} INFO - Setting next_dagrun for latest_only_with_trigger to 2026-04-25 04:00:00+00:00, run_after=2026-04-25 08:00:00+00:00
[2026-04-25T08:36:35.886+0000] {processor.py:183} INFO - Processing /home/airflow/.local/lib/python3.12/site-packages/airflow/example_dags/example_latest_only_with_trigger.py took 0.073 seconds
[2026-04-25T08:37:06.049+0000] {processor.py:161} INFO - Started process (PID=540) to work on /home/airflow/.local/lib/python3.12/site-packages/airflow/example_dags/example_latest_only_with_trigger.py
[2026-04-25T08:37:06.050+0000] {processor.py:830} INFO - Processing file /home/airflow/.local/lib/python3.12/site-packages/airflow/example_dags/example_latest_only_with_trigger.py for tasks to queue
[2026-04-25T08:37:06.053+0000] {logging_mixin.py:188} INFO - [2026-04-25T08:37:06.052+0000] {dagbag.py:545} INFO - Filling up the DagBag from /home/airflow/.local/lib/python3.12/site-packages/airflow/example_dags/example_latest_only_with_trigger.py
[2026-04-25T08:37:06.060+0000] {processor.py:840} INFO - DAG(s) 'latest_only_with_trigger' retrieved from /home/airflow/.local/lib/python3.12/site-packages/airflow/example_dags/example_latest_only_with_trigger.py
[2026-04-25T08:37:06.092+0000] {logging_mixin.py:188} INFO - [2026-04-25T08:37:06.092+0000] {dag.py:3096} INFO - Sync 1 DAGs
[2026-04-25T08:37:06.129+0000] {logging_mixin.py:188} INFO - [2026-04-25T08:37:06.128+0000] {dag.py:3954} INFO - Setting next_dagrun for latest_only_with_trigger to 2026-04-25 04:00:00+00:00, run_after=2026-04-25 08:00:00+00:00
[2026-04-25T08:37:06.159+0000] {processor.py:183} INFO - Processing /home/airflow/.local/lib/python3.12/site-packages/airflow/example_dags/example_latest_only_with_trigger.py took 0.120 seconds
[2026-04-25T08:37:36.474+0000] {processor.py:161} INFO - Started process (PID=598) to work on /home/airflow/.local/lib/python3.12/site-packages/airflow/example_dags/example_latest_only_with_trigger.py
[2026-04-25T08:37:36.475+0000] {processor.py:830} INFO - Processing file /home/airflow/.local/lib/python3.12/site-packages/airflow/example_dags/example_latest_only_with_trigger.py for tasks to queue
[2026-04-25T08:37:36.476+0000] {logging_mixin.py:188} INFO - [2026-04-25T08:37:36.476+0000] {dagbag.py:545} INFO - Filling up the DagBag from /home/airflow/.local/lib/python3.12/site-packages/airflow/example_dags/example_latest_only_with_trigger.py
[2026-04-25T08:37:36.480+0000] {processor.py:840} INFO - DAG(s) 'latest_only_with_trigger' retrieved from /home/airflow/.local/lib/python3.12/site-packages/airflow/example_dags/example_latest_only_with_trigger.py
[2026-04-25T08:37:36.496+0000] {logging_mixin.py:188} INFO - [2026-04-25T08:37:36.496+0000] {dag.py:3096} INFO - Sync 1 DAGs
[2026-04-25T08:37:36.517+0000] {logging_mixin.py:188} INFO - [2026-04-25T08:37:36.517+0000] {dag.py:3954} INFO - Setting next_dagrun for latest_only_with_trigger to 2026-04-25 04:00:00+00:00, run_after=2026-04-25 08:00:00+00:00
[2026-04-25T08:37:36.540+0000] {processor.py:183} INFO - Processing /home/airflow/.local/lib/python3.12/site-packages/airflow/example_dags/example_latest_only_with_trigger.py took 0.070 seconds
[2026-04-25T08:38:06.874+0000] {processor.py:161} INFO - Started process (PID=656) to work on /home/airflow/.local/lib/python3.12/site-packages/airflow/example_dags/example_latest_only_with_trigger.py
[2026-04-25T08:38:06.875+0000] {processor.py:830} INFO - Processing file /home/airflow/.local/lib/python3.12/site-packages/airflow/example_dags/example_latest_only_with_trigger.py for tasks to queue
[2026-04-25T08:38:06.876+0000] {logging_mixin.py:188} INFO - [2026-04-25T08:38:06.876+0000] {dagbag.py:545} INFO - Filling up the DagBag from /home/airflow/.local/lib/python3.12/site-packages/airflow/example_dags/example_latest_only_with_trigger.py
[2026-04-25T08:38:06.881+0000] {processor.py:840} INFO - DAG(s) 'latest_only_with_trigger' retrieved from /home/airflow/.local/lib/python3.12/site-packages/airflow/example_dags/example_latest_only_with_trigger.py
[2026-04-25T08:38:06.897+0000] {logging_mixin.py:188} INFO - [2026-04-25T08:38:06.897+0000] {dag.py:3096} INFO - Sync 1 DAGs
[2026-04-25T08:38:06.919+0000] {logging_mixin.py:188} INFO - [2026-04-25T08:38:06.919+0000] {dag.py:3954} INFO - Setting next_dagrun for latest_only_with_trigger to 2026-04-25 04:00:00+00:00, run_after=2026-04-25 08:00:00+00:00
[2026-04-25T08:38:06.938+0000] {processor.py:183} INFO - Processing /home/airflow/.local/lib/python3.12/site-packages/airflow/example_dags/example_latest_only_with_trigger.py took 0.069 seconds
[2026-04-25T08:38:37.162+0000] {processor.py:161} INFO - Started process (PID=714) to work on /home/airflow/.local/lib/python3.12/site-packages/airflow/example_dags/example_latest_only_with_trigger.py
[2026-04-25T08:38:37.163+0000] {processor.py:830} INFO - Processing file /home/airflow/.local/lib/python3.12/site-packages/airflow/example_dags/example_latest_only_with_trigger.py for tasks to queue
[2026-04-25T08:38:37.164+0000] {logging_mixin.py:188} INFO - [2026-04-25T08:38:37.164+0000] {dagbag.py:545} INFO - Filling up the DagBag from /home/airflow/.local/lib/python3.12/site-packages/airflow/example_dags/example_latest_only_with_trigger.py
[2026-04-25T08:38:37.169+0000] {processor.py:840} INFO - DAG(s) 'latest_only_with_trigger' retrieved from /home/airflow/.local/lib/python3.12/site-packages/airflow/example_dags/example_latest_only_with_trigger.py
[2026-04-25T08:38:37.186+0000] {logging_mixin.py:188} INFO - [2026-04-25T08:38:37.186+0000] {dag.py:3096} INFO - Sync 1 DAGs
[2026-04-25T08:38:37.208+0000] {logging_mixin.py:188} INFO - [2026-04-25T08:38:37.208+0000] {dag.py:3954} INFO - Setting next_dagrun for latest_only_with_trigger to 2026-04-25 04:00:00+00:00, run_after=2026-04-25 08:00:00+00:00
[2026-04-25T08:38:37.225+0000] {processor.py:183} INFO - Processing /home/airflow/.local/lib/python3.12/site-packages/airflow/example_dags/example_latest_only_with_trigger.py took 0.067 seconds
[2026-04-25T08:39:07.643+0000] {processor.py:161} INFO - Started process (PID=772) to work on /home/airflow/.local/lib/python3.12/site-packages/airflow/example_dags/example_latest_only_with_trigger.py
[2026-04-25T08:39:07.644+0000] {processor.py:830} INFO - Processing file /home/airflow/.local/lib/python3.12/site-packages/airflow/example_dags/example_latest_only_with_trigger.py for tasks to queue
[2026-04-25T08:39:07.645+0000] {logging_mixin.py:188} INFO - [2026-04-25T08:39:07.645+0000] {dagbag.py:545} INFO - Filling up the DagBag from /home/airflow/.local/lib/python3.12/site-packages/airflow/example_dags/example_latest_only_with_trigger.py
[2026-04-25T08:39:07.650+0000] {processor.py:840} INFO - DAG(s) 'latest_only_with_trigger' retrieved from /home/airflow/.local/lib/python3.12/site-packages/airflow/example_dags/example_latest_only_with_trigger.py
[2026-04-25T08:39:07.671+0000] {logging_mixin.py:188} INFO - [2026-04-25T08:39:07.671+0000] {dag.py:3096} INFO - Sync 1 DAGs
[2026-04-25T08:39:07.696+0000] {logging_mixin.py:188} INFO - [2026-04-25T08:39:07.695+0000] {dag.py:3954} INFO - Setting next_dagrun for latest_only_with_trigger to 2026-04-25 04:00:00+00:00, run_after=2026-04-25 08:00:00+00:00
[2026-04-25T08:39:07.714+0000] {processor.py:183} INFO - Processing /home/airflow/.local/lib/python3.12/site-packages/airflow/example_dags/example_latest_only_with_trigger.py took 0.075 seconds
[2026-04-25T08:39:37.954+0000] {processor.py:161} INFO - Started process (PID=830) to work on /home/airflow/.local/lib/python3.12/site-packages/airflow/example_dags/example_latest_only_with_trigger.py
[2026-04-25T08:39:37.955+0000] {processor.py:830} INFO - Processing file /home/airflow/.local/lib/python3.12/site-packages/airflow/example_dags/example_latest_only_with_trigger.py for tasks to queue
[2026-04-25T08:39:37.957+0000] {logging_mixin.py:188} INFO - [2026-04-25T08:39:37.956+0000] {dagbag.py:545} INFO - Filling up the DagBag from /home/airflow/.local/lib/python3.12/site-packages/airflow/example_dags/example_latest_only_with_trigger.py
[2026-04-25T08:39:37.963+0000] {processor.py:840} INFO - DAG(s) 'latest_only_with_trigger' retrieved from /home/airflow/.local/lib/python3.12/site-packages/airflow/example_dags/example_latest_only_with_trigger.py
[2026-04-25T08:39:37.984+0000] {logging_mixin.py:188} INFO - [2026-04-25T08:39:37.984+0000] {dag.py:3096} INFO - Sync 1 DAGs
[2026-04-25T08:39:38.005+0000] {logging_mixin.py:188} INFO - [2026-04-25T08:39:38.005+0000] {dag.py:3954} INFO - Setting next_dagrun for latest_only_with_trigger to 2026-04-25 04:00:00+00:00, run_after=2026-04-25 08:00:00+00:00
[2026-04-25T08:39:38.021+0000] {processor.py:183} INFO - Processing /home/airflow/.local/lib/python3.12/site-packages/airflow/example_dags/example_latest_only_with_trigger.py took 0.072 seconds
[2026-04-25T08:40:08.183+0000] {processor.py:161} INFO - Started process (PID=888) to work on /home/airflow/.local/lib/python3.12/site-packages/airflow/example_dags/example_latest_only_with_trigger.py
[2026-04-25T08:40:08.184+0000] {processor.py:830} INFO - Processing file /home/airflow/.local/lib/python3.12/site-packages/airflow/example_dags/example_latest_only_with_trigger.py for tasks to queue
[2026-04-25T08:40:08.185+0000] {logging_mixin.py:188} INFO - [2026-04-25T08:40:08.185+0000] {dagbag.py:545} INFO - Filling up the DagBag from /home/airflow/.local/lib/python3.12/site-packages/airflow/example_dags/example_latest_only_with_trigger.py
[2026-04-25T08:40:08.189+0000] {processor.py:840} INFO - DAG(s) 'latest_only_with_trigger' retrieved from /home/airflow/.local/lib/python3.12/site-packages/airflow/example_dags/example_latest_only_with_trigger.py
[2026-04-25T08:40:08.208+0000] {logging_mixin.py:188} INFO - [2026-04-25T08:40:08.208+0000] {dag.py:3096} INFO - Sync 1 DAGs
[2026-04-25T08:40:08.228+0000] {logging_mixin.py:188} INFO - [2026-04-25T08:40:08.228+0000] {dag.py:3954} INFO - Setting next_dagrun for latest_only_with_trigger to 2026-04-25 04:00:00+00:00, run_after=2026-04-25 08:00:00+00:00
[2026-04-25T08:40:08.248+0000] {processor.py:183} INFO - Processing /home/airflow/.local/lib/python3.12/site-packages/airflow/example_dags/example_latest_only_with_trigger.py took 0.069 seconds
[2026-04-25T08:40:38.595+0000] {processor.py:161} INFO - Started process (PID=946) to work on /home/airflow/.local/lib/python3.12/site-packages/airflow/example_dags/example_latest_only_with_trigger.py
[2026-04-25T08:40:38.596+0000] {processor.py:830} INFO - Processing file /home/airflow/.local/lib/python3.12/site-packages/airflow/example_dags/example_latest_only_with_trigger.py for tasks to queue
[2026-04-25T08:40:38.597+0000] {logging_mixin.py:188} INFO - [2026-04-25T08:40:38.597+0000] {dagbag.py:545} INFO - Filling up the DagBag from /home/airflow/.local/lib/python3.12/site-packages/airflow/example_dags/example_latest_only_with_trigger.py
[2026-04-25T08:40:38.602+0000] {processor.py:840} INFO - DAG(s) 'latest_only_with_trigger' retrieved from /home/airflow/.local/lib/python3.12/site-packages/airflow/example_dags/example_latest_only_with_trigger.py
[2026-04-25T08:40:38.633+0000] {logging_mixin.py:188} INFO - [2026-04-25T08:40:38.633+0000] {dag.py:3096} INFO - Sync 1 DAGs
[2026-04-25T08:40:38.655+0000] {logging_mixin.py:188} INFO - [2026-04-25T08:40:38.655+0000] {dag.py:3954} INFO - Setting next_dagrun for latest_only_with_trigger to 2026-04-25 04:00:00+00:00, run_after=2026-04-25 08:00:00+00:00
[2026-04-25T08:40:38.671+0000] {processor.py:183} INFO - Processing /home/airflow/.local/lib/python3.12/site-packages/airflow/example_dags/example_latest_only_with_trigger.py took 0.080 seconds
[2026-04-25T08:41:09.087+0000] {processor.py:161} INFO - Started process (PID=1004) to work on /home/airflow/.local/lib/python3.12/site-packages/airflow/example_dags/example_latest_only_with_trigger.py
[2026-04-25T08:41:09.088+0000] {processor.py:830} INFO - Processing file /home/airflow/.local/lib/python3.12/site-packages/airflow/example_dags/example_latest_only_with_trigger.py for tasks to queue
[2026-04-25T08:41:09.090+0000] {logging_mixin.py:188} INFO - [2026-04-25T08:41:09.090+0000] {dagbag.py:545} INFO - Filling up the DagBag from /home/airflow/.local/lib/python3.12/site-packages/airflow/example_dags/example_latest_only_with_trigger.py
[2026-04-25T08:41:09.095+0000] {processor.py:840} INFO - DAG(s) 'latest_only_with_trigger' retrieved from /home/airflow/.local/lib/python3.12/site-packages/airflow/example_dags/example_latest_only_with_trigger.py
[2026-04-25T08:41:09.113+0000] {logging_mixin.py:188} INFO - [2026-04-25T08:41:09.113+0000] {dag.py:3096} INFO - Sync 1 DAGs
[2026-04-25T08:41:09.138+0000] {logging_mixin.py:188} INFO - [2026-04-25T08:41:09.138+0000] {dag.py:3954} INFO - Setting next_dagrun for latest_only_with_trigger to 2026-04-25 04:00:00+00:00, run_after=2026-04-25 08:00:00+00:00
[2026-04-25T08:41:09.155+0000] {processor.py:183} INFO - Processing /home/airflow/.local/lib/python3.12/site-packages/airflow/example_dags/example_latest_only_with_trigger.py took 0.074 seconds
[2026-04-25T08:41:39.858+0000] {processor.py:161} INFO - Started process (PID=1062) to work on /home/airflow/.local/lib/python3.12/site-packages/airflow/example_dags/example_latest_only_with_trigger.py
[2026-04-25T08:41:39.859+0000] {processor.py:830} INFO - Processing file /home/airflow/.local/lib/python3.12/site-packages/airflow/example_dags/example_latest_only_with_trigger.py for tasks to queue
[2026-04-25T08:41:39.861+0000] {logging_mixin.py:188} INFO - [2026-04-25T08:41:39.861+0000] {dagbag.py:545} INFO - Filling up the DagBag from /home/airflow/.local/lib/python3.12/site-packages/airflow/example_dags/example_latest_only_with_trigger.py
[2026-04-25T08:41:39.868+0000] {processor.py:840} INFO - DAG(s) 'latest_only_with_trigger' retrieved from /home/airflow/.local/lib/python3.12/site-packages/airflow/example_dags/example_latest_only_with_trigger.py
[2026-04-25T08:41:39.891+0000] {logging_mixin.py:188} INFO - [2026-04-25T08:41:39.891+0000] {dag.py:3096} INFO - Sync 1 DAGs
[2026-04-25T08:41:39.916+0000] {logging_mixin.py:188} INFO - [2026-04-25T08:41:39.916+0000] {dag.py:3954} INFO - Setting next_dagrun for latest_only_with_trigger to 2026-04-25 04:00:00+00:00, run_after=2026-04-25 08:00:00+00:00
[2026-04-25T08:41:39.936+0000] {processor.py:183} INFO - Processing /home/airflow/.local/lib/python3.12/site-packages/airflow/example_dags/example_latest_only_with_trigger.py took 0.084 seconds
[2026-04-25T08:42:10.017+0000] {processor.py:161} INFO - Started process (PID=1120) to work on /home/airflow/.local/lib/python3.12/site-packages/airflow/example_dags/example_latest_only_with_trigger.py
[2026-04-25T08:42:10.017+0000] {processor.py:830} INFO - Processing file /home/airflow/.local/lib/python3.12/site-packages/airflow/example_dags/example_latest_only_with_trigger.py for tasks to queue
[2026-04-25T08:42:10.019+0000] {logging_mixin.py:188} INFO - [2026-04-25T08:42:10.018+0000] {dagbag.py:545} INFO - Filling up the DagBag from /home/airflow/.local/lib/python3.12/site-packages/airflow/example_dags/example_latest_only_with_trigger.py
[2026-04-25T08:42:10.023+0000] {processor.py:840} INFO - DAG(s) 'latest_only_with_trigger' retrieved from /home/airflow/.local/lib/python3.12/site-packages/airflow/example_dags/example_latest_only_with_trigger.py
[2026-04-25T08:42:10.041+0000] {logging_mixin.py:188} INFO - [2026-04-25T08:42:10.040+0000] {dag.py:3096} INFO - Sync 1 DAGs
[2026-04-25T08:42:10.059+0000] {logging_mixin.py:188} INFO - [2026-04-25T08:42:10.058+0000] {dag.py:3954} INFO - Setting next_dagrun for latest_only_with_trigger to 2026-04-25 04:00:00+00:00, run_after=2026-04-25 08:00:00+00:00
[2026-04-25T08:42:10.075+0000] {processor.py:183} INFO - Processing /home/airflow/.local/lib/python3.12/site-packages/airflow/example_dags/example_latest_only_with_trigger.py took 0.063 seconds
[2026-04-25T08:42:40.567+0000] {processor.py:161} INFO - Started process (PID=1178) to work on /home/airflow/.local/lib/python3.12/site-packages/airflow/example_dags/example_latest_only_with_trigger.py
[2026-04-25T08:42:40.568+0000] {processor.py:830} INFO - Processing file /home/airflow/.local/lib/python3.12/site-packages/airflow/example_dags/example_latest_only_with_trigger.py for tasks to queue
[2026-04-25T08:42:40.570+0000] {logging_mixin.py:188} INFO - [2026-04-25T08:42:40.570+0000] {dagbag.py:545} INFO - Filling up the DagBag from /home/airflow/.local/lib/python3.12/site-packages/airflow/example_dags/example_latest_only_with_trigger.py
[2026-04-25T08:42:40.575+0000] {processor.py:840} INFO - DAG(s) 'latest_only_with_trigger' retrieved from /home/airflow/.local/lib/python3.12/site-packages/airflow/example_dags/example_latest_only_with_trigger.py
[2026-04-25T08:42:40.592+0000] {logging_mixin.py:188} INFO - [2026-04-25T08:42:40.592+0000] {dag.py:3096} INFO - Sync 1 DAGs
[2026-04-25T08:42:40.610+0000] {logging_mixin.py:188} INFO - [2026-04-25T08:42:40.610+0000] {dag.py:3954} INFO - Setting next_dagrun for latest_only_with_trigger to 2026-04-25 04:00:00+00:00, run_after=2026-04-25 08:00:00+00:00
[2026-04-25T08:42:40.630+0000] {processor.py:183} INFO - Processing /home/airflow/.local/lib/python3.12/site-packages/airflow/example_dags/example_latest_only_with_trigger.py took 0.069 seconds
[2026-04-25T08:43:11.053+0000] {processor.py:161} INFO - Started process (PID=1235) to work on /home/airflow/.local/lib/python3.12/site-packages/airflow/example_dags/example_latest_only_with_trigger.py
[2026-04-25T08:43:11.054+0000] {processor.py:830} INFO - Processing file /home/airflow/.local/lib/python3.12/site-packages/airflow/example_dags/example_latest_only_with_trigger.py for tasks to queue
[2026-04-25T08:43:11.056+0000] {logging_mixin.py:188} INFO - [2026-04-25T08:43:11.055+0000] {dagbag.py:545} INFO - Filling up the DagBag from /home/airflow/.local/lib/python3.12/site-packages/airflow/example_dags/example_latest_only_with_trigger.py
[2026-04-25T08:43:11.066+0000] {processor.py:840} INFO - DAG(s) 'latest_only_with_trigger' retrieved from /home/airflow/.local/lib/python3.12/site-packages/airflow/example_dags/example_latest_only_with_trigger.py
[2026-04-25T08:43:11.094+0000] {logging_mixin.py:188} INFO - [2026-04-25T08:43:11.094+0000] {dag.py:3096} INFO - Sync 1 DAGs
[2026-04-25T08:43:11.118+0000] {logging_mixin.py:188} INFO - [2026-04-25T08:43:11.118+0000] {dag.py:3954} INFO - Setting next_dagrun for latest_only_with_trigger to 2026-04-25 04:00:00+00:00, run_after=2026-04-25 08:00:00+00:00
[2026-04-25T08:43:11.133+0000] {processor.py:183} INFO - Processing /home/airflow/.local/lib/python3.12/site-packages/airflow/example_dags/example_latest_only_with_trigger.py took 0.086 seconds
[2026-04-25T08:43:41.605+0000] {processor.py:161} INFO - Started process (PID=1293) to work on /home/airflow/.local/lib/python3.12/site-packages/airflow/example_dags/example_latest_only_with_trigger.py
[2026-04-25T08:43:41.606+0000] {processor.py:830} INFO - Processing file /home/airflow/.local/lib/python3.12/site-packages/airflow/example_dags/example_latest_only_with_trigger.py for tasks to queue
[2026-04-25T08:43:41.607+0000] {logging_mixin.py:188} INFO - [2026-04-25T08:43:41.607+0000] {dagbag.py:545} INFO - Filling up the DagBag from /home/airflow/.local/lib/python3.12/site-packages/airflow/example_dags/example_latest_only_with_trigger.py
[2026-04-25T08:43:41.612+0000] {processor.py:840} INFO - DAG(s) 'latest_only_with_trigger' retrieved from /home/airflow/.local/lib/python3.12/site-packages/airflow/example_dags/example_latest_only_with_trigger.py
[2026-04-25T08:43:41.635+0000] {logging_mixin.py:188} INFO - [2026-04-25T08:43:41.634+0000] {dag.py:3096} INFO - Sync 1 DAGs
[2026-04-25T08:43:41.659+0000] {logging_mixin.py:188} INFO - [2026-04-25T08:43:41.659+0000] {dag.py:3954} INFO - Setting next_dagrun for latest_only_with_trigger to 2026-04-25 04:00:00+00:00, run_after=2026-04-25 08:00:00+00:00
[2026-04-25T08:43:41.676+0000] {processor.py:183} INFO - Processing /home/airflow/.local/lib/python3.12/site-packages/airflow/example_dags/example_latest_only_with_trigger.py took 0.075 seconds
[2026-04-25T08:44:11.739+0000] {processor.py:161} INFO - Started process (PID=1351) to work on /home/airflow/.local/lib/python3.12/site-packages/airflow/example_dags/example_latest_only_with_trigger.py
[2026-04-25T08:44:11.739+0000] {processor.py:830} INFO - Processing file /home/airflow/.local/lib/python3.12/site-packages/airflow/example_dags/example_latest_only_with_trigger.py for tasks to queue
[2026-04-25T08:44:11.741+0000] {logging_mixin.py:188} INFO - [2026-04-25T08:44:11.740+0000] {dagbag.py:545} INFO - Filling up the DagBag from /home/airflow/.local/lib/python3.12/site-packages/airflow/example_dags/example_latest_only_with_trigger.py
[2026-04-25T08:44:11.745+0000] {processor.py:840} INFO - DAG(s) 'latest_only_with_trigger' retrieved from /home/airflow/.local/lib/python3.12/site-packages/airflow/example_dags/example_latest_only_with_trigger.py
[2026-04-25T08:44:11.763+0000] {logging_mixin.py:188} INFO - [2026-04-25T08:44:11.763+0000] {dag.py:3096} INFO - Sync 1 DAGs
[2026-04-25T08:44:11.782+0000] {logging_mixin.py:188} INFO - [2026-04-25T08:44:11.781+0000] {dag.py:3954} INFO - Setting next_dagrun for latest_only_with_trigger to 2026-04-25 04:00:00+00:00, run_after=2026-04-25 08:00:00+00:00
[2026-04-25T08:44:11.797+0000] {processor.py:183} INFO - Processing /home/airflow/.local/lib/python3.12/site-packages/airflow/example_dags/example_latest_only_with_trigger.py took 0.063 seconds
[2026-04-25T08:44:42.605+0000] {processor.py:161} INFO - Started process (PID=1410) to work on /home/airflow/.local/lib/python3.12/site-packages/airflow/example_dags/example_latest_only_with_trigger.py
[2026-04-25T08:44:42.606+0000] {processor.py:830} INFO - Processing file /home/airflow/.local/lib/python3.12/site-packages/airflow/example_dags/example_latest_only_with_trigger.py for tasks to queue
[2026-04-25T08:44:42.610+0000] {logging_mixin.py:188} INFO - [2026-04-25T08:44:42.609+0000] {dagbag.py:545} INFO - Filling up the DagBag from /home/airflow/.local/lib/python3.12/site-packages/airflow/example_dags/example_latest_only_with_trigger.py
[2026-04-25T08:44:42.617+0000] {processor.py:840} INFO - DAG(s) 'latest_only_with_trigger' retrieved from /home/airflow/.local/lib/python3.12/site-packages/airflow/example_dags/example_latest_only_with_trigger.py
[2026-04-25T08:44:42.638+0000] {logging_mixin.py:188} INFO - [2026-04-25T08:44:42.637+0000] {dag.py:3096} INFO - Sync 1 DAGs
[2026-04-25T08:44:42.659+0000] {logging_mixin.py:188} INFO - [2026-04-25T08:44:42.659+0000] {dag.py:3954} INFO - Setting next_dagrun for latest_only_with_trigger to 2026-04-25 04:00:00+00:00, run_after=2026-04-25 08:00:00+00:00
[2026-04-25T08:44:42.678+0000] {processor.py:183} INFO - Processing /home/airflow/.local/lib/python3.12/site-packages/airflow/example_dags/example_latest_only_with_trigger.py took 0.078 seconds
[2026-04-25T08:45:13.290+0000] {processor.py:161} INFO - Started process (PID=1468) to work on /home/airflow/.local/lib/python3.12/site-packages/airflow/example_dags/example_latest_only_with_trigger.py
[2026-04-25T08:45:13.291+0000] {processor.py:830} INFO - Processing file /home/airflow/.local/lib/python3.12/site-packages/airflow/example_dags/example_latest_only_with_trigger.py for tasks to queue
[2026-04-25T08:45:13.293+0000] {logging_mixin.py:188} INFO - [2026-04-25T08:45:13.293+0000] {dagbag.py:545} INFO - Filling up the DagBag from /home/airflow/.local/lib/python3.12/site-packages/airflow/example_dags/example_latest_only_with_trigger.py
[2026-04-25T08:45:13.301+0000] {processor.py:840} INFO - DAG(s) 'latest_only_with_trigger' retrieved from /home/airflow/.local/lib/python3.12/site-packages/airflow/example_dags/example_latest_only_with_trigger.py
[2026-04-25T08:45:13.323+0000] {logging_mixin.py:188} INFO - [2026-04-25T08:45:13.323+0000] {dag.py:3096} INFO - Sync 1 DAGs
[2026-04-25T08:45:13.348+0000] {logging_mixin.py:188} INFO - [2026-04-25T08:45:13.348+0000] {dag.py:3954} INFO - Setting next_dagrun for latest_only_with_trigger to 2026-04-25 04:00:00+00:00, run_after=2026-04-25 08:00:00+00:00
[2026-04-25T08:45:13.497+0000] {processor.py:183} INFO - Processing /home/airflow/.local/lib/python3.12/site-packages/airflow/example_dags/example_latest_only_with_trigger.py took 0.214 seconds
[2026-04-25T08:45:44.170+0000] {processor.py:161} INFO - Started process (PID=1526) to work on /home/airflow/.local/lib/python3.12/site-packages/airflow/example_dags/example_latest_only_with_trigger.py
[2026-04-25T08:45:44.171+0000] {processor.py:830} INFO - Processing file /home/airflow/.local/lib/python3.12/site-packages/airflow/example_dags/example_latest_only_with_trigger.py for tasks to queue
[2026-04-25T08:45:44.172+0000] {logging_mixin.py:188} INFO - [2026-04-25T08:45:44.172+0000] {dagbag.py:545} INFO - Filling up the DagBag from /home/airflow/.local/lib/python3.12/site-packages/airflow/example_dags/example_latest_only_with_trigger.py
[2026-04-25T08:45:44.177+0000] {processor.py:840} INFO - DAG(s) 'latest_only_with_trigger' retrieved from /home/airflow/.local/lib/python3.12/site-packages/airflow/example_dags/example_latest_only_with_trigger.py
[2026-04-25T08:45:44.196+0000] {logging_mixin.py:188} INFO - [2026-04-25T08:45:44.196+0000] {dag.py:3096} INFO - Sync 1 DAGs
[2026-04-25T08:45:44.216+0000] {logging_mixin.py:188} INFO - [2026-04-25T08:45:44.215+0000] {dag.py:3954} INFO - Setting next_dagrun for latest_only_with_trigger to 2026-04-25 04:00:00+00:00, run_after=2026-04-25 08:00:00+00:00
[2026-04-25T08:45:44.233+0000] {processor.py:183} INFO - Processing /home/airflow/.local/lib/python3.12/site-packages/airflow/example_dags/example_latest_only_with_trigger.py took 0.068 seconds
[2026-04-25T08:46:14.406+0000] {processor.py:161} INFO - Started process (PID=1584) to work on /home/airflow/.local/lib/python3.12/site-packages/airflow/example_dags/example_latest_only_with_trigger.py
[2026-04-25T08:46:14.407+0000] {processor.py:830} INFO - Processing file /home/airflow/.local/lib/python3.12/site-packages/airflow/example_dags/example_latest_only_with_trigger.py for tasks to queue
[2026-04-25T08:46:14.408+0000] {logging_mixin.py:188} INFO - [2026-04-25T08:46:14.408+0000] {dagbag.py:545} INFO - Filling up the DagBag from /home/airflow/.local/lib/python3.12/site-packages/airflow/example_dags/example_latest_only_with_trigger.py
[2026-04-25T08:46:14.413+0000] {processor.py:840} INFO - DAG(s) 'latest_only_with_trigger' retrieved from /home/airflow/.local/lib/python3.12/site-packages/airflow/example_dags/example_latest_only_with_trigger.py
[2026-04-25T08:46:14.432+0000] {logging_mixin.py:188} INFO - [2026-04-25T08:46:14.432+0000] {dag.py:3096} INFO - Sync 1 DAGs
[2026-04-25T08:46:14.451+0000] {logging_mixin.py:188} INFO - [2026-04-25T08:46:14.451+0000] {dag.py:3954} INFO - Setting next_dagrun for latest_only_with_trigger to 2026-04-25 04:00:00+00:00, run_after=2026-04-25 08:00:00+00:00
[2026-04-25T08:46:14.466+0000] {processor.py:183} INFO - Processing /home/airflow/.local/lib/python3.12/site-packages/airflow/example_dags/example_latest_only_with_trigger.py took 0.064 seconds
[2026-04-25T08:46:44.692+0000] {processor.py:161} INFO - Started process (PID=1642) to work on /home/airflow/.local/lib/python3.12/site-packages/airflow/example_dags/example_latest_only_with_trigger.py
[2026-04-25T08:46:44.693+0000] {processor.py:830} INFO - Processing file /home/airflow/.local/lib/python3.12/site-packages/airflow/example_dags/example_latest_only_with_trigger.py for tasks to queue
[2026-04-25T08:46:44.695+0000] {logging_mixin.py:188} INFO - [2026-04-25T08:46:44.695+0000] {dagbag.py:545} INFO - Filling up the DagBag from /home/airflow/.local/lib/python3.12/site-packages/airflow/example_dags/example_latest_only_with_trigger.py
[2026-04-25T08:46:44.702+0000] {processor.py:840} INFO - DAG(s) 'latest_only_with_trigger' retrieved from /home/airflow/.local/lib/python3.12/site-packages/airflow/example_dags/example_latest_only_with_trigger.py
[2026-04-25T08:46:44.722+0000] {logging_mixin.py:188} INFO - [2026-04-25T08:46:44.722+0000] {dag.py:3096} INFO - Sync 1 DAGs
[2026-04-25T08:46:44.749+0000] {logging_mixin.py:188} INFO - [2026-04-25T08:46:44.748+0000] {dag.py:3954} INFO - Setting next_dagrun for latest_only_with_trigger to 2026-04-25 04:00:00+00:00, run_after=2026-04-25 08:00:00+00:00
[2026-04-25T08:46:44.764+0000] {processor.py:183} INFO - Processing /home/airflow/.local/lib/python3.12/site-packages/airflow/example_dags/example_latest_only_with_trigger.py took 0.079 seconds
[2026-04-25T08:47:15.043+0000] {processor.py:161} INFO - Started process (PID=1700) to work on /home/airflow/.local/lib/python3.12/site-packages/airflow/example_dags/example_latest_only_with_trigger.py
[2026-04-25T08:47:15.044+0000] {processor.py:830} INFO - Processing file /home/airflow/.local/lib/python3.12/site-packages/airflow/example_dags/example_latest_only_with_trigger.py for tasks to queue
[2026-04-25T08:47:15.046+0000] {logging_mixin.py:188} INFO - [2026-04-25T08:47:15.046+0000] {dagbag.py:545} INFO - Filling up the DagBag from /home/airflow/.local/lib/python3.12/site-packages/airflow/example_dags/example_latest_only_with_trigger.py
[2026-04-25T08:47:15.053+0000] {processor.py:840} INFO - DAG(s) 'latest_only_with_trigger' retrieved from /home/airflow/.local/lib/python3.12/site-packages/airflow/example_dags/example_latest_only_with_trigger.py
[2026-04-25T08:47:15.076+0000] {logging_mixin.py:188} INFO - [2026-04-25T08:47:15.076+0000] {dag.py:3096} INFO - Sync 1 DAGs
[2026-04-25T08:47:15.105+0000] {logging_mixin.py:188} INFO - [2026-04-25T08:47:15.105+0000] {dag.py:3954} INFO - Setting next_dagrun for latest_only_with_trigger to 2026-04-25 04:00:00+00:00, run_after=2026-04-25 08:00:00+00:00
[2026-04-25T08:47:15.127+0000] {processor.py:183} INFO - Processing /home/airflow/.local/lib/python3.12/site-packages/airflow/example_dags/example_latest_only_with_trigger.py took 0.090 seconds
[2026-04-25T08:47:45.542+0000] {processor.py:161} INFO - Started process (PID=1758) to work on /home/airflow/.local/lib/python3.12/site-packages/airflow/example_dags/example_latest_only_with_trigger.py
[2026-04-25T08:47:45.542+0000] {processor.py:830} INFO - Processing file /home/airflow/.local/lib/python3.12/site-packages/airflow/example_dags/example_latest_only_with_trigger.py for tasks to queue
[2026-04-25T08:47:45.544+0000] {logging_mixin.py:188} INFO - [2026-04-25T08:47:45.544+0000] {dagbag.py:545} INFO - Filling up the DagBag from /home/airflow/.local/lib/python3.12/site-packages/airflow/example_dags/example_latest_only_with_trigger.py
[2026-04-25T08:47:45.548+0000] {processor.py:840} INFO - DAG(s) 'latest_only_with_trigger' retrieved from /home/airflow/.local/lib/python3.12/site-packages/airflow/example_dags/example_latest_only_with_trigger.py
[2026-04-25T08:47:45.565+0000] {logging_mixin.py:188} INFO - [2026-04-25T08:47:45.565+0000] {dag.py:3096} INFO - Sync 1 DAGs
[2026-04-25T08:47:45.591+0000] {logging_mixin.py:188} INFO - [2026-04-25T08:47:45.590+0000] {dag.py:3954} INFO - Setting next_dagrun for latest_only_with_trigger to 2026-04-25 04:00:00+00:00, run_after=2026-04-25 08:00:00+00:00
[2026-04-25T08:47:45.611+0000] {processor.py:183} INFO - Processing /home/airflow/.local/lib/python3.12/site-packages/airflow/example_dags/example_latest_only_with_trigger.py took 0.074 seconds
[2026-04-25T08:48:16.012+0000] {processor.py:161} INFO - Started process (PID=1816) to work on /home/airflow/.local/lib/python3.12/site-packages/airflow/example_dags/example_latest_only_with_trigger.py
[2026-04-25T08:48:16.013+0000] {processor.py:830} INFO - Processing file /home/airflow/.local/lib/python3.12/site-packages/airflow/example_dags/example_latest_only_with_trigger.py for tasks to queue
[2026-04-25T08:48:16.015+0000] {logging_mixin.py:188} INFO - [2026-04-25T08:48:16.015+0000] {dagbag.py:545} INFO - Filling up the DagBag from /home/airflow/.local/lib/python3.12/site-packages/airflow/example_dags/example_latest_only_with_trigger.py
[2026-04-25T08:48:16.023+0000] {processor.py:840} INFO - DAG(s) 'latest_only_with_trigger' retrieved from /home/airflow/.local/lib/python3.12/site-packages/airflow/example_dags/example_latest_only_with_trigger.py
[2026-04-25T08:48:16.048+0000] {logging_mixin.py:188} INFO - [2026-04-25T08:48:16.048+0000] {dag.py:3096} INFO - Sync 1 DAGs
[2026-04-25T08:48:16.077+0000] {logging_mixin.py:188} INFO - [2026-04-25T08:48:16.077+0000] {dag.py:3954} INFO - Setting next_dagrun for latest_only_with_trigger to 2026-04-25 04:00:00+00:00, run_after=2026-04-25 08:00:00+00:00
[2026-04-25T08:48:16.103+0000] {processor.py:183} INFO - Processing /home/airflow/.local/lib/python3.12/site-packages/airflow/example_dags/example_latest_only_with_trigger.py took 0.098 seconds
[2026-04-25T08:48:46.219+0000] {processor.py:161} INFO - Started process (PID=1874) to work on /home/airflow/.local/lib/python3.12/site-packages/airflow/example_dags/example_latest_only_with_trigger.py
[2026-04-25T08:48:46.220+0000] {processor.py:830} INFO - Processing file /home/airflow/.local/lib/python3.12/site-packages/airflow/example_dags/example_latest_only_with_trigger.py for tasks to queue
[2026-04-25T08:48:46.222+0000] {logging_mixin.py:188} INFO - [2026-04-25T08:48:46.221+0000] {dagbag.py:545} INFO - Filling up the DagBag from /home/airflow/.local/lib/python3.12/site-packages/airflow/example_dags/example_latest_only_with_trigger.py
[2026-04-25T08:48:46.227+0000] {processor.py:840} INFO - DAG(s) 'latest_only_with_trigger' retrieved from /home/airflow/.local/lib/python3.12/site-packages/airflow/example_dags/example_latest_only_with_trigger.py
[2026-04-25T08:48:46.250+0000] {logging_mixin.py:188} INFO - [2026-04-25T08:48:46.250+0000] {dag.py:3096} INFO - Sync 1 DAGs
[2026-04-25T08:48:46.273+0000] {logging_mixin.py:188} INFO - [2026-04-25T08:48:46.273+0000] {dag.py:3954} INFO - Setting next_dagrun for latest_only_with_trigger to 2026-04-25 04:00:00+00:00, run_after=2026-04-25 08:00:00+00:00
[2026-04-25T08:48:46.291+0000] {processor.py:183} INFO - Processing /home/airflow/.local/lib/python3.12/site-packages/airflow/example_dags/example_latest_only_with_trigger.py took 0.077 seconds
[2026-04-25T08:49:16.674+0000] {processor.py:161} INFO - Started process (PID=1932) to work on /home/airflow/.local/lib/python3.12/site-packages/airflow/example_dags/example_latest_only_with_trigger.py
[2026-04-25T08:49:16.675+0000] {processor.py:830} INFO - Processing file /home/airflow/.local/lib/python3.12/site-packages/airflow/example_dags/example_latest_only_with_trigger.py for tasks to queue
[2026-04-25T08:49:16.677+0000] {logging_mixin.py:188} INFO - [2026-04-25T08:49:16.676+0000] {dagbag.py:545} INFO - Filling up the DagBag from /home/airflow/.local/lib/python3.12/site-packages/airflow/example_dags/example_latest_only_with_trigger.py
[2026-04-25T08:49:16.683+0000] {processor.py:840} INFO - DAG(s) 'latest_only_with_trigger' retrieved from /home/airflow/.local/lib/python3.12/site-packages/airflow/example_dags/example_latest_only_with_trigger.py
[2026-04-25T08:49:16.709+0000] {logging_mixin.py:188} INFO - [2026-04-25T08:49:16.708+0000] {dag.py:3096} INFO - Sync 1 DAGs
[2026-04-25T08:49:16.740+0000] {logging_mixin.py:188} INFO - [2026-04-25T08:49:16.739+0000] {dag.py:3954} INFO - Setting next_dagrun for latest_only_with_trigger to 2026-04-25 04:00:00+00:00, run_after=2026-04-25 08:00:00+00:00
[2026-04-25T08:49:16.759+0000] {processor.py:183} INFO - Processing /home/airflow/.local/lib/python3.12/site-packages/airflow/example_dags/example_latest_only_with_trigger.py took 0.093 seconds
[2026-04-25T08:49:47.235+0000] {processor.py:161} INFO - Started process (PID=1990) to work on /home/airflow/.local/lib/python3.12/site-packages/airflow/example_dags/example_latest_only_with_trigger.py
[2026-04-25T08:49:47.235+0000] {processor.py:830} INFO - Processing file /home/airflow/.local/lib/python3.12/site-packages/airflow/example_dags/example_latest_only_with_trigger.py for tasks to queue
[2026-04-25T08:49:47.237+0000] {logging_mixin.py:188} INFO - [2026-04-25T08:49:47.237+0000] {dagbag.py:545} INFO - Filling up the DagBag from /home/airflow/.local/lib/python3.12/site-packages/airflow/example_dags/example_latest_only_with_trigger.py
[2026-04-25T08:49:47.241+0000] {processor.py:840} INFO - DAG(s) 'latest_only_with_trigger' retrieved from /home/airflow/.local/lib/python3.12/site-packages/airflow/example_dags/example_latest_only_with_trigger.py
[2026-04-25T08:49:47.258+0000] {logging_mixin.py:188} INFO - [2026-04-25T08:49:47.258+0000] {dag.py:3096} INFO - Sync 1 DAGs
[2026-04-25T08:49:47.279+0000] {logging_mixin.py:188} INFO - [2026-04-25T08:49:47.279+0000] {dag.py:3954} INFO - Setting next_dagrun for latest_only_with_trigger to 2026-04-25 04:00:00+00:00, run_after=2026-04-25 08:00:00+00:00
[2026-04-25T08:49:47.312+0000] {processor.py:183} INFO - Processing /home/airflow/.local/lib/python3.12/site-packages/airflow/example_dags/example_latest_only_with_trigger.py took 0.081 seconds
[2026-04-25T08:50:17.603+0000] {processor.py:161} INFO - Started process (PID=2048) to work on /home/airflow/.local/lib/python3.12/site-packages/airflow/example_dags/example_latest_only_with_trigger.py
[2026-04-25T08:50:17.604+0000] {processor.py:830} INFO - Processing file /home/airflow/.local/lib/python3.12/site-packages/airflow/example_dags/example_latest_only_with_trigger.py for tasks to queue
[2026-04-25T08:50:17.605+0000] {logging_mixin.py:188} INFO - [2026-04-25T08:50:17.605+0000] {dagbag.py:545} INFO - Filling up the DagBag from /home/airflow/.local/lib/python3.12/site-packages/airflow/example_dags/example_latest_only_with_trigger.py
[2026-04-25T08:50:17.610+0000] {processor.py:840} INFO - DAG(s) 'latest_only_with_trigger' retrieved from /home/airflow/.local/lib/python3.12/site-packages/airflow/example_dags/example_latest_only_with_trigger.py
[2026-04-25T08:50:17.627+0000] {logging_mixin.py:188} INFO - [2026-04-25T08:50:17.627+0000] {dag.py:3096} INFO - Sync 1 DAGs
[2026-04-25T08:50:17.645+0000] {logging_mixin.py:188} INFO - [2026-04-25T08:50:17.644+0000] {dag.py:3954} INFO - Setting next_dagrun for latest_only_with_trigger to 2026-04-25 04:00:00+00:00, run_after=2026-04-25 08:00:00+00:00
[2026-04-25T08:50:17.660+0000] {processor.py:183} INFO - Processing /home/airflow/.local/lib/python3.12/site-packages/airflow/example_dags/example_latest_only_with_trigger.py took 0.061 seconds
[2026-04-25T08:50:48.131+0000] {processor.py:161} INFO - Started process (PID=2106) to work on /home/airflow/.local/lib/python3.12/site-packages/airflow/example_dags/example_latest_only_with_trigger.py
[2026-04-25T08:50:48.131+0000] {processor.py:830} INFO - Processing file /home/airflow/.local/lib/python3.12/site-packages/airflow/example_dags/example_latest_only_with_trigger.py for tasks to queue
[2026-04-25T08:50:48.133+0000] {logging_mixin.py:188} INFO - [2026-04-25T08:50:48.133+0000] {dagbag.py:545} INFO - Filling up the DagBag from /home/airflow/.local/lib/python3.12/site-packages/airflow/example_dags/example_latest_only_with_trigger.py
[2026-04-25T08:50:48.138+0000] {processor.py:840} INFO - DAG(s) 'latest_only_with_trigger' retrieved from /home/airflow/.local/lib/python3.12/site-packages/airflow/example_dags/example_latest_only_with_trigger.py
[2026-04-25T08:50:48.156+0000] {logging_mixin.py:188} INFO - [2026-04-25T08:50:48.156+0000] {dag.py:3096} INFO - Sync 1 DAGs
[2026-04-25T08:50:48.181+0000] {logging_mixin.py:188} INFO - [2026-04-25T08:50:48.181+0000] {dag.py:3954} INFO - Setting next_dagrun for latest_only_with_trigger to 2026-04-25 04:00:00+00:00, run_after=2026-04-25 08:00:00+00:00
[2026-04-25T08:50:48.197+0000] {processor.py:183} INFO - Processing /home/airflow/.local/lib/python3.12/site-packages/airflow/example_dags/example_latest_only_with_trigger.py took 0.071 seconds
[2026-04-25T08:51:18.657+0000] {processor.py:161} INFO - Started process (PID=2164) to work on /home/airflow/.local/lib/python3.12/site-packages/airflow/example_dags/example_latest_only_with_trigger.py
[2026-04-25T08:51:18.657+0000] {processor.py:830} INFO - Processing file /home/airflow/.local/lib/python3.12/site-packages/airflow/example_dags/example_latest_only_with_trigger.py for tasks to queue
[2026-04-25T08:51:18.659+0000] {logging_mixin.py:188} INFO - [2026-04-25T08:51:18.658+0000] {dagbag.py:545} INFO - Filling up the DagBag from /home/airflow/.local/lib/python3.12/site-packages/airflow/example_dags/example_latest_only_with_trigger.py
[2026-04-25T08:51:18.664+0000] {processor.py:840} INFO - DAG(s) 'latest_only_with_trigger' retrieved from /home/airflow/.local/lib/python3.12/site-packages/airflow/example_dags/example_latest_only_with_trigger.py
[2026-04-25T08:51:18.681+0000] {logging_mixin.py:188} INFO - [2026-04-25T08:51:18.681+0000] {dag.py:3096} INFO - Sync 1 DAGs
[2026-04-25T08:51:18.700+0000] {logging_mixin.py:188} INFO - [2026-04-25T08:51:18.700+0000] {dag.py:3954} INFO - Setting next_dagrun for latest_only_with_trigger to 2026-04-25 04:00:00+00:00, run_after=2026-04-25 08:00:00+00:00
[2026-04-25T08:51:18.714+0000] {processor.py:183} INFO - Processing /home/airflow/.local/lib/python3.12/site-packages/airflow/example_dags/example_latest_only_with_trigger.py took 0.063 seconds
[2026-04-25T08:51:48.843+0000] {processor.py:161} INFO - Started process (PID=2222) to work on /home/airflow/.local/lib/python3.12/site-packages/airflow/example_dags/example_latest_only_with_trigger.py
[2026-04-25T08:51:48.844+0000] {processor.py:830} INFO - Processing file /home/airflow/.local/lib/python3.12/site-packages/airflow/example_dags/example_latest_only_with_trigger.py for tasks to queue
[2026-04-25T08:51:48.845+0000] {logging_mixin.py:188} INFO - [2026-04-25T08:51:48.845+0000] {dagbag.py:545} INFO - Filling up the DagBag from /home/airflow/.local/lib/python3.12/site-packages/airflow/example_dags/example_latest_only_with_trigger.py
[2026-04-25T08:51:48.850+0000] {processor.py:840} INFO - DAG(s) 'latest_only_with_trigger' retrieved from /home/airflow/.local/lib/python3.12/site-packages/airflow/example_dags/example_latest_only_with_trigger.py
[2026-04-25T08:51:48.872+0000] {logging_mixin.py:188} INFO - [2026-04-25T08:51:48.872+0000] {dag.py:3096} INFO - Sync 1 DAGs
[2026-04-25T08:51:48.891+0000] {logging_mixin.py:188} INFO - [2026-04-25T08:51:48.891+0000] {dag.py:3954} INFO - Setting next_dagrun for latest_only_with_trigger to 2026-04-25 04:00:00+00:00, run_after=2026-04-25 08:00:00+00:00
[2026-04-25T08:51:48.906+0000] {processor.py:183} INFO - Processing /home/airflow/.local/lib/python3.12/site-packages/airflow/example_dags/example_latest_only_with_trigger.py took 0.068 seconds
[2026-04-25T08:52:19.469+0000] {processor.py:161} INFO - Started process (PID=2280) to work on /home/airflow/.local/lib/python3.12/site-packages/airflow/example_dags/example_latest_only_with_trigger.py
[2026-04-25T08:52:19.469+0000] {processor.py:830} INFO - Processing file /home/airflow/.local/lib/python3.12/site-packages/airflow/example_dags/example_latest_only_with_trigger.py for tasks to queue
[2026-04-25T08:52:19.471+0000] {logging_mixin.py:188} INFO - [2026-04-25T08:52:19.470+0000] {dagbag.py:545} INFO - Filling up the DagBag from /home/airflow/.local/lib/python3.12/site-packages/airflow/example_dags/example_latest_only_with_trigger.py
[2026-04-25T08:52:19.475+0000] {processor.py:840} INFO - DAG(s) 'latest_only_with_trigger' retrieved from /home/airflow/.local/lib/python3.12/site-packages/airflow/example_dags/example_latest_only_with_trigger.py
[2026-04-25T08:52:19.491+0000] {logging_mixin.py:188} INFO - [2026-04-25T08:52:19.491+0000] {dag.py:3096} INFO - Sync 1 DAGs
[2026-04-25T08:52:19.510+0000] {logging_mixin.py:188} INFO - [2026-04-25T08:52:19.510+0000] {dag.py:3954} INFO - Setting next_dagrun for latest_only_with_trigger to 2026-04-25 04:00:00+00:00, run_after=2026-04-25 08:00:00+00:00
[2026-04-25T08:52:19.524+0000] {processor.py:183} INFO - Processing /home/airflow/.local/lib/python3.12/site-packages/airflow/example_dags/example_latest_only_with_trigger.py took 0.060 seconds
[2026-04-25T08:52:50.116+0000] {processor.py:161} INFO - Started process (PID=2338) to work on /home/airflow/.local/lib/python3.12/site-packages/airflow/example_dags/example_latest_only_with_trigger.py
[2026-04-25T08:52:50.117+0000] {processor.py:830} INFO - Processing file /home/airflow/.local/lib/python3.12/site-packages/airflow/example_dags/example_latest_only_with_trigger.py for tasks to queue
[2026-04-25T08:52:50.118+0000] {logging_mixin.py:188} INFO - [2026-04-25T08:52:50.118+0000] {dagbag.py:545} INFO - Filling up the DagBag from /home/airflow/.local/lib/python3.12/site-packages/airflow/example_dags/example_latest_only_with_trigger.py
[2026-04-25T08:52:50.122+0000] {processor.py:840} INFO - DAG(s) 'latest_only_with_trigger' retrieved from /home/airflow/.local/lib/python3.12/site-packages/airflow/example_dags/example_latest_only_with_trigger.py
[2026-04-25T08:52:50.139+0000] {logging_mixin.py:188} INFO - [2026-04-25T08:52:50.138+0000] {dag.py:3096} INFO - Sync 1 DAGs
[2026-04-25T08:52:50.159+0000] {logging_mixin.py:188} INFO - [2026-04-25T08:52:50.159+0000] {dag.py:3954} INFO - Setting next_dagrun for latest_only_with_trigger to 2026-04-25 04:00:00+00:00, run_after=2026-04-25 08:00:00+00:00
[2026-04-25T08:52:50.176+0000] {processor.py:183} INFO - Processing /home/airflow/.local/lib/python3.12/site-packages/airflow/example_dags/example_latest_only_with_trigger.py took 0.064 seconds
[2026-04-25T08:53:20.703+0000] {processor.py:161} INFO - Started process (PID=2396) to work on /home/airflow/.local/lib/python3.12/site-packages/airflow/example_dags/example_latest_only_with_trigger.py
[2026-04-25T08:53:20.704+0000] {processor.py:830} INFO - Processing file /home/airflow/.local/lib/python3.12/site-packages/airflow/example_dags/example_latest_only_with_trigger.py for tasks to queue
[2026-04-25T08:53:20.706+0000] {logging_mixin.py:188} INFO - [2026-04-25T08:53:20.705+0000] {dagbag.py:545} INFO - Filling up the DagBag from /home/airflow/.local/lib/python3.12/site-packages/airflow/example_dags/example_latest_only_with_trigger.py
[2026-04-25T08:53:20.710+0000] {processor.py:840} INFO - DAG(s) 'latest_only_with_trigger' retrieved from /home/airflow/.local/lib/python3.12/site-packages/airflow/example_dags/example_latest_only_with_trigger.py
[2026-04-25T08:53:20.730+0000] {logging_mixin.py:188} INFO - [2026-04-25T08:53:20.730+0000] {dag.py:3096} INFO - Sync 1 DAGs
[2026-04-25T08:53:20.750+0000] {logging_mixin.py:188} INFO - [2026-04-25T08:53:20.750+0000] {dag.py:3954} INFO - Setting next_dagrun for latest_only_with_trigger to 2026-04-25 04:00:00+00:00, run_after=2026-04-25 08:00:00+00:00
[2026-04-25T08:53:20.765+0000] {processor.py:183} INFO - Processing /home/airflow/.local/lib/python3.12/site-packages/airflow/example_dags/example_latest_only_with_trigger.py took 0.066 seconds
[2026-04-25T08:53:51.164+0000] {processor.py:161} INFO - Started process (PID=2454) to work on /home/airflow/.local/lib/python3.12/site-packages/airflow/example_dags/example_latest_only_with_trigger.py
[2026-04-25T08:53:51.165+0000] {processor.py:830} INFO - Processing file /home/airflow/.local/lib/python3.12/site-packages/airflow/example_dags/example_latest_only_with_trigger.py for tasks to queue
[2026-04-25T08:53:51.167+0000] {logging_mixin.py:188} INFO - [2026-04-25T08:53:51.167+0000] {dagbag.py:545} INFO - Filling up the DagBag from /home/airflow/.local/lib/python3.12/site-packages/airflow/example_dags/example_latest_only_with_trigger.py
[2026-04-25T08:53:51.176+0000] {processor.py:840} INFO - DAG(s) 'latest_only_with_trigger' retrieved from /home/airflow/.local/lib/python3.12/site-packages/airflow/example_dags/example_latest_only_with_trigger.py
[2026-04-25T08:53:51.196+0000] {logging_mixin.py:188} INFO - [2026-04-25T08:53:51.196+0000] {dag.py:3096} INFO - Sync 1 DAGs
[2026-04-25T08:53:51.215+0000] {logging_mixin.py:188} INFO - [2026-04-25T08:53:51.215+0000] {dag.py:3954} INFO - Setting next_dagrun for latest_only_with_trigger to 2026-04-25 04:00:00+00:00, run_after=2026-04-25 08:00:00+00:00
[2026-04-25T08:53:51.231+0000] {processor.py:183} INFO - Processing /home/airflow/.local/lib/python3.12/site-packages/airflow/example_dags/example_latest_only_with_trigger.py took 0.073 seconds
[2026-04-25T08:54:21.549+0000] {processor.py:161} INFO - Started process (PID=2511) to work on /home/airflow/.local/lib/python3.12/site-packages/airflow/example_dags/example_latest_only_with_trigger.py
[2026-04-25T08:54:21.550+0000] {processor.py:830} INFO - Processing file /home/airflow/.local/lib/python3.12/site-packages/airflow/example_dags/example_latest_only_with_trigger.py for tasks to queue
[2026-04-25T08:54:21.552+0000] {logging_mixin.py:188} INFO - [2026-04-25T08:54:21.551+0000] {dagbag.py:545} INFO - Filling up the DagBag from /home/airflow/.local/lib/python3.12/site-packages/airflow/example_dags/example_latest_only_with_trigger.py
[2026-04-25T08:54:21.558+0000] {processor.py:840} INFO - DAG(s) 'latest_only_with_trigger' retrieved from /home/airflow/.local/lib/python3.12/site-packages/airflow/example_dags/example_latest_only_with_trigger.py
[2026-04-25T08:54:21.585+0000] {logging_mixin.py:188} INFO - [2026-04-25T08:54:21.585+0000] {dag.py:3096} INFO - Sync 1 DAGs
[2026-04-25T08:54:21.603+0000] {logging_mixin.py:188} INFO - [2026-04-25T08:54:21.603+0000] {dag.py:3954} INFO - Setting next_dagrun for latest_only_with_trigger to 2026-04-25 04:00:00+00:00, run_after=2026-04-25 08:00:00+00:00
[2026-04-25T08:54:21.621+0000] {processor.py:183} INFO - Processing /home/airflow/.local/lib/python3.12/site-packages/airflow/example_dags/example_latest_only_with_trigger.py took 0.079 seconds
[2026-04-25T08:54:52.137+0000] {processor.py:161} INFO - Started process (PID=2569) to work on /home/airflow/.local/lib/python3.12/site-packages/airflow/example_dags/example_latest_only_with_trigger.py
[2026-04-25T08:54:52.138+0000] {processor.py:830} INFO - Processing file /home/airflow/.local/lib/python3.12/site-packages/airflow/example_dags/example_latest_only_with_trigger.py for tasks to queue
[2026-04-25T08:54:52.139+0000] {logging_mixin.py:188} INFO - [2026-04-25T08:54:52.139+0000] {dagbag.py:545} INFO - Filling up the DagBag from /home/airflow/.local/lib/python3.12/site-packages/airflow/example_dags/example_latest_only_with_trigger.py
[2026-04-25T08:54:52.144+0000] {processor.py:840} INFO - DAG(s) 'latest_only_with_trigger' retrieved from /home/airflow/.local/lib/python3.12/site-packages/airflow/example_dags/example_latest_only_with_trigger.py
[2026-04-25T08:54:52.161+0000] {logging_mixin.py:188} INFO - [2026-04-25T08:54:52.161+0000] {dag.py:3096} INFO - Sync 1 DAGs
[2026-04-25T08:54:52.182+0000] {logging_mixin.py:188} INFO - [2026-04-25T08:54:52.182+0000] {dag.py:3954} INFO - Setting next_dagrun for latest_only_with_trigger to 2026-04-25 04:00:00+00:00, run_after=2026-04-25 08:00:00+00:00
[2026-04-25T08:54:52.199+0000] {processor.py:183} INFO - Processing /home/airflow/.local/lib/python3.12/site-packages/airflow/example_dags/example_latest_only_with_trigger.py took 0.066 seconds
[2026-04-25T08:55:22.551+0000] {processor.py:161} INFO - Started process (PID=2627) to work on /home/airflow/.local/lib/python3.12/site-packages/airflow/example_dags/example_latest_only_with_trigger.py
[2026-04-25T08:55:22.552+0000] {processor.py:830} INFO - Processing file /home/airflow/.local/lib/python3.12/site-packages/airflow/example_dags/example_latest_only_with_trigger.py for tasks to queue
[2026-04-25T08:55:22.553+0000] {logging_mixin.py:188} INFO - [2026-04-25T08:55:22.553+0000] {dagbag.py:545} INFO - Filling up the DagBag from /home/airflow/.local/lib/python3.12/site-packages/airflow/example_dags/example_latest_only_with_trigger.py
[2026-04-25T08:55:22.560+0000] {processor.py:840} INFO - DAG(s) 'latest_only_with_trigger' retrieved from /home/airflow/.local/lib/python3.12/site-packages/airflow/example_dags/example_latest_only_with_trigger.py
[2026-04-25T08:55:22.582+0000] {logging_mixin.py:188} INFO - [2026-04-25T08:55:22.582+0000] {dag.py:3096} INFO - Sync 1 DAGs
[2026-04-25T08:55:22.604+0000] {logging_mixin.py:188} INFO - [2026-04-25T08:55:22.604+0000] {dag.py:3954} INFO - Setting next_dagrun for latest_only_with_trigger to 2026-04-25 04:00:00+00:00, run_after=2026-04-25 08:00:00+00:00
[2026-04-25T08:55:22.619+0000] {processor.py:183} INFO - Processing /home/airflow/.local/lib/python3.12/site-packages/airflow/example_dags/example_latest_only_with_trigger.py took 0.073 seconds
