[2026-04-25T08:33:03.582+0000] {processor.py:161} INFO - Started process (PID=80) to work on /home/airflow/.local/lib/python3.12/site-packages/airflow/example_dags/example_display_name.py
[2026-04-25T08:33:03.583+0000] {processor.py:830} INFO - Processing file /home/airflow/.local/lib/python3.12/site-packages/airflow/example_dags/example_display_name.py for tasks to queue
[2026-04-25T08:33:03.584+0000] {logging_mixin.py:188} INFO - [2026-04-25T08:33:03.584+0000] {dagbag.py:545} INFO - Filling up the DagBag from /home/airflow/.local/lib/python3.12/site-packages/airflow/example_dags/example_display_name.py
[2026-04-25T08:33:03.591+0000] {processor.py:840} INFO - DAG(s) 'example_display_name' retrieved from /home/airflow/.local/lib/python3.12/site-packages/airflow/example_dags/example_display_name.py
[2026-04-25T08:33:03.748+0000] {logging_mixin.py:188} INFO - [2026-04-25T08:33:03.748+0000] {dag.py:3096} INFO - Sync 1 DAGs
[2026-04-25T08:33:03.762+0000] {logging_mixin.py:188} INFO - [2026-04-25T08:33:03.762+0000] {dag.py:3954} INFO - Setting next_dagrun for example_display_name to None, run_after=None
[2026-04-25T08:33:03.782+0000] {processor.py:183} INFO - Processing /home/airflow/.local/lib/python3.12/site-packages/airflow/example_dags/example_display_name.py took 0.207 seconds
[2026-04-25T08:33:34.078+0000] {processor.py:161} INFO - Started process (PID=138) to work on /home/airflow/.local/lib/python3.12/site-packages/airflow/example_dags/example_display_name.py
[2026-04-25T08:33:34.078+0000] {processor.py:830} INFO - Processing file /home/airflow/.local/lib/python3.12/site-packages/airflow/example_dags/example_display_name.py for tasks to queue
[2026-04-25T08:33:34.080+0000] {logging_mixin.py:188} INFO - [2026-04-25T08:33:34.079+0000] {dagbag.py:545} INFO - Filling up the DagBag from /home/airflow/.local/lib/python3.12/site-packages/airflow/example_dags/example_display_name.py
[2026-04-25T08:33:34.084+0000] {processor.py:840} INFO - DAG(s) 'example_display_name' retrieved from /home/airflow/.local/lib/python3.12/site-packages/airflow/example_dags/example_display_name.py
[2026-04-25T08:33:34.099+0000] {logging_mixin.py:188} INFO - [2026-04-25T08:33:34.099+0000] {dag.py:3096} INFO - Sync 1 DAGs
[2026-04-25T08:33:34.112+0000] {logging_mixin.py:188} INFO - [2026-04-25T08:33:34.111+0000] {dag.py:3954} INFO - Setting next_dagrun for example_display_name to None, run_after=None
[2026-04-25T08:33:34.132+0000] {processor.py:183} INFO - Processing /home/airflow/.local/lib/python3.12/site-packages/airflow/example_dags/example_display_name.py took 0.059 seconds
[2026-04-25T08:34:04.312+0000] {processor.py:161} INFO - Started process (PID=196) to work on /home/airflow/.local/lib/python3.12/site-packages/airflow/example_dags/example_display_name.py
[2026-04-25T08:34:04.313+0000] {processor.py:830} INFO - Processing file /home/airflow/.local/lib/python3.12/site-packages/airflow/example_dags/example_display_name.py for tasks to queue
[2026-04-25T08:34:04.314+0000] {logging_mixin.py:188} INFO - [2026-04-25T08:34:04.314+0000] {dagbag.py:545} INFO - Filling up the DagBag from /home/airflow/.local/lib/python3.12/site-packages/airflow/example_dags/example_display_name.py
[2026-04-25T08:34:04.323+0000] {processor.py:840} INFO - DAG(s) 'example_display_name' retrieved from /home/airflow/.local/lib/python3.12/site-packages/airflow/example_dags/example_display_name.py
[2026-04-25T08:34:04.350+0000] {logging_mixin.py:188} INFO - [2026-04-25T08:34:04.349+0000] {dag.py:3096} INFO - Sync 1 DAGs
[2026-04-25T08:34:04.368+0000] {logging_mixin.py:188} INFO - [2026-04-25T08:34:04.368+0000] {dag.py:3954} INFO - Setting next_dagrun for example_display_name to None, run_after=None
[2026-04-25T08:34:04.388+0000] {processor.py:183} INFO - Processing /home/airflow/.local/lib/python3.12/site-packages/airflow/example_dags/example_display_name.py took 0.083 seconds
[2026-04-25T08:34:34.439+0000] {processor.py:161} INFO - Started process (PID=254) to work on /home/airflow/.local/lib/python3.12/site-packages/airflow/example_dags/example_display_name.py
[2026-04-25T08:34:34.440+0000] {processor.py:830} INFO - Processing file /home/airflow/.local/lib/python3.12/site-packages/airflow/example_dags/example_display_name.py for tasks to queue
[2026-04-25T08:34:34.441+0000] {logging_mixin.py:188} INFO - [2026-04-25T08:34:34.441+0000] {dagbag.py:545} INFO - Filling up the DagBag from /home/airflow/.local/lib/python3.12/site-packages/airflow/example_dags/example_display_name.py
[2026-04-25T08:34:34.445+0000] {processor.py:840} INFO - DAG(s) 'example_display_name' retrieved from /home/airflow/.local/lib/python3.12/site-packages/airflow/example_dags/example_display_name.py
[2026-04-25T08:34:34.460+0000] {logging_mixin.py:188} INFO - [2026-04-25T08:34:34.460+0000] {dag.py:3096} INFO - Sync 1 DAGs
[2026-04-25T08:34:34.470+0000] {logging_mixin.py:188} INFO - [2026-04-25T08:34:34.470+0000] {dag.py:3954} INFO - Setting next_dagrun for example_display_name to None, run_after=None
[2026-04-25T08:34:34.485+0000] {processor.py:183} INFO - Processing /home/airflow/.local/lib/python3.12/site-packages/airflow/example_dags/example_display_name.py took 0.050 seconds
[2026-04-25T08:35:05.162+0000] {processor.py:161} INFO - Started process (PID=312) to work on /home/airflow/.local/lib/python3.12/site-packages/airflow/example_dags/example_display_name.py
[2026-04-25T08:35:05.163+0000] {processor.py:830} INFO - Processing file /home/airflow/.local/lib/python3.12/site-packages/airflow/example_dags/example_display_name.py for tasks to queue
[2026-04-25T08:35:05.165+0000] {logging_mixin.py:188} INFO - [2026-04-25T08:35:05.165+0000] {dagbag.py:545} INFO - Filling up the DagBag from /home/airflow/.local/lib/python3.12/site-packages/airflow/example_dags/example_display_name.py
[2026-04-25T08:35:05.171+0000] {processor.py:840} INFO - DAG(s) 'example_display_name' retrieved from /home/airflow/.local/lib/python3.12/site-packages/airflow/example_dags/example_display_name.py
[2026-04-25T08:35:05.198+0000] {logging_mixin.py:188} INFO - [2026-04-25T08:35:05.198+0000] {dag.py:3096} INFO - Sync 1 DAGs
[2026-04-25T08:35:05.215+0000] {logging_mixin.py:188} INFO - [2026-04-25T08:35:05.215+0000] {dag.py:3954} INFO - Setting next_dagrun for example_display_name to None, run_after=None
[2026-04-25T08:35:05.235+0000] {processor.py:183} INFO - Processing /home/airflow/.local/lib/python3.12/site-packages/airflow/example_dags/example_display_name.py took 0.080 seconds
[2026-04-25T08:35:35.332+0000] {processor.py:161} INFO - Started process (PID=370) to work on /home/airflow/.local/lib/python3.12/site-packages/airflow/example_dags/example_display_name.py
[2026-04-25T08:35:35.333+0000] {processor.py:830} INFO - Processing file /home/airflow/.local/lib/python3.12/site-packages/airflow/example_dags/example_display_name.py for tasks to queue
[2026-04-25T08:35:35.334+0000] {logging_mixin.py:188} INFO - [2026-04-25T08:35:35.334+0000] {dagbag.py:545} INFO - Filling up the DagBag from /home/airflow/.local/lib/python3.12/site-packages/airflow/example_dags/example_display_name.py
[2026-04-25T08:35:35.338+0000] {processor.py:840} INFO - DAG(s) 'example_display_name' retrieved from /home/airflow/.local/lib/python3.12/site-packages/airflow/example_dags/example_display_name.py
[2026-04-25T08:35:35.356+0000] {logging_mixin.py:188} INFO - [2026-04-25T08:35:35.356+0000] {dag.py:3096} INFO - Sync 1 DAGs
[2026-04-25T08:35:35.367+0000] {logging_mixin.py:188} INFO - [2026-04-25T08:35:35.367+0000] {dag.py:3954} INFO - Setting next_dagrun for example_display_name to None, run_after=None
[2026-04-25T08:35:35.382+0000] {processor.py:183} INFO - Processing /home/airflow/.local/lib/python3.12/site-packages/airflow/example_dags/example_display_name.py took 0.054 seconds
[2026-04-25T08:36:05.448+0000] {processor.py:161} INFO - Started process (PID=428) to work on /home/airflow/.local/lib/python3.12/site-packages/airflow/example_dags/example_display_name.py
[2026-04-25T08:36:05.449+0000] {processor.py:830} INFO - Processing file /home/airflow/.local/lib/python3.12/site-packages/airflow/example_dags/example_display_name.py for tasks to queue
[2026-04-25T08:36:05.451+0000] {logging_mixin.py:188} INFO - [2026-04-25T08:36:05.451+0000] {dagbag.py:545} INFO - Filling up the DagBag from /home/airflow/.local/lib/python3.12/site-packages/airflow/example_dags/example_display_name.py
[2026-04-25T08:36:05.457+0000] {processor.py:840} INFO - DAG(s) 'example_display_name' retrieved from /home/airflow/.local/lib/python3.12/site-packages/airflow/example_dags/example_display_name.py
[2026-04-25T08:36:05.475+0000] {logging_mixin.py:188} INFO - [2026-04-25T08:36:05.474+0000] {dag.py:3096} INFO - Sync 1 DAGs
[2026-04-25T08:36:05.489+0000] {logging_mixin.py:188} INFO - [2026-04-25T08:36:05.489+0000] {dag.py:3954} INFO - Setting next_dagrun for example_display_name to None, run_after=None
[2026-04-25T08:36:05.507+0000] {processor.py:183} INFO - Processing /home/airflow/.local/lib/python3.12/site-packages/airflow/example_dags/example_display_name.py took 0.066 seconds
[2026-04-25T08:36:36.053+0000] {processor.py:161} INFO - Started process (PID=486) to work on /home/airflow/.local/lib/python3.12/site-packages/airflow/example_dags/example_display_name.py
[2026-04-25T08:36:36.054+0000] {processor.py:830} INFO - Processing file /home/airflow/.local/lib/python3.12/site-packages/airflow/example_dags/example_display_name.py for tasks to queue
[2026-04-25T08:36:36.055+0000] {logging_mixin.py:188} INFO - [2026-04-25T08:36:36.055+0000] {dagbag.py:545} INFO - Filling up the DagBag from /home/airflow/.local/lib/python3.12/site-packages/airflow/example_dags/example_display_name.py
[2026-04-25T08:36:36.059+0000] {processor.py:840} INFO - DAG(s) 'example_display_name' retrieved from /home/airflow/.local/lib/python3.12/site-packages/airflow/example_dags/example_display_name.py
[2026-04-25T08:36:36.077+0000] {logging_mixin.py:188} INFO - [2026-04-25T08:36:36.077+0000] {dag.py:3096} INFO - Sync 1 DAGs
[2026-04-25T08:36:36.088+0000] {logging_mixin.py:188} INFO - [2026-04-25T08:36:36.088+0000] {dag.py:3954} INFO - Setting next_dagrun for example_display_name to None, run_after=None
[2026-04-25T08:36:36.103+0000] {processor.py:183} INFO - Processing /home/airflow/.local/lib/python3.12/site-packages/airflow/example_dags/example_display_name.py took 0.054 seconds
[2026-04-25T08:37:06.299+0000] {processor.py:161} INFO - Started process (PID=544) to work on /home/airflow/.local/lib/python3.12/site-packages/airflow/example_dags/example_display_name.py
[2026-04-25T08:37:06.300+0000] {processor.py:830} INFO - Processing file /home/airflow/.local/lib/python3.12/site-packages/airflow/example_dags/example_display_name.py for tasks to queue
[2026-04-25T08:37:06.301+0000] {logging_mixin.py:188} INFO - [2026-04-25T08:37:06.301+0000] {dagbag.py:545} INFO - Filling up the DagBag from /home/airflow/.local/lib/python3.12/site-packages/airflow/example_dags/example_display_name.py
[2026-04-25T08:37:06.306+0000] {processor.py:840} INFO - DAG(s) 'example_display_name' retrieved from /home/airflow/.local/lib/python3.12/site-packages/airflow/example_dags/example_display_name.py
[2026-04-25T08:37:06.325+0000] {logging_mixin.py:188} INFO - [2026-04-25T08:37:06.325+0000] {dag.py:3096} INFO - Sync 1 DAGs
[2026-04-25T08:37:06.339+0000] {logging_mixin.py:188} INFO - [2026-04-25T08:37:06.339+0000] {dag.py:3954} INFO - Setting next_dagrun for example_display_name to None, run_after=None
[2026-04-25T08:37:06.355+0000] {processor.py:183} INFO - Processing /home/airflow/.local/lib/python3.12/site-packages/airflow/example_dags/example_display_name.py took 0.061 seconds
[2026-04-25T08:37:36.698+0000] {processor.py:161} INFO - Started process (PID=602) to work on /home/airflow/.local/lib/python3.12/site-packages/airflow/example_dags/example_display_name.py
[2026-04-25T08:37:36.699+0000] {processor.py:830} INFO - Processing file /home/airflow/.local/lib/python3.12/site-packages/airflow/example_dags/example_display_name.py for tasks to queue
[2026-04-25T08:37:36.700+0000] {logging_mixin.py:188} INFO - [2026-04-25T08:37:36.700+0000] {dagbag.py:545} INFO - Filling up the DagBag from /home/airflow/.local/lib/python3.12/site-packages/airflow/example_dags/example_display_name.py
[2026-04-25T08:37:36.704+0000] {processor.py:840} INFO - DAG(s) 'example_display_name' retrieved from /home/airflow/.local/lib/python3.12/site-packages/airflow/example_dags/example_display_name.py
[2026-04-25T08:37:36.720+0000] {logging_mixin.py:188} INFO - [2026-04-25T08:37:36.720+0000] {dag.py:3096} INFO - Sync 1 DAGs
[2026-04-25T08:37:36.730+0000] {logging_mixin.py:188} INFO - [2026-04-25T08:37:36.730+0000] {dag.py:3954} INFO - Setting next_dagrun for example_display_name to None, run_after=None
[2026-04-25T08:37:36.747+0000] {processor.py:183} INFO - Processing /home/airflow/.local/lib/python3.12/site-packages/airflow/example_dags/example_display_name.py took 0.053 seconds
[2026-04-25T08:38:07.096+0000] {processor.py:161} INFO - Started process (PID=660) to work on /home/airflow/.local/lib/python3.12/site-packages/airflow/example_dags/example_display_name.py
[2026-04-25T08:38:07.097+0000] {processor.py:830} INFO - Processing file /home/airflow/.local/lib/python3.12/site-packages/airflow/example_dags/example_display_name.py for tasks to queue
[2026-04-25T08:38:07.099+0000] {logging_mixin.py:188} INFO - [2026-04-25T08:38:07.099+0000] {dagbag.py:545} INFO - Filling up the DagBag from /home/airflow/.local/lib/python3.12/site-packages/airflow/example_dags/example_display_name.py
[2026-04-25T08:38:07.105+0000] {processor.py:840} INFO - DAG(s) 'example_display_name' retrieved from /home/airflow/.local/lib/python3.12/site-packages/airflow/example_dags/example_display_name.py
[2026-04-25T08:38:07.133+0000] {logging_mixin.py:188} INFO - [2026-04-25T08:38:07.133+0000] {dag.py:3096} INFO - Sync 1 DAGs
[2026-04-25T08:38:07.153+0000] {logging_mixin.py:188} INFO - [2026-04-25T08:38:07.153+0000] {dag.py:3954} INFO - Setting next_dagrun for example_display_name to None, run_after=None
[2026-04-25T08:38:07.180+0000] {processor.py:183} INFO - Processing /home/airflow/.local/lib/python3.12/site-packages/airflow/example_dags/example_display_name.py took 0.091 seconds
[2026-04-25T08:38:37.374+0000] {processor.py:161} INFO - Started process (PID=718) to work on /home/airflow/.local/lib/python3.12/site-packages/airflow/example_dags/example_display_name.py
[2026-04-25T08:38:37.375+0000] {processor.py:830} INFO - Processing file /home/airflow/.local/lib/python3.12/site-packages/airflow/example_dags/example_display_name.py for tasks to queue
[2026-04-25T08:38:37.377+0000] {logging_mixin.py:188} INFO - [2026-04-25T08:38:37.377+0000] {dagbag.py:545} INFO - Filling up the DagBag from /home/airflow/.local/lib/python3.12/site-packages/airflow/example_dags/example_display_name.py
[2026-04-25T08:38:37.389+0000] {processor.py:840} INFO - DAG(s) 'example_display_name' retrieved from /home/airflow/.local/lib/python3.12/site-packages/airflow/example_dags/example_display_name.py
[2026-04-25T08:38:37.415+0000] {logging_mixin.py:188} INFO - [2026-04-25T08:38:37.414+0000] {dag.py:3096} INFO - Sync 1 DAGs
[2026-04-25T08:38:37.428+0000] {logging_mixin.py:188} INFO - [2026-04-25T08:38:37.428+0000] {dag.py:3954} INFO - Setting next_dagrun for example_display_name to None, run_after=None
[2026-04-25T08:38:37.444+0000] {processor.py:183} INFO - Processing /home/airflow/.local/lib/python3.12/site-packages/airflow/example_dags/example_display_name.py took 0.077 seconds
[2026-04-25T08:39:07.844+0000] {processor.py:161} INFO - Started process (PID=776) to work on /home/airflow/.local/lib/python3.12/site-packages/airflow/example_dags/example_display_name.py
[2026-04-25T08:39:07.845+0000] {processor.py:830} INFO - Processing file /home/airflow/.local/lib/python3.12/site-packages/airflow/example_dags/example_display_name.py for tasks to queue
[2026-04-25T08:39:07.846+0000] {logging_mixin.py:188} INFO - [2026-04-25T08:39:07.846+0000] {dagbag.py:545} INFO - Filling up the DagBag from /home/airflow/.local/lib/python3.12/site-packages/airflow/example_dags/example_display_name.py
[2026-04-25T08:39:07.851+0000] {processor.py:840} INFO - DAG(s) 'example_display_name' retrieved from /home/airflow/.local/lib/python3.12/site-packages/airflow/example_dags/example_display_name.py
[2026-04-25T08:39:07.868+0000] {logging_mixin.py:188} INFO - [2026-04-25T08:39:07.868+0000] {dag.py:3096} INFO - Sync 1 DAGs
[2026-04-25T08:39:07.878+0000] {logging_mixin.py:188} INFO - [2026-04-25T08:39:07.878+0000] {dag.py:3954} INFO - Setting next_dagrun for example_display_name to None, run_after=None
[2026-04-25T08:39:07.893+0000] {processor.py:183} INFO - Processing /home/airflow/.local/lib/python3.12/site-packages/airflow/example_dags/example_display_name.py took 0.053 seconds
[2026-04-25T08:39:38.143+0000] {processor.py:161} INFO - Started process (PID=834) to work on /home/airflow/.local/lib/python3.12/site-packages/airflow/example_dags/example_display_name.py
[2026-04-25T08:39:38.144+0000] {processor.py:830} INFO - Processing file /home/airflow/.local/lib/python3.12/site-packages/airflow/example_dags/example_display_name.py for tasks to queue
[2026-04-25T08:39:38.145+0000] {logging_mixin.py:188} INFO - [2026-04-25T08:39:38.145+0000] {dagbag.py:545} INFO - Filling up the DagBag from /home/airflow/.local/lib/python3.12/site-packages/airflow/example_dags/example_display_name.py
[2026-04-25T08:39:38.150+0000] {processor.py:840} INFO - DAG(s) 'example_display_name' retrieved from /home/airflow/.local/lib/python3.12/site-packages/airflow/example_dags/example_display_name.py
[2026-04-25T08:39:38.165+0000] {logging_mixin.py:188} INFO - [2026-04-25T08:39:38.165+0000] {dag.py:3096} INFO - Sync 1 DAGs
[2026-04-25T08:39:38.176+0000] {logging_mixin.py:188} INFO - [2026-04-25T08:39:38.175+0000] {dag.py:3954} INFO - Setting next_dagrun for example_display_name to None, run_after=None
[2026-04-25T08:39:38.191+0000] {processor.py:183} INFO - Processing /home/airflow/.local/lib/python3.12/site-packages/airflow/example_dags/example_display_name.py took 0.053 seconds
[2026-04-25T08:40:08.362+0000] {processor.py:161} INFO - Started process (PID=892) to work on /home/airflow/.local/lib/python3.12/site-packages/airflow/example_dags/example_display_name.py
[2026-04-25T08:40:08.362+0000] {processor.py:830} INFO - Processing file /home/airflow/.local/lib/python3.12/site-packages/airflow/example_dags/example_display_name.py for tasks to queue
[2026-04-25T08:40:08.364+0000] {logging_mixin.py:188} INFO - [2026-04-25T08:40:08.363+0000] {dagbag.py:545} INFO - Filling up the DagBag from /home/airflow/.local/lib/python3.12/site-packages/airflow/example_dags/example_display_name.py
[2026-04-25T08:40:08.368+0000] {processor.py:840} INFO - DAG(s) 'example_display_name' retrieved from /home/airflow/.local/lib/python3.12/site-packages/airflow/example_dags/example_display_name.py
[2026-04-25T08:40:08.383+0000] {logging_mixin.py:188} INFO - [2026-04-25T08:40:08.383+0000] {dag.py:3096} INFO - Sync 1 DAGs
[2026-04-25T08:40:08.394+0000] {logging_mixin.py:188} INFO - [2026-04-25T08:40:08.394+0000] {dag.py:3954} INFO - Setting next_dagrun for example_display_name to None, run_after=None
[2026-04-25T08:40:08.408+0000] {processor.py:183} INFO - Processing /home/airflow/.local/lib/python3.12/site-packages/airflow/example_dags/example_display_name.py took 0.052 seconds
[2026-04-25T08:40:38.853+0000] {processor.py:161} INFO - Started process (PID=950) to work on /home/airflow/.local/lib/python3.12/site-packages/airflow/example_dags/example_display_name.py
[2026-04-25T08:40:38.854+0000] {processor.py:830} INFO - Processing file /home/airflow/.local/lib/python3.12/site-packages/airflow/example_dags/example_display_name.py for tasks to queue
[2026-04-25T08:40:38.855+0000] {logging_mixin.py:188} INFO - [2026-04-25T08:40:38.855+0000] {dagbag.py:545} INFO - Filling up the DagBag from /home/airflow/.local/lib/python3.12/site-packages/airflow/example_dags/example_display_name.py
[2026-04-25T08:40:38.859+0000] {processor.py:840} INFO - DAG(s) 'example_display_name' retrieved from /home/airflow/.local/lib/python3.12/site-packages/airflow/example_dags/example_display_name.py
[2026-04-25T08:40:38.874+0000] {logging_mixin.py:188} INFO - [2026-04-25T08:40:38.874+0000] {dag.py:3096} INFO - Sync 1 DAGs
[2026-04-25T08:40:38.886+0000] {logging_mixin.py:188} INFO - [2026-04-25T08:40:38.886+0000] {dag.py:3954} INFO - Setting next_dagrun for example_display_name to None, run_after=None
[2026-04-25T08:40:38.900+0000] {processor.py:183} INFO - Processing /home/airflow/.local/lib/python3.12/site-packages/airflow/example_dags/example_display_name.py took 0.052 seconds
[2026-04-25T08:41:09.307+0000] {processor.py:161} INFO - Started process (PID=1008) to work on /home/airflow/.local/lib/python3.12/site-packages/airflow/example_dags/example_display_name.py
[2026-04-25T08:41:09.308+0000] {processor.py:830} INFO - Processing file /home/airflow/.local/lib/python3.12/site-packages/airflow/example_dags/example_display_name.py for tasks to queue
[2026-04-25T08:41:09.310+0000] {logging_mixin.py:188} INFO - [2026-04-25T08:41:09.309+0000] {dagbag.py:545} INFO - Filling up the DagBag from /home/airflow/.local/lib/python3.12/site-packages/airflow/example_dags/example_display_name.py
[2026-04-25T08:41:09.315+0000] {processor.py:840} INFO - DAG(s) 'example_display_name' retrieved from /home/airflow/.local/lib/python3.12/site-packages/airflow/example_dags/example_display_name.py
[2026-04-25T08:41:09.333+0000] {logging_mixin.py:188} INFO - [2026-04-25T08:41:09.333+0000] {dag.py:3096} INFO - Sync 1 DAGs
[2026-04-25T08:41:09.345+0000] {logging_mixin.py:188} INFO - [2026-04-25T08:41:09.345+0000] {dag.py:3954} INFO - Setting next_dagrun for example_display_name to None, run_after=None
[2026-04-25T08:41:09.360+0000] {processor.py:183} INFO - Processing /home/airflow/.local/lib/python3.12/site-packages/airflow/example_dags/example_display_name.py took 0.058 seconds
[2026-04-25T08:41:40.060+0000] {processor.py:161} INFO - Started process (PID=1066) to work on /home/airflow/.local/lib/python3.12/site-packages/airflow/example_dags/example_display_name.py
[2026-04-25T08:41:40.061+0000] {processor.py:830} INFO - Processing file /home/airflow/.local/lib/python3.12/site-packages/airflow/example_dags/example_display_name.py for tasks to queue
[2026-04-25T08:41:40.063+0000] {logging_mixin.py:188} INFO - [2026-04-25T08:41:40.062+0000] {dagbag.py:545} INFO - Filling up the DagBag from /home/airflow/.local/lib/python3.12/site-packages/airflow/example_dags/example_display_name.py
[2026-04-25T08:41:40.069+0000] {processor.py:840} INFO - DAG(s) 'example_display_name' retrieved from /home/airflow/.local/lib/python3.12/site-packages/airflow/example_dags/example_display_name.py
[2026-04-25T08:41:40.095+0000] {logging_mixin.py:188} INFO - [2026-04-25T08:41:40.095+0000] {dag.py:3096} INFO - Sync 1 DAGs
[2026-04-25T08:41:40.113+0000] {logging_mixin.py:188} INFO - [2026-04-25T08:41:40.112+0000] {dag.py:3954} INFO - Setting next_dagrun for example_display_name to None, run_after=None
[2026-04-25T08:41:40.135+0000] {processor.py:183} INFO - Processing /home/airflow/.local/lib/python3.12/site-packages/airflow/example_dags/example_display_name.py took 0.080 seconds
[2026-04-25T08:42:10.180+0000] {processor.py:161} INFO - Started process (PID=1124) to work on /home/airflow/.local/lib/python3.12/site-packages/airflow/example_dags/example_display_name.py
[2026-04-25T08:42:10.181+0000] {processor.py:830} INFO - Processing file /home/airflow/.local/lib/python3.12/site-packages/airflow/example_dags/example_display_name.py for tasks to queue
[2026-04-25T08:42:10.182+0000] {logging_mixin.py:188} INFO - [2026-04-25T08:42:10.182+0000] {dagbag.py:545} INFO - Filling up the DagBag from /home/airflow/.local/lib/python3.12/site-packages/airflow/example_dags/example_display_name.py
[2026-04-25T08:42:10.187+0000] {processor.py:840} INFO - DAG(s) 'example_display_name' retrieved from /home/airflow/.local/lib/python3.12/site-packages/airflow/example_dags/example_display_name.py
[2026-04-25T08:42:10.206+0000] {logging_mixin.py:188} INFO - [2026-04-25T08:42:10.206+0000] {dag.py:3096} INFO - Sync 1 DAGs
[2026-04-25T08:42:10.221+0000] {logging_mixin.py:188} INFO - [2026-04-25T08:42:10.221+0000] {dag.py:3954} INFO - Setting next_dagrun for example_display_name to None, run_after=None
[2026-04-25T08:42:10.239+0000] {processor.py:183} INFO - Processing /home/airflow/.local/lib/python3.12/site-packages/airflow/example_dags/example_display_name.py took 0.063 seconds
[2026-04-25T08:42:40.762+0000] {processor.py:161} INFO - Started process (PID=1182) to work on /home/airflow/.local/lib/python3.12/site-packages/airflow/example_dags/example_display_name.py
[2026-04-25T08:42:40.763+0000] {processor.py:830} INFO - Processing file /home/airflow/.local/lib/python3.12/site-packages/airflow/example_dags/example_display_name.py for tasks to queue
[2026-04-25T08:42:40.764+0000] {logging_mixin.py:188} INFO - [2026-04-25T08:42:40.764+0000] {dagbag.py:545} INFO - Filling up the DagBag from /home/airflow/.local/lib/python3.12/site-packages/airflow/example_dags/example_display_name.py
[2026-04-25T08:42:40.768+0000] {processor.py:840} INFO - DAG(s) 'example_display_name' retrieved from /home/airflow/.local/lib/python3.12/site-packages/airflow/example_dags/example_display_name.py
[2026-04-25T08:42:40.786+0000] {logging_mixin.py:188} INFO - [2026-04-25T08:42:40.786+0000] {dag.py:3096} INFO - Sync 1 DAGs
[2026-04-25T08:42:40.796+0000] {logging_mixin.py:188} INFO - [2026-04-25T08:42:40.796+0000] {dag.py:3954} INFO - Setting next_dagrun for example_display_name to None, run_after=None
[2026-04-25T08:42:40.813+0000] {processor.py:183} INFO - Processing /home/airflow/.local/lib/python3.12/site-packages/airflow/example_dags/example_display_name.py took 0.056 seconds
[2026-04-25T08:43:11.323+0000] {processor.py:161} INFO - Started process (PID=1240) to work on /home/airflow/.local/lib/python3.12/site-packages/airflow/example_dags/example_display_name.py
[2026-04-25T08:43:11.324+0000] {processor.py:830} INFO - Processing file /home/airflow/.local/lib/python3.12/site-packages/airflow/example_dags/example_display_name.py for tasks to queue
[2026-04-25T08:43:11.326+0000] {logging_mixin.py:188} INFO - [2026-04-25T08:43:11.326+0000] {dagbag.py:545} INFO - Filling up the DagBag from /home/airflow/.local/lib/python3.12/site-packages/airflow/example_dags/example_display_name.py
[2026-04-25T08:43:11.331+0000] {processor.py:840} INFO - DAG(s) 'example_display_name' retrieved from /home/airflow/.local/lib/python3.12/site-packages/airflow/example_dags/example_display_name.py
[2026-04-25T08:43:11.345+0000] {logging_mixin.py:188} INFO - [2026-04-25T08:43:11.345+0000] {dag.py:3096} INFO - Sync 1 DAGs
[2026-04-25T08:43:11.356+0000] {logging_mixin.py:188} INFO - [2026-04-25T08:43:11.356+0000] {dag.py:3954} INFO - Setting next_dagrun for example_display_name to None, run_after=None
[2026-04-25T08:43:11.369+0000] {processor.py:183} INFO - Processing /home/airflow/.local/lib/python3.12/site-packages/airflow/example_dags/example_display_name.py took 0.052 seconds
[2026-04-25T08:43:41.871+0000] {processor.py:161} INFO - Started process (PID=1298) to work on /home/airflow/.local/lib/python3.12/site-packages/airflow/example_dags/example_display_name.py
[2026-04-25T08:43:41.871+0000] {processor.py:830} INFO - Processing file /home/airflow/.local/lib/python3.12/site-packages/airflow/example_dags/example_display_name.py for tasks to queue
[2026-04-25T08:43:41.874+0000] {logging_mixin.py:188} INFO - [2026-04-25T08:43:41.873+0000] {dagbag.py:545} INFO - Filling up the DagBag from /home/airflow/.local/lib/python3.12/site-packages/airflow/example_dags/example_display_name.py
[2026-04-25T08:43:41.880+0000] {processor.py:840} INFO - DAG(s) 'example_display_name' retrieved from /home/airflow/.local/lib/python3.12/site-packages/airflow/example_dags/example_display_name.py
[2026-04-25T08:43:41.905+0000] {logging_mixin.py:188} INFO - [2026-04-25T08:43:41.905+0000] {dag.py:3096} INFO - Sync 1 DAGs
[2026-04-25T08:43:41.918+0000] {logging_mixin.py:188} INFO - [2026-04-25T08:43:41.918+0000] {dag.py:3954} INFO - Setting next_dagrun for example_display_name to None, run_after=None
[2026-04-25T08:43:41.936+0000] {processor.py:183} INFO - Processing /home/airflow/.local/lib/python3.12/site-packages/airflow/example_dags/example_display_name.py took 0.073 seconds
[2026-04-25T08:44:12.001+0000] {processor.py:161} INFO - Started process (PID=1356) to work on /home/airflow/.local/lib/python3.12/site-packages/airflow/example_dags/example_display_name.py
[2026-04-25T08:44:12.001+0000] {processor.py:830} INFO - Processing file /home/airflow/.local/lib/python3.12/site-packages/airflow/example_dags/example_display_name.py for tasks to queue
[2026-04-25T08:44:12.002+0000] {logging_mixin.py:188} INFO - [2026-04-25T08:44:12.002+0000] {dagbag.py:545} INFO - Filling up the DagBag from /home/airflow/.local/lib/python3.12/site-packages/airflow/example_dags/example_display_name.py
[2026-04-25T08:44:12.007+0000] {processor.py:840} INFO - DAG(s) 'example_display_name' retrieved from /home/airflow/.local/lib/python3.12/site-packages/airflow/example_dags/example_display_name.py
[2026-04-25T08:44:12.022+0000] {logging_mixin.py:188} INFO - [2026-04-25T08:44:12.022+0000] {dag.py:3096} INFO - Sync 1 DAGs
[2026-04-25T08:44:12.032+0000] {logging_mixin.py:188} INFO - [2026-04-25T08:44:12.032+0000] {dag.py:3954} INFO - Setting next_dagrun for example_display_name to None, run_after=None
[2026-04-25T08:44:12.047+0000] {processor.py:183} INFO - Processing /home/airflow/.local/lib/python3.12/site-packages/airflow/example_dags/example_display_name.py took 0.051 seconds
[2026-04-25T08:44:42.802+0000] {processor.py:161} INFO - Started process (PID=1414) to work on /home/airflow/.local/lib/python3.12/site-packages/airflow/example_dags/example_display_name.py
[2026-04-25T08:44:42.803+0000] {processor.py:830} INFO - Processing file /home/airflow/.local/lib/python3.12/site-packages/airflow/example_dags/example_display_name.py for tasks to queue
[2026-04-25T08:44:42.805+0000] {logging_mixin.py:188} INFO - [2026-04-25T08:44:42.804+0000] {dagbag.py:545} INFO - Filling up the DagBag from /home/airflow/.local/lib/python3.12/site-packages/airflow/example_dags/example_display_name.py
[2026-04-25T08:44:42.809+0000] {processor.py:840} INFO - DAG(s) 'example_display_name' retrieved from /home/airflow/.local/lib/python3.12/site-packages/airflow/example_dags/example_display_name.py
[2026-04-25T08:44:42.829+0000] {logging_mixin.py:188} INFO - [2026-04-25T08:44:42.829+0000] {dag.py:3096} INFO - Sync 1 DAGs
[2026-04-25T08:44:42.846+0000] {logging_mixin.py:188} INFO - [2026-04-25T08:44:42.845+0000] {dag.py:3954} INFO - Setting next_dagrun for example_display_name to None, run_after=None
[2026-04-25T08:44:42.864+0000] {processor.py:183} INFO - Processing /home/airflow/.local/lib/python3.12/site-packages/airflow/example_dags/example_display_name.py took 0.067 seconds
[2026-04-25T08:45:13.644+0000] {processor.py:161} INFO - Started process (PID=1472) to work on /home/airflow/.local/lib/python3.12/site-packages/airflow/example_dags/example_display_name.py
[2026-04-25T08:45:13.645+0000] {processor.py:830} INFO - Processing file /home/airflow/.local/lib/python3.12/site-packages/airflow/example_dags/example_display_name.py for tasks to queue
[2026-04-25T08:45:13.646+0000] {logging_mixin.py:188} INFO - [2026-04-25T08:45:13.646+0000] {dagbag.py:545} INFO - Filling up the DagBag from /home/airflow/.local/lib/python3.12/site-packages/airflow/example_dags/example_display_name.py
[2026-04-25T08:45:13.650+0000] {processor.py:840} INFO - DAG(s) 'example_display_name' retrieved from /home/airflow/.local/lib/python3.12/site-packages/airflow/example_dags/example_display_name.py
[2026-04-25T08:45:13.669+0000] {logging_mixin.py:188} INFO - [2026-04-25T08:45:13.669+0000] {dag.py:3096} INFO - Sync 1 DAGs
[2026-04-25T08:45:13.682+0000] {logging_mixin.py:188} INFO - [2026-04-25T08:45:13.682+0000] {dag.py:3954} INFO - Setting next_dagrun for example_display_name to None, run_after=None
[2026-04-25T08:45:13.811+0000] {processor.py:183} INFO - Processing /home/airflow/.local/lib/python3.12/site-packages/airflow/example_dags/example_display_name.py took 0.172 seconds
[2026-04-25T08:45:44.344+0000] {processor.py:161} INFO - Started process (PID=1530) to work on /home/airflow/.local/lib/python3.12/site-packages/airflow/example_dags/example_display_name.py
[2026-04-25T08:45:44.344+0000] {processor.py:830} INFO - Processing file /home/airflow/.local/lib/python3.12/site-packages/airflow/example_dags/example_display_name.py for tasks to queue
[2026-04-25T08:45:44.346+0000] {logging_mixin.py:188} INFO - [2026-04-25T08:45:44.345+0000] {dagbag.py:545} INFO - Filling up the DagBag from /home/airflow/.local/lib/python3.12/site-packages/airflow/example_dags/example_display_name.py
[2026-04-25T08:45:44.350+0000] {processor.py:840} INFO - DAG(s) 'example_display_name' retrieved from /home/airflow/.local/lib/python3.12/site-packages/airflow/example_dags/example_display_name.py
[2026-04-25T08:45:44.366+0000] {logging_mixin.py:188} INFO - [2026-04-25T08:45:44.366+0000] {dag.py:3096} INFO - Sync 1 DAGs
[2026-04-25T08:45:44.376+0000] {logging_mixin.py:188} INFO - [2026-04-25T08:45:44.376+0000] {dag.py:3954} INFO - Setting next_dagrun for example_display_name to None, run_after=None
[2026-04-25T08:45:44.390+0000] {processor.py:183} INFO - Processing /home/airflow/.local/lib/python3.12/site-packages/airflow/example_dags/example_display_name.py took 0.051 seconds
[2026-04-25T08:46:14.578+0000] {processor.py:161} INFO - Started process (PID=1588) to work on /home/airflow/.local/lib/python3.12/site-packages/airflow/example_dags/example_display_name.py
[2026-04-25T08:46:14.579+0000] {processor.py:830} INFO - Processing file /home/airflow/.local/lib/python3.12/site-packages/airflow/example_dags/example_display_name.py for tasks to queue
[2026-04-25T08:46:14.580+0000] {logging_mixin.py:188} INFO - [2026-04-25T08:46:14.580+0000] {dagbag.py:545} INFO - Filling up the DagBag from /home/airflow/.local/lib/python3.12/site-packages/airflow/example_dags/example_display_name.py
[2026-04-25T08:46:14.585+0000] {processor.py:840} INFO - DAG(s) 'example_display_name' retrieved from /home/airflow/.local/lib/python3.12/site-packages/airflow/example_dags/example_display_name.py
[2026-04-25T08:46:14.600+0000] {logging_mixin.py:188} INFO - [2026-04-25T08:46:14.600+0000] {dag.py:3096} INFO - Sync 1 DAGs
[2026-04-25T08:46:14.610+0000] {logging_mixin.py:188} INFO - [2026-04-25T08:46:14.610+0000] {dag.py:3954} INFO - Setting next_dagrun for example_display_name to None, run_after=None
[2026-04-25T08:46:14.624+0000] {processor.py:183} INFO - Processing /home/airflow/.local/lib/python3.12/site-packages/airflow/example_dags/example_display_name.py took 0.051 seconds
[2026-04-25T08:46:44.881+0000] {processor.py:161} INFO - Started process (PID=1646) to work on /home/airflow/.local/lib/python3.12/site-packages/airflow/example_dags/example_display_name.py
[2026-04-25T08:46:44.882+0000] {processor.py:830} INFO - Processing file /home/airflow/.local/lib/python3.12/site-packages/airflow/example_dags/example_display_name.py for tasks to queue
[2026-04-25T08:46:44.884+0000] {logging_mixin.py:188} INFO - [2026-04-25T08:46:44.884+0000] {dagbag.py:545} INFO - Filling up the DagBag from /home/airflow/.local/lib/python3.12/site-packages/airflow/example_dags/example_display_name.py
[2026-04-25T08:46:44.890+0000] {processor.py:840} INFO - DAG(s) 'example_display_name' retrieved from /home/airflow/.local/lib/python3.12/site-packages/airflow/example_dags/example_display_name.py
[2026-04-25T08:46:44.906+0000] {logging_mixin.py:188} INFO - [2026-04-25T08:46:44.906+0000] {dag.py:3096} INFO - Sync 1 DAGs
[2026-04-25T08:46:44.917+0000] {logging_mixin.py:188} INFO - [2026-04-25T08:46:44.916+0000] {dag.py:3954} INFO - Setting next_dagrun for example_display_name to None, run_after=None
[2026-04-25T08:46:44.931+0000] {processor.py:183} INFO - Processing /home/airflow/.local/lib/python3.12/site-packages/airflow/example_dags/example_display_name.py took 0.054 seconds
[2026-04-25T08:47:15.332+0000] {processor.py:161} INFO - Started process (PID=1704) to work on /home/airflow/.local/lib/python3.12/site-packages/airflow/example_dags/example_display_name.py
[2026-04-25T08:47:15.333+0000] {processor.py:830} INFO - Processing file /home/airflow/.local/lib/python3.12/site-packages/airflow/example_dags/example_display_name.py for tasks to queue
[2026-04-25T08:47:15.335+0000] {logging_mixin.py:188} INFO - [2026-04-25T08:47:15.334+0000] {dagbag.py:545} INFO - Filling up the DagBag from /home/airflow/.local/lib/python3.12/site-packages/airflow/example_dags/example_display_name.py
[2026-04-25T08:47:15.340+0000] {processor.py:840} INFO - DAG(s) 'example_display_name' retrieved from /home/airflow/.local/lib/python3.12/site-packages/airflow/example_dags/example_display_name.py
[2026-04-25T08:47:15.354+0000] {logging_mixin.py:188} INFO - [2026-04-25T08:47:15.354+0000] {dag.py:3096} INFO - Sync 1 DAGs
[2026-04-25T08:47:15.364+0000] {logging_mixin.py:188} INFO - [2026-04-25T08:47:15.364+0000] {dag.py:3954} INFO - Setting next_dagrun for example_display_name to None, run_after=None
[2026-04-25T08:47:15.379+0000] {processor.py:183} INFO - Processing /home/airflow/.local/lib/python3.12/site-packages/airflow/example_dags/example_display_name.py took 0.054 seconds
[2026-04-25T08:47:45.759+0000] {processor.py:161} INFO - Started process (PID=1762) to work on /home/airflow/.local/lib/python3.12/site-packages/airflow/example_dags/example_display_name.py
[2026-04-25T08:47:45.760+0000] {processor.py:830} INFO - Processing file /home/airflow/.local/lib/python3.12/site-packages/airflow/example_dags/example_display_name.py for tasks to queue
[2026-04-25T08:47:45.762+0000] {logging_mixin.py:188} INFO - [2026-04-25T08:47:45.761+0000] {dagbag.py:545} INFO - Filling up the DagBag from /home/airflow/.local/lib/python3.12/site-packages/airflow/example_dags/example_display_name.py
[2026-04-25T08:47:45.766+0000] {processor.py:840} INFO - DAG(s) 'example_display_name' retrieved from /home/airflow/.local/lib/python3.12/site-packages/airflow/example_dags/example_display_name.py
[2026-04-25T08:47:45.781+0000] {logging_mixin.py:188} INFO - [2026-04-25T08:47:45.781+0000] {dag.py:3096} INFO - Sync 1 DAGs
[2026-04-25T08:47:45.792+0000] {logging_mixin.py:188} INFO - [2026-04-25T08:47:45.791+0000] {dag.py:3954} INFO - Setting next_dagrun for example_display_name to None, run_after=None
[2026-04-25T08:47:45.807+0000] {processor.py:183} INFO - Processing /home/airflow/.local/lib/python3.12/site-packages/airflow/example_dags/example_display_name.py took 0.052 seconds
[2026-04-25T08:48:16.354+0000] {processor.py:161} INFO - Started process (PID=1820) to work on /home/airflow/.local/lib/python3.12/site-packages/airflow/example_dags/example_display_name.py
[2026-04-25T08:48:16.355+0000] {processor.py:830} INFO - Processing file /home/airflow/.local/lib/python3.12/site-packages/airflow/example_dags/example_display_name.py for tasks to queue
[2026-04-25T08:48:16.357+0000] {logging_mixin.py:188} INFO - [2026-04-25T08:48:16.357+0000] {dagbag.py:545} INFO - Filling up the DagBag from /home/airflow/.local/lib/python3.12/site-packages/airflow/example_dags/example_display_name.py
[2026-04-25T08:48:16.363+0000] {processor.py:840} INFO - DAG(s) 'example_display_name' retrieved from /home/airflow/.local/lib/python3.12/site-packages/airflow/example_dags/example_display_name.py
[2026-04-25T08:48:16.382+0000] {logging_mixin.py:188} INFO - [2026-04-25T08:48:16.381+0000] {dag.py:3096} INFO - Sync 1 DAGs
[2026-04-25T08:48:16.394+0000] {logging_mixin.py:188} INFO - [2026-04-25T08:48:16.394+0000] {dag.py:3954} INFO - Setting next_dagrun for example_display_name to None, run_after=None
[2026-04-25T08:48:16.413+0000] {processor.py:183} INFO - Processing /home/airflow/.local/lib/python3.12/site-packages/airflow/example_dags/example_display_name.py took 0.065 seconds
[2026-04-25T08:48:46.469+0000] {processor.py:161} INFO - Started process (PID=1878) to work on /home/airflow/.local/lib/python3.12/site-packages/airflow/example_dags/example_display_name.py
[2026-04-25T08:48:46.470+0000] {processor.py:830} INFO - Processing file /home/airflow/.local/lib/python3.12/site-packages/airflow/example_dags/example_display_name.py for tasks to queue
[2026-04-25T08:48:46.471+0000] {logging_mixin.py:188} INFO - [2026-04-25T08:48:46.471+0000] {dagbag.py:545} INFO - Filling up the DagBag from /home/airflow/.local/lib/python3.12/site-packages/airflow/example_dags/example_display_name.py
[2026-04-25T08:48:46.475+0000] {processor.py:840} INFO - DAG(s) 'example_display_name' retrieved from /home/airflow/.local/lib/python3.12/site-packages/airflow/example_dags/example_display_name.py
[2026-04-25T08:48:46.490+0000] {logging_mixin.py:188} INFO - [2026-04-25T08:48:46.490+0000] {dag.py:3096} INFO - Sync 1 DAGs
[2026-04-25T08:48:46.500+0000] {logging_mixin.py:188} INFO - [2026-04-25T08:48:46.500+0000] {dag.py:3954} INFO - Setting next_dagrun for example_display_name to None, run_after=None
[2026-04-25T08:48:46.514+0000] {processor.py:183} INFO - Processing /home/airflow/.local/lib/python3.12/site-packages/airflow/example_dags/example_display_name.py took 0.050 seconds
[2026-04-25T08:49:16.926+0000] {processor.py:161} INFO - Started process (PID=1936) to work on /home/airflow/.local/lib/python3.12/site-packages/airflow/example_dags/example_display_name.py
[2026-04-25T08:49:16.927+0000] {processor.py:830} INFO - Processing file /home/airflow/.local/lib/python3.12/site-packages/airflow/example_dags/example_display_name.py for tasks to queue
[2026-04-25T08:49:16.929+0000] {logging_mixin.py:188} INFO - [2026-04-25T08:49:16.929+0000] {dagbag.py:545} INFO - Filling up the DagBag from /home/airflow/.local/lib/python3.12/site-packages/airflow/example_dags/example_display_name.py
[2026-04-25T08:49:16.936+0000] {processor.py:840} INFO - DAG(s) 'example_display_name' retrieved from /home/airflow/.local/lib/python3.12/site-packages/airflow/example_dags/example_display_name.py
[2026-04-25T08:49:16.960+0000] {logging_mixin.py:188} INFO - [2026-04-25T08:49:16.959+0000] {dag.py:3096} INFO - Sync 1 DAGs
[2026-04-25T08:49:16.975+0000] {logging_mixin.py:188} INFO - [2026-04-25T08:49:16.975+0000] {dag.py:3954} INFO - Setting next_dagrun for example_display_name to None, run_after=None
[2026-04-25T08:49:16.994+0000] {processor.py:183} INFO - Processing /home/airflow/.local/lib/python3.12/site-packages/airflow/example_dags/example_display_name.py took 0.076 seconds
[2026-04-25T08:49:47.419+0000] {processor.py:161} INFO - Started process (PID=1994) to work on /home/airflow/.local/lib/python3.12/site-packages/airflow/example_dags/example_display_name.py
[2026-04-25T08:49:47.419+0000] {processor.py:830} INFO - Processing file /home/airflow/.local/lib/python3.12/site-packages/airflow/example_dags/example_display_name.py for tasks to queue
[2026-04-25T08:49:47.421+0000] {logging_mixin.py:188} INFO - [2026-04-25T08:49:47.421+0000] {dagbag.py:545} INFO - Filling up the DagBag from /home/airflow/.local/lib/python3.12/site-packages/airflow/example_dags/example_display_name.py
[2026-04-25T08:49:47.425+0000] {processor.py:840} INFO - DAG(s) 'example_display_name' retrieved from /home/airflow/.local/lib/python3.12/site-packages/airflow/example_dags/example_display_name.py
[2026-04-25T08:49:47.440+0000] {logging_mixin.py:188} INFO - [2026-04-25T08:49:47.440+0000] {dag.py:3096} INFO - Sync 1 DAGs
[2026-04-25T08:49:47.450+0000] {logging_mixin.py:188} INFO - [2026-04-25T08:49:47.450+0000] {dag.py:3954} INFO - Setting next_dagrun for example_display_name to None, run_after=None
[2026-04-25T08:49:47.465+0000] {processor.py:183} INFO - Processing /home/airflow/.local/lib/python3.12/site-packages/airflow/example_dags/example_display_name.py took 0.051 seconds
[2026-04-25T08:50:17.787+0000] {processor.py:161} INFO - Started process (PID=2052) to work on /home/airflow/.local/lib/python3.12/site-packages/airflow/example_dags/example_display_name.py
[2026-04-25T08:50:17.787+0000] {processor.py:830} INFO - Processing file /home/airflow/.local/lib/python3.12/site-packages/airflow/example_dags/example_display_name.py for tasks to queue
[2026-04-25T08:50:17.789+0000] {logging_mixin.py:188} INFO - [2026-04-25T08:50:17.788+0000] {dagbag.py:545} INFO - Filling up the DagBag from /home/airflow/.local/lib/python3.12/site-packages/airflow/example_dags/example_display_name.py
[2026-04-25T08:50:17.793+0000] {processor.py:840} INFO - DAG(s) 'example_display_name' retrieved from /home/airflow/.local/lib/python3.12/site-packages/airflow/example_dags/example_display_name.py
[2026-04-25T08:50:17.810+0000] {logging_mixin.py:188} INFO - [2026-04-25T08:50:17.810+0000] {dag.py:3096} INFO - Sync 1 DAGs
[2026-04-25T08:50:17.821+0000] {logging_mixin.py:188} INFO - [2026-04-25T08:50:17.820+0000] {dag.py:3954} INFO - Setting next_dagrun for example_display_name to None, run_after=None
[2026-04-25T08:50:17.836+0000] {processor.py:183} INFO - Processing /home/airflow/.local/lib/python3.12/site-packages/airflow/example_dags/example_display_name.py took 0.054 seconds
[2026-04-25T08:50:48.327+0000] {processor.py:161} INFO - Started process (PID=2110) to work on /home/airflow/.local/lib/python3.12/site-packages/airflow/example_dags/example_display_name.py
[2026-04-25T08:50:48.327+0000] {processor.py:830} INFO - Processing file /home/airflow/.local/lib/python3.12/site-packages/airflow/example_dags/example_display_name.py for tasks to queue
[2026-04-25T08:50:48.329+0000] {logging_mixin.py:188} INFO - [2026-04-25T08:50:48.328+0000] {dagbag.py:545} INFO - Filling up the DagBag from /home/airflow/.local/lib/python3.12/site-packages/airflow/example_dags/example_display_name.py
[2026-04-25T08:50:48.333+0000] {processor.py:840} INFO - DAG(s) 'example_display_name' retrieved from /home/airflow/.local/lib/python3.12/site-packages/airflow/example_dags/example_display_name.py
[2026-04-25T08:50:48.350+0000] {logging_mixin.py:188} INFO - [2026-04-25T08:50:48.350+0000] {dag.py:3096} INFO - Sync 1 DAGs
[2026-04-25T08:50:48.362+0000] {logging_mixin.py:188} INFO - [2026-04-25T08:50:48.362+0000] {dag.py:3954} INFO - Setting next_dagrun for example_display_name to None, run_after=None
[2026-04-25T08:50:48.379+0000] {processor.py:183} INFO - Processing /home/airflow/.local/lib/python3.12/site-packages/airflow/example_dags/example_display_name.py took 0.058 seconds
[2026-04-25T08:51:18.820+0000] {processor.py:161} INFO - Started process (PID=2168) to work on /home/airflow/.local/lib/python3.12/site-packages/airflow/example_dags/example_display_name.py
[2026-04-25T08:51:18.821+0000] {processor.py:830} INFO - Processing file /home/airflow/.local/lib/python3.12/site-packages/airflow/example_dags/example_display_name.py for tasks to queue
[2026-04-25T08:51:18.822+0000] {logging_mixin.py:188} INFO - [2026-04-25T08:51:18.822+0000] {dagbag.py:545} INFO - Filling up the DagBag from /home/airflow/.local/lib/python3.12/site-packages/airflow/example_dags/example_display_name.py
[2026-04-25T08:51:18.826+0000] {processor.py:840} INFO - DAG(s) 'example_display_name' retrieved from /home/airflow/.local/lib/python3.12/site-packages/airflow/example_dags/example_display_name.py
[2026-04-25T08:51:18.841+0000] {logging_mixin.py:188} INFO - [2026-04-25T08:51:18.841+0000] {dag.py:3096} INFO - Sync 1 DAGs
[2026-04-25T08:51:18.852+0000] {logging_mixin.py:188} INFO - [2026-04-25T08:51:18.852+0000] {dag.py:3954} INFO - Setting next_dagrun for example_display_name to None, run_after=None
[2026-04-25T08:51:18.865+0000] {processor.py:183} INFO - Processing /home/airflow/.local/lib/python3.12/site-packages/airflow/example_dags/example_display_name.py took 0.050 seconds
[2026-04-25T08:51:49.015+0000] {processor.py:161} INFO - Started process (PID=2226) to work on /home/airflow/.local/lib/python3.12/site-packages/airflow/example_dags/example_display_name.py
[2026-04-25T08:51:49.016+0000] {processor.py:830} INFO - Processing file /home/airflow/.local/lib/python3.12/site-packages/airflow/example_dags/example_display_name.py for tasks to queue
[2026-04-25T08:51:49.017+0000] {logging_mixin.py:188} INFO - [2026-04-25T08:51:49.017+0000] {dagbag.py:545} INFO - Filling up the DagBag from /home/airflow/.local/lib/python3.12/site-packages/airflow/example_dags/example_display_name.py
[2026-04-25T08:51:49.022+0000] {processor.py:840} INFO - DAG(s) 'example_display_name' retrieved from /home/airflow/.local/lib/python3.12/site-packages/airflow/example_dags/example_display_name.py
[2026-04-25T08:51:49.037+0000] {logging_mixin.py:188} INFO - [2026-04-25T08:51:49.037+0000] {dag.py:3096} INFO - Sync 1 DAGs
[2026-04-25T08:51:49.048+0000] {logging_mixin.py:188} INFO - [2026-04-25T08:51:49.048+0000] {dag.py:3954} INFO - Setting next_dagrun for example_display_name to None, run_after=None
[2026-04-25T08:51:49.061+0000] {processor.py:183} INFO - Processing /home/airflow/.local/lib/python3.12/site-packages/airflow/example_dags/example_display_name.py took 0.051 seconds
[2026-04-25T08:52:19.636+0000] {processor.py:161} INFO - Started process (PID=2284) to work on /home/airflow/.local/lib/python3.12/site-packages/airflow/example_dags/example_display_name.py
[2026-04-25T08:52:19.637+0000] {processor.py:830} INFO - Processing file /home/airflow/.local/lib/python3.12/site-packages/airflow/example_dags/example_display_name.py for tasks to queue
[2026-04-25T08:52:19.638+0000] {logging_mixin.py:188} INFO - [2026-04-25T08:52:19.638+0000] {dagbag.py:545} INFO - Filling up the DagBag from /home/airflow/.local/lib/python3.12/site-packages/airflow/example_dags/example_display_name.py
[2026-04-25T08:52:19.644+0000] {processor.py:840} INFO - DAG(s) 'example_display_name' retrieved from /home/airflow/.local/lib/python3.12/site-packages/airflow/example_dags/example_display_name.py
[2026-04-25T08:52:19.661+0000] {logging_mixin.py:188} INFO - [2026-04-25T08:52:19.660+0000] {dag.py:3096} INFO - Sync 1 DAGs
[2026-04-25T08:52:19.673+0000] {logging_mixin.py:188} INFO - [2026-04-25T08:52:19.673+0000] {dag.py:3954} INFO - Setting next_dagrun for example_display_name to None, run_after=None
[2026-04-25T08:52:19.687+0000] {processor.py:183} INFO - Processing /home/airflow/.local/lib/python3.12/site-packages/airflow/example_dags/example_display_name.py took 0.058 seconds
[2026-04-25T08:52:50.284+0000] {processor.py:161} INFO - Started process (PID=2342) to work on /home/airflow/.local/lib/python3.12/site-packages/airflow/example_dags/example_display_name.py
[2026-04-25T08:52:50.285+0000] {processor.py:830} INFO - Processing file /home/airflow/.local/lib/python3.12/site-packages/airflow/example_dags/example_display_name.py for tasks to queue
[2026-04-25T08:52:50.287+0000] {logging_mixin.py:188} INFO - [2026-04-25T08:52:50.287+0000] {dagbag.py:545} INFO - Filling up the DagBag from /home/airflow/.local/lib/python3.12/site-packages/airflow/example_dags/example_display_name.py
[2026-04-25T08:52:50.293+0000] {processor.py:840} INFO - DAG(s) 'example_display_name' retrieved from /home/airflow/.local/lib/python3.12/site-packages/airflow/example_dags/example_display_name.py
[2026-04-25T08:52:50.310+0000] {logging_mixin.py:188} INFO - [2026-04-25T08:52:50.310+0000] {dag.py:3096} INFO - Sync 1 DAGs
[2026-04-25T08:52:50.323+0000] {logging_mixin.py:188} INFO - [2026-04-25T08:52:50.323+0000] {dag.py:3954} INFO - Setting next_dagrun for example_display_name to None, run_after=None
[2026-04-25T08:52:50.339+0000] {processor.py:183} INFO - Processing /home/airflow/.local/lib/python3.12/site-packages/airflow/example_dags/example_display_name.py took 0.061 seconds
[2026-04-25T08:53:20.899+0000] {processor.py:161} INFO - Started process (PID=2400) to work on /home/airflow/.local/lib/python3.12/site-packages/airflow/example_dags/example_display_name.py
[2026-04-25T08:53:20.899+0000] {processor.py:830} INFO - Processing file /home/airflow/.local/lib/python3.12/site-packages/airflow/example_dags/example_display_name.py for tasks to queue
[2026-04-25T08:53:20.901+0000] {logging_mixin.py:188} INFO - [2026-04-25T08:53:20.901+0000] {dagbag.py:545} INFO - Filling up the DagBag from /home/airflow/.local/lib/python3.12/site-packages/airflow/example_dags/example_display_name.py
[2026-04-25T08:53:20.907+0000] {processor.py:840} INFO - DAG(s) 'example_display_name' retrieved from /home/airflow/.local/lib/python3.12/site-packages/airflow/example_dags/example_display_name.py
[2026-04-25T08:53:20.931+0000] {logging_mixin.py:188} INFO - [2026-04-25T08:53:20.931+0000] {dag.py:3096} INFO - Sync 1 DAGs
[2026-04-25T08:53:20.948+0000] {logging_mixin.py:188} INFO - [2026-04-25T08:53:20.948+0000] {dag.py:3954} INFO - Setting next_dagrun for example_display_name to None, run_after=None
[2026-04-25T08:53:20.963+0000] {processor.py:183} INFO - Processing /home/airflow/.local/lib/python3.12/site-packages/airflow/example_dags/example_display_name.py took 0.071 seconds
[2026-04-25T08:53:51.343+0000] {processor.py:161} INFO - Started process (PID=2458) to work on /home/airflow/.local/lib/python3.12/site-packages/airflow/example_dags/example_display_name.py
[2026-04-25T08:53:51.344+0000] {processor.py:830} INFO - Processing file /home/airflow/.local/lib/python3.12/site-packages/airflow/example_dags/example_display_name.py for tasks to queue
[2026-04-25T08:53:51.345+0000] {logging_mixin.py:188} INFO - [2026-04-25T08:53:51.345+0000] {dagbag.py:545} INFO - Filling up the DagBag from /home/airflow/.local/lib/python3.12/site-packages/airflow/example_dags/example_display_name.py
[2026-04-25T08:53:51.349+0000] {processor.py:840} INFO - DAG(s) 'example_display_name' retrieved from /home/airflow/.local/lib/python3.12/site-packages/airflow/example_dags/example_display_name.py
[2026-04-25T08:53:51.366+0000] {logging_mixin.py:188} INFO - [2026-04-25T08:53:51.366+0000] {dag.py:3096} INFO - Sync 1 DAGs
[2026-04-25T08:53:51.379+0000] {logging_mixin.py:188} INFO - [2026-04-25T08:53:51.378+0000] {dag.py:3954} INFO - Setting next_dagrun for example_display_name to None, run_after=None
[2026-04-25T08:53:51.392+0000] {processor.py:183} INFO - Processing /home/airflow/.local/lib/python3.12/site-packages/airflow/example_dags/example_display_name.py took 0.054 seconds
[2026-04-25T08:54:21.751+0000] {processor.py:161} INFO - Started process (PID=2515) to work on /home/airflow/.local/lib/python3.12/site-packages/airflow/example_dags/example_display_name.py
[2026-04-25T08:54:21.752+0000] {processor.py:830} INFO - Processing file /home/airflow/.local/lib/python3.12/site-packages/airflow/example_dags/example_display_name.py for tasks to queue
[2026-04-25T08:54:21.754+0000] {logging_mixin.py:188} INFO - [2026-04-25T08:54:21.753+0000] {dagbag.py:545} INFO - Filling up the DagBag from /home/airflow/.local/lib/python3.12/site-packages/airflow/example_dags/example_display_name.py
[2026-04-25T08:54:21.758+0000] {processor.py:840} INFO - DAG(s) 'example_display_name' retrieved from /home/airflow/.local/lib/python3.12/site-packages/airflow/example_dags/example_display_name.py
[2026-04-25T08:54:21.775+0000] {logging_mixin.py:188} INFO - [2026-04-25T08:54:21.775+0000] {dag.py:3096} INFO - Sync 1 DAGs
[2026-04-25T08:54:21.785+0000] {logging_mixin.py:188} INFO - [2026-04-25T08:54:21.785+0000] {dag.py:3954} INFO - Setting next_dagrun for example_display_name to None, run_after=None
[2026-04-25T08:54:21.799+0000] {processor.py:183} INFO - Processing /home/airflow/.local/lib/python3.12/site-packages/airflow/example_dags/example_display_name.py took 0.053 seconds
[2026-04-25T08:54:52.311+0000] {processor.py:161} INFO - Started process (PID=2573) to work on /home/airflow/.local/lib/python3.12/site-packages/airflow/example_dags/example_display_name.py
[2026-04-25T08:54:52.312+0000] {processor.py:830} INFO - Processing file /home/airflow/.local/lib/python3.12/site-packages/airflow/example_dags/example_display_name.py for tasks to queue
[2026-04-25T08:54:52.313+0000] {logging_mixin.py:188} INFO - [2026-04-25T08:54:52.313+0000] {dagbag.py:545} INFO - Filling up the DagBag from /home/airflow/.local/lib/python3.12/site-packages/airflow/example_dags/example_display_name.py
[2026-04-25T08:54:52.318+0000] {processor.py:840} INFO - DAG(s) 'example_display_name' retrieved from /home/airflow/.local/lib/python3.12/site-packages/airflow/example_dags/example_display_name.py
[2026-04-25T08:54:52.335+0000] {logging_mixin.py:188} INFO - [2026-04-25T08:54:52.335+0000] {dag.py:3096} INFO - Sync 1 DAGs
[2026-04-25T08:54:52.349+0000] {logging_mixin.py:188} INFO - [2026-04-25T08:54:52.349+0000] {dag.py:3954} INFO - Setting next_dagrun for example_display_name to None, run_after=None
[2026-04-25T08:54:52.370+0000] {processor.py:183} INFO - Processing /home/airflow/.local/lib/python3.12/site-packages/airflow/example_dags/example_display_name.py took 0.064 seconds
[2026-04-25T08:55:22.745+0000] {processor.py:161} INFO - Started process (PID=2631) to work on /home/airflow/.local/lib/python3.12/site-packages/airflow/example_dags/example_display_name.py
[2026-04-25T08:55:22.746+0000] {processor.py:830} INFO - Processing file /home/airflow/.local/lib/python3.12/site-packages/airflow/example_dags/example_display_name.py for tasks to queue
[2026-04-25T08:55:22.747+0000] {logging_mixin.py:188} INFO - [2026-04-25T08:55:22.747+0000] {dagbag.py:545} INFO - Filling up the DagBag from /home/airflow/.local/lib/python3.12/site-packages/airflow/example_dags/example_display_name.py
[2026-04-25T08:55:22.753+0000] {processor.py:840} INFO - DAG(s) 'example_display_name' retrieved from /home/airflow/.local/lib/python3.12/site-packages/airflow/example_dags/example_display_name.py
[2026-04-25T08:55:22.775+0000] {logging_mixin.py:188} INFO - [2026-04-25T08:55:22.775+0000] {dag.py:3096} INFO - Sync 1 DAGs
[2026-04-25T08:55:22.790+0000] {logging_mixin.py:188} INFO - [2026-04-25T08:55:22.789+0000] {dag.py:3954} INFO - Setting next_dagrun for example_display_name to None, run_after=None
[2026-04-25T08:55:22.807+0000] {processor.py:183} INFO - Processing /home/airflow/.local/lib/python3.12/site-packages/airflow/example_dags/example_display_name.py took 0.069 seconds
