[2026-04-25T08:33:01.621+0000] {processor.py:161} INFO - Started process (PID=70) to work on /home/airflow/.local/lib/python3.12/site-packages/airflow/example_dags/example_short_circuit_operator.py
[2026-04-25T08:33:01.622+0000] {processor.py:830} INFO - Processing file /home/airflow/.local/lib/python3.12/site-packages/airflow/example_dags/example_short_circuit_operator.py for tasks to queue
[2026-04-25T08:33:01.624+0000] {logging_mixin.py:188} INFO - [2026-04-25T08:33:01.623+0000] {dagbag.py:545} INFO - Filling up the DagBag from /home/airflow/.local/lib/python3.12/site-packages/airflow/example_dags/example_short_circuit_operator.py
[2026-04-25T08:33:01.638+0000] {processor.py:840} INFO - DAG(s) 'example_short_circuit_operator' retrieved from /home/airflow/.local/lib/python3.12/site-packages/airflow/example_dags/example_short_circuit_operator.py
[2026-04-25T08:33:02.013+0000] {logging_mixin.py:188} INFO - [2026-04-25T08:33:02.013+0000] {dag.py:3096} INFO - Sync 1 DAGs
[2026-04-25T08:33:02.044+0000] {logging_mixin.py:188} INFO - [2026-04-25T08:33:02.043+0000] {dag.py:3954} INFO - Setting next_dagrun for example_short_circuit_operator to 2026-04-24 00:00:00+00:00, run_after=2026-04-25 00:00:00+00:00
[2026-04-25T08:33:02.065+0000] {processor.py:183} INFO - Processing /home/airflow/.local/lib/python3.12/site-packages/airflow/example_dags/example_short_circuit_operator.py took 0.451 seconds
[2026-04-25T08:33:32.576+0000] {processor.py:161} INFO - Started process (PID=128) to work on /home/airflow/.local/lib/python3.12/site-packages/airflow/example_dags/example_short_circuit_operator.py
[2026-04-25T08:33:32.577+0000] {processor.py:830} INFO - Processing file /home/airflow/.local/lib/python3.12/site-packages/airflow/example_dags/example_short_circuit_operator.py for tasks to queue
[2026-04-25T08:33:32.579+0000] {logging_mixin.py:188} INFO - [2026-04-25T08:33:32.578+0000] {dagbag.py:545} INFO - Filling up the DagBag from /home/airflow/.local/lib/python3.12/site-packages/airflow/example_dags/example_short_circuit_operator.py
[2026-04-25T08:33:32.587+0000] {processor.py:840} INFO - DAG(s) 'example_short_circuit_operator' retrieved from /home/airflow/.local/lib/python3.12/site-packages/airflow/example_dags/example_short_circuit_operator.py
[2026-04-25T08:33:32.616+0000] {logging_mixin.py:188} INFO - [2026-04-25T08:33:32.615+0000] {dag.py:3096} INFO - Sync 1 DAGs
[2026-04-25T08:33:32.637+0000] {logging_mixin.py:188} INFO - [2026-04-25T08:33:32.637+0000] {dag.py:3954} INFO - Setting next_dagrun for example_short_circuit_operator to 2026-04-24 00:00:00+00:00, run_after=2026-04-25 00:00:00+00:00
[2026-04-25T08:33:32.652+0000] {processor.py:183} INFO - Processing /home/airflow/.local/lib/python3.12/site-packages/airflow/example_dags/example_short_circuit_operator.py took 0.081 seconds
[2026-04-25T08:34:03.575+0000] {processor.py:161} INFO - Started process (PID=186) to work on /home/airflow/.local/lib/python3.12/site-packages/airflow/example_dags/example_short_circuit_operator.py
[2026-04-25T08:34:03.576+0000] {processor.py:830} INFO - Processing file /home/airflow/.local/lib/python3.12/site-packages/airflow/example_dags/example_short_circuit_operator.py for tasks to queue
[2026-04-25T08:34:03.577+0000] {logging_mixin.py:188} INFO - [2026-04-25T08:34:03.577+0000] {dagbag.py:545} INFO - Filling up the DagBag from /home/airflow/.local/lib/python3.12/site-packages/airflow/example_dags/example_short_circuit_operator.py
[2026-04-25T08:34:03.583+0000] {processor.py:840} INFO - DAG(s) 'example_short_circuit_operator' retrieved from /home/airflow/.local/lib/python3.12/site-packages/airflow/example_dags/example_short_circuit_operator.py
[2026-04-25T08:34:03.609+0000] {logging_mixin.py:188} INFO - [2026-04-25T08:34:03.609+0000] {dag.py:3096} INFO - Sync 1 DAGs
[2026-04-25T08:34:03.628+0000] {logging_mixin.py:188} INFO - [2026-04-25T08:34:03.628+0000] {dag.py:3954} INFO - Setting next_dagrun for example_short_circuit_operator to 2026-04-24 00:00:00+00:00, run_after=2026-04-25 00:00:00+00:00
[2026-04-25T08:34:03.643+0000] {processor.py:183} INFO - Processing /home/airflow/.local/lib/python3.12/site-packages/airflow/example_dags/example_short_circuit_operator.py took 0.073 seconds
[2026-04-25T08:34:33.934+0000] {processor.py:161} INFO - Started process (PID=244) to work on /home/airflow/.local/lib/python3.12/site-packages/airflow/example_dags/example_short_circuit_operator.py
[2026-04-25T08:34:33.935+0000] {processor.py:830} INFO - Processing file /home/airflow/.local/lib/python3.12/site-packages/airflow/example_dags/example_short_circuit_operator.py for tasks to queue
[2026-04-25T08:34:33.936+0000] {logging_mixin.py:188} INFO - [2026-04-25T08:34:33.936+0000] {dagbag.py:545} INFO - Filling up the DagBag from /home/airflow/.local/lib/python3.12/site-packages/airflow/example_dags/example_short_circuit_operator.py
[2026-04-25T08:34:33.942+0000] {processor.py:840} INFO - DAG(s) 'example_short_circuit_operator' retrieved from /home/airflow/.local/lib/python3.12/site-packages/airflow/example_dags/example_short_circuit_operator.py
[2026-04-25T08:34:33.964+0000] {logging_mixin.py:188} INFO - [2026-04-25T08:34:33.964+0000] {dag.py:3096} INFO - Sync 1 DAGs
[2026-04-25T08:34:33.982+0000] {logging_mixin.py:188} INFO - [2026-04-25T08:34:33.982+0000] {dag.py:3954} INFO - Setting next_dagrun for example_short_circuit_operator to 2026-04-24 00:00:00+00:00, run_after=2026-04-25 00:00:00+00:00
[2026-04-25T08:34:33.996+0000] {processor.py:183} INFO - Processing /home/airflow/.local/lib/python3.12/site-packages/airflow/example_dags/example_short_circuit_operator.py took 0.067 seconds
[2026-04-25T08:35:04.622+0000] {processor.py:161} INFO - Started process (PID=302) to work on /home/airflow/.local/lib/python3.12/site-packages/airflow/example_dags/example_short_circuit_operator.py
[2026-04-25T08:35:04.623+0000] {processor.py:830} INFO - Processing file /home/airflow/.local/lib/python3.12/site-packages/airflow/example_dags/example_short_circuit_operator.py for tasks to queue
[2026-04-25T08:35:04.624+0000] {logging_mixin.py:188} INFO - [2026-04-25T08:35:04.624+0000] {dagbag.py:545} INFO - Filling up the DagBag from /home/airflow/.local/lib/python3.12/site-packages/airflow/example_dags/example_short_circuit_operator.py
[2026-04-25T08:35:04.630+0000] {processor.py:840} INFO - DAG(s) 'example_short_circuit_operator' retrieved from /home/airflow/.local/lib/python3.12/site-packages/airflow/example_dags/example_short_circuit_operator.py
[2026-04-25T08:35:04.649+0000] {logging_mixin.py:188} INFO - [2026-04-25T08:35:04.649+0000] {dag.py:3096} INFO - Sync 1 DAGs
[2026-04-25T08:35:04.667+0000] {logging_mixin.py:188} INFO - [2026-04-25T08:35:04.667+0000] {dag.py:3954} INFO - Setting next_dagrun for example_short_circuit_operator to 2026-04-24 00:00:00+00:00, run_after=2026-04-25 00:00:00+00:00
[2026-04-25T08:35:04.682+0000] {processor.py:183} INFO - Processing /home/airflow/.local/lib/python3.12/site-packages/airflow/example_dags/example_short_circuit_operator.py took 0.064 seconds
[2026-04-25T08:35:34.757+0000] {processor.py:161} INFO - Started process (PID=360) to work on /home/airflow/.local/lib/python3.12/site-packages/airflow/example_dags/example_short_circuit_operator.py
[2026-04-25T08:35:34.758+0000] {processor.py:830} INFO - Processing file /home/airflow/.local/lib/python3.12/site-packages/airflow/example_dags/example_short_circuit_operator.py for tasks to queue
[2026-04-25T08:35:34.759+0000] {logging_mixin.py:188} INFO - [2026-04-25T08:35:34.759+0000] {dagbag.py:545} INFO - Filling up the DagBag from /home/airflow/.local/lib/python3.12/site-packages/airflow/example_dags/example_short_circuit_operator.py
[2026-04-25T08:35:34.766+0000] {processor.py:840} INFO - DAG(s) 'example_short_circuit_operator' retrieved from /home/airflow/.local/lib/python3.12/site-packages/airflow/example_dags/example_short_circuit_operator.py
[2026-04-25T08:35:34.785+0000] {logging_mixin.py:188} INFO - [2026-04-25T08:35:34.785+0000] {dag.py:3096} INFO - Sync 1 DAGs
[2026-04-25T08:35:34.803+0000] {logging_mixin.py:188} INFO - [2026-04-25T08:35:34.803+0000] {dag.py:3954} INFO - Setting next_dagrun for example_short_circuit_operator to 2026-04-24 00:00:00+00:00, run_after=2026-04-25 00:00:00+00:00
[2026-04-25T08:35:34.817+0000] {processor.py:183} INFO - Processing /home/airflow/.local/lib/python3.12/site-packages/airflow/example_dags/example_short_circuit_operator.py took 0.065 seconds
[2026-04-25T08:36:04.867+0000] {processor.py:161} INFO - Started process (PID=418) to work on /home/airflow/.local/lib/python3.12/site-packages/airflow/example_dags/example_short_circuit_operator.py
[2026-04-25T08:36:04.868+0000] {processor.py:830} INFO - Processing file /home/airflow/.local/lib/python3.12/site-packages/airflow/example_dags/example_short_circuit_operator.py for tasks to queue
[2026-04-25T08:36:04.869+0000] {logging_mixin.py:188} INFO - [2026-04-25T08:36:04.869+0000] {dagbag.py:545} INFO - Filling up the DagBag from /home/airflow/.local/lib/python3.12/site-packages/airflow/example_dags/example_short_circuit_operator.py
[2026-04-25T08:36:04.875+0000] {processor.py:840} INFO - DAG(s) 'example_short_circuit_operator' retrieved from /home/airflow/.local/lib/python3.12/site-packages/airflow/example_dags/example_short_circuit_operator.py
[2026-04-25T08:36:04.894+0000] {logging_mixin.py:188} INFO - [2026-04-25T08:36:04.894+0000] {dag.py:3096} INFO - Sync 1 DAGs
[2026-04-25T08:36:04.912+0000] {logging_mixin.py:188} INFO - [2026-04-25T08:36:04.912+0000] {dag.py:3954} INFO - Setting next_dagrun for example_short_circuit_operator to 2026-04-24 00:00:00+00:00, run_after=2026-04-25 00:00:00+00:00
[2026-04-25T08:36:04.926+0000] {processor.py:183} INFO - Processing /home/airflow/.local/lib/python3.12/site-packages/airflow/example_dags/example_short_circuit_operator.py took 0.063 seconds
[2026-04-25T08:36:35.521+0000] {processor.py:161} INFO - Started process (PID=476) to work on /home/airflow/.local/lib/python3.12/site-packages/airflow/example_dags/example_short_circuit_operator.py
[2026-04-25T08:36:35.522+0000] {processor.py:830} INFO - Processing file /home/airflow/.local/lib/python3.12/site-packages/airflow/example_dags/example_short_circuit_operator.py for tasks to queue
[2026-04-25T08:36:35.523+0000] {logging_mixin.py:188} INFO - [2026-04-25T08:36:35.523+0000] {dagbag.py:545} INFO - Filling up the DagBag from /home/airflow/.local/lib/python3.12/site-packages/airflow/example_dags/example_short_circuit_operator.py
[2026-04-25T08:36:35.536+0000] {processor.py:840} INFO - DAG(s) 'example_short_circuit_operator' retrieved from /home/airflow/.local/lib/python3.12/site-packages/airflow/example_dags/example_short_circuit_operator.py
[2026-04-25T08:36:35.567+0000] {logging_mixin.py:188} INFO - [2026-04-25T08:36:35.567+0000] {dag.py:3096} INFO - Sync 1 DAGs
[2026-04-25T08:36:35.593+0000] {logging_mixin.py:188} INFO - [2026-04-25T08:36:35.593+0000] {dag.py:3954} INFO - Setting next_dagrun for example_short_circuit_operator to 2026-04-24 00:00:00+00:00, run_after=2026-04-25 00:00:00+00:00
[2026-04-25T08:36:35.615+0000] {processor.py:183} INFO - Processing /home/airflow/.local/lib/python3.12/site-packages/airflow/example_dags/example_short_circuit_operator.py took 0.101 seconds
[2026-04-25T08:37:05.673+0000] {processor.py:161} INFO - Started process (PID=534) to work on /home/airflow/.local/lib/python3.12/site-packages/airflow/example_dags/example_short_circuit_operator.py
[2026-04-25T08:37:05.674+0000] {processor.py:830} INFO - Processing file /home/airflow/.local/lib/python3.12/site-packages/airflow/example_dags/example_short_circuit_operator.py for tasks to queue
[2026-04-25T08:37:05.675+0000] {logging_mixin.py:188} INFO - [2026-04-25T08:37:05.675+0000] {dagbag.py:545} INFO - Filling up the DagBag from /home/airflow/.local/lib/python3.12/site-packages/airflow/example_dags/example_short_circuit_operator.py
[2026-04-25T08:37:05.681+0000] {processor.py:840} INFO - DAG(s) 'example_short_circuit_operator' retrieved from /home/airflow/.local/lib/python3.12/site-packages/airflow/example_dags/example_short_circuit_operator.py
[2026-04-25T08:37:05.699+0000] {logging_mixin.py:188} INFO - [2026-04-25T08:37:05.699+0000] {dag.py:3096} INFO - Sync 1 DAGs
[2026-04-25T08:37:05.717+0000] {logging_mixin.py:188} INFO - [2026-04-25T08:37:05.717+0000] {dag.py:3954} INFO - Setting next_dagrun for example_short_circuit_operator to 2026-04-24 00:00:00+00:00, run_after=2026-04-25 00:00:00+00:00
[2026-04-25T08:37:05.731+0000] {processor.py:183} INFO - Processing /home/airflow/.local/lib/python3.12/site-packages/airflow/example_dags/example_short_circuit_operator.py took 0.063 seconds
[2026-04-25T08:37:36.128+0000] {processor.py:161} INFO - Started process (PID=592) to work on /home/airflow/.local/lib/python3.12/site-packages/airflow/example_dags/example_short_circuit_operator.py
[2026-04-25T08:37:36.128+0000] {processor.py:830} INFO - Processing file /home/airflow/.local/lib/python3.12/site-packages/airflow/example_dags/example_short_circuit_operator.py for tasks to queue
[2026-04-25T08:37:36.130+0000] {logging_mixin.py:188} INFO - [2026-04-25T08:37:36.130+0000] {dagbag.py:545} INFO - Filling up the DagBag from /home/airflow/.local/lib/python3.12/site-packages/airflow/example_dags/example_short_circuit_operator.py
[2026-04-25T08:37:36.136+0000] {processor.py:840} INFO - DAG(s) 'example_short_circuit_operator' retrieved from /home/airflow/.local/lib/python3.12/site-packages/airflow/example_dags/example_short_circuit_operator.py
[2026-04-25T08:37:36.154+0000] {logging_mixin.py:188} INFO - [2026-04-25T08:37:36.154+0000] {dag.py:3096} INFO - Sync 1 DAGs
[2026-04-25T08:37:36.172+0000] {logging_mixin.py:188} INFO - [2026-04-25T08:37:36.172+0000] {dag.py:3954} INFO - Setting next_dagrun for example_short_circuit_operator to 2026-04-24 00:00:00+00:00, run_after=2026-04-25 00:00:00+00:00
[2026-04-25T08:37:36.187+0000] {processor.py:183} INFO - Processing /home/airflow/.local/lib/python3.12/site-packages/airflow/example_dags/example_short_circuit_operator.py took 0.064 seconds
[2026-04-25T08:38:06.525+0000] {processor.py:161} INFO - Started process (PID=650) to work on /home/airflow/.local/lib/python3.12/site-packages/airflow/example_dags/example_short_circuit_operator.py
[2026-04-25T08:38:06.526+0000] {processor.py:830} INFO - Processing file /home/airflow/.local/lib/python3.12/site-packages/airflow/example_dags/example_short_circuit_operator.py for tasks to queue
[2026-04-25T08:38:06.527+0000] {logging_mixin.py:188} INFO - [2026-04-25T08:38:06.527+0000] {dagbag.py:545} INFO - Filling up the DagBag from /home/airflow/.local/lib/python3.12/site-packages/airflow/example_dags/example_short_circuit_operator.py
[2026-04-25T08:38:06.533+0000] {processor.py:840} INFO - DAG(s) 'example_short_circuit_operator' retrieved from /home/airflow/.local/lib/python3.12/site-packages/airflow/example_dags/example_short_circuit_operator.py
[2026-04-25T08:38:06.552+0000] {logging_mixin.py:188} INFO - [2026-04-25T08:38:06.551+0000] {dag.py:3096} INFO - Sync 1 DAGs
[2026-04-25T08:38:06.569+0000] {logging_mixin.py:188} INFO - [2026-04-25T08:38:06.569+0000] {dag.py:3954} INFO - Setting next_dagrun for example_short_circuit_operator to 2026-04-24 00:00:00+00:00, run_after=2026-04-25 00:00:00+00:00
[2026-04-25T08:38:06.584+0000] {processor.py:183} INFO - Processing /home/airflow/.local/lib/python3.12/site-packages/airflow/example_dags/example_short_circuit_operator.py took 0.064 seconds
[2026-04-25T08:38:36.915+0000] {processor.py:161} INFO - Started process (PID=708) to work on /home/airflow/.local/lib/python3.12/site-packages/airflow/example_dags/example_short_circuit_operator.py
[2026-04-25T08:38:36.915+0000] {processor.py:830} INFO - Processing file /home/airflow/.local/lib/python3.12/site-packages/airflow/example_dags/example_short_circuit_operator.py for tasks to queue
[2026-04-25T08:38:36.917+0000] {logging_mixin.py:188} INFO - [2026-04-25T08:38:36.917+0000] {dagbag.py:545} INFO - Filling up the DagBag from /home/airflow/.local/lib/python3.12/site-packages/airflow/example_dags/example_short_circuit_operator.py
[2026-04-25T08:38:36.923+0000] {processor.py:840} INFO - DAG(s) 'example_short_circuit_operator' retrieved from /home/airflow/.local/lib/python3.12/site-packages/airflow/example_dags/example_short_circuit_operator.py
[2026-04-25T08:38:36.944+0000] {logging_mixin.py:188} INFO - [2026-04-25T08:38:36.943+0000] {dag.py:3096} INFO - Sync 1 DAGs
[2026-04-25T08:38:36.961+0000] {logging_mixin.py:188} INFO - [2026-04-25T08:38:36.961+0000] {dag.py:3954} INFO - Setting next_dagrun for example_short_circuit_operator to 2026-04-24 00:00:00+00:00, run_after=2026-04-25 00:00:00+00:00
[2026-04-25T08:38:36.976+0000] {processor.py:183} INFO - Processing /home/airflow/.local/lib/python3.12/site-packages/airflow/example_dags/example_short_circuit_operator.py took 0.068 seconds
[2026-04-25T08:39:07.298+0000] {processor.py:161} INFO - Started process (PID=766) to work on /home/airflow/.local/lib/python3.12/site-packages/airflow/example_dags/example_short_circuit_operator.py
[2026-04-25T08:39:07.299+0000] {processor.py:830} INFO - Processing file /home/airflow/.local/lib/python3.12/site-packages/airflow/example_dags/example_short_circuit_operator.py for tasks to queue
[2026-04-25T08:39:07.300+0000] {logging_mixin.py:188} INFO - [2026-04-25T08:39:07.300+0000] {dagbag.py:545} INFO - Filling up the DagBag from /home/airflow/.local/lib/python3.12/site-packages/airflow/example_dags/example_short_circuit_operator.py
[2026-04-25T08:39:07.306+0000] {processor.py:840} INFO - DAG(s) 'example_short_circuit_operator' retrieved from /home/airflow/.local/lib/python3.12/site-packages/airflow/example_dags/example_short_circuit_operator.py
[2026-04-25T08:39:07.324+0000] {logging_mixin.py:188} INFO - [2026-04-25T08:39:07.324+0000] {dag.py:3096} INFO - Sync 1 DAGs
[2026-04-25T08:39:07.342+0000] {logging_mixin.py:188} INFO - [2026-04-25T08:39:07.342+0000] {dag.py:3954} INFO - Setting next_dagrun for example_short_circuit_operator to 2026-04-24 00:00:00+00:00, run_after=2026-04-25 00:00:00+00:00
[2026-04-25T08:39:07.356+0000] {processor.py:183} INFO - Processing /home/airflow/.local/lib/python3.12/site-packages/airflow/example_dags/example_short_circuit_operator.py took 0.063 seconds
[2026-04-25T08:39:37.607+0000] {processor.py:161} INFO - Started process (PID=824) to work on /home/airflow/.local/lib/python3.12/site-packages/airflow/example_dags/example_short_circuit_operator.py
[2026-04-25T08:39:37.608+0000] {processor.py:830} INFO - Processing file /home/airflow/.local/lib/python3.12/site-packages/airflow/example_dags/example_short_circuit_operator.py for tasks to queue
[2026-04-25T08:39:37.609+0000] {logging_mixin.py:188} INFO - [2026-04-25T08:39:37.609+0000] {dagbag.py:545} INFO - Filling up the DagBag from /home/airflow/.local/lib/python3.12/site-packages/airflow/example_dags/example_short_circuit_operator.py
[2026-04-25T08:39:37.615+0000] {processor.py:840} INFO - DAG(s) 'example_short_circuit_operator' retrieved from /home/airflow/.local/lib/python3.12/site-packages/airflow/example_dags/example_short_circuit_operator.py
[2026-04-25T08:39:37.634+0000] {logging_mixin.py:188} INFO - [2026-04-25T08:39:37.634+0000] {dag.py:3096} INFO - Sync 1 DAGs
[2026-04-25T08:39:37.651+0000] {logging_mixin.py:188} INFO - [2026-04-25T08:39:37.651+0000] {dag.py:3954} INFO - Setting next_dagrun for example_short_circuit_operator to 2026-04-24 00:00:00+00:00, run_after=2026-04-25 00:00:00+00:00
[2026-04-25T08:39:37.665+0000] {processor.py:183} INFO - Processing /home/airflow/.local/lib/python3.12/site-packages/airflow/example_dags/example_short_circuit_operator.py took 0.063 seconds
[2026-04-25T08:40:07.848+0000] {processor.py:161} INFO - Started process (PID=882) to work on /home/airflow/.local/lib/python3.12/site-packages/airflow/example_dags/example_short_circuit_operator.py
[2026-04-25T08:40:07.849+0000] {processor.py:830} INFO - Processing file /home/airflow/.local/lib/python3.12/site-packages/airflow/example_dags/example_short_circuit_operator.py for tasks to queue
[2026-04-25T08:40:07.850+0000] {logging_mixin.py:188} INFO - [2026-04-25T08:40:07.850+0000] {dagbag.py:545} INFO - Filling up the DagBag from /home/airflow/.local/lib/python3.12/site-packages/airflow/example_dags/example_short_circuit_operator.py
[2026-04-25T08:40:07.856+0000] {processor.py:840} INFO - DAG(s) 'example_short_circuit_operator' retrieved from /home/airflow/.local/lib/python3.12/site-packages/airflow/example_dags/example_short_circuit_operator.py
[2026-04-25T08:40:07.875+0000] {logging_mixin.py:188} INFO - [2026-04-25T08:40:07.874+0000] {dag.py:3096} INFO - Sync 1 DAGs
[2026-04-25T08:40:07.892+0000] {logging_mixin.py:188} INFO - [2026-04-25T08:40:07.892+0000] {dag.py:3954} INFO - Setting next_dagrun for example_short_circuit_operator to 2026-04-24 00:00:00+00:00, run_after=2026-04-25 00:00:00+00:00
[2026-04-25T08:40:07.907+0000] {processor.py:183} INFO - Processing /home/airflow/.local/lib/python3.12/site-packages/airflow/example_dags/example_short_circuit_operator.py took 0.063 seconds
[2026-04-25T08:40:38.315+0000] {processor.py:161} INFO - Started process (PID=940) to work on /home/airflow/.local/lib/python3.12/site-packages/airflow/example_dags/example_short_circuit_operator.py
[2026-04-25T08:40:38.316+0000] {processor.py:830} INFO - Processing file /home/airflow/.local/lib/python3.12/site-packages/airflow/example_dags/example_short_circuit_operator.py for tasks to queue
[2026-04-25T08:40:38.318+0000] {logging_mixin.py:188} INFO - [2026-04-25T08:40:38.317+0000] {dagbag.py:545} INFO - Filling up the DagBag from /home/airflow/.local/lib/python3.12/site-packages/airflow/example_dags/example_short_circuit_operator.py
[2026-04-25T08:40:38.327+0000] {processor.py:840} INFO - DAG(s) 'example_short_circuit_operator' retrieved from /home/airflow/.local/lib/python3.12/site-packages/airflow/example_dags/example_short_circuit_operator.py
[2026-04-25T08:40:38.352+0000] {logging_mixin.py:188} INFO - [2026-04-25T08:40:38.352+0000] {dag.py:3096} INFO - Sync 1 DAGs
[2026-04-25T08:40:38.376+0000] {logging_mixin.py:188} INFO - [2026-04-25T08:40:38.376+0000] {dag.py:3954} INFO - Setting next_dagrun for example_short_circuit_operator to 2026-04-24 00:00:00+00:00, run_after=2026-04-25 00:00:00+00:00
[2026-04-25T08:40:38.394+0000] {processor.py:183} INFO - Processing /home/airflow/.local/lib/python3.12/site-packages/airflow/example_dags/example_short_circuit_operator.py took 0.088 seconds
[2026-04-25T08:41:08.808+0000] {processor.py:161} INFO - Started process (PID=998) to work on /home/airflow/.local/lib/python3.12/site-packages/airflow/example_dags/example_short_circuit_operator.py
[2026-04-25T08:41:08.809+0000] {processor.py:830} INFO - Processing file /home/airflow/.local/lib/python3.12/site-packages/airflow/example_dags/example_short_circuit_operator.py for tasks to queue
[2026-04-25T08:41:08.811+0000] {logging_mixin.py:188} INFO - [2026-04-25T08:41:08.810+0000] {dagbag.py:545} INFO - Filling up the DagBag from /home/airflow/.local/lib/python3.12/site-packages/airflow/example_dags/example_short_circuit_operator.py
[2026-04-25T08:41:08.820+0000] {processor.py:840} INFO - DAG(s) 'example_short_circuit_operator' retrieved from /home/airflow/.local/lib/python3.12/site-packages/airflow/example_dags/example_short_circuit_operator.py
[2026-04-25T08:41:08.840+0000] {logging_mixin.py:188} INFO - [2026-04-25T08:41:08.840+0000] {dag.py:3096} INFO - Sync 1 DAGs
[2026-04-25T08:41:08.859+0000] {logging_mixin.py:188} INFO - [2026-04-25T08:41:08.859+0000] {dag.py:3954} INFO - Setting next_dagrun for example_short_circuit_operator to 2026-04-24 00:00:00+00:00, run_after=2026-04-25 00:00:00+00:00
[2026-04-25T08:41:08.875+0000] {processor.py:183} INFO - Processing /home/airflow/.local/lib/python3.12/site-packages/airflow/example_dags/example_short_circuit_operator.py took 0.074 seconds
[2026-04-25T08:41:39.402+0000] {processor.py:161} INFO - Started process (PID=1056) to work on /home/airflow/.local/lib/python3.12/site-packages/airflow/example_dags/example_short_circuit_operator.py
[2026-04-25T08:41:39.403+0000] {processor.py:830} INFO - Processing file /home/airflow/.local/lib/python3.12/site-packages/airflow/example_dags/example_short_circuit_operator.py for tasks to queue
[2026-04-25T08:41:39.404+0000] {logging_mixin.py:188} INFO - [2026-04-25T08:41:39.404+0000] {dagbag.py:545} INFO - Filling up the DagBag from /home/airflow/.local/lib/python3.12/site-packages/airflow/example_dags/example_short_circuit_operator.py
[2026-04-25T08:41:39.413+0000] {processor.py:840} INFO - DAG(s) 'example_short_circuit_operator' retrieved from /home/airflow/.local/lib/python3.12/site-packages/airflow/example_dags/example_short_circuit_operator.py
[2026-04-25T08:41:39.438+0000] {logging_mixin.py:188} INFO - [2026-04-25T08:41:39.438+0000] {dag.py:3096} INFO - Sync 1 DAGs
[2026-04-25T08:41:39.458+0000] {logging_mixin.py:188} INFO - [2026-04-25T08:41:39.458+0000] {dag.py:3954} INFO - Setting next_dagrun for example_short_circuit_operator to 2026-04-24 00:00:00+00:00, run_after=2026-04-25 00:00:00+00:00
[2026-04-25T08:41:39.473+0000] {processor.py:183} INFO - Processing /home/airflow/.local/lib/python3.12/site-packages/airflow/example_dags/example_short_circuit_operator.py took 0.078 seconds
[2026-04-25T08:42:09.654+0000] {processor.py:161} INFO - Started process (PID=1114) to work on /home/airflow/.local/lib/python3.12/site-packages/airflow/example_dags/example_short_circuit_operator.py
[2026-04-25T08:42:09.655+0000] {processor.py:830} INFO - Processing file /home/airflow/.local/lib/python3.12/site-packages/airflow/example_dags/example_short_circuit_operator.py for tasks to queue
[2026-04-25T08:42:09.656+0000] {logging_mixin.py:188} INFO - [2026-04-25T08:42:09.656+0000] {dagbag.py:545} INFO - Filling up the DagBag from /home/airflow/.local/lib/python3.12/site-packages/airflow/example_dags/example_short_circuit_operator.py
[2026-04-25T08:42:09.665+0000] {processor.py:840} INFO - DAG(s) 'example_short_circuit_operator' retrieved from /home/airflow/.local/lib/python3.12/site-packages/airflow/example_dags/example_short_circuit_operator.py
[2026-04-25T08:42:09.693+0000] {logging_mixin.py:188} INFO - [2026-04-25T08:42:09.693+0000] {dag.py:3096} INFO - Sync 1 DAGs
[2026-04-25T08:42:09.712+0000] {logging_mixin.py:188} INFO - [2026-04-25T08:42:09.712+0000] {dag.py:3954} INFO - Setting next_dagrun for example_short_circuit_operator to 2026-04-24 00:00:00+00:00, run_after=2026-04-25 00:00:00+00:00
[2026-04-25T08:42:09.726+0000] {processor.py:183} INFO - Processing /home/airflow/.local/lib/python3.12/site-packages/airflow/example_dags/example_short_circuit_operator.py took 0.080 seconds
[2026-04-25T08:42:40.268+0000] {processor.py:161} INFO - Started process (PID=1172) to work on /home/airflow/.local/lib/python3.12/site-packages/airflow/example_dags/example_short_circuit_operator.py
[2026-04-25T08:42:40.269+0000] {processor.py:830} INFO - Processing file /home/airflow/.local/lib/python3.12/site-packages/airflow/example_dags/example_short_circuit_operator.py for tasks to queue
[2026-04-25T08:42:40.270+0000] {logging_mixin.py:188} INFO - [2026-04-25T08:42:40.270+0000] {dagbag.py:545} INFO - Filling up the DagBag from /home/airflow/.local/lib/python3.12/site-packages/airflow/example_dags/example_short_circuit_operator.py
[2026-04-25T08:42:40.279+0000] {processor.py:840} INFO - DAG(s) 'example_short_circuit_operator' retrieved from /home/airflow/.local/lib/python3.12/site-packages/airflow/example_dags/example_short_circuit_operator.py
[2026-04-25T08:42:40.307+0000] {logging_mixin.py:188} INFO - [2026-04-25T08:42:40.307+0000] {dag.py:3096} INFO - Sync 1 DAGs
[2026-04-25T08:42:40.326+0000] {logging_mixin.py:188} INFO - [2026-04-25T08:42:40.326+0000] {dag.py:3954} INFO - Setting next_dagrun for example_short_circuit_operator to 2026-04-24 00:00:00+00:00, run_after=2026-04-25 00:00:00+00:00
[2026-04-25T08:42:40.342+0000] {processor.py:183} INFO - Processing /home/airflow/.local/lib/python3.12/site-packages/airflow/example_dags/example_short_circuit_operator.py took 0.080 seconds
[2026-04-25T08:43:10.764+0000] {processor.py:161} INFO - Started process (PID=1230) to work on /home/airflow/.local/lib/python3.12/site-packages/airflow/example_dags/example_short_circuit_operator.py
[2026-04-25T08:43:10.764+0000] {processor.py:830} INFO - Processing file /home/airflow/.local/lib/python3.12/site-packages/airflow/example_dags/example_short_circuit_operator.py for tasks to queue
[2026-04-25T08:43:10.766+0000] {logging_mixin.py:188} INFO - [2026-04-25T08:43:10.765+0000] {dagbag.py:545} INFO - Filling up the DagBag from /home/airflow/.local/lib/python3.12/site-packages/airflow/example_dags/example_short_circuit_operator.py
[2026-04-25T08:43:10.771+0000] {processor.py:840} INFO - DAG(s) 'example_short_circuit_operator' retrieved from /home/airflow/.local/lib/python3.12/site-packages/airflow/example_dags/example_short_circuit_operator.py
[2026-04-25T08:43:10.790+0000] {logging_mixin.py:188} INFO - [2026-04-25T08:43:10.790+0000] {dag.py:3096} INFO - Sync 1 DAGs
[2026-04-25T08:43:10.808+0000] {logging_mixin.py:188} INFO - [2026-04-25T08:43:10.808+0000] {dag.py:3954} INFO - Setting next_dagrun for example_short_circuit_operator to 2026-04-24 00:00:00+00:00, run_after=2026-04-25 00:00:00+00:00
[2026-04-25T08:43:10.822+0000] {processor.py:183} INFO - Processing /home/airflow/.local/lib/python3.12/site-packages/airflow/example_dags/example_short_circuit_operator.py took 0.063 seconds
[2026-04-25T08:43:41.335+0000] {processor.py:161} INFO - Started process (PID=1288) to work on /home/airflow/.local/lib/python3.12/site-packages/airflow/example_dags/example_short_circuit_operator.py
[2026-04-25T08:43:41.336+0000] {processor.py:830} INFO - Processing file /home/airflow/.local/lib/python3.12/site-packages/airflow/example_dags/example_short_circuit_operator.py for tasks to queue
[2026-04-25T08:43:41.337+0000] {logging_mixin.py:188} INFO - [2026-04-25T08:43:41.337+0000] {dagbag.py:545} INFO - Filling up the DagBag from /home/airflow/.local/lib/python3.12/site-packages/airflow/example_dags/example_short_circuit_operator.py
[2026-04-25T08:43:41.343+0000] {processor.py:840} INFO - DAG(s) 'example_short_circuit_operator' retrieved from /home/airflow/.local/lib/python3.12/site-packages/airflow/example_dags/example_short_circuit_operator.py
[2026-04-25T08:43:41.365+0000] {logging_mixin.py:188} INFO - [2026-04-25T08:43:41.365+0000] {dag.py:3096} INFO - Sync 1 DAGs
[2026-04-25T08:43:41.383+0000] {logging_mixin.py:188} INFO - [2026-04-25T08:43:41.383+0000] {dag.py:3954} INFO - Setting next_dagrun for example_short_circuit_operator to 2026-04-24 00:00:00+00:00, run_after=2026-04-25 00:00:00+00:00
[2026-04-25T08:43:41.397+0000] {processor.py:183} INFO - Processing /home/airflow/.local/lib/python3.12/site-packages/airflow/example_dags/example_short_circuit_operator.py took 0.068 seconds
[2026-04-25T08:44:11.526+0000] {processor.py:161} INFO - Started process (PID=1346) to work on /home/airflow/.local/lib/python3.12/site-packages/airflow/example_dags/example_short_circuit_operator.py
[2026-04-25T08:44:11.527+0000] {processor.py:830} INFO - Processing file /home/airflow/.local/lib/python3.12/site-packages/airflow/example_dags/example_short_circuit_operator.py for tasks to queue
[2026-04-25T08:44:11.529+0000] {logging_mixin.py:188} INFO - [2026-04-25T08:44:11.528+0000] {dagbag.py:545} INFO - Filling up the DagBag from /home/airflow/.local/lib/python3.12/site-packages/airflow/example_dags/example_short_circuit_operator.py
[2026-04-25T08:44:11.535+0000] {processor.py:840} INFO - DAG(s) 'example_short_circuit_operator' retrieved from /home/airflow/.local/lib/python3.12/site-packages/airflow/example_dags/example_short_circuit_operator.py
[2026-04-25T08:44:11.555+0000] {logging_mixin.py:188} INFO - [2026-04-25T08:44:11.555+0000] {dag.py:3096} INFO - Sync 1 DAGs
[2026-04-25T08:44:11.579+0000] {logging_mixin.py:188} INFO - [2026-04-25T08:44:11.579+0000] {dag.py:3954} INFO - Setting next_dagrun for example_short_circuit_operator to 2026-04-24 00:00:00+00:00, run_after=2026-04-25 00:00:00+00:00
[2026-04-25T08:44:11.594+0000] {processor.py:183} INFO - Processing /home/airflow/.local/lib/python3.12/site-packages/airflow/example_dags/example_short_circuit_operator.py took 0.074 seconds
[2026-04-25T08:44:42.228+0000] {processor.py:161} INFO - Started process (PID=1404) to work on /home/airflow/.local/lib/python3.12/site-packages/airflow/example_dags/example_short_circuit_operator.py
[2026-04-25T08:44:42.228+0000] {processor.py:830} INFO - Processing file /home/airflow/.local/lib/python3.12/site-packages/airflow/example_dags/example_short_circuit_operator.py for tasks to queue
[2026-04-25T08:44:42.230+0000] {logging_mixin.py:188} INFO - [2026-04-25T08:44:42.230+0000] {dagbag.py:545} INFO - Filling up the DagBag from /home/airflow/.local/lib/python3.12/site-packages/airflow/example_dags/example_short_circuit_operator.py
[2026-04-25T08:44:42.236+0000] {processor.py:840} INFO - DAG(s) 'example_short_circuit_operator' retrieved from /home/airflow/.local/lib/python3.12/site-packages/airflow/example_dags/example_short_circuit_operator.py
[2026-04-25T08:44:42.255+0000] {logging_mixin.py:188} INFO - [2026-04-25T08:44:42.255+0000] {dag.py:3096} INFO - Sync 1 DAGs
[2026-04-25T08:44:42.273+0000] {logging_mixin.py:188} INFO - [2026-04-25T08:44:42.273+0000] {dag.py:3954} INFO - Setting next_dagrun for example_short_circuit_operator to 2026-04-24 00:00:00+00:00, run_after=2026-04-25 00:00:00+00:00
[2026-04-25T08:44:42.287+0000] {processor.py:183} INFO - Processing /home/airflow/.local/lib/python3.12/site-packages/airflow/example_dags/example_short_circuit_operator.py took 0.064 seconds
[2026-04-25T08:45:12.542+0000] {processor.py:161} INFO - Started process (PID=1462) to work on /home/airflow/.local/lib/python3.12/site-packages/airflow/example_dags/example_short_circuit_operator.py
[2026-04-25T08:45:12.542+0000] {processor.py:830} INFO - Processing file /home/airflow/.local/lib/python3.12/site-packages/airflow/example_dags/example_short_circuit_operator.py for tasks to queue
[2026-04-25T08:45:12.544+0000] {logging_mixin.py:188} INFO - [2026-04-25T08:45:12.543+0000] {dagbag.py:545} INFO - Filling up the DagBag from /home/airflow/.local/lib/python3.12/site-packages/airflow/example_dags/example_short_circuit_operator.py
[2026-04-25T08:45:12.549+0000] {processor.py:840} INFO - DAG(s) 'example_short_circuit_operator' retrieved from /home/airflow/.local/lib/python3.12/site-packages/airflow/example_dags/example_short_circuit_operator.py
[2026-04-25T08:45:12.569+0000] {logging_mixin.py:188} INFO - [2026-04-25T08:45:12.569+0000] {dag.py:3096} INFO - Sync 1 DAGs
[2026-04-25T08:45:12.589+0000] {logging_mixin.py:188} INFO - [2026-04-25T08:45:12.588+0000] {dag.py:3954} INFO - Setting next_dagrun for example_short_circuit_operator to 2026-04-24 00:00:00+00:00, run_after=2026-04-25 00:00:00+00:00
[2026-04-25T08:45:12.744+0000] {processor.py:183} INFO - Processing /home/airflow/.local/lib/python3.12/site-packages/airflow/example_dags/example_short_circuit_operator.py took 0.207 seconds
[2026-04-25T08:45:42.853+0000] {processor.py:161} INFO - Started process (PID=1520) to work on /home/airflow/.local/lib/python3.12/site-packages/airflow/example_dags/example_short_circuit_operator.py
[2026-04-25T08:45:42.854+0000] {processor.py:830} INFO - Processing file /home/airflow/.local/lib/python3.12/site-packages/airflow/example_dags/example_short_circuit_operator.py for tasks to queue
[2026-04-25T08:45:42.855+0000] {logging_mixin.py:188} INFO - [2026-04-25T08:45:42.855+0000] {dagbag.py:545} INFO - Filling up the DagBag from /home/airflow/.local/lib/python3.12/site-packages/airflow/example_dags/example_short_circuit_operator.py
[2026-04-25T08:45:42.861+0000] {processor.py:840} INFO - DAG(s) 'example_short_circuit_operator' retrieved from /home/airflow/.local/lib/python3.12/site-packages/airflow/example_dags/example_short_circuit_operator.py
[2026-04-25T08:45:42.883+0000] {logging_mixin.py:188} INFO - [2026-04-25T08:45:42.883+0000] {dag.py:3096} INFO - Sync 1 DAGs
[2026-04-25T08:45:42.905+0000] {logging_mixin.py:188} INFO - [2026-04-25T08:45:42.904+0000] {dag.py:3954} INFO - Setting next_dagrun for example_short_circuit_operator to 2026-04-24 00:00:00+00:00, run_after=2026-04-25 00:00:00+00:00
[2026-04-25T08:45:42.924+0000] {processor.py:183} INFO - Processing /home/airflow/.local/lib/python3.12/site-packages/airflow/example_dags/example_short_circuit_operator.py took 0.076 seconds
[2026-04-25T08:46:13.121+0000] {processor.py:161} INFO - Started process (PID=1578) to work on /home/airflow/.local/lib/python3.12/site-packages/airflow/example_dags/example_short_circuit_operator.py
[2026-04-25T08:46:13.122+0000] {processor.py:830} INFO - Processing file /home/airflow/.local/lib/python3.12/site-packages/airflow/example_dags/example_short_circuit_operator.py for tasks to queue
[2026-04-25T08:46:13.123+0000] {logging_mixin.py:188} INFO - [2026-04-25T08:46:13.123+0000] {dagbag.py:545} INFO - Filling up the DagBag from /home/airflow/.local/lib/python3.12/site-packages/airflow/example_dags/example_short_circuit_operator.py
[2026-04-25T08:46:13.129+0000] {processor.py:840} INFO - DAG(s) 'example_short_circuit_operator' retrieved from /home/airflow/.local/lib/python3.12/site-packages/airflow/example_dags/example_short_circuit_operator.py
[2026-04-25T08:46:13.148+0000] {logging_mixin.py:188} INFO - [2026-04-25T08:46:13.148+0000] {dag.py:3096} INFO - Sync 1 DAGs
[2026-04-25T08:46:13.172+0000] {logging_mixin.py:188} INFO - [2026-04-25T08:46:13.172+0000] {dag.py:3954} INFO - Setting next_dagrun for example_short_circuit_operator to 2026-04-24 00:00:00+00:00, run_after=2026-04-25 00:00:00+00:00
[2026-04-25T08:46:13.193+0000] {processor.py:183} INFO - Processing /home/airflow/.local/lib/python3.12/site-packages/airflow/example_dags/example_short_circuit_operator.py took 0.076 seconds
[2026-04-25T08:46:43.388+0000] {processor.py:161} INFO - Started process (PID=1636) to work on /home/airflow/.local/lib/python3.12/site-packages/airflow/example_dags/example_short_circuit_operator.py
[2026-04-25T08:46:43.389+0000] {processor.py:830} INFO - Processing file /home/airflow/.local/lib/python3.12/site-packages/airflow/example_dags/example_short_circuit_operator.py for tasks to queue
[2026-04-25T08:46:43.390+0000] {logging_mixin.py:188} INFO - [2026-04-25T08:46:43.390+0000] {dagbag.py:545} INFO - Filling up the DagBag from /home/airflow/.local/lib/python3.12/site-packages/airflow/example_dags/example_short_circuit_operator.py
[2026-04-25T08:46:43.400+0000] {processor.py:840} INFO - DAG(s) 'example_short_circuit_operator' retrieved from /home/airflow/.local/lib/python3.12/site-packages/airflow/example_dags/example_short_circuit_operator.py
[2026-04-25T08:46:43.423+0000] {logging_mixin.py:188} INFO - [2026-04-25T08:46:43.422+0000] {dag.py:3096} INFO - Sync 1 DAGs
[2026-04-25T08:46:43.441+0000] {logging_mixin.py:188} INFO - [2026-04-25T08:46:43.441+0000] {dag.py:3954} INFO - Setting next_dagrun for example_short_circuit_operator to 2026-04-24 00:00:00+00:00, run_after=2026-04-25 00:00:00+00:00
[2026-04-25T08:46:43.455+0000] {processor.py:183} INFO - Processing /home/airflow/.local/lib/python3.12/site-packages/airflow/example_dags/example_short_circuit_operator.py took 0.074 seconds
[2026-04-25T08:47:13.752+0000] {processor.py:161} INFO - Started process (PID=1694) to work on /home/airflow/.local/lib/python3.12/site-packages/airflow/example_dags/example_short_circuit_operator.py
[2026-04-25T08:47:13.753+0000] {processor.py:830} INFO - Processing file /home/airflow/.local/lib/python3.12/site-packages/airflow/example_dags/example_short_circuit_operator.py for tasks to queue
[2026-04-25T08:47:13.754+0000] {logging_mixin.py:188} INFO - [2026-04-25T08:47:13.754+0000] {dagbag.py:545} INFO - Filling up the DagBag from /home/airflow/.local/lib/python3.12/site-packages/airflow/example_dags/example_short_circuit_operator.py
[2026-04-25T08:47:13.760+0000] {processor.py:840} INFO - DAG(s) 'example_short_circuit_operator' retrieved from /home/airflow/.local/lib/python3.12/site-packages/airflow/example_dags/example_short_circuit_operator.py
[2026-04-25T08:47:13.781+0000] {logging_mixin.py:188} INFO - [2026-04-25T08:47:13.781+0000] {dag.py:3096} INFO - Sync 1 DAGs
[2026-04-25T08:47:13.803+0000] {logging_mixin.py:188} INFO - [2026-04-25T08:47:13.802+0000] {dag.py:3954} INFO - Setting next_dagrun for example_short_circuit_operator to 2026-04-24 00:00:00+00:00, run_after=2026-04-25 00:00:00+00:00
[2026-04-25T08:47:13.825+0000] {processor.py:183} INFO - Processing /home/airflow/.local/lib/python3.12/site-packages/airflow/example_dags/example_short_circuit_operator.py took 0.079 seconds
[2026-04-25T08:47:44.284+0000] {processor.py:161} INFO - Started process (PID=1752) to work on /home/airflow/.local/lib/python3.12/site-packages/airflow/example_dags/example_short_circuit_operator.py
[2026-04-25T08:47:44.285+0000] {processor.py:830} INFO - Processing file /home/airflow/.local/lib/python3.12/site-packages/airflow/example_dags/example_short_circuit_operator.py for tasks to queue
[2026-04-25T08:47:44.286+0000] {logging_mixin.py:188} INFO - [2026-04-25T08:47:44.286+0000] {dagbag.py:545} INFO - Filling up the DagBag from /home/airflow/.local/lib/python3.12/site-packages/airflow/example_dags/example_short_circuit_operator.py
[2026-04-25T08:47:44.292+0000] {processor.py:840} INFO - DAG(s) 'example_short_circuit_operator' retrieved from /home/airflow/.local/lib/python3.12/site-packages/airflow/example_dags/example_short_circuit_operator.py
[2026-04-25T08:47:44.311+0000] {logging_mixin.py:188} INFO - [2026-04-25T08:47:44.311+0000] {dag.py:3096} INFO - Sync 1 DAGs
[2026-04-25T08:47:44.330+0000] {logging_mixin.py:188} INFO - [2026-04-25T08:47:44.330+0000] {dag.py:3954} INFO - Setting next_dagrun for example_short_circuit_operator to 2026-04-24 00:00:00+00:00, run_after=2026-04-25 00:00:00+00:00
[2026-04-25T08:47:44.345+0000] {processor.py:183} INFO - Processing /home/airflow/.local/lib/python3.12/site-packages/airflow/example_dags/example_short_circuit_operator.py took 0.065 seconds
[2026-04-25T08:48:14.688+0000] {processor.py:161} INFO - Started process (PID=1810) to work on /home/airflow/.local/lib/python3.12/site-packages/airflow/example_dags/example_short_circuit_operator.py
[2026-04-25T08:48:14.689+0000] {processor.py:830} INFO - Processing file /home/airflow/.local/lib/python3.12/site-packages/airflow/example_dags/example_short_circuit_operator.py for tasks to queue
[2026-04-25T08:48:14.690+0000] {logging_mixin.py:188} INFO - [2026-04-25T08:48:14.690+0000] {dagbag.py:545} INFO - Filling up the DagBag from /home/airflow/.local/lib/python3.12/site-packages/airflow/example_dags/example_short_circuit_operator.py
[2026-04-25T08:48:14.697+0000] {processor.py:840} INFO - DAG(s) 'example_short_circuit_operator' retrieved from /home/airflow/.local/lib/python3.12/site-packages/airflow/example_dags/example_short_circuit_operator.py
[2026-04-25T08:48:14.718+0000] {logging_mixin.py:188} INFO - [2026-04-25T08:48:14.718+0000] {dag.py:3096} INFO - Sync 1 DAGs
[2026-04-25T08:48:14.741+0000] {logging_mixin.py:188} INFO - [2026-04-25T08:48:14.741+0000] {dag.py:3954} INFO - Setting next_dagrun for example_short_circuit_operator to 2026-04-24 00:00:00+00:00, run_after=2026-04-25 00:00:00+00:00
[2026-04-25T08:48:14.757+0000] {processor.py:183} INFO - Processing /home/airflow/.local/lib/python3.12/site-packages/airflow/example_dags/example_short_circuit_operator.py took 0.075 seconds
[2026-04-25T08:48:44.937+0000] {processor.py:161} INFO - Started process (PID=1868) to work on /home/airflow/.local/lib/python3.12/site-packages/airflow/example_dags/example_short_circuit_operator.py
[2026-04-25T08:48:44.938+0000] {processor.py:830} INFO - Processing file /home/airflow/.local/lib/python3.12/site-packages/airflow/example_dags/example_short_circuit_operator.py for tasks to queue
[2026-04-25T08:48:44.939+0000] {logging_mixin.py:188} INFO - [2026-04-25T08:48:44.939+0000] {dagbag.py:545} INFO - Filling up the DagBag from /home/airflow/.local/lib/python3.12/site-packages/airflow/example_dags/example_short_circuit_operator.py
[2026-04-25T08:48:44.948+0000] {processor.py:840} INFO - DAG(s) 'example_short_circuit_operator' retrieved from /home/airflow/.local/lib/python3.12/site-packages/airflow/example_dags/example_short_circuit_operator.py
[2026-04-25T08:48:44.977+0000] {logging_mixin.py:188} INFO - [2026-04-25T08:48:44.977+0000] {dag.py:3096} INFO - Sync 1 DAGs
[2026-04-25T08:48:44.997+0000] {logging_mixin.py:188} INFO - [2026-04-25T08:48:44.996+0000] {dag.py:3954} INFO - Setting next_dagrun for example_short_circuit_operator to 2026-04-24 00:00:00+00:00, run_after=2026-04-25 00:00:00+00:00
[2026-04-25T08:48:45.011+0000] {processor.py:183} INFO - Processing /home/airflow/.local/lib/python3.12/site-packages/airflow/example_dags/example_short_circuit_operator.py took 0.080 seconds
[2026-04-25T08:49:15.332+0000] {processor.py:161} INFO - Started process (PID=1926) to work on /home/airflow/.local/lib/python3.12/site-packages/airflow/example_dags/example_short_circuit_operator.py
[2026-04-25T08:49:15.333+0000] {processor.py:830} INFO - Processing file /home/airflow/.local/lib/python3.12/site-packages/airflow/example_dags/example_short_circuit_operator.py for tasks to queue
[2026-04-25T08:49:15.334+0000] {logging_mixin.py:188} INFO - [2026-04-25T08:49:15.334+0000] {dagbag.py:545} INFO - Filling up the DagBag from /home/airflow/.local/lib/python3.12/site-packages/airflow/example_dags/example_short_circuit_operator.py
[2026-04-25T08:49:15.340+0000] {processor.py:840} INFO - DAG(s) 'example_short_circuit_operator' retrieved from /home/airflow/.local/lib/python3.12/site-packages/airflow/example_dags/example_short_circuit_operator.py
[2026-04-25T08:49:15.366+0000] {logging_mixin.py:188} INFO - [2026-04-25T08:49:15.365+0000] {dag.py:3096} INFO - Sync 1 DAGs
[2026-04-25T08:49:15.388+0000] {logging_mixin.py:188} INFO - [2026-04-25T08:49:15.388+0000] {dag.py:3954} INFO - Setting next_dagrun for example_short_circuit_operator to 2026-04-24 00:00:00+00:00, run_after=2026-04-25 00:00:00+00:00
[2026-04-25T08:49:15.410+0000] {processor.py:183} INFO - Processing /home/airflow/.local/lib/python3.12/site-packages/airflow/example_dags/example_short_circuit_operator.py took 0.082 seconds
[2026-04-25T08:49:45.953+0000] {processor.py:161} INFO - Started process (PID=1984) to work on /home/airflow/.local/lib/python3.12/site-packages/airflow/example_dags/example_short_circuit_operator.py
[2026-04-25T08:49:45.953+0000] {processor.py:830} INFO - Processing file /home/airflow/.local/lib/python3.12/site-packages/airflow/example_dags/example_short_circuit_operator.py for tasks to queue
[2026-04-25T08:49:45.955+0000] {logging_mixin.py:188} INFO - [2026-04-25T08:49:45.954+0000] {dagbag.py:545} INFO - Filling up the DagBag from /home/airflow/.local/lib/python3.12/site-packages/airflow/example_dags/example_short_circuit_operator.py
[2026-04-25T08:49:45.961+0000] {processor.py:840} INFO - DAG(s) 'example_short_circuit_operator' retrieved from /home/airflow/.local/lib/python3.12/site-packages/airflow/example_dags/example_short_circuit_operator.py
[2026-04-25T08:49:45.985+0000] {logging_mixin.py:188} INFO - [2026-04-25T08:49:45.985+0000] {dag.py:3096} INFO - Sync 1 DAGs
[2026-04-25T08:49:46.006+0000] {logging_mixin.py:188} INFO - [2026-04-25T08:49:46.006+0000] {dag.py:3954} INFO - Setting next_dagrun for example_short_circuit_operator to 2026-04-24 00:00:00+00:00, run_after=2026-04-25 00:00:00+00:00
[2026-04-25T08:49:46.021+0000] {processor.py:183} INFO - Processing /home/airflow/.local/lib/python3.12/site-packages/airflow/example_dags/example_short_circuit_operator.py took 0.073 seconds
[2026-04-25T08:50:16.334+0000] {processor.py:161} INFO - Started process (PID=2042) to work on /home/airflow/.local/lib/python3.12/site-packages/airflow/example_dags/example_short_circuit_operator.py
[2026-04-25T08:50:16.335+0000] {processor.py:830} INFO - Processing file /home/airflow/.local/lib/python3.12/site-packages/airflow/example_dags/example_short_circuit_operator.py for tasks to queue
[2026-04-25T08:50:16.336+0000] {logging_mixin.py:188} INFO - [2026-04-25T08:50:16.336+0000] {dagbag.py:545} INFO - Filling up the DagBag from /home/airflow/.local/lib/python3.12/site-packages/airflow/example_dags/example_short_circuit_operator.py
[2026-04-25T08:50:16.342+0000] {processor.py:840} INFO - DAG(s) 'example_short_circuit_operator' retrieved from /home/airflow/.local/lib/python3.12/site-packages/airflow/example_dags/example_short_circuit_operator.py
[2026-04-25T08:50:16.366+0000] {logging_mixin.py:188} INFO - [2026-04-25T08:50:16.366+0000] {dag.py:3096} INFO - Sync 1 DAGs
[2026-04-25T08:50:16.386+0000] {logging_mixin.py:188} INFO - [2026-04-25T08:50:16.386+0000] {dag.py:3954} INFO - Setting next_dagrun for example_short_circuit_operator to 2026-04-24 00:00:00+00:00, run_after=2026-04-25 00:00:00+00:00
[2026-04-25T08:50:16.401+0000] {processor.py:183} INFO - Processing /home/airflow/.local/lib/python3.12/site-packages/airflow/example_dags/example_short_circuit_operator.py took 0.071 seconds
[2026-04-25T08:50:46.717+0000] {processor.py:161} INFO - Started process (PID=2100) to work on /home/airflow/.local/lib/python3.12/site-packages/airflow/example_dags/example_short_circuit_operator.py
[2026-04-25T08:50:46.718+0000] {processor.py:830} INFO - Processing file /home/airflow/.local/lib/python3.12/site-packages/airflow/example_dags/example_short_circuit_operator.py for tasks to queue
[2026-04-25T08:50:46.719+0000] {logging_mixin.py:188} INFO - [2026-04-25T08:50:46.719+0000] {dagbag.py:545} INFO - Filling up the DagBag from /home/airflow/.local/lib/python3.12/site-packages/airflow/example_dags/example_short_circuit_operator.py
[2026-04-25T08:50:46.726+0000] {processor.py:840} INFO - DAG(s) 'example_short_circuit_operator' retrieved from /home/airflow/.local/lib/python3.12/site-packages/airflow/example_dags/example_short_circuit_operator.py
[2026-04-25T08:50:46.746+0000] {logging_mixin.py:188} INFO - [2026-04-25T08:50:46.746+0000] {dag.py:3096} INFO - Sync 1 DAGs
[2026-04-25T08:50:46.772+0000] {logging_mixin.py:188} INFO - [2026-04-25T08:50:46.771+0000] {dag.py:3954} INFO - Setting next_dagrun for example_short_circuit_operator to 2026-04-24 00:00:00+00:00, run_after=2026-04-25 00:00:00+00:00
[2026-04-25T08:50:46.788+0000] {processor.py:183} INFO - Processing /home/airflow/.local/lib/python3.12/site-packages/airflow/example_dags/example_short_circuit_operator.py took 0.077 seconds
[2026-04-25T08:51:17.387+0000] {processor.py:161} INFO - Started process (PID=2158) to work on /home/airflow/.local/lib/python3.12/site-packages/airflow/example_dags/example_short_circuit_operator.py
[2026-04-25T08:51:17.387+0000] {processor.py:830} INFO - Processing file /home/airflow/.local/lib/python3.12/site-packages/airflow/example_dags/example_short_circuit_operator.py for tasks to queue
[2026-04-25T08:51:17.389+0000] {logging_mixin.py:188} INFO - [2026-04-25T08:51:17.388+0000] {dagbag.py:545} INFO - Filling up the DagBag from /home/airflow/.local/lib/python3.12/site-packages/airflow/example_dags/example_short_circuit_operator.py
[2026-04-25T08:51:17.394+0000] {processor.py:840} INFO - DAG(s) 'example_short_circuit_operator' retrieved from /home/airflow/.local/lib/python3.12/site-packages/airflow/example_dags/example_short_circuit_operator.py
[2026-04-25T08:51:17.413+0000] {logging_mixin.py:188} INFO - [2026-04-25T08:51:17.413+0000] {dag.py:3096} INFO - Sync 1 DAGs
[2026-04-25T08:51:17.432+0000] {logging_mixin.py:188} INFO - [2026-04-25T08:51:17.432+0000] {dag.py:3954} INFO - Setting next_dagrun for example_short_circuit_operator to 2026-04-24 00:00:00+00:00, run_after=2026-04-25 00:00:00+00:00
[2026-04-25T08:51:17.446+0000] {processor.py:183} INFO - Processing /home/airflow/.local/lib/python3.12/site-packages/airflow/example_dags/example_short_circuit_operator.py took 0.064 seconds
[2026-04-25T08:51:47.593+0000] {processor.py:161} INFO - Started process (PID=2216) to work on /home/airflow/.local/lib/python3.12/site-packages/airflow/example_dags/example_short_circuit_operator.py
[2026-04-25T08:51:47.594+0000] {processor.py:830} INFO - Processing file /home/airflow/.local/lib/python3.12/site-packages/airflow/example_dags/example_short_circuit_operator.py for tasks to queue
[2026-04-25T08:51:47.595+0000] {logging_mixin.py:188} INFO - [2026-04-25T08:51:47.595+0000] {dagbag.py:545} INFO - Filling up the DagBag from /home/airflow/.local/lib/python3.12/site-packages/airflow/example_dags/example_short_circuit_operator.py
[2026-04-25T08:51:47.601+0000] {processor.py:840} INFO - DAG(s) 'example_short_circuit_operator' retrieved from /home/airflow/.local/lib/python3.12/site-packages/airflow/example_dags/example_short_circuit_operator.py
[2026-04-25T08:51:47.621+0000] {logging_mixin.py:188} INFO - [2026-04-25T08:51:47.621+0000] {dag.py:3096} INFO - Sync 1 DAGs
[2026-04-25T08:51:47.639+0000] {logging_mixin.py:188} INFO - [2026-04-25T08:51:47.639+0000] {dag.py:3954} INFO - Setting next_dagrun for example_short_circuit_operator to 2026-04-24 00:00:00+00:00, run_after=2026-04-25 00:00:00+00:00
[2026-04-25T08:51:47.654+0000] {processor.py:183} INFO - Processing /home/airflow/.local/lib/python3.12/site-packages/airflow/example_dags/example_short_circuit_operator.py took 0.065 seconds
[2026-04-25T08:52:18.191+0000] {processor.py:161} INFO - Started process (PID=2274) to work on /home/airflow/.local/lib/python3.12/site-packages/airflow/example_dags/example_short_circuit_operator.py
[2026-04-25T08:52:18.192+0000] {processor.py:830} INFO - Processing file /home/airflow/.local/lib/python3.12/site-packages/airflow/example_dags/example_short_circuit_operator.py for tasks to queue
[2026-04-25T08:52:18.193+0000] {logging_mixin.py:188} INFO - [2026-04-25T08:52:18.193+0000] {dagbag.py:545} INFO - Filling up the DagBag from /home/airflow/.local/lib/python3.12/site-packages/airflow/example_dags/example_short_circuit_operator.py
[2026-04-25T08:52:18.199+0000] {processor.py:840} INFO - DAG(s) 'example_short_circuit_operator' retrieved from /home/airflow/.local/lib/python3.12/site-packages/airflow/example_dags/example_short_circuit_operator.py
[2026-04-25T08:52:18.217+0000] {logging_mixin.py:188} INFO - [2026-04-25T08:52:18.217+0000] {dag.py:3096} INFO - Sync 1 DAGs
[2026-04-25T08:52:18.236+0000] {logging_mixin.py:188} INFO - [2026-04-25T08:52:18.235+0000] {dag.py:3954} INFO - Setting next_dagrun for example_short_circuit_operator to 2026-04-24 00:00:00+00:00, run_after=2026-04-25 00:00:00+00:00
[2026-04-25T08:52:18.249+0000] {processor.py:183} INFO - Processing /home/airflow/.local/lib/python3.12/site-packages/airflow/example_dags/example_short_circuit_operator.py took 0.063 seconds
[2026-04-25T08:52:48.863+0000] {processor.py:161} INFO - Started process (PID=2332) to work on /home/airflow/.local/lib/python3.12/site-packages/airflow/example_dags/example_short_circuit_operator.py
[2026-04-25T08:52:48.864+0000] {processor.py:830} INFO - Processing file /home/airflow/.local/lib/python3.12/site-packages/airflow/example_dags/example_short_circuit_operator.py for tasks to queue
[2026-04-25T08:52:48.865+0000] {logging_mixin.py:188} INFO - [2026-04-25T08:52:48.865+0000] {dagbag.py:545} INFO - Filling up the DagBag from /home/airflow/.local/lib/python3.12/site-packages/airflow/example_dags/example_short_circuit_operator.py
[2026-04-25T08:52:48.871+0000] {processor.py:840} INFO - DAG(s) 'example_short_circuit_operator' retrieved from /home/airflow/.local/lib/python3.12/site-packages/airflow/example_dags/example_short_circuit_operator.py
[2026-04-25T08:52:48.890+0000] {logging_mixin.py:188} INFO - [2026-04-25T08:52:48.890+0000] {dag.py:3096} INFO - Sync 1 DAGs
[2026-04-25T08:52:48.908+0000] {logging_mixin.py:188} INFO - [2026-04-25T08:52:48.908+0000] {dag.py:3954} INFO - Setting next_dagrun for example_short_circuit_operator to 2026-04-24 00:00:00+00:00, run_after=2026-04-25 00:00:00+00:00
[2026-04-25T08:52:48.921+0000] {processor.py:183} INFO - Processing /home/airflow/.local/lib/python3.12/site-packages/airflow/example_dags/example_short_circuit_operator.py took 0.063 seconds
[2026-04-25T08:53:19.417+0000] {processor.py:161} INFO - Started process (PID=2390) to work on /home/airflow/.local/lib/python3.12/site-packages/airflow/example_dags/example_short_circuit_operator.py
[2026-04-25T08:53:19.417+0000] {processor.py:830} INFO - Processing file /home/airflow/.local/lib/python3.12/site-packages/airflow/example_dags/example_short_circuit_operator.py for tasks to queue
[2026-04-25T08:53:19.419+0000] {logging_mixin.py:188} INFO - [2026-04-25T08:53:19.419+0000] {dagbag.py:545} INFO - Filling up the DagBag from /home/airflow/.local/lib/python3.12/site-packages/airflow/example_dags/example_short_circuit_operator.py
[2026-04-25T08:53:19.426+0000] {processor.py:840} INFO - DAG(s) 'example_short_circuit_operator' retrieved from /home/airflow/.local/lib/python3.12/site-packages/airflow/example_dags/example_short_circuit_operator.py
[2026-04-25T08:53:19.445+0000] {logging_mixin.py:188} INFO - [2026-04-25T08:53:19.445+0000] {dag.py:3096} INFO - Sync 1 DAGs
[2026-04-25T08:53:19.472+0000] {logging_mixin.py:188} INFO - [2026-04-25T08:53:19.471+0000] {dag.py:3954} INFO - Setting next_dagrun for example_short_circuit_operator to 2026-04-24 00:00:00+00:00, run_after=2026-04-25 00:00:00+00:00
[2026-04-25T08:53:19.490+0000] {processor.py:183} INFO - Processing /home/airflow/.local/lib/python3.12/site-packages/airflow/example_dags/example_short_circuit_operator.py took 0.079 seconds
[2026-04-25T08:53:49.895+0000] {processor.py:161} INFO - Started process (PID=2448) to work on /home/airflow/.local/lib/python3.12/site-packages/airflow/example_dags/example_short_circuit_operator.py
[2026-04-25T08:53:49.895+0000] {processor.py:830} INFO - Processing file /home/airflow/.local/lib/python3.12/site-packages/airflow/example_dags/example_short_circuit_operator.py for tasks to queue
[2026-04-25T08:53:49.897+0000] {logging_mixin.py:188} INFO - [2026-04-25T08:53:49.897+0000] {dagbag.py:545} INFO - Filling up the DagBag from /home/airflow/.local/lib/python3.12/site-packages/airflow/example_dags/example_short_circuit_operator.py
[2026-04-25T08:53:49.903+0000] {processor.py:840} INFO - DAG(s) 'example_short_circuit_operator' retrieved from /home/airflow/.local/lib/python3.12/site-packages/airflow/example_dags/example_short_circuit_operator.py
[2026-04-25T08:53:49.921+0000] {logging_mixin.py:188} INFO - [2026-04-25T08:53:49.921+0000] {dag.py:3096} INFO - Sync 1 DAGs
[2026-04-25T08:53:49.939+0000] {logging_mixin.py:188} INFO - [2026-04-25T08:53:49.939+0000] {dag.py:3954} INFO - Setting next_dagrun for example_short_circuit_operator to 2026-04-24 00:00:00+00:00, run_after=2026-04-25 00:00:00+00:00
[2026-04-25T08:53:49.953+0000] {processor.py:183} INFO - Processing /home/airflow/.local/lib/python3.12/site-packages/airflow/example_dags/example_short_circuit_operator.py took 0.063 seconds
[2026-04-25T08:54:20.254+0000] {processor.py:161} INFO - Started process (PID=2505) to work on /home/airflow/.local/lib/python3.12/site-packages/airflow/example_dags/example_short_circuit_operator.py
[2026-04-25T08:54:20.254+0000] {processor.py:830} INFO - Processing file /home/airflow/.local/lib/python3.12/site-packages/airflow/example_dags/example_short_circuit_operator.py for tasks to queue
[2026-04-25T08:54:20.256+0000] {logging_mixin.py:188} INFO - [2026-04-25T08:54:20.255+0000] {dagbag.py:545} INFO - Filling up the DagBag from /home/airflow/.local/lib/python3.12/site-packages/airflow/example_dags/example_short_circuit_operator.py
[2026-04-25T08:54:20.262+0000] {processor.py:840} INFO - DAG(s) 'example_short_circuit_operator' retrieved from /home/airflow/.local/lib/python3.12/site-packages/airflow/example_dags/example_short_circuit_operator.py
[2026-04-25T08:54:20.285+0000] {logging_mixin.py:188} INFO - [2026-04-25T08:54:20.285+0000] {dag.py:3096} INFO - Sync 1 DAGs
[2026-04-25T08:54:20.303+0000] {logging_mixin.py:188} INFO - [2026-04-25T08:54:20.303+0000] {dag.py:3954} INFO - Setting next_dagrun for example_short_circuit_operator to 2026-04-24 00:00:00+00:00, run_after=2026-04-25 00:00:00+00:00
[2026-04-25T08:54:20.319+0000] {processor.py:183} INFO - Processing /home/airflow/.local/lib/python3.12/site-packages/airflow/example_dags/example_short_circuit_operator.py took 0.070 seconds
[2026-04-25T08:54:50.871+0000] {processor.py:161} INFO - Started process (PID=2563) to work on /home/airflow/.local/lib/python3.12/site-packages/airflow/example_dags/example_short_circuit_operator.py
[2026-04-25T08:54:50.872+0000] {processor.py:830} INFO - Processing file /home/airflow/.local/lib/python3.12/site-packages/airflow/example_dags/example_short_circuit_operator.py for tasks to queue
[2026-04-25T08:54:50.874+0000] {logging_mixin.py:188} INFO - [2026-04-25T08:54:50.873+0000] {dagbag.py:545} INFO - Filling up the DagBag from /home/airflow/.local/lib/python3.12/site-packages/airflow/example_dags/example_short_circuit_operator.py
[2026-04-25T08:54:50.880+0000] {processor.py:840} INFO - DAG(s) 'example_short_circuit_operator' retrieved from /home/airflow/.local/lib/python3.12/site-packages/airflow/example_dags/example_short_circuit_operator.py
[2026-04-25T08:54:50.899+0000] {logging_mixin.py:188} INFO - [2026-04-25T08:54:50.899+0000] {dag.py:3096} INFO - Sync 1 DAGs
[2026-04-25T08:54:50.917+0000] {logging_mixin.py:188} INFO - [2026-04-25T08:54:50.917+0000] {dag.py:3954} INFO - Setting next_dagrun for example_short_circuit_operator to 2026-04-24 00:00:00+00:00, run_after=2026-04-25 00:00:00+00:00
[2026-04-25T08:54:50.931+0000] {processor.py:183} INFO - Processing /home/airflow/.local/lib/python3.12/site-packages/airflow/example_dags/example_short_circuit_operator.py took 0.065 seconds
[2026-04-25T08:55:21.284+0000] {processor.py:161} INFO - Started process (PID=2621) to work on /home/airflow/.local/lib/python3.12/site-packages/airflow/example_dags/example_short_circuit_operator.py
[2026-04-25T08:55:21.285+0000] {processor.py:830} INFO - Processing file /home/airflow/.local/lib/python3.12/site-packages/airflow/example_dags/example_short_circuit_operator.py for tasks to queue
[2026-04-25T08:55:21.286+0000] {logging_mixin.py:188} INFO - [2026-04-25T08:55:21.286+0000] {dagbag.py:545} INFO - Filling up the DagBag from /home/airflow/.local/lib/python3.12/site-packages/airflow/example_dags/example_short_circuit_operator.py
[2026-04-25T08:55:21.292+0000] {processor.py:840} INFO - DAG(s) 'example_short_circuit_operator' retrieved from /home/airflow/.local/lib/python3.12/site-packages/airflow/example_dags/example_short_circuit_operator.py
[2026-04-25T08:55:21.312+0000] {logging_mixin.py:188} INFO - [2026-04-25T08:55:21.312+0000] {dag.py:3096} INFO - Sync 1 DAGs
[2026-04-25T08:55:21.330+0000] {logging_mixin.py:188} INFO - [2026-04-25T08:55:21.330+0000] {dag.py:3954} INFO - Setting next_dagrun for example_short_circuit_operator to 2026-04-24 00:00:00+00:00, run_after=2026-04-25 00:00:00+00:00
[2026-04-25T08:55:21.346+0000] {processor.py:183} INFO - Processing /home/airflow/.local/lib/python3.12/site-packages/airflow/example_dags/example_short_circuit_operator.py took 0.066 seconds
