[2026-04-25T08:33:07.203+0000] {processor.py:161} INFO - Started process (PID=100) to work on /home/airflow/.local/lib/python3.12/site-packages/airflow/example_dags/example_nested_branch_dag.py
[2026-04-25T08:33:07.204+0000] {processor.py:830} INFO - Processing file /home/airflow/.local/lib/python3.12/site-packages/airflow/example_dags/example_nested_branch_dag.py for tasks to queue
[2026-04-25T08:33:07.206+0000] {logging_mixin.py:188} INFO - [2026-04-25T08:33:07.205+0000] {dagbag.py:545} INFO - Filling up the DagBag from /home/airflow/.local/lib/python3.12/site-packages/airflow/example_dags/example_nested_branch_dag.py
[2026-04-25T08:33:07.215+0000] {processor.py:840} INFO - DAG(s) 'example_nested_branch_dag' retrieved from /home/airflow/.local/lib/python3.12/site-packages/airflow/example_dags/example_nested_branch_dag.py
[2026-04-25T08:33:07.313+0000] {logging_mixin.py:188} INFO - [2026-04-25T08:33:07.313+0000] {dag.py:3096} INFO - Sync 1 DAGs
[2026-04-25T08:33:07.339+0000] {logging_mixin.py:188} INFO - [2026-04-25T08:33:07.339+0000] {dag.py:3954} INFO - Setting next_dagrun for example_nested_branch_dag to 2026-04-24 00:00:00+00:00, run_after=2026-04-25 00:00:00+00:00
[2026-04-25T08:33:07.359+0000] {processor.py:183} INFO - Processing /home/airflow/.local/lib/python3.12/site-packages/airflow/example_dags/example_nested_branch_dag.py took 0.160 seconds
[2026-04-25T08:33:38.209+0000] {processor.py:161} INFO - Started process (PID=158) to work on /home/airflow/.local/lib/python3.12/site-packages/airflow/example_dags/example_nested_branch_dag.py
[2026-04-25T08:33:38.210+0000] {processor.py:830} INFO - Processing file /home/airflow/.local/lib/python3.12/site-packages/airflow/example_dags/example_nested_branch_dag.py for tasks to queue
[2026-04-25T08:33:38.211+0000] {logging_mixin.py:188} INFO - [2026-04-25T08:33:38.211+0000] {dagbag.py:545} INFO - Filling up the DagBag from /home/airflow/.local/lib/python3.12/site-packages/airflow/example_dags/example_nested_branch_dag.py
[2026-04-25T08:33:38.220+0000] {processor.py:840} INFO - DAG(s) 'example_nested_branch_dag' retrieved from /home/airflow/.local/lib/python3.12/site-packages/airflow/example_dags/example_nested_branch_dag.py
[2026-04-25T08:33:38.237+0000] {logging_mixin.py:188} INFO - [2026-04-25T08:33:38.237+0000] {dag.py:3096} INFO - Sync 1 DAGs
[2026-04-25T08:33:38.260+0000] {logging_mixin.py:188} INFO - [2026-04-25T08:33:38.259+0000] {dag.py:3954} INFO - Setting next_dagrun for example_nested_branch_dag to 2026-04-24 00:00:00+00:00, run_after=2026-04-25 00:00:00+00:00
[2026-04-25T08:33:38.274+0000] {processor.py:183} INFO - Processing /home/airflow/.local/lib/python3.12/site-packages/airflow/example_dags/example_nested_branch_dag.py took 0.070 seconds
[2026-04-25T08:34:08.471+0000] {processor.py:161} INFO - Started process (PID=216) to work on /home/airflow/.local/lib/python3.12/site-packages/airflow/example_dags/example_nested_branch_dag.py
[2026-04-25T08:34:08.472+0000] {processor.py:830} INFO - Processing file /home/airflow/.local/lib/python3.12/site-packages/airflow/example_dags/example_nested_branch_dag.py for tasks to queue
[2026-04-25T08:34:08.473+0000] {logging_mixin.py:188} INFO - [2026-04-25T08:34:08.473+0000] {dagbag.py:545} INFO - Filling up the DagBag from /home/airflow/.local/lib/python3.12/site-packages/airflow/example_dags/example_nested_branch_dag.py
[2026-04-25T08:34:08.481+0000] {processor.py:840} INFO - DAG(s) 'example_nested_branch_dag' retrieved from /home/airflow/.local/lib/python3.12/site-packages/airflow/example_dags/example_nested_branch_dag.py
[2026-04-25T08:34:08.504+0000] {logging_mixin.py:188} INFO - [2026-04-25T08:34:08.504+0000] {dag.py:3096} INFO - Sync 1 DAGs
[2026-04-25T08:34:08.528+0000] {logging_mixin.py:188} INFO - [2026-04-25T08:34:08.528+0000] {dag.py:3954} INFO - Setting next_dagrun for example_nested_branch_dag to 2026-04-24 00:00:00+00:00, run_after=2026-04-25 00:00:00+00:00
[2026-04-25T08:34:08.543+0000] {processor.py:183} INFO - Processing /home/airflow/.local/lib/python3.12/site-packages/airflow/example_dags/example_nested_branch_dag.py took 0.076 seconds
[2026-04-25T08:34:39.526+0000] {processor.py:161} INFO - Started process (PID=274) to work on /home/airflow/.local/lib/python3.12/site-packages/airflow/example_dags/example_nested_branch_dag.py
[2026-04-25T08:34:39.526+0000] {processor.py:830} INFO - Processing file /home/airflow/.local/lib/python3.12/site-packages/airflow/example_dags/example_nested_branch_dag.py for tasks to queue
[2026-04-25T08:34:39.528+0000] {logging_mixin.py:188} INFO - [2026-04-25T08:34:39.527+0000] {dagbag.py:545} INFO - Filling up the DagBag from /home/airflow/.local/lib/python3.12/site-packages/airflow/example_dags/example_nested_branch_dag.py
[2026-04-25T08:34:39.536+0000] {processor.py:840} INFO - DAG(s) 'example_nested_branch_dag' retrieved from /home/airflow/.local/lib/python3.12/site-packages/airflow/example_dags/example_nested_branch_dag.py
[2026-04-25T08:34:39.559+0000] {logging_mixin.py:188} INFO - [2026-04-25T08:34:39.559+0000] {dag.py:3096} INFO - Sync 1 DAGs
[2026-04-25T08:34:39.580+0000] {logging_mixin.py:188} INFO - [2026-04-25T08:34:39.580+0000] {dag.py:3954} INFO - Setting next_dagrun for example_nested_branch_dag to 2026-04-24 00:00:00+00:00, run_after=2026-04-25 00:00:00+00:00
[2026-04-25T08:34:39.595+0000] {processor.py:183} INFO - Processing /home/airflow/.local/lib/python3.12/site-packages/airflow/example_dags/example_nested_branch_dag.py took 0.074 seconds
[2026-04-25T08:35:10.165+0000] {processor.py:161} INFO - Started process (PID=332) to work on /home/airflow/.local/lib/python3.12/site-packages/airflow/example_dags/example_nested_branch_dag.py
[2026-04-25T08:35:10.166+0000] {processor.py:830} INFO - Processing file /home/airflow/.local/lib/python3.12/site-packages/airflow/example_dags/example_nested_branch_dag.py for tasks to queue
[2026-04-25T08:35:10.167+0000] {logging_mixin.py:188} INFO - [2026-04-25T08:35:10.167+0000] {dagbag.py:545} INFO - Filling up the DagBag from /home/airflow/.local/lib/python3.12/site-packages/airflow/example_dags/example_nested_branch_dag.py
[2026-04-25T08:35:10.180+0000] {processor.py:840} INFO - DAG(s) 'example_nested_branch_dag' retrieved from /home/airflow/.local/lib/python3.12/site-packages/airflow/example_dags/example_nested_branch_dag.py
[2026-04-25T08:35:10.206+0000] {logging_mixin.py:188} INFO - [2026-04-25T08:35:10.206+0000] {dag.py:3096} INFO - Sync 1 DAGs
[2026-04-25T08:35:10.231+0000] {logging_mixin.py:188} INFO - [2026-04-25T08:35:10.231+0000] {dag.py:3954} INFO - Setting next_dagrun for example_nested_branch_dag to 2026-04-24 00:00:00+00:00, run_after=2026-04-25 00:00:00+00:00
[2026-04-25T08:35:10.248+0000] {processor.py:183} INFO - Processing /home/airflow/.local/lib/python3.12/site-packages/airflow/example_dags/example_nested_branch_dag.py took 0.090 seconds
[2026-04-25T08:35:40.467+0000] {processor.py:161} INFO - Started process (PID=390) to work on /home/airflow/.local/lib/python3.12/site-packages/airflow/example_dags/example_nested_branch_dag.py
[2026-04-25T08:35:40.467+0000] {processor.py:830} INFO - Processing file /home/airflow/.local/lib/python3.12/site-packages/airflow/example_dags/example_nested_branch_dag.py for tasks to queue
[2026-04-25T08:35:40.468+0000] {logging_mixin.py:188} INFO - [2026-04-25T08:35:40.468+0000] {dagbag.py:545} INFO - Filling up the DagBag from /home/airflow/.local/lib/python3.12/site-packages/airflow/example_dags/example_nested_branch_dag.py
[2026-04-25T08:35:40.476+0000] {processor.py:840} INFO - DAG(s) 'example_nested_branch_dag' retrieved from /home/airflow/.local/lib/python3.12/site-packages/airflow/example_dags/example_nested_branch_dag.py
[2026-04-25T08:35:40.494+0000] {logging_mixin.py:188} INFO - [2026-04-25T08:35:40.494+0000] {dag.py:3096} INFO - Sync 1 DAGs
[2026-04-25T08:35:40.519+0000] {logging_mixin.py:188} INFO - [2026-04-25T08:35:40.518+0000] {dag.py:3954} INFO - Setting next_dagrun for example_nested_branch_dag to 2026-04-24 00:00:00+00:00, run_after=2026-04-25 00:00:00+00:00
[2026-04-25T08:35:40.540+0000] {processor.py:183} INFO - Processing /home/airflow/.local/lib/python3.12/site-packages/airflow/example_dags/example_nested_branch_dag.py took 0.078 seconds
[2026-04-25T08:36:11.476+0000] {processor.py:161} INFO - Started process (PID=448) to work on /home/airflow/.local/lib/python3.12/site-packages/airflow/example_dags/example_nested_branch_dag.py
[2026-04-25T08:36:11.476+0000] {processor.py:830} INFO - Processing file /home/airflow/.local/lib/python3.12/site-packages/airflow/example_dags/example_nested_branch_dag.py for tasks to queue
[2026-04-25T08:36:11.478+0000] {logging_mixin.py:188} INFO - [2026-04-25T08:36:11.477+0000] {dagbag.py:545} INFO - Filling up the DagBag from /home/airflow/.local/lib/python3.12/site-packages/airflow/example_dags/example_nested_branch_dag.py
[2026-04-25T08:36:11.487+0000] {processor.py:840} INFO - DAG(s) 'example_nested_branch_dag' retrieved from /home/airflow/.local/lib/python3.12/site-packages/airflow/example_dags/example_nested_branch_dag.py
[2026-04-25T08:36:11.505+0000] {logging_mixin.py:188} INFO - [2026-04-25T08:36:11.505+0000] {dag.py:3096} INFO - Sync 1 DAGs
[2026-04-25T08:36:11.524+0000] {logging_mixin.py:188} INFO - [2026-04-25T08:36:11.524+0000] {dag.py:3954} INFO - Setting next_dagrun for example_nested_branch_dag to 2026-04-24 00:00:00+00:00, run_after=2026-04-25 00:00:00+00:00
[2026-04-25T08:36:11.540+0000] {processor.py:183} INFO - Processing /home/airflow/.local/lib/python3.12/site-packages/airflow/example_dags/example_nested_branch_dag.py took 0.069 seconds
[2026-04-25T08:36:41.922+0000] {processor.py:161} INFO - Started process (PID=506) to work on /home/airflow/.local/lib/python3.12/site-packages/airflow/example_dags/example_nested_branch_dag.py
[2026-04-25T08:36:41.922+0000] {processor.py:830} INFO - Processing file /home/airflow/.local/lib/python3.12/site-packages/airflow/example_dags/example_nested_branch_dag.py for tasks to queue
[2026-04-25T08:36:41.924+0000] {logging_mixin.py:188} INFO - [2026-04-25T08:36:41.923+0000] {dagbag.py:545} INFO - Filling up the DagBag from /home/airflow/.local/lib/python3.12/site-packages/airflow/example_dags/example_nested_branch_dag.py
[2026-04-25T08:36:41.932+0000] {processor.py:840} INFO - DAG(s) 'example_nested_branch_dag' retrieved from /home/airflow/.local/lib/python3.12/site-packages/airflow/example_dags/example_nested_branch_dag.py
[2026-04-25T08:36:41.951+0000] {logging_mixin.py:188} INFO - [2026-04-25T08:36:41.951+0000] {dag.py:3096} INFO - Sync 1 DAGs
[2026-04-25T08:36:41.970+0000] {logging_mixin.py:188} INFO - [2026-04-25T08:36:41.970+0000] {dag.py:3954} INFO - Setting next_dagrun for example_nested_branch_dag to 2026-04-24 00:00:00+00:00, run_after=2026-04-25 00:00:00+00:00
[2026-04-25T08:36:41.985+0000] {processor.py:183} INFO - Processing /home/airflow/.local/lib/python3.12/site-packages/airflow/example_dags/example_nested_branch_dag.py took 0.068 seconds
[2026-04-25T08:37:12.015+0000] {processor.py:161} INFO - Started process (PID=563) to work on /home/airflow/.local/lib/python3.12/site-packages/airflow/example_dags/example_nested_branch_dag.py
[2026-04-25T08:37:12.016+0000] {processor.py:830} INFO - Processing file /home/airflow/.local/lib/python3.12/site-packages/airflow/example_dags/example_nested_branch_dag.py for tasks to queue
[2026-04-25T08:37:12.017+0000] {logging_mixin.py:188} INFO - [2026-04-25T08:37:12.017+0000] {dagbag.py:545} INFO - Filling up the DagBag from /home/airflow/.local/lib/python3.12/site-packages/airflow/example_dags/example_nested_branch_dag.py
[2026-04-25T08:37:12.026+0000] {processor.py:840} INFO - DAG(s) 'example_nested_branch_dag' retrieved from /home/airflow/.local/lib/python3.12/site-packages/airflow/example_dags/example_nested_branch_dag.py
[2026-04-25T08:37:12.045+0000] {logging_mixin.py:188} INFO - [2026-04-25T08:37:12.045+0000] {dag.py:3096} INFO - Sync 1 DAGs
[2026-04-25T08:37:12.064+0000] {logging_mixin.py:188} INFO - [2026-04-25T08:37:12.064+0000] {dag.py:3954} INFO - Setting next_dagrun for example_nested_branch_dag to 2026-04-24 00:00:00+00:00, run_after=2026-04-25 00:00:00+00:00
[2026-04-25T08:37:12.080+0000] {processor.py:183} INFO - Processing /home/airflow/.local/lib/python3.12/site-packages/airflow/example_dags/example_nested_branch_dag.py took 0.069 seconds
[2026-04-25T08:37:42.576+0000] {processor.py:161} INFO - Started process (PID=622) to work on /home/airflow/.local/lib/python3.12/site-packages/airflow/example_dags/example_nested_branch_dag.py
[2026-04-25T08:37:42.577+0000] {processor.py:830} INFO - Processing file /home/airflow/.local/lib/python3.12/site-packages/airflow/example_dags/example_nested_branch_dag.py for tasks to queue
[2026-04-25T08:37:42.580+0000] {logging_mixin.py:188} INFO - [2026-04-25T08:37:42.579+0000] {dagbag.py:545} INFO - Filling up the DagBag from /home/airflow/.local/lib/python3.12/site-packages/airflow/example_dags/example_nested_branch_dag.py
[2026-04-25T08:37:42.592+0000] {processor.py:840} INFO - DAG(s) 'example_nested_branch_dag' retrieved from /home/airflow/.local/lib/python3.12/site-packages/airflow/example_dags/example_nested_branch_dag.py
[2026-04-25T08:37:42.620+0000] {logging_mixin.py:188} INFO - [2026-04-25T08:37:42.620+0000] {dag.py:3096} INFO - Sync 1 DAGs
[2026-04-25T08:37:42.648+0000] {logging_mixin.py:188} INFO - [2026-04-25T08:37:42.647+0000] {dag.py:3954} INFO - Setting next_dagrun for example_nested_branch_dag to 2026-04-24 00:00:00+00:00, run_after=2026-04-25 00:00:00+00:00
[2026-04-25T08:37:42.669+0000] {processor.py:183} INFO - Processing /home/airflow/.local/lib/python3.12/site-packages/airflow/example_dags/example_nested_branch_dag.py took 0.099 seconds
[2026-04-25T08:38:12.959+0000] {processor.py:161} INFO - Started process (PID=680) to work on /home/airflow/.local/lib/python3.12/site-packages/airflow/example_dags/example_nested_branch_dag.py
[2026-04-25T08:38:12.960+0000] {processor.py:830} INFO - Processing file /home/airflow/.local/lib/python3.12/site-packages/airflow/example_dags/example_nested_branch_dag.py for tasks to queue
[2026-04-25T08:38:12.961+0000] {logging_mixin.py:188} INFO - [2026-04-25T08:38:12.961+0000] {dagbag.py:545} INFO - Filling up the DagBag from /home/airflow/.local/lib/python3.12/site-packages/airflow/example_dags/example_nested_branch_dag.py
[2026-04-25T08:38:12.969+0000] {processor.py:840} INFO - DAG(s) 'example_nested_branch_dag' retrieved from /home/airflow/.local/lib/python3.12/site-packages/airflow/example_dags/example_nested_branch_dag.py
[2026-04-25T08:38:12.992+0000] {logging_mixin.py:188} INFO - [2026-04-25T08:38:12.992+0000] {dag.py:3096} INFO - Sync 1 DAGs
[2026-04-25T08:38:13.015+0000] {logging_mixin.py:188} INFO - [2026-04-25T08:38:13.014+0000] {dag.py:3954} INFO - Setting next_dagrun for example_nested_branch_dag to 2026-04-24 00:00:00+00:00, run_after=2026-04-25 00:00:00+00:00
[2026-04-25T08:38:13.029+0000] {processor.py:183} INFO - Processing /home/airflow/.local/lib/python3.12/site-packages/airflow/example_dags/example_nested_branch_dag.py took 0.075 seconds
[2026-04-25T08:38:43.096+0000] {processor.py:161} INFO - Started process (PID=737) to work on /home/airflow/.local/lib/python3.12/site-packages/airflow/example_dags/example_nested_branch_dag.py
[2026-04-25T08:38:43.096+0000] {processor.py:830} INFO - Processing file /home/airflow/.local/lib/python3.12/site-packages/airflow/example_dags/example_nested_branch_dag.py for tasks to queue
[2026-04-25T08:38:43.098+0000] {logging_mixin.py:188} INFO - [2026-04-25T08:38:43.098+0000] {dagbag.py:545} INFO - Filling up the DagBag from /home/airflow/.local/lib/python3.12/site-packages/airflow/example_dags/example_nested_branch_dag.py
[2026-04-25T08:38:43.106+0000] {processor.py:840} INFO - DAG(s) 'example_nested_branch_dag' retrieved from /home/airflow/.local/lib/python3.12/site-packages/airflow/example_dags/example_nested_branch_dag.py
[2026-04-25T08:38:43.129+0000] {logging_mixin.py:188} INFO - [2026-04-25T08:38:43.129+0000] {dag.py:3096} INFO - Sync 1 DAGs
[2026-04-25T08:38:43.150+0000] {logging_mixin.py:188} INFO - [2026-04-25T08:38:43.150+0000] {dag.py:3954} INFO - Setting next_dagrun for example_nested_branch_dag to 2026-04-24 00:00:00+00:00, run_after=2026-04-25 00:00:00+00:00
[2026-04-25T08:38:43.167+0000] {processor.py:183} INFO - Processing /home/airflow/.local/lib/python3.12/site-packages/airflow/example_dags/example_nested_branch_dag.py took 0.077 seconds
[2026-04-25T08:39:13.721+0000] {processor.py:161} INFO - Started process (PID=796) to work on /home/airflow/.local/lib/python3.12/site-packages/airflow/example_dags/example_nested_branch_dag.py
[2026-04-25T08:39:13.722+0000] {processor.py:830} INFO - Processing file /home/airflow/.local/lib/python3.12/site-packages/airflow/example_dags/example_nested_branch_dag.py for tasks to queue
[2026-04-25T08:39:13.724+0000] {logging_mixin.py:188} INFO - [2026-04-25T08:39:13.723+0000] {dagbag.py:545} INFO - Filling up the DagBag from /home/airflow/.local/lib/python3.12/site-packages/airflow/example_dags/example_nested_branch_dag.py
[2026-04-25T08:39:13.733+0000] {processor.py:840} INFO - DAG(s) 'example_nested_branch_dag' retrieved from /home/airflow/.local/lib/python3.12/site-packages/airflow/example_dags/example_nested_branch_dag.py
[2026-04-25T08:39:13.755+0000] {logging_mixin.py:188} INFO - [2026-04-25T08:39:13.755+0000] {dag.py:3096} INFO - Sync 1 DAGs
[2026-04-25T08:39:13.776+0000] {logging_mixin.py:188} INFO - [2026-04-25T08:39:13.776+0000] {dag.py:3954} INFO - Setting next_dagrun for example_nested_branch_dag to 2026-04-24 00:00:00+00:00, run_after=2026-04-25 00:00:00+00:00
[2026-04-25T08:39:13.790+0000] {processor.py:183} INFO - Processing /home/airflow/.local/lib/python3.12/site-packages/airflow/example_dags/example_nested_branch_dag.py took 0.075 seconds
[2026-04-25T08:39:43.960+0000] {processor.py:161} INFO - Started process (PID=854) to work on /home/airflow/.local/lib/python3.12/site-packages/airflow/example_dags/example_nested_branch_dag.py
[2026-04-25T08:39:43.961+0000] {processor.py:830} INFO - Processing file /home/airflow/.local/lib/python3.12/site-packages/airflow/example_dags/example_nested_branch_dag.py for tasks to queue
[2026-04-25T08:39:43.962+0000] {logging_mixin.py:188} INFO - [2026-04-25T08:39:43.962+0000] {dagbag.py:545} INFO - Filling up the DagBag from /home/airflow/.local/lib/python3.12/site-packages/airflow/example_dags/example_nested_branch_dag.py
[2026-04-25T08:39:43.970+0000] {processor.py:840} INFO - DAG(s) 'example_nested_branch_dag' retrieved from /home/airflow/.local/lib/python3.12/site-packages/airflow/example_dags/example_nested_branch_dag.py
[2026-04-25T08:39:43.993+0000] {logging_mixin.py:188} INFO - [2026-04-25T08:39:43.993+0000] {dag.py:3096} INFO - Sync 1 DAGs
[2026-04-25T08:39:44.014+0000] {logging_mixin.py:188} INFO - [2026-04-25T08:39:44.014+0000] {dag.py:3954} INFO - Setting next_dagrun for example_nested_branch_dag to 2026-04-24 00:00:00+00:00, run_after=2026-04-25 00:00:00+00:00
[2026-04-25T08:39:44.033+0000] {processor.py:183} INFO - Processing /home/airflow/.local/lib/python3.12/site-packages/airflow/example_dags/example_nested_branch_dag.py took 0.078 seconds
[2026-04-25T08:40:14.202+0000] {processor.py:161} INFO - Started process (PID=912) to work on /home/airflow/.local/lib/python3.12/site-packages/airflow/example_dags/example_nested_branch_dag.py
[2026-04-25T08:40:14.202+0000] {processor.py:830} INFO - Processing file /home/airflow/.local/lib/python3.12/site-packages/airflow/example_dags/example_nested_branch_dag.py for tasks to queue
[2026-04-25T08:40:14.204+0000] {logging_mixin.py:188} INFO - [2026-04-25T08:40:14.203+0000] {dagbag.py:545} INFO - Filling up the DagBag from /home/airflow/.local/lib/python3.12/site-packages/airflow/example_dags/example_nested_branch_dag.py
[2026-04-25T08:40:14.212+0000] {processor.py:840} INFO - DAG(s) 'example_nested_branch_dag' retrieved from /home/airflow/.local/lib/python3.12/site-packages/airflow/example_dags/example_nested_branch_dag.py
[2026-04-25T08:40:14.236+0000] {logging_mixin.py:188} INFO - [2026-04-25T08:40:14.236+0000] {dag.py:3096} INFO - Sync 1 DAGs
[2026-04-25T08:40:14.261+0000] {logging_mixin.py:188} INFO - [2026-04-25T08:40:14.261+0000] {dag.py:3954} INFO - Setting next_dagrun for example_nested_branch_dag to 2026-04-24 00:00:00+00:00, run_after=2026-04-25 00:00:00+00:00
[2026-04-25T08:40:14.276+0000] {processor.py:183} INFO - Processing /home/airflow/.local/lib/python3.12/site-packages/airflow/example_dags/example_nested_branch_dag.py took 0.079 seconds
[2026-04-25T08:40:44.661+0000] {processor.py:161} INFO - Started process (PID=970) to work on /home/airflow/.local/lib/python3.12/site-packages/airflow/example_dags/example_nested_branch_dag.py
[2026-04-25T08:40:44.662+0000] {processor.py:830} INFO - Processing file /home/airflow/.local/lib/python3.12/site-packages/airflow/example_dags/example_nested_branch_dag.py for tasks to queue
[2026-04-25T08:40:44.664+0000] {logging_mixin.py:188} INFO - [2026-04-25T08:40:44.664+0000] {dagbag.py:545} INFO - Filling up the DagBag from /home/airflow/.local/lib/python3.12/site-packages/airflow/example_dags/example_nested_branch_dag.py
[2026-04-25T08:40:44.680+0000] {processor.py:840} INFO - DAG(s) 'example_nested_branch_dag' retrieved from /home/airflow/.local/lib/python3.12/site-packages/airflow/example_dags/example_nested_branch_dag.py
[2026-04-25T08:40:44.714+0000] {logging_mixin.py:188} INFO - [2026-04-25T08:40:44.714+0000] {dag.py:3096} INFO - Sync 1 DAGs
[2026-04-25T08:40:44.741+0000] {logging_mixin.py:188} INFO - [2026-04-25T08:40:44.741+0000] {dag.py:3954} INFO - Setting next_dagrun for example_nested_branch_dag to 2026-04-24 00:00:00+00:00, run_after=2026-04-25 00:00:00+00:00
[2026-04-25T08:40:44.757+0000] {processor.py:183} INFO - Processing /home/airflow/.local/lib/python3.12/site-packages/airflow/example_dags/example_nested_branch_dag.py took 0.108 seconds
[2026-04-25T08:41:15.317+0000] {processor.py:161} INFO - Started process (PID=1028) to work on /home/airflow/.local/lib/python3.12/site-packages/airflow/example_dags/example_nested_branch_dag.py
[2026-04-25T08:41:15.318+0000] {processor.py:830} INFO - Processing file /home/airflow/.local/lib/python3.12/site-packages/airflow/example_dags/example_nested_branch_dag.py for tasks to queue
[2026-04-25T08:41:15.319+0000] {logging_mixin.py:188} INFO - [2026-04-25T08:41:15.319+0000] {dagbag.py:545} INFO - Filling up the DagBag from /home/airflow/.local/lib/python3.12/site-packages/airflow/example_dags/example_nested_branch_dag.py
[2026-04-25T08:41:15.328+0000] {processor.py:840} INFO - DAG(s) 'example_nested_branch_dag' retrieved from /home/airflow/.local/lib/python3.12/site-packages/airflow/example_dags/example_nested_branch_dag.py
[2026-04-25T08:41:15.351+0000] {logging_mixin.py:188} INFO - [2026-04-25T08:41:15.350+0000] {dag.py:3096} INFO - Sync 1 DAGs
[2026-04-25T08:41:15.369+0000] {logging_mixin.py:188} INFO - [2026-04-25T08:41:15.369+0000] {dag.py:3954} INFO - Setting next_dagrun for example_nested_branch_dag to 2026-04-24 00:00:00+00:00, run_after=2026-04-25 00:00:00+00:00
[2026-04-25T08:41:15.385+0000] {processor.py:183} INFO - Processing /home/airflow/.local/lib/python3.12/site-packages/airflow/example_dags/example_nested_branch_dag.py took 0.072 seconds
[2026-04-25T08:41:46.066+0000] {processor.py:161} INFO - Started process (PID=1086) to work on /home/airflow/.local/lib/python3.12/site-packages/airflow/example_dags/example_nested_branch_dag.py
[2026-04-25T08:41:46.067+0000] {processor.py:830} INFO - Processing file /home/airflow/.local/lib/python3.12/site-packages/airflow/example_dags/example_nested_branch_dag.py for tasks to queue
[2026-04-25T08:41:46.068+0000] {logging_mixin.py:188} INFO - [2026-04-25T08:41:46.068+0000] {dagbag.py:545} INFO - Filling up the DagBag from /home/airflow/.local/lib/python3.12/site-packages/airflow/example_dags/example_nested_branch_dag.py
[2026-04-25T08:41:46.076+0000] {processor.py:840} INFO - DAG(s) 'example_nested_branch_dag' retrieved from /home/airflow/.local/lib/python3.12/site-packages/airflow/example_dags/example_nested_branch_dag.py
[2026-04-25T08:41:46.096+0000] {logging_mixin.py:188} INFO - [2026-04-25T08:41:46.096+0000] {dag.py:3096} INFO - Sync 1 DAGs
[2026-04-25T08:41:46.120+0000] {logging_mixin.py:188} INFO - [2026-04-25T08:41:46.120+0000] {dag.py:3954} INFO - Setting next_dagrun for example_nested_branch_dag to 2026-04-24 00:00:00+00:00, run_after=2026-04-25 00:00:00+00:00
[2026-04-25T08:41:46.144+0000] {processor.py:183} INFO - Processing /home/airflow/.local/lib/python3.12/site-packages/airflow/example_dags/example_nested_branch_dag.py took 0.083 seconds
[2026-04-25T08:42:16.207+0000] {processor.py:161} INFO - Started process (PID=1143) to work on /home/airflow/.local/lib/python3.12/site-packages/airflow/example_dags/example_nested_branch_dag.py
[2026-04-25T08:42:16.208+0000] {processor.py:830} INFO - Processing file /home/airflow/.local/lib/python3.12/site-packages/airflow/example_dags/example_nested_branch_dag.py for tasks to queue
[2026-04-25T08:42:16.209+0000] {logging_mixin.py:188} INFO - [2026-04-25T08:42:16.209+0000] {dagbag.py:545} INFO - Filling up the DagBag from /home/airflow/.local/lib/python3.12/site-packages/airflow/example_dags/example_nested_branch_dag.py
[2026-04-25T08:42:16.217+0000] {processor.py:840} INFO - DAG(s) 'example_nested_branch_dag' retrieved from /home/airflow/.local/lib/python3.12/site-packages/airflow/example_dags/example_nested_branch_dag.py
[2026-04-25T08:42:16.235+0000] {logging_mixin.py:188} INFO - [2026-04-25T08:42:16.235+0000] {dag.py:3096} INFO - Sync 1 DAGs
[2026-04-25T08:42:16.253+0000] {logging_mixin.py:188} INFO - [2026-04-25T08:42:16.253+0000] {dag.py:3954} INFO - Setting next_dagrun for example_nested_branch_dag to 2026-04-24 00:00:00+00:00, run_after=2026-04-25 00:00:00+00:00
[2026-04-25T08:42:16.268+0000] {processor.py:183} INFO - Processing /home/airflow/.local/lib/python3.12/site-packages/airflow/example_dags/example_nested_branch_dag.py took 0.065 seconds
[2026-04-25T08:42:46.543+0000] {processor.py:161} INFO - Started process (PID=1201) to work on /home/airflow/.local/lib/python3.12/site-packages/airflow/example_dags/example_nested_branch_dag.py
[2026-04-25T08:42:46.544+0000] {processor.py:830} INFO - Processing file /home/airflow/.local/lib/python3.12/site-packages/airflow/example_dags/example_nested_branch_dag.py for tasks to queue
[2026-04-25T08:42:46.546+0000] {logging_mixin.py:188} INFO - [2026-04-25T08:42:46.546+0000] {dagbag.py:545} INFO - Filling up the DagBag from /home/airflow/.local/lib/python3.12/site-packages/airflow/example_dags/example_nested_branch_dag.py
[2026-04-25T08:42:46.560+0000] {processor.py:840} INFO - DAG(s) 'example_nested_branch_dag' retrieved from /home/airflow/.local/lib/python3.12/site-packages/airflow/example_dags/example_nested_branch_dag.py
[2026-04-25T08:42:46.584+0000] {logging_mixin.py:188} INFO - [2026-04-25T08:42:46.584+0000] {dag.py:3096} INFO - Sync 1 DAGs
[2026-04-25T08:42:46.615+0000] {logging_mixin.py:188} INFO - [2026-04-25T08:42:46.615+0000] {dag.py:3954} INFO - Setting next_dagrun for example_nested_branch_dag to 2026-04-24 00:00:00+00:00, run_after=2026-04-25 00:00:00+00:00
[2026-04-25T08:42:46.634+0000] {processor.py:183} INFO - Processing /home/airflow/.local/lib/python3.12/site-packages/airflow/example_dags/example_nested_branch_dag.py took 0.098 seconds
[2026-04-25T08:43:17.116+0000] {processor.py:161} INFO - Started process (PID=1259) to work on /home/airflow/.local/lib/python3.12/site-packages/airflow/example_dags/example_nested_branch_dag.py
[2026-04-25T08:43:17.116+0000] {processor.py:830} INFO - Processing file /home/airflow/.local/lib/python3.12/site-packages/airflow/example_dags/example_nested_branch_dag.py for tasks to queue
[2026-04-25T08:43:17.118+0000] {logging_mixin.py:188} INFO - [2026-04-25T08:43:17.118+0000] {dagbag.py:545} INFO - Filling up the DagBag from /home/airflow/.local/lib/python3.12/site-packages/airflow/example_dags/example_nested_branch_dag.py
[2026-04-25T08:43:17.126+0000] {processor.py:840} INFO - DAG(s) 'example_nested_branch_dag' retrieved from /home/airflow/.local/lib/python3.12/site-packages/airflow/example_dags/example_nested_branch_dag.py
[2026-04-25T08:43:17.147+0000] {logging_mixin.py:188} INFO - [2026-04-25T08:43:17.146+0000] {dag.py:3096} INFO - Sync 1 DAGs
[2026-04-25T08:43:17.168+0000] {logging_mixin.py:188} INFO - [2026-04-25T08:43:17.168+0000] {dag.py:3954} INFO - Setting next_dagrun for example_nested_branch_dag to 2026-04-24 00:00:00+00:00, run_after=2026-04-25 00:00:00+00:00
[2026-04-25T08:43:17.185+0000] {processor.py:183} INFO - Processing /home/airflow/.local/lib/python3.12/site-packages/airflow/example_dags/example_nested_branch_dag.py took 0.075 seconds
[2026-04-25T08:43:47.941+0000] {processor.py:161} INFO - Started process (PID=1317) to work on /home/airflow/.local/lib/python3.12/site-packages/airflow/example_dags/example_nested_branch_dag.py
[2026-04-25T08:43:47.941+0000] {processor.py:830} INFO - Processing file /home/airflow/.local/lib/python3.12/site-packages/airflow/example_dags/example_nested_branch_dag.py for tasks to queue
[2026-04-25T08:43:47.942+0000] {logging_mixin.py:188} INFO - [2026-04-25T08:43:47.942+0000] {dagbag.py:545} INFO - Filling up the DagBag from /home/airflow/.local/lib/python3.12/site-packages/airflow/example_dags/example_nested_branch_dag.py
[2026-04-25T08:43:47.950+0000] {processor.py:840} INFO - DAG(s) 'example_nested_branch_dag' retrieved from /home/airflow/.local/lib/python3.12/site-packages/airflow/example_dags/example_nested_branch_dag.py
[2026-04-25T08:43:47.969+0000] {logging_mixin.py:188} INFO - [2026-04-25T08:43:47.968+0000] {dag.py:3096} INFO - Sync 1 DAGs
[2026-04-25T08:43:47.992+0000] {logging_mixin.py:188} INFO - [2026-04-25T08:43:47.991+0000] {dag.py:3954} INFO - Setting next_dagrun for example_nested_branch_dag to 2026-04-24 00:00:00+00:00, run_after=2026-04-25 00:00:00+00:00
[2026-04-25T08:43:48.013+0000] {processor.py:183} INFO - Processing /home/airflow/.local/lib/python3.12/site-packages/airflow/example_dags/example_nested_branch_dag.py took 0.078 seconds
[2026-04-25T08:44:19.032+0000] {processor.py:161} INFO - Started process (PID=1375) to work on /home/airflow/.local/lib/python3.12/site-packages/airflow/example_dags/example_nested_branch_dag.py
[2026-04-25T08:44:19.033+0000] {processor.py:830} INFO - Processing file /home/airflow/.local/lib/python3.12/site-packages/airflow/example_dags/example_nested_branch_dag.py for tasks to queue
[2026-04-25T08:44:19.035+0000] {logging_mixin.py:188} INFO - [2026-04-25T08:44:19.034+0000] {dagbag.py:545} INFO - Filling up the DagBag from /home/airflow/.local/lib/python3.12/site-packages/airflow/example_dags/example_nested_branch_dag.py
[2026-04-25T08:44:19.047+0000] {processor.py:840} INFO - DAG(s) 'example_nested_branch_dag' retrieved from /home/airflow/.local/lib/python3.12/site-packages/airflow/example_dags/example_nested_branch_dag.py
[2026-04-25T08:44:19.065+0000] {logging_mixin.py:188} INFO - [2026-04-25T08:44:19.065+0000] {dag.py:3096} INFO - Sync 1 DAGs
[2026-04-25T08:44:19.084+0000] {logging_mixin.py:188} INFO - [2026-04-25T08:44:19.083+0000] {dag.py:3954} INFO - Setting next_dagrun for example_nested_branch_dag to 2026-04-24 00:00:00+00:00, run_after=2026-04-25 00:00:00+00:00
[2026-04-25T08:44:19.099+0000] {processor.py:183} INFO - Processing /home/airflow/.local/lib/python3.12/site-packages/airflow/example_dags/example_nested_branch_dag.py took 0.073 seconds
[2026-04-25T08:44:49.492+0000] {processor.py:161} INFO - Started process (PID=1433) to work on /home/airflow/.local/lib/python3.12/site-packages/airflow/example_dags/example_nested_branch_dag.py
[2026-04-25T08:44:49.493+0000] {processor.py:830} INFO - Processing file /home/airflow/.local/lib/python3.12/site-packages/airflow/example_dags/example_nested_branch_dag.py for tasks to queue
[2026-04-25T08:44:49.494+0000] {logging_mixin.py:188} INFO - [2026-04-25T08:44:49.494+0000] {dagbag.py:545} INFO - Filling up the DagBag from /home/airflow/.local/lib/python3.12/site-packages/airflow/example_dags/example_nested_branch_dag.py
[2026-04-25T08:44:49.502+0000] {processor.py:840} INFO - DAG(s) 'example_nested_branch_dag' retrieved from /home/airflow/.local/lib/python3.12/site-packages/airflow/example_dags/example_nested_branch_dag.py
[2026-04-25T08:44:49.521+0000] {logging_mixin.py:188} INFO - [2026-04-25T08:44:49.521+0000] {dag.py:3096} INFO - Sync 1 DAGs
[2026-04-25T08:44:49.542+0000] {logging_mixin.py:188} INFO - [2026-04-25T08:44:49.542+0000] {dag.py:3954} INFO - Setting next_dagrun for example_nested_branch_dag to 2026-04-24 00:00:00+00:00, run_after=2026-04-25 00:00:00+00:00
[2026-04-25T08:44:49.558+0000] {processor.py:183} INFO - Processing /home/airflow/.local/lib/python3.12/site-packages/airflow/example_dags/example_nested_branch_dag.py took 0.070 seconds
[2026-04-25T08:45:20.622+0000] {processor.py:161} INFO - Started process (PID=1492) to work on /home/airflow/.local/lib/python3.12/site-packages/airflow/example_dags/example_nested_branch_dag.py
[2026-04-25T08:45:20.622+0000] {processor.py:830} INFO - Processing file /home/airflow/.local/lib/python3.12/site-packages/airflow/example_dags/example_nested_branch_dag.py for tasks to queue
[2026-04-25T08:45:20.624+0000] {logging_mixin.py:188} INFO - [2026-04-25T08:45:20.624+0000] {dagbag.py:545} INFO - Filling up the DagBag from /home/airflow/.local/lib/python3.12/site-packages/airflow/example_dags/example_nested_branch_dag.py
[2026-04-25T08:45:20.636+0000] {processor.py:840} INFO - DAG(s) 'example_nested_branch_dag' retrieved from /home/airflow/.local/lib/python3.12/site-packages/airflow/example_dags/example_nested_branch_dag.py
[2026-04-25T08:45:20.668+0000] {logging_mixin.py:188} INFO - [2026-04-25T08:45:20.668+0000] {dag.py:3096} INFO - Sync 1 DAGs
[2026-04-25T08:45:20.696+0000] {logging_mixin.py:188} INFO - [2026-04-25T08:45:20.696+0000] {dag.py:3954} INFO - Setting next_dagrun for example_nested_branch_dag to 2026-04-24 00:00:00+00:00, run_after=2026-04-25 00:00:00+00:00
[2026-04-25T08:45:20.712+0000] {processor.py:183} INFO - Processing /home/airflow/.local/lib/python3.12/site-packages/airflow/example_dags/example_nested_branch_dag.py took 0.098 seconds
[2026-04-25T08:45:51.626+0000] {processor.py:161} INFO - Started process (PID=1550) to work on /home/airflow/.local/lib/python3.12/site-packages/airflow/example_dags/example_nested_branch_dag.py
[2026-04-25T08:45:51.627+0000] {processor.py:830} INFO - Processing file /home/airflow/.local/lib/python3.12/site-packages/airflow/example_dags/example_nested_branch_dag.py for tasks to queue
[2026-04-25T08:45:51.628+0000] {logging_mixin.py:188} INFO - [2026-04-25T08:45:51.628+0000] {dagbag.py:545} INFO - Filling up the DagBag from /home/airflow/.local/lib/python3.12/site-packages/airflow/example_dags/example_nested_branch_dag.py
[2026-04-25T08:45:51.636+0000] {processor.py:840} INFO - DAG(s) 'example_nested_branch_dag' retrieved from /home/airflow/.local/lib/python3.12/site-packages/airflow/example_dags/example_nested_branch_dag.py
[2026-04-25T08:45:51.655+0000] {logging_mixin.py:188} INFO - [2026-04-25T08:45:51.654+0000] {dag.py:3096} INFO - Sync 1 DAGs
[2026-04-25T08:45:51.674+0000] {logging_mixin.py:188} INFO - [2026-04-25T08:45:51.673+0000] {dag.py:3954} INFO - Setting next_dagrun for example_nested_branch_dag to 2026-04-24 00:00:00+00:00, run_after=2026-04-25 00:00:00+00:00
[2026-04-25T08:45:51.688+0000] {processor.py:183} INFO - Processing /home/airflow/.local/lib/python3.12/site-packages/airflow/example_dags/example_nested_branch_dag.py took 0.067 seconds
[2026-04-25T08:46:22.723+0000] {processor.py:161} INFO - Started process (PID=1608) to work on /home/airflow/.local/lib/python3.12/site-packages/airflow/example_dags/example_nested_branch_dag.py
[2026-04-25T08:46:22.724+0000] {processor.py:830} INFO - Processing file /home/airflow/.local/lib/python3.12/site-packages/airflow/example_dags/example_nested_branch_dag.py for tasks to queue
[2026-04-25T08:46:22.725+0000] {logging_mixin.py:188} INFO - [2026-04-25T08:46:22.725+0000] {dagbag.py:545} INFO - Filling up the DagBag from /home/airflow/.local/lib/python3.12/site-packages/airflow/example_dags/example_nested_branch_dag.py
[2026-04-25T08:46:22.733+0000] {processor.py:840} INFO - DAG(s) 'example_nested_branch_dag' retrieved from /home/airflow/.local/lib/python3.12/site-packages/airflow/example_dags/example_nested_branch_dag.py
[2026-04-25T08:46:22.893+0000] {logging_mixin.py:188} INFO - [2026-04-25T08:46:22.893+0000] {dag.py:3096} INFO - Sync 1 DAGs
[2026-04-25T08:46:22.912+0000] {logging_mixin.py:188} INFO - [2026-04-25T08:46:22.912+0000] {dag.py:3954} INFO - Setting next_dagrun for example_nested_branch_dag to 2026-04-24 00:00:00+00:00, run_after=2026-04-25 00:00:00+00:00
[2026-04-25T08:46:22.926+0000] {processor.py:183} INFO - Processing /home/airflow/.local/lib/python3.12/site-packages/airflow/example_dags/example_nested_branch_dag.py took 0.207 seconds
[2026-04-25T08:46:53.743+0000] {processor.py:161} INFO - Started process (PID=1666) to work on /home/airflow/.local/lib/python3.12/site-packages/airflow/example_dags/example_nested_branch_dag.py
[2026-04-25T08:46:53.744+0000] {processor.py:830} INFO - Processing file /home/airflow/.local/lib/python3.12/site-packages/airflow/example_dags/example_nested_branch_dag.py for tasks to queue
[2026-04-25T08:46:53.745+0000] {logging_mixin.py:188} INFO - [2026-04-25T08:46:53.745+0000] {dagbag.py:545} INFO - Filling up the DagBag from /home/airflow/.local/lib/python3.12/site-packages/airflow/example_dags/example_nested_branch_dag.py
[2026-04-25T08:46:53.754+0000] {processor.py:840} INFO - DAG(s) 'example_nested_branch_dag' retrieved from /home/airflow/.local/lib/python3.12/site-packages/airflow/example_dags/example_nested_branch_dag.py
[2026-04-25T08:46:53.777+0000] {logging_mixin.py:188} INFO - [2026-04-25T08:46:53.777+0000] {dag.py:3096} INFO - Sync 1 DAGs
[2026-04-25T08:46:53.805+0000] {logging_mixin.py:188} INFO - [2026-04-25T08:46:53.804+0000] {dag.py:3954} INFO - Setting next_dagrun for example_nested_branch_dag to 2026-04-24 00:00:00+00:00, run_after=2026-04-25 00:00:00+00:00
[2026-04-25T08:46:53.821+0000] {processor.py:183} INFO - Processing /home/airflow/.local/lib/python3.12/site-packages/airflow/example_dags/example_nested_branch_dag.py took 0.083 seconds
[2026-04-25T08:47:24.251+0000] {processor.py:161} INFO - Started process (PID=1724) to work on /home/airflow/.local/lib/python3.12/site-packages/airflow/example_dags/example_nested_branch_dag.py
[2026-04-25T08:47:24.252+0000] {processor.py:830} INFO - Processing file /home/airflow/.local/lib/python3.12/site-packages/airflow/example_dags/example_nested_branch_dag.py for tasks to queue
[2026-04-25T08:47:24.253+0000] {logging_mixin.py:188} INFO - [2026-04-25T08:47:24.253+0000] {dagbag.py:545} INFO - Filling up the DagBag from /home/airflow/.local/lib/python3.12/site-packages/airflow/example_dags/example_nested_branch_dag.py
[2026-04-25T08:47:24.261+0000] {processor.py:840} INFO - DAG(s) 'example_nested_branch_dag' retrieved from /home/airflow/.local/lib/python3.12/site-packages/airflow/example_dags/example_nested_branch_dag.py
[2026-04-25T08:47:24.279+0000] {logging_mixin.py:188} INFO - [2026-04-25T08:47:24.279+0000] {dag.py:3096} INFO - Sync 1 DAGs
[2026-04-25T08:47:24.298+0000] {logging_mixin.py:188} INFO - [2026-04-25T08:47:24.298+0000] {dag.py:3954} INFO - Setting next_dagrun for example_nested_branch_dag to 2026-04-24 00:00:00+00:00, run_after=2026-04-25 00:00:00+00:00
[2026-04-25T08:47:24.314+0000] {processor.py:183} INFO - Processing /home/airflow/.local/lib/python3.12/site-packages/airflow/example_dags/example_nested_branch_dag.py took 0.068 seconds
[2026-04-25T08:47:54.629+0000] {processor.py:161} INFO - Started process (PID=1782) to work on /home/airflow/.local/lib/python3.12/site-packages/airflow/example_dags/example_nested_branch_dag.py
[2026-04-25T08:47:54.630+0000] {processor.py:830} INFO - Processing file /home/airflow/.local/lib/python3.12/site-packages/airflow/example_dags/example_nested_branch_dag.py for tasks to queue
[2026-04-25T08:47:54.631+0000] {logging_mixin.py:188} INFO - [2026-04-25T08:47:54.631+0000] {dagbag.py:545} INFO - Filling up the DagBag from /home/airflow/.local/lib/python3.12/site-packages/airflow/example_dags/example_nested_branch_dag.py
[2026-04-25T08:47:54.640+0000] {processor.py:840} INFO - DAG(s) 'example_nested_branch_dag' retrieved from /home/airflow/.local/lib/python3.12/site-packages/airflow/example_dags/example_nested_branch_dag.py
[2026-04-25T08:47:54.662+0000] {logging_mixin.py:188} INFO - [2026-04-25T08:47:54.662+0000] {dag.py:3096} INFO - Sync 1 DAGs
[2026-04-25T08:47:54.681+0000] {logging_mixin.py:188} INFO - [2026-04-25T08:47:54.681+0000] {dag.py:3954} INFO - Setting next_dagrun for example_nested_branch_dag to 2026-04-24 00:00:00+00:00, run_after=2026-04-25 00:00:00+00:00
[2026-04-25T08:47:54.696+0000] {processor.py:183} INFO - Processing /home/airflow/.local/lib/python3.12/site-packages/airflow/example_dags/example_nested_branch_dag.py took 0.072 seconds
[2026-04-25T08:48:25.550+0000] {processor.py:161} INFO - Started process (PID=1840) to work on /home/airflow/.local/lib/python3.12/site-packages/airflow/example_dags/example_nested_branch_dag.py
[2026-04-25T08:48:25.551+0000] {processor.py:830} INFO - Processing file /home/airflow/.local/lib/python3.12/site-packages/airflow/example_dags/example_nested_branch_dag.py for tasks to queue
[2026-04-25T08:48:25.553+0000] {logging_mixin.py:188} INFO - [2026-04-25T08:48:25.553+0000] {dagbag.py:545} INFO - Filling up the DagBag from /home/airflow/.local/lib/python3.12/site-packages/airflow/example_dags/example_nested_branch_dag.py
[2026-04-25T08:48:25.564+0000] {processor.py:840} INFO - DAG(s) 'example_nested_branch_dag' retrieved from /home/airflow/.local/lib/python3.12/site-packages/airflow/example_dags/example_nested_branch_dag.py
[2026-04-25T08:48:25.610+0000] {logging_mixin.py:188} INFO - [2026-04-25T08:48:25.610+0000] {dag.py:3096} INFO - Sync 1 DAGs
[2026-04-25T08:48:25.645+0000] {logging_mixin.py:188} INFO - [2026-04-25T08:48:25.645+0000] {dag.py:3954} INFO - Setting next_dagrun for example_nested_branch_dag to 2026-04-24 00:00:00+00:00, run_after=2026-04-25 00:00:00+00:00
[2026-04-25T08:48:25.693+0000] {processor.py:183} INFO - Processing /home/airflow/.local/lib/python3.12/site-packages/airflow/example_dags/example_nested_branch_dag.py took 0.152 seconds
[2026-04-25T08:48:56.357+0000] {processor.py:161} INFO - Started process (PID=1898) to work on /home/airflow/.local/lib/python3.12/site-packages/airflow/example_dags/example_nested_branch_dag.py
[2026-04-25T08:48:56.358+0000] {processor.py:830} INFO - Processing file /home/airflow/.local/lib/python3.12/site-packages/airflow/example_dags/example_nested_branch_dag.py for tasks to queue
[2026-04-25T08:48:56.359+0000] {logging_mixin.py:188} INFO - [2026-04-25T08:48:56.359+0000] {dagbag.py:545} INFO - Filling up the DagBag from /home/airflow/.local/lib/python3.12/site-packages/airflow/example_dags/example_nested_branch_dag.py
[2026-04-25T08:48:56.370+0000] {processor.py:840} INFO - DAG(s) 'example_nested_branch_dag' retrieved from /home/airflow/.local/lib/python3.12/site-packages/airflow/example_dags/example_nested_branch_dag.py
[2026-04-25T08:48:56.391+0000] {logging_mixin.py:188} INFO - [2026-04-25T08:48:56.390+0000] {dag.py:3096} INFO - Sync 1 DAGs
[2026-04-25T08:48:56.411+0000] {logging_mixin.py:188} INFO - [2026-04-25T08:48:56.411+0000] {dag.py:3954} INFO - Setting next_dagrun for example_nested_branch_dag to 2026-04-24 00:00:00+00:00, run_after=2026-04-25 00:00:00+00:00
[2026-04-25T08:48:56.425+0000] {processor.py:183} INFO - Processing /home/airflow/.local/lib/python3.12/site-packages/airflow/example_dags/example_nested_branch_dag.py took 0.073 seconds
[2026-04-25T08:49:26.842+0000] {processor.py:161} INFO - Started process (PID=1956) to work on /home/airflow/.local/lib/python3.12/site-packages/airflow/example_dags/example_nested_branch_dag.py
[2026-04-25T08:49:26.842+0000] {processor.py:830} INFO - Processing file /home/airflow/.local/lib/python3.12/site-packages/airflow/example_dags/example_nested_branch_dag.py for tasks to queue
[2026-04-25T08:49:26.844+0000] {logging_mixin.py:188} INFO - [2026-04-25T08:49:26.843+0000] {dagbag.py:545} INFO - Filling up the DagBag from /home/airflow/.local/lib/python3.12/site-packages/airflow/example_dags/example_nested_branch_dag.py
[2026-04-25T08:49:26.852+0000] {processor.py:840} INFO - DAG(s) 'example_nested_branch_dag' retrieved from /home/airflow/.local/lib/python3.12/site-packages/airflow/example_dags/example_nested_branch_dag.py
[2026-04-25T08:49:26.875+0000] {logging_mixin.py:188} INFO - [2026-04-25T08:49:26.875+0000] {dag.py:3096} INFO - Sync 1 DAGs
[2026-04-25T08:49:26.904+0000] {logging_mixin.py:188} INFO - [2026-04-25T08:49:26.904+0000] {dag.py:3954} INFO - Setting next_dagrun for example_nested_branch_dag to 2026-04-24 00:00:00+00:00, run_after=2026-04-25 00:00:00+00:00
[2026-04-25T08:49:26.921+0000] {processor.py:183} INFO - Processing /home/airflow/.local/lib/python3.12/site-packages/airflow/example_dags/example_nested_branch_dag.py took 0.084 seconds
[2026-04-25T08:49:57.362+0000] {processor.py:161} INFO - Started process (PID=2014) to work on /home/airflow/.local/lib/python3.12/site-packages/airflow/example_dags/example_nested_branch_dag.py
[2026-04-25T08:49:57.363+0000] {processor.py:830} INFO - Processing file /home/airflow/.local/lib/python3.12/site-packages/airflow/example_dags/example_nested_branch_dag.py for tasks to queue
[2026-04-25T08:49:57.364+0000] {logging_mixin.py:188} INFO - [2026-04-25T08:49:57.364+0000] {dagbag.py:545} INFO - Filling up the DagBag from /home/airflow/.local/lib/python3.12/site-packages/airflow/example_dags/example_nested_branch_dag.py
[2026-04-25T08:49:57.372+0000] {processor.py:840} INFO - DAG(s) 'example_nested_branch_dag' retrieved from /home/airflow/.local/lib/python3.12/site-packages/airflow/example_dags/example_nested_branch_dag.py
[2026-04-25T08:49:57.396+0000] {logging_mixin.py:188} INFO - [2026-04-25T08:49:57.396+0000] {dag.py:3096} INFO - Sync 1 DAGs
[2026-04-25T08:49:57.417+0000] {logging_mixin.py:188} INFO - [2026-04-25T08:49:57.416+0000] {dag.py:3954} INFO - Setting next_dagrun for example_nested_branch_dag to 2026-04-24 00:00:00+00:00, run_after=2026-04-25 00:00:00+00:00
[2026-04-25T08:49:57.432+0000] {processor.py:183} INFO - Processing /home/airflow/.local/lib/python3.12/site-packages/airflow/example_dags/example_nested_branch_dag.py took 0.075 seconds
[2026-04-25T08:50:27.804+0000] {processor.py:161} INFO - Started process (PID=2072) to work on /home/airflow/.local/lib/python3.12/site-packages/airflow/example_dags/example_nested_branch_dag.py
[2026-04-25T08:50:27.805+0000] {processor.py:830} INFO - Processing file /home/airflow/.local/lib/python3.12/site-packages/airflow/example_dags/example_nested_branch_dag.py for tasks to queue
[2026-04-25T08:50:27.806+0000] {logging_mixin.py:188} INFO - [2026-04-25T08:50:27.806+0000] {dagbag.py:545} INFO - Filling up the DagBag from /home/airflow/.local/lib/python3.12/site-packages/airflow/example_dags/example_nested_branch_dag.py
[2026-04-25T08:50:27.815+0000] {processor.py:840} INFO - DAG(s) 'example_nested_branch_dag' retrieved from /home/airflow/.local/lib/python3.12/site-packages/airflow/example_dags/example_nested_branch_dag.py
[2026-04-25T08:50:27.833+0000] {logging_mixin.py:188} INFO - [2026-04-25T08:50:27.833+0000] {dag.py:3096} INFO - Sync 1 DAGs
[2026-04-25T08:50:27.853+0000] {logging_mixin.py:188} INFO - [2026-04-25T08:50:27.852+0000] {dag.py:3954} INFO - Setting next_dagrun for example_nested_branch_dag to 2026-04-24 00:00:00+00:00, run_after=2026-04-25 00:00:00+00:00
[2026-04-25T08:50:27.867+0000] {processor.py:183} INFO - Processing /home/airflow/.local/lib/python3.12/site-packages/airflow/example_dags/example_nested_branch_dag.py took 0.067 seconds
[2026-04-25T08:50:58.351+0000] {processor.py:161} INFO - Started process (PID=2130) to work on /home/airflow/.local/lib/python3.12/site-packages/airflow/example_dags/example_nested_branch_dag.py
[2026-04-25T08:50:58.352+0000] {processor.py:830} INFO - Processing file /home/airflow/.local/lib/python3.12/site-packages/airflow/example_dags/example_nested_branch_dag.py for tasks to queue
[2026-04-25T08:50:58.353+0000] {logging_mixin.py:188} INFO - [2026-04-25T08:50:58.353+0000] {dagbag.py:545} INFO - Filling up the DagBag from /home/airflow/.local/lib/python3.12/site-packages/airflow/example_dags/example_nested_branch_dag.py
[2026-04-25T08:50:58.361+0000] {processor.py:840} INFO - DAG(s) 'example_nested_branch_dag' retrieved from /home/airflow/.local/lib/python3.12/site-packages/airflow/example_dags/example_nested_branch_dag.py
[2026-04-25T08:50:58.379+0000] {logging_mixin.py:188} INFO - [2026-04-25T08:50:58.379+0000] {dag.py:3096} INFO - Sync 1 DAGs
[2026-04-25T08:50:58.398+0000] {logging_mixin.py:188} INFO - [2026-04-25T08:50:58.397+0000] {dag.py:3954} INFO - Setting next_dagrun for example_nested_branch_dag to 2026-04-24 00:00:00+00:00, run_after=2026-04-25 00:00:00+00:00
[2026-04-25T08:50:58.411+0000] {processor.py:183} INFO - Processing /home/airflow/.local/lib/python3.12/site-packages/airflow/example_dags/example_nested_branch_dag.py took 0.066 seconds
[2026-04-25T08:51:29.005+0000] {processor.py:161} INFO - Started process (PID=2188) to work on /home/airflow/.local/lib/python3.12/site-packages/airflow/example_dags/example_nested_branch_dag.py
[2026-04-25T08:51:29.005+0000] {processor.py:830} INFO - Processing file /home/airflow/.local/lib/python3.12/site-packages/airflow/example_dags/example_nested_branch_dag.py for tasks to queue
[2026-04-25T08:51:29.007+0000] {logging_mixin.py:188} INFO - [2026-04-25T08:51:29.006+0000] {dagbag.py:545} INFO - Filling up the DagBag from /home/airflow/.local/lib/python3.12/site-packages/airflow/example_dags/example_nested_branch_dag.py
[2026-04-25T08:51:29.014+0000] {processor.py:840} INFO - DAG(s) 'example_nested_branch_dag' retrieved from /home/airflow/.local/lib/python3.12/site-packages/airflow/example_dags/example_nested_branch_dag.py
[2026-04-25T08:51:29.035+0000] {logging_mixin.py:188} INFO - [2026-04-25T08:51:29.035+0000] {dag.py:3096} INFO - Sync 1 DAGs
[2026-04-25T08:51:29.063+0000] {logging_mixin.py:188} INFO - [2026-04-25T08:51:29.063+0000] {dag.py:3954} INFO - Setting next_dagrun for example_nested_branch_dag to 2026-04-24 00:00:00+00:00, run_after=2026-04-25 00:00:00+00:00
[2026-04-25T08:51:29.084+0000] {processor.py:183} INFO - Processing /home/airflow/.local/lib/python3.12/site-packages/airflow/example_dags/example_nested_branch_dag.py took 0.084 seconds
[2026-04-25T08:52:00.027+0000] {processor.py:161} INFO - Started process (PID=2246) to work on /home/airflow/.local/lib/python3.12/site-packages/airflow/example_dags/example_nested_branch_dag.py
[2026-04-25T08:52:00.028+0000] {processor.py:830} INFO - Processing file /home/airflow/.local/lib/python3.12/site-packages/airflow/example_dags/example_nested_branch_dag.py for tasks to queue
[2026-04-25T08:52:00.030+0000] {logging_mixin.py:188} INFO - [2026-04-25T08:52:00.029+0000] {dagbag.py:545} INFO - Filling up the DagBag from /home/airflow/.local/lib/python3.12/site-packages/airflow/example_dags/example_nested_branch_dag.py
[2026-04-25T08:52:00.042+0000] {processor.py:840} INFO - DAG(s) 'example_nested_branch_dag' retrieved from /home/airflow/.local/lib/python3.12/site-packages/airflow/example_dags/example_nested_branch_dag.py
[2026-04-25T08:52:00.069+0000] {logging_mixin.py:188} INFO - [2026-04-25T08:52:00.069+0000] {dag.py:3096} INFO - Sync 1 DAGs
[2026-04-25T08:52:00.099+0000] {logging_mixin.py:188} INFO - [2026-04-25T08:52:00.099+0000] {dag.py:3954} INFO - Setting next_dagrun for example_nested_branch_dag to 2026-04-24 00:00:00+00:00, run_after=2026-04-25 00:00:00+00:00
[2026-04-25T08:52:00.120+0000] {processor.py:183} INFO - Processing /home/airflow/.local/lib/python3.12/site-packages/airflow/example_dags/example_nested_branch_dag.py took 0.100 seconds
[2026-04-25T08:52:30.572+0000] {processor.py:161} INFO - Started process (PID=2304) to work on /home/airflow/.local/lib/python3.12/site-packages/airflow/example_dags/example_nested_branch_dag.py
[2026-04-25T08:52:30.573+0000] {processor.py:830} INFO - Processing file /home/airflow/.local/lib/python3.12/site-packages/airflow/example_dags/example_nested_branch_dag.py for tasks to queue
[2026-04-25T08:52:30.574+0000] {logging_mixin.py:188} INFO - [2026-04-25T08:52:30.574+0000] {dagbag.py:545} INFO - Filling up the DagBag from /home/airflow/.local/lib/python3.12/site-packages/airflow/example_dags/example_nested_branch_dag.py
[2026-04-25T08:52:30.582+0000] {processor.py:840} INFO - DAG(s) 'example_nested_branch_dag' retrieved from /home/airflow/.local/lib/python3.12/site-packages/airflow/example_dags/example_nested_branch_dag.py
[2026-04-25T08:52:30.601+0000] {logging_mixin.py:188} INFO - [2026-04-25T08:52:30.601+0000] {dag.py:3096} INFO - Sync 1 DAGs
[2026-04-25T08:52:30.629+0000] {logging_mixin.py:188} INFO - [2026-04-25T08:52:30.629+0000] {dag.py:3954} INFO - Setting next_dagrun for example_nested_branch_dag to 2026-04-24 00:00:00+00:00, run_after=2026-04-25 00:00:00+00:00
[2026-04-25T08:52:30.651+0000] {processor.py:183} INFO - Processing /home/airflow/.local/lib/python3.12/site-packages/airflow/example_dags/example_nested_branch_dag.py took 0.085 seconds
[2026-04-25T08:53:01.285+0000] {processor.py:161} INFO - Started process (PID=2362) to work on /home/airflow/.local/lib/python3.12/site-packages/airflow/example_dags/example_nested_branch_dag.py
[2026-04-25T08:53:01.285+0000] {processor.py:830} INFO - Processing file /home/airflow/.local/lib/python3.12/site-packages/airflow/example_dags/example_nested_branch_dag.py for tasks to queue
[2026-04-25T08:53:01.290+0000] {logging_mixin.py:188} INFO - [2026-04-25T08:53:01.290+0000] {dagbag.py:545} INFO - Filling up the DagBag from /home/airflow/.local/lib/python3.12/site-packages/airflow/example_dags/example_nested_branch_dag.py
[2026-04-25T08:53:01.303+0000] {processor.py:840} INFO - DAG(s) 'example_nested_branch_dag' retrieved from /home/airflow/.local/lib/python3.12/site-packages/airflow/example_dags/example_nested_branch_dag.py
[2026-04-25T08:53:01.331+0000] {logging_mixin.py:188} INFO - [2026-04-25T08:53:01.331+0000] {dag.py:3096} INFO - Sync 1 DAGs
[2026-04-25T08:53:01.362+0000] {logging_mixin.py:188} INFO - [2026-04-25T08:53:01.360+0000] {dag.py:3954} INFO - Setting next_dagrun for example_nested_branch_dag to 2026-04-24 00:00:00+00:00, run_after=2026-04-25 00:00:00+00:00
[2026-04-25T08:53:01.386+0000] {processor.py:183} INFO - Processing /home/airflow/.local/lib/python3.12/site-packages/airflow/example_dags/example_nested_branch_dag.py took 0.108 seconds
[2026-04-25T08:53:31.862+0000] {processor.py:161} INFO - Started process (PID=2420) to work on /home/airflow/.local/lib/python3.12/site-packages/airflow/example_dags/example_nested_branch_dag.py
[2026-04-25T08:53:31.862+0000] {processor.py:830} INFO - Processing file /home/airflow/.local/lib/python3.12/site-packages/airflow/example_dags/example_nested_branch_dag.py for tasks to queue
[2026-04-25T08:53:31.864+0000] {logging_mixin.py:188} INFO - [2026-04-25T08:53:31.863+0000] {dagbag.py:545} INFO - Filling up the DagBag from /home/airflow/.local/lib/python3.12/site-packages/airflow/example_dags/example_nested_branch_dag.py
[2026-04-25T08:53:31.872+0000] {processor.py:840} INFO - DAG(s) 'example_nested_branch_dag' retrieved from /home/airflow/.local/lib/python3.12/site-packages/airflow/example_dags/example_nested_branch_dag.py
[2026-04-25T08:53:31.890+0000] {logging_mixin.py:188} INFO - [2026-04-25T08:53:31.890+0000] {dag.py:3096} INFO - Sync 1 DAGs
[2026-04-25T08:53:31.909+0000] {logging_mixin.py:188} INFO - [2026-04-25T08:53:31.909+0000] {dag.py:3954} INFO - Setting next_dagrun for example_nested_branch_dag to 2026-04-24 00:00:00+00:00, run_after=2026-04-25 00:00:00+00:00
[2026-04-25T08:53:31.924+0000] {processor.py:183} INFO - Processing /home/airflow/.local/lib/python3.12/site-packages/airflow/example_dags/example_nested_branch_dag.py took 0.067 seconds
[2026-04-25T08:54:02.292+0000] {processor.py:161} INFO - Started process (PID=2478) to work on /home/airflow/.local/lib/python3.12/site-packages/airflow/example_dags/example_nested_branch_dag.py
[2026-04-25T08:54:02.293+0000] {processor.py:830} INFO - Processing file /home/airflow/.local/lib/python3.12/site-packages/airflow/example_dags/example_nested_branch_dag.py for tasks to queue
[2026-04-25T08:54:02.294+0000] {logging_mixin.py:188} INFO - [2026-04-25T08:54:02.294+0000] {dagbag.py:545} INFO - Filling up the DagBag from /home/airflow/.local/lib/python3.12/site-packages/airflow/example_dags/example_nested_branch_dag.py
[2026-04-25T08:54:02.303+0000] {processor.py:840} INFO - DAG(s) 'example_nested_branch_dag' retrieved from /home/airflow/.local/lib/python3.12/site-packages/airflow/example_dags/example_nested_branch_dag.py
[2026-04-25T08:54:02.326+0000] {logging_mixin.py:188} INFO - [2026-04-25T08:54:02.326+0000] {dag.py:3096} INFO - Sync 1 DAGs
[2026-04-25T08:54:02.346+0000] {logging_mixin.py:188} INFO - [2026-04-25T08:54:02.346+0000] {dag.py:3954} INFO - Setting next_dagrun for example_nested_branch_dag to 2026-04-24 00:00:00+00:00, run_after=2026-04-25 00:00:00+00:00
[2026-04-25T08:54:02.362+0000] {processor.py:183} INFO - Processing /home/airflow/.local/lib/python3.12/site-packages/airflow/example_dags/example_nested_branch_dag.py took 0.075 seconds
[2026-04-25T08:54:32.720+0000] {processor.py:161} INFO - Started process (PID=2535) to work on /home/airflow/.local/lib/python3.12/site-packages/airflow/example_dags/example_nested_branch_dag.py
[2026-04-25T08:54:32.721+0000] {processor.py:830} INFO - Processing file /home/airflow/.local/lib/python3.12/site-packages/airflow/example_dags/example_nested_branch_dag.py for tasks to queue
[2026-04-25T08:54:32.722+0000] {logging_mixin.py:188} INFO - [2026-04-25T08:54:32.722+0000] {dagbag.py:545} INFO - Filling up the DagBag from /home/airflow/.local/lib/python3.12/site-packages/airflow/example_dags/example_nested_branch_dag.py
[2026-04-25T08:54:32.734+0000] {processor.py:840} INFO - DAG(s) 'example_nested_branch_dag' retrieved from /home/airflow/.local/lib/python3.12/site-packages/airflow/example_dags/example_nested_branch_dag.py
[2026-04-25T08:54:32.760+0000] {logging_mixin.py:188} INFO - [2026-04-25T08:54:32.760+0000] {dag.py:3096} INFO - Sync 1 DAGs
[2026-04-25T08:54:32.801+0000] {logging_mixin.py:188} INFO - [2026-04-25T08:54:32.801+0000] {dag.py:3954} INFO - Setting next_dagrun for example_nested_branch_dag to 2026-04-24 00:00:00+00:00, run_after=2026-04-25 00:00:00+00:00
[2026-04-25T08:54:32.826+0000] {processor.py:183} INFO - Processing /home/airflow/.local/lib/python3.12/site-packages/airflow/example_dags/example_nested_branch_dag.py took 0.111 seconds
[2026-04-25T08:55:03.281+0000] {processor.py:161} INFO - Started process (PID=2599) to work on /home/airflow/.local/lib/python3.12/site-packages/airflow/example_dags/example_nested_branch_dag.py
[2026-04-25T08:55:03.282+0000] {processor.py:830} INFO - Processing file /home/airflow/.local/lib/python3.12/site-packages/airflow/example_dags/example_nested_branch_dag.py for tasks to queue
[2026-04-25T08:55:03.284+0000] {logging_mixin.py:188} INFO - [2026-04-25T08:55:03.283+0000] {dagbag.py:545} INFO - Filling up the DagBag from /home/airflow/.local/lib/python3.12/site-packages/airflow/example_dags/example_nested_branch_dag.py
[2026-04-25T08:55:03.292+0000] {processor.py:840} INFO - DAG(s) 'example_nested_branch_dag' retrieved from /home/airflow/.local/lib/python3.12/site-packages/airflow/example_dags/example_nested_branch_dag.py
[2026-04-25T08:55:03.310+0000] {logging_mixin.py:188} INFO - [2026-04-25T08:55:03.310+0000] {dag.py:3096} INFO - Sync 1 DAGs
[2026-04-25T08:55:03.329+0000] {logging_mixin.py:188} INFO - [2026-04-25T08:55:03.329+0000] {dag.py:3954} INFO - Setting next_dagrun for example_nested_branch_dag to 2026-04-24 00:00:00+00:00, run_after=2026-04-25 00:00:00+00:00
[2026-04-25T08:55:03.344+0000] {processor.py:183} INFO - Processing /home/airflow/.local/lib/python3.12/site-packages/airflow/example_dags/example_nested_branch_dag.py took 0.070 seconds
[2026-04-25T08:55:33.702+0000] {processor.py:161} INFO - Started process (PID=2657) to work on /home/airflow/.local/lib/python3.12/site-packages/airflow/example_dags/example_nested_branch_dag.py
[2026-04-25T08:55:33.703+0000] {processor.py:830} INFO - Processing file /home/airflow/.local/lib/python3.12/site-packages/airflow/example_dags/example_nested_branch_dag.py for tasks to queue
[2026-04-25T08:55:33.704+0000] {logging_mixin.py:188} INFO - [2026-04-25T08:55:33.704+0000] {dagbag.py:545} INFO - Filling up the DagBag from /home/airflow/.local/lib/python3.12/site-packages/airflow/example_dags/example_nested_branch_dag.py
[2026-04-25T08:55:33.713+0000] {processor.py:840} INFO - DAG(s) 'example_nested_branch_dag' retrieved from /home/airflow/.local/lib/python3.12/site-packages/airflow/example_dags/example_nested_branch_dag.py
[2026-04-25T08:55:33.739+0000] {logging_mixin.py:188} INFO - [2026-04-25T08:55:33.739+0000] {dag.py:3096} INFO - Sync 1 DAGs
[2026-04-25T08:55:33.763+0000] {logging_mixin.py:188} INFO - [2026-04-25T08:55:33.763+0000] {dag.py:3954} INFO - Setting next_dagrun for example_nested_branch_dag to 2026-04-24 00:00:00+00:00, run_after=2026-04-25 00:00:00+00:00
[2026-04-25T08:55:33.784+0000] {processor.py:183} INFO - Processing /home/airflow/.local/lib/python3.12/site-packages/airflow/example_dags/example_nested_branch_dag.py took 0.086 seconds
