[2026-04-25T08:33:07.387+0000] {processor.py:161} INFO - Started process (PID=101) to work on /home/airflow/.local/lib/python3.12/site-packages/airflow/example_dags/example_branch_labels.py
[2026-04-25T08:33:07.387+0000] {processor.py:830} INFO - Processing file /home/airflow/.local/lib/python3.12/site-packages/airflow/example_dags/example_branch_labels.py for tasks to queue
[2026-04-25T08:33:07.389+0000] {logging_mixin.py:188} INFO - [2026-04-25T08:33:07.389+0000] {dagbag.py:545} INFO - Filling up the DagBag from /home/airflow/.local/lib/python3.12/site-packages/airflow/example_dags/example_branch_labels.py
[2026-04-25T08:33:07.399+0000] {processor.py:840} INFO - DAG(s) 'example_branch_labels' retrieved from /home/airflow/.local/lib/python3.12/site-packages/airflow/example_dags/example_branch_labels.py
[2026-04-25T08:33:07.501+0000] {logging_mixin.py:188} INFO - [2026-04-25T08:33:07.500+0000] {dag.py:3096} INFO - Sync 1 DAGs
[2026-04-25T08:33:07.518+0000] {logging_mixin.py:188} INFO - [2026-04-25T08:33:07.517+0000] {dag.py:3954} INFO - Setting next_dagrun for example_branch_labels to 2026-04-24 00:00:00+00:00, run_after=2026-04-25 00:00:00+00:00
[2026-04-25T08:33:07.535+0000] {processor.py:183} INFO - Processing /home/airflow/.local/lib/python3.12/site-packages/airflow/example_dags/example_branch_labels.py took 0.154 seconds
[2026-04-25T08:33:38.227+0000] {processor.py:161} INFO - Started process (PID=159) to work on /home/airflow/.local/lib/python3.12/site-packages/airflow/example_dags/example_branch_labels.py
[2026-04-25T08:33:38.227+0000] {processor.py:830} INFO - Processing file /home/airflow/.local/lib/python3.12/site-packages/airflow/example_dags/example_branch_labels.py for tasks to queue
[2026-04-25T08:33:38.229+0000] {logging_mixin.py:188} INFO - [2026-04-25T08:33:38.228+0000] {dagbag.py:545} INFO - Filling up the DagBag from /home/airflow/.local/lib/python3.12/site-packages/airflow/example_dags/example_branch_labels.py
[2026-04-25T08:33:38.235+0000] {processor.py:840} INFO - DAG(s) 'example_branch_labels' retrieved from /home/airflow/.local/lib/python3.12/site-packages/airflow/example_dags/example_branch_labels.py
[2026-04-25T08:33:38.255+0000] {logging_mixin.py:188} INFO - [2026-04-25T08:33:38.255+0000] {dag.py:3096} INFO - Sync 1 DAGs
[2026-04-25T08:33:38.274+0000] {logging_mixin.py:188} INFO - [2026-04-25T08:33:38.273+0000] {dag.py:3954} INFO - Setting next_dagrun for example_branch_labels to 2026-04-24 00:00:00+00:00, run_after=2026-04-25 00:00:00+00:00
[2026-04-25T08:33:38.289+0000] {processor.py:183} INFO - Processing /home/airflow/.local/lib/python3.12/site-packages/airflow/example_dags/example_branch_labels.py took 0.067 seconds
[2026-04-25T08:34:08.565+0000] {processor.py:161} INFO - Started process (PID=217) to work on /home/airflow/.local/lib/python3.12/site-packages/airflow/example_dags/example_branch_labels.py
[2026-04-25T08:34:08.566+0000] {processor.py:830} INFO - Processing file /home/airflow/.local/lib/python3.12/site-packages/airflow/example_dags/example_branch_labels.py for tasks to queue
[2026-04-25T08:34:08.567+0000] {logging_mixin.py:188} INFO - [2026-04-25T08:34:08.567+0000] {dagbag.py:545} INFO - Filling up the DagBag from /home/airflow/.local/lib/python3.12/site-packages/airflow/example_dags/example_branch_labels.py
[2026-04-25T08:34:08.574+0000] {processor.py:840} INFO - DAG(s) 'example_branch_labels' retrieved from /home/airflow/.local/lib/python3.12/site-packages/airflow/example_dags/example_branch_labels.py
[2026-04-25T08:34:08.595+0000] {logging_mixin.py:188} INFO - [2026-04-25T08:34:08.595+0000] {dag.py:3096} INFO - Sync 1 DAGs
[2026-04-25T08:34:08.619+0000] {logging_mixin.py:188} INFO - [2026-04-25T08:34:08.619+0000] {dag.py:3954} INFO - Setting next_dagrun for example_branch_labels to 2026-04-24 00:00:00+00:00, run_after=2026-04-25 00:00:00+00:00
[2026-04-25T08:34:08.644+0000] {processor.py:183} INFO - Processing /home/airflow/.local/lib/python3.12/site-packages/airflow/example_dags/example_branch_labels.py took 0.085 seconds
[2026-04-25T08:34:39.616+0000] {processor.py:161} INFO - Started process (PID=275) to work on /home/airflow/.local/lib/python3.12/site-packages/airflow/example_dags/example_branch_labels.py
[2026-04-25T08:34:39.616+0000] {processor.py:830} INFO - Processing file /home/airflow/.local/lib/python3.12/site-packages/airflow/example_dags/example_branch_labels.py for tasks to queue
[2026-04-25T08:34:39.618+0000] {logging_mixin.py:188} INFO - [2026-04-25T08:34:39.617+0000] {dagbag.py:545} INFO - Filling up the DagBag from /home/airflow/.local/lib/python3.12/site-packages/airflow/example_dags/example_branch_labels.py
[2026-04-25T08:34:39.624+0000] {processor.py:840} INFO - DAG(s) 'example_branch_labels' retrieved from /home/airflow/.local/lib/python3.12/site-packages/airflow/example_dags/example_branch_labels.py
[2026-04-25T08:34:39.642+0000] {logging_mixin.py:188} INFO - [2026-04-25T08:34:39.641+0000] {dag.py:3096} INFO - Sync 1 DAGs
[2026-04-25T08:34:39.662+0000] {logging_mixin.py:188} INFO - [2026-04-25T08:34:39.661+0000] {dag.py:3954} INFO - Setting next_dagrun for example_branch_labels to 2026-04-24 00:00:00+00:00, run_after=2026-04-25 00:00:00+00:00
[2026-04-25T08:34:39.676+0000] {processor.py:183} INFO - Processing /home/airflow/.local/lib/python3.12/site-packages/airflow/example_dags/example_branch_labels.py took 0.065 seconds
[2026-04-25T08:35:10.249+0000] {processor.py:161} INFO - Started process (PID=333) to work on /home/airflow/.local/lib/python3.12/site-packages/airflow/example_dags/example_branch_labels.py
[2026-04-25T08:35:10.250+0000] {processor.py:830} INFO - Processing file /home/airflow/.local/lib/python3.12/site-packages/airflow/example_dags/example_branch_labels.py for tasks to queue
[2026-04-25T08:35:10.252+0000] {logging_mixin.py:188} INFO - [2026-04-25T08:35:10.251+0000] {dagbag.py:545} INFO - Filling up the DagBag from /home/airflow/.local/lib/python3.12/site-packages/airflow/example_dags/example_branch_labels.py
[2026-04-25T08:35:10.261+0000] {processor.py:840} INFO - DAG(s) 'example_branch_labels' retrieved from /home/airflow/.local/lib/python3.12/site-packages/airflow/example_dags/example_branch_labels.py
[2026-04-25T08:35:10.286+0000] {logging_mixin.py:188} INFO - [2026-04-25T08:35:10.286+0000] {dag.py:3096} INFO - Sync 1 DAGs
[2026-04-25T08:35:10.316+0000] {logging_mixin.py:188} INFO - [2026-04-25T08:35:10.316+0000] {dag.py:3954} INFO - Setting next_dagrun for example_branch_labels to 2026-04-24 00:00:00+00:00, run_after=2026-04-25 00:00:00+00:00
[2026-04-25T08:35:10.340+0000] {processor.py:183} INFO - Processing /home/airflow/.local/lib/python3.12/site-packages/airflow/example_dags/example_branch_labels.py took 0.097 seconds
[2026-04-25T08:35:40.561+0000] {processor.py:161} INFO - Started process (PID=391) to work on /home/airflow/.local/lib/python3.12/site-packages/airflow/example_dags/example_branch_labels.py
[2026-04-25T08:35:40.562+0000] {processor.py:830} INFO - Processing file /home/airflow/.local/lib/python3.12/site-packages/airflow/example_dags/example_branch_labels.py for tasks to queue
[2026-04-25T08:35:40.563+0000] {logging_mixin.py:188} INFO - [2026-04-25T08:35:40.563+0000] {dagbag.py:545} INFO - Filling up the DagBag from /home/airflow/.local/lib/python3.12/site-packages/airflow/example_dags/example_branch_labels.py
[2026-04-25T08:35:40.569+0000] {processor.py:840} INFO - DAG(s) 'example_branch_labels' retrieved from /home/airflow/.local/lib/python3.12/site-packages/airflow/example_dags/example_branch_labels.py
[2026-04-25T08:35:40.591+0000] {logging_mixin.py:188} INFO - [2026-04-25T08:35:40.590+0000] {dag.py:3096} INFO - Sync 1 DAGs
[2026-04-25T08:35:40.614+0000] {logging_mixin.py:188} INFO - [2026-04-25T08:35:40.614+0000] {dag.py:3954} INFO - Setting next_dagrun for example_branch_labels to 2026-04-24 00:00:00+00:00, run_after=2026-04-25 00:00:00+00:00
[2026-04-25T08:35:40.632+0000] {processor.py:183} INFO - Processing /home/airflow/.local/lib/python3.12/site-packages/airflow/example_dags/example_branch_labels.py took 0.075 seconds
[2026-04-25T08:36:11.563+0000] {processor.py:161} INFO - Started process (PID=449) to work on /home/airflow/.local/lib/python3.12/site-packages/airflow/example_dags/example_branch_labels.py
[2026-04-25T08:36:11.563+0000] {processor.py:830} INFO - Processing file /home/airflow/.local/lib/python3.12/site-packages/airflow/example_dags/example_branch_labels.py for tasks to queue
[2026-04-25T08:36:11.565+0000] {logging_mixin.py:188} INFO - [2026-04-25T08:36:11.565+0000] {dagbag.py:545} INFO - Filling up the DagBag from /home/airflow/.local/lib/python3.12/site-packages/airflow/example_dags/example_branch_labels.py
[2026-04-25T08:36:11.572+0000] {processor.py:840} INFO - DAG(s) 'example_branch_labels' retrieved from /home/airflow/.local/lib/python3.12/site-packages/airflow/example_dags/example_branch_labels.py
[2026-04-25T08:36:11.589+0000] {logging_mixin.py:188} INFO - [2026-04-25T08:36:11.589+0000] {dag.py:3096} INFO - Sync 1 DAGs
[2026-04-25T08:36:11.611+0000] {logging_mixin.py:188} INFO - [2026-04-25T08:36:11.611+0000] {dag.py:3954} INFO - Setting next_dagrun for example_branch_labels to 2026-04-24 00:00:00+00:00, run_after=2026-04-25 00:00:00+00:00
[2026-04-25T08:36:11.627+0000] {processor.py:183} INFO - Processing /home/airflow/.local/lib/python3.12/site-packages/airflow/example_dags/example_branch_labels.py took 0.069 seconds
[2026-04-25T08:36:42.006+0000] {processor.py:161} INFO - Started process (PID=507) to work on /home/airflow/.local/lib/python3.12/site-packages/airflow/example_dags/example_branch_labels.py
[2026-04-25T08:36:42.006+0000] {processor.py:830} INFO - Processing file /home/airflow/.local/lib/python3.12/site-packages/airflow/example_dags/example_branch_labels.py for tasks to queue
[2026-04-25T08:36:42.008+0000] {logging_mixin.py:188} INFO - [2026-04-25T08:36:42.007+0000] {dagbag.py:545} INFO - Filling up the DagBag from /home/airflow/.local/lib/python3.12/site-packages/airflow/example_dags/example_branch_labels.py
[2026-04-25T08:36:42.014+0000] {processor.py:840} INFO - DAG(s) 'example_branch_labels' retrieved from /home/airflow/.local/lib/python3.12/site-packages/airflow/example_dags/example_branch_labels.py
[2026-04-25T08:36:42.034+0000] {logging_mixin.py:188} INFO - [2026-04-25T08:36:42.034+0000] {dag.py:3096} INFO - Sync 1 DAGs
[2026-04-25T08:36:42.055+0000] {logging_mixin.py:188} INFO - [2026-04-25T08:36:42.055+0000] {dag.py:3954} INFO - Setting next_dagrun for example_branch_labels to 2026-04-24 00:00:00+00:00, run_after=2026-04-25 00:00:00+00:00
[2026-04-25T08:36:42.070+0000] {processor.py:183} INFO - Processing /home/airflow/.local/lib/python3.12/site-packages/airflow/example_dags/example_branch_labels.py took 0.069 seconds
[2026-04-25T08:37:12.115+0000] {processor.py:161} INFO - Started process (PID=565) to work on /home/airflow/.local/lib/python3.12/site-packages/airflow/example_dags/example_branch_labels.py
[2026-04-25T08:37:12.116+0000] {processor.py:830} INFO - Processing file /home/airflow/.local/lib/python3.12/site-packages/airflow/example_dags/example_branch_labels.py for tasks to queue
[2026-04-25T08:37:12.118+0000] {logging_mixin.py:188} INFO - [2026-04-25T08:37:12.117+0000] {dagbag.py:545} INFO - Filling up the DagBag from /home/airflow/.local/lib/python3.12/site-packages/airflow/example_dags/example_branch_labels.py
[2026-04-25T08:37:12.127+0000] {processor.py:840} INFO - DAG(s) 'example_branch_labels' retrieved from /home/airflow/.local/lib/python3.12/site-packages/airflow/example_dags/example_branch_labels.py
[2026-04-25T08:37:12.151+0000] {logging_mixin.py:188} INFO - [2026-04-25T08:37:12.151+0000] {dag.py:3096} INFO - Sync 1 DAGs
[2026-04-25T08:37:12.178+0000] {logging_mixin.py:188} INFO - [2026-04-25T08:37:12.178+0000] {dag.py:3954} INFO - Setting next_dagrun for example_branch_labels to 2026-04-24 00:00:00+00:00, run_after=2026-04-25 00:00:00+00:00
[2026-04-25T08:37:12.196+0000] {processor.py:183} INFO - Processing /home/airflow/.local/lib/python3.12/site-packages/airflow/example_dags/example_branch_labels.py took 0.087 seconds
[2026-04-25T08:37:42.638+0000] {processor.py:161} INFO - Started process (PID=623) to work on /home/airflow/.local/lib/python3.12/site-packages/airflow/example_dags/example_branch_labels.py
[2026-04-25T08:37:42.639+0000] {processor.py:830} INFO - Processing file /home/airflow/.local/lib/python3.12/site-packages/airflow/example_dags/example_branch_labels.py for tasks to queue
[2026-04-25T08:37:42.640+0000] {logging_mixin.py:188} INFO - [2026-04-25T08:37:42.640+0000] {dagbag.py:545} INFO - Filling up the DagBag from /home/airflow/.local/lib/python3.12/site-packages/airflow/example_dags/example_branch_labels.py
[2026-04-25T08:37:42.650+0000] {processor.py:840} INFO - DAG(s) 'example_branch_labels' retrieved from /home/airflow/.local/lib/python3.12/site-packages/airflow/example_dags/example_branch_labels.py
[2026-04-25T08:37:42.677+0000] {logging_mixin.py:188} INFO - [2026-04-25T08:37:42.677+0000] {dag.py:3096} INFO - Sync 1 DAGs
[2026-04-25T08:37:42.706+0000] {logging_mixin.py:188} INFO - [2026-04-25T08:37:42.706+0000] {dag.py:3954} INFO - Setting next_dagrun for example_branch_labels to 2026-04-24 00:00:00+00:00, run_after=2026-04-25 00:00:00+00:00
[2026-04-25T08:37:42.722+0000] {processor.py:183} INFO - Processing /home/airflow/.local/lib/python3.12/site-packages/airflow/example_dags/example_branch_labels.py took 0.091 seconds
[2026-04-25T08:38:13.051+0000] {processor.py:161} INFO - Started process (PID=681) to work on /home/airflow/.local/lib/python3.12/site-packages/airflow/example_dags/example_branch_labels.py
[2026-04-25T08:38:13.052+0000] {processor.py:830} INFO - Processing file /home/airflow/.local/lib/python3.12/site-packages/airflow/example_dags/example_branch_labels.py for tasks to queue
[2026-04-25T08:38:13.053+0000] {logging_mixin.py:188} INFO - [2026-04-25T08:38:13.053+0000] {dagbag.py:545} INFO - Filling up the DagBag from /home/airflow/.local/lib/python3.12/site-packages/airflow/example_dags/example_branch_labels.py
[2026-04-25T08:38:13.060+0000] {processor.py:840} INFO - DAG(s) 'example_branch_labels' retrieved from /home/airflow/.local/lib/python3.12/site-packages/airflow/example_dags/example_branch_labels.py
[2026-04-25T08:38:13.083+0000] {logging_mixin.py:188} INFO - [2026-04-25T08:38:13.083+0000] {dag.py:3096} INFO - Sync 1 DAGs
[2026-04-25T08:38:13.107+0000] {logging_mixin.py:188} INFO - [2026-04-25T08:38:13.107+0000] {dag.py:3954} INFO - Setting next_dagrun for example_branch_labels to 2026-04-24 00:00:00+00:00, run_after=2026-04-25 00:00:00+00:00
[2026-04-25T08:38:13.136+0000] {processor.py:183} INFO - Processing /home/airflow/.local/lib/python3.12/site-packages/airflow/example_dags/example_branch_labels.py took 0.089 seconds
[2026-04-25T08:38:43.200+0000] {processor.py:161} INFO - Started process (PID=739) to work on /home/airflow/.local/lib/python3.12/site-packages/airflow/example_dags/example_branch_labels.py
[2026-04-25T08:38:43.201+0000] {processor.py:830} INFO - Processing file /home/airflow/.local/lib/python3.12/site-packages/airflow/example_dags/example_branch_labels.py for tasks to queue
[2026-04-25T08:38:43.202+0000] {logging_mixin.py:188} INFO - [2026-04-25T08:38:43.202+0000] {dagbag.py:545} INFO - Filling up the DagBag from /home/airflow/.local/lib/python3.12/site-packages/airflow/example_dags/example_branch_labels.py
[2026-04-25T08:38:43.208+0000] {processor.py:840} INFO - DAG(s) 'example_branch_labels' retrieved from /home/airflow/.local/lib/python3.12/site-packages/airflow/example_dags/example_branch_labels.py
[2026-04-25T08:38:43.226+0000] {logging_mixin.py:188} INFO - [2026-04-25T08:38:43.225+0000] {dag.py:3096} INFO - Sync 1 DAGs
[2026-04-25T08:38:43.244+0000] {logging_mixin.py:188} INFO - [2026-04-25T08:38:43.244+0000] {dag.py:3954} INFO - Setting next_dagrun for example_branch_labels to 2026-04-24 00:00:00+00:00, run_after=2026-04-25 00:00:00+00:00
[2026-04-25T08:38:43.260+0000] {processor.py:183} INFO - Processing /home/airflow/.local/lib/python3.12/site-packages/airflow/example_dags/example_branch_labels.py took 0.064 seconds
[2026-04-25T08:39:13.778+0000] {processor.py:161} INFO - Started process (PID=797) to work on /home/airflow/.local/lib/python3.12/site-packages/airflow/example_dags/example_branch_labels.py
[2026-04-25T08:39:13.778+0000] {processor.py:830} INFO - Processing file /home/airflow/.local/lib/python3.12/site-packages/airflow/example_dags/example_branch_labels.py for tasks to queue
[2026-04-25T08:39:13.780+0000] {logging_mixin.py:188} INFO - [2026-04-25T08:39:13.779+0000] {dagbag.py:545} INFO - Filling up the DagBag from /home/airflow/.local/lib/python3.12/site-packages/airflow/example_dags/example_branch_labels.py
[2026-04-25T08:39:13.786+0000] {processor.py:840} INFO - DAG(s) 'example_branch_labels' retrieved from /home/airflow/.local/lib/python3.12/site-packages/airflow/example_dags/example_branch_labels.py
[2026-04-25T08:39:13.806+0000] {logging_mixin.py:188} INFO - [2026-04-25T08:39:13.805+0000] {dag.py:3096} INFO - Sync 1 DAGs
[2026-04-25T08:39:13.826+0000] {logging_mixin.py:188} INFO - [2026-04-25T08:39:13.826+0000] {dag.py:3954} INFO - Setting next_dagrun for example_branch_labels to 2026-04-24 00:00:00+00:00, run_after=2026-04-25 00:00:00+00:00
[2026-04-25T08:39:13.841+0000] {processor.py:183} INFO - Processing /home/airflow/.local/lib/python3.12/site-packages/airflow/example_dags/example_branch_labels.py took 0.068 seconds
[2026-04-25T08:39:44.015+0000] {processor.py:161} INFO - Started process (PID=855) to work on /home/airflow/.local/lib/python3.12/site-packages/airflow/example_dags/example_branch_labels.py
[2026-04-25T08:39:44.015+0000] {processor.py:830} INFO - Processing file /home/airflow/.local/lib/python3.12/site-packages/airflow/example_dags/example_branch_labels.py for tasks to queue
[2026-04-25T08:39:44.017+0000] {logging_mixin.py:188} INFO - [2026-04-25T08:39:44.016+0000] {dagbag.py:545} INFO - Filling up the DagBag from /home/airflow/.local/lib/python3.12/site-packages/airflow/example_dags/example_branch_labels.py
[2026-04-25T08:39:44.023+0000] {processor.py:840} INFO - DAG(s) 'example_branch_labels' retrieved from /home/airflow/.local/lib/python3.12/site-packages/airflow/example_dags/example_branch_labels.py
[2026-04-25T08:39:44.048+0000] {logging_mixin.py:188} INFO - [2026-04-25T08:39:44.048+0000] {dag.py:3096} INFO - Sync 1 DAGs
[2026-04-25T08:39:44.083+0000] {logging_mixin.py:188} INFO - [2026-04-25T08:39:44.082+0000] {dag.py:3954} INFO - Setting next_dagrun for example_branch_labels to 2026-04-24 00:00:00+00:00, run_after=2026-04-25 00:00:00+00:00
[2026-04-25T08:39:44.098+0000] {processor.py:183} INFO - Processing /home/airflow/.local/lib/python3.12/site-packages/airflow/example_dags/example_branch_labels.py took 0.088 seconds
[2026-04-25T08:40:14.298+0000] {processor.py:161} INFO - Started process (PID=913) to work on /home/airflow/.local/lib/python3.12/site-packages/airflow/example_dags/example_branch_labels.py
[2026-04-25T08:40:14.299+0000] {processor.py:830} INFO - Processing file /home/airflow/.local/lib/python3.12/site-packages/airflow/example_dags/example_branch_labels.py for tasks to queue
[2026-04-25T08:40:14.300+0000] {logging_mixin.py:188} INFO - [2026-04-25T08:40:14.300+0000] {dagbag.py:545} INFO - Filling up the DagBag from /home/airflow/.local/lib/python3.12/site-packages/airflow/example_dags/example_branch_labels.py
[2026-04-25T08:40:14.306+0000] {processor.py:840} INFO - DAG(s) 'example_branch_labels' retrieved from /home/airflow/.local/lib/python3.12/site-packages/airflow/example_dags/example_branch_labels.py
[2026-04-25T08:40:14.329+0000] {logging_mixin.py:188} INFO - [2026-04-25T08:40:14.329+0000] {dag.py:3096} INFO - Sync 1 DAGs
[2026-04-25T08:40:14.355+0000] {logging_mixin.py:188} INFO - [2026-04-25T08:40:14.355+0000] {dag.py:3954} INFO - Setting next_dagrun for example_branch_labels to 2026-04-24 00:00:00+00:00, run_after=2026-04-25 00:00:00+00:00
[2026-04-25T08:40:14.371+0000] {processor.py:183} INFO - Processing /home/airflow/.local/lib/python3.12/site-packages/airflow/example_dags/example_branch_labels.py took 0.078 seconds
[2026-04-25T08:40:44.780+0000] {processor.py:161} INFO - Started process (PID=971) to work on /home/airflow/.local/lib/python3.12/site-packages/airflow/example_dags/example_branch_labels.py
[2026-04-25T08:40:44.780+0000] {processor.py:830} INFO - Processing file /home/airflow/.local/lib/python3.12/site-packages/airflow/example_dags/example_branch_labels.py for tasks to queue
[2026-04-25T08:40:44.782+0000] {logging_mixin.py:188} INFO - [2026-04-25T08:40:44.782+0000] {dagbag.py:545} INFO - Filling up the DagBag from /home/airflow/.local/lib/python3.12/site-packages/airflow/example_dags/example_branch_labels.py
[2026-04-25T08:40:44.788+0000] {processor.py:840} INFO - DAG(s) 'example_branch_labels' retrieved from /home/airflow/.local/lib/python3.12/site-packages/airflow/example_dags/example_branch_labels.py
[2026-04-25T08:40:44.810+0000] {logging_mixin.py:188} INFO - [2026-04-25T08:40:44.810+0000] {dag.py:3096} INFO - Sync 1 DAGs
[2026-04-25T08:40:44.833+0000] {logging_mixin.py:188} INFO - [2026-04-25T08:40:44.833+0000] {dag.py:3954} INFO - Setting next_dagrun for example_branch_labels to 2026-04-24 00:00:00+00:00, run_after=2026-04-25 00:00:00+00:00
[2026-04-25T08:40:44.848+0000] {processor.py:183} INFO - Processing /home/airflow/.local/lib/python3.12/site-packages/airflow/example_dags/example_branch_labels.py took 0.073 seconds
[2026-04-25T08:41:15.407+0000] {processor.py:161} INFO - Started process (PID=1029) to work on /home/airflow/.local/lib/python3.12/site-packages/airflow/example_dags/example_branch_labels.py
[2026-04-25T08:41:15.407+0000] {processor.py:830} INFO - Processing file /home/airflow/.local/lib/python3.12/site-packages/airflow/example_dags/example_branch_labels.py for tasks to queue
[2026-04-25T08:41:15.409+0000] {logging_mixin.py:188} INFO - [2026-04-25T08:41:15.408+0000] {dagbag.py:545} INFO - Filling up the DagBag from /home/airflow/.local/lib/python3.12/site-packages/airflow/example_dags/example_branch_labels.py
[2026-04-25T08:41:15.415+0000] {processor.py:840} INFO - DAG(s) 'example_branch_labels' retrieved from /home/airflow/.local/lib/python3.12/site-packages/airflow/example_dags/example_branch_labels.py
[2026-04-25T08:41:15.437+0000] {logging_mixin.py:188} INFO - [2026-04-25T08:41:15.436+0000] {dag.py:3096} INFO - Sync 1 DAGs
[2026-04-25T08:41:15.463+0000] {logging_mixin.py:188} INFO - [2026-04-25T08:41:15.463+0000] {dag.py:3954} INFO - Setting next_dagrun for example_branch_labels to 2026-04-24 00:00:00+00:00, run_after=2026-04-25 00:00:00+00:00
[2026-04-25T08:41:15.482+0000] {processor.py:183} INFO - Processing /home/airflow/.local/lib/python3.12/site-packages/airflow/example_dags/example_branch_labels.py took 0.080 seconds
[2026-04-25T08:41:46.189+0000] {processor.py:161} INFO - Started process (PID=1087) to work on /home/airflow/.local/lib/python3.12/site-packages/airflow/example_dags/example_branch_labels.py
[2026-04-25T08:41:46.190+0000] {processor.py:830} INFO - Processing file /home/airflow/.local/lib/python3.12/site-packages/airflow/example_dags/example_branch_labels.py for tasks to queue
[2026-04-25T08:41:46.192+0000] {logging_mixin.py:188} INFO - [2026-04-25T08:41:46.191+0000] {dagbag.py:545} INFO - Filling up the DagBag from /home/airflow/.local/lib/python3.12/site-packages/airflow/example_dags/example_branch_labels.py
[2026-04-25T08:41:46.206+0000] {processor.py:840} INFO - DAG(s) 'example_branch_labels' retrieved from /home/airflow/.local/lib/python3.12/site-packages/airflow/example_dags/example_branch_labels.py
[2026-04-25T08:41:46.249+0000] {logging_mixin.py:188} INFO - [2026-04-25T08:41:46.249+0000] {dag.py:3096} INFO - Sync 1 DAGs
[2026-04-25T08:41:46.282+0000] {logging_mixin.py:188} INFO - [2026-04-25T08:41:46.282+0000] {dag.py:3954} INFO - Setting next_dagrun for example_branch_labels to 2026-04-24 00:00:00+00:00, run_after=2026-04-25 00:00:00+00:00
[2026-04-25T08:41:46.303+0000] {processor.py:183} INFO - Processing /home/airflow/.local/lib/python3.12/site-packages/airflow/example_dags/example_branch_labels.py took 0.121 seconds
[2026-04-25T08:42:17.222+0000] {processor.py:161} INFO - Started process (PID=1145) to work on /home/airflow/.local/lib/python3.12/site-packages/airflow/example_dags/example_branch_labels.py
[2026-04-25T08:42:17.223+0000] {processor.py:830} INFO - Processing file /home/airflow/.local/lib/python3.12/site-packages/airflow/example_dags/example_branch_labels.py for tasks to queue
[2026-04-25T08:42:17.224+0000] {logging_mixin.py:188} INFO - [2026-04-25T08:42:17.224+0000] {dagbag.py:545} INFO - Filling up the DagBag from /home/airflow/.local/lib/python3.12/site-packages/airflow/example_dags/example_branch_labels.py
[2026-04-25T08:42:17.230+0000] {processor.py:840} INFO - DAG(s) 'example_branch_labels' retrieved from /home/airflow/.local/lib/python3.12/site-packages/airflow/example_dags/example_branch_labels.py
[2026-04-25T08:42:17.248+0000] {logging_mixin.py:188} INFO - [2026-04-25T08:42:17.248+0000] {dag.py:3096} INFO - Sync 1 DAGs
[2026-04-25T08:42:17.267+0000] {logging_mixin.py:188} INFO - [2026-04-25T08:42:17.266+0000] {dag.py:3954} INFO - Setting next_dagrun for example_branch_labels to 2026-04-24 00:00:00+00:00, run_after=2026-04-25 00:00:00+00:00
[2026-04-25T08:42:17.283+0000] {processor.py:183} INFO - Processing /home/airflow/.local/lib/python3.12/site-packages/airflow/example_dags/example_branch_labels.py took 0.065 seconds
[2026-04-25T08:42:47.663+0000] {processor.py:161} INFO - Started process (PID=1203) to work on /home/airflow/.local/lib/python3.12/site-packages/airflow/example_dags/example_branch_labels.py
[2026-04-25T08:42:47.664+0000] {processor.py:830} INFO - Processing file /home/airflow/.local/lib/python3.12/site-packages/airflow/example_dags/example_branch_labels.py for tasks to queue
[2026-04-25T08:42:47.665+0000] {logging_mixin.py:188} INFO - [2026-04-25T08:42:47.665+0000] {dagbag.py:545} INFO - Filling up the DagBag from /home/airflow/.local/lib/python3.12/site-packages/airflow/example_dags/example_branch_labels.py
[2026-04-25T08:42:47.671+0000] {processor.py:840} INFO - DAG(s) 'example_branch_labels' retrieved from /home/airflow/.local/lib/python3.12/site-packages/airflow/example_dags/example_branch_labels.py
[2026-04-25T08:42:47.688+0000] {logging_mixin.py:188} INFO - [2026-04-25T08:42:47.688+0000] {dag.py:3096} INFO - Sync 1 DAGs
[2026-04-25T08:42:47.711+0000] {logging_mixin.py:188} INFO - [2026-04-25T08:42:47.711+0000] {dag.py:3954} INFO - Setting next_dagrun for example_branch_labels to 2026-04-24 00:00:00+00:00, run_after=2026-04-25 00:00:00+00:00
[2026-04-25T08:42:47.730+0000] {processor.py:183} INFO - Processing /home/airflow/.local/lib/python3.12/site-packages/airflow/example_dags/example_branch_labels.py took 0.072 seconds
[2026-04-25T08:43:18.223+0000] {processor.py:161} INFO - Started process (PID=1261) to work on /home/airflow/.local/lib/python3.12/site-packages/airflow/example_dags/example_branch_labels.py
[2026-04-25T08:43:18.224+0000] {processor.py:830} INFO - Processing file /home/airflow/.local/lib/python3.12/site-packages/airflow/example_dags/example_branch_labels.py for tasks to queue
[2026-04-25T08:43:18.226+0000] {logging_mixin.py:188} INFO - [2026-04-25T08:43:18.225+0000] {dagbag.py:545} INFO - Filling up the DagBag from /home/airflow/.local/lib/python3.12/site-packages/airflow/example_dags/example_branch_labels.py
[2026-04-25T08:43:18.235+0000] {processor.py:840} INFO - DAG(s) 'example_branch_labels' retrieved from /home/airflow/.local/lib/python3.12/site-packages/airflow/example_dags/example_branch_labels.py
[2026-04-25T08:43:18.261+0000] {logging_mixin.py:188} INFO - [2026-04-25T08:43:18.261+0000] {dag.py:3096} INFO - Sync 1 DAGs
[2026-04-25T08:43:18.293+0000] {logging_mixin.py:188} INFO - [2026-04-25T08:43:18.293+0000] {dag.py:3954} INFO - Setting next_dagrun for example_branch_labels to 2026-04-24 00:00:00+00:00, run_after=2026-04-25 00:00:00+00:00
[2026-04-25T08:43:18.314+0000] {processor.py:183} INFO - Processing /home/airflow/.local/lib/python3.12/site-packages/airflow/example_dags/example_branch_labels.py took 0.097 seconds
[2026-04-25T08:43:49.047+0000] {processor.py:161} INFO - Started process (PID=1319) to work on /home/airflow/.local/lib/python3.12/site-packages/airflow/example_dags/example_branch_labels.py
[2026-04-25T08:43:49.047+0000] {processor.py:830} INFO - Processing file /home/airflow/.local/lib/python3.12/site-packages/airflow/example_dags/example_branch_labels.py for tasks to queue
[2026-04-25T08:43:49.049+0000] {logging_mixin.py:188} INFO - [2026-04-25T08:43:49.049+0000] {dagbag.py:545} INFO - Filling up the DagBag from /home/airflow/.local/lib/python3.12/site-packages/airflow/example_dags/example_branch_labels.py
[2026-04-25T08:43:49.056+0000] {processor.py:840} INFO - DAG(s) 'example_branch_labels' retrieved from /home/airflow/.local/lib/python3.12/site-packages/airflow/example_dags/example_branch_labels.py
[2026-04-25T08:43:49.073+0000] {logging_mixin.py:188} INFO - [2026-04-25T08:43:49.073+0000] {dag.py:3096} INFO - Sync 1 DAGs
[2026-04-25T08:43:49.092+0000] {logging_mixin.py:188} INFO - [2026-04-25T08:43:49.092+0000] {dag.py:3954} INFO - Setting next_dagrun for example_branch_labels to 2026-04-24 00:00:00+00:00, run_after=2026-04-25 00:00:00+00:00
[2026-04-25T08:43:49.108+0000] {processor.py:183} INFO - Processing /home/airflow/.local/lib/python3.12/site-packages/airflow/example_dags/example_branch_labels.py took 0.065 seconds
[2026-04-25T08:44:19.157+0000] {processor.py:161} INFO - Started process (PID=1376) to work on /home/airflow/.local/lib/python3.12/site-packages/airflow/example_dags/example_branch_labels.py
[2026-04-25T08:44:19.158+0000] {processor.py:830} INFO - Processing file /home/airflow/.local/lib/python3.12/site-packages/airflow/example_dags/example_branch_labels.py for tasks to queue
[2026-04-25T08:44:19.160+0000] {logging_mixin.py:188} INFO - [2026-04-25T08:44:19.159+0000] {dagbag.py:545} INFO - Filling up the DagBag from /home/airflow/.local/lib/python3.12/site-packages/airflow/example_dags/example_branch_labels.py
[2026-04-25T08:44:19.172+0000] {processor.py:840} INFO - DAG(s) 'example_branch_labels' retrieved from /home/airflow/.local/lib/python3.12/site-packages/airflow/example_dags/example_branch_labels.py
[2026-04-25T08:44:19.203+0000] {logging_mixin.py:188} INFO - [2026-04-25T08:44:19.202+0000] {dag.py:3096} INFO - Sync 1 DAGs
[2026-04-25T08:44:19.246+0000] {logging_mixin.py:188} INFO - [2026-04-25T08:44:19.245+0000] {dag.py:3954} INFO - Setting next_dagrun for example_branch_labels to 2026-04-24 00:00:00+00:00, run_after=2026-04-25 00:00:00+00:00
[2026-04-25T08:44:19.267+0000] {processor.py:183} INFO - Processing /home/airflow/.local/lib/python3.12/site-packages/airflow/example_dags/example_branch_labels.py took 0.117 seconds
[2026-04-25T08:44:49.579+0000] {processor.py:161} INFO - Started process (PID=1434) to work on /home/airflow/.local/lib/python3.12/site-packages/airflow/example_dags/example_branch_labels.py
[2026-04-25T08:44:49.580+0000] {processor.py:830} INFO - Processing file /home/airflow/.local/lib/python3.12/site-packages/airflow/example_dags/example_branch_labels.py for tasks to queue
[2026-04-25T08:44:49.581+0000] {logging_mixin.py:188} INFO - [2026-04-25T08:44:49.581+0000] {dagbag.py:545} INFO - Filling up the DagBag from /home/airflow/.local/lib/python3.12/site-packages/airflow/example_dags/example_branch_labels.py
[2026-04-25T08:44:49.587+0000] {processor.py:840} INFO - DAG(s) 'example_branch_labels' retrieved from /home/airflow/.local/lib/python3.12/site-packages/airflow/example_dags/example_branch_labels.py
[2026-04-25T08:44:49.607+0000] {logging_mixin.py:188} INFO - [2026-04-25T08:44:49.607+0000] {dag.py:3096} INFO - Sync 1 DAGs
[2026-04-25T08:44:49.633+0000] {logging_mixin.py:188} INFO - [2026-04-25T08:44:49.633+0000] {dag.py:3954} INFO - Setting next_dagrun for example_branch_labels to 2026-04-24 00:00:00+00:00, run_after=2026-04-25 00:00:00+00:00
[2026-04-25T08:44:49.650+0000] {processor.py:183} INFO - Processing /home/airflow/.local/lib/python3.12/site-packages/airflow/example_dags/example_branch_labels.py took 0.075 seconds
[2026-04-25T08:45:20.739+0000] {processor.py:161} INFO - Started process (PID=1493) to work on /home/airflow/.local/lib/python3.12/site-packages/airflow/example_dags/example_branch_labels.py
[2026-04-25T08:45:20.739+0000] {processor.py:830} INFO - Processing file /home/airflow/.local/lib/python3.12/site-packages/airflow/example_dags/example_branch_labels.py for tasks to queue
[2026-04-25T08:45:20.741+0000] {logging_mixin.py:188} INFO - [2026-04-25T08:45:20.741+0000] {dagbag.py:545} INFO - Filling up the DagBag from /home/airflow/.local/lib/python3.12/site-packages/airflow/example_dags/example_branch_labels.py
[2026-04-25T08:45:20.747+0000] {processor.py:840} INFO - DAG(s) 'example_branch_labels' retrieved from /home/airflow/.local/lib/python3.12/site-packages/airflow/example_dags/example_branch_labels.py
[2026-04-25T08:45:20.767+0000] {logging_mixin.py:188} INFO - [2026-04-25T08:45:20.767+0000] {dag.py:3096} INFO - Sync 1 DAGs
[2026-04-25T08:45:20.789+0000] {logging_mixin.py:188} INFO - [2026-04-25T08:45:20.789+0000] {dag.py:3954} INFO - Setting next_dagrun for example_branch_labels to 2026-04-24 00:00:00+00:00, run_after=2026-04-25 00:00:00+00:00
[2026-04-25T08:45:20.803+0000] {processor.py:183} INFO - Processing /home/airflow/.local/lib/python3.12/site-packages/airflow/example_dags/example_branch_labels.py took 0.069 seconds
[2026-04-25T08:45:51.711+0000] {processor.py:161} INFO - Started process (PID=1551) to work on /home/airflow/.local/lib/python3.12/site-packages/airflow/example_dags/example_branch_labels.py
[2026-04-25T08:45:51.712+0000] {processor.py:830} INFO - Processing file /home/airflow/.local/lib/python3.12/site-packages/airflow/example_dags/example_branch_labels.py for tasks to queue
[2026-04-25T08:45:51.713+0000] {logging_mixin.py:188} INFO - [2026-04-25T08:45:51.713+0000] {dagbag.py:545} INFO - Filling up the DagBag from /home/airflow/.local/lib/python3.12/site-packages/airflow/example_dags/example_branch_labels.py
[2026-04-25T08:45:51.719+0000] {processor.py:840} INFO - DAG(s) 'example_branch_labels' retrieved from /home/airflow/.local/lib/python3.12/site-packages/airflow/example_dags/example_branch_labels.py
[2026-04-25T08:45:51.737+0000] {logging_mixin.py:188} INFO - [2026-04-25T08:45:51.737+0000] {dag.py:3096} INFO - Sync 1 DAGs
[2026-04-25T08:45:51.756+0000] {logging_mixin.py:188} INFO - [2026-04-25T08:45:51.756+0000] {dag.py:3954} INFO - Setting next_dagrun for example_branch_labels to 2026-04-24 00:00:00+00:00, run_after=2026-04-25 00:00:00+00:00
[2026-04-25T08:45:51.770+0000] {processor.py:183} INFO - Processing /home/airflow/.local/lib/python3.12/site-packages/airflow/example_dags/example_branch_labels.py took 0.064 seconds
[2026-04-25T08:46:22.862+0000] {processor.py:161} INFO - Started process (PID=1609) to work on /home/airflow/.local/lib/python3.12/site-packages/airflow/example_dags/example_branch_labels.py
[2026-04-25T08:46:22.862+0000] {processor.py:830} INFO - Processing file /home/airflow/.local/lib/python3.12/site-packages/airflow/example_dags/example_branch_labels.py for tasks to queue
[2026-04-25T08:46:22.864+0000] {logging_mixin.py:188} INFO - [2026-04-25T08:46:22.863+0000] {dagbag.py:545} INFO - Filling up the DagBag from /home/airflow/.local/lib/python3.12/site-packages/airflow/example_dags/example_branch_labels.py
[2026-04-25T08:46:22.870+0000] {processor.py:840} INFO - DAG(s) 'example_branch_labels' retrieved from /home/airflow/.local/lib/python3.12/site-packages/airflow/example_dags/example_branch_labels.py
[2026-04-25T08:46:22.887+0000] {logging_mixin.py:188} INFO - [2026-04-25T08:46:22.887+0000] {dag.py:3096} INFO - Sync 1 DAGs
[2026-04-25T08:46:23.053+0000] {logging_mixin.py:188} INFO - [2026-04-25T08:46:23.052+0000] {dag.py:3954} INFO - Setting next_dagrun for example_branch_labels to 2026-04-24 00:00:00+00:00, run_after=2026-04-25 00:00:00+00:00
[2026-04-25T08:46:23.066+0000] {processor.py:183} INFO - Processing /home/airflow/.local/lib/python3.12/site-packages/airflow/example_dags/example_branch_labels.py took 0.209 seconds
[2026-04-25T08:46:53.844+0000] {processor.py:161} INFO - Started process (PID=1667) to work on /home/airflow/.local/lib/python3.12/site-packages/airflow/example_dags/example_branch_labels.py
[2026-04-25T08:46:53.845+0000] {processor.py:830} INFO - Processing file /home/airflow/.local/lib/python3.12/site-packages/airflow/example_dags/example_branch_labels.py for tasks to queue
[2026-04-25T08:46:53.847+0000] {logging_mixin.py:188} INFO - [2026-04-25T08:46:53.846+0000] {dagbag.py:545} INFO - Filling up the DagBag from /home/airflow/.local/lib/python3.12/site-packages/airflow/example_dags/example_branch_labels.py
[2026-04-25T08:46:53.856+0000] {processor.py:840} INFO - DAG(s) 'example_branch_labels' retrieved from /home/airflow/.local/lib/python3.12/site-packages/airflow/example_dags/example_branch_labels.py
[2026-04-25T08:46:53.877+0000] {logging_mixin.py:188} INFO - [2026-04-25T08:46:53.877+0000] {dag.py:3096} INFO - Sync 1 DAGs
[2026-04-25T08:46:53.901+0000] {logging_mixin.py:188} INFO - [2026-04-25T08:46:53.901+0000] {dag.py:3954} INFO - Setting next_dagrun for example_branch_labels to 2026-04-24 00:00:00+00:00, run_after=2026-04-25 00:00:00+00:00
[2026-04-25T08:46:53.921+0000] {processor.py:183} INFO - Processing /home/airflow/.local/lib/python3.12/site-packages/airflow/example_dags/example_branch_labels.py took 0.082 seconds
[2026-04-25T08:47:24.346+0000] {processor.py:161} INFO - Started process (PID=1725) to work on /home/airflow/.local/lib/python3.12/site-packages/airflow/example_dags/example_branch_labels.py
[2026-04-25T08:47:24.347+0000] {processor.py:830} INFO - Processing file /home/airflow/.local/lib/python3.12/site-packages/airflow/example_dags/example_branch_labels.py for tasks to queue
[2026-04-25T08:47:24.349+0000] {logging_mixin.py:188} INFO - [2026-04-25T08:47:24.349+0000] {dagbag.py:545} INFO - Filling up the DagBag from /home/airflow/.local/lib/python3.12/site-packages/airflow/example_dags/example_branch_labels.py
[2026-04-25T08:47:24.357+0000] {processor.py:840} INFO - DAG(s) 'example_branch_labels' retrieved from /home/airflow/.local/lib/python3.12/site-packages/airflow/example_dags/example_branch_labels.py
[2026-04-25T08:47:24.380+0000] {logging_mixin.py:188} INFO - [2026-04-25T08:47:24.379+0000] {dag.py:3096} INFO - Sync 1 DAGs
[2026-04-25T08:47:24.403+0000] {logging_mixin.py:188} INFO - [2026-04-25T08:47:24.403+0000] {dag.py:3954} INFO - Setting next_dagrun for example_branch_labels to 2026-04-24 00:00:00+00:00, run_after=2026-04-25 00:00:00+00:00
[2026-04-25T08:47:24.419+0000] {processor.py:183} INFO - Processing /home/airflow/.local/lib/python3.12/site-packages/airflow/example_dags/example_branch_labels.py took 0.080 seconds
[2026-04-25T08:47:54.717+0000] {processor.py:161} INFO - Started process (PID=1783) to work on /home/airflow/.local/lib/python3.12/site-packages/airflow/example_dags/example_branch_labels.py
[2026-04-25T08:47:54.718+0000] {processor.py:830} INFO - Processing file /home/airflow/.local/lib/python3.12/site-packages/airflow/example_dags/example_branch_labels.py for tasks to queue
[2026-04-25T08:47:54.719+0000] {logging_mixin.py:188} INFO - [2026-04-25T08:47:54.719+0000] {dagbag.py:545} INFO - Filling up the DagBag from /home/airflow/.local/lib/python3.12/site-packages/airflow/example_dags/example_branch_labels.py
[2026-04-25T08:47:54.725+0000] {processor.py:840} INFO - DAG(s) 'example_branch_labels' retrieved from /home/airflow/.local/lib/python3.12/site-packages/airflow/example_dags/example_branch_labels.py
[2026-04-25T08:47:54.744+0000] {logging_mixin.py:188} INFO - [2026-04-25T08:47:54.744+0000] {dag.py:3096} INFO - Sync 1 DAGs
[2026-04-25T08:47:54.767+0000] {logging_mixin.py:188} INFO - [2026-04-25T08:47:54.767+0000] {dag.py:3954} INFO - Setting next_dagrun for example_branch_labels to 2026-04-24 00:00:00+00:00, run_after=2026-04-25 00:00:00+00:00
[2026-04-25T08:47:54.783+0000] {processor.py:183} INFO - Processing /home/airflow/.local/lib/python3.12/site-packages/airflow/example_dags/example_branch_labels.py took 0.071 seconds
[2026-04-25T08:48:25.737+0000] {processor.py:161} INFO - Started process (PID=1841) to work on /home/airflow/.local/lib/python3.12/site-packages/airflow/example_dags/example_branch_labels.py
[2026-04-25T08:48:25.738+0000] {processor.py:830} INFO - Processing file /home/airflow/.local/lib/python3.12/site-packages/airflow/example_dags/example_branch_labels.py for tasks to queue
[2026-04-25T08:48:25.739+0000] {logging_mixin.py:188} INFO - [2026-04-25T08:48:25.739+0000] {dagbag.py:545} INFO - Filling up the DagBag from /home/airflow/.local/lib/python3.12/site-packages/airflow/example_dags/example_branch_labels.py
[2026-04-25T08:48:25.746+0000] {processor.py:840} INFO - DAG(s) 'example_branch_labels' retrieved from /home/airflow/.local/lib/python3.12/site-packages/airflow/example_dags/example_branch_labels.py
[2026-04-25T08:48:25.770+0000] {logging_mixin.py:188} INFO - [2026-04-25T08:48:25.770+0000] {dag.py:3096} INFO - Sync 1 DAGs
[2026-04-25T08:48:25.793+0000] {logging_mixin.py:188} INFO - [2026-04-25T08:48:25.793+0000] {dag.py:3954} INFO - Setting next_dagrun for example_branch_labels to 2026-04-24 00:00:00+00:00, run_after=2026-04-25 00:00:00+00:00
[2026-04-25T08:48:25.808+0000] {processor.py:183} INFO - Processing /home/airflow/.local/lib/python3.12/site-packages/airflow/example_dags/example_branch_labels.py took 0.076 seconds
[2026-04-25T08:48:56.447+0000] {processor.py:161} INFO - Started process (PID=1899) to work on /home/airflow/.local/lib/python3.12/site-packages/airflow/example_dags/example_branch_labels.py
[2026-04-25T08:48:56.448+0000] {processor.py:830} INFO - Processing file /home/airflow/.local/lib/python3.12/site-packages/airflow/example_dags/example_branch_labels.py for tasks to queue
[2026-04-25T08:48:56.449+0000] {logging_mixin.py:188} INFO - [2026-04-25T08:48:56.449+0000] {dagbag.py:545} INFO - Filling up the DagBag from /home/airflow/.local/lib/python3.12/site-packages/airflow/example_dags/example_branch_labels.py
[2026-04-25T08:48:56.455+0000] {processor.py:840} INFO - DAG(s) 'example_branch_labels' retrieved from /home/airflow/.local/lib/python3.12/site-packages/airflow/example_dags/example_branch_labels.py
[2026-04-25T08:48:56.473+0000] {logging_mixin.py:188} INFO - [2026-04-25T08:48:56.473+0000] {dag.py:3096} INFO - Sync 1 DAGs
[2026-04-25T08:48:56.496+0000] {logging_mixin.py:188} INFO - [2026-04-25T08:48:56.496+0000] {dag.py:3954} INFO - Setting next_dagrun for example_branch_labels to 2026-04-24 00:00:00+00:00, run_after=2026-04-25 00:00:00+00:00
[2026-04-25T08:48:56.512+0000] {processor.py:183} INFO - Processing /home/airflow/.local/lib/python3.12/site-packages/airflow/example_dags/example_branch_labels.py took 0.070 seconds
[2026-04-25T08:49:26.945+0000] {processor.py:161} INFO - Started process (PID=1957) to work on /home/airflow/.local/lib/python3.12/site-packages/airflow/example_dags/example_branch_labels.py
[2026-04-25T08:49:26.946+0000] {processor.py:830} INFO - Processing file /home/airflow/.local/lib/python3.12/site-packages/airflow/example_dags/example_branch_labels.py for tasks to queue
[2026-04-25T08:49:26.948+0000] {logging_mixin.py:188} INFO - [2026-04-25T08:49:26.948+0000] {dagbag.py:545} INFO - Filling up the DagBag from /home/airflow/.local/lib/python3.12/site-packages/airflow/example_dags/example_branch_labels.py
[2026-04-25T08:49:26.954+0000] {processor.py:840} INFO - DAG(s) 'example_branch_labels' retrieved from /home/airflow/.local/lib/python3.12/site-packages/airflow/example_dags/example_branch_labels.py
[2026-04-25T08:49:26.977+0000] {logging_mixin.py:188} INFO - [2026-04-25T08:49:26.977+0000] {dag.py:3096} INFO - Sync 1 DAGs
[2026-04-25T08:49:27.001+0000] {logging_mixin.py:188} INFO - [2026-04-25T08:49:27.001+0000] {dag.py:3954} INFO - Setting next_dagrun for example_branch_labels to 2026-04-24 00:00:00+00:00, run_after=2026-04-25 00:00:00+00:00
[2026-04-25T08:49:27.017+0000] {processor.py:183} INFO - Processing /home/airflow/.local/lib/python3.12/site-packages/airflow/example_dags/example_branch_labels.py took 0.078 seconds
[2026-04-25T08:49:57.459+0000] {processor.py:161} INFO - Started process (PID=2015) to work on /home/airflow/.local/lib/python3.12/site-packages/airflow/example_dags/example_branch_labels.py
[2026-04-25T08:49:57.459+0000] {processor.py:830} INFO - Processing file /home/airflow/.local/lib/python3.12/site-packages/airflow/example_dags/example_branch_labels.py for tasks to queue
[2026-04-25T08:49:57.461+0000] {logging_mixin.py:188} INFO - [2026-04-25T08:49:57.461+0000] {dagbag.py:545} INFO - Filling up the DagBag from /home/airflow/.local/lib/python3.12/site-packages/airflow/example_dags/example_branch_labels.py
[2026-04-25T08:49:57.468+0000] {processor.py:840} INFO - DAG(s) 'example_branch_labels' retrieved from /home/airflow/.local/lib/python3.12/site-packages/airflow/example_dags/example_branch_labels.py
[2026-04-25T08:49:57.486+0000] {logging_mixin.py:188} INFO - [2026-04-25T08:49:57.486+0000] {dag.py:3096} INFO - Sync 1 DAGs
[2026-04-25T08:49:57.510+0000] {logging_mixin.py:188} INFO - [2026-04-25T08:49:57.510+0000] {dag.py:3954} INFO - Setting next_dagrun for example_branch_labels to 2026-04-24 00:00:00+00:00, run_after=2026-04-25 00:00:00+00:00
[2026-04-25T08:49:57.527+0000] {processor.py:183} INFO - Processing /home/airflow/.local/lib/python3.12/site-packages/airflow/example_dags/example_branch_labels.py took 0.075 seconds
[2026-04-25T08:50:27.890+0000] {processor.py:161} INFO - Started process (PID=2073) to work on /home/airflow/.local/lib/python3.12/site-packages/airflow/example_dags/example_branch_labels.py
[2026-04-25T08:50:27.891+0000] {processor.py:830} INFO - Processing file /home/airflow/.local/lib/python3.12/site-packages/airflow/example_dags/example_branch_labels.py for tasks to queue
[2026-04-25T08:50:27.893+0000] {logging_mixin.py:188} INFO - [2026-04-25T08:50:27.892+0000] {dagbag.py:545} INFO - Filling up the DagBag from /home/airflow/.local/lib/python3.12/site-packages/airflow/example_dags/example_branch_labels.py
[2026-04-25T08:50:27.900+0000] {processor.py:840} INFO - DAG(s) 'example_branch_labels' retrieved from /home/airflow/.local/lib/python3.12/site-packages/airflow/example_dags/example_branch_labels.py
[2026-04-25T08:50:27.918+0000] {logging_mixin.py:188} INFO - [2026-04-25T08:50:27.918+0000] {dag.py:3096} INFO - Sync 1 DAGs
[2026-04-25T08:50:27.938+0000] {logging_mixin.py:188} INFO - [2026-04-25T08:50:27.938+0000] {dag.py:3954} INFO - Setting next_dagrun for example_branch_labels to 2026-04-24 00:00:00+00:00, run_after=2026-04-25 00:00:00+00:00
[2026-04-25T08:50:27.953+0000] {processor.py:183} INFO - Processing /home/airflow/.local/lib/python3.12/site-packages/airflow/example_dags/example_branch_labels.py took 0.069 seconds
[2026-04-25T08:50:58.434+0000] {processor.py:161} INFO - Started process (PID=2131) to work on /home/airflow/.local/lib/python3.12/site-packages/airflow/example_dags/example_branch_labels.py
[2026-04-25T08:50:58.435+0000] {processor.py:830} INFO - Processing file /home/airflow/.local/lib/python3.12/site-packages/airflow/example_dags/example_branch_labels.py for tasks to queue
[2026-04-25T08:50:58.436+0000] {logging_mixin.py:188} INFO - [2026-04-25T08:50:58.436+0000] {dagbag.py:545} INFO - Filling up the DagBag from /home/airflow/.local/lib/python3.12/site-packages/airflow/example_dags/example_branch_labels.py
[2026-04-25T08:50:58.443+0000] {processor.py:840} INFO - DAG(s) 'example_branch_labels' retrieved from /home/airflow/.local/lib/python3.12/site-packages/airflow/example_dags/example_branch_labels.py
[2026-04-25T08:50:58.464+0000] {logging_mixin.py:188} INFO - [2026-04-25T08:50:58.464+0000] {dag.py:3096} INFO - Sync 1 DAGs
[2026-04-25T08:50:58.483+0000] {logging_mixin.py:188} INFO - [2026-04-25T08:50:58.483+0000] {dag.py:3954} INFO - Setting next_dagrun for example_branch_labels to 2026-04-24 00:00:00+00:00, run_after=2026-04-25 00:00:00+00:00
[2026-04-25T08:50:58.497+0000] {processor.py:183} INFO - Processing /home/airflow/.local/lib/python3.12/site-packages/airflow/example_dags/example_branch_labels.py took 0.068 seconds
[2026-04-25T08:51:29.116+0000] {processor.py:161} INFO - Started process (PID=2189) to work on /home/airflow/.local/lib/python3.12/site-packages/airflow/example_dags/example_branch_labels.py
[2026-04-25T08:51:29.117+0000] {processor.py:830} INFO - Processing file /home/airflow/.local/lib/python3.12/site-packages/airflow/example_dags/example_branch_labels.py for tasks to queue
[2026-04-25T08:51:29.119+0000] {logging_mixin.py:188} INFO - [2026-04-25T08:51:29.118+0000] {dagbag.py:545} INFO - Filling up the DagBag from /home/airflow/.local/lib/python3.12/site-packages/airflow/example_dags/example_branch_labels.py
[2026-04-25T08:51:29.133+0000] {processor.py:840} INFO - DAG(s) 'example_branch_labels' retrieved from /home/airflow/.local/lib/python3.12/site-packages/airflow/example_dags/example_branch_labels.py
[2026-04-25T08:51:29.160+0000] {logging_mixin.py:188} INFO - [2026-04-25T08:51:29.160+0000] {dag.py:3096} INFO - Sync 1 DAGs
[2026-04-25T08:51:29.195+0000] {logging_mixin.py:188} INFO - [2026-04-25T08:51:29.194+0000] {dag.py:3954} INFO - Setting next_dagrun for example_branch_labels to 2026-04-24 00:00:00+00:00, run_after=2026-04-25 00:00:00+00:00
[2026-04-25T08:51:29.221+0000] {processor.py:183} INFO - Processing /home/airflow/.local/lib/python3.12/site-packages/airflow/example_dags/example_branch_labels.py took 0.112 seconds
[2026-04-25T08:52:00.143+0000] {processor.py:161} INFO - Started process (PID=2247) to work on /home/airflow/.local/lib/python3.12/site-packages/airflow/example_dags/example_branch_labels.py
[2026-04-25T08:52:00.144+0000] {processor.py:830} INFO - Processing file /home/airflow/.local/lib/python3.12/site-packages/airflow/example_dags/example_branch_labels.py for tasks to queue
[2026-04-25T08:52:00.145+0000] {logging_mixin.py:188} INFO - [2026-04-25T08:52:00.145+0000] {dagbag.py:545} INFO - Filling up the DagBag from /home/airflow/.local/lib/python3.12/site-packages/airflow/example_dags/example_branch_labels.py
[2026-04-25T08:52:00.155+0000] {processor.py:840} INFO - DAG(s) 'example_branch_labels' retrieved from /home/airflow/.local/lib/python3.12/site-packages/airflow/example_dags/example_branch_labels.py
[2026-04-25T08:52:00.187+0000] {logging_mixin.py:188} INFO - [2026-04-25T08:52:00.187+0000] {dag.py:3096} INFO - Sync 1 DAGs
[2026-04-25T08:52:00.268+0000] {logging_mixin.py:188} INFO - [2026-04-25T08:52:00.268+0000] {dag.py:3954} INFO - Setting next_dagrun for example_branch_labels to 2026-04-24 00:00:00+00:00, run_after=2026-04-25 00:00:00+00:00
[2026-04-25T08:52:00.296+0000] {processor.py:183} INFO - Processing /home/airflow/.local/lib/python3.12/site-packages/airflow/example_dags/example_branch_labels.py took 0.157 seconds
[2026-04-25T08:52:30.693+0000] {processor.py:161} INFO - Started process (PID=2305) to work on /home/airflow/.local/lib/python3.12/site-packages/airflow/example_dags/example_branch_labels.py
[2026-04-25T08:52:30.693+0000] {processor.py:830} INFO - Processing file /home/airflow/.local/lib/python3.12/site-packages/airflow/example_dags/example_branch_labels.py for tasks to queue
[2026-04-25T08:52:30.695+0000] {logging_mixin.py:188} INFO - [2026-04-25T08:52:30.695+0000] {dagbag.py:545} INFO - Filling up the DagBag from /home/airflow/.local/lib/python3.12/site-packages/airflow/example_dags/example_branch_labels.py
[2026-04-25T08:52:30.706+0000] {processor.py:840} INFO - DAG(s) 'example_branch_labels' retrieved from /home/airflow/.local/lib/python3.12/site-packages/airflow/example_dags/example_branch_labels.py
[2026-04-25T08:52:30.736+0000] {logging_mixin.py:188} INFO - [2026-04-25T08:52:30.736+0000] {dag.py:3096} INFO - Sync 1 DAGs
[2026-04-25T08:52:30.764+0000] {logging_mixin.py:188} INFO - [2026-04-25T08:52:30.764+0000] {dag.py:3954} INFO - Setting next_dagrun for example_branch_labels to 2026-04-24 00:00:00+00:00, run_after=2026-04-25 00:00:00+00:00
[2026-04-25T08:52:30.781+0000] {processor.py:183} INFO - Processing /home/airflow/.local/lib/python3.12/site-packages/airflow/example_dags/example_branch_labels.py took 0.096 seconds
[2026-04-25T08:53:01.374+0000] {processor.py:161} INFO - Started process (PID=2363) to work on /home/airflow/.local/lib/python3.12/site-packages/airflow/example_dags/example_branch_labels.py
[2026-04-25T08:53:01.374+0000] {processor.py:830} INFO - Processing file /home/airflow/.local/lib/python3.12/site-packages/airflow/example_dags/example_branch_labels.py for tasks to queue
[2026-04-25T08:53:01.377+0000] {logging_mixin.py:188} INFO - [2026-04-25T08:53:01.376+0000] {dagbag.py:545} INFO - Filling up the DagBag from /home/airflow/.local/lib/python3.12/site-packages/airflow/example_dags/example_branch_labels.py
[2026-04-25T08:53:01.386+0000] {processor.py:840} INFO - DAG(s) 'example_branch_labels' retrieved from /home/airflow/.local/lib/python3.12/site-packages/airflow/example_dags/example_branch_labels.py
[2026-04-25T08:53:01.410+0000] {logging_mixin.py:188} INFO - [2026-04-25T08:53:01.410+0000] {dag.py:3096} INFO - Sync 1 DAGs
[2026-04-25T08:53:01.431+0000] {logging_mixin.py:188} INFO - [2026-04-25T08:53:01.430+0000] {dag.py:3954} INFO - Setting next_dagrun for example_branch_labels to 2026-04-24 00:00:00+00:00, run_after=2026-04-25 00:00:00+00:00
[2026-04-25T08:53:01.450+0000] {processor.py:183} INFO - Processing /home/airflow/.local/lib/python3.12/site-packages/airflow/example_dags/example_branch_labels.py took 0.087 seconds
[2026-04-25T08:53:31.950+0000] {processor.py:161} INFO - Started process (PID=2421) to work on /home/airflow/.local/lib/python3.12/site-packages/airflow/example_dags/example_branch_labels.py
[2026-04-25T08:53:31.951+0000] {processor.py:830} INFO - Processing file /home/airflow/.local/lib/python3.12/site-packages/airflow/example_dags/example_branch_labels.py for tasks to queue
[2026-04-25T08:53:31.953+0000] {logging_mixin.py:188} INFO - [2026-04-25T08:53:31.952+0000] {dagbag.py:545} INFO - Filling up the DagBag from /home/airflow/.local/lib/python3.12/site-packages/airflow/example_dags/example_branch_labels.py
[2026-04-25T08:53:31.961+0000] {processor.py:840} INFO - DAG(s) 'example_branch_labels' retrieved from /home/airflow/.local/lib/python3.12/site-packages/airflow/example_dags/example_branch_labels.py
[2026-04-25T08:53:31.987+0000] {logging_mixin.py:188} INFO - [2026-04-25T08:53:31.986+0000] {dag.py:3096} INFO - Sync 1 DAGs
[2026-04-25T08:53:32.009+0000] {logging_mixin.py:188} INFO - [2026-04-25T08:53:32.008+0000] {dag.py:3954} INFO - Setting next_dagrun for example_branch_labels to 2026-04-24 00:00:00+00:00, run_after=2026-04-25 00:00:00+00:00
[2026-04-25T08:53:32.023+0000] {processor.py:183} INFO - Processing /home/airflow/.local/lib/python3.12/site-packages/airflow/example_dags/example_branch_labels.py took 0.081 seconds
[2026-04-25T08:54:02.383+0000] {processor.py:161} INFO - Started process (PID=2479) to work on /home/airflow/.local/lib/python3.12/site-packages/airflow/example_dags/example_branch_labels.py
[2026-04-25T08:54:02.383+0000] {processor.py:830} INFO - Processing file /home/airflow/.local/lib/python3.12/site-packages/airflow/example_dags/example_branch_labels.py for tasks to queue
[2026-04-25T08:54:02.385+0000] {logging_mixin.py:188} INFO - [2026-04-25T08:54:02.384+0000] {dagbag.py:545} INFO - Filling up the DagBag from /home/airflow/.local/lib/python3.12/site-packages/airflow/example_dags/example_branch_labels.py
[2026-04-25T08:54:02.392+0000] {processor.py:840} INFO - DAG(s) 'example_branch_labels' retrieved from /home/airflow/.local/lib/python3.12/site-packages/airflow/example_dags/example_branch_labels.py
[2026-04-25T08:54:02.412+0000] {logging_mixin.py:188} INFO - [2026-04-25T08:54:02.412+0000] {dag.py:3096} INFO - Sync 1 DAGs
[2026-04-25T08:54:02.432+0000] {logging_mixin.py:188} INFO - [2026-04-25T08:54:02.432+0000] {dag.py:3954} INFO - Setting next_dagrun for example_branch_labels to 2026-04-24 00:00:00+00:00, run_after=2026-04-25 00:00:00+00:00
[2026-04-25T08:54:02.450+0000] {processor.py:183} INFO - Processing /home/airflow/.local/lib/python3.12/site-packages/airflow/example_dags/example_branch_labels.py took 0.072 seconds
[2026-04-25T08:54:32.868+0000] {processor.py:161} INFO - Started process (PID=2542) to work on /home/airflow/.local/lib/python3.12/site-packages/airflow/example_dags/example_branch_labels.py
[2026-04-25T08:54:32.869+0000] {processor.py:830} INFO - Processing file /home/airflow/.local/lib/python3.12/site-packages/airflow/example_dags/example_branch_labels.py for tasks to queue
[2026-04-25T08:54:32.872+0000] {logging_mixin.py:188} INFO - [2026-04-25T08:54:32.872+0000] {dagbag.py:545} INFO - Filling up the DagBag from /home/airflow/.local/lib/python3.12/site-packages/airflow/example_dags/example_branch_labels.py
[2026-04-25T08:54:32.885+0000] {processor.py:840} INFO - DAG(s) 'example_branch_labels' retrieved from /home/airflow/.local/lib/python3.12/site-packages/airflow/example_dags/example_branch_labels.py
[2026-04-25T08:54:32.911+0000] {logging_mixin.py:188} INFO - [2026-04-25T08:54:32.910+0000] {dag.py:3096} INFO - Sync 1 DAGs
[2026-04-25T08:54:32.939+0000] {logging_mixin.py:188} INFO - [2026-04-25T08:54:32.939+0000] {dag.py:3954} INFO - Setting next_dagrun for example_branch_labels to 2026-04-24 00:00:00+00:00, run_after=2026-04-25 00:00:00+00:00
[2026-04-25T08:54:32.958+0000] {processor.py:183} INFO - Processing /home/airflow/.local/lib/python3.12/site-packages/airflow/example_dags/example_branch_labels.py took 0.104 seconds
[2026-04-25T08:55:03.368+0000] {processor.py:161} INFO - Started process (PID=2600) to work on /home/airflow/.local/lib/python3.12/site-packages/airflow/example_dags/example_branch_labels.py
[2026-04-25T08:55:03.369+0000] {processor.py:830} INFO - Processing file /home/airflow/.local/lib/python3.12/site-packages/airflow/example_dags/example_branch_labels.py for tasks to queue
[2026-04-25T08:55:03.371+0000] {logging_mixin.py:188} INFO - [2026-04-25T08:55:03.370+0000] {dagbag.py:545} INFO - Filling up the DagBag from /home/airflow/.local/lib/python3.12/site-packages/airflow/example_dags/example_branch_labels.py
[2026-04-25T08:55:03.378+0000] {processor.py:840} INFO - DAG(s) 'example_branch_labels' retrieved from /home/airflow/.local/lib/python3.12/site-packages/airflow/example_dags/example_branch_labels.py
[2026-04-25T08:55:03.396+0000] {logging_mixin.py:188} INFO - [2026-04-25T08:55:03.396+0000] {dag.py:3096} INFO - Sync 1 DAGs
[2026-04-25T08:55:03.418+0000] {logging_mixin.py:188} INFO - [2026-04-25T08:55:03.417+0000] {dag.py:3954} INFO - Setting next_dagrun for example_branch_labels to 2026-04-24 00:00:00+00:00, run_after=2026-04-25 00:00:00+00:00
[2026-04-25T08:55:03.432+0000] {processor.py:183} INFO - Processing /home/airflow/.local/lib/python3.12/site-packages/airflow/example_dags/example_branch_labels.py took 0.071 seconds
[2026-04-25T08:55:33.810+0000] {processor.py:161} INFO - Started process (PID=2658) to work on /home/airflow/.local/lib/python3.12/site-packages/airflow/example_dags/example_branch_labels.py
[2026-04-25T08:55:33.811+0000] {processor.py:830} INFO - Processing file /home/airflow/.local/lib/python3.12/site-packages/airflow/example_dags/example_branch_labels.py for tasks to queue
[2026-04-25T08:55:33.812+0000] {logging_mixin.py:188} INFO - [2026-04-25T08:55:33.812+0000] {dagbag.py:545} INFO - Filling up the DagBag from /home/airflow/.local/lib/python3.12/site-packages/airflow/example_dags/example_branch_labels.py
[2026-04-25T08:55:33.819+0000] {processor.py:840} INFO - DAG(s) 'example_branch_labels' retrieved from /home/airflow/.local/lib/python3.12/site-packages/airflow/example_dags/example_branch_labels.py
[2026-04-25T08:55:33.839+0000] {logging_mixin.py:188} INFO - [2026-04-25T08:55:33.838+0000] {dag.py:3096} INFO - Sync 1 DAGs
[2026-04-25T08:55:33.859+0000] {logging_mixin.py:188} INFO - [2026-04-25T08:55:33.858+0000] {dag.py:3954} INFO - Setting next_dagrun for example_branch_labels to 2026-04-24 00:00:00+00:00, run_after=2026-04-25 00:00:00+00:00
[2026-04-25T08:55:33.879+0000] {processor.py:183} INFO - Processing /home/airflow/.local/lib/python3.12/site-packages/airflow/example_dags/example_branch_labels.py took 0.075 seconds
