[2026-04-25T08:33:01.147+0000] {processor.py:161} INFO - Started process (PID=67) to work on /home/airflow/.local/lib/python3.12/site-packages/airflow/example_dags/example_xcomargs.py
[2026-04-25T08:33:01.148+0000] {processor.py:830} INFO - Processing file /home/airflow/.local/lib/python3.12/site-packages/airflow/example_dags/example_xcomargs.py for tasks to queue
[2026-04-25T08:33:01.150+0000] {logging_mixin.py:188} INFO - [2026-04-25T08:33:01.149+0000] {dagbag.py:545} INFO - Filling up the DagBag from /home/airflow/.local/lib/python3.12/site-packages/airflow/example_dags/example_xcomargs.py
[2026-04-25T08:33:01.163+0000] {processor.py:840} INFO - DAG(s) 'example_xcom_args', 'example_xcom_args_with_operators' retrieved from /home/airflow/.local/lib/python3.12/site-packages/airflow/example_dags/example_xcomargs.py
[2026-04-25T08:33:01.327+0000] {logging_mixin.py:188} INFO - [2026-04-25T08:33:01.327+0000] {dag.py:3096} INFO - Sync 2 DAGs
[2026-04-25T08:33:01.341+0000] {logging_mixin.py:188} INFO - [2026-04-25T08:33:01.341+0000] {dag.py:3954} INFO - Setting next_dagrun for example_xcom_args to None, run_after=None
[2026-04-25T08:33:01.345+0000] {logging_mixin.py:188} INFO - [2026-04-25T08:33:01.345+0000] {dag.py:3954} INFO - Setting next_dagrun for example_xcom_args_with_operators to None, run_after=None
[2026-04-25T08:33:01.363+0000] {processor.py:183} INFO - Processing /home/airflow/.local/lib/python3.12/site-packages/airflow/example_dags/example_xcomargs.py took 0.224 seconds
[2026-04-25T08:33:31.462+0000] {processor.py:161} INFO - Started process (PID=125) to work on /home/airflow/.local/lib/python3.12/site-packages/airflow/example_dags/example_xcomargs.py
[2026-04-25T08:33:31.463+0000] {processor.py:830} INFO - Processing file /home/airflow/.local/lib/python3.12/site-packages/airflow/example_dags/example_xcomargs.py for tasks to queue
[2026-04-25T08:33:31.465+0000] {logging_mixin.py:188} INFO - [2026-04-25T08:33:31.465+0000] {dagbag.py:545} INFO - Filling up the DagBag from /home/airflow/.local/lib/python3.12/site-packages/airflow/example_dags/example_xcomargs.py
[2026-04-25T08:33:31.475+0000] {processor.py:840} INFO - DAG(s) 'example_xcom_args', 'example_xcom_args_with_operators' retrieved from /home/airflow/.local/lib/python3.12/site-packages/airflow/example_dags/example_xcomargs.py
[2026-04-25T08:33:31.508+0000] {logging_mixin.py:188} INFO - [2026-04-25T08:33:31.507+0000] {dag.py:3096} INFO - Sync 2 DAGs
[2026-04-25T08:33:31.526+0000] {logging_mixin.py:188} INFO - [2026-04-25T08:33:31.526+0000] {dag.py:3954} INFO - Setting next_dagrun for example_xcom_args to None, run_after=None
[2026-04-25T08:33:31.531+0000] {logging_mixin.py:188} INFO - [2026-04-25T08:33:31.531+0000] {dag.py:3954} INFO - Setting next_dagrun for example_xcom_args_with_operators to None, run_after=None
[2026-04-25T08:33:31.551+0000] {processor.py:183} INFO - Processing /home/airflow/.local/lib/python3.12/site-packages/airflow/example_dags/example_xcomargs.py took 0.097 seconds
[2026-04-25T08:34:02.414+0000] {processor.py:161} INFO - Started process (PID=183) to work on /home/airflow/.local/lib/python3.12/site-packages/airflow/example_dags/example_xcomargs.py
[2026-04-25T08:34:02.414+0000] {processor.py:830} INFO - Processing file /home/airflow/.local/lib/python3.12/site-packages/airflow/example_dags/example_xcomargs.py for tasks to queue
[2026-04-25T08:34:02.416+0000] {logging_mixin.py:188} INFO - [2026-04-25T08:34:02.416+0000] {dagbag.py:545} INFO - Filling up the DagBag from /home/airflow/.local/lib/python3.12/site-packages/airflow/example_dags/example_xcomargs.py
[2026-04-25T08:34:02.426+0000] {processor.py:840} INFO - DAG(s) 'example_xcom_args', 'example_xcom_args_with_operators' retrieved from /home/airflow/.local/lib/python3.12/site-packages/airflow/example_dags/example_xcomargs.py
[2026-04-25T08:34:02.450+0000] {logging_mixin.py:188} INFO - [2026-04-25T08:34:02.450+0000] {dag.py:3096} INFO - Sync 2 DAGs
[2026-04-25T08:34:02.463+0000] {logging_mixin.py:188} INFO - [2026-04-25T08:34:02.463+0000] {dag.py:3954} INFO - Setting next_dagrun for example_xcom_args to None, run_after=None
[2026-04-25T08:34:02.466+0000] {logging_mixin.py:188} INFO - [2026-04-25T08:34:02.466+0000] {dag.py:3954} INFO - Setting next_dagrun for example_xcom_args_with_operators to None, run_after=None
[2026-04-25T08:34:02.478+0000] {processor.py:183} INFO - Processing /home/airflow/.local/lib/python3.12/site-packages/airflow/example_dags/example_xcomargs.py took 0.072 seconds
[2026-04-25T08:34:32.786+0000] {processor.py:161} INFO - Started process (PID=241) to work on /home/airflow/.local/lib/python3.12/site-packages/airflow/example_dags/example_xcomargs.py
[2026-04-25T08:34:32.787+0000] {processor.py:830} INFO - Processing file /home/airflow/.local/lib/python3.12/site-packages/airflow/example_dags/example_xcomargs.py for tasks to queue
[2026-04-25T08:34:32.788+0000] {logging_mixin.py:188} INFO - [2026-04-25T08:34:32.788+0000] {dagbag.py:545} INFO - Filling up the DagBag from /home/airflow/.local/lib/python3.12/site-packages/airflow/example_dags/example_xcomargs.py
[2026-04-25T08:34:32.795+0000] {processor.py:840} INFO - DAG(s) 'example_xcom_args', 'example_xcom_args_with_operators' retrieved from /home/airflow/.local/lib/python3.12/site-packages/airflow/example_dags/example_xcomargs.py
[2026-04-25T08:34:32.820+0000] {logging_mixin.py:188} INFO - [2026-04-25T08:34:32.820+0000] {dag.py:3096} INFO - Sync 2 DAGs
[2026-04-25T08:34:32.831+0000] {logging_mixin.py:188} INFO - [2026-04-25T08:34:32.831+0000] {dag.py:3954} INFO - Setting next_dagrun for example_xcom_args to None, run_after=None
[2026-04-25T08:34:32.834+0000] {logging_mixin.py:188} INFO - [2026-04-25T08:34:32.834+0000] {dag.py:3954} INFO - Setting next_dagrun for example_xcom_args_with_operators to None, run_after=None
[2026-04-25T08:34:32.846+0000] {processor.py:183} INFO - Processing /home/airflow/.local/lib/python3.12/site-packages/airflow/example_dags/example_xcomargs.py took 0.064 seconds
[2026-04-25T08:35:03.474+0000] {processor.py:161} INFO - Started process (PID=299) to work on /home/airflow/.local/lib/python3.12/site-packages/airflow/example_dags/example_xcomargs.py
[2026-04-25T08:35:03.475+0000] {processor.py:830} INFO - Processing file /home/airflow/.local/lib/python3.12/site-packages/airflow/example_dags/example_xcomargs.py for tasks to queue
[2026-04-25T08:35:03.476+0000] {logging_mixin.py:188} INFO - [2026-04-25T08:35:03.476+0000] {dagbag.py:545} INFO - Filling up the DagBag from /home/airflow/.local/lib/python3.12/site-packages/airflow/example_dags/example_xcomargs.py
[2026-04-25T08:35:03.483+0000] {processor.py:840} INFO - DAG(s) 'example_xcom_args', 'example_xcom_args_with_operators' retrieved from /home/airflow/.local/lib/python3.12/site-packages/airflow/example_dags/example_xcomargs.py
[2026-04-25T08:35:03.502+0000] {logging_mixin.py:188} INFO - [2026-04-25T08:35:03.502+0000] {dag.py:3096} INFO - Sync 2 DAGs
[2026-04-25T08:35:03.513+0000] {logging_mixin.py:188} INFO - [2026-04-25T08:35:03.513+0000] {dag.py:3954} INFO - Setting next_dagrun for example_xcom_args to None, run_after=None
[2026-04-25T08:35:03.516+0000] {logging_mixin.py:188} INFO - [2026-04-25T08:35:03.516+0000] {dag.py:3954} INFO - Setting next_dagrun for example_xcom_args_with_operators to None, run_after=None
[2026-04-25T08:35:03.529+0000] {processor.py:183} INFO - Processing /home/airflow/.local/lib/python3.12/site-packages/airflow/example_dags/example_xcomargs.py took 0.060 seconds
[2026-04-25T08:35:33.589+0000] {processor.py:161} INFO - Started process (PID=357) to work on /home/airflow/.local/lib/python3.12/site-packages/airflow/example_dags/example_xcomargs.py
[2026-04-25T08:35:33.590+0000] {processor.py:830} INFO - Processing file /home/airflow/.local/lib/python3.12/site-packages/airflow/example_dags/example_xcomargs.py for tasks to queue
[2026-04-25T08:35:33.592+0000] {logging_mixin.py:188} INFO - [2026-04-25T08:35:33.591+0000] {dagbag.py:545} INFO - Filling up the DagBag from /home/airflow/.local/lib/python3.12/site-packages/airflow/example_dags/example_xcomargs.py
[2026-04-25T08:35:33.600+0000] {processor.py:840} INFO - DAG(s) 'example_xcom_args', 'example_xcom_args_with_operators' retrieved from /home/airflow/.local/lib/python3.12/site-packages/airflow/example_dags/example_xcomargs.py
[2026-04-25T08:35:33.625+0000] {logging_mixin.py:188} INFO - [2026-04-25T08:35:33.625+0000] {dag.py:3096} INFO - Sync 2 DAGs
[2026-04-25T08:35:33.637+0000] {logging_mixin.py:188} INFO - [2026-04-25T08:35:33.636+0000] {dag.py:3954} INFO - Setting next_dagrun for example_xcom_args to None, run_after=None
[2026-04-25T08:35:33.640+0000] {logging_mixin.py:188} INFO - [2026-04-25T08:35:33.639+0000] {dag.py:3954} INFO - Setting next_dagrun for example_xcom_args_with_operators to None, run_after=None
[2026-04-25T08:35:33.653+0000] {processor.py:183} INFO - Processing /home/airflow/.local/lib/python3.12/site-packages/airflow/example_dags/example_xcomargs.py took 0.068 seconds
[2026-04-25T08:36:03.690+0000] {processor.py:161} INFO - Started process (PID=415) to work on /home/airflow/.local/lib/python3.12/site-packages/airflow/example_dags/example_xcomargs.py
[2026-04-25T08:36:03.690+0000] {processor.py:830} INFO - Processing file /home/airflow/.local/lib/python3.12/site-packages/airflow/example_dags/example_xcomargs.py for tasks to queue
[2026-04-25T08:36:03.692+0000] {logging_mixin.py:188} INFO - [2026-04-25T08:36:03.691+0000] {dagbag.py:545} INFO - Filling up the DagBag from /home/airflow/.local/lib/python3.12/site-packages/airflow/example_dags/example_xcomargs.py
[2026-04-25T08:36:03.698+0000] {processor.py:840} INFO - DAG(s) 'example_xcom_args', 'example_xcom_args_with_operators' retrieved from /home/airflow/.local/lib/python3.12/site-packages/airflow/example_dags/example_xcomargs.py
[2026-04-25T08:36:03.718+0000] {logging_mixin.py:188} INFO - [2026-04-25T08:36:03.718+0000] {dag.py:3096} INFO - Sync 2 DAGs
[2026-04-25T08:36:03.729+0000] {logging_mixin.py:188} INFO - [2026-04-25T08:36:03.729+0000] {dag.py:3954} INFO - Setting next_dagrun for example_xcom_args to None, run_after=None
[2026-04-25T08:36:03.732+0000] {logging_mixin.py:188} INFO - [2026-04-25T08:36:03.732+0000] {dag.py:3954} INFO - Setting next_dagrun for example_xcom_args_with_operators to None, run_after=None
[2026-04-25T08:36:03.745+0000] {processor.py:183} INFO - Processing /home/airflow/.local/lib/python3.12/site-packages/airflow/example_dags/example_xcomargs.py took 0.060 seconds
[2026-04-25T08:36:34.361+0000] {processor.py:161} INFO - Started process (PID=473) to work on /home/airflow/.local/lib/python3.12/site-packages/airflow/example_dags/example_xcomargs.py
[2026-04-25T08:36:34.362+0000] {processor.py:830} INFO - Processing file /home/airflow/.local/lib/python3.12/site-packages/airflow/example_dags/example_xcomargs.py for tasks to queue
[2026-04-25T08:36:34.363+0000] {logging_mixin.py:188} INFO - [2026-04-25T08:36:34.363+0000] {dagbag.py:545} INFO - Filling up the DagBag from /home/airflow/.local/lib/python3.12/site-packages/airflow/example_dags/example_xcomargs.py
[2026-04-25T08:36:34.370+0000] {processor.py:840} INFO - DAG(s) 'example_xcom_args_with_operators', 'example_xcom_args' retrieved from /home/airflow/.local/lib/python3.12/site-packages/airflow/example_dags/example_xcomargs.py
[2026-04-25T08:36:34.390+0000] {logging_mixin.py:188} INFO - [2026-04-25T08:36:34.390+0000] {dag.py:3096} INFO - Sync 2 DAGs
[2026-04-25T08:36:34.402+0000] {logging_mixin.py:188} INFO - [2026-04-25T08:36:34.402+0000] {dag.py:3954} INFO - Setting next_dagrun for example_xcom_args to None, run_after=None
[2026-04-25T08:36:34.406+0000] {logging_mixin.py:188} INFO - [2026-04-25T08:36:34.405+0000] {dag.py:3954} INFO - Setting next_dagrun for example_xcom_args_with_operators to None, run_after=None
[2026-04-25T08:36:34.418+0000] {processor.py:183} INFO - Processing /home/airflow/.local/lib/python3.12/site-packages/airflow/example_dags/example_xcomargs.py took 0.062 seconds
[2026-04-25T08:37:04.497+0000] {processor.py:161} INFO - Started process (PID=531) to work on /home/airflow/.local/lib/python3.12/site-packages/airflow/example_dags/example_xcomargs.py
[2026-04-25T08:37:04.497+0000] {processor.py:830} INFO - Processing file /home/airflow/.local/lib/python3.12/site-packages/airflow/example_dags/example_xcomargs.py for tasks to queue
[2026-04-25T08:37:04.499+0000] {logging_mixin.py:188} INFO - [2026-04-25T08:37:04.498+0000] {dagbag.py:545} INFO - Filling up the DagBag from /home/airflow/.local/lib/python3.12/site-packages/airflow/example_dags/example_xcomargs.py
[2026-04-25T08:37:04.506+0000] {processor.py:840} INFO - DAG(s) 'example_xcom_args_with_operators', 'example_xcom_args' retrieved from /home/airflow/.local/lib/python3.12/site-packages/airflow/example_dags/example_xcomargs.py
[2026-04-25T08:37:04.531+0000] {logging_mixin.py:188} INFO - [2026-04-25T08:37:04.530+0000] {dag.py:3096} INFO - Sync 2 DAGs
[2026-04-25T08:37:04.542+0000] {logging_mixin.py:188} INFO - [2026-04-25T08:37:04.542+0000] {dag.py:3954} INFO - Setting next_dagrun for example_xcom_args to None, run_after=None
[2026-04-25T08:37:04.546+0000] {logging_mixin.py:188} INFO - [2026-04-25T08:37:04.546+0000] {dag.py:3954} INFO - Setting next_dagrun for example_xcom_args_with_operators to None, run_after=None
[2026-04-25T08:37:04.558+0000] {processor.py:183} INFO - Processing /home/airflow/.local/lib/python3.12/site-packages/airflow/example_dags/example_xcomargs.py took 0.067 seconds
[2026-04-25T08:37:34.989+0000] {processor.py:161} INFO - Started process (PID=589) to work on /home/airflow/.local/lib/python3.12/site-packages/airflow/example_dags/example_xcomargs.py
[2026-04-25T08:37:34.990+0000] {processor.py:830} INFO - Processing file /home/airflow/.local/lib/python3.12/site-packages/airflow/example_dags/example_xcomargs.py for tasks to queue
[2026-04-25T08:37:34.992+0000] {logging_mixin.py:188} INFO - [2026-04-25T08:37:34.991+0000] {dagbag.py:545} INFO - Filling up the DagBag from /home/airflow/.local/lib/python3.12/site-packages/airflow/example_dags/example_xcomargs.py
[2026-04-25T08:37:34.998+0000] {processor.py:840} INFO - DAG(s) 'example_xcom_args_with_operators', 'example_xcom_args' retrieved from /home/airflow/.local/lib/python3.12/site-packages/airflow/example_dags/example_xcomargs.py
[2026-04-25T08:37:35.018+0000] {logging_mixin.py:188} INFO - [2026-04-25T08:37:35.017+0000] {dag.py:3096} INFO - Sync 2 DAGs
[2026-04-25T08:37:35.029+0000] {logging_mixin.py:188} INFO - [2026-04-25T08:37:35.029+0000] {dag.py:3954} INFO - Setting next_dagrun for example_xcom_args to None, run_after=None
[2026-04-25T08:37:35.032+0000] {logging_mixin.py:188} INFO - [2026-04-25T08:37:35.032+0000] {dag.py:3954} INFO - Setting next_dagrun for example_xcom_args_with_operators to None, run_after=None
[2026-04-25T08:37:35.046+0000] {processor.py:183} INFO - Processing /home/airflow/.local/lib/python3.12/site-packages/airflow/example_dags/example_xcomargs.py took 0.062 seconds
[2026-04-25T08:38:05.390+0000] {processor.py:161} INFO - Started process (PID=647) to work on /home/airflow/.local/lib/python3.12/site-packages/airflow/example_dags/example_xcomargs.py
[2026-04-25T08:38:05.391+0000] {processor.py:830} INFO - Processing file /home/airflow/.local/lib/python3.12/site-packages/airflow/example_dags/example_xcomargs.py for tasks to queue
[2026-04-25T08:38:05.393+0000] {logging_mixin.py:188} INFO - [2026-04-25T08:38:05.393+0000] {dagbag.py:545} INFO - Filling up the DagBag from /home/airflow/.local/lib/python3.12/site-packages/airflow/example_dags/example_xcomargs.py
[2026-04-25T08:38:05.403+0000] {processor.py:840} INFO - DAG(s) 'example_xcom_args_with_operators', 'example_xcom_args' retrieved from /home/airflow/.local/lib/python3.12/site-packages/airflow/example_dags/example_xcomargs.py
[2026-04-25T08:38:05.424+0000] {logging_mixin.py:188} INFO - [2026-04-25T08:38:05.424+0000] {dag.py:3096} INFO - Sync 2 DAGs
[2026-04-25T08:38:05.435+0000] {logging_mixin.py:188} INFO - [2026-04-25T08:38:05.435+0000] {dag.py:3954} INFO - Setting next_dagrun for example_xcom_args to None, run_after=None
[2026-04-25T08:38:05.438+0000] {logging_mixin.py:188} INFO - [2026-04-25T08:38:05.438+0000] {dag.py:3954} INFO - Setting next_dagrun for example_xcom_args_with_operators to None, run_after=None
[2026-04-25T08:38:05.452+0000] {processor.py:183} INFO - Processing /home/airflow/.local/lib/python3.12/site-packages/airflow/example_dags/example_xcomargs.py took 0.068 seconds
[2026-04-25T08:38:35.777+0000] {processor.py:161} INFO - Started process (PID=705) to work on /home/airflow/.local/lib/python3.12/site-packages/airflow/example_dags/example_xcomargs.py
[2026-04-25T08:38:35.777+0000] {processor.py:830} INFO - Processing file /home/airflow/.local/lib/python3.12/site-packages/airflow/example_dags/example_xcomargs.py for tasks to queue
[2026-04-25T08:38:35.779+0000] {logging_mixin.py:188} INFO - [2026-04-25T08:38:35.779+0000] {dagbag.py:545} INFO - Filling up the DagBag from /home/airflow/.local/lib/python3.12/site-packages/airflow/example_dags/example_xcomargs.py
[2026-04-25T08:38:35.788+0000] {processor.py:840} INFO - DAG(s) 'example_xcom_args', 'example_xcom_args_with_operators' retrieved from /home/airflow/.local/lib/python3.12/site-packages/airflow/example_dags/example_xcomargs.py
[2026-04-25T08:38:35.808+0000] {logging_mixin.py:188} INFO - [2026-04-25T08:38:35.808+0000] {dag.py:3096} INFO - Sync 2 DAGs
[2026-04-25T08:38:35.818+0000] {logging_mixin.py:188} INFO - [2026-04-25T08:38:35.818+0000] {dag.py:3954} INFO - Setting next_dagrun for example_xcom_args to None, run_after=None
[2026-04-25T08:38:35.821+0000] {logging_mixin.py:188} INFO - [2026-04-25T08:38:35.821+0000] {dag.py:3954} INFO - Setting next_dagrun for example_xcom_args_with_operators to None, run_after=None
[2026-04-25T08:38:35.833+0000] {processor.py:183} INFO - Processing /home/airflow/.local/lib/python3.12/site-packages/airflow/example_dags/example_xcomargs.py took 0.062 seconds
[2026-04-25T08:39:06.177+0000] {processor.py:161} INFO - Started process (PID=763) to work on /home/airflow/.local/lib/python3.12/site-packages/airflow/example_dags/example_xcomargs.py
[2026-04-25T08:39:06.178+0000] {processor.py:830} INFO - Processing file /home/airflow/.local/lib/python3.12/site-packages/airflow/example_dags/example_xcomargs.py for tasks to queue
[2026-04-25T08:39:06.180+0000] {logging_mixin.py:188} INFO - [2026-04-25T08:39:06.180+0000] {dagbag.py:545} INFO - Filling up the DagBag from /home/airflow/.local/lib/python3.12/site-packages/airflow/example_dags/example_xcomargs.py
[2026-04-25T08:39:06.190+0000] {processor.py:840} INFO - DAG(s) 'example_xcom_args_with_operators', 'example_xcom_args' retrieved from /home/airflow/.local/lib/python3.12/site-packages/airflow/example_dags/example_xcomargs.py
[2026-04-25T08:39:06.213+0000] {logging_mixin.py:188} INFO - [2026-04-25T08:39:06.213+0000] {dag.py:3096} INFO - Sync 2 DAGs
[2026-04-25T08:39:06.225+0000] {logging_mixin.py:188} INFO - [2026-04-25T08:39:06.225+0000] {dag.py:3954} INFO - Setting next_dagrun for example_xcom_args to None, run_after=None
[2026-04-25T08:39:06.229+0000] {logging_mixin.py:188} INFO - [2026-04-25T08:39:06.228+0000] {dag.py:3954} INFO - Setting next_dagrun for example_xcom_args_with_operators to None, run_after=None
[2026-04-25T08:39:06.243+0000] {processor.py:183} INFO - Processing /home/airflow/.local/lib/python3.12/site-packages/airflow/example_dags/example_xcomargs.py took 0.073 seconds
[2026-04-25T08:39:36.471+0000] {processor.py:161} INFO - Started process (PID=821) to work on /home/airflow/.local/lib/python3.12/site-packages/airflow/example_dags/example_xcomargs.py
[2026-04-25T08:39:36.472+0000] {processor.py:830} INFO - Processing file /home/airflow/.local/lib/python3.12/site-packages/airflow/example_dags/example_xcomargs.py for tasks to queue
[2026-04-25T08:39:36.474+0000] {logging_mixin.py:188} INFO - [2026-04-25T08:39:36.473+0000] {dagbag.py:545} INFO - Filling up the DagBag from /home/airflow/.local/lib/python3.12/site-packages/airflow/example_dags/example_xcomargs.py
[2026-04-25T08:39:36.481+0000] {processor.py:840} INFO - DAG(s) 'example_xcom_args_with_operators', 'example_xcom_args' retrieved from /home/airflow/.local/lib/python3.12/site-packages/airflow/example_dags/example_xcomargs.py
[2026-04-25T08:39:36.500+0000] {logging_mixin.py:188} INFO - [2026-04-25T08:39:36.500+0000] {dag.py:3096} INFO - Sync 2 DAGs
[2026-04-25T08:39:36.511+0000] {logging_mixin.py:188} INFO - [2026-04-25T08:39:36.511+0000] {dag.py:3954} INFO - Setting next_dagrun for example_xcom_args to None, run_after=None
[2026-04-25T08:39:36.514+0000] {logging_mixin.py:188} INFO - [2026-04-25T08:39:36.514+0000] {dag.py:3954} INFO - Setting next_dagrun for example_xcom_args_with_operators to None, run_after=None
[2026-04-25T08:39:36.527+0000] {processor.py:183} INFO - Processing /home/airflow/.local/lib/python3.12/site-packages/airflow/example_dags/example_xcomargs.py took 0.060 seconds
[2026-04-25T08:40:06.719+0000] {processor.py:161} INFO - Started process (PID=879) to work on /home/airflow/.local/lib/python3.12/site-packages/airflow/example_dags/example_xcomargs.py
[2026-04-25T08:40:06.720+0000] {processor.py:830} INFO - Processing file /home/airflow/.local/lib/python3.12/site-packages/airflow/example_dags/example_xcomargs.py for tasks to queue
[2026-04-25T08:40:06.721+0000] {logging_mixin.py:188} INFO - [2026-04-25T08:40:06.721+0000] {dagbag.py:545} INFO - Filling up the DagBag from /home/airflow/.local/lib/python3.12/site-packages/airflow/example_dags/example_xcomargs.py
[2026-04-25T08:40:06.728+0000] {processor.py:840} INFO - DAG(s) 'example_xcom_args_with_operators', 'example_xcom_args' retrieved from /home/airflow/.local/lib/python3.12/site-packages/airflow/example_dags/example_xcomargs.py
[2026-04-25T08:40:06.748+0000] {logging_mixin.py:188} INFO - [2026-04-25T08:40:06.748+0000] {dag.py:3096} INFO - Sync 2 DAGs
[2026-04-25T08:40:06.758+0000] {logging_mixin.py:188} INFO - [2026-04-25T08:40:06.758+0000] {dag.py:3954} INFO - Setting next_dagrun for example_xcom_args to None, run_after=None
[2026-04-25T08:40:06.761+0000] {logging_mixin.py:188} INFO - [2026-04-25T08:40:06.761+0000] {dag.py:3954} INFO - Setting next_dagrun for example_xcom_args_with_operators to None, run_after=None
[2026-04-25T08:40:06.773+0000] {processor.py:183} INFO - Processing /home/airflow/.local/lib/python3.12/site-packages/airflow/example_dags/example_xcomargs.py took 0.059 seconds
[2026-04-25T08:40:37.135+0000] {processor.py:161} INFO - Started process (PID=937) to work on /home/airflow/.local/lib/python3.12/site-packages/airflow/example_dags/example_xcomargs.py
[2026-04-25T08:40:37.136+0000] {processor.py:830} INFO - Processing file /home/airflow/.local/lib/python3.12/site-packages/airflow/example_dags/example_xcomargs.py for tasks to queue
[2026-04-25T08:40:37.137+0000] {logging_mixin.py:188} INFO - [2026-04-25T08:40:37.137+0000] {dagbag.py:545} INFO - Filling up the DagBag from /home/airflow/.local/lib/python3.12/site-packages/airflow/example_dags/example_xcomargs.py
[2026-04-25T08:40:37.144+0000] {processor.py:840} INFO - DAG(s) 'example_xcom_args', 'example_xcom_args_with_operators' retrieved from /home/airflow/.local/lib/python3.12/site-packages/airflow/example_dags/example_xcomargs.py
[2026-04-25T08:40:37.165+0000] {logging_mixin.py:188} INFO - [2026-04-25T08:40:37.165+0000] {dag.py:3096} INFO - Sync 2 DAGs
[2026-04-25T08:40:37.177+0000] {logging_mixin.py:188} INFO - [2026-04-25T08:40:37.176+0000] {dag.py:3954} INFO - Setting next_dagrun for example_xcom_args to None, run_after=None
[2026-04-25T08:40:37.180+0000] {logging_mixin.py:188} INFO - [2026-04-25T08:40:37.179+0000] {dag.py:3954} INFO - Setting next_dagrun for example_xcom_args_with_operators to None, run_after=None
[2026-04-25T08:40:37.192+0000] {processor.py:183} INFO - Processing /home/airflow/.local/lib/python3.12/site-packages/airflow/example_dags/example_xcomargs.py took 0.061 seconds
[2026-04-25T08:41:07.666+0000] {processor.py:161} INFO - Started process (PID=995) to work on /home/airflow/.local/lib/python3.12/site-packages/airflow/example_dags/example_xcomargs.py
[2026-04-25T08:41:07.667+0000] {processor.py:830} INFO - Processing file /home/airflow/.local/lib/python3.12/site-packages/airflow/example_dags/example_xcomargs.py for tasks to queue
[2026-04-25T08:41:07.669+0000] {logging_mixin.py:188} INFO - [2026-04-25T08:41:07.669+0000] {dagbag.py:545} INFO - Filling up the DagBag from /home/airflow/.local/lib/python3.12/site-packages/airflow/example_dags/example_xcomargs.py
[2026-04-25T08:41:07.679+0000] {processor.py:840} INFO - DAG(s) 'example_xcom_args', 'example_xcom_args_with_operators' retrieved from /home/airflow/.local/lib/python3.12/site-packages/airflow/example_dags/example_xcomargs.py
[2026-04-25T08:41:07.700+0000] {logging_mixin.py:188} INFO - [2026-04-25T08:41:07.700+0000] {dag.py:3096} INFO - Sync 2 DAGs
[2026-04-25T08:41:07.712+0000] {logging_mixin.py:188} INFO - [2026-04-25T08:41:07.711+0000] {dag.py:3954} INFO - Setting next_dagrun for example_xcom_args to None, run_after=None
[2026-04-25T08:41:07.715+0000] {logging_mixin.py:188} INFO - [2026-04-25T08:41:07.715+0000] {dag.py:3954} INFO - Setting next_dagrun for example_xcom_args_with_operators to None, run_after=None
[2026-04-25T08:41:07.729+0000] {processor.py:183} INFO - Processing /home/airflow/.local/lib/python3.12/site-packages/airflow/example_dags/example_xcomargs.py took 0.070 seconds
[2026-04-25T08:41:38.272+0000] {processor.py:161} INFO - Started process (PID=1053) to work on /home/airflow/.local/lib/python3.12/site-packages/airflow/example_dags/example_xcomargs.py
[2026-04-25T08:41:38.273+0000] {processor.py:830} INFO - Processing file /home/airflow/.local/lib/python3.12/site-packages/airflow/example_dags/example_xcomargs.py for tasks to queue
[2026-04-25T08:41:38.275+0000] {logging_mixin.py:188} INFO - [2026-04-25T08:41:38.274+0000] {dagbag.py:545} INFO - Filling up the DagBag from /home/airflow/.local/lib/python3.12/site-packages/airflow/example_dags/example_xcomargs.py
[2026-04-25T08:41:38.282+0000] {processor.py:840} INFO - DAG(s) 'example_xcom_args', 'example_xcom_args_with_operators' retrieved from /home/airflow/.local/lib/python3.12/site-packages/airflow/example_dags/example_xcomargs.py
[2026-04-25T08:41:38.301+0000] {logging_mixin.py:188} INFO - [2026-04-25T08:41:38.301+0000] {dag.py:3096} INFO - Sync 2 DAGs
[2026-04-25T08:41:38.312+0000] {logging_mixin.py:188} INFO - [2026-04-25T08:41:38.312+0000] {dag.py:3954} INFO - Setting next_dagrun for example_xcom_args to None, run_after=None
[2026-04-25T08:41:38.315+0000] {logging_mixin.py:188} INFO - [2026-04-25T08:41:38.315+0000] {dag.py:3954} INFO - Setting next_dagrun for example_xcom_args_with_operators to None, run_after=None
[2026-04-25T08:41:38.327+0000] {processor.py:183} INFO - Processing /home/airflow/.local/lib/python3.12/site-packages/airflow/example_dags/example_xcomargs.py took 0.060 seconds
[2026-04-25T08:42:08.503+0000] {processor.py:161} INFO - Started process (PID=1111) to work on /home/airflow/.local/lib/python3.12/site-packages/airflow/example_dags/example_xcomargs.py
[2026-04-25T08:42:08.504+0000] {processor.py:830} INFO - Processing file /home/airflow/.local/lib/python3.12/site-packages/airflow/example_dags/example_xcomargs.py for tasks to queue
[2026-04-25T08:42:08.506+0000] {logging_mixin.py:188} INFO - [2026-04-25T08:42:08.506+0000] {dagbag.py:545} INFO - Filling up the DagBag from /home/airflow/.local/lib/python3.12/site-packages/airflow/example_dags/example_xcomargs.py
[2026-04-25T08:42:08.513+0000] {processor.py:840} INFO - DAG(s) 'example_xcom_args', 'example_xcom_args_with_operators' retrieved from /home/airflow/.local/lib/python3.12/site-packages/airflow/example_dags/example_xcomargs.py
[2026-04-25T08:42:08.532+0000] {logging_mixin.py:188} INFO - [2026-04-25T08:42:08.532+0000] {dag.py:3096} INFO - Sync 2 DAGs
[2026-04-25T08:42:08.542+0000] {logging_mixin.py:188} INFO - [2026-04-25T08:42:08.542+0000] {dag.py:3954} INFO - Setting next_dagrun for example_xcom_args to None, run_after=None
[2026-04-25T08:42:08.545+0000] {logging_mixin.py:188} INFO - [2026-04-25T08:42:08.545+0000] {dag.py:3954} INFO - Setting next_dagrun for example_xcom_args_with_operators to None, run_after=None
[2026-04-25T08:42:08.560+0000] {processor.py:183} INFO - Processing /home/airflow/.local/lib/python3.12/site-packages/airflow/example_dags/example_xcomargs.py took 0.063 seconds
[2026-04-25T08:42:39.129+0000] {processor.py:161} INFO - Started process (PID=1169) to work on /home/airflow/.local/lib/python3.12/site-packages/airflow/example_dags/example_xcomargs.py
[2026-04-25T08:42:39.129+0000] {processor.py:830} INFO - Processing file /home/airflow/.local/lib/python3.12/site-packages/airflow/example_dags/example_xcomargs.py for tasks to queue
[2026-04-25T08:42:39.131+0000] {logging_mixin.py:188} INFO - [2026-04-25T08:42:39.131+0000] {dagbag.py:545} INFO - Filling up the DagBag from /home/airflow/.local/lib/python3.12/site-packages/airflow/example_dags/example_xcomargs.py
[2026-04-25T08:42:39.139+0000] {processor.py:840} INFO - DAG(s) 'example_xcom_args_with_operators', 'example_xcom_args' retrieved from /home/airflow/.local/lib/python3.12/site-packages/airflow/example_dags/example_xcomargs.py
[2026-04-25T08:42:39.158+0000] {logging_mixin.py:188} INFO - [2026-04-25T08:42:39.158+0000] {dag.py:3096} INFO - Sync 2 DAGs
[2026-04-25T08:42:39.169+0000] {logging_mixin.py:188} INFO - [2026-04-25T08:42:39.169+0000] {dag.py:3954} INFO - Setting next_dagrun for example_xcom_args to None, run_after=None
[2026-04-25T08:42:39.172+0000] {logging_mixin.py:188} INFO - [2026-04-25T08:42:39.172+0000] {dag.py:3954} INFO - Setting next_dagrun for example_xcom_args_with_operators to None, run_after=None
[2026-04-25T08:42:39.184+0000] {processor.py:183} INFO - Processing /home/airflow/.local/lib/python3.12/site-packages/airflow/example_dags/example_xcomargs.py took 0.062 seconds
[2026-04-25T08:43:09.624+0000] {processor.py:161} INFO - Started process (PID=1227) to work on /home/airflow/.local/lib/python3.12/site-packages/airflow/example_dags/example_xcomargs.py
[2026-04-25T08:43:09.625+0000] {processor.py:830} INFO - Processing file /home/airflow/.local/lib/python3.12/site-packages/airflow/example_dags/example_xcomargs.py for tasks to queue
[2026-04-25T08:43:09.626+0000] {logging_mixin.py:188} INFO - [2026-04-25T08:43:09.626+0000] {dagbag.py:545} INFO - Filling up the DagBag from /home/airflow/.local/lib/python3.12/site-packages/airflow/example_dags/example_xcomargs.py
[2026-04-25T08:43:09.633+0000] {processor.py:840} INFO - DAG(s) 'example_xcom_args_with_operators', 'example_xcom_args' retrieved from /home/airflow/.local/lib/python3.12/site-packages/airflow/example_dags/example_xcomargs.py
[2026-04-25T08:43:09.658+0000] {logging_mixin.py:188} INFO - [2026-04-25T08:43:09.658+0000] {dag.py:3096} INFO - Sync 2 DAGs
[2026-04-25T08:43:09.669+0000] {logging_mixin.py:188} INFO - [2026-04-25T08:43:09.669+0000] {dag.py:3954} INFO - Setting next_dagrun for example_xcom_args to None, run_after=None
[2026-04-25T08:43:09.672+0000] {logging_mixin.py:188} INFO - [2026-04-25T08:43:09.672+0000] {dag.py:3954} INFO - Setting next_dagrun for example_xcom_args_with_operators to None, run_after=None
[2026-04-25T08:43:09.684+0000] {processor.py:183} INFO - Processing /home/airflow/.local/lib/python3.12/site-packages/airflow/example_dags/example_xcomargs.py took 0.065 seconds
[2026-04-25T08:43:40.205+0000] {processor.py:161} INFO - Started process (PID=1285) to work on /home/airflow/.local/lib/python3.12/site-packages/airflow/example_dags/example_xcomargs.py
[2026-04-25T08:43:40.206+0000] {processor.py:830} INFO - Processing file /home/airflow/.local/lib/python3.12/site-packages/airflow/example_dags/example_xcomargs.py for tasks to queue
[2026-04-25T08:43:40.207+0000] {logging_mixin.py:188} INFO - [2026-04-25T08:43:40.207+0000] {dagbag.py:545} INFO - Filling up the DagBag from /home/airflow/.local/lib/python3.12/site-packages/airflow/example_dags/example_xcomargs.py
[2026-04-25T08:43:40.214+0000] {processor.py:840} INFO - DAG(s) 'example_xcom_args', 'example_xcom_args_with_operators' retrieved from /home/airflow/.local/lib/python3.12/site-packages/airflow/example_dags/example_xcomargs.py
[2026-04-25T08:43:40.234+0000] {logging_mixin.py:188} INFO - [2026-04-25T08:43:40.233+0000] {dag.py:3096} INFO - Sync 2 DAGs
[2026-04-25T08:43:40.245+0000] {logging_mixin.py:188} INFO - [2026-04-25T08:43:40.245+0000] {dag.py:3954} INFO - Setting next_dagrun for example_xcom_args to None, run_after=None
[2026-04-25T08:43:40.248+0000] {logging_mixin.py:188} INFO - [2026-04-25T08:43:40.248+0000] {dag.py:3954} INFO - Setting next_dagrun for example_xcom_args_with_operators to None, run_after=None
[2026-04-25T08:43:40.260+0000] {processor.py:183} INFO - Processing /home/airflow/.local/lib/python3.12/site-packages/airflow/example_dags/example_xcomargs.py took 0.060 seconds
[2026-04-25T08:44:10.397+0000] {processor.py:161} INFO - Started process (PID=1343) to work on /home/airflow/.local/lib/python3.12/site-packages/airflow/example_dags/example_xcomargs.py
[2026-04-25T08:44:10.398+0000] {processor.py:830} INFO - Processing file /home/airflow/.local/lib/python3.12/site-packages/airflow/example_dags/example_xcomargs.py for tasks to queue
[2026-04-25T08:44:10.399+0000] {logging_mixin.py:188} INFO - [2026-04-25T08:44:10.399+0000] {dagbag.py:545} INFO - Filling up the DagBag from /home/airflow/.local/lib/python3.12/site-packages/airflow/example_dags/example_xcomargs.py
[2026-04-25T08:44:10.408+0000] {processor.py:840} INFO - DAG(s) 'example_xcom_args_with_operators', 'example_xcom_args' retrieved from /home/airflow/.local/lib/python3.12/site-packages/airflow/example_dags/example_xcomargs.py
[2026-04-25T08:44:10.428+0000] {logging_mixin.py:188} INFO - [2026-04-25T08:44:10.428+0000] {dag.py:3096} INFO - Sync 2 DAGs
[2026-04-25T08:44:10.439+0000] {logging_mixin.py:188} INFO - [2026-04-25T08:44:10.439+0000] {dag.py:3954} INFO - Setting next_dagrun for example_xcom_args to None, run_after=None
[2026-04-25T08:44:10.442+0000] {logging_mixin.py:188} INFO - [2026-04-25T08:44:10.442+0000] {dag.py:3954} INFO - Setting next_dagrun for example_xcom_args_with_operators to None, run_after=None
[2026-04-25T08:44:10.455+0000] {processor.py:183} INFO - Processing /home/airflow/.local/lib/python3.12/site-packages/airflow/example_dags/example_xcomargs.py took 0.063 seconds
[2026-04-25T08:44:40.950+0000] {processor.py:161} INFO - Started process (PID=1401) to work on /home/airflow/.local/lib/python3.12/site-packages/airflow/example_dags/example_xcomargs.py
[2026-04-25T08:44:40.950+0000] {processor.py:830} INFO - Processing file /home/airflow/.local/lib/python3.12/site-packages/airflow/example_dags/example_xcomargs.py for tasks to queue
[2026-04-25T08:44:40.952+0000] {logging_mixin.py:188} INFO - [2026-04-25T08:44:40.952+0000] {dagbag.py:545} INFO - Filling up the DagBag from /home/airflow/.local/lib/python3.12/site-packages/airflow/example_dags/example_xcomargs.py
[2026-04-25T08:44:40.959+0000] {processor.py:840} INFO - DAG(s) 'example_xcom_args_with_operators', 'example_xcom_args' retrieved from /home/airflow/.local/lib/python3.12/site-packages/airflow/example_dags/example_xcomargs.py
[2026-04-25T08:44:40.979+0000] {logging_mixin.py:188} INFO - [2026-04-25T08:44:40.978+0000] {dag.py:3096} INFO - Sync 2 DAGs
[2026-04-25T08:44:40.990+0000] {logging_mixin.py:188} INFO - [2026-04-25T08:44:40.990+0000] {dag.py:3954} INFO - Setting next_dagrun for example_xcom_args to None, run_after=None
[2026-04-25T08:44:40.993+0000] {logging_mixin.py:188} INFO - [2026-04-25T08:44:40.993+0000] {dag.py:3954} INFO - Setting next_dagrun for example_xcom_args_with_operators to None, run_after=None
[2026-04-25T08:44:41.130+0000] {processor.py:183} INFO - Processing /home/airflow/.local/lib/python3.12/site-packages/airflow/example_dags/example_xcomargs.py took 0.185 seconds
[2026-04-25T08:45:11.225+0000] {processor.py:161} INFO - Started process (PID=1459) to work on /home/airflow/.local/lib/python3.12/site-packages/airflow/example_dags/example_xcomargs.py
[2026-04-25T08:45:11.226+0000] {processor.py:830} INFO - Processing file /home/airflow/.local/lib/python3.12/site-packages/airflow/example_dags/example_xcomargs.py for tasks to queue
[2026-04-25T08:45:11.227+0000] {logging_mixin.py:188} INFO - [2026-04-25T08:45:11.227+0000] {dagbag.py:545} INFO - Filling up the DagBag from /home/airflow/.local/lib/python3.12/site-packages/airflow/example_dags/example_xcomargs.py
[2026-04-25T08:45:11.234+0000] {processor.py:840} INFO - DAG(s) 'example_xcom_args_with_operators', 'example_xcom_args' retrieved from /home/airflow/.local/lib/python3.12/site-packages/airflow/example_dags/example_xcomargs.py
[2026-04-25T08:45:11.253+0000] {logging_mixin.py:188} INFO - [2026-04-25T08:45:11.253+0000] {dag.py:3096} INFO - Sync 2 DAGs
[2026-04-25T08:45:11.269+0000] {logging_mixin.py:188} INFO - [2026-04-25T08:45:11.269+0000] {dag.py:3954} INFO - Setting next_dagrun for example_xcom_args to None, run_after=None
[2026-04-25T08:45:11.273+0000] {logging_mixin.py:188} INFO - [2026-04-25T08:45:11.273+0000] {dag.py:3954} INFO - Setting next_dagrun for example_xcom_args_with_operators to None, run_after=None
[2026-04-25T08:45:11.290+0000] {processor.py:183} INFO - Processing /home/airflow/.local/lib/python3.12/site-packages/airflow/example_dags/example_xcomargs.py took 0.069 seconds
[2026-04-25T08:45:41.452+0000] {processor.py:161} INFO - Started process (PID=1516) to work on /home/airflow/.local/lib/python3.12/site-packages/airflow/example_dags/example_xcomargs.py
[2026-04-25T08:45:41.452+0000] {processor.py:830} INFO - Processing file /home/airflow/.local/lib/python3.12/site-packages/airflow/example_dags/example_xcomargs.py for tasks to queue
[2026-04-25T08:45:41.454+0000] {logging_mixin.py:188} INFO - [2026-04-25T08:45:41.453+0000] {dagbag.py:545} INFO - Filling up the DagBag from /home/airflow/.local/lib/python3.12/site-packages/airflow/example_dags/example_xcomargs.py
[2026-04-25T08:45:41.460+0000] {processor.py:840} INFO - DAG(s) 'example_xcom_args', 'example_xcom_args_with_operators' retrieved from /home/airflow/.local/lib/python3.12/site-packages/airflow/example_dags/example_xcomargs.py
[2026-04-25T08:45:41.485+0000] {logging_mixin.py:188} INFO - [2026-04-25T08:45:41.485+0000] {dag.py:3096} INFO - Sync 2 DAGs
[2026-04-25T08:45:41.500+0000] {logging_mixin.py:188} INFO - [2026-04-25T08:45:41.500+0000] {dag.py:3954} INFO - Setting next_dagrun for example_xcom_args to None, run_after=None
[2026-04-25T08:45:41.505+0000] {logging_mixin.py:188} INFO - [2026-04-25T08:45:41.504+0000] {dag.py:3954} INFO - Setting next_dagrun for example_xcom_args_with_operators to None, run_after=None
[2026-04-25T08:45:41.520+0000] {processor.py:183} INFO - Processing /home/airflow/.local/lib/python3.12/site-packages/airflow/example_dags/example_xcomargs.py took 0.074 seconds
[2026-04-25T08:46:11.940+0000] {processor.py:161} INFO - Started process (PID=1575) to work on /home/airflow/.local/lib/python3.12/site-packages/airflow/example_dags/example_xcomargs.py
[2026-04-25T08:46:11.940+0000] {processor.py:830} INFO - Processing file /home/airflow/.local/lib/python3.12/site-packages/airflow/example_dags/example_xcomargs.py for tasks to queue
[2026-04-25T08:46:11.942+0000] {logging_mixin.py:188} INFO - [2026-04-25T08:46:11.942+0000] {dagbag.py:545} INFO - Filling up the DagBag from /home/airflow/.local/lib/python3.12/site-packages/airflow/example_dags/example_xcomargs.py
[2026-04-25T08:46:11.948+0000] {processor.py:840} INFO - DAG(s) 'example_xcom_args', 'example_xcom_args_with_operators' retrieved from /home/airflow/.local/lib/python3.12/site-packages/airflow/example_dags/example_xcomargs.py
[2026-04-25T08:46:11.968+0000] {logging_mixin.py:188} INFO - [2026-04-25T08:46:11.968+0000] {dag.py:3096} INFO - Sync 2 DAGs
[2026-04-25T08:46:11.980+0000] {logging_mixin.py:188} INFO - [2026-04-25T08:46:11.979+0000] {dag.py:3954} INFO - Setting next_dagrun for example_xcom_args to None, run_after=None
[2026-04-25T08:46:11.983+0000] {logging_mixin.py:188} INFO - [2026-04-25T08:46:11.983+0000] {dag.py:3954} INFO - Setting next_dagrun for example_xcom_args_with_operators to None, run_after=None
[2026-04-25T08:46:11.995+0000] {processor.py:183} INFO - Processing /home/airflow/.local/lib/python3.12/site-packages/airflow/example_dags/example_xcomargs.py took 0.061 seconds
[2026-04-25T08:46:42.171+0000] {processor.py:161} INFO - Started process (PID=1633) to work on /home/airflow/.local/lib/python3.12/site-packages/airflow/example_dags/example_xcomargs.py
[2026-04-25T08:46:42.172+0000] {processor.py:830} INFO - Processing file /home/airflow/.local/lib/python3.12/site-packages/airflow/example_dags/example_xcomargs.py for tasks to queue
[2026-04-25T08:46:42.173+0000] {logging_mixin.py:188} INFO - [2026-04-25T08:46:42.173+0000] {dagbag.py:545} INFO - Filling up the DagBag from /home/airflow/.local/lib/python3.12/site-packages/airflow/example_dags/example_xcomargs.py
[2026-04-25T08:46:42.180+0000] {processor.py:840} INFO - DAG(s) 'example_xcom_args_with_operators', 'example_xcom_args' retrieved from /home/airflow/.local/lib/python3.12/site-packages/airflow/example_dags/example_xcomargs.py
[2026-04-25T08:46:42.198+0000] {logging_mixin.py:188} INFO - [2026-04-25T08:46:42.198+0000] {dag.py:3096} INFO - Sync 2 DAGs
[2026-04-25T08:46:42.209+0000] {logging_mixin.py:188} INFO - [2026-04-25T08:46:42.209+0000] {dag.py:3954} INFO - Setting next_dagrun for example_xcom_args to None, run_after=None
[2026-04-25T08:46:42.212+0000] {logging_mixin.py:188} INFO - [2026-04-25T08:46:42.212+0000] {dag.py:3954} INFO - Setting next_dagrun for example_xcom_args_with_operators to None, run_after=None
[2026-04-25T08:46:42.225+0000] {processor.py:183} INFO - Processing /home/airflow/.local/lib/python3.12/site-packages/airflow/example_dags/example_xcomargs.py took 0.058 seconds
[2026-04-25T08:47:12.612+0000] {processor.py:161} INFO - Started process (PID=1691) to work on /home/airflow/.local/lib/python3.12/site-packages/airflow/example_dags/example_xcomargs.py
[2026-04-25T08:47:12.613+0000] {processor.py:830} INFO - Processing file /home/airflow/.local/lib/python3.12/site-packages/airflow/example_dags/example_xcomargs.py for tasks to queue
[2026-04-25T08:47:12.615+0000] {logging_mixin.py:188} INFO - [2026-04-25T08:47:12.614+0000] {dagbag.py:545} INFO - Filling up the DagBag from /home/airflow/.local/lib/python3.12/site-packages/airflow/example_dags/example_xcomargs.py
[2026-04-25T08:47:12.623+0000] {processor.py:840} INFO - DAG(s) 'example_xcom_args_with_operators', 'example_xcom_args' retrieved from /home/airflow/.local/lib/python3.12/site-packages/airflow/example_dags/example_xcomargs.py
[2026-04-25T08:47:12.644+0000] {logging_mixin.py:188} INFO - [2026-04-25T08:47:12.644+0000] {dag.py:3096} INFO - Sync 2 DAGs
[2026-04-25T08:47:12.655+0000] {logging_mixin.py:188} INFO - [2026-04-25T08:47:12.655+0000] {dag.py:3954} INFO - Setting next_dagrun for example_xcom_args to None, run_after=None
[2026-04-25T08:47:12.658+0000] {logging_mixin.py:188} INFO - [2026-04-25T08:47:12.658+0000] {dag.py:3954} INFO - Setting next_dagrun for example_xcom_args_with_operators to None, run_after=None
[2026-04-25T08:47:12.671+0000] {processor.py:183} INFO - Processing /home/airflow/.local/lib/python3.12/site-packages/airflow/example_dags/example_xcomargs.py took 0.064 seconds
[2026-04-25T08:47:43.151+0000] {processor.py:161} INFO - Started process (PID=1749) to work on /home/airflow/.local/lib/python3.12/site-packages/airflow/example_dags/example_xcomargs.py
[2026-04-25T08:47:43.152+0000] {processor.py:830} INFO - Processing file /home/airflow/.local/lib/python3.12/site-packages/airflow/example_dags/example_xcomargs.py for tasks to queue
[2026-04-25T08:47:43.154+0000] {logging_mixin.py:188} INFO - [2026-04-25T08:47:43.153+0000] {dagbag.py:545} INFO - Filling up the DagBag from /home/airflow/.local/lib/python3.12/site-packages/airflow/example_dags/example_xcomargs.py
[2026-04-25T08:47:43.162+0000] {processor.py:840} INFO - DAG(s) 'example_xcom_args', 'example_xcom_args_with_operators' retrieved from /home/airflow/.local/lib/python3.12/site-packages/airflow/example_dags/example_xcomargs.py
[2026-04-25T08:47:43.182+0000] {logging_mixin.py:188} INFO - [2026-04-25T08:47:43.182+0000] {dag.py:3096} INFO - Sync 2 DAGs
[2026-04-25T08:47:43.193+0000] {logging_mixin.py:188} INFO - [2026-04-25T08:47:43.193+0000] {dag.py:3954} INFO - Setting next_dagrun for example_xcom_args to None, run_after=None
[2026-04-25T08:47:43.196+0000] {logging_mixin.py:188} INFO - [2026-04-25T08:47:43.196+0000] {dag.py:3954} INFO - Setting next_dagrun for example_xcom_args_with_operators to None, run_after=None
[2026-04-25T08:47:43.208+0000] {processor.py:183} INFO - Processing /home/airflow/.local/lib/python3.12/site-packages/airflow/example_dags/example_xcomargs.py took 0.063 seconds
[2026-04-25T08:48:13.519+0000] {processor.py:161} INFO - Started process (PID=1807) to work on /home/airflow/.local/lib/python3.12/site-packages/airflow/example_dags/example_xcomargs.py
[2026-04-25T08:48:13.519+0000] {processor.py:830} INFO - Processing file /home/airflow/.local/lib/python3.12/site-packages/airflow/example_dags/example_xcomargs.py for tasks to queue
[2026-04-25T08:48:13.521+0000] {logging_mixin.py:188} INFO - [2026-04-25T08:48:13.521+0000] {dagbag.py:545} INFO - Filling up the DagBag from /home/airflow/.local/lib/python3.12/site-packages/airflow/example_dags/example_xcomargs.py
[2026-04-25T08:48:13.530+0000] {processor.py:840} INFO - DAG(s) 'example_xcom_args_with_operators', 'example_xcom_args' retrieved from /home/airflow/.local/lib/python3.12/site-packages/airflow/example_dags/example_xcomargs.py
[2026-04-25T08:48:13.553+0000] {logging_mixin.py:188} INFO - [2026-04-25T08:48:13.553+0000] {dag.py:3096} INFO - Sync 2 DAGs
[2026-04-25T08:48:13.565+0000] {logging_mixin.py:188} INFO - [2026-04-25T08:48:13.565+0000] {dag.py:3954} INFO - Setting next_dagrun for example_xcom_args to None, run_after=None
[2026-04-25T08:48:13.568+0000] {logging_mixin.py:188} INFO - [2026-04-25T08:48:13.568+0000] {dag.py:3954} INFO - Setting next_dagrun for example_xcom_args_with_operators to None, run_after=None
[2026-04-25T08:48:13.585+0000] {processor.py:183} INFO - Processing /home/airflow/.local/lib/python3.12/site-packages/airflow/example_dags/example_xcomargs.py took 0.073 seconds
[2026-04-25T08:48:43.682+0000] {processor.py:161} INFO - Started process (PID=1865) to work on /home/airflow/.local/lib/python3.12/site-packages/airflow/example_dags/example_xcomargs.py
[2026-04-25T08:48:43.683+0000] {processor.py:830} INFO - Processing file /home/airflow/.local/lib/python3.12/site-packages/airflow/example_dags/example_xcomargs.py for tasks to queue
[2026-04-25T08:48:43.685+0000] {logging_mixin.py:188} INFO - [2026-04-25T08:48:43.685+0000] {dagbag.py:545} INFO - Filling up the DagBag from /home/airflow/.local/lib/python3.12/site-packages/airflow/example_dags/example_xcomargs.py
[2026-04-25T08:48:43.694+0000] {processor.py:840} INFO - DAG(s) 'example_xcom_args', 'example_xcom_args_with_operators' retrieved from /home/airflow/.local/lib/python3.12/site-packages/airflow/example_dags/example_xcomargs.py
[2026-04-25T08:48:43.722+0000] {logging_mixin.py:188} INFO - [2026-04-25T08:48:43.721+0000] {dag.py:3096} INFO - Sync 2 DAGs
[2026-04-25T08:48:43.738+0000] {logging_mixin.py:188} INFO - [2026-04-25T08:48:43.738+0000] {dag.py:3954} INFO - Setting next_dagrun for example_xcom_args to None, run_after=None
[2026-04-25T08:48:43.743+0000] {logging_mixin.py:188} INFO - [2026-04-25T08:48:43.742+0000] {dag.py:3954} INFO - Setting next_dagrun for example_xcom_args_with_operators to None, run_after=None
[2026-04-25T08:48:43.759+0000] {processor.py:183} INFO - Processing /home/airflow/.local/lib/python3.12/site-packages/airflow/example_dags/example_xcomargs.py took 0.084 seconds
[2026-04-25T08:49:14.182+0000] {processor.py:161} INFO - Started process (PID=1923) to work on /home/airflow/.local/lib/python3.12/site-packages/airflow/example_dags/example_xcomargs.py
[2026-04-25T08:49:14.183+0000] {processor.py:830} INFO - Processing file /home/airflow/.local/lib/python3.12/site-packages/airflow/example_dags/example_xcomargs.py for tasks to queue
[2026-04-25T08:49:14.185+0000] {logging_mixin.py:188} INFO - [2026-04-25T08:49:14.185+0000] {dagbag.py:545} INFO - Filling up the DagBag from /home/airflow/.local/lib/python3.12/site-packages/airflow/example_dags/example_xcomargs.py
[2026-04-25T08:49:14.197+0000] {processor.py:840} INFO - DAG(s) 'example_xcom_args_with_operators', 'example_xcom_args' retrieved from /home/airflow/.local/lib/python3.12/site-packages/airflow/example_dags/example_xcomargs.py
[2026-04-25T08:49:14.218+0000] {logging_mixin.py:188} INFO - [2026-04-25T08:49:14.218+0000] {dag.py:3096} INFO - Sync 2 DAGs
[2026-04-25T08:49:14.229+0000] {logging_mixin.py:188} INFO - [2026-04-25T08:49:14.229+0000] {dag.py:3954} INFO - Setting next_dagrun for example_xcom_args to None, run_after=None
[2026-04-25T08:49:14.233+0000] {logging_mixin.py:188} INFO - [2026-04-25T08:49:14.233+0000] {dag.py:3954} INFO - Setting next_dagrun for example_xcom_args_with_operators to None, run_after=None
[2026-04-25T08:49:14.246+0000] {processor.py:183} INFO - Processing /home/airflow/.local/lib/python3.12/site-packages/airflow/example_dags/example_xcomargs.py took 0.071 seconds
[2026-04-25T08:49:44.774+0000] {processor.py:161} INFO - Started process (PID=1981) to work on /home/airflow/.local/lib/python3.12/site-packages/airflow/example_dags/example_xcomargs.py
[2026-04-25T08:49:44.775+0000] {processor.py:830} INFO - Processing file /home/airflow/.local/lib/python3.12/site-packages/airflow/example_dags/example_xcomargs.py for tasks to queue
[2026-04-25T08:49:44.777+0000] {logging_mixin.py:188} INFO - [2026-04-25T08:49:44.776+0000] {dagbag.py:545} INFO - Filling up the DagBag from /home/airflow/.local/lib/python3.12/site-packages/airflow/example_dags/example_xcomargs.py
[2026-04-25T08:49:44.786+0000] {processor.py:840} INFO - DAG(s) 'example_xcom_args', 'example_xcom_args_with_operators' retrieved from /home/airflow/.local/lib/python3.12/site-packages/airflow/example_dags/example_xcomargs.py
[2026-04-25T08:49:44.812+0000] {logging_mixin.py:188} INFO - [2026-04-25T08:49:44.812+0000] {dag.py:3096} INFO - Sync 2 DAGs
[2026-04-25T08:49:44.824+0000] {logging_mixin.py:188} INFO - [2026-04-25T08:49:44.824+0000] {dag.py:3954} INFO - Setting next_dagrun for example_xcom_args to None, run_after=None
[2026-04-25T08:49:44.827+0000] {logging_mixin.py:188} INFO - [2026-04-25T08:49:44.827+0000] {dag.py:3954} INFO - Setting next_dagrun for example_xcom_args_with_operators to None, run_after=None
[2026-04-25T08:49:44.840+0000] {processor.py:183} INFO - Processing /home/airflow/.local/lib/python3.12/site-packages/airflow/example_dags/example_xcomargs.py took 0.073 seconds
[2026-04-25T08:50:15.198+0000] {processor.py:161} INFO - Started process (PID=2039) to work on /home/airflow/.local/lib/python3.12/site-packages/airflow/example_dags/example_xcomargs.py
[2026-04-25T08:50:15.199+0000] {processor.py:830} INFO - Processing file /home/airflow/.local/lib/python3.12/site-packages/airflow/example_dags/example_xcomargs.py for tasks to queue
[2026-04-25T08:50:15.200+0000] {logging_mixin.py:188} INFO - [2026-04-25T08:50:15.200+0000] {dagbag.py:545} INFO - Filling up the DagBag from /home/airflow/.local/lib/python3.12/site-packages/airflow/example_dags/example_xcomargs.py
[2026-04-25T08:50:15.208+0000] {processor.py:840} INFO - DAG(s) 'example_xcom_args', 'example_xcom_args_with_operators' retrieved from /home/airflow/.local/lib/python3.12/site-packages/airflow/example_dags/example_xcomargs.py
[2026-04-25T08:50:15.228+0000] {logging_mixin.py:188} INFO - [2026-04-25T08:50:15.228+0000] {dag.py:3096} INFO - Sync 2 DAGs
[2026-04-25T08:50:15.239+0000] {logging_mixin.py:188} INFO - [2026-04-25T08:50:15.239+0000] {dag.py:3954} INFO - Setting next_dagrun for example_xcom_args to None, run_after=None
[2026-04-25T08:50:15.242+0000] {logging_mixin.py:188} INFO - [2026-04-25T08:50:15.242+0000] {dag.py:3954} INFO - Setting next_dagrun for example_xcom_args_with_operators to None, run_after=None
[2026-04-25T08:50:15.255+0000] {processor.py:183} INFO - Processing /home/airflow/.local/lib/python3.12/site-packages/airflow/example_dags/example_xcomargs.py took 0.062 seconds
[2026-04-25T08:50:45.593+0000] {processor.py:161} INFO - Started process (PID=2097) to work on /home/airflow/.local/lib/python3.12/site-packages/airflow/example_dags/example_xcomargs.py
[2026-04-25T08:50:45.594+0000] {processor.py:830} INFO - Processing file /home/airflow/.local/lib/python3.12/site-packages/airflow/example_dags/example_xcomargs.py for tasks to queue
[2026-04-25T08:50:45.595+0000] {logging_mixin.py:188} INFO - [2026-04-25T08:50:45.595+0000] {dagbag.py:545} INFO - Filling up the DagBag from /home/airflow/.local/lib/python3.12/site-packages/airflow/example_dags/example_xcomargs.py
[2026-04-25T08:50:45.603+0000] {processor.py:840} INFO - DAG(s) 'example_xcom_args_with_operators', 'example_xcom_args' retrieved from /home/airflow/.local/lib/python3.12/site-packages/airflow/example_dags/example_xcomargs.py
[2026-04-25T08:50:45.622+0000] {logging_mixin.py:188} INFO - [2026-04-25T08:50:45.622+0000] {dag.py:3096} INFO - Sync 2 DAGs
[2026-04-25T08:50:45.633+0000] {logging_mixin.py:188} INFO - [2026-04-25T08:50:45.633+0000] {dag.py:3954} INFO - Setting next_dagrun for example_xcom_args to None, run_after=None
[2026-04-25T08:50:45.636+0000] {logging_mixin.py:188} INFO - [2026-04-25T08:50:45.636+0000] {dag.py:3954} INFO - Setting next_dagrun for example_xcom_args_with_operators to None, run_after=None
[2026-04-25T08:50:45.648+0000] {processor.py:183} INFO - Processing /home/airflow/.local/lib/python3.12/site-packages/airflow/example_dags/example_xcomargs.py took 0.060 seconds
[2026-04-25T08:51:16.240+0000] {processor.py:161} INFO - Started process (PID=2155) to work on /home/airflow/.local/lib/python3.12/site-packages/airflow/example_dags/example_xcomargs.py
[2026-04-25T08:51:16.241+0000] {processor.py:830} INFO - Processing file /home/airflow/.local/lib/python3.12/site-packages/airflow/example_dags/example_xcomargs.py for tasks to queue
[2026-04-25T08:51:16.242+0000] {logging_mixin.py:188} INFO - [2026-04-25T08:51:16.242+0000] {dagbag.py:545} INFO - Filling up the DagBag from /home/airflow/.local/lib/python3.12/site-packages/airflow/example_dags/example_xcomargs.py
[2026-04-25T08:51:16.249+0000] {processor.py:840} INFO - DAG(s) 'example_xcom_args', 'example_xcom_args_with_operators' retrieved from /home/airflow/.local/lib/python3.12/site-packages/airflow/example_dags/example_xcomargs.py
[2026-04-25T08:51:16.269+0000] {logging_mixin.py:188} INFO - [2026-04-25T08:51:16.269+0000] {dag.py:3096} INFO - Sync 2 DAGs
[2026-04-25T08:51:16.280+0000] {logging_mixin.py:188} INFO - [2026-04-25T08:51:16.280+0000] {dag.py:3954} INFO - Setting next_dagrun for example_xcom_args to None, run_after=None
[2026-04-25T08:51:16.283+0000] {logging_mixin.py:188} INFO - [2026-04-25T08:51:16.283+0000] {dag.py:3954} INFO - Setting next_dagrun for example_xcom_args_with_operators to None, run_after=None
[2026-04-25T08:51:16.296+0000] {processor.py:183} INFO - Processing /home/airflow/.local/lib/python3.12/site-packages/airflow/example_dags/example_xcomargs.py took 0.060 seconds
[2026-04-25T08:51:46.408+0000] {processor.py:161} INFO - Started process (PID=2213) to work on /home/airflow/.local/lib/python3.12/site-packages/airflow/example_dags/example_xcomargs.py
[2026-04-25T08:51:46.409+0000] {processor.py:830} INFO - Processing file /home/airflow/.local/lib/python3.12/site-packages/airflow/example_dags/example_xcomargs.py for tasks to queue
[2026-04-25T08:51:46.411+0000] {logging_mixin.py:188} INFO - [2026-04-25T08:51:46.411+0000] {dagbag.py:545} INFO - Filling up the DagBag from /home/airflow/.local/lib/python3.12/site-packages/airflow/example_dags/example_xcomargs.py
[2026-04-25T08:51:46.421+0000] {processor.py:840} INFO - DAG(s) 'example_xcom_args', 'example_xcom_args_with_operators' retrieved from /home/airflow/.local/lib/python3.12/site-packages/airflow/example_dags/example_xcomargs.py
[2026-04-25T08:51:46.446+0000] {logging_mixin.py:188} INFO - [2026-04-25T08:51:46.446+0000] {dag.py:3096} INFO - Sync 2 DAGs
[2026-04-25T08:51:46.457+0000] {logging_mixin.py:188} INFO - [2026-04-25T08:51:46.457+0000] {dag.py:3954} INFO - Setting next_dagrun for example_xcom_args to None, run_after=None
[2026-04-25T08:51:46.460+0000] {logging_mixin.py:188} INFO - [2026-04-25T08:51:46.460+0000] {dag.py:3954} INFO - Setting next_dagrun for example_xcom_args_with_operators to None, run_after=None
[2026-04-25T08:51:46.473+0000] {processor.py:183} INFO - Processing /home/airflow/.local/lib/python3.12/site-packages/airflow/example_dags/example_xcomargs.py took 0.072 seconds
[2026-04-25T08:52:17.051+0000] {processor.py:161} INFO - Started process (PID=2271) to work on /home/airflow/.local/lib/python3.12/site-packages/airflow/example_dags/example_xcomargs.py
[2026-04-25T08:52:17.052+0000] {processor.py:830} INFO - Processing file /home/airflow/.local/lib/python3.12/site-packages/airflow/example_dags/example_xcomargs.py for tasks to queue
[2026-04-25T08:52:17.053+0000] {logging_mixin.py:188} INFO - [2026-04-25T08:52:17.053+0000] {dagbag.py:545} INFO - Filling up the DagBag from /home/airflow/.local/lib/python3.12/site-packages/airflow/example_dags/example_xcomargs.py
[2026-04-25T08:52:17.060+0000] {processor.py:840} INFO - DAG(s) 'example_xcom_args_with_operators', 'example_xcom_args' retrieved from /home/airflow/.local/lib/python3.12/site-packages/airflow/example_dags/example_xcomargs.py
[2026-04-25T08:52:17.081+0000] {logging_mixin.py:188} INFO - [2026-04-25T08:52:17.081+0000] {dag.py:3096} INFO - Sync 2 DAGs
[2026-04-25T08:52:17.093+0000] {logging_mixin.py:188} INFO - [2026-04-25T08:52:17.093+0000] {dag.py:3954} INFO - Setting next_dagrun for example_xcom_args to None, run_after=None
[2026-04-25T08:52:17.097+0000] {logging_mixin.py:188} INFO - [2026-04-25T08:52:17.097+0000] {dag.py:3954} INFO - Setting next_dagrun for example_xcom_args_with_operators to None, run_after=None
[2026-04-25T08:52:17.113+0000] {processor.py:183} INFO - Processing /home/airflow/.local/lib/python3.12/site-packages/airflow/example_dags/example_xcomargs.py took 0.067 seconds
[2026-04-25T08:52:47.737+0000] {processor.py:161} INFO - Started process (PID=2329) to work on /home/airflow/.local/lib/python3.12/site-packages/airflow/example_dags/example_xcomargs.py
[2026-04-25T08:52:47.737+0000] {processor.py:830} INFO - Processing file /home/airflow/.local/lib/python3.12/site-packages/airflow/example_dags/example_xcomargs.py for tasks to queue
[2026-04-25T08:52:47.739+0000] {logging_mixin.py:188} INFO - [2026-04-25T08:52:47.738+0000] {dagbag.py:545} INFO - Filling up the DagBag from /home/airflow/.local/lib/python3.12/site-packages/airflow/example_dags/example_xcomargs.py
[2026-04-25T08:52:47.745+0000] {processor.py:840} INFO - DAG(s) 'example_xcom_args_with_operators', 'example_xcom_args' retrieved from /home/airflow/.local/lib/python3.12/site-packages/airflow/example_dags/example_xcomargs.py
[2026-04-25T08:52:47.765+0000] {logging_mixin.py:188} INFO - [2026-04-25T08:52:47.765+0000] {dag.py:3096} INFO - Sync 2 DAGs
[2026-04-25T08:52:47.776+0000] {logging_mixin.py:188} INFO - [2026-04-25T08:52:47.775+0000] {dag.py:3954} INFO - Setting next_dagrun for example_xcom_args to None, run_after=None
[2026-04-25T08:52:47.779+0000] {logging_mixin.py:188} INFO - [2026-04-25T08:52:47.778+0000] {dag.py:3954} INFO - Setting next_dagrun for example_xcom_args_with_operators to None, run_after=None
[2026-04-25T08:52:47.791+0000] {processor.py:183} INFO - Processing /home/airflow/.local/lib/python3.12/site-packages/airflow/example_dags/example_xcomargs.py took 0.059 seconds
[2026-04-25T08:53:18.281+0000] {processor.py:161} INFO - Started process (PID=2387) to work on /home/airflow/.local/lib/python3.12/site-packages/airflow/example_dags/example_xcomargs.py
[2026-04-25T08:53:18.281+0000] {processor.py:830} INFO - Processing file /home/airflow/.local/lib/python3.12/site-packages/airflow/example_dags/example_xcomargs.py for tasks to queue
[2026-04-25T08:53:18.283+0000] {logging_mixin.py:188} INFO - [2026-04-25T08:53:18.282+0000] {dagbag.py:545} INFO - Filling up the DagBag from /home/airflow/.local/lib/python3.12/site-packages/airflow/example_dags/example_xcomargs.py
[2026-04-25T08:53:18.290+0000] {processor.py:840} INFO - DAG(s) 'example_xcom_args_with_operators', 'example_xcom_args' retrieved from /home/airflow/.local/lib/python3.12/site-packages/airflow/example_dags/example_xcomargs.py
[2026-04-25T08:53:18.312+0000] {logging_mixin.py:188} INFO - [2026-04-25T08:53:18.312+0000] {dag.py:3096} INFO - Sync 2 DAGs
[2026-04-25T08:53:18.323+0000] {logging_mixin.py:188} INFO - [2026-04-25T08:53:18.323+0000] {dag.py:3954} INFO - Setting next_dagrun for example_xcom_args to None, run_after=None
[2026-04-25T08:53:18.326+0000] {logging_mixin.py:188} INFO - [2026-04-25T08:53:18.326+0000] {dag.py:3954} INFO - Setting next_dagrun for example_xcom_args_with_operators to None, run_after=None
[2026-04-25T08:53:18.338+0000] {processor.py:183} INFO - Processing /home/airflow/.local/lib/python3.12/site-packages/airflow/example_dags/example_xcomargs.py took 0.062 seconds
[2026-04-25T08:53:48.752+0000] {processor.py:161} INFO - Started process (PID=2445) to work on /home/airflow/.local/lib/python3.12/site-packages/airflow/example_dags/example_xcomargs.py
[2026-04-25T08:53:48.752+0000] {processor.py:830} INFO - Processing file /home/airflow/.local/lib/python3.12/site-packages/airflow/example_dags/example_xcomargs.py for tasks to queue
[2026-04-25T08:53:48.754+0000] {logging_mixin.py:188} INFO - [2026-04-25T08:53:48.754+0000] {dagbag.py:545} INFO - Filling up the DagBag from /home/airflow/.local/lib/python3.12/site-packages/airflow/example_dags/example_xcomargs.py
[2026-04-25T08:53:48.764+0000] {processor.py:840} INFO - DAG(s) 'example_xcom_args_with_operators', 'example_xcom_args' retrieved from /home/airflow/.local/lib/python3.12/site-packages/airflow/example_dags/example_xcomargs.py
[2026-04-25T08:53:48.790+0000] {logging_mixin.py:188} INFO - [2026-04-25T08:53:48.790+0000] {dag.py:3096} INFO - Sync 2 DAGs
[2026-04-25T08:53:48.801+0000] {logging_mixin.py:188} INFO - [2026-04-25T08:53:48.801+0000] {dag.py:3954} INFO - Setting next_dagrun for example_xcom_args to None, run_after=None
[2026-04-25T08:53:48.804+0000] {logging_mixin.py:188} INFO - [2026-04-25T08:53:48.804+0000] {dag.py:3954} INFO - Setting next_dagrun for example_xcom_args_with_operators to None, run_after=None
[2026-04-25T08:53:48.817+0000] {processor.py:183} INFO - Processing /home/airflow/.local/lib/python3.12/site-packages/airflow/example_dags/example_xcomargs.py took 0.071 seconds
[2026-04-25T08:54:19.113+0000] {processor.py:161} INFO - Started process (PID=2502) to work on /home/airflow/.local/lib/python3.12/site-packages/airflow/example_dags/example_xcomargs.py
[2026-04-25T08:54:19.114+0000] {processor.py:830} INFO - Processing file /home/airflow/.local/lib/python3.12/site-packages/airflow/example_dags/example_xcomargs.py for tasks to queue
[2026-04-25T08:54:19.115+0000] {logging_mixin.py:188} INFO - [2026-04-25T08:54:19.115+0000] {dagbag.py:545} INFO - Filling up the DagBag from /home/airflow/.local/lib/python3.12/site-packages/airflow/example_dags/example_xcomargs.py
[2026-04-25T08:54:19.122+0000] {processor.py:840} INFO - DAG(s) 'example_xcom_args', 'example_xcom_args_with_operators' retrieved from /home/airflow/.local/lib/python3.12/site-packages/airflow/example_dags/example_xcomargs.py
[2026-04-25T08:54:19.142+0000] {logging_mixin.py:188} INFO - [2026-04-25T08:54:19.142+0000] {dag.py:3096} INFO - Sync 2 DAGs
[2026-04-25T08:54:19.153+0000] {logging_mixin.py:188} INFO - [2026-04-25T08:54:19.152+0000] {dag.py:3954} INFO - Setting next_dagrun for example_xcom_args to None, run_after=None
[2026-04-25T08:54:19.156+0000] {logging_mixin.py:188} INFO - [2026-04-25T08:54:19.156+0000] {dag.py:3954} INFO - Setting next_dagrun for example_xcom_args_with_operators to None, run_after=None
[2026-04-25T08:54:19.172+0000] {processor.py:183} INFO - Processing /home/airflow/.local/lib/python3.12/site-packages/airflow/example_dags/example_xcomargs.py took 0.064 seconds
[2026-04-25T08:54:49.731+0000] {processor.py:161} INFO - Started process (PID=2560) to work on /home/airflow/.local/lib/python3.12/site-packages/airflow/example_dags/example_xcomargs.py
[2026-04-25T08:54:49.732+0000] {processor.py:830} INFO - Processing file /home/airflow/.local/lib/python3.12/site-packages/airflow/example_dags/example_xcomargs.py for tasks to queue
[2026-04-25T08:54:49.733+0000] {logging_mixin.py:188} INFO - [2026-04-25T08:54:49.733+0000] {dagbag.py:545} INFO - Filling up the DagBag from /home/airflow/.local/lib/python3.12/site-packages/airflow/example_dags/example_xcomargs.py
[2026-04-25T08:54:49.740+0000] {processor.py:840} INFO - DAG(s) 'example_xcom_args', 'example_xcom_args_with_operators' retrieved from /home/airflow/.local/lib/python3.12/site-packages/airflow/example_dags/example_xcomargs.py
[2026-04-25T08:54:49.760+0000] {logging_mixin.py:188} INFO - [2026-04-25T08:54:49.759+0000] {dag.py:3096} INFO - Sync 2 DAGs
[2026-04-25T08:54:49.775+0000] {logging_mixin.py:188} INFO - [2026-04-25T08:54:49.775+0000] {dag.py:3954} INFO - Setting next_dagrun for example_xcom_args to None, run_after=None
[2026-04-25T08:54:49.778+0000] {logging_mixin.py:188} INFO - [2026-04-25T08:54:49.778+0000] {dag.py:3954} INFO - Setting next_dagrun for example_xcom_args_with_operators to None, run_after=None
[2026-04-25T08:54:49.791+0000] {processor.py:183} INFO - Processing /home/airflow/.local/lib/python3.12/site-packages/airflow/example_dags/example_xcomargs.py took 0.065 seconds
[2026-04-25T08:55:20.148+0000] {processor.py:161} INFO - Started process (PID=2618) to work on /home/airflow/.local/lib/python3.12/site-packages/airflow/example_dags/example_xcomargs.py
[2026-04-25T08:55:20.149+0000] {processor.py:830} INFO - Processing file /home/airflow/.local/lib/python3.12/site-packages/airflow/example_dags/example_xcomargs.py for tasks to queue
[2026-04-25T08:55:20.151+0000] {logging_mixin.py:188} INFO - [2026-04-25T08:55:20.150+0000] {dagbag.py:545} INFO - Filling up the DagBag from /home/airflow/.local/lib/python3.12/site-packages/airflow/example_dags/example_xcomargs.py
[2026-04-25T08:55:20.158+0000] {processor.py:840} INFO - DAG(s) 'example_xcom_args', 'example_xcom_args_with_operators' retrieved from /home/airflow/.local/lib/python3.12/site-packages/airflow/example_dags/example_xcomargs.py
[2026-04-25T08:55:20.180+0000] {logging_mixin.py:188} INFO - [2026-04-25T08:55:20.180+0000] {dag.py:3096} INFO - Sync 2 DAGs
[2026-04-25T08:55:20.191+0000] {logging_mixin.py:188} INFO - [2026-04-25T08:55:20.191+0000] {dag.py:3954} INFO - Setting next_dagrun for example_xcom_args to None, run_after=None
[2026-04-25T08:55:20.194+0000] {logging_mixin.py:188} INFO - [2026-04-25T08:55:20.194+0000] {dag.py:3954} INFO - Setting next_dagrun for example_xcom_args_with_operators to None, run_after=None
[2026-04-25T08:55:20.206+0000] {processor.py:183} INFO - Processing /home/airflow/.local/lib/python3.12/site-packages/airflow/example_dags/example_xcomargs.py took 0.065 seconds
