[2026-04-25T08:33:01.796+0000] {processor.py:161} INFO - Started process (PID=71) to work on /home/airflow/.local/lib/python3.12/site-packages/airflow/example_dags/example_bash_operator.py
[2026-04-25T08:33:01.806+0000] {processor.py:830} INFO - Processing file /home/airflow/.local/lib/python3.12/site-packages/airflow/example_dags/example_bash_operator.py for tasks to queue
[2026-04-25T08:33:01.810+0000] {logging_mixin.py:188} INFO - [2026-04-25T08:33:01.810+0000] {dagbag.py:545} INFO - Filling up the DagBag from /home/airflow/.local/lib/python3.12/site-packages/airflow/example_dags/example_bash_operator.py
[2026-04-25T08:33:01.843+0000] {processor.py:840} INFO - DAG(s) 'example_bash_operator' retrieved from /home/airflow/.local/lib/python3.12/site-packages/airflow/example_dags/example_bash_operator.py
[2026-04-25T08:33:02.045+0000] {logging_mixin.py:188} INFO - [2026-04-25T08:33:02.045+0000] {dag.py:3096} INFO - Sync 1 DAGs
[2026-04-25T08:33:02.073+0000] {logging_mixin.py:188} INFO - [2026-04-25T08:33:02.073+0000] {dag.py:3954} INFO - Setting next_dagrun for example_bash_operator to 2026-04-24 00:00:00+00:00, run_after=2026-04-25 00:00:00+00:00
[2026-04-25T08:33:02.093+0000] {processor.py:183} INFO - Processing /home/airflow/.local/lib/python3.12/site-packages/airflow/example_dags/example_bash_operator.py took 0.316 seconds
[2026-04-25T08:33:32.592+0000] {processor.py:161} INFO - Started process (PID=129) to work on /home/airflow/.local/lib/python3.12/site-packages/airflow/example_dags/example_bash_operator.py
[2026-04-25T08:33:32.593+0000] {processor.py:830} INFO - Processing file /home/airflow/.local/lib/python3.12/site-packages/airflow/example_dags/example_bash_operator.py for tasks to queue
[2026-04-25T08:33:32.595+0000] {logging_mixin.py:188} INFO - [2026-04-25T08:33:32.594+0000] {dagbag.py:545} INFO - Filling up the DagBag from /home/airflow/.local/lib/python3.12/site-packages/airflow/example_dags/example_bash_operator.py
[2026-04-25T08:33:32.608+0000] {processor.py:840} INFO - DAG(s) 'example_bash_operator' retrieved from /home/airflow/.local/lib/python3.12/site-packages/airflow/example_dags/example_bash_operator.py
[2026-04-25T08:33:32.649+0000] {logging_mixin.py:188} INFO - [2026-04-25T08:33:32.648+0000] {dag.py:3096} INFO - Sync 1 DAGs
[2026-04-25T08:33:32.674+0000] {logging_mixin.py:188} INFO - [2026-04-25T08:33:32.674+0000] {dag.py:3954} INFO - Setting next_dagrun for example_bash_operator to 2026-04-24 00:00:00+00:00, run_after=2026-04-25 00:00:00+00:00
[2026-04-25T08:33:32.698+0000] {processor.py:183} INFO - Processing /home/airflow/.local/lib/python3.12/site-packages/airflow/example_dags/example_bash_operator.py took 0.112 seconds
[2026-04-25T08:34:03.665+0000] {processor.py:161} INFO - Started process (PID=187) to work on /home/airflow/.local/lib/python3.12/site-packages/airflow/example_dags/example_bash_operator.py
[2026-04-25T08:34:03.666+0000] {processor.py:830} INFO - Processing file /home/airflow/.local/lib/python3.12/site-packages/airflow/example_dags/example_bash_operator.py for tasks to queue
[2026-04-25T08:34:03.667+0000] {logging_mixin.py:188} INFO - [2026-04-25T08:34:03.667+0000] {dagbag.py:545} INFO - Filling up the DagBag from /home/airflow/.local/lib/python3.12/site-packages/airflow/example_dags/example_bash_operator.py
[2026-04-25T08:34:03.682+0000] {processor.py:840} INFO - DAG(s) 'example_bash_operator' retrieved from /home/airflow/.local/lib/python3.12/site-packages/airflow/example_dags/example_bash_operator.py
[2026-04-25T08:34:03.728+0000] {logging_mixin.py:188} INFO - [2026-04-25T08:34:03.728+0000] {dag.py:3096} INFO - Sync 1 DAGs
[2026-04-25T08:34:03.749+0000] {logging_mixin.py:188} INFO - [2026-04-25T08:34:03.749+0000] {dag.py:3954} INFO - Setting next_dagrun for example_bash_operator to 2026-04-24 00:00:00+00:00, run_after=2026-04-25 00:00:00+00:00
[2026-04-25T08:34:03.767+0000] {processor.py:183} INFO - Processing /home/airflow/.local/lib/python3.12/site-packages/airflow/example_dags/example_bash_operator.py took 0.108 seconds
[2026-04-25T08:34:34.017+0000] {processor.py:161} INFO - Started process (PID=245) to work on /home/airflow/.local/lib/python3.12/site-packages/airflow/example_dags/example_bash_operator.py
[2026-04-25T08:34:34.017+0000] {processor.py:830} INFO - Processing file /home/airflow/.local/lib/python3.12/site-packages/airflow/example_dags/example_bash_operator.py for tasks to queue
[2026-04-25T08:34:34.019+0000] {logging_mixin.py:188} INFO - [2026-04-25T08:34:34.018+0000] {dagbag.py:545} INFO - Filling up the DagBag from /home/airflow/.local/lib/python3.12/site-packages/airflow/example_dags/example_bash_operator.py
[2026-04-25T08:34:34.028+0000] {processor.py:840} INFO - DAG(s) 'example_bash_operator' retrieved from /home/airflow/.local/lib/python3.12/site-packages/airflow/example_dags/example_bash_operator.py
[2026-04-25T08:34:34.057+0000] {logging_mixin.py:188} INFO - [2026-04-25T08:34:34.056+0000] {dag.py:3096} INFO - Sync 1 DAGs
[2026-04-25T08:34:34.079+0000] {logging_mixin.py:188} INFO - [2026-04-25T08:34:34.079+0000] {dag.py:3954} INFO - Setting next_dagrun for example_bash_operator to 2026-04-24 00:00:00+00:00, run_after=2026-04-25 00:00:00+00:00
[2026-04-25T08:34:34.094+0000] {processor.py:183} INFO - Processing /home/airflow/.local/lib/python3.12/site-packages/airflow/example_dags/example_bash_operator.py took 0.082 seconds
[2026-04-25T08:35:04.704+0000] {processor.py:161} INFO - Started process (PID=303) to work on /home/airflow/.local/lib/python3.12/site-packages/airflow/example_dags/example_bash_operator.py
[2026-04-25T08:35:04.705+0000] {processor.py:830} INFO - Processing file /home/airflow/.local/lib/python3.12/site-packages/airflow/example_dags/example_bash_operator.py for tasks to queue
[2026-04-25T08:35:04.707+0000] {logging_mixin.py:188} INFO - [2026-04-25T08:35:04.707+0000] {dagbag.py:545} INFO - Filling up the DagBag from /home/airflow/.local/lib/python3.12/site-packages/airflow/example_dags/example_bash_operator.py
[2026-04-25T08:35:04.720+0000] {processor.py:840} INFO - DAG(s) 'example_bash_operator' retrieved from /home/airflow/.local/lib/python3.12/site-packages/airflow/example_dags/example_bash_operator.py
[2026-04-25T08:35:04.756+0000] {logging_mixin.py:188} INFO - [2026-04-25T08:35:04.756+0000] {dag.py:3096} INFO - Sync 1 DAGs
[2026-04-25T08:35:04.781+0000] {logging_mixin.py:188} INFO - [2026-04-25T08:35:04.781+0000] {dag.py:3954} INFO - Setting next_dagrun for example_bash_operator to 2026-04-24 00:00:00+00:00, run_after=2026-04-25 00:00:00+00:00
[2026-04-25T08:35:04.799+0000] {processor.py:183} INFO - Processing /home/airflow/.local/lib/python3.12/site-packages/airflow/example_dags/example_bash_operator.py took 0.100 seconds
[2026-04-25T08:35:34.838+0000] {processor.py:161} INFO - Started process (PID=361) to work on /home/airflow/.local/lib/python3.12/site-packages/airflow/example_dags/example_bash_operator.py
[2026-04-25T08:35:34.838+0000] {processor.py:830} INFO - Processing file /home/airflow/.local/lib/python3.12/site-packages/airflow/example_dags/example_bash_operator.py for tasks to queue
[2026-04-25T08:35:34.840+0000] {logging_mixin.py:188} INFO - [2026-04-25T08:35:34.840+0000] {dagbag.py:545} INFO - Filling up the DagBag from /home/airflow/.local/lib/python3.12/site-packages/airflow/example_dags/example_bash_operator.py
[2026-04-25T08:35:34.849+0000] {processor.py:840} INFO - DAG(s) 'example_bash_operator' retrieved from /home/airflow/.local/lib/python3.12/site-packages/airflow/example_dags/example_bash_operator.py
[2026-04-25T08:35:34.879+0000] {logging_mixin.py:188} INFO - [2026-04-25T08:35:34.879+0000] {dag.py:3096} INFO - Sync 1 DAGs
[2026-04-25T08:35:34.900+0000] {logging_mixin.py:188} INFO - [2026-04-25T08:35:34.900+0000] {dag.py:3954} INFO - Setting next_dagrun for example_bash_operator to 2026-04-24 00:00:00+00:00, run_after=2026-04-25 00:00:00+00:00
[2026-04-25T08:35:34.919+0000] {processor.py:183} INFO - Processing /home/airflow/.local/lib/python3.12/site-packages/airflow/example_dags/example_bash_operator.py took 0.086 seconds
[2026-04-25T08:36:04.949+0000] {processor.py:161} INFO - Started process (PID=419) to work on /home/airflow/.local/lib/python3.12/site-packages/airflow/example_dags/example_bash_operator.py
[2026-04-25T08:36:04.950+0000] {processor.py:830} INFO - Processing file /home/airflow/.local/lib/python3.12/site-packages/airflow/example_dags/example_bash_operator.py for tasks to queue
[2026-04-25T08:36:04.952+0000] {logging_mixin.py:188} INFO - [2026-04-25T08:36:04.951+0000] {dagbag.py:545} INFO - Filling up the DagBag from /home/airflow/.local/lib/python3.12/site-packages/airflow/example_dags/example_bash_operator.py
[2026-04-25T08:36:04.963+0000] {processor.py:840} INFO - DAG(s) 'example_bash_operator' retrieved from /home/airflow/.local/lib/python3.12/site-packages/airflow/example_dags/example_bash_operator.py
[2026-04-25T08:36:04.992+0000] {logging_mixin.py:188} INFO - [2026-04-25T08:36:04.991+0000] {dag.py:3096} INFO - Sync 1 DAGs
[2026-04-25T08:36:05.022+0000] {logging_mixin.py:188} INFO - [2026-04-25T08:36:05.022+0000] {dag.py:3954} INFO - Setting next_dagrun for example_bash_operator to 2026-04-24 00:00:00+00:00, run_after=2026-04-25 00:00:00+00:00
[2026-04-25T08:36:05.043+0000] {processor.py:183} INFO - Processing /home/airflow/.local/lib/python3.12/site-packages/airflow/example_dags/example_bash_operator.py took 0.100 seconds
[2026-04-25T08:36:35.539+0000] {processor.py:161} INFO - Started process (PID=477) to work on /home/airflow/.local/lib/python3.12/site-packages/airflow/example_dags/example_bash_operator.py
[2026-04-25T08:36:35.540+0000] {processor.py:830} INFO - Processing file /home/airflow/.local/lib/python3.12/site-packages/airflow/example_dags/example_bash_operator.py for tasks to queue
[2026-04-25T08:36:35.542+0000] {logging_mixin.py:188} INFO - [2026-04-25T08:36:35.542+0000] {dagbag.py:545} INFO - Filling up the DagBag from /home/airflow/.local/lib/python3.12/site-packages/airflow/example_dags/example_bash_operator.py
[2026-04-25T08:36:35.555+0000] {processor.py:840} INFO - DAG(s) 'example_bash_operator' retrieved from /home/airflow/.local/lib/python3.12/site-packages/airflow/example_dags/example_bash_operator.py
[2026-04-25T08:36:35.597+0000] {logging_mixin.py:188} INFO - [2026-04-25T08:36:35.597+0000] {dag.py:3096} INFO - Sync 1 DAGs
[2026-04-25T08:36:35.629+0000] {logging_mixin.py:188} INFO - [2026-04-25T08:36:35.628+0000] {dag.py:3954} INFO - Setting next_dagrun for example_bash_operator to 2026-04-24 00:00:00+00:00, run_after=2026-04-25 00:00:00+00:00
[2026-04-25T08:36:35.650+0000] {processor.py:183} INFO - Processing /home/airflow/.local/lib/python3.12/site-packages/airflow/example_dags/example_bash_operator.py took 0.118 seconds
[2026-04-25T08:37:05.752+0000] {processor.py:161} INFO - Started process (PID=535) to work on /home/airflow/.local/lib/python3.12/site-packages/airflow/example_dags/example_bash_operator.py
[2026-04-25T08:37:05.752+0000] {processor.py:830} INFO - Processing file /home/airflow/.local/lib/python3.12/site-packages/airflow/example_dags/example_bash_operator.py for tasks to queue
[2026-04-25T08:37:05.754+0000] {logging_mixin.py:188} INFO - [2026-04-25T08:37:05.753+0000] {dagbag.py:545} INFO - Filling up the DagBag from /home/airflow/.local/lib/python3.12/site-packages/airflow/example_dags/example_bash_operator.py
[2026-04-25T08:37:05.763+0000] {processor.py:840} INFO - DAG(s) 'example_bash_operator' retrieved from /home/airflow/.local/lib/python3.12/site-packages/airflow/example_dags/example_bash_operator.py
[2026-04-25T08:37:05.786+0000] {logging_mixin.py:188} INFO - [2026-04-25T08:37:05.786+0000] {dag.py:3096} INFO - Sync 1 DAGs
[2026-04-25T08:37:05.805+0000] {logging_mixin.py:188} INFO - [2026-04-25T08:37:05.805+0000] {dag.py:3954} INFO - Setting next_dagrun for example_bash_operator to 2026-04-24 00:00:00+00:00, run_after=2026-04-25 00:00:00+00:00
[2026-04-25T08:37:05.819+0000] {processor.py:183} INFO - Processing /home/airflow/.local/lib/python3.12/site-packages/airflow/example_dags/example_bash_operator.py took 0.072 seconds
[2026-04-25T08:37:36.206+0000] {processor.py:161} INFO - Started process (PID=593) to work on /home/airflow/.local/lib/python3.12/site-packages/airflow/example_dags/example_bash_operator.py
[2026-04-25T08:37:36.206+0000] {processor.py:830} INFO - Processing file /home/airflow/.local/lib/python3.12/site-packages/airflow/example_dags/example_bash_operator.py for tasks to queue
[2026-04-25T08:37:36.208+0000] {logging_mixin.py:188} INFO - [2026-04-25T08:37:36.208+0000] {dagbag.py:545} INFO - Filling up the DagBag from /home/airflow/.local/lib/python3.12/site-packages/airflow/example_dags/example_bash_operator.py
[2026-04-25T08:37:36.217+0000] {processor.py:840} INFO - DAG(s) 'example_bash_operator' retrieved from /home/airflow/.local/lib/python3.12/site-packages/airflow/example_dags/example_bash_operator.py
[2026-04-25T08:37:36.249+0000] {logging_mixin.py:188} INFO - [2026-04-25T08:37:36.248+0000] {dag.py:3096} INFO - Sync 1 DAGs
[2026-04-25T08:37:36.272+0000] {logging_mixin.py:188} INFO - [2026-04-25T08:37:36.272+0000] {dag.py:3954} INFO - Setting next_dagrun for example_bash_operator to 2026-04-24 00:00:00+00:00, run_after=2026-04-25 00:00:00+00:00
[2026-04-25T08:37:36.287+0000] {processor.py:183} INFO - Processing /home/airflow/.local/lib/python3.12/site-packages/airflow/example_dags/example_bash_operator.py took 0.086 seconds
[2026-04-25T08:38:06.604+0000] {processor.py:161} INFO - Started process (PID=651) to work on /home/airflow/.local/lib/python3.12/site-packages/airflow/example_dags/example_bash_operator.py
[2026-04-25T08:38:06.605+0000] {processor.py:830} INFO - Processing file /home/airflow/.local/lib/python3.12/site-packages/airflow/example_dags/example_bash_operator.py for tasks to queue
[2026-04-25T08:38:06.606+0000] {logging_mixin.py:188} INFO - [2026-04-25T08:38:06.606+0000] {dagbag.py:545} INFO - Filling up the DagBag from /home/airflow/.local/lib/python3.12/site-packages/airflow/example_dags/example_bash_operator.py
[2026-04-25T08:38:06.615+0000] {processor.py:840} INFO - DAG(s) 'example_bash_operator' retrieved from /home/airflow/.local/lib/python3.12/site-packages/airflow/example_dags/example_bash_operator.py
[2026-04-25T08:38:06.648+0000] {logging_mixin.py:188} INFO - [2026-04-25T08:38:06.647+0000] {dag.py:3096} INFO - Sync 1 DAGs
[2026-04-25T08:38:06.669+0000] {logging_mixin.py:188} INFO - [2026-04-25T08:38:06.668+0000] {dag.py:3954} INFO - Setting next_dagrun for example_bash_operator to 2026-04-24 00:00:00+00:00, run_after=2026-04-25 00:00:00+00:00
[2026-04-25T08:38:06.685+0000] {processor.py:183} INFO - Processing /home/airflow/.local/lib/python3.12/site-packages/airflow/example_dags/example_bash_operator.py took 0.085 seconds
[2026-04-25T08:38:36.923+0000] {processor.py:161} INFO - Started process (PID=709) to work on /home/airflow/.local/lib/python3.12/site-packages/airflow/example_dags/example_bash_operator.py
[2026-04-25T08:38:36.924+0000] {processor.py:830} INFO - Processing file /home/airflow/.local/lib/python3.12/site-packages/airflow/example_dags/example_bash_operator.py for tasks to queue
[2026-04-25T08:38:36.925+0000] {logging_mixin.py:188} INFO - [2026-04-25T08:38:36.925+0000] {dagbag.py:545} INFO - Filling up the DagBag from /home/airflow/.local/lib/python3.12/site-packages/airflow/example_dags/example_bash_operator.py
[2026-04-25T08:38:36.937+0000] {processor.py:840} INFO - DAG(s) 'example_bash_operator' retrieved from /home/airflow/.local/lib/python3.12/site-packages/airflow/example_dags/example_bash_operator.py
[2026-04-25T08:38:36.960+0000] {logging_mixin.py:188} INFO - [2026-04-25T08:38:36.960+0000] {dag.py:3096} INFO - Sync 1 DAGs
[2026-04-25T08:38:36.979+0000] {logging_mixin.py:188} INFO - [2026-04-25T08:38:36.978+0000] {dag.py:3954} INFO - Setting next_dagrun for example_bash_operator to 2026-04-24 00:00:00+00:00, run_after=2026-04-25 00:00:00+00:00
[2026-04-25T08:38:36.993+0000] {processor.py:183} INFO - Processing /home/airflow/.local/lib/python3.12/site-packages/airflow/example_dags/example_bash_operator.py took 0.075 seconds
[2026-04-25T08:39:07.375+0000] {processor.py:161} INFO - Started process (PID=767) to work on /home/airflow/.local/lib/python3.12/site-packages/airflow/example_dags/example_bash_operator.py
[2026-04-25T08:39:07.376+0000] {processor.py:830} INFO - Processing file /home/airflow/.local/lib/python3.12/site-packages/airflow/example_dags/example_bash_operator.py for tasks to queue
[2026-04-25T08:39:07.377+0000] {logging_mixin.py:188} INFO - [2026-04-25T08:39:07.377+0000] {dagbag.py:545} INFO - Filling up the DagBag from /home/airflow/.local/lib/python3.12/site-packages/airflow/example_dags/example_bash_operator.py
[2026-04-25T08:39:07.387+0000] {processor.py:840} INFO - DAG(s) 'example_bash_operator' retrieved from /home/airflow/.local/lib/python3.12/site-packages/airflow/example_dags/example_bash_operator.py
[2026-04-25T08:39:07.412+0000] {logging_mixin.py:188} INFO - [2026-04-25T08:39:07.411+0000] {dag.py:3096} INFO - Sync 1 DAGs
[2026-04-25T08:39:07.433+0000] {logging_mixin.py:188} INFO - [2026-04-25T08:39:07.432+0000] {dag.py:3954} INFO - Setting next_dagrun for example_bash_operator to 2026-04-24 00:00:00+00:00, run_after=2026-04-25 00:00:00+00:00
[2026-04-25T08:39:07.449+0000] {processor.py:183} INFO - Processing /home/airflow/.local/lib/python3.12/site-packages/airflow/example_dags/example_bash_operator.py took 0.078 seconds
[2026-04-25T08:39:37.685+0000] {processor.py:161} INFO - Started process (PID=825) to work on /home/airflow/.local/lib/python3.12/site-packages/airflow/example_dags/example_bash_operator.py
[2026-04-25T08:39:37.685+0000] {processor.py:830} INFO - Processing file /home/airflow/.local/lib/python3.12/site-packages/airflow/example_dags/example_bash_operator.py for tasks to queue
[2026-04-25T08:39:37.687+0000] {logging_mixin.py:188} INFO - [2026-04-25T08:39:37.687+0000] {dagbag.py:545} INFO - Filling up the DagBag from /home/airflow/.local/lib/python3.12/site-packages/airflow/example_dags/example_bash_operator.py
[2026-04-25T08:39:37.696+0000] {processor.py:840} INFO - DAG(s) 'example_bash_operator' retrieved from /home/airflow/.local/lib/python3.12/site-packages/airflow/example_dags/example_bash_operator.py
[2026-04-25T08:39:37.726+0000] {logging_mixin.py:188} INFO - [2026-04-25T08:39:37.726+0000] {dag.py:3096} INFO - Sync 1 DAGs
[2026-04-25T08:39:37.747+0000] {logging_mixin.py:188} INFO - [2026-04-25T08:39:37.747+0000] {dag.py:3954} INFO - Setting next_dagrun for example_bash_operator to 2026-04-24 00:00:00+00:00, run_after=2026-04-25 00:00:00+00:00
[2026-04-25T08:39:37.764+0000] {processor.py:183} INFO - Processing /home/airflow/.local/lib/python3.12/site-packages/airflow/example_dags/example_bash_operator.py took 0.084 seconds
[2026-04-25T08:40:07.926+0000] {processor.py:161} INFO - Started process (PID=883) to work on /home/airflow/.local/lib/python3.12/site-packages/airflow/example_dags/example_bash_operator.py
[2026-04-25T08:40:07.927+0000] {processor.py:830} INFO - Processing file /home/airflow/.local/lib/python3.12/site-packages/airflow/example_dags/example_bash_operator.py for tasks to queue
[2026-04-25T08:40:07.928+0000] {logging_mixin.py:188} INFO - [2026-04-25T08:40:07.928+0000] {dagbag.py:545} INFO - Filling up the DagBag from /home/airflow/.local/lib/python3.12/site-packages/airflow/example_dags/example_bash_operator.py
[2026-04-25T08:40:07.938+0000] {processor.py:840} INFO - DAG(s) 'example_bash_operator' retrieved from /home/airflow/.local/lib/python3.12/site-packages/airflow/example_dags/example_bash_operator.py
[2026-04-25T08:40:07.961+0000] {logging_mixin.py:188} INFO - [2026-04-25T08:40:07.961+0000] {dag.py:3096} INFO - Sync 1 DAGs
[2026-04-25T08:40:07.979+0000] {logging_mixin.py:188} INFO - [2026-04-25T08:40:07.979+0000] {dag.py:3954} INFO - Setting next_dagrun for example_bash_operator to 2026-04-24 00:00:00+00:00, run_after=2026-04-25 00:00:00+00:00
[2026-04-25T08:40:07.997+0000] {processor.py:183} INFO - Processing /home/airflow/.local/lib/python3.12/site-packages/airflow/example_dags/example_bash_operator.py took 0.075 seconds
[2026-04-25T08:40:38.343+0000] {processor.py:161} INFO - Started process (PID=941) to work on /home/airflow/.local/lib/python3.12/site-packages/airflow/example_dags/example_bash_operator.py
[2026-04-25T08:40:38.344+0000] {processor.py:830} INFO - Processing file /home/airflow/.local/lib/python3.12/site-packages/airflow/example_dags/example_bash_operator.py for tasks to queue
[2026-04-25T08:40:38.346+0000] {logging_mixin.py:188} INFO - [2026-04-25T08:40:38.346+0000] {dagbag.py:545} INFO - Filling up the DagBag from /home/airflow/.local/lib/python3.12/site-packages/airflow/example_dags/example_bash_operator.py
[2026-04-25T08:40:38.360+0000] {processor.py:840} INFO - DAG(s) 'example_bash_operator' retrieved from /home/airflow/.local/lib/python3.12/site-packages/airflow/example_dags/example_bash_operator.py
[2026-04-25T08:40:38.396+0000] {logging_mixin.py:188} INFO - [2026-04-25T08:40:38.396+0000] {dag.py:3096} INFO - Sync 1 DAGs
[2026-04-25T08:40:38.421+0000] {logging_mixin.py:188} INFO - [2026-04-25T08:40:38.420+0000] {dag.py:3954} INFO - Setting next_dagrun for example_bash_operator to 2026-04-24 00:00:00+00:00, run_after=2026-04-25 00:00:00+00:00
[2026-04-25T08:40:38.436+0000] {processor.py:183} INFO - Processing /home/airflow/.local/lib/python3.12/site-packages/airflow/example_dags/example_bash_operator.py took 0.099 seconds
[2026-04-25T08:41:08.835+0000] {processor.py:161} INFO - Started process (PID=999) to work on /home/airflow/.local/lib/python3.12/site-packages/airflow/example_dags/example_bash_operator.py
[2026-04-25T08:41:08.836+0000] {processor.py:830} INFO - Processing file /home/airflow/.local/lib/python3.12/site-packages/airflow/example_dags/example_bash_operator.py for tasks to queue
[2026-04-25T08:41:08.838+0000] {logging_mixin.py:188} INFO - [2026-04-25T08:41:08.838+0000] {dagbag.py:545} INFO - Filling up the DagBag from /home/airflow/.local/lib/python3.12/site-packages/airflow/example_dags/example_bash_operator.py
[2026-04-25T08:41:08.852+0000] {processor.py:840} INFO - DAG(s) 'example_bash_operator' retrieved from /home/airflow/.local/lib/python3.12/site-packages/airflow/example_dags/example_bash_operator.py
[2026-04-25T08:41:08.889+0000] {logging_mixin.py:188} INFO - [2026-04-25T08:41:08.888+0000] {dag.py:3096} INFO - Sync 1 DAGs
[2026-04-25T08:41:08.919+0000] {logging_mixin.py:188} INFO - [2026-04-25T08:41:08.919+0000] {dag.py:3954} INFO - Setting next_dagrun for example_bash_operator to 2026-04-24 00:00:00+00:00, run_after=2026-04-25 00:00:00+00:00
[2026-04-25T08:41:08.939+0000] {processor.py:183} INFO - Processing /home/airflow/.local/lib/python3.12/site-packages/airflow/example_dags/example_bash_operator.py took 0.111 seconds
[2026-04-25T08:41:39.454+0000] {processor.py:161} INFO - Started process (PID=1057) to work on /home/airflow/.local/lib/python3.12/site-packages/airflow/example_dags/example_bash_operator.py
[2026-04-25T08:41:39.454+0000] {processor.py:830} INFO - Processing file /home/airflow/.local/lib/python3.12/site-packages/airflow/example_dags/example_bash_operator.py for tasks to queue
[2026-04-25T08:41:39.456+0000] {logging_mixin.py:188} INFO - [2026-04-25T08:41:39.456+0000] {dagbag.py:545} INFO - Filling up the DagBag from /home/airflow/.local/lib/python3.12/site-packages/airflow/example_dags/example_bash_operator.py
[2026-04-25T08:41:39.470+0000] {processor.py:840} INFO - DAG(s) 'example_bash_operator' retrieved from /home/airflow/.local/lib/python3.12/site-packages/airflow/example_dags/example_bash_operator.py
[2026-04-25T08:41:39.508+0000] {logging_mixin.py:188} INFO - [2026-04-25T08:41:39.507+0000] {dag.py:3096} INFO - Sync 1 DAGs
[2026-04-25T08:41:39.537+0000] {logging_mixin.py:188} INFO - [2026-04-25T08:41:39.536+0000] {dag.py:3954} INFO - Setting next_dagrun for example_bash_operator to 2026-04-24 00:00:00+00:00, run_after=2026-04-25 00:00:00+00:00
[2026-04-25T08:41:39.557+0000] {processor.py:183} INFO - Processing /home/airflow/.local/lib/python3.12/site-packages/airflow/example_dags/example_bash_operator.py took 0.112 seconds
[2026-04-25T08:42:09.746+0000] {processor.py:161} INFO - Started process (PID=1115) to work on /home/airflow/.local/lib/python3.12/site-packages/airflow/example_dags/example_bash_operator.py
[2026-04-25T08:42:09.747+0000] {processor.py:830} INFO - Processing file /home/airflow/.local/lib/python3.12/site-packages/airflow/example_dags/example_bash_operator.py for tasks to queue
[2026-04-25T08:42:09.748+0000] {logging_mixin.py:188} INFO - [2026-04-25T08:42:09.748+0000] {dagbag.py:545} INFO - Filling up the DagBag from /home/airflow/.local/lib/python3.12/site-packages/airflow/example_dags/example_bash_operator.py
[2026-04-25T08:42:09.758+0000] {processor.py:840} INFO - DAG(s) 'example_bash_operator' retrieved from /home/airflow/.local/lib/python3.12/site-packages/airflow/example_dags/example_bash_operator.py
[2026-04-25T08:42:09.782+0000] {logging_mixin.py:188} INFO - [2026-04-25T08:42:09.782+0000] {dag.py:3096} INFO - Sync 1 DAGs
[2026-04-25T08:42:09.806+0000] {logging_mixin.py:188} INFO - [2026-04-25T08:42:09.806+0000] {dag.py:3954} INFO - Setting next_dagrun for example_bash_operator to 2026-04-24 00:00:00+00:00, run_after=2026-04-25 00:00:00+00:00
[2026-04-25T08:42:09.823+0000] {processor.py:183} INFO - Processing /home/airflow/.local/lib/python3.12/site-packages/airflow/example_dags/example_bash_operator.py took 0.081 seconds
[2026-04-25T08:42:40.310+0000] {processor.py:161} INFO - Started process (PID=1173) to work on /home/airflow/.local/lib/python3.12/site-packages/airflow/example_dags/example_bash_operator.py
[2026-04-25T08:42:40.311+0000] {processor.py:830} INFO - Processing file /home/airflow/.local/lib/python3.12/site-packages/airflow/example_dags/example_bash_operator.py for tasks to queue
[2026-04-25T08:42:40.313+0000] {logging_mixin.py:188} INFO - [2026-04-25T08:42:40.313+0000] {dagbag.py:545} INFO - Filling up the DagBag from /home/airflow/.local/lib/python3.12/site-packages/airflow/example_dags/example_bash_operator.py
[2026-04-25T08:42:40.326+0000] {processor.py:840} INFO - DAG(s) 'example_bash_operator' retrieved from /home/airflow/.local/lib/python3.12/site-packages/airflow/example_dags/example_bash_operator.py
[2026-04-25T08:42:40.365+0000] {logging_mixin.py:188} INFO - [2026-04-25T08:42:40.364+0000] {dag.py:3096} INFO - Sync 1 DAGs
[2026-04-25T08:42:40.391+0000] {logging_mixin.py:188} INFO - [2026-04-25T08:42:40.390+0000] {dag.py:3954} INFO - Setting next_dagrun for example_bash_operator to 2026-04-24 00:00:00+00:00, run_after=2026-04-25 00:00:00+00:00
[2026-04-25T08:42:40.410+0000] {processor.py:183} INFO - Processing /home/airflow/.local/lib/python3.12/site-packages/airflow/example_dags/example_bash_operator.py took 0.107 seconds
[2026-04-25T08:43:10.843+0000] {processor.py:161} INFO - Started process (PID=1231) to work on /home/airflow/.local/lib/python3.12/site-packages/airflow/example_dags/example_bash_operator.py
[2026-04-25T08:43:10.844+0000] {processor.py:830} INFO - Processing file /home/airflow/.local/lib/python3.12/site-packages/airflow/example_dags/example_bash_operator.py for tasks to queue
[2026-04-25T08:43:10.846+0000] {logging_mixin.py:188} INFO - [2026-04-25T08:43:10.845+0000] {dagbag.py:545} INFO - Filling up the DagBag from /home/airflow/.local/lib/python3.12/site-packages/airflow/example_dags/example_bash_operator.py
[2026-04-25T08:43:10.859+0000] {processor.py:840} INFO - DAG(s) 'example_bash_operator' retrieved from /home/airflow/.local/lib/python3.12/site-packages/airflow/example_dags/example_bash_operator.py
[2026-04-25T08:43:10.884+0000] {logging_mixin.py:188} INFO - [2026-04-25T08:43:10.884+0000] {dag.py:3096} INFO - Sync 1 DAGs
[2026-04-25T08:43:10.902+0000] {logging_mixin.py:188} INFO - [2026-04-25T08:43:10.902+0000] {dag.py:3954} INFO - Setting next_dagrun for example_bash_operator to 2026-04-24 00:00:00+00:00, run_after=2026-04-25 00:00:00+00:00
[2026-04-25T08:43:10.917+0000] {processor.py:183} INFO - Processing /home/airflow/.local/lib/python3.12/site-packages/airflow/example_dags/example_bash_operator.py took 0.080 seconds
[2026-04-25T08:43:41.418+0000] {processor.py:161} INFO - Started process (PID=1289) to work on /home/airflow/.local/lib/python3.12/site-packages/airflow/example_dags/example_bash_operator.py
[2026-04-25T08:43:41.418+0000] {processor.py:830} INFO - Processing file /home/airflow/.local/lib/python3.12/site-packages/airflow/example_dags/example_bash_operator.py for tasks to queue
[2026-04-25T08:43:41.420+0000] {logging_mixin.py:188} INFO - [2026-04-25T08:43:41.420+0000] {dagbag.py:545} INFO - Filling up the DagBag from /home/airflow/.local/lib/python3.12/site-packages/airflow/example_dags/example_bash_operator.py
[2026-04-25T08:43:41.430+0000] {processor.py:840} INFO - DAG(s) 'example_bash_operator' retrieved from /home/airflow/.local/lib/python3.12/site-packages/airflow/example_dags/example_bash_operator.py
[2026-04-25T08:43:41.455+0000] {logging_mixin.py:188} INFO - [2026-04-25T08:43:41.455+0000] {dag.py:3096} INFO - Sync 1 DAGs
[2026-04-25T08:43:41.475+0000] {logging_mixin.py:188} INFO - [2026-04-25T08:43:41.474+0000] {dag.py:3954} INFO - Setting next_dagrun for example_bash_operator to 2026-04-24 00:00:00+00:00, run_after=2026-04-25 00:00:00+00:00
[2026-04-25T08:43:41.492+0000] {processor.py:183} INFO - Processing /home/airflow/.local/lib/python3.12/site-packages/airflow/example_dags/example_bash_operator.py took 0.079 seconds
[2026-04-25T08:44:11.537+0000] {processor.py:161} INFO - Started process (PID=1347) to work on /home/airflow/.local/lib/python3.12/site-packages/airflow/example_dags/example_bash_operator.py
[2026-04-25T08:44:11.538+0000] {processor.py:830} INFO - Processing file /home/airflow/.local/lib/python3.12/site-packages/airflow/example_dags/example_bash_operator.py for tasks to queue
[2026-04-25T08:44:11.540+0000] {logging_mixin.py:188} INFO - [2026-04-25T08:44:11.539+0000] {dagbag.py:545} INFO - Filling up the DagBag from /home/airflow/.local/lib/python3.12/site-packages/airflow/example_dags/example_bash_operator.py
[2026-04-25T08:44:11.549+0000] {processor.py:840} INFO - DAG(s) 'example_bash_operator' retrieved from /home/airflow/.local/lib/python3.12/site-packages/airflow/example_dags/example_bash_operator.py
[2026-04-25T08:44:11.577+0000] {logging_mixin.py:188} INFO - [2026-04-25T08:44:11.576+0000] {dag.py:3096} INFO - Sync 1 DAGs
[2026-04-25T08:44:11.596+0000] {logging_mixin.py:188} INFO - [2026-04-25T08:44:11.596+0000] {dag.py:3954} INFO - Setting next_dagrun for example_bash_operator to 2026-04-24 00:00:00+00:00, run_after=2026-04-25 00:00:00+00:00
[2026-04-25T08:44:11.611+0000] {processor.py:183} INFO - Processing /home/airflow/.local/lib/python3.12/site-packages/airflow/example_dags/example_bash_operator.py took 0.079 seconds
[2026-04-25T08:44:42.306+0000] {processor.py:161} INFO - Started process (PID=1405) to work on /home/airflow/.local/lib/python3.12/site-packages/airflow/example_dags/example_bash_operator.py
[2026-04-25T08:44:42.307+0000] {processor.py:830} INFO - Processing file /home/airflow/.local/lib/python3.12/site-packages/airflow/example_dags/example_bash_operator.py for tasks to queue
[2026-04-25T08:44:42.308+0000] {logging_mixin.py:188} INFO - [2026-04-25T08:44:42.308+0000] {dagbag.py:545} INFO - Filling up the DagBag from /home/airflow/.local/lib/python3.12/site-packages/airflow/example_dags/example_bash_operator.py
[2026-04-25T08:44:42.318+0000] {processor.py:840} INFO - DAG(s) 'example_bash_operator' retrieved from /home/airflow/.local/lib/python3.12/site-packages/airflow/example_dags/example_bash_operator.py
[2026-04-25T08:44:42.342+0000] {logging_mixin.py:188} INFO - [2026-04-25T08:44:42.342+0000] {dag.py:3096} INFO - Sync 1 DAGs
[2026-04-25T08:44:42.361+0000] {logging_mixin.py:188} INFO - [2026-04-25T08:44:42.361+0000] {dag.py:3954} INFO - Setting next_dagrun for example_bash_operator to 2026-04-24 00:00:00+00:00, run_after=2026-04-25 00:00:00+00:00
[2026-04-25T08:44:42.378+0000] {processor.py:183} INFO - Processing /home/airflow/.local/lib/python3.12/site-packages/airflow/example_dags/example_bash_operator.py took 0.076 seconds
[2026-04-25T08:45:12.552+0000] {processor.py:161} INFO - Started process (PID=1463) to work on /home/airflow/.local/lib/python3.12/site-packages/airflow/example_dags/example_bash_operator.py
[2026-04-25T08:45:12.552+0000] {processor.py:830} INFO - Processing file /home/airflow/.local/lib/python3.12/site-packages/airflow/example_dags/example_bash_operator.py for tasks to queue
[2026-04-25T08:45:12.554+0000] {logging_mixin.py:188} INFO - [2026-04-25T08:45:12.554+0000] {dagbag.py:545} INFO - Filling up the DagBag from /home/airflow/.local/lib/python3.12/site-packages/airflow/example_dags/example_bash_operator.py
[2026-04-25T08:45:12.563+0000] {processor.py:840} INFO - DAG(s) 'example_bash_operator' retrieved from /home/airflow/.local/lib/python3.12/site-packages/airflow/example_dags/example_bash_operator.py
[2026-04-25T08:45:12.588+0000] {logging_mixin.py:188} INFO - [2026-04-25T08:45:12.587+0000] {dag.py:3096} INFO - Sync 1 DAGs
[2026-04-25T08:45:12.744+0000] {logging_mixin.py:188} INFO - [2026-04-25T08:45:12.744+0000] {dag.py:3954} INFO - Setting next_dagrun for example_bash_operator to 2026-04-24 00:00:00+00:00, run_after=2026-04-25 00:00:00+00:00
[2026-04-25T08:45:12.758+0000] {processor.py:183} INFO - Processing /home/airflow/.local/lib/python3.12/site-packages/airflow/example_dags/example_bash_operator.py took 0.211 seconds
[2026-04-25T08:45:42.858+0000] {processor.py:161} INFO - Started process (PID=1521) to work on /home/airflow/.local/lib/python3.12/site-packages/airflow/example_dags/example_bash_operator.py
[2026-04-25T08:45:42.858+0000] {processor.py:830} INFO - Processing file /home/airflow/.local/lib/python3.12/site-packages/airflow/example_dags/example_bash_operator.py for tasks to queue
[2026-04-25T08:45:42.860+0000] {logging_mixin.py:188} INFO - [2026-04-25T08:45:42.859+0000] {dagbag.py:545} INFO - Filling up the DagBag from /home/airflow/.local/lib/python3.12/site-packages/airflow/example_dags/example_bash_operator.py
[2026-04-25T08:45:42.871+0000] {processor.py:840} INFO - DAG(s) 'example_bash_operator' retrieved from /home/airflow/.local/lib/python3.12/site-packages/airflow/example_dags/example_bash_operator.py
[2026-04-25T08:45:42.896+0000] {logging_mixin.py:188} INFO - [2026-04-25T08:45:42.895+0000] {dag.py:3096} INFO - Sync 1 DAGs
[2026-04-25T08:45:42.923+0000] {logging_mixin.py:188} INFO - [2026-04-25T08:45:42.923+0000] {dag.py:3954} INFO - Setting next_dagrun for example_bash_operator to 2026-04-24 00:00:00+00:00, run_after=2026-04-25 00:00:00+00:00
[2026-04-25T08:45:42.938+0000] {processor.py:183} INFO - Processing /home/airflow/.local/lib/python3.12/site-packages/airflow/example_dags/example_bash_operator.py took 0.085 seconds
[2026-04-25T08:46:13.221+0000] {processor.py:161} INFO - Started process (PID=1579) to work on /home/airflow/.local/lib/python3.12/site-packages/airflow/example_dags/example_bash_operator.py
[2026-04-25T08:46:13.222+0000] {processor.py:830} INFO - Processing file /home/airflow/.local/lib/python3.12/site-packages/airflow/example_dags/example_bash_operator.py for tasks to queue
[2026-04-25T08:46:13.224+0000] {logging_mixin.py:188} INFO - [2026-04-25T08:46:13.224+0000] {dagbag.py:545} INFO - Filling up the DagBag from /home/airflow/.local/lib/python3.12/site-packages/airflow/example_dags/example_bash_operator.py
[2026-04-25T08:46:13.238+0000] {processor.py:840} INFO - DAG(s) 'example_bash_operator' retrieved from /home/airflow/.local/lib/python3.12/site-packages/airflow/example_dags/example_bash_operator.py
[2026-04-25T08:46:13.274+0000] {logging_mixin.py:188} INFO - [2026-04-25T08:46:13.274+0000] {dag.py:3096} INFO - Sync 1 DAGs
[2026-04-25T08:46:13.295+0000] {logging_mixin.py:188} INFO - [2026-04-25T08:46:13.295+0000] {dag.py:3954} INFO - Setting next_dagrun for example_bash_operator to 2026-04-24 00:00:00+00:00, run_after=2026-04-25 00:00:00+00:00
[2026-04-25T08:46:13.311+0000] {processor.py:183} INFO - Processing /home/airflow/.local/lib/python3.12/site-packages/airflow/example_dags/example_bash_operator.py took 0.095 seconds
[2026-04-25T08:46:43.411+0000] {processor.py:161} INFO - Started process (PID=1637) to work on /home/airflow/.local/lib/python3.12/site-packages/airflow/example_dags/example_bash_operator.py
[2026-04-25T08:46:43.412+0000] {processor.py:830} INFO - Processing file /home/airflow/.local/lib/python3.12/site-packages/airflow/example_dags/example_bash_operator.py for tasks to queue
[2026-04-25T08:46:43.413+0000] {logging_mixin.py:188} INFO - [2026-04-25T08:46:43.413+0000] {dagbag.py:545} INFO - Filling up the DagBag from /home/airflow/.local/lib/python3.12/site-packages/airflow/example_dags/example_bash_operator.py
[2026-04-25T08:46:43.423+0000] {processor.py:840} INFO - DAG(s) 'example_bash_operator' retrieved from /home/airflow/.local/lib/python3.12/site-packages/airflow/example_dags/example_bash_operator.py
[2026-04-25T08:46:43.446+0000] {logging_mixin.py:188} INFO - [2026-04-25T08:46:43.445+0000] {dag.py:3096} INFO - Sync 1 DAGs
[2026-04-25T08:46:43.465+0000] {logging_mixin.py:188} INFO - [2026-04-25T08:46:43.464+0000] {dag.py:3954} INFO - Setting next_dagrun for example_bash_operator to 2026-04-24 00:00:00+00:00, run_after=2026-04-25 00:00:00+00:00
[2026-04-25T08:46:43.483+0000] {processor.py:183} INFO - Processing /home/airflow/.local/lib/python3.12/site-packages/airflow/example_dags/example_bash_operator.py took 0.078 seconds
[2026-04-25T08:47:13.760+0000] {processor.py:161} INFO - Started process (PID=1695) to work on /home/airflow/.local/lib/python3.12/site-packages/airflow/example_dags/example_bash_operator.py
[2026-04-25T08:47:13.761+0000] {processor.py:830} INFO - Processing file /home/airflow/.local/lib/python3.12/site-packages/airflow/example_dags/example_bash_operator.py for tasks to queue
[2026-04-25T08:47:13.762+0000] {logging_mixin.py:188} INFO - [2026-04-25T08:47:13.762+0000] {dagbag.py:545} INFO - Filling up the DagBag from /home/airflow/.local/lib/python3.12/site-packages/airflow/example_dags/example_bash_operator.py
[2026-04-25T08:47:13.771+0000] {processor.py:840} INFO - DAG(s) 'example_bash_operator' retrieved from /home/airflow/.local/lib/python3.12/site-packages/airflow/example_dags/example_bash_operator.py
[2026-04-25T08:47:13.804+0000] {logging_mixin.py:188} INFO - [2026-04-25T08:47:13.803+0000] {dag.py:3096} INFO - Sync 1 DAGs
[2026-04-25T08:47:13.830+0000] {logging_mixin.py:188} INFO - [2026-04-25T08:47:13.830+0000] {dag.py:3954} INFO - Setting next_dagrun for example_bash_operator to 2026-04-24 00:00:00+00:00, run_after=2026-04-25 00:00:00+00:00
[2026-04-25T08:47:13.846+0000] {processor.py:183} INFO - Processing /home/airflow/.local/lib/python3.12/site-packages/airflow/example_dags/example_bash_operator.py took 0.091 seconds
[2026-04-25T08:47:44.365+0000] {processor.py:161} INFO - Started process (PID=1753) to work on /home/airflow/.local/lib/python3.12/site-packages/airflow/example_dags/example_bash_operator.py
[2026-04-25T08:47:44.365+0000] {processor.py:830} INFO - Processing file /home/airflow/.local/lib/python3.12/site-packages/airflow/example_dags/example_bash_operator.py for tasks to queue
[2026-04-25T08:47:44.367+0000] {logging_mixin.py:188} INFO - [2026-04-25T08:47:44.366+0000] {dagbag.py:545} INFO - Filling up the DagBag from /home/airflow/.local/lib/python3.12/site-packages/airflow/example_dags/example_bash_operator.py
[2026-04-25T08:47:44.377+0000] {processor.py:840} INFO - DAG(s) 'example_bash_operator' retrieved from /home/airflow/.local/lib/python3.12/site-packages/airflow/example_dags/example_bash_operator.py
[2026-04-25T08:47:44.401+0000] {logging_mixin.py:188} INFO - [2026-04-25T08:47:44.400+0000] {dag.py:3096} INFO - Sync 1 DAGs
[2026-04-25T08:47:44.419+0000] {logging_mixin.py:188} INFO - [2026-04-25T08:47:44.419+0000] {dag.py:3954} INFO - Setting next_dagrun for example_bash_operator to 2026-04-24 00:00:00+00:00, run_after=2026-04-25 00:00:00+00:00
[2026-04-25T08:47:44.433+0000] {processor.py:183} INFO - Processing /home/airflow/.local/lib/python3.12/site-packages/airflow/example_dags/example_bash_operator.py took 0.074 seconds
[2026-04-25T08:48:14.780+0000] {processor.py:161} INFO - Started process (PID=1811) to work on /home/airflow/.local/lib/python3.12/site-packages/airflow/example_dags/example_bash_operator.py
[2026-04-25T08:48:14.780+0000] {processor.py:830} INFO - Processing file /home/airflow/.local/lib/python3.12/site-packages/airflow/example_dags/example_bash_operator.py for tasks to queue
[2026-04-25T08:48:14.782+0000] {logging_mixin.py:188} INFO - [2026-04-25T08:48:14.781+0000] {dagbag.py:545} INFO - Filling up the DagBag from /home/airflow/.local/lib/python3.12/site-packages/airflow/example_dags/example_bash_operator.py
[2026-04-25T08:48:14.794+0000] {processor.py:840} INFO - DAG(s) 'example_bash_operator' retrieved from /home/airflow/.local/lib/python3.12/site-packages/airflow/example_dags/example_bash_operator.py
[2026-04-25T08:48:14.831+0000] {logging_mixin.py:188} INFO - [2026-04-25T08:48:14.831+0000] {dag.py:3096} INFO - Sync 1 DAGs
[2026-04-25T08:48:14.869+0000] {logging_mixin.py:188} INFO - [2026-04-25T08:48:14.868+0000] {dag.py:3954} INFO - Setting next_dagrun for example_bash_operator to 2026-04-24 00:00:00+00:00, run_after=2026-04-25 00:00:00+00:00
[2026-04-25T08:48:14.901+0000] {processor.py:183} INFO - Processing /home/airflow/.local/lib/python3.12/site-packages/airflow/example_dags/example_bash_operator.py took 0.127 seconds
[2026-04-25T08:48:44.988+0000] {processor.py:161} INFO - Started process (PID=1869) to work on /home/airflow/.local/lib/python3.12/site-packages/airflow/example_dags/example_bash_operator.py
[2026-04-25T08:48:44.989+0000] {processor.py:830} INFO - Processing file /home/airflow/.local/lib/python3.12/site-packages/airflow/example_dags/example_bash_operator.py for tasks to queue
[2026-04-25T08:48:44.991+0000] {logging_mixin.py:188} INFO - [2026-04-25T08:48:44.991+0000] {dagbag.py:545} INFO - Filling up the DagBag from /home/airflow/.local/lib/python3.12/site-packages/airflow/example_dags/example_bash_operator.py
[2026-04-25T08:48:45.006+0000] {processor.py:840} INFO - DAG(s) 'example_bash_operator' retrieved from /home/airflow/.local/lib/python3.12/site-packages/airflow/example_dags/example_bash_operator.py
[2026-04-25T08:48:45.043+0000] {logging_mixin.py:188} INFO - [2026-04-25T08:48:45.042+0000] {dag.py:3096} INFO - Sync 1 DAGs
[2026-04-25T08:48:45.067+0000] {logging_mixin.py:188} INFO - [2026-04-25T08:48:45.066+0000] {dag.py:3954} INFO - Setting next_dagrun for example_bash_operator to 2026-04-24 00:00:00+00:00, run_after=2026-04-25 00:00:00+00:00
[2026-04-25T08:48:45.084+0000] {processor.py:183} INFO - Processing /home/airflow/.local/lib/python3.12/site-packages/airflow/example_dags/example_bash_operator.py took 0.103 seconds
[2026-04-25T08:49:15.342+0000] {processor.py:161} INFO - Started process (PID=1927) to work on /home/airflow/.local/lib/python3.12/site-packages/airflow/example_dags/example_bash_operator.py
[2026-04-25T08:49:15.342+0000] {processor.py:830} INFO - Processing file /home/airflow/.local/lib/python3.12/site-packages/airflow/example_dags/example_bash_operator.py for tasks to queue
[2026-04-25T08:49:15.344+0000] {logging_mixin.py:188} INFO - [2026-04-25T08:49:15.343+0000] {dagbag.py:545} INFO - Filling up the DagBag from /home/airflow/.local/lib/python3.12/site-packages/airflow/example_dags/example_bash_operator.py
[2026-04-25T08:49:15.356+0000] {processor.py:840} INFO - DAG(s) 'example_bash_operator' retrieved from /home/airflow/.local/lib/python3.12/site-packages/airflow/example_dags/example_bash_operator.py
[2026-04-25T08:49:15.388+0000] {logging_mixin.py:188} INFO - [2026-04-25T08:49:15.388+0000] {dag.py:3096} INFO - Sync 1 DAGs
[2026-04-25T08:49:15.421+0000] {logging_mixin.py:188} INFO - [2026-04-25T08:49:15.421+0000] {dag.py:3954} INFO - Setting next_dagrun for example_bash_operator to 2026-04-24 00:00:00+00:00, run_after=2026-04-25 00:00:00+00:00
[2026-04-25T08:49:15.446+0000] {processor.py:183} INFO - Processing /home/airflow/.local/lib/python3.12/site-packages/airflow/example_dags/example_bash_operator.py took 0.109 seconds
[2026-04-25T08:49:46.042+0000] {processor.py:161} INFO - Started process (PID=1985) to work on /home/airflow/.local/lib/python3.12/site-packages/airflow/example_dags/example_bash_operator.py
[2026-04-25T08:49:46.042+0000] {processor.py:830} INFO - Processing file /home/airflow/.local/lib/python3.12/site-packages/airflow/example_dags/example_bash_operator.py for tasks to queue
[2026-04-25T08:49:46.043+0000] {logging_mixin.py:188} INFO - [2026-04-25T08:49:46.043+0000] {dagbag.py:545} INFO - Filling up the DagBag from /home/airflow/.local/lib/python3.12/site-packages/airflow/example_dags/example_bash_operator.py
[2026-04-25T08:49:46.053+0000] {processor.py:840} INFO - DAG(s) 'example_bash_operator' retrieved from /home/airflow/.local/lib/python3.12/site-packages/airflow/example_dags/example_bash_operator.py
[2026-04-25T08:49:46.083+0000] {logging_mixin.py:188} INFO - [2026-04-25T08:49:46.083+0000] {dag.py:3096} INFO - Sync 1 DAGs
[2026-04-25T08:49:46.102+0000] {logging_mixin.py:188} INFO - [2026-04-25T08:49:46.102+0000] {dag.py:3954} INFO - Setting next_dagrun for example_bash_operator to 2026-04-24 00:00:00+00:00, run_after=2026-04-25 00:00:00+00:00
[2026-04-25T08:49:46.118+0000] {processor.py:183} INFO - Processing /home/airflow/.local/lib/python3.12/site-packages/airflow/example_dags/example_bash_operator.py took 0.081 seconds
[2026-04-25T08:50:16.339+0000] {processor.py:161} INFO - Started process (PID=2043) to work on /home/airflow/.local/lib/python3.12/site-packages/airflow/example_dags/example_bash_operator.py
[2026-04-25T08:50:16.339+0000] {processor.py:830} INFO - Processing file /home/airflow/.local/lib/python3.12/site-packages/airflow/example_dags/example_bash_operator.py for tasks to queue
[2026-04-25T08:50:16.341+0000] {logging_mixin.py:188} INFO - [2026-04-25T08:50:16.340+0000] {dagbag.py:545} INFO - Filling up the DagBag from /home/airflow/.local/lib/python3.12/site-packages/airflow/example_dags/example_bash_operator.py
[2026-04-25T08:50:16.350+0000] {processor.py:840} INFO - DAG(s) 'example_bash_operator' retrieved from /home/airflow/.local/lib/python3.12/site-packages/airflow/example_dags/example_bash_operator.py
[2026-04-25T08:50:16.376+0000] {logging_mixin.py:188} INFO - [2026-04-25T08:50:16.376+0000] {dag.py:3096} INFO - Sync 1 DAGs
[2026-04-25T08:50:16.397+0000] {logging_mixin.py:188} INFO - [2026-04-25T08:50:16.396+0000] {dag.py:3954} INFO - Setting next_dagrun for example_bash_operator to 2026-04-24 00:00:00+00:00, run_after=2026-04-25 00:00:00+00:00
[2026-04-25T08:50:16.412+0000] {processor.py:183} INFO - Processing /home/airflow/.local/lib/python3.12/site-packages/airflow/example_dags/example_bash_operator.py took 0.078 seconds
[2026-04-25T08:50:46.729+0000] {processor.py:161} INFO - Started process (PID=2101) to work on /home/airflow/.local/lib/python3.12/site-packages/airflow/example_dags/example_bash_operator.py
[2026-04-25T08:50:46.729+0000] {processor.py:830} INFO - Processing file /home/airflow/.local/lib/python3.12/site-packages/airflow/example_dags/example_bash_operator.py for tasks to queue
[2026-04-25T08:50:46.731+0000] {logging_mixin.py:188} INFO - [2026-04-25T08:50:46.731+0000] {dagbag.py:545} INFO - Filling up the DagBag from /home/airflow/.local/lib/python3.12/site-packages/airflow/example_dags/example_bash_operator.py
[2026-04-25T08:50:46.741+0000] {processor.py:840} INFO - DAG(s) 'example_bash_operator' retrieved from /home/airflow/.local/lib/python3.12/site-packages/airflow/example_dags/example_bash_operator.py
[2026-04-25T08:50:46.772+0000] {logging_mixin.py:188} INFO - [2026-04-25T08:50:46.772+0000] {dag.py:3096} INFO - Sync 1 DAGs
[2026-04-25T08:50:46.794+0000] {logging_mixin.py:188} INFO - [2026-04-25T08:50:46.794+0000] {dag.py:3954} INFO - Setting next_dagrun for example_bash_operator to 2026-04-24 00:00:00+00:00, run_after=2026-04-25 00:00:00+00:00
[2026-04-25T08:50:46.809+0000] {processor.py:183} INFO - Processing /home/airflow/.local/lib/python3.12/site-packages/airflow/example_dags/example_bash_operator.py took 0.085 seconds
[2026-04-25T08:51:17.467+0000] {processor.py:161} INFO - Started process (PID=2159) to work on /home/airflow/.local/lib/python3.12/site-packages/airflow/example_dags/example_bash_operator.py
[2026-04-25T08:51:17.468+0000] {processor.py:830} INFO - Processing file /home/airflow/.local/lib/python3.12/site-packages/airflow/example_dags/example_bash_operator.py for tasks to queue
[2026-04-25T08:51:17.469+0000] {logging_mixin.py:188} INFO - [2026-04-25T08:51:17.469+0000] {dagbag.py:545} INFO - Filling up the DagBag from /home/airflow/.local/lib/python3.12/site-packages/airflow/example_dags/example_bash_operator.py
[2026-04-25T08:51:17.478+0000] {processor.py:840} INFO - DAG(s) 'example_bash_operator' retrieved from /home/airflow/.local/lib/python3.12/site-packages/airflow/example_dags/example_bash_operator.py
[2026-04-25T08:51:17.501+0000] {logging_mixin.py:188} INFO - [2026-04-25T08:51:17.501+0000] {dag.py:3096} INFO - Sync 1 DAGs
[2026-04-25T08:51:17.520+0000] {logging_mixin.py:188} INFO - [2026-04-25T08:51:17.520+0000] {dag.py:3954} INFO - Setting next_dagrun for example_bash_operator to 2026-04-24 00:00:00+00:00, run_after=2026-04-25 00:00:00+00:00
[2026-04-25T08:51:17.534+0000] {processor.py:183} INFO - Processing /home/airflow/.local/lib/python3.12/site-packages/airflow/example_dags/example_bash_operator.py took 0.072 seconds
[2026-04-25T08:51:47.604+0000] {processor.py:161} INFO - Started process (PID=2217) to work on /home/airflow/.local/lib/python3.12/site-packages/airflow/example_dags/example_bash_operator.py
[2026-04-25T08:51:47.605+0000] {processor.py:830} INFO - Processing file /home/airflow/.local/lib/python3.12/site-packages/airflow/example_dags/example_bash_operator.py for tasks to queue
[2026-04-25T08:51:47.606+0000] {logging_mixin.py:188} INFO - [2026-04-25T08:51:47.606+0000] {dagbag.py:545} INFO - Filling up the DagBag from /home/airflow/.local/lib/python3.12/site-packages/airflow/example_dags/example_bash_operator.py
[2026-04-25T08:51:47.616+0000] {processor.py:840} INFO - DAG(s) 'example_bash_operator' retrieved from /home/airflow/.local/lib/python3.12/site-packages/airflow/example_dags/example_bash_operator.py
[2026-04-25T08:51:47.639+0000] {logging_mixin.py:188} INFO - [2026-04-25T08:51:47.639+0000] {dag.py:3096} INFO - Sync 1 DAGs
[2026-04-25T08:51:47.659+0000] {logging_mixin.py:188} INFO - [2026-04-25T08:51:47.659+0000] {dag.py:3954} INFO - Setting next_dagrun for example_bash_operator to 2026-04-24 00:00:00+00:00, run_after=2026-04-25 00:00:00+00:00
[2026-04-25T08:51:47.673+0000] {processor.py:183} INFO - Processing /home/airflow/.local/lib/python3.12/site-packages/airflow/example_dags/example_bash_operator.py took 0.074 seconds
[2026-04-25T08:52:18.269+0000] {processor.py:161} INFO - Started process (PID=2275) to work on /home/airflow/.local/lib/python3.12/site-packages/airflow/example_dags/example_bash_operator.py
[2026-04-25T08:52:18.270+0000] {processor.py:830} INFO - Processing file /home/airflow/.local/lib/python3.12/site-packages/airflow/example_dags/example_bash_operator.py for tasks to queue
[2026-04-25T08:52:18.271+0000] {logging_mixin.py:188} INFO - [2026-04-25T08:52:18.271+0000] {dagbag.py:545} INFO - Filling up the DagBag from /home/airflow/.local/lib/python3.12/site-packages/airflow/example_dags/example_bash_operator.py
[2026-04-25T08:52:18.281+0000] {processor.py:840} INFO - DAG(s) 'example_bash_operator' retrieved from /home/airflow/.local/lib/python3.12/site-packages/airflow/example_dags/example_bash_operator.py
[2026-04-25T08:52:18.305+0000] {logging_mixin.py:188} INFO - [2026-04-25T08:52:18.304+0000] {dag.py:3096} INFO - Sync 1 DAGs
[2026-04-25T08:52:18.323+0000] {logging_mixin.py:188} INFO - [2026-04-25T08:52:18.323+0000] {dag.py:3954} INFO - Setting next_dagrun for example_bash_operator to 2026-04-24 00:00:00+00:00, run_after=2026-04-25 00:00:00+00:00
[2026-04-25T08:52:18.338+0000] {processor.py:183} INFO - Processing /home/airflow/.local/lib/python3.12/site-packages/airflow/example_dags/example_bash_operator.py took 0.073 seconds
[2026-04-25T08:52:48.941+0000] {processor.py:161} INFO - Started process (PID=2333) to work on /home/airflow/.local/lib/python3.12/site-packages/airflow/example_dags/example_bash_operator.py
[2026-04-25T08:52:48.942+0000] {processor.py:830} INFO - Processing file /home/airflow/.local/lib/python3.12/site-packages/airflow/example_dags/example_bash_operator.py for tasks to queue
[2026-04-25T08:52:48.943+0000] {logging_mixin.py:188} INFO - [2026-04-25T08:52:48.943+0000] {dagbag.py:545} INFO - Filling up the DagBag from /home/airflow/.local/lib/python3.12/site-packages/airflow/example_dags/example_bash_operator.py
[2026-04-25T08:52:48.953+0000] {processor.py:840} INFO - DAG(s) 'example_bash_operator' retrieved from /home/airflow/.local/lib/python3.12/site-packages/airflow/example_dags/example_bash_operator.py
[2026-04-25T08:52:48.976+0000] {logging_mixin.py:188} INFO - [2026-04-25T08:52:48.976+0000] {dag.py:3096} INFO - Sync 1 DAGs
[2026-04-25T08:52:48.997+0000] {logging_mixin.py:188} INFO - [2026-04-25T08:52:48.997+0000] {dag.py:3954} INFO - Setting next_dagrun for example_bash_operator to 2026-04-24 00:00:00+00:00, run_after=2026-04-25 00:00:00+00:00
[2026-04-25T08:52:49.018+0000] {processor.py:183} INFO - Processing /home/airflow/.local/lib/python3.12/site-packages/airflow/example_dags/example_bash_operator.py took 0.081 seconds
[2026-04-25T08:53:19.429+0000] {processor.py:161} INFO - Started process (PID=2391) to work on /home/airflow/.local/lib/python3.12/site-packages/airflow/example_dags/example_bash_operator.py
[2026-04-25T08:53:19.430+0000] {processor.py:830} INFO - Processing file /home/airflow/.local/lib/python3.12/site-packages/airflow/example_dags/example_bash_operator.py for tasks to queue
[2026-04-25T08:53:19.431+0000] {logging_mixin.py:188} INFO - [2026-04-25T08:53:19.431+0000] {dagbag.py:545} INFO - Filling up the DagBag from /home/airflow/.local/lib/python3.12/site-packages/airflow/example_dags/example_bash_operator.py
[2026-04-25T08:53:19.441+0000] {processor.py:840} INFO - DAG(s) 'example_bash_operator' retrieved from /home/airflow/.local/lib/python3.12/site-packages/airflow/example_dags/example_bash_operator.py
[2026-04-25T08:53:19.472+0000] {logging_mixin.py:188} INFO - [2026-04-25T08:53:19.472+0000] {dag.py:3096} INFO - Sync 1 DAGs
[2026-04-25T08:53:19.499+0000] {logging_mixin.py:188} INFO - [2026-04-25T08:53:19.498+0000] {dag.py:3954} INFO - Setting next_dagrun for example_bash_operator to 2026-04-24 00:00:00+00:00, run_after=2026-04-25 00:00:00+00:00
[2026-04-25T08:53:19.513+0000] {processor.py:183} INFO - Processing /home/airflow/.local/lib/python3.12/site-packages/airflow/example_dags/example_bash_operator.py took 0.089 seconds
[2026-04-25T08:53:49.975+0000] {processor.py:161} INFO - Started process (PID=2449) to work on /home/airflow/.local/lib/python3.12/site-packages/airflow/example_dags/example_bash_operator.py
[2026-04-25T08:53:49.976+0000] {processor.py:830} INFO - Processing file /home/airflow/.local/lib/python3.12/site-packages/airflow/example_dags/example_bash_operator.py for tasks to queue
[2026-04-25T08:53:49.977+0000] {logging_mixin.py:188} INFO - [2026-04-25T08:53:49.977+0000] {dagbag.py:545} INFO - Filling up the DagBag from /home/airflow/.local/lib/python3.12/site-packages/airflow/example_dags/example_bash_operator.py
[2026-04-25T08:53:49.987+0000] {processor.py:840} INFO - DAG(s) 'example_bash_operator' retrieved from /home/airflow/.local/lib/python3.12/site-packages/airflow/example_dags/example_bash_operator.py
[2026-04-25T08:53:50.010+0000] {logging_mixin.py:188} INFO - [2026-04-25T08:53:50.010+0000] {dag.py:3096} INFO - Sync 1 DAGs
[2026-04-25T08:53:50.029+0000] {logging_mixin.py:188} INFO - [2026-04-25T08:53:50.029+0000] {dag.py:3954} INFO - Setting next_dagrun for example_bash_operator to 2026-04-24 00:00:00+00:00, run_after=2026-04-25 00:00:00+00:00
[2026-04-25T08:53:50.043+0000] {processor.py:183} INFO - Processing /home/airflow/.local/lib/python3.12/site-packages/airflow/example_dags/example_bash_operator.py took 0.073 seconds
[2026-04-25T08:54:20.339+0000] {processor.py:161} INFO - Started process (PID=2506) to work on /home/airflow/.local/lib/python3.12/site-packages/airflow/example_dags/example_bash_operator.py
[2026-04-25T08:54:20.340+0000] {processor.py:830} INFO - Processing file /home/airflow/.local/lib/python3.12/site-packages/airflow/example_dags/example_bash_operator.py for tasks to queue
[2026-04-25T08:54:20.341+0000] {logging_mixin.py:188} INFO - [2026-04-25T08:54:20.341+0000] {dagbag.py:545} INFO - Filling up the DagBag from /home/airflow/.local/lib/python3.12/site-packages/airflow/example_dags/example_bash_operator.py
[2026-04-25T08:54:20.351+0000] {processor.py:840} INFO - DAG(s) 'example_bash_operator' retrieved from /home/airflow/.local/lib/python3.12/site-packages/airflow/example_dags/example_bash_operator.py
[2026-04-25T08:54:20.383+0000] {logging_mixin.py:188} INFO - [2026-04-25T08:54:20.383+0000] {dag.py:3096} INFO - Sync 1 DAGs
[2026-04-25T08:54:20.411+0000] {logging_mixin.py:188} INFO - [2026-04-25T08:54:20.411+0000] {dag.py:3954} INFO - Setting next_dagrun for example_bash_operator to 2026-04-24 00:00:00+00:00, run_after=2026-04-25 00:00:00+00:00
[2026-04-25T08:54:20.434+0000] {processor.py:183} INFO - Processing /home/airflow/.local/lib/python3.12/site-packages/airflow/example_dags/example_bash_operator.py took 0.099 seconds
[2026-04-25T08:54:50.952+0000] {processor.py:161} INFO - Started process (PID=2564) to work on /home/airflow/.local/lib/python3.12/site-packages/airflow/example_dags/example_bash_operator.py
[2026-04-25T08:54:50.953+0000] {processor.py:830} INFO - Processing file /home/airflow/.local/lib/python3.12/site-packages/airflow/example_dags/example_bash_operator.py for tasks to queue
[2026-04-25T08:54:50.954+0000] {logging_mixin.py:188} INFO - [2026-04-25T08:54:50.954+0000] {dagbag.py:545} INFO - Filling up the DagBag from /home/airflow/.local/lib/python3.12/site-packages/airflow/example_dags/example_bash_operator.py
[2026-04-25T08:54:50.965+0000] {processor.py:840} INFO - DAG(s) 'example_bash_operator' retrieved from /home/airflow/.local/lib/python3.12/site-packages/airflow/example_dags/example_bash_operator.py
[2026-04-25T08:54:50.989+0000] {logging_mixin.py:188} INFO - [2026-04-25T08:54:50.988+0000] {dag.py:3096} INFO - Sync 1 DAGs
[2026-04-25T08:54:51.008+0000] {logging_mixin.py:188} INFO - [2026-04-25T08:54:51.008+0000] {dag.py:3954} INFO - Setting next_dagrun for example_bash_operator to 2026-04-24 00:00:00+00:00, run_after=2026-04-25 00:00:00+00:00
[2026-04-25T08:54:51.022+0000] {processor.py:183} INFO - Processing /home/airflow/.local/lib/python3.12/site-packages/airflow/example_dags/example_bash_operator.py took 0.075 seconds
[2026-04-25T08:55:21.367+0000] {processor.py:161} INFO - Started process (PID=2622) to work on /home/airflow/.local/lib/python3.12/site-packages/airflow/example_dags/example_bash_operator.py
[2026-04-25T08:55:21.367+0000] {processor.py:830} INFO - Processing file /home/airflow/.local/lib/python3.12/site-packages/airflow/example_dags/example_bash_operator.py for tasks to queue
[2026-04-25T08:55:21.369+0000] {logging_mixin.py:188} INFO - [2026-04-25T08:55:21.368+0000] {dagbag.py:545} INFO - Filling up the DagBag from /home/airflow/.local/lib/python3.12/site-packages/airflow/example_dags/example_bash_operator.py
[2026-04-25T08:55:21.380+0000] {processor.py:840} INFO - DAG(s) 'example_bash_operator' retrieved from /home/airflow/.local/lib/python3.12/site-packages/airflow/example_dags/example_bash_operator.py
[2026-04-25T08:55:21.406+0000] {logging_mixin.py:188} INFO - [2026-04-25T08:55:21.406+0000] {dag.py:3096} INFO - Sync 1 DAGs
[2026-04-25T08:55:21.432+0000] {logging_mixin.py:188} INFO - [2026-04-25T08:55:21.432+0000] {dag.py:3954} INFO - Setting next_dagrun for example_bash_operator to 2026-04-24 00:00:00+00:00, run_after=2026-04-25 00:00:00+00:00
[2026-04-25T08:55:21.448+0000] {processor.py:183} INFO - Processing /home/airflow/.local/lib/python3.12/site-packages/airflow/example_dags/example_bash_operator.py took 0.086 seconds
