[2026-04-25T08:33:03.869+0000] {processor.py:161} INFO - Started process (PID=82) to work on /home/airflow/.local/lib/python3.12/site-packages/airflow/example_dags/example_kubernetes_executor.py
[2026-04-25T08:33:03.869+0000] {processor.py:830} INFO - Processing file /home/airflow/.local/lib/python3.12/site-packages/airflow/example_dags/example_kubernetes_executor.py for tasks to queue
[2026-04-25T08:33:03.871+0000] {logging_mixin.py:188} INFO - [2026-04-25T08:33:03.871+0000] {dagbag.py:545} INFO - Filling up the DagBag from /home/airflow/.local/lib/python3.12/site-packages/airflow/example_dags/example_kubernetes_executor.py
[2026-04-25T08:33:03.890+0000] {processor.py:840} INFO - DAG(s) 'example_kubernetes_executor' retrieved from /home/airflow/.local/lib/python3.12/site-packages/airflow/example_dags/example_kubernetes_executor.py
[2026-04-25T08:33:04.137+0000] {logging_mixin.py:188} INFO - [2026-04-25T08:33:04.136+0000] {dag.py:3096} INFO - Sync 1 DAGs
[2026-04-25T08:33:04.150+0000] {logging_mixin.py:188} INFO - [2026-04-25T08:33:04.149+0000] {dag.py:3954} INFO - Setting next_dagrun for example_kubernetes_executor to None, run_after=None
[2026-04-25T08:33:04.172+0000] {processor.py:183} INFO - Processing /home/airflow/.local/lib/python3.12/site-packages/airflow/example_dags/example_kubernetes_executor.py took 0.334 seconds
[2026-04-25T08:33:34.263+0000] {processor.py:161} INFO - Started process (PID=140) to work on /home/airflow/.local/lib/python3.12/site-packages/airflow/example_dags/example_kubernetes_executor.py
[2026-04-25T08:33:34.263+0000] {processor.py:830} INFO - Processing file /home/airflow/.local/lib/python3.12/site-packages/airflow/example_dags/example_kubernetes_executor.py for tasks to queue
[2026-04-25T08:33:34.265+0000] {logging_mixin.py:188} INFO - [2026-04-25T08:33:34.264+0000] {dagbag.py:545} INFO - Filling up the DagBag from /home/airflow/.local/lib/python3.12/site-packages/airflow/example_dags/example_kubernetes_executor.py
[2026-04-25T08:33:34.274+0000] {processor.py:840} INFO - DAG(s) 'example_kubernetes_executor' retrieved from /home/airflow/.local/lib/python3.12/site-packages/airflow/example_dags/example_kubernetes_executor.py
[2026-04-25T08:33:34.305+0000] {logging_mixin.py:188} INFO - [2026-04-25T08:33:34.305+0000] {dag.py:3096} INFO - Sync 1 DAGs
[2026-04-25T08:33:34.320+0000] {logging_mixin.py:188} INFO - [2026-04-25T08:33:34.320+0000] {dag.py:3954} INFO - Setting next_dagrun for example_kubernetes_executor to None, run_after=None
[2026-04-25T08:33:34.334+0000] {processor.py:183} INFO - Processing /home/airflow/.local/lib/python3.12/site-packages/airflow/example_dags/example_kubernetes_executor.py took 0.076 seconds
[2026-04-25T08:34:04.442+0000] {processor.py:161} INFO - Started process (PID=198) to work on /home/airflow/.local/lib/python3.12/site-packages/airflow/example_dags/example_kubernetes_executor.py
[2026-04-25T08:34:04.442+0000] {processor.py:830} INFO - Processing file /home/airflow/.local/lib/python3.12/site-packages/airflow/example_dags/example_kubernetes_executor.py for tasks to queue
[2026-04-25T08:34:04.444+0000] {logging_mixin.py:188} INFO - [2026-04-25T08:34:04.444+0000] {dagbag.py:545} INFO - Filling up the DagBag from /home/airflow/.local/lib/python3.12/site-packages/airflow/example_dags/example_kubernetes_executor.py
[2026-04-25T08:34:04.455+0000] {processor.py:840} INFO - DAG(s) 'example_kubernetes_executor' retrieved from /home/airflow/.local/lib/python3.12/site-packages/airflow/example_dags/example_kubernetes_executor.py
[2026-04-25T08:34:04.484+0000] {logging_mixin.py:188} INFO - [2026-04-25T08:34:04.484+0000] {dag.py:3096} INFO - Sync 1 DAGs
[2026-04-25T08:34:04.494+0000] {logging_mixin.py:188} INFO - [2026-04-25T08:34:04.494+0000] {dag.py:3954} INFO - Setting next_dagrun for example_kubernetes_executor to None, run_after=None
[2026-04-25T08:34:04.509+0000] {processor.py:183} INFO - Processing /home/airflow/.local/lib/python3.12/site-packages/airflow/example_dags/example_kubernetes_executor.py took 0.074 seconds
[2026-04-25T08:34:34.588+0000] {processor.py:161} INFO - Started process (PID=256) to work on /home/airflow/.local/lib/python3.12/site-packages/airflow/example_dags/example_kubernetes_executor.py
[2026-04-25T08:34:34.588+0000] {processor.py:830} INFO - Processing file /home/airflow/.local/lib/python3.12/site-packages/airflow/example_dags/example_kubernetes_executor.py for tasks to queue
[2026-04-25T08:34:34.590+0000] {logging_mixin.py:188} INFO - [2026-04-25T08:34:34.589+0000] {dagbag.py:545} INFO - Filling up the DagBag from /home/airflow/.local/lib/python3.12/site-packages/airflow/example_dags/example_kubernetes_executor.py
[2026-04-25T08:34:34.599+0000] {processor.py:840} INFO - DAG(s) 'example_kubernetes_executor' retrieved from /home/airflow/.local/lib/python3.12/site-packages/airflow/example_dags/example_kubernetes_executor.py
[2026-04-25T08:34:34.630+0000] {logging_mixin.py:188} INFO - [2026-04-25T08:34:34.629+0000] {dag.py:3096} INFO - Sync 1 DAGs
[2026-04-25T08:34:34.640+0000] {logging_mixin.py:188} INFO - [2026-04-25T08:34:34.640+0000] {dag.py:3954} INFO - Setting next_dagrun for example_kubernetes_executor to None, run_after=None
[2026-04-25T08:34:34.655+0000] {processor.py:183} INFO - Processing /home/airflow/.local/lib/python3.12/site-packages/airflow/example_dags/example_kubernetes_executor.py took 0.072 seconds
[2026-04-25T08:35:05.293+0000] {processor.py:161} INFO - Started process (PID=314) to work on /home/airflow/.local/lib/python3.12/site-packages/airflow/example_dags/example_kubernetes_executor.py
[2026-04-25T08:35:05.296+0000] {processor.py:830} INFO - Processing file /home/airflow/.local/lib/python3.12/site-packages/airflow/example_dags/example_kubernetes_executor.py for tasks to queue
[2026-04-25T08:35:05.298+0000] {logging_mixin.py:188} INFO - [2026-04-25T08:35:05.297+0000] {dagbag.py:545} INFO - Filling up the DagBag from /home/airflow/.local/lib/python3.12/site-packages/airflow/example_dags/example_kubernetes_executor.py
[2026-04-25T08:35:05.318+0000] {processor.py:840} INFO - DAG(s) 'example_kubernetes_executor' retrieved from /home/airflow/.local/lib/python3.12/site-packages/airflow/example_dags/example_kubernetes_executor.py
[2026-04-25T08:35:05.376+0000] {logging_mixin.py:188} INFO - [2026-04-25T08:35:05.375+0000] {dag.py:3096} INFO - Sync 1 DAGs
[2026-04-25T08:35:05.399+0000] {logging_mixin.py:188} INFO - [2026-04-25T08:35:05.399+0000] {dag.py:3954} INFO - Setting next_dagrun for example_kubernetes_executor to None, run_after=None
[2026-04-25T08:35:05.420+0000] {processor.py:183} INFO - Processing /home/airflow/.local/lib/python3.12/site-packages/airflow/example_dags/example_kubernetes_executor.py took 0.142 seconds
[2026-04-25T08:35:35.467+0000] {processor.py:161} INFO - Started process (PID=372) to work on /home/airflow/.local/lib/python3.12/site-packages/airflow/example_dags/example_kubernetes_executor.py
[2026-04-25T08:35:35.467+0000] {processor.py:830} INFO - Processing file /home/airflow/.local/lib/python3.12/site-packages/airflow/example_dags/example_kubernetes_executor.py for tasks to queue
[2026-04-25T08:35:35.468+0000] {logging_mixin.py:188} INFO - [2026-04-25T08:35:35.468+0000] {dagbag.py:545} INFO - Filling up the DagBag from /home/airflow/.local/lib/python3.12/site-packages/airflow/example_dags/example_kubernetes_executor.py
[2026-04-25T08:35:35.482+0000] {processor.py:840} INFO - DAG(s) 'example_kubernetes_executor' retrieved from /home/airflow/.local/lib/python3.12/site-packages/airflow/example_dags/example_kubernetes_executor.py
[2026-04-25T08:35:35.518+0000] {logging_mixin.py:188} INFO - [2026-04-25T08:35:35.517+0000] {dag.py:3096} INFO - Sync 1 DAGs
[2026-04-25T08:35:35.529+0000] {logging_mixin.py:188} INFO - [2026-04-25T08:35:35.529+0000] {dag.py:3954} INFO - Setting next_dagrun for example_kubernetes_executor to None, run_after=None
[2026-04-25T08:35:35.544+0000] {processor.py:183} INFO - Processing /home/airflow/.local/lib/python3.12/site-packages/airflow/example_dags/example_kubernetes_executor.py took 0.082 seconds
[2026-04-25T08:36:05.597+0000] {processor.py:161} INFO - Started process (PID=430) to work on /home/airflow/.local/lib/python3.12/site-packages/airflow/example_dags/example_kubernetes_executor.py
[2026-04-25T08:36:05.598+0000] {processor.py:830} INFO - Processing file /home/airflow/.local/lib/python3.12/site-packages/airflow/example_dags/example_kubernetes_executor.py for tasks to queue
[2026-04-25T08:36:05.599+0000] {logging_mixin.py:188} INFO - [2026-04-25T08:36:05.599+0000] {dagbag.py:545} INFO - Filling up the DagBag from /home/airflow/.local/lib/python3.12/site-packages/airflow/example_dags/example_kubernetes_executor.py
[2026-04-25T08:36:05.609+0000] {processor.py:840} INFO - DAG(s) 'example_kubernetes_executor' retrieved from /home/airflow/.local/lib/python3.12/site-packages/airflow/example_dags/example_kubernetes_executor.py
[2026-04-25T08:36:05.640+0000] {logging_mixin.py:188} INFO - [2026-04-25T08:36:05.640+0000] {dag.py:3096} INFO - Sync 1 DAGs
[2026-04-25T08:36:05.655+0000] {logging_mixin.py:188} INFO - [2026-04-25T08:36:05.655+0000] {dag.py:3954} INFO - Setting next_dagrun for example_kubernetes_executor to None, run_after=None
[2026-04-25T08:36:05.673+0000] {processor.py:183} INFO - Processing /home/airflow/.local/lib/python3.12/site-packages/airflow/example_dags/example_kubernetes_executor.py took 0.080 seconds
[2026-04-25T08:36:36.128+0000] {processor.py:161} INFO - Started process (PID=488) to work on /home/airflow/.local/lib/python3.12/site-packages/airflow/example_dags/example_kubernetes_executor.py
[2026-04-25T08:36:36.129+0000] {processor.py:830} INFO - Processing file /home/airflow/.local/lib/python3.12/site-packages/airflow/example_dags/example_kubernetes_executor.py for tasks to queue
[2026-04-25T08:36:36.130+0000] {logging_mixin.py:188} INFO - [2026-04-25T08:36:36.130+0000] {dagbag.py:545} INFO - Filling up the DagBag from /home/airflow/.local/lib/python3.12/site-packages/airflow/example_dags/example_kubernetes_executor.py
[2026-04-25T08:36:36.141+0000] {processor.py:840} INFO - DAG(s) 'example_kubernetes_executor' retrieved from /home/airflow/.local/lib/python3.12/site-packages/airflow/example_dags/example_kubernetes_executor.py
[2026-04-25T08:36:36.172+0000] {logging_mixin.py:188} INFO - [2026-04-25T08:36:36.171+0000] {dag.py:3096} INFO - Sync 1 DAGs
[2026-04-25T08:36:36.183+0000] {logging_mixin.py:188} INFO - [2026-04-25T08:36:36.182+0000] {dag.py:3954} INFO - Setting next_dagrun for example_kubernetes_executor to None, run_after=None
[2026-04-25T08:36:36.196+0000] {processor.py:183} INFO - Processing /home/airflow/.local/lib/python3.12/site-packages/airflow/example_dags/example_kubernetes_executor.py took 0.075 seconds
[2026-04-25T08:37:06.382+0000] {processor.py:161} INFO - Started process (PID=546) to work on /home/airflow/.local/lib/python3.12/site-packages/airflow/example_dags/example_kubernetes_executor.py
[2026-04-25T08:37:06.382+0000] {processor.py:830} INFO - Processing file /home/airflow/.local/lib/python3.12/site-packages/airflow/example_dags/example_kubernetes_executor.py for tasks to queue
[2026-04-25T08:37:06.384+0000] {logging_mixin.py:188} INFO - [2026-04-25T08:37:06.383+0000] {dagbag.py:545} INFO - Filling up the DagBag from /home/airflow/.local/lib/python3.12/site-packages/airflow/example_dags/example_kubernetes_executor.py
[2026-04-25T08:37:06.395+0000] {processor.py:840} INFO - DAG(s) 'example_kubernetes_executor' retrieved from /home/airflow/.local/lib/python3.12/site-packages/airflow/example_dags/example_kubernetes_executor.py
[2026-04-25T08:37:06.435+0000] {logging_mixin.py:188} INFO - [2026-04-25T08:37:06.435+0000] {dag.py:3096} INFO - Sync 1 DAGs
[2026-04-25T08:37:06.446+0000] {logging_mixin.py:188} INFO - [2026-04-25T08:37:06.446+0000] {dag.py:3954} INFO - Setting next_dagrun for example_kubernetes_executor to None, run_after=None
[2026-04-25T08:37:06.461+0000] {processor.py:183} INFO - Processing /home/airflow/.local/lib/python3.12/site-packages/airflow/example_dags/example_kubernetes_executor.py took 0.084 seconds
[2026-04-25T08:37:36.773+0000] {processor.py:161} INFO - Started process (PID=604) to work on /home/airflow/.local/lib/python3.12/site-packages/airflow/example_dags/example_kubernetes_executor.py
[2026-04-25T08:37:36.774+0000] {processor.py:830} INFO - Processing file /home/airflow/.local/lib/python3.12/site-packages/airflow/example_dags/example_kubernetes_executor.py for tasks to queue
[2026-04-25T08:37:36.775+0000] {logging_mixin.py:188} INFO - [2026-04-25T08:37:36.775+0000] {dagbag.py:545} INFO - Filling up the DagBag from /home/airflow/.local/lib/python3.12/site-packages/airflow/example_dags/example_kubernetes_executor.py
[2026-04-25T08:37:36.786+0000] {processor.py:840} INFO - DAG(s) 'example_kubernetes_executor' retrieved from /home/airflow/.local/lib/python3.12/site-packages/airflow/example_dags/example_kubernetes_executor.py
[2026-04-25T08:37:36.829+0000] {logging_mixin.py:188} INFO - [2026-04-25T08:37:36.829+0000] {dag.py:3096} INFO - Sync 1 DAGs
[2026-04-25T08:37:36.841+0000] {logging_mixin.py:188} INFO - [2026-04-25T08:37:36.841+0000] {dag.py:3954} INFO - Setting next_dagrun for example_kubernetes_executor to None, run_after=None
[2026-04-25T08:37:36.855+0000] {processor.py:183} INFO - Processing /home/airflow/.local/lib/python3.12/site-packages/airflow/example_dags/example_kubernetes_executor.py took 0.086 seconds
[2026-04-25T08:38:07.218+0000] {processor.py:161} INFO - Started process (PID=662) to work on /home/airflow/.local/lib/python3.12/site-packages/airflow/example_dags/example_kubernetes_executor.py
[2026-04-25T08:38:07.218+0000] {processor.py:830} INFO - Processing file /home/airflow/.local/lib/python3.12/site-packages/airflow/example_dags/example_kubernetes_executor.py for tasks to queue
[2026-04-25T08:38:07.220+0000] {logging_mixin.py:188} INFO - [2026-04-25T08:38:07.220+0000] {dagbag.py:545} INFO - Filling up the DagBag from /home/airflow/.local/lib/python3.12/site-packages/airflow/example_dags/example_kubernetes_executor.py
[2026-04-25T08:38:07.232+0000] {processor.py:840} INFO - DAG(s) 'example_kubernetes_executor' retrieved from /home/airflow/.local/lib/python3.12/site-packages/airflow/example_dags/example_kubernetes_executor.py
[2026-04-25T08:38:07.274+0000] {logging_mixin.py:188} INFO - [2026-04-25T08:38:07.273+0000] {dag.py:3096} INFO - Sync 1 DAGs
[2026-04-25T08:38:07.286+0000] {logging_mixin.py:188} INFO - [2026-04-25T08:38:07.286+0000] {dag.py:3954} INFO - Setting next_dagrun for example_kubernetes_executor to None, run_after=None
[2026-04-25T08:38:07.300+0000] {processor.py:183} INFO - Processing /home/airflow/.local/lib/python3.12/site-packages/airflow/example_dags/example_kubernetes_executor.py took 0.088 seconds
[2026-04-25T08:38:37.467+0000] {processor.py:161} INFO - Started process (PID=720) to work on /home/airflow/.local/lib/python3.12/site-packages/airflow/example_dags/example_kubernetes_executor.py
[2026-04-25T08:38:37.468+0000] {processor.py:830} INFO - Processing file /home/airflow/.local/lib/python3.12/site-packages/airflow/example_dags/example_kubernetes_executor.py for tasks to queue
[2026-04-25T08:38:37.469+0000] {logging_mixin.py:188} INFO - [2026-04-25T08:38:37.469+0000] {dagbag.py:545} INFO - Filling up the DagBag from /home/airflow/.local/lib/python3.12/site-packages/airflow/example_dags/example_kubernetes_executor.py
[2026-04-25T08:38:37.480+0000] {processor.py:840} INFO - DAG(s) 'example_kubernetes_executor' retrieved from /home/airflow/.local/lib/python3.12/site-packages/airflow/example_dags/example_kubernetes_executor.py
[2026-04-25T08:38:37.520+0000] {logging_mixin.py:188} INFO - [2026-04-25T08:38:37.520+0000] {dag.py:3096} INFO - Sync 1 DAGs
[2026-04-25T08:38:37.534+0000] {logging_mixin.py:188} INFO - [2026-04-25T08:38:37.534+0000] {dag.py:3954} INFO - Setting next_dagrun for example_kubernetes_executor to None, run_after=None
[2026-04-25T08:38:37.552+0000] {processor.py:183} INFO - Processing /home/airflow/.local/lib/python3.12/site-packages/airflow/example_dags/example_kubernetes_executor.py took 0.089 seconds
[2026-04-25T08:39:07.917+0000] {processor.py:161} INFO - Started process (PID=778) to work on /home/airflow/.local/lib/python3.12/site-packages/airflow/example_dags/example_kubernetes_executor.py
[2026-04-25T08:39:07.917+0000] {processor.py:830} INFO - Processing file /home/airflow/.local/lib/python3.12/site-packages/airflow/example_dags/example_kubernetes_executor.py for tasks to queue
[2026-04-25T08:39:07.919+0000] {logging_mixin.py:188} INFO - [2026-04-25T08:39:07.919+0000] {dagbag.py:545} INFO - Filling up the DagBag from /home/airflow/.local/lib/python3.12/site-packages/airflow/example_dags/example_kubernetes_executor.py
[2026-04-25T08:39:07.934+0000] {processor.py:840} INFO - DAG(s) 'example_kubernetes_executor' retrieved from /home/airflow/.local/lib/python3.12/site-packages/airflow/example_dags/example_kubernetes_executor.py
[2026-04-25T08:39:07.983+0000] {logging_mixin.py:188} INFO - [2026-04-25T08:39:07.983+0000] {dag.py:3096} INFO - Sync 1 DAGs
[2026-04-25T08:39:07.999+0000] {logging_mixin.py:188} INFO - [2026-04-25T08:39:07.999+0000] {dag.py:3954} INFO - Setting next_dagrun for example_kubernetes_executor to None, run_after=None
[2026-04-25T08:39:08.017+0000] {processor.py:183} INFO - Processing /home/airflow/.local/lib/python3.12/site-packages/airflow/example_dags/example_kubernetes_executor.py took 0.105 seconds
[2026-04-25T08:39:38.217+0000] {processor.py:161} INFO - Started process (PID=836) to work on /home/airflow/.local/lib/python3.12/site-packages/airflow/example_dags/example_kubernetes_executor.py
[2026-04-25T08:39:38.217+0000] {processor.py:830} INFO - Processing file /home/airflow/.local/lib/python3.12/site-packages/airflow/example_dags/example_kubernetes_executor.py for tasks to queue
[2026-04-25T08:39:38.219+0000] {logging_mixin.py:188} INFO - [2026-04-25T08:39:38.218+0000] {dagbag.py:545} INFO - Filling up the DagBag from /home/airflow/.local/lib/python3.12/site-packages/airflow/example_dags/example_kubernetes_executor.py
[2026-04-25T08:39:38.229+0000] {processor.py:840} INFO - DAG(s) 'example_kubernetes_executor' retrieved from /home/airflow/.local/lib/python3.12/site-packages/airflow/example_dags/example_kubernetes_executor.py
[2026-04-25T08:39:38.260+0000] {logging_mixin.py:188} INFO - [2026-04-25T08:39:38.260+0000] {dag.py:3096} INFO - Sync 1 DAGs
[2026-04-25T08:39:38.271+0000] {logging_mixin.py:188} INFO - [2026-04-25T08:39:38.271+0000] {dag.py:3954} INFO - Setting next_dagrun for example_kubernetes_executor to None, run_after=None
[2026-04-25T08:39:38.285+0000] {processor.py:183} INFO - Processing /home/airflow/.local/lib/python3.12/site-packages/airflow/example_dags/example_kubernetes_executor.py took 0.073 seconds
[2026-04-25T08:40:08.434+0000] {processor.py:161} INFO - Started process (PID=894) to work on /home/airflow/.local/lib/python3.12/site-packages/airflow/example_dags/example_kubernetes_executor.py
[2026-04-25T08:40:08.435+0000] {processor.py:830} INFO - Processing file /home/airflow/.local/lib/python3.12/site-packages/airflow/example_dags/example_kubernetes_executor.py for tasks to queue
[2026-04-25T08:40:08.437+0000] {logging_mixin.py:188} INFO - [2026-04-25T08:40:08.436+0000] {dagbag.py:545} INFO - Filling up the DagBag from /home/airflow/.local/lib/python3.12/site-packages/airflow/example_dags/example_kubernetes_executor.py
[2026-04-25T08:40:08.448+0000] {processor.py:840} INFO - DAG(s) 'example_kubernetes_executor' retrieved from /home/airflow/.local/lib/python3.12/site-packages/airflow/example_dags/example_kubernetes_executor.py
[2026-04-25T08:40:08.478+0000] {logging_mixin.py:188} INFO - [2026-04-25T08:40:08.478+0000] {dag.py:3096} INFO - Sync 1 DAGs
[2026-04-25T08:40:08.489+0000] {logging_mixin.py:188} INFO - [2026-04-25T08:40:08.489+0000] {dag.py:3954} INFO - Setting next_dagrun for example_kubernetes_executor to None, run_after=None
[2026-04-25T08:40:08.503+0000] {processor.py:183} INFO - Processing /home/airflow/.local/lib/python3.12/site-packages/airflow/example_dags/example_kubernetes_executor.py took 0.074 seconds
[2026-04-25T08:40:39.002+0000] {processor.py:161} INFO - Started process (PID=952) to work on /home/airflow/.local/lib/python3.12/site-packages/airflow/example_dags/example_kubernetes_executor.py
[2026-04-25T08:40:39.003+0000] {processor.py:830} INFO - Processing file /home/airflow/.local/lib/python3.12/site-packages/airflow/example_dags/example_kubernetes_executor.py for tasks to queue
[2026-04-25T08:40:39.005+0000] {logging_mixin.py:188} INFO - [2026-04-25T08:40:39.004+0000] {dagbag.py:545} INFO - Filling up the DagBag from /home/airflow/.local/lib/python3.12/site-packages/airflow/example_dags/example_kubernetes_executor.py
[2026-04-25T08:40:39.014+0000] {processor.py:840} INFO - DAG(s) 'example_kubernetes_executor' retrieved from /home/airflow/.local/lib/python3.12/site-packages/airflow/example_dags/example_kubernetes_executor.py
[2026-04-25T08:40:39.044+0000] {logging_mixin.py:188} INFO - [2026-04-25T08:40:39.044+0000] {dag.py:3096} INFO - Sync 1 DAGs
[2026-04-25T08:40:39.055+0000] {logging_mixin.py:188} INFO - [2026-04-25T08:40:39.055+0000] {dag.py:3954} INFO - Setting next_dagrun for example_kubernetes_executor to None, run_after=None
[2026-04-25T08:40:39.069+0000] {processor.py:183} INFO - Processing /home/airflow/.local/lib/python3.12/site-packages/airflow/example_dags/example_kubernetes_executor.py took 0.071 seconds
[2026-04-25T08:41:09.384+0000] {processor.py:161} INFO - Started process (PID=1010) to work on /home/airflow/.local/lib/python3.12/site-packages/airflow/example_dags/example_kubernetes_executor.py
[2026-04-25T08:41:09.384+0000] {processor.py:830} INFO - Processing file /home/airflow/.local/lib/python3.12/site-packages/airflow/example_dags/example_kubernetes_executor.py for tasks to queue
[2026-04-25T08:41:09.386+0000] {logging_mixin.py:188} INFO - [2026-04-25T08:41:09.386+0000] {dagbag.py:545} INFO - Filling up the DagBag from /home/airflow/.local/lib/python3.12/site-packages/airflow/example_dags/example_kubernetes_executor.py
[2026-04-25T08:41:09.396+0000] {processor.py:840} INFO - DAG(s) 'example_kubernetes_executor' retrieved from /home/airflow/.local/lib/python3.12/site-packages/airflow/example_dags/example_kubernetes_executor.py
[2026-04-25T08:41:09.429+0000] {logging_mixin.py:188} INFO - [2026-04-25T08:41:09.429+0000] {dag.py:3096} INFO - Sync 1 DAGs
[2026-04-25T08:41:09.441+0000] {logging_mixin.py:188} INFO - [2026-04-25T08:41:09.441+0000] {dag.py:3954} INFO - Setting next_dagrun for example_kubernetes_executor to None, run_after=None
[2026-04-25T08:41:09.455+0000] {processor.py:183} INFO - Processing /home/airflow/.local/lib/python3.12/site-packages/airflow/example_dags/example_kubernetes_executor.py took 0.075 seconds
[2026-04-25T08:41:40.276+0000] {processor.py:161} INFO - Started process (PID=1068) to work on /home/airflow/.local/lib/python3.12/site-packages/airflow/example_dags/example_kubernetes_executor.py
[2026-04-25T08:41:40.277+0000] {processor.py:830} INFO - Processing file /home/airflow/.local/lib/python3.12/site-packages/airflow/example_dags/example_kubernetes_executor.py for tasks to queue
[2026-04-25T08:41:40.279+0000] {logging_mixin.py:188} INFO - [2026-04-25T08:41:40.278+0000] {dagbag.py:545} INFO - Filling up the DagBag from /home/airflow/.local/lib/python3.12/site-packages/airflow/example_dags/example_kubernetes_executor.py
[2026-04-25T08:41:40.288+0000] {processor.py:840} INFO - DAG(s) 'example_kubernetes_executor' retrieved from /home/airflow/.local/lib/python3.12/site-packages/airflow/example_dags/example_kubernetes_executor.py
[2026-04-25T08:41:40.319+0000] {logging_mixin.py:188} INFO - [2026-04-25T08:41:40.319+0000] {dag.py:3096} INFO - Sync 1 DAGs
[2026-04-25T08:41:40.331+0000] {logging_mixin.py:188} INFO - [2026-04-25T08:41:40.330+0000] {dag.py:3954} INFO - Setting next_dagrun for example_kubernetes_executor to None, run_after=None
[2026-04-25T08:41:40.345+0000] {processor.py:183} INFO - Processing /home/airflow/.local/lib/python3.12/site-packages/airflow/example_dags/example_kubernetes_executor.py took 0.073 seconds
[2026-04-25T08:42:11.197+0000] {processor.py:161} INFO - Started process (PID=1126) to work on /home/airflow/.local/lib/python3.12/site-packages/airflow/example_dags/example_kubernetes_executor.py
[2026-04-25T08:42:11.198+0000] {processor.py:830} INFO - Processing file /home/airflow/.local/lib/python3.12/site-packages/airflow/example_dags/example_kubernetes_executor.py for tasks to queue
[2026-04-25T08:42:11.199+0000] {logging_mixin.py:188} INFO - [2026-04-25T08:42:11.199+0000] {dagbag.py:545} INFO - Filling up the DagBag from /home/airflow/.local/lib/python3.12/site-packages/airflow/example_dags/example_kubernetes_executor.py
[2026-04-25T08:42:11.208+0000] {processor.py:840} INFO - DAG(s) 'example_kubernetes_executor' retrieved from /home/airflow/.local/lib/python3.12/site-packages/airflow/example_dags/example_kubernetes_executor.py
[2026-04-25T08:42:11.238+0000] {logging_mixin.py:188} INFO - [2026-04-25T08:42:11.238+0000] {dag.py:3096} INFO - Sync 1 DAGs
[2026-04-25T08:42:11.248+0000] {logging_mixin.py:188} INFO - [2026-04-25T08:42:11.248+0000] {dag.py:3954} INFO - Setting next_dagrun for example_kubernetes_executor to None, run_after=None
[2026-04-25T08:42:11.266+0000] {processor.py:183} INFO - Processing /home/airflow/.local/lib/python3.12/site-packages/airflow/example_dags/example_kubernetes_executor.py took 0.073 seconds
[2026-04-25T08:42:41.857+0000] {processor.py:161} INFO - Started process (PID=1184) to work on /home/airflow/.local/lib/python3.12/site-packages/airflow/example_dags/example_kubernetes_executor.py
[2026-04-25T08:42:41.858+0000] {processor.py:830} INFO - Processing file /home/airflow/.local/lib/python3.12/site-packages/airflow/example_dags/example_kubernetes_executor.py for tasks to queue
[2026-04-25T08:42:41.859+0000] {logging_mixin.py:188} INFO - [2026-04-25T08:42:41.859+0000] {dagbag.py:545} INFO - Filling up the DagBag from /home/airflow/.local/lib/python3.12/site-packages/airflow/example_dags/example_kubernetes_executor.py
[2026-04-25T08:42:41.873+0000] {processor.py:840} INFO - DAG(s) 'example_kubernetes_executor' retrieved from /home/airflow/.local/lib/python3.12/site-packages/airflow/example_dags/example_kubernetes_executor.py
[2026-04-25T08:42:41.917+0000] {logging_mixin.py:188} INFO - [2026-04-25T08:42:41.916+0000] {dag.py:3096} INFO - Sync 1 DAGs
[2026-04-25T08:42:41.931+0000] {logging_mixin.py:188} INFO - [2026-04-25T08:42:41.930+0000] {dag.py:3954} INFO - Setting next_dagrun for example_kubernetes_executor to None, run_after=None
[2026-04-25T08:42:41.948+0000] {processor.py:183} INFO - Processing /home/airflow/.local/lib/python3.12/site-packages/airflow/example_dags/example_kubernetes_executor.py took 0.098 seconds
[2026-04-25T08:43:12.360+0000] {processor.py:161} INFO - Started process (PID=1242) to work on /home/airflow/.local/lib/python3.12/site-packages/airflow/example_dags/example_kubernetes_executor.py
[2026-04-25T08:43:12.361+0000] {processor.py:830} INFO - Processing file /home/airflow/.local/lib/python3.12/site-packages/airflow/example_dags/example_kubernetes_executor.py for tasks to queue
[2026-04-25T08:43:12.363+0000] {logging_mixin.py:188} INFO - [2026-04-25T08:43:12.363+0000] {dagbag.py:545} INFO - Filling up the DagBag from /home/airflow/.local/lib/python3.12/site-packages/airflow/example_dags/example_kubernetes_executor.py
[2026-04-25T08:43:12.378+0000] {processor.py:840} INFO - DAG(s) 'example_kubernetes_executor' retrieved from /home/airflow/.local/lib/python3.12/site-packages/airflow/example_dags/example_kubernetes_executor.py
[2026-04-25T08:43:12.429+0000] {logging_mixin.py:188} INFO - [2026-04-25T08:43:12.428+0000] {dag.py:3096} INFO - Sync 1 DAGs
[2026-04-25T08:43:12.445+0000] {logging_mixin.py:188} INFO - [2026-04-25T08:43:12.444+0000] {dag.py:3954} INFO - Setting next_dagrun for example_kubernetes_executor to None, run_after=None
[2026-04-25T08:43:12.463+0000] {processor.py:183} INFO - Processing /home/airflow/.local/lib/python3.12/site-packages/airflow/example_dags/example_kubernetes_executor.py took 0.110 seconds
[2026-04-25T08:43:42.962+0000] {processor.py:161} INFO - Started process (PID=1300) to work on /home/airflow/.local/lib/python3.12/site-packages/airflow/example_dags/example_kubernetes_executor.py
[2026-04-25T08:43:42.965+0000] {processor.py:830} INFO - Processing file /home/airflow/.local/lib/python3.12/site-packages/airflow/example_dags/example_kubernetes_executor.py for tasks to queue
[2026-04-25T08:43:42.967+0000] {logging_mixin.py:188} INFO - [2026-04-25T08:43:42.967+0000] {dagbag.py:545} INFO - Filling up the DagBag from /home/airflow/.local/lib/python3.12/site-packages/airflow/example_dags/example_kubernetes_executor.py
[2026-04-25T08:43:42.982+0000] {processor.py:840} INFO - DAG(s) 'example_kubernetes_executor' retrieved from /home/airflow/.local/lib/python3.12/site-packages/airflow/example_dags/example_kubernetes_executor.py
[2026-04-25T08:43:43.035+0000] {logging_mixin.py:188} INFO - [2026-04-25T08:43:43.035+0000] {dag.py:3096} INFO - Sync 1 DAGs
[2026-04-25T08:43:43.050+0000] {logging_mixin.py:188} INFO - [2026-04-25T08:43:43.050+0000] {dag.py:3954} INFO - Setting next_dagrun for example_kubernetes_executor to None, run_after=None
[2026-04-25T08:43:43.066+0000] {processor.py:183} INFO - Processing /home/airflow/.local/lib/python3.12/site-packages/airflow/example_dags/example_kubernetes_executor.py took 0.111 seconds
[2026-04-25T08:44:13.163+0000] {processor.py:161} INFO - Started process (PID=1358) to work on /home/airflow/.local/lib/python3.12/site-packages/airflow/example_dags/example_kubernetes_executor.py
[2026-04-25T08:44:13.163+0000] {processor.py:830} INFO - Processing file /home/airflow/.local/lib/python3.12/site-packages/airflow/example_dags/example_kubernetes_executor.py for tasks to queue
[2026-04-25T08:44:13.165+0000] {logging_mixin.py:188} INFO - [2026-04-25T08:44:13.164+0000] {dagbag.py:545} INFO - Filling up the DagBag from /home/airflow/.local/lib/python3.12/site-packages/airflow/example_dags/example_kubernetes_executor.py
[2026-04-25T08:44:13.174+0000] {processor.py:840} INFO - DAG(s) 'example_kubernetes_executor' retrieved from /home/airflow/.local/lib/python3.12/site-packages/airflow/example_dags/example_kubernetes_executor.py
[2026-04-25T08:44:13.208+0000] {logging_mixin.py:188} INFO - [2026-04-25T08:44:13.207+0000] {dag.py:3096} INFO - Sync 1 DAGs
[2026-04-25T08:44:13.221+0000] {logging_mixin.py:188} INFO - [2026-04-25T08:44:13.221+0000] {dag.py:3954} INFO - Setting next_dagrun for example_kubernetes_executor to None, run_after=None
[2026-04-25T08:44:13.236+0000] {processor.py:183} INFO - Processing /home/airflow/.local/lib/python3.12/site-packages/airflow/example_dags/example_kubernetes_executor.py took 0.078 seconds
[2026-04-25T08:44:43.826+0000] {processor.py:161} INFO - Started process (PID=1416) to work on /home/airflow/.local/lib/python3.12/site-packages/airflow/example_dags/example_kubernetes_executor.py
[2026-04-25T08:44:43.827+0000] {processor.py:830} INFO - Processing file /home/airflow/.local/lib/python3.12/site-packages/airflow/example_dags/example_kubernetes_executor.py for tasks to queue
[2026-04-25T08:44:43.829+0000] {logging_mixin.py:188} INFO - [2026-04-25T08:44:43.828+0000] {dagbag.py:545} INFO - Filling up the DagBag from /home/airflow/.local/lib/python3.12/site-packages/airflow/example_dags/example_kubernetes_executor.py
[2026-04-25T08:44:43.843+0000] {processor.py:840} INFO - DAG(s) 'example_kubernetes_executor' retrieved from /home/airflow/.local/lib/python3.12/site-packages/airflow/example_dags/example_kubernetes_executor.py
[2026-04-25T08:44:43.906+0000] {logging_mixin.py:188} INFO - [2026-04-25T08:44:43.906+0000] {dag.py:3096} INFO - Sync 1 DAGs
[2026-04-25T08:44:43.920+0000] {logging_mixin.py:188} INFO - [2026-04-25T08:44:43.920+0000] {dag.py:3954} INFO - Setting next_dagrun for example_kubernetes_executor to None, run_after=None
[2026-04-25T08:44:43.934+0000] {processor.py:183} INFO - Processing /home/airflow/.local/lib/python3.12/site-packages/airflow/example_dags/example_kubernetes_executor.py took 0.115 seconds
[2026-04-25T08:45:14.750+0000] {processor.py:161} INFO - Started process (PID=1474) to work on /home/airflow/.local/lib/python3.12/site-packages/airflow/example_dags/example_kubernetes_executor.py
[2026-04-25T08:45:14.751+0000] {processor.py:830} INFO - Processing file /home/airflow/.local/lib/python3.12/site-packages/airflow/example_dags/example_kubernetes_executor.py for tasks to queue
[2026-04-25T08:45:14.752+0000] {logging_mixin.py:188} INFO - [2026-04-25T08:45:14.752+0000] {dagbag.py:545} INFO - Filling up the DagBag from /home/airflow/.local/lib/python3.12/site-packages/airflow/example_dags/example_kubernetes_executor.py
[2026-04-25T08:45:14.763+0000] {processor.py:840} INFO - DAG(s) 'example_kubernetes_executor' retrieved from /home/airflow/.local/lib/python3.12/site-packages/airflow/example_dags/example_kubernetes_executor.py
[2026-04-25T08:45:14.793+0000] {logging_mixin.py:188} INFO - [2026-04-25T08:45:14.793+0000] {dag.py:3096} INFO - Sync 1 DAGs
[2026-04-25T08:45:14.804+0000] {logging_mixin.py:188} INFO - [2026-04-25T08:45:14.804+0000] {dag.py:3954} INFO - Setting next_dagrun for example_kubernetes_executor to None, run_after=None
[2026-04-25T08:45:14.819+0000] {processor.py:183} INFO - Processing /home/airflow/.local/lib/python3.12/site-packages/airflow/example_dags/example_kubernetes_executor.py took 0.073 seconds
[2026-04-25T08:45:45.385+0000] {processor.py:161} INFO - Started process (PID=1532) to work on /home/airflow/.local/lib/python3.12/site-packages/airflow/example_dags/example_kubernetes_executor.py
[2026-04-25T08:45:45.386+0000] {processor.py:830} INFO - Processing file /home/airflow/.local/lib/python3.12/site-packages/airflow/example_dags/example_kubernetes_executor.py for tasks to queue
[2026-04-25T08:45:45.387+0000] {logging_mixin.py:188} INFO - [2026-04-25T08:45:45.387+0000] {dagbag.py:545} INFO - Filling up the DagBag from /home/airflow/.local/lib/python3.12/site-packages/airflow/example_dags/example_kubernetes_executor.py
[2026-04-25T08:45:45.397+0000] {processor.py:840} INFO - DAG(s) 'example_kubernetes_executor' retrieved from /home/airflow/.local/lib/python3.12/site-packages/airflow/example_dags/example_kubernetes_executor.py
[2026-04-25T08:45:45.428+0000] {logging_mixin.py:188} INFO - [2026-04-25T08:45:45.427+0000] {dag.py:3096} INFO - Sync 1 DAGs
[2026-04-25T08:45:45.570+0000] {logging_mixin.py:188} INFO - [2026-04-25T08:45:45.570+0000] {dag.py:3954} INFO - Setting next_dagrun for example_kubernetes_executor to None, run_after=None
[2026-04-25T08:45:45.590+0000] {processor.py:183} INFO - Processing /home/airflow/.local/lib/python3.12/site-packages/airflow/example_dags/example_kubernetes_executor.py took 0.209 seconds
[2026-04-25T08:46:15.654+0000] {processor.py:161} INFO - Started process (PID=1590) to work on /home/airflow/.local/lib/python3.12/site-packages/airflow/example_dags/example_kubernetes_executor.py
[2026-04-25T08:46:15.655+0000] {processor.py:830} INFO - Processing file /home/airflow/.local/lib/python3.12/site-packages/airflow/example_dags/example_kubernetes_executor.py for tasks to queue
[2026-04-25T08:46:15.656+0000] {logging_mixin.py:188} INFO - [2026-04-25T08:46:15.656+0000] {dagbag.py:545} INFO - Filling up the DagBag from /home/airflow/.local/lib/python3.12/site-packages/airflow/example_dags/example_kubernetes_executor.py
[2026-04-25T08:46:15.668+0000] {processor.py:840} INFO - DAG(s) 'example_kubernetes_executor' retrieved from /home/airflow/.local/lib/python3.12/site-packages/airflow/example_dags/example_kubernetes_executor.py
[2026-04-25T08:46:15.701+0000] {logging_mixin.py:188} INFO - [2026-04-25T08:46:15.701+0000] {dag.py:3096} INFO - Sync 1 DAGs
[2026-04-25T08:46:15.712+0000] {logging_mixin.py:188} INFO - [2026-04-25T08:46:15.712+0000] {dag.py:3954} INFO - Setting next_dagrun for example_kubernetes_executor to None, run_after=None
[2026-04-25T08:46:15.878+0000] {processor.py:183} INFO - Processing /home/airflow/.local/lib/python3.12/site-packages/airflow/example_dags/example_kubernetes_executor.py took 0.229 seconds
[2026-04-25T08:46:45.929+0000] {processor.py:161} INFO - Started process (PID=1648) to work on /home/airflow/.local/lib/python3.12/site-packages/airflow/example_dags/example_kubernetes_executor.py
[2026-04-25T08:46:45.929+0000] {processor.py:830} INFO - Processing file /home/airflow/.local/lib/python3.12/site-packages/airflow/example_dags/example_kubernetes_executor.py for tasks to queue
[2026-04-25T08:46:45.931+0000] {logging_mixin.py:188} INFO - [2026-04-25T08:46:45.931+0000] {dagbag.py:545} INFO - Filling up the DagBag from /home/airflow/.local/lib/python3.12/site-packages/airflow/example_dags/example_kubernetes_executor.py
[2026-04-25T08:46:45.945+0000] {processor.py:840} INFO - DAG(s) 'example_kubernetes_executor' retrieved from /home/airflow/.local/lib/python3.12/site-packages/airflow/example_dags/example_kubernetes_executor.py
[2026-04-25T08:46:45.984+0000] {logging_mixin.py:188} INFO - [2026-04-25T08:46:45.984+0000] {dag.py:3096} INFO - Sync 1 DAGs
[2026-04-25T08:46:45.996+0000] {logging_mixin.py:188} INFO - [2026-04-25T08:46:45.996+0000] {dag.py:3954} INFO - Setting next_dagrun for example_kubernetes_executor to None, run_after=None
[2026-04-25T08:46:46.011+0000] {processor.py:183} INFO - Processing /home/airflow/.local/lib/python3.12/site-packages/airflow/example_dags/example_kubernetes_executor.py took 0.087 seconds
[2026-04-25T08:47:16.355+0000] {processor.py:161} INFO - Started process (PID=1706) to work on /home/airflow/.local/lib/python3.12/site-packages/airflow/example_dags/example_kubernetes_executor.py
[2026-04-25T08:47:16.356+0000] {processor.py:830} INFO - Processing file /home/airflow/.local/lib/python3.12/site-packages/airflow/example_dags/example_kubernetes_executor.py for tasks to queue
[2026-04-25T08:47:16.357+0000] {logging_mixin.py:188} INFO - [2026-04-25T08:47:16.357+0000] {dagbag.py:545} INFO - Filling up the DagBag from /home/airflow/.local/lib/python3.12/site-packages/airflow/example_dags/example_kubernetes_executor.py
[2026-04-25T08:47:16.368+0000] {processor.py:840} INFO - DAG(s) 'example_kubernetes_executor' retrieved from /home/airflow/.local/lib/python3.12/site-packages/airflow/example_dags/example_kubernetes_executor.py
[2026-04-25T08:47:16.404+0000] {logging_mixin.py:188} INFO - [2026-04-25T08:47:16.404+0000] {dag.py:3096} INFO - Sync 1 DAGs
[2026-04-25T08:47:16.416+0000] {logging_mixin.py:188} INFO - [2026-04-25T08:47:16.416+0000] {dag.py:3954} INFO - Setting next_dagrun for example_kubernetes_executor to None, run_after=None
[2026-04-25T08:47:16.432+0000] {processor.py:183} INFO - Processing /home/airflow/.local/lib/python3.12/site-packages/airflow/example_dags/example_kubernetes_executor.py took 0.081 seconds
[2026-04-25T08:47:46.794+0000] {processor.py:161} INFO - Started process (PID=1764) to work on /home/airflow/.local/lib/python3.12/site-packages/airflow/example_dags/example_kubernetes_executor.py
[2026-04-25T08:47:46.795+0000] {processor.py:830} INFO - Processing file /home/airflow/.local/lib/python3.12/site-packages/airflow/example_dags/example_kubernetes_executor.py for tasks to queue
[2026-04-25T08:47:46.796+0000] {logging_mixin.py:188} INFO - [2026-04-25T08:47:46.796+0000] {dagbag.py:545} INFO - Filling up the DagBag from /home/airflow/.local/lib/python3.12/site-packages/airflow/example_dags/example_kubernetes_executor.py
[2026-04-25T08:47:46.806+0000] {processor.py:840} INFO - DAG(s) 'example_kubernetes_executor' retrieved from /home/airflow/.local/lib/python3.12/site-packages/airflow/example_dags/example_kubernetes_executor.py
[2026-04-25T08:47:46.843+0000] {logging_mixin.py:188} INFO - [2026-04-25T08:47:46.843+0000] {dag.py:3096} INFO - Sync 1 DAGs
[2026-04-25T08:47:46.858+0000] {logging_mixin.py:188} INFO - [2026-04-25T08:47:46.857+0000] {dag.py:3954} INFO - Setting next_dagrun for example_kubernetes_executor to None, run_after=None
[2026-04-25T08:47:46.874+0000] {processor.py:183} INFO - Processing /home/airflow/.local/lib/python3.12/site-packages/airflow/example_dags/example_kubernetes_executor.py took 0.084 seconds
[2026-04-25T08:48:17.381+0000] {processor.py:161} INFO - Started process (PID=1822) to work on /home/airflow/.local/lib/python3.12/site-packages/airflow/example_dags/example_kubernetes_executor.py
[2026-04-25T08:48:17.385+0000] {processor.py:830} INFO - Processing file /home/airflow/.local/lib/python3.12/site-packages/airflow/example_dags/example_kubernetes_executor.py for tasks to queue
[2026-04-25T08:48:17.386+0000] {logging_mixin.py:188} INFO - [2026-04-25T08:48:17.386+0000] {dagbag.py:545} INFO - Filling up the DagBag from /home/airflow/.local/lib/python3.12/site-packages/airflow/example_dags/example_kubernetes_executor.py
[2026-04-25T08:48:17.409+0000] {processor.py:840} INFO - DAG(s) 'example_kubernetes_executor' retrieved from /home/airflow/.local/lib/python3.12/site-packages/airflow/example_dags/example_kubernetes_executor.py
[2026-04-25T08:48:17.466+0000] {logging_mixin.py:188} INFO - [2026-04-25T08:48:17.464+0000] {dag.py:3096} INFO - Sync 1 DAGs
[2026-04-25T08:48:17.494+0000] {logging_mixin.py:188} INFO - [2026-04-25T08:48:17.494+0000] {dag.py:3954} INFO - Setting next_dagrun for example_kubernetes_executor to None, run_after=None
[2026-04-25T08:48:17.513+0000] {processor.py:183} INFO - Processing /home/airflow/.local/lib/python3.12/site-packages/airflow/example_dags/example_kubernetes_executor.py took 0.139 seconds
[2026-04-25T08:48:47.548+0000] {processor.py:161} INFO - Started process (PID=1880) to work on /home/airflow/.local/lib/python3.12/site-packages/airflow/example_dags/example_kubernetes_executor.py
[2026-04-25T08:48:47.549+0000] {processor.py:830} INFO - Processing file /home/airflow/.local/lib/python3.12/site-packages/airflow/example_dags/example_kubernetes_executor.py for tasks to queue
[2026-04-25T08:48:47.550+0000] {logging_mixin.py:188} INFO - [2026-04-25T08:48:47.550+0000] {dagbag.py:545} INFO - Filling up the DagBag from /home/airflow/.local/lib/python3.12/site-packages/airflow/example_dags/example_kubernetes_executor.py
[2026-04-25T08:48:47.563+0000] {processor.py:840} INFO - DAG(s) 'example_kubernetes_executor' retrieved from /home/airflow/.local/lib/python3.12/site-packages/airflow/example_dags/example_kubernetes_executor.py
[2026-04-25T08:48:47.606+0000] {logging_mixin.py:188} INFO - [2026-04-25T08:48:47.606+0000] {dag.py:3096} INFO - Sync 1 DAGs
[2026-04-25T08:48:47.618+0000] {logging_mixin.py:188} INFO - [2026-04-25T08:48:47.618+0000] {dag.py:3954} INFO - Setting next_dagrun for example_kubernetes_executor to None, run_after=None
[2026-04-25T08:48:47.635+0000] {processor.py:183} INFO - Processing /home/airflow/.local/lib/python3.12/site-packages/airflow/example_dags/example_kubernetes_executor.py took 0.094 seconds
[2026-04-25T08:49:17.996+0000] {processor.py:161} INFO - Started process (PID=1938) to work on /home/airflow/.local/lib/python3.12/site-packages/airflow/example_dags/example_kubernetes_executor.py
[2026-04-25T08:49:17.997+0000] {processor.py:830} INFO - Processing file /home/airflow/.local/lib/python3.12/site-packages/airflow/example_dags/example_kubernetes_executor.py for tasks to queue
[2026-04-25T08:49:17.999+0000] {logging_mixin.py:188} INFO - [2026-04-25T08:49:17.998+0000] {dagbag.py:545} INFO - Filling up the DagBag from /home/airflow/.local/lib/python3.12/site-packages/airflow/example_dags/example_kubernetes_executor.py
[2026-04-25T08:49:18.011+0000] {processor.py:840} INFO - DAG(s) 'example_kubernetes_executor' retrieved from /home/airflow/.local/lib/python3.12/site-packages/airflow/example_dags/example_kubernetes_executor.py
[2026-04-25T08:49:18.044+0000] {logging_mixin.py:188} INFO - [2026-04-25T08:49:18.044+0000] {dag.py:3096} INFO - Sync 1 DAGs
[2026-04-25T08:49:18.055+0000] {logging_mixin.py:188} INFO - [2026-04-25T08:49:18.055+0000] {dag.py:3954} INFO - Setting next_dagrun for example_kubernetes_executor to None, run_after=None
[2026-04-25T08:49:18.070+0000] {processor.py:183} INFO - Processing /home/airflow/.local/lib/python3.12/site-packages/airflow/example_dags/example_kubernetes_executor.py took 0.081 seconds
[2026-04-25T08:49:48.465+0000] {processor.py:161} INFO - Started process (PID=1996) to work on /home/airflow/.local/lib/python3.12/site-packages/airflow/example_dags/example_kubernetes_executor.py
[2026-04-25T08:49:48.466+0000] {processor.py:830} INFO - Processing file /home/airflow/.local/lib/python3.12/site-packages/airflow/example_dags/example_kubernetes_executor.py for tasks to queue
[2026-04-25T08:49:48.468+0000] {logging_mixin.py:188} INFO - [2026-04-25T08:49:48.467+0000] {dagbag.py:545} INFO - Filling up the DagBag from /home/airflow/.local/lib/python3.12/site-packages/airflow/example_dags/example_kubernetes_executor.py
[2026-04-25T08:49:48.479+0000] {processor.py:840} INFO - DAG(s) 'example_kubernetes_executor' retrieved from /home/airflow/.local/lib/python3.12/site-packages/airflow/example_dags/example_kubernetes_executor.py
[2026-04-25T08:49:48.525+0000] {logging_mixin.py:188} INFO - [2026-04-25T08:49:48.525+0000] {dag.py:3096} INFO - Sync 1 DAGs
[2026-04-25T08:49:48.541+0000] {logging_mixin.py:188} INFO - [2026-04-25T08:49:48.540+0000] {dag.py:3954} INFO - Setting next_dagrun for example_kubernetes_executor to None, run_after=None
[2026-04-25T08:49:48.559+0000] {processor.py:183} INFO - Processing /home/airflow/.local/lib/python3.12/site-packages/airflow/example_dags/example_kubernetes_executor.py took 0.100 seconds
[2026-04-25T08:50:18.878+0000] {processor.py:161} INFO - Started process (PID=2054) to work on /home/airflow/.local/lib/python3.12/site-packages/airflow/example_dags/example_kubernetes_executor.py
[2026-04-25T08:50:18.879+0000] {processor.py:830} INFO - Processing file /home/airflow/.local/lib/python3.12/site-packages/airflow/example_dags/example_kubernetes_executor.py for tasks to queue
[2026-04-25T08:50:18.881+0000] {logging_mixin.py:188} INFO - [2026-04-25T08:50:18.881+0000] {dagbag.py:545} INFO - Filling up the DagBag from /home/airflow/.local/lib/python3.12/site-packages/airflow/example_dags/example_kubernetes_executor.py
[2026-04-25T08:50:18.897+0000] {processor.py:840} INFO - DAG(s) 'example_kubernetes_executor' retrieved from /home/airflow/.local/lib/python3.12/site-packages/airflow/example_dags/example_kubernetes_executor.py
[2026-04-25T08:50:18.943+0000] {logging_mixin.py:188} INFO - [2026-04-25T08:50:18.942+0000] {dag.py:3096} INFO - Sync 1 DAGs
[2026-04-25T08:50:18.958+0000] {logging_mixin.py:188} INFO - [2026-04-25T08:50:18.957+0000] {dag.py:3954} INFO - Setting next_dagrun for example_kubernetes_executor to None, run_after=None
[2026-04-25T08:50:18.975+0000] {processor.py:183} INFO - Processing /home/airflow/.local/lib/python3.12/site-packages/airflow/example_dags/example_kubernetes_executor.py took 0.104 seconds
[2026-04-25T08:50:49.418+0000] {processor.py:161} INFO - Started process (PID=2112) to work on /home/airflow/.local/lib/python3.12/site-packages/airflow/example_dags/example_kubernetes_executor.py
[2026-04-25T08:50:49.418+0000] {processor.py:830} INFO - Processing file /home/airflow/.local/lib/python3.12/site-packages/airflow/example_dags/example_kubernetes_executor.py for tasks to queue
[2026-04-25T08:50:49.420+0000] {logging_mixin.py:188} INFO - [2026-04-25T08:50:49.420+0000] {dagbag.py:545} INFO - Filling up the DagBag from /home/airflow/.local/lib/python3.12/site-packages/airflow/example_dags/example_kubernetes_executor.py
[2026-04-25T08:50:49.436+0000] {processor.py:840} INFO - DAG(s) 'example_kubernetes_executor' retrieved from /home/airflow/.local/lib/python3.12/site-packages/airflow/example_dags/example_kubernetes_executor.py
[2026-04-25T08:50:49.482+0000] {logging_mixin.py:188} INFO - [2026-04-25T08:50:49.482+0000] {dag.py:3096} INFO - Sync 1 DAGs
[2026-04-25T08:50:49.497+0000] {logging_mixin.py:188} INFO - [2026-04-25T08:50:49.497+0000] {dag.py:3954} INFO - Setting next_dagrun for example_kubernetes_executor to None, run_after=None
[2026-04-25T08:50:49.516+0000] {processor.py:183} INFO - Processing /home/airflow/.local/lib/python3.12/site-packages/airflow/example_dags/example_kubernetes_executor.py took 0.108 seconds
[2026-04-25T08:51:19.848+0000] {processor.py:161} INFO - Started process (PID=2170) to work on /home/airflow/.local/lib/python3.12/site-packages/airflow/example_dags/example_kubernetes_executor.py
[2026-04-25T08:51:19.849+0000] {processor.py:830} INFO - Processing file /home/airflow/.local/lib/python3.12/site-packages/airflow/example_dags/example_kubernetes_executor.py for tasks to queue
[2026-04-25T08:51:19.852+0000] {logging_mixin.py:188} INFO - [2026-04-25T08:51:19.851+0000] {dagbag.py:545} INFO - Filling up the DagBag from /home/airflow/.local/lib/python3.12/site-packages/airflow/example_dags/example_kubernetes_executor.py
[2026-04-25T08:51:19.866+0000] {processor.py:840} INFO - DAG(s) 'example_kubernetes_executor' retrieved from /home/airflow/.local/lib/python3.12/site-packages/airflow/example_dags/example_kubernetes_executor.py
[2026-04-25T08:51:19.912+0000] {logging_mixin.py:188} INFO - [2026-04-25T08:51:19.912+0000] {dag.py:3096} INFO - Sync 1 DAGs
[2026-04-25T08:51:19.923+0000] {logging_mixin.py:188} INFO - [2026-04-25T08:51:19.923+0000] {dag.py:3954} INFO - Setting next_dagrun for example_kubernetes_executor to None, run_after=None
[2026-04-25T08:51:19.938+0000] {processor.py:183} INFO - Processing /home/airflow/.local/lib/python3.12/site-packages/airflow/example_dags/example_kubernetes_executor.py took 0.096 seconds
[2026-04-25T08:51:50.060+0000] {processor.py:161} INFO - Started process (PID=2228) to work on /home/airflow/.local/lib/python3.12/site-packages/airflow/example_dags/example_kubernetes_executor.py
[2026-04-25T08:51:50.061+0000] {processor.py:830} INFO - Processing file /home/airflow/.local/lib/python3.12/site-packages/airflow/example_dags/example_kubernetes_executor.py for tasks to queue
[2026-04-25T08:51:50.063+0000] {logging_mixin.py:188} INFO - [2026-04-25T08:51:50.062+0000] {dagbag.py:545} INFO - Filling up the DagBag from /home/airflow/.local/lib/python3.12/site-packages/airflow/example_dags/example_kubernetes_executor.py
[2026-04-25T08:51:50.073+0000] {processor.py:840} INFO - DAG(s) 'example_kubernetes_executor' retrieved from /home/airflow/.local/lib/python3.12/site-packages/airflow/example_dags/example_kubernetes_executor.py
[2026-04-25T08:51:50.106+0000] {logging_mixin.py:188} INFO - [2026-04-25T08:51:50.106+0000] {dag.py:3096} INFO - Sync 1 DAGs
[2026-04-25T08:51:50.116+0000] {logging_mixin.py:188} INFO - [2026-04-25T08:51:50.116+0000] {dag.py:3954} INFO - Setting next_dagrun for example_kubernetes_executor to None, run_after=None
[2026-04-25T08:51:50.130+0000] {processor.py:183} INFO - Processing /home/airflow/.local/lib/python3.12/site-packages/airflow/example_dags/example_kubernetes_executor.py took 0.078 seconds
[2026-04-25T08:52:20.692+0000] {processor.py:161} INFO - Started process (PID=2286) to work on /home/airflow/.local/lib/python3.12/site-packages/airflow/example_dags/example_kubernetes_executor.py
[2026-04-25T08:52:20.692+0000] {processor.py:830} INFO - Processing file /home/airflow/.local/lib/python3.12/site-packages/airflow/example_dags/example_kubernetes_executor.py for tasks to queue
[2026-04-25T08:52:20.694+0000] {logging_mixin.py:188} INFO - [2026-04-25T08:52:20.693+0000] {dagbag.py:545} INFO - Filling up the DagBag from /home/airflow/.local/lib/python3.12/site-packages/airflow/example_dags/example_kubernetes_executor.py
[2026-04-25T08:52:20.705+0000] {processor.py:840} INFO - DAG(s) 'example_kubernetes_executor' retrieved from /home/airflow/.local/lib/python3.12/site-packages/airflow/example_dags/example_kubernetes_executor.py
[2026-04-25T08:52:20.738+0000] {logging_mixin.py:188} INFO - [2026-04-25T08:52:20.738+0000] {dag.py:3096} INFO - Sync 1 DAGs
[2026-04-25T08:52:20.749+0000] {logging_mixin.py:188} INFO - [2026-04-25T08:52:20.749+0000] {dag.py:3954} INFO - Setting next_dagrun for example_kubernetes_executor to None, run_after=None
[2026-04-25T08:52:20.764+0000] {processor.py:183} INFO - Processing /home/airflow/.local/lib/python3.12/site-packages/airflow/example_dags/example_kubernetes_executor.py took 0.076 seconds
[2026-04-25T08:52:51.330+0000] {processor.py:161} INFO - Started process (PID=2344) to work on /home/airflow/.local/lib/python3.12/site-packages/airflow/example_dags/example_kubernetes_executor.py
[2026-04-25T08:52:51.331+0000] {processor.py:830} INFO - Processing file /home/airflow/.local/lib/python3.12/site-packages/airflow/example_dags/example_kubernetes_executor.py for tasks to queue
[2026-04-25T08:52:51.332+0000] {logging_mixin.py:188} INFO - [2026-04-25T08:52:51.332+0000] {dagbag.py:545} INFO - Filling up the DagBag from /home/airflow/.local/lib/python3.12/site-packages/airflow/example_dags/example_kubernetes_executor.py
[2026-04-25T08:52:51.345+0000] {processor.py:840} INFO - DAG(s) 'example_kubernetes_executor' retrieved from /home/airflow/.local/lib/python3.12/site-packages/airflow/example_dags/example_kubernetes_executor.py
[2026-04-25T08:52:51.380+0000] {logging_mixin.py:188} INFO - [2026-04-25T08:52:51.380+0000] {dag.py:3096} INFO - Sync 1 DAGs
[2026-04-25T08:52:51.392+0000] {logging_mixin.py:188} INFO - [2026-04-25T08:52:51.391+0000] {dag.py:3954} INFO - Setting next_dagrun for example_kubernetes_executor to None, run_after=None
[2026-04-25T08:52:51.407+0000] {processor.py:183} INFO - Processing /home/airflow/.local/lib/python3.12/site-packages/airflow/example_dags/example_kubernetes_executor.py took 0.081 seconds
[2026-04-25T08:53:21.964+0000] {processor.py:161} INFO - Started process (PID=2402) to work on /home/airflow/.local/lib/python3.12/site-packages/airflow/example_dags/example_kubernetes_executor.py
[2026-04-25T08:53:21.965+0000] {processor.py:830} INFO - Processing file /home/airflow/.local/lib/python3.12/site-packages/airflow/example_dags/example_kubernetes_executor.py for tasks to queue
[2026-04-25T08:53:21.967+0000] {logging_mixin.py:188} INFO - [2026-04-25T08:53:21.967+0000] {dagbag.py:545} INFO - Filling up the DagBag from /home/airflow/.local/lib/python3.12/site-packages/airflow/example_dags/example_kubernetes_executor.py
[2026-04-25T08:53:21.982+0000] {processor.py:840} INFO - DAG(s) 'example_kubernetes_executor' retrieved from /home/airflow/.local/lib/python3.12/site-packages/airflow/example_dags/example_kubernetes_executor.py
[2026-04-25T08:53:22.019+0000] {logging_mixin.py:188} INFO - [2026-04-25T08:53:22.019+0000] {dag.py:3096} INFO - Sync 1 DAGs
[2026-04-25T08:53:22.029+0000] {logging_mixin.py:188} INFO - [2026-04-25T08:53:22.029+0000] {dag.py:3954} INFO - Setting next_dagrun for example_kubernetes_executor to None, run_after=None
[2026-04-25T08:53:22.044+0000] {processor.py:183} INFO - Processing /home/airflow/.local/lib/python3.12/site-packages/airflow/example_dags/example_kubernetes_executor.py took 0.086 seconds
[2026-04-25T08:53:52.387+0000] {processor.py:161} INFO - Started process (PID=2460) to work on /home/airflow/.local/lib/python3.12/site-packages/airflow/example_dags/example_kubernetes_executor.py
[2026-04-25T08:53:52.388+0000] {processor.py:830} INFO - Processing file /home/airflow/.local/lib/python3.12/site-packages/airflow/example_dags/example_kubernetes_executor.py for tasks to queue
[2026-04-25T08:53:52.390+0000] {logging_mixin.py:188} INFO - [2026-04-25T08:53:52.390+0000] {dagbag.py:545} INFO - Filling up the DagBag from /home/airflow/.local/lib/python3.12/site-packages/airflow/example_dags/example_kubernetes_executor.py
[2026-04-25T08:53:52.405+0000] {processor.py:840} INFO - DAG(s) 'example_kubernetes_executor' retrieved from /home/airflow/.local/lib/python3.12/site-packages/airflow/example_dags/example_kubernetes_executor.py
[2026-04-25T08:53:52.447+0000] {logging_mixin.py:188} INFO - [2026-04-25T08:53:52.447+0000] {dag.py:3096} INFO - Sync 1 DAGs
[2026-04-25T08:53:52.460+0000] {logging_mixin.py:188} INFO - [2026-04-25T08:53:52.459+0000] {dag.py:3954} INFO - Setting next_dagrun for example_kubernetes_executor to None, run_after=None
[2026-04-25T08:53:52.477+0000] {processor.py:183} INFO - Processing /home/airflow/.local/lib/python3.12/site-packages/airflow/example_dags/example_kubernetes_executor.py took 0.095 seconds
[2026-04-25T08:54:22.791+0000] {processor.py:161} INFO - Started process (PID=2517) to work on /home/airflow/.local/lib/python3.12/site-packages/airflow/example_dags/example_kubernetes_executor.py
[2026-04-25T08:54:22.792+0000] {processor.py:830} INFO - Processing file /home/airflow/.local/lib/python3.12/site-packages/airflow/example_dags/example_kubernetes_executor.py for tasks to queue
[2026-04-25T08:54:22.793+0000] {logging_mixin.py:188} INFO - [2026-04-25T08:54:22.793+0000] {dagbag.py:545} INFO - Filling up the DagBag from /home/airflow/.local/lib/python3.12/site-packages/airflow/example_dags/example_kubernetes_executor.py
[2026-04-25T08:54:22.803+0000] {processor.py:840} INFO - DAG(s) 'example_kubernetes_executor' retrieved from /home/airflow/.local/lib/python3.12/site-packages/airflow/example_dags/example_kubernetes_executor.py
[2026-04-25T08:54:22.836+0000] {logging_mixin.py:188} INFO - [2026-04-25T08:54:22.836+0000] {dag.py:3096} INFO - Sync 1 DAGs
[2026-04-25T08:54:22.847+0000] {logging_mixin.py:188} INFO - [2026-04-25T08:54:22.847+0000] {dag.py:3954} INFO - Setting next_dagrun for example_kubernetes_executor to None, run_after=None
[2026-04-25T08:54:22.862+0000] {processor.py:183} INFO - Processing /home/airflow/.local/lib/python3.12/site-packages/airflow/example_dags/example_kubernetes_executor.py took 0.075 seconds
[2026-04-25T08:54:53.355+0000] {processor.py:161} INFO - Started process (PID=2575) to work on /home/airflow/.local/lib/python3.12/site-packages/airflow/example_dags/example_kubernetes_executor.py
[2026-04-25T08:54:53.356+0000] {processor.py:830} INFO - Processing file /home/airflow/.local/lib/python3.12/site-packages/airflow/example_dags/example_kubernetes_executor.py for tasks to queue
[2026-04-25T08:54:53.357+0000] {logging_mixin.py:188} INFO - [2026-04-25T08:54:53.357+0000] {dagbag.py:545} INFO - Filling up the DagBag from /home/airflow/.local/lib/python3.12/site-packages/airflow/example_dags/example_kubernetes_executor.py
[2026-04-25T08:54:53.371+0000] {processor.py:840} INFO - DAG(s) 'example_kubernetes_executor' retrieved from /home/airflow/.local/lib/python3.12/site-packages/airflow/example_dags/example_kubernetes_executor.py
[2026-04-25T08:54:53.411+0000] {logging_mixin.py:188} INFO - [2026-04-25T08:54:53.411+0000] {dag.py:3096} INFO - Sync 1 DAGs
[2026-04-25T08:54:53.424+0000] {logging_mixin.py:188} INFO - [2026-04-25T08:54:53.423+0000] {dag.py:3954} INFO - Setting next_dagrun for example_kubernetes_executor to None, run_after=None
[2026-04-25T08:54:53.441+0000] {processor.py:183} INFO - Processing /home/airflow/.local/lib/python3.12/site-packages/airflow/example_dags/example_kubernetes_executor.py took 0.090 seconds
[2026-04-25T08:55:23.793+0000] {processor.py:161} INFO - Started process (PID=2633) to work on /home/airflow/.local/lib/python3.12/site-packages/airflow/example_dags/example_kubernetes_executor.py
[2026-04-25T08:55:23.794+0000] {processor.py:830} INFO - Processing file /home/airflow/.local/lib/python3.12/site-packages/airflow/example_dags/example_kubernetes_executor.py for tasks to queue
[2026-04-25T08:55:23.795+0000] {logging_mixin.py:188} INFO - [2026-04-25T08:55:23.795+0000] {dagbag.py:545} INFO - Filling up the DagBag from /home/airflow/.local/lib/python3.12/site-packages/airflow/example_dags/example_kubernetes_executor.py
[2026-04-25T08:55:23.808+0000] {processor.py:840} INFO - DAG(s) 'example_kubernetes_executor' retrieved from /home/airflow/.local/lib/python3.12/site-packages/airflow/example_dags/example_kubernetes_executor.py
[2026-04-25T08:55:23.852+0000] {logging_mixin.py:188} INFO - [2026-04-25T08:55:23.852+0000] {dag.py:3096} INFO - Sync 1 DAGs
[2026-04-25T08:55:23.865+0000] {logging_mixin.py:188} INFO - [2026-04-25T08:55:23.865+0000] {dag.py:3954} INFO - Setting next_dagrun for example_kubernetes_executor to None, run_after=None
[2026-04-25T08:55:23.883+0000] {processor.py:183} INFO - Processing /home/airflow/.local/lib/python3.12/site-packages/airflow/example_dags/example_kubernetes_executor.py took 0.097 seconds
