[2026-04-25T08:33:06.035+0000] {processor.py:161} INFO - Started process (PID=95) to work on /home/airflow/.local/lib/python3.12/site-packages/airflow/example_dags/example_dag_decorator.py
[2026-04-25T08:33:06.035+0000] {processor.py:830} INFO - Processing file /home/airflow/.local/lib/python3.12/site-packages/airflow/example_dags/example_dag_decorator.py for tasks to queue
[2026-04-25T08:33:06.038+0000] {logging_mixin.py:188} INFO - [2026-04-25T08:33:06.037+0000] {dagbag.py:545} INFO - Filling up the DagBag from /home/airflow/.local/lib/python3.12/site-packages/airflow/example_dags/example_dag_decorator.py
[2026-04-25T08:33:06.934+0000] {processor.py:840} INFO - DAG(s) 'example_dag_decorator' retrieved from /home/airflow/.local/lib/python3.12/site-packages/airflow/example_dags/example_dag_decorator.py
[2026-04-25T08:33:07.080+0000] {logging_mixin.py:188} INFO - [2026-04-25T08:33:07.080+0000] {dag.py:3096} INFO - Sync 1 DAGs
[2026-04-25T08:33:07.094+0000] {logging_mixin.py:188} INFO - [2026-04-25T08:33:07.093+0000] {dag.py:3954} INFO - Setting next_dagrun for example_dag_decorator to None, run_after=None
[2026-04-25T08:33:07.115+0000] {processor.py:183} INFO - Processing /home/airflow/.local/lib/python3.12/site-packages/airflow/example_dags/example_dag_decorator.py took 1.087 seconds
[2026-04-25T08:33:37.956+0000] {processor.py:161} INFO - Started process (PID=154) to work on /home/airflow/.local/lib/python3.12/site-packages/airflow/example_dags/example_dag_decorator.py
[2026-04-25T08:33:37.957+0000] {processor.py:830} INFO - Processing file /home/airflow/.local/lib/python3.12/site-packages/airflow/example_dags/example_dag_decorator.py for tasks to queue
[2026-04-25T08:33:37.958+0000] {logging_mixin.py:188} INFO - [2026-04-25T08:33:37.958+0000] {dagbag.py:545} INFO - Filling up the DagBag from /home/airflow/.local/lib/python3.12/site-packages/airflow/example_dags/example_dag_decorator.py
[2026-04-25T08:33:38.062+0000] {processor.py:840} INFO - DAG(s) 'example_dag_decorator' retrieved from /home/airflow/.local/lib/python3.12/site-packages/airflow/example_dags/example_dag_decorator.py
[2026-04-25T08:33:38.160+0000] {logging_mixin.py:188} INFO - [2026-04-25T08:33:38.160+0000] {dag.py:3096} INFO - Sync 1 DAGs
[2026-04-25T08:33:38.169+0000] {logging_mixin.py:188} INFO - [2026-04-25T08:33:38.169+0000] {dag.py:3954} INFO - Setting next_dagrun for example_dag_decorator to None, run_after=None
[2026-04-25T08:33:38.183+0000] {processor.py:183} INFO - Processing /home/airflow/.local/lib/python3.12/site-packages/airflow/example_dags/example_dag_decorator.py took 0.233 seconds
[2026-04-25T08:34:08.213+0000] {processor.py:161} INFO - Started process (PID=214) to work on /home/airflow/.local/lib/python3.12/site-packages/airflow/example_dags/example_dag_decorator.py
[2026-04-25T08:34:08.214+0000] {processor.py:830} INFO - Processing file /home/airflow/.local/lib/python3.12/site-packages/airflow/example_dags/example_dag_decorator.py for tasks to queue
[2026-04-25T08:34:08.216+0000] {logging_mixin.py:188} INFO - [2026-04-25T08:34:08.216+0000] {dagbag.py:545} INFO - Filling up the DagBag from /home/airflow/.local/lib/python3.12/site-packages/airflow/example_dags/example_dag_decorator.py
[2026-04-25T08:34:08.329+0000] {processor.py:840} INFO - DAG(s) 'example_dag_decorator' retrieved from /home/airflow/.local/lib/python3.12/site-packages/airflow/example_dags/example_dag_decorator.py
[2026-04-25T08:34:08.422+0000] {logging_mixin.py:188} INFO - [2026-04-25T08:34:08.422+0000] {dag.py:3096} INFO - Sync 1 DAGs
[2026-04-25T08:34:08.431+0000] {logging_mixin.py:188} INFO - [2026-04-25T08:34:08.431+0000] {dag.py:3954} INFO - Setting next_dagrun for example_dag_decorator to None, run_after=None
[2026-04-25T08:34:08.445+0000] {processor.py:183} INFO - Processing /home/airflow/.local/lib/python3.12/site-packages/airflow/example_dags/example_dag_decorator.py took 0.239 seconds
[2026-04-25T08:34:39.413+0000] {processor.py:161} INFO - Started process (PID=272) to work on /home/airflow/.local/lib/python3.12/site-packages/airflow/example_dags/example_dag_decorator.py
[2026-04-25T08:34:39.414+0000] {processor.py:830} INFO - Processing file /home/airflow/.local/lib/python3.12/site-packages/airflow/example_dags/example_dag_decorator.py for tasks to queue
[2026-04-25T08:34:39.415+0000] {logging_mixin.py:188} INFO - [2026-04-25T08:34:39.415+0000] {dagbag.py:545} INFO - Filling up the DagBag from /home/airflow/.local/lib/python3.12/site-packages/airflow/example_dags/example_dag_decorator.py
[2026-04-25T08:34:39.510+0000] {processor.py:840} INFO - DAG(s) 'example_dag_decorator' retrieved from /home/airflow/.local/lib/python3.12/site-packages/airflow/example_dags/example_dag_decorator.py
[2026-04-25T08:34:39.613+0000] {logging_mixin.py:188} INFO - [2026-04-25T08:34:39.612+0000] {dag.py:3096} INFO - Sync 1 DAGs
[2026-04-25T08:34:39.621+0000] {logging_mixin.py:188} INFO - [2026-04-25T08:34:39.621+0000] {dag.py:3954} INFO - Setting next_dagrun for example_dag_decorator to None, run_after=None
[2026-04-25T08:34:39.636+0000] {processor.py:183} INFO - Processing /home/airflow/.local/lib/python3.12/site-packages/airflow/example_dags/example_dag_decorator.py took 0.228 seconds
[2026-04-25T08:35:09.988+0000] {processor.py:161} INFO - Started process (PID=330) to work on /home/airflow/.local/lib/python3.12/site-packages/airflow/example_dags/example_dag_decorator.py
[2026-04-25T08:35:09.989+0000] {processor.py:830} INFO - Processing file /home/airflow/.local/lib/python3.12/site-packages/airflow/example_dags/example_dag_decorator.py for tasks to queue
[2026-04-25T08:35:09.991+0000] {logging_mixin.py:188} INFO - [2026-04-25T08:35:09.991+0000] {dagbag.py:545} INFO - Filling up the DagBag from /home/airflow/.local/lib/python3.12/site-packages/airflow/example_dags/example_dag_decorator.py
[2026-04-25T08:35:10.081+0000] {processor.py:840} INFO - DAG(s) 'example_dag_decorator' retrieved from /home/airflow/.local/lib/python3.12/site-packages/airflow/example_dags/example_dag_decorator.py
[2026-04-25T08:35:10.185+0000] {logging_mixin.py:188} INFO - [2026-04-25T08:35:10.184+0000] {dag.py:3096} INFO - Sync 1 DAGs
[2026-04-25T08:35:10.198+0000] {logging_mixin.py:188} INFO - [2026-04-25T08:35:10.198+0000] {dag.py:3954} INFO - Setting next_dagrun for example_dag_decorator to None, run_after=None
[2026-04-25T08:35:10.218+0000] {processor.py:183} INFO - Processing /home/airflow/.local/lib/python3.12/site-packages/airflow/example_dags/example_dag_decorator.py took 0.236 seconds
[2026-04-25T08:35:40.359+0000] {processor.py:161} INFO - Started process (PID=388) to work on /home/airflow/.local/lib/python3.12/site-packages/airflow/example_dags/example_dag_decorator.py
[2026-04-25T08:35:40.360+0000] {processor.py:830} INFO - Processing file /home/airflow/.local/lib/python3.12/site-packages/airflow/example_dags/example_dag_decorator.py for tasks to queue
[2026-04-25T08:35:40.361+0000] {logging_mixin.py:188} INFO - [2026-04-25T08:35:40.361+0000] {dagbag.py:545} INFO - Filling up the DagBag from /home/airflow/.local/lib/python3.12/site-packages/airflow/example_dags/example_dag_decorator.py
[2026-04-25T08:35:40.449+0000] {processor.py:840} INFO - DAG(s) 'example_dag_decorator' retrieved from /home/airflow/.local/lib/python3.12/site-packages/airflow/example_dags/example_dag_decorator.py
[2026-04-25T08:35:40.557+0000] {logging_mixin.py:188} INFO - [2026-04-25T08:35:40.557+0000] {dag.py:3096} INFO - Sync 1 DAGs
[2026-04-25T08:35:40.566+0000] {logging_mixin.py:188} INFO - [2026-04-25T08:35:40.566+0000] {dag.py:3954} INFO - Setting next_dagrun for example_dag_decorator to None, run_after=None
[2026-04-25T08:35:40.582+0000] {processor.py:183} INFO - Processing /home/airflow/.local/lib/python3.12/site-packages/airflow/example_dags/example_dag_decorator.py took 0.228 seconds
[2026-04-25T08:36:11.270+0000] {processor.py:161} INFO - Started process (PID=446) to work on /home/airflow/.local/lib/python3.12/site-packages/airflow/example_dags/example_dag_decorator.py
[2026-04-25T08:36:11.271+0000] {processor.py:830} INFO - Processing file /home/airflow/.local/lib/python3.12/site-packages/airflow/example_dags/example_dag_decorator.py for tasks to queue
[2026-04-25T08:36:11.272+0000] {logging_mixin.py:188} INFO - [2026-04-25T08:36:11.272+0000] {dagbag.py:545} INFO - Filling up the DagBag from /home/airflow/.local/lib/python3.12/site-packages/airflow/example_dags/example_dag_decorator.py
[2026-04-25T08:36:11.398+0000] {processor.py:840} INFO - DAG(s) 'example_dag_decorator' retrieved from /home/airflow/.local/lib/python3.12/site-packages/airflow/example_dags/example_dag_decorator.py
[2026-04-25T08:36:11.539+0000] {logging_mixin.py:188} INFO - [2026-04-25T08:36:11.539+0000] {dag.py:3096} INFO - Sync 1 DAGs
[2026-04-25T08:36:11.550+0000] {logging_mixin.py:188} INFO - [2026-04-25T08:36:11.550+0000] {dag.py:3954} INFO - Setting next_dagrun for example_dag_decorator to None, run_after=None
[2026-04-25T08:36:11.565+0000] {processor.py:183} INFO - Processing /home/airflow/.local/lib/python3.12/site-packages/airflow/example_dags/example_dag_decorator.py took 0.301 seconds
[2026-04-25T08:36:41.776+0000] {processor.py:161} INFO - Started process (PID=504) to work on /home/airflow/.local/lib/python3.12/site-packages/airflow/example_dags/example_dag_decorator.py
[2026-04-25T08:36:41.776+0000] {processor.py:830} INFO - Processing file /home/airflow/.local/lib/python3.12/site-packages/airflow/example_dags/example_dag_decorator.py for tasks to queue
[2026-04-25T08:36:41.778+0000] {logging_mixin.py:188} INFO - [2026-04-25T08:36:41.777+0000] {dagbag.py:545} INFO - Filling up the DagBag from /home/airflow/.local/lib/python3.12/site-packages/airflow/example_dags/example_dag_decorator.py
[2026-04-25T08:36:41.884+0000] {processor.py:840} INFO - DAG(s) 'example_dag_decorator' retrieved from /home/airflow/.local/lib/python3.12/site-packages/airflow/example_dags/example_dag_decorator.py
[2026-04-25T08:36:42.027+0000] {logging_mixin.py:188} INFO - [2026-04-25T08:36:42.027+0000] {dag.py:3096} INFO - Sync 1 DAGs
[2026-04-25T08:36:42.041+0000] {logging_mixin.py:188} INFO - [2026-04-25T08:36:42.040+0000] {dag.py:3954} INFO - Setting next_dagrun for example_dag_decorator to None, run_after=None
[2026-04-25T08:36:42.061+0000] {processor.py:183} INFO - Processing /home/airflow/.local/lib/python3.12/site-packages/airflow/example_dags/example_dag_decorator.py took 0.290 seconds
[2026-04-25T08:37:12.103+0000] {processor.py:161} INFO - Started process (PID=564) to work on /home/airflow/.local/lib/python3.12/site-packages/airflow/example_dags/example_dag_decorator.py
[2026-04-25T08:37:12.103+0000] {processor.py:830} INFO - Processing file /home/airflow/.local/lib/python3.12/site-packages/airflow/example_dags/example_dag_decorator.py for tasks to queue
[2026-04-25T08:37:12.105+0000] {logging_mixin.py:188} INFO - [2026-04-25T08:37:12.105+0000] {dagbag.py:545} INFO - Filling up the DagBag from /home/airflow/.local/lib/python3.12/site-packages/airflow/example_dags/example_dag_decorator.py
[2026-04-25T08:37:12.221+0000] {processor.py:840} INFO - DAG(s) 'example_dag_decorator' retrieved from /home/airflow/.local/lib/python3.12/site-packages/airflow/example_dags/example_dag_decorator.py
[2026-04-25T08:37:12.247+0000] {logging_mixin.py:188} INFO - [2026-04-25T08:37:12.246+0000] {dag.py:3096} INFO - Sync 1 DAGs
[2026-04-25T08:37:12.257+0000] {logging_mixin.py:188} INFO - [2026-04-25T08:37:12.257+0000] {dag.py:3954} INFO - Setting next_dagrun for example_dag_decorator to None, run_after=None
[2026-04-25T08:37:12.272+0000] {processor.py:183} INFO - Processing /home/airflow/.local/lib/python3.12/site-packages/airflow/example_dags/example_dag_decorator.py took 0.176 seconds
[2026-04-25T08:37:42.458+0000] {processor.py:161} INFO - Started process (PID=620) to work on /home/airflow/.local/lib/python3.12/site-packages/airflow/example_dags/example_dag_decorator.py
[2026-04-25T08:37:42.458+0000] {processor.py:830} INFO - Processing file /home/airflow/.local/lib/python3.12/site-packages/airflow/example_dags/example_dag_decorator.py for tasks to queue
[2026-04-25T08:37:42.460+0000] {logging_mixin.py:188} INFO - [2026-04-25T08:37:42.460+0000] {dagbag.py:545} INFO - Filling up the DagBag from /home/airflow/.local/lib/python3.12/site-packages/airflow/example_dags/example_dag_decorator.py
[2026-04-25T08:37:42.550+0000] {processor.py:840} INFO - DAG(s) 'example_dag_decorator' retrieved from /home/airflow/.local/lib/python3.12/site-packages/airflow/example_dags/example_dag_decorator.py
[2026-04-25T08:37:42.575+0000] {logging_mixin.py:188} INFO - [2026-04-25T08:37:42.575+0000] {dag.py:3096} INFO - Sync 1 DAGs
[2026-04-25T08:37:42.590+0000] {logging_mixin.py:188} INFO - [2026-04-25T08:37:42.590+0000] {dag.py:3954} INFO - Setting next_dagrun for example_dag_decorator to None, run_after=None
[2026-04-25T08:37:42.607+0000] {processor.py:183} INFO - Processing /home/airflow/.local/lib/python3.12/site-packages/airflow/example_dags/example_dag_decorator.py took 0.154 seconds
[2026-04-25T08:38:12.847+0000] {processor.py:161} INFO - Started process (PID=678) to work on /home/airflow/.local/lib/python3.12/site-packages/airflow/example_dags/example_dag_decorator.py
[2026-04-25T08:38:12.848+0000] {processor.py:830} INFO - Processing file /home/airflow/.local/lib/python3.12/site-packages/airflow/example_dags/example_dag_decorator.py for tasks to queue
[2026-04-25T08:38:12.850+0000] {logging_mixin.py:188} INFO - [2026-04-25T08:38:12.849+0000] {dagbag.py:545} INFO - Filling up the DagBag from /home/airflow/.local/lib/python3.12/site-packages/airflow/example_dags/example_dag_decorator.py
[2026-04-25T08:38:12.939+0000] {processor.py:840} INFO - DAG(s) 'example_dag_decorator' retrieved from /home/airflow/.local/lib/python3.12/site-packages/airflow/example_dags/example_dag_decorator.py
[2026-04-25T08:38:13.045+0000] {logging_mixin.py:188} INFO - [2026-04-25T08:38:13.045+0000] {dag.py:3096} INFO - Sync 1 DAGs
[2026-04-25T08:38:13.054+0000] {logging_mixin.py:188} INFO - [2026-04-25T08:38:13.054+0000] {dag.py:3954} INFO - Setting next_dagrun for example_dag_decorator to None, run_after=None
[2026-04-25T08:38:13.071+0000] {processor.py:183} INFO - Processing /home/airflow/.local/lib/python3.12/site-packages/airflow/example_dags/example_dag_decorator.py took 0.228 seconds
[2026-04-25T08:38:43.190+0000] {processor.py:161} INFO - Started process (PID=738) to work on /home/airflow/.local/lib/python3.12/site-packages/airflow/example_dags/example_dag_decorator.py
[2026-04-25T08:38:43.190+0000] {processor.py:830} INFO - Processing file /home/airflow/.local/lib/python3.12/site-packages/airflow/example_dags/example_dag_decorator.py for tasks to queue
[2026-04-25T08:38:43.192+0000] {logging_mixin.py:188} INFO - [2026-04-25T08:38:43.191+0000] {dagbag.py:545} INFO - Filling up the DagBag from /home/airflow/.local/lib/python3.12/site-packages/airflow/example_dags/example_dag_decorator.py
[2026-04-25T08:38:43.289+0000] {processor.py:840} INFO - DAG(s) 'example_dag_decorator' retrieved from /home/airflow/.local/lib/python3.12/site-packages/airflow/example_dags/example_dag_decorator.py
[2026-04-25T08:38:43.534+0000] {logging_mixin.py:188} INFO - [2026-04-25T08:38:43.534+0000] {dag.py:3096} INFO - Sync 1 DAGs
[2026-04-25T08:38:43.547+0000] {logging_mixin.py:188} INFO - [2026-04-25T08:38:43.547+0000] {dag.py:3954} INFO - Setting next_dagrun for example_dag_decorator to None, run_after=None
[2026-04-25T08:38:43.568+0000] {processor.py:183} INFO - Processing /home/airflow/.local/lib/python3.12/site-packages/airflow/example_dags/example_dag_decorator.py took 0.383 seconds
[2026-04-25T08:39:13.607+0000] {processor.py:161} INFO - Started process (PID=794) to work on /home/airflow/.local/lib/python3.12/site-packages/airflow/example_dags/example_dag_decorator.py
[2026-04-25T08:39:13.608+0000] {processor.py:830} INFO - Processing file /home/airflow/.local/lib/python3.12/site-packages/airflow/example_dags/example_dag_decorator.py for tasks to queue
[2026-04-25T08:39:13.609+0000] {logging_mixin.py:188} INFO - [2026-04-25T08:39:13.609+0000] {dagbag.py:545} INFO - Filling up the DagBag from /home/airflow/.local/lib/python3.12/site-packages/airflow/example_dags/example_dag_decorator.py
[2026-04-25T08:39:13.702+0000] {processor.py:840} INFO - DAG(s) 'example_dag_decorator' retrieved from /home/airflow/.local/lib/python3.12/site-packages/airflow/example_dags/example_dag_decorator.py
[2026-04-25T08:39:13.726+0000] {logging_mixin.py:188} INFO - [2026-04-25T08:39:13.726+0000] {dag.py:3096} INFO - Sync 1 DAGs
[2026-04-25T08:39:13.737+0000] {logging_mixin.py:188} INFO - [2026-04-25T08:39:13.737+0000] {dag.py:3954} INFO - Setting next_dagrun for example_dag_decorator to None, run_after=None
[2026-04-25T08:39:13.755+0000] {processor.py:183} INFO - Processing /home/airflow/.local/lib/python3.12/site-packages/airflow/example_dags/example_dag_decorator.py took 0.152 seconds
[2026-04-25T08:39:43.819+0000] {processor.py:161} INFO - Started process (PID=852) to work on /home/airflow/.local/lib/python3.12/site-packages/airflow/example_dags/example_dag_decorator.py
[2026-04-25T08:39:43.819+0000] {processor.py:830} INFO - Processing file /home/airflow/.local/lib/python3.12/site-packages/airflow/example_dags/example_dag_decorator.py for tasks to queue
[2026-04-25T08:39:43.821+0000] {logging_mixin.py:188} INFO - [2026-04-25T08:39:43.821+0000] {dagbag.py:545} INFO - Filling up the DagBag from /home/airflow/.local/lib/python3.12/site-packages/airflow/example_dags/example_dag_decorator.py
[2026-04-25T08:39:43.940+0000] {processor.py:840} INFO - DAG(s) 'example_dag_decorator' retrieved from /home/airflow/.local/lib/python3.12/site-packages/airflow/example_dags/example_dag_decorator.py
[2026-04-25T08:39:43.961+0000] {logging_mixin.py:188} INFO - [2026-04-25T08:39:43.960+0000] {dag.py:3096} INFO - Sync 1 DAGs
[2026-04-25T08:39:43.971+0000] {logging_mixin.py:188} INFO - [2026-04-25T08:39:43.971+0000] {dag.py:3954} INFO - Setting next_dagrun for example_dag_decorator to None, run_after=None
[2026-04-25T08:39:43.989+0000] {processor.py:183} INFO - Processing /home/airflow/.local/lib/python3.12/site-packages/airflow/example_dags/example_dag_decorator.py took 0.174 seconds
[2026-04-25T08:40:14.087+0000] {processor.py:161} INFO - Started process (PID=910) to work on /home/airflow/.local/lib/python3.12/site-packages/airflow/example_dags/example_dag_decorator.py
[2026-04-25T08:40:14.088+0000] {processor.py:830} INFO - Processing file /home/airflow/.local/lib/python3.12/site-packages/airflow/example_dags/example_dag_decorator.py for tasks to queue
[2026-04-25T08:40:14.089+0000] {logging_mixin.py:188} INFO - [2026-04-25T08:40:14.089+0000] {dagbag.py:545} INFO - Filling up the DagBag from /home/airflow/.local/lib/python3.12/site-packages/airflow/example_dags/example_dag_decorator.py
[2026-04-25T08:40:14.179+0000] {processor.py:840} INFO - DAG(s) 'example_dag_decorator' retrieved from /home/airflow/.local/lib/python3.12/site-packages/airflow/example_dags/example_dag_decorator.py
[2026-04-25T08:40:14.287+0000] {logging_mixin.py:188} INFO - [2026-04-25T08:40:14.287+0000] {dag.py:3096} INFO - Sync 1 DAGs
[2026-04-25T08:40:14.441+0000] {logging_mixin.py:188} INFO - [2026-04-25T08:40:14.440+0000] {dag.py:3954} INFO - Setting next_dagrun for example_dag_decorator to None, run_after=None
[2026-04-25T08:40:14.458+0000] {processor.py:183} INFO - Processing /home/airflow/.local/lib/python3.12/site-packages/airflow/example_dags/example_dag_decorator.py took 0.375 seconds
[2026-04-25T08:40:44.524+0000] {processor.py:161} INFO - Started process (PID=968) to work on /home/airflow/.local/lib/python3.12/site-packages/airflow/example_dags/example_dag_decorator.py
[2026-04-25T08:40:44.525+0000] {processor.py:830} INFO - Processing file /home/airflow/.local/lib/python3.12/site-packages/airflow/example_dags/example_dag_decorator.py for tasks to queue
[2026-04-25T08:40:44.526+0000] {logging_mixin.py:188} INFO - [2026-04-25T08:40:44.526+0000] {dagbag.py:545} INFO - Filling up the DagBag from /home/airflow/.local/lib/python3.12/site-packages/airflow/example_dags/example_dag_decorator.py
[2026-04-25T08:40:44.624+0000] {processor.py:840} INFO - DAG(s) 'example_dag_decorator' retrieved from /home/airflow/.local/lib/python3.12/site-packages/airflow/example_dags/example_dag_decorator.py
[2026-04-25T08:40:44.760+0000] {logging_mixin.py:188} INFO - [2026-04-25T08:40:44.759+0000] {dag.py:3096} INFO - Sync 1 DAGs
[2026-04-25T08:40:44.916+0000] {logging_mixin.py:188} INFO - [2026-04-25T08:40:44.916+0000] {dag.py:3954} INFO - Setting next_dagrun for example_dag_decorator to None, run_after=None
[2026-04-25T08:40:44.934+0000] {processor.py:183} INFO - Processing /home/airflow/.local/lib/python3.12/site-packages/airflow/example_dags/example_dag_decorator.py took 0.416 seconds
[2026-04-25T08:41:15.197+0000] {processor.py:161} INFO - Started process (PID=1026) to work on /home/airflow/.local/lib/python3.12/site-packages/airflow/example_dags/example_dag_decorator.py
[2026-04-25T08:41:15.198+0000] {processor.py:830} INFO - Processing file /home/airflow/.local/lib/python3.12/site-packages/airflow/example_dags/example_dag_decorator.py for tasks to queue
[2026-04-25T08:41:15.199+0000] {logging_mixin.py:188} INFO - [2026-04-25T08:41:15.199+0000] {dagbag.py:545} INFO - Filling up the DagBag from /home/airflow/.local/lib/python3.12/site-packages/airflow/example_dags/example_dag_decorator.py
[2026-04-25T08:41:15.291+0000] {processor.py:840} INFO - DAG(s) 'example_dag_decorator' retrieved from /home/airflow/.local/lib/python3.12/site-packages/airflow/example_dags/example_dag_decorator.py
[2026-04-25T08:41:15.312+0000] {logging_mixin.py:188} INFO - [2026-04-25T08:41:15.312+0000] {dag.py:3096} INFO - Sync 1 DAGs
[2026-04-25T08:41:15.464+0000] {logging_mixin.py:188} INFO - [2026-04-25T08:41:15.463+0000] {dag.py:3954} INFO - Setting next_dagrun for example_dag_decorator to None, run_after=None
[2026-04-25T08:41:15.484+0000] {processor.py:183} INFO - Processing /home/airflow/.local/lib/python3.12/site-packages/airflow/example_dags/example_dag_decorator.py took 0.291 seconds
[2026-04-25T08:41:45.949+0000] {processor.py:161} INFO - Started process (PID=1084) to work on /home/airflow/.local/lib/python3.12/site-packages/airflow/example_dags/example_dag_decorator.py
[2026-04-25T08:41:45.949+0000] {processor.py:830} INFO - Processing file /home/airflow/.local/lib/python3.12/site-packages/airflow/example_dags/example_dag_decorator.py for tasks to queue
[2026-04-25T08:41:45.951+0000] {logging_mixin.py:188} INFO - [2026-04-25T08:41:45.950+0000] {dagbag.py:545} INFO - Filling up the DagBag from /home/airflow/.local/lib/python3.12/site-packages/airflow/example_dags/example_dag_decorator.py
[2026-04-25T08:41:46.041+0000] {processor.py:840} INFO - DAG(s) 'example_dag_decorator' retrieved from /home/airflow/.local/lib/python3.12/site-packages/airflow/example_dags/example_dag_decorator.py
[2026-04-25T08:41:46.336+0000] {logging_mixin.py:188} INFO - [2026-04-25T08:41:46.336+0000] {dag.py:3096} INFO - Sync 1 DAGs
[2026-04-25T08:41:46.351+0000] {logging_mixin.py:188} INFO - [2026-04-25T08:41:46.351+0000] {dag.py:3954} INFO - Setting next_dagrun for example_dag_decorator to None, run_after=None
[2026-04-25T08:41:46.370+0000] {processor.py:183} INFO - Processing /home/airflow/.local/lib/python3.12/site-packages/airflow/example_dags/example_dag_decorator.py took 0.426 seconds
[2026-04-25T08:42:17.216+0000] {processor.py:161} INFO - Started process (PID=1144) to work on /home/airflow/.local/lib/python3.12/site-packages/airflow/example_dags/example_dag_decorator.py
[2026-04-25T08:42:17.217+0000] {processor.py:830} INFO - Processing file /home/airflow/.local/lib/python3.12/site-packages/airflow/example_dags/example_dag_decorator.py for tasks to queue
[2026-04-25T08:42:17.218+0000] {logging_mixin.py:188} INFO - [2026-04-25T08:42:17.218+0000] {dagbag.py:545} INFO - Filling up the DagBag from /home/airflow/.local/lib/python3.12/site-packages/airflow/example_dags/example_dag_decorator.py
[2026-04-25T08:42:17.306+0000] {processor.py:840} INFO - DAG(s) 'example_dag_decorator' retrieved from /home/airflow/.local/lib/python3.12/site-packages/airflow/example_dags/example_dag_decorator.py
[2026-04-25T08:42:17.553+0000] {logging_mixin.py:188} INFO - [2026-04-25T08:42:17.553+0000] {dag.py:3096} INFO - Sync 1 DAGs
[2026-04-25T08:42:17.567+0000] {logging_mixin.py:188} INFO - [2026-04-25T08:42:17.566+0000] {dag.py:3954} INFO - Setting next_dagrun for example_dag_decorator to None, run_after=None
[2026-04-25T08:42:17.584+0000] {processor.py:183} INFO - Processing /home/airflow/.local/lib/python3.12/site-packages/airflow/example_dags/example_dag_decorator.py took 0.372 seconds
[2026-04-25T08:42:47.658+0000] {processor.py:161} INFO - Started process (PID=1202) to work on /home/airflow/.local/lib/python3.12/site-packages/airflow/example_dags/example_dag_decorator.py
[2026-04-25T08:42:47.658+0000] {processor.py:830} INFO - Processing file /home/airflow/.local/lib/python3.12/site-packages/airflow/example_dags/example_dag_decorator.py for tasks to queue
[2026-04-25T08:42:47.660+0000] {logging_mixin.py:188} INFO - [2026-04-25T08:42:47.660+0000] {dagbag.py:545} INFO - Filling up the DagBag from /home/airflow/.local/lib/python3.12/site-packages/airflow/example_dags/example_dag_decorator.py
[2026-04-25T08:42:47.775+0000] {processor.py:840} INFO - DAG(s) 'example_dag_decorator' retrieved from /home/airflow/.local/lib/python3.12/site-packages/airflow/example_dags/example_dag_decorator.py
[2026-04-25T08:42:48.046+0000] {logging_mixin.py:188} INFO - [2026-04-25T08:42:48.046+0000] {dag.py:3096} INFO - Sync 1 DAGs
[2026-04-25T08:42:48.060+0000] {logging_mixin.py:188} INFO - [2026-04-25T08:42:48.059+0000] {dag.py:3954} INFO - Setting next_dagrun for example_dag_decorator to None, run_after=None
[2026-04-25T08:42:48.082+0000] {processor.py:183} INFO - Processing /home/airflow/.local/lib/python3.12/site-packages/airflow/example_dags/example_dag_decorator.py took 0.430 seconds
[2026-04-25T08:43:18.215+0000] {processor.py:161} INFO - Started process (PID=1260) to work on /home/airflow/.local/lib/python3.12/site-packages/airflow/example_dags/example_dag_decorator.py
[2026-04-25T08:43:18.216+0000] {processor.py:830} INFO - Processing file /home/airflow/.local/lib/python3.12/site-packages/airflow/example_dags/example_dag_decorator.py for tasks to queue
[2026-04-25T08:43:18.218+0000] {logging_mixin.py:188} INFO - [2026-04-25T08:43:18.217+0000] {dagbag.py:545} INFO - Filling up the DagBag from /home/airflow/.local/lib/python3.12/site-packages/airflow/example_dags/example_dag_decorator.py
[2026-04-25T08:43:18.326+0000] {processor.py:840} INFO - DAG(s) 'example_dag_decorator' retrieved from /home/airflow/.local/lib/python3.12/site-packages/airflow/example_dags/example_dag_decorator.py
[2026-04-25T08:43:18.592+0000] {logging_mixin.py:188} INFO - [2026-04-25T08:43:18.591+0000] {dag.py:3096} INFO - Sync 1 DAGs
[2026-04-25T08:43:18.604+0000] {logging_mixin.py:188} INFO - [2026-04-25T08:43:18.604+0000] {dag.py:3954} INFO - Setting next_dagrun for example_dag_decorator to None, run_after=None
[2026-04-25T08:43:18.624+0000] {processor.py:183} INFO - Processing /home/airflow/.local/lib/python3.12/site-packages/airflow/example_dags/example_dag_decorator.py took 0.415 seconds
[2026-04-25T08:43:49.042+0000] {processor.py:161} INFO - Started process (PID=1318) to work on /home/airflow/.local/lib/python3.12/site-packages/airflow/example_dags/example_dag_decorator.py
[2026-04-25T08:43:49.042+0000] {processor.py:830} INFO - Processing file /home/airflow/.local/lib/python3.12/site-packages/airflow/example_dags/example_dag_decorator.py for tasks to queue
[2026-04-25T08:43:49.044+0000] {logging_mixin.py:188} INFO - [2026-04-25T08:43:49.043+0000] {dagbag.py:545} INFO - Filling up the DagBag from /home/airflow/.local/lib/python3.12/site-packages/airflow/example_dags/example_dag_decorator.py
[2026-04-25T08:43:49.258+0000] {processor.py:840} INFO - DAG(s) 'example_dag_decorator' retrieved from /home/airflow/.local/lib/python3.12/site-packages/airflow/example_dags/example_dag_decorator.py
[2026-04-25T08:43:49.355+0000] {logging_mixin.py:188} INFO - [2026-04-25T08:43:49.355+0000] {dag.py:3096} INFO - Sync 1 DAGs
[2026-04-25T08:43:49.364+0000] {logging_mixin.py:188} INFO - [2026-04-25T08:43:49.364+0000] {dag.py:3954} INFO - Setting next_dagrun for example_dag_decorator to None, run_after=None
[2026-04-25T08:43:49.379+0000] {processor.py:183} INFO - Processing /home/airflow/.local/lib/python3.12/site-packages/airflow/example_dags/example_dag_decorator.py took 0.342 seconds
[2026-04-25T08:44:19.485+0000] {processor.py:161} INFO - Started process (PID=1379) to work on /home/airflow/.local/lib/python3.12/site-packages/airflow/example_dags/example_dag_decorator.py
[2026-04-25T08:44:19.486+0000] {processor.py:830} INFO - Processing file /home/airflow/.local/lib/python3.12/site-packages/airflow/example_dags/example_dag_decorator.py for tasks to queue
[2026-04-25T08:44:19.487+0000] {logging_mixin.py:188} INFO - [2026-04-25T08:44:19.487+0000] {dagbag.py:545} INFO - Filling up the DagBag from /home/airflow/.local/lib/python3.12/site-packages/airflow/example_dags/example_dag_decorator.py
[2026-04-25T08:44:19.743+0000] {processor.py:840} INFO - DAG(s) 'example_dag_decorator' retrieved from /home/airflow/.local/lib/python3.12/site-packages/airflow/example_dags/example_dag_decorator.py
[2026-04-25T08:44:19.842+0000] {logging_mixin.py:188} INFO - [2026-04-25T08:44:19.841+0000] {dag.py:3096} INFO - Sync 1 DAGs
[2026-04-25T08:44:19.850+0000] {logging_mixin.py:188} INFO - [2026-04-25T08:44:19.850+0000] {dag.py:3954} INFO - Setting next_dagrun for example_dag_decorator to None, run_after=None
[2026-04-25T08:44:19.867+0000] {processor.py:183} INFO - Processing /home/airflow/.local/lib/python3.12/site-packages/airflow/example_dags/example_dag_decorator.py took 0.389 seconds
[2026-04-25T08:44:49.912+0000] {processor.py:161} INFO - Started process (PID=1440) to work on /home/airflow/.local/lib/python3.12/site-packages/airflow/example_dags/example_dag_decorator.py
[2026-04-25T08:44:49.912+0000] {processor.py:830} INFO - Processing file /home/airflow/.local/lib/python3.12/site-packages/airflow/example_dags/example_dag_decorator.py for tasks to queue
[2026-04-25T08:44:49.914+0000] {logging_mixin.py:188} INFO - [2026-04-25T08:44:49.913+0000] {dagbag.py:545} INFO - Filling up the DagBag from /home/airflow/.local/lib/python3.12/site-packages/airflow/example_dags/example_dag_decorator.py
[2026-04-25T08:44:50.110+0000] {processor.py:840} INFO - DAG(s) 'example_dag_decorator' retrieved from /home/airflow/.local/lib/python3.12/site-packages/airflow/example_dags/example_dag_decorator.py
[2026-04-25T08:44:50.199+0000] {logging_mixin.py:188} INFO - [2026-04-25T08:44:50.199+0000] {dag.py:3096} INFO - Sync 1 DAGs
[2026-04-25T08:44:50.207+0000] {logging_mixin.py:188} INFO - [2026-04-25T08:44:50.207+0000] {dag.py:3954} INFO - Setting next_dagrun for example_dag_decorator to None, run_after=None
[2026-04-25T08:44:50.220+0000] {processor.py:183} INFO - Processing /home/airflow/.local/lib/python3.12/site-packages/airflow/example_dags/example_dag_decorator.py took 0.313 seconds
[2026-04-25T08:45:20.486+0000] {processor.py:161} INFO - Started process (PID=1490) to work on /home/airflow/.local/lib/python3.12/site-packages/airflow/example_dags/example_dag_decorator.py
[2026-04-25T08:45:20.486+0000] {processor.py:830} INFO - Processing file /home/airflow/.local/lib/python3.12/site-packages/airflow/example_dags/example_dag_decorator.py for tasks to queue
[2026-04-25T08:45:20.488+0000] {logging_mixin.py:188} INFO - [2026-04-25T08:45:20.487+0000] {dagbag.py:545} INFO - Filling up the DagBag from /home/airflow/.local/lib/python3.12/site-packages/airflow/example_dags/example_dag_decorator.py
[2026-04-25T08:45:20.585+0000] {processor.py:840} INFO - DAG(s) 'example_dag_decorator' retrieved from /home/airflow/.local/lib/python3.12/site-packages/airflow/example_dags/example_dag_decorator.py
[2026-04-25T08:45:20.858+0000] {logging_mixin.py:188} INFO - [2026-04-25T08:45:20.858+0000] {dag.py:3096} INFO - Sync 1 DAGs
[2026-04-25T08:45:20.866+0000] {logging_mixin.py:188} INFO - [2026-04-25T08:45:20.866+0000] {dag.py:3954} INFO - Setting next_dagrun for example_dag_decorator to None, run_after=None
[2026-04-25T08:45:20.881+0000] {processor.py:183} INFO - Processing /home/airflow/.local/lib/python3.12/site-packages/airflow/example_dags/example_dag_decorator.py took 0.400 seconds
[2026-04-25T08:45:51.518+0000] {processor.py:161} INFO - Started process (PID=1548) to work on /home/airflow/.local/lib/python3.12/site-packages/airflow/example_dags/example_dag_decorator.py
[2026-04-25T08:45:51.519+0000] {processor.py:830} INFO - Processing file /home/airflow/.local/lib/python3.12/site-packages/airflow/example_dags/example_dag_decorator.py for tasks to queue
[2026-04-25T08:45:51.521+0000] {logging_mixin.py:188} INFO - [2026-04-25T08:45:51.520+0000] {dagbag.py:545} INFO - Filling up the DagBag from /home/airflow/.local/lib/python3.12/site-packages/airflow/example_dags/example_dag_decorator.py
[2026-04-25T08:45:51.607+0000] {processor.py:840} INFO - DAG(s) 'example_dag_decorator' retrieved from /home/airflow/.local/lib/python3.12/site-packages/airflow/example_dags/example_dag_decorator.py
[2026-04-25T08:45:51.843+0000] {logging_mixin.py:188} INFO - [2026-04-25T08:45:51.842+0000] {dag.py:3096} INFO - Sync 1 DAGs
[2026-04-25T08:45:51.851+0000] {logging_mixin.py:188} INFO - [2026-04-25T08:45:51.851+0000] {dag.py:3954} INFO - Setting next_dagrun for example_dag_decorator to None, run_after=None
[2026-04-25T08:45:51.865+0000] {processor.py:183} INFO - Processing /home/airflow/.local/lib/python3.12/site-packages/airflow/example_dags/example_dag_decorator.py took 0.351 seconds
[2026-04-25T08:46:22.471+0000] {processor.py:161} INFO - Started process (PID=1606) to work on /home/airflow/.local/lib/python3.12/site-packages/airflow/example_dags/example_dag_decorator.py
[2026-04-25T08:46:22.471+0000] {processor.py:830} INFO - Processing file /home/airflow/.local/lib/python3.12/site-packages/airflow/example_dags/example_dag_decorator.py for tasks to queue
[2026-04-25T08:46:22.473+0000] {logging_mixin.py:188} INFO - [2026-04-25T08:46:22.472+0000] {dagbag.py:545} INFO - Filling up the DagBag from /home/airflow/.local/lib/python3.12/site-packages/airflow/example_dags/example_dag_decorator.py
[2026-04-25T08:46:22.707+0000] {processor.py:840} INFO - DAG(s) 'example_dag_decorator' retrieved from /home/airflow/.local/lib/python3.12/site-packages/airflow/example_dags/example_dag_decorator.py
[2026-04-25T08:46:22.811+0000] {logging_mixin.py:188} INFO - [2026-04-25T08:46:22.811+0000] {dag.py:3096} INFO - Sync 1 DAGs
[2026-04-25T08:46:22.820+0000] {logging_mixin.py:188} INFO - [2026-04-25T08:46:22.820+0000] {dag.py:3954} INFO - Setting next_dagrun for example_dag_decorator to None, run_after=None
[2026-04-25T08:46:22.835+0000] {processor.py:183} INFO - Processing /home/airflow/.local/lib/python3.12/site-packages/airflow/example_dags/example_dag_decorator.py took 0.369 seconds
[2026-04-25T08:46:53.634+0000] {processor.py:161} INFO - Started process (PID=1664) to work on /home/airflow/.local/lib/python3.12/site-packages/airflow/example_dags/example_dag_decorator.py
[2026-04-25T08:46:53.635+0000] {processor.py:830} INFO - Processing file /home/airflow/.local/lib/python3.12/site-packages/airflow/example_dags/example_dag_decorator.py for tasks to queue
[2026-04-25T08:46:53.637+0000] {logging_mixin.py:188} INFO - [2026-04-25T08:46:53.636+0000] {dagbag.py:545} INFO - Filling up the DagBag from /home/airflow/.local/lib/python3.12/site-packages/airflow/example_dags/example_dag_decorator.py
[2026-04-25T08:46:53.720+0000] {processor.py:840} INFO - DAG(s) 'example_dag_decorator' retrieved from /home/airflow/.local/lib/python3.12/site-packages/airflow/example_dags/example_dag_decorator.py
[2026-04-25T08:46:53.834+0000] {logging_mixin.py:188} INFO - [2026-04-25T08:46:53.833+0000] {dag.py:3096} INFO - Sync 1 DAGs
[2026-04-25T08:46:53.844+0000] {logging_mixin.py:188} INFO - [2026-04-25T08:46:53.843+0000] {dag.py:3954} INFO - Setting next_dagrun for example_dag_decorator to None, run_after=None
[2026-04-25T08:46:53.863+0000] {processor.py:183} INFO - Processing /home/airflow/.local/lib/python3.12/site-packages/airflow/example_dags/example_dag_decorator.py took 0.235 seconds
[2026-04-25T08:47:24.139+0000] {processor.py:161} INFO - Started process (PID=1722) to work on /home/airflow/.local/lib/python3.12/site-packages/airflow/example_dags/example_dag_decorator.py
[2026-04-25T08:47:24.139+0000] {processor.py:830} INFO - Processing file /home/airflow/.local/lib/python3.12/site-packages/airflow/example_dags/example_dag_decorator.py for tasks to queue
[2026-04-25T08:47:24.141+0000] {logging_mixin.py:188} INFO - [2026-04-25T08:47:24.141+0000] {dagbag.py:545} INFO - Filling up the DagBag from /home/airflow/.local/lib/python3.12/site-packages/airflow/example_dags/example_dag_decorator.py
[2026-04-25T08:47:24.229+0000] {processor.py:840} INFO - DAG(s) 'example_dag_decorator' retrieved from /home/airflow/.local/lib/python3.12/site-packages/airflow/example_dags/example_dag_decorator.py
[2026-04-25T08:47:24.336+0000] {logging_mixin.py:188} INFO - [2026-04-25T08:47:24.336+0000] {dag.py:3096} INFO - Sync 1 DAGs
[2026-04-25T08:47:24.351+0000] {logging_mixin.py:188} INFO - [2026-04-25T08:47:24.351+0000] {dag.py:3954} INFO - Setting next_dagrun for example_dag_decorator to None, run_after=None
[2026-04-25T08:47:24.371+0000] {processor.py:183} INFO - Processing /home/airflow/.local/lib/python3.12/site-packages/airflow/example_dags/example_dag_decorator.py took 0.237 seconds
[2026-04-25T08:47:54.521+0000] {processor.py:161} INFO - Started process (PID=1780) to work on /home/airflow/.local/lib/python3.12/site-packages/airflow/example_dags/example_dag_decorator.py
[2026-04-25T08:47:54.522+0000] {processor.py:830} INFO - Processing file /home/airflow/.local/lib/python3.12/site-packages/airflow/example_dags/example_dag_decorator.py for tasks to queue
[2026-04-25T08:47:54.524+0000] {logging_mixin.py:188} INFO - [2026-04-25T08:47:54.523+0000] {dagbag.py:545} INFO - Filling up the DagBag from /home/airflow/.local/lib/python3.12/site-packages/airflow/example_dags/example_dag_decorator.py
[2026-04-25T08:47:54.607+0000] {processor.py:840} INFO - DAG(s) 'example_dag_decorator' retrieved from /home/airflow/.local/lib/python3.12/site-packages/airflow/example_dags/example_dag_decorator.py
[2026-04-25T08:47:54.707+0000] {logging_mixin.py:188} INFO - [2026-04-25T08:47:54.707+0000] {dag.py:3096} INFO - Sync 1 DAGs
[2026-04-25T08:47:54.717+0000] {logging_mixin.py:188} INFO - [2026-04-25T08:47:54.717+0000] {dag.py:3954} INFO - Setting next_dagrun for example_dag_decorator to None, run_after=None
[2026-04-25T08:47:54.732+0000] {processor.py:183} INFO - Processing /home/airflow/.local/lib/python3.12/site-packages/airflow/example_dags/example_dag_decorator.py took 0.215 seconds
[2026-04-25T08:48:25.388+0000] {processor.py:161} INFO - Started process (PID=1838) to work on /home/airflow/.local/lib/python3.12/site-packages/airflow/example_dags/example_dag_decorator.py
[2026-04-25T08:48:25.389+0000] {processor.py:830} INFO - Processing file /home/airflow/.local/lib/python3.12/site-packages/airflow/example_dags/example_dag_decorator.py for tasks to queue
[2026-04-25T08:48:25.390+0000] {logging_mixin.py:188} INFO - [2026-04-25T08:48:25.390+0000] {dagbag.py:545} INFO - Filling up the DagBag from /home/airflow/.local/lib/python3.12/site-packages/airflow/example_dags/example_dag_decorator.py
[2026-04-25T08:48:25.495+0000] {processor.py:840} INFO - DAG(s) 'example_dag_decorator' retrieved from /home/airflow/.local/lib/python3.12/site-packages/airflow/example_dags/example_dag_decorator.py
[2026-04-25T08:48:25.660+0000] {logging_mixin.py:188} INFO - [2026-04-25T08:48:25.659+0000] {dag.py:3096} INFO - Sync 1 DAGs
[2026-04-25T08:48:25.684+0000] {logging_mixin.py:188} INFO - [2026-04-25T08:48:25.681+0000] {dag.py:3954} INFO - Setting next_dagrun for example_dag_decorator to None, run_after=None
[2026-04-25T08:48:25.712+0000] {processor.py:183} INFO - Processing /home/airflow/.local/lib/python3.12/site-packages/airflow/example_dags/example_dag_decorator.py took 0.328 seconds
[2026-04-25T08:48:56.238+0000] {processor.py:161} INFO - Started process (PID=1896) to work on /home/airflow/.local/lib/python3.12/site-packages/airflow/example_dags/example_dag_decorator.py
[2026-04-25T08:48:56.238+0000] {processor.py:830} INFO - Processing file /home/airflow/.local/lib/python3.12/site-packages/airflow/example_dags/example_dag_decorator.py for tasks to queue
[2026-04-25T08:48:56.240+0000] {logging_mixin.py:188} INFO - [2026-04-25T08:48:56.239+0000] {dagbag.py:545} INFO - Filling up the DagBag from /home/airflow/.local/lib/python3.12/site-packages/airflow/example_dags/example_dag_decorator.py
[2026-04-25T08:48:56.334+0000] {processor.py:840} INFO - DAG(s) 'example_dag_decorator' retrieved from /home/airflow/.local/lib/python3.12/site-packages/airflow/example_dags/example_dag_decorator.py
[2026-04-25T08:48:56.434+0000] {logging_mixin.py:188} INFO - [2026-04-25T08:48:56.434+0000] {dag.py:3096} INFO - Sync 1 DAGs
[2026-04-25T08:48:56.444+0000] {logging_mixin.py:188} INFO - [2026-04-25T08:48:56.443+0000] {dag.py:3954} INFO - Setting next_dagrun for example_dag_decorator to None, run_after=None
[2026-04-25T08:48:56.459+0000] {processor.py:183} INFO - Processing /home/airflow/.local/lib/python3.12/site-packages/airflow/example_dags/example_dag_decorator.py took 0.225 seconds
[2026-04-25T08:49:26.717+0000] {processor.py:161} INFO - Started process (PID=1954) to work on /home/airflow/.local/lib/python3.12/site-packages/airflow/example_dags/example_dag_decorator.py
[2026-04-25T08:49:26.717+0000] {processor.py:830} INFO - Processing file /home/airflow/.local/lib/python3.12/site-packages/airflow/example_dags/example_dag_decorator.py for tasks to queue
[2026-04-25T08:49:26.719+0000] {logging_mixin.py:188} INFO - [2026-04-25T08:49:26.719+0000] {dagbag.py:545} INFO - Filling up the DagBag from /home/airflow/.local/lib/python3.12/site-packages/airflow/example_dags/example_dag_decorator.py
[2026-04-25T08:49:26.823+0000] {processor.py:840} INFO - DAG(s) 'example_dag_decorator' retrieved from /home/airflow/.local/lib/python3.12/site-packages/airflow/example_dags/example_dag_decorator.py
[2026-04-25T08:49:26.936+0000] {logging_mixin.py:188} INFO - [2026-04-25T08:49:26.936+0000] {dag.py:3096} INFO - Sync 1 DAGs
[2026-04-25T08:49:26.949+0000] {logging_mixin.py:188} INFO - [2026-04-25T08:49:26.949+0000] {dag.py:3954} INFO - Setting next_dagrun for example_dag_decorator to None, run_after=None
[2026-04-25T08:49:26.966+0000] {processor.py:183} INFO - Processing /home/airflow/.local/lib/python3.12/site-packages/airflow/example_dags/example_dag_decorator.py took 0.254 seconds
[2026-04-25T08:49:57.253+0000] {processor.py:161} INFO - Started process (PID=2012) to work on /home/airflow/.local/lib/python3.12/site-packages/airflow/example_dags/example_dag_decorator.py
[2026-04-25T08:49:57.254+0000] {processor.py:830} INFO - Processing file /home/airflow/.local/lib/python3.12/site-packages/airflow/example_dags/example_dag_decorator.py for tasks to queue
[2026-04-25T08:49:57.256+0000] {logging_mixin.py:188} INFO - [2026-04-25T08:49:57.255+0000] {dagbag.py:545} INFO - Filling up the DagBag from /home/airflow/.local/lib/python3.12/site-packages/airflow/example_dags/example_dag_decorator.py
[2026-04-25T08:49:57.343+0000] {processor.py:840} INFO - DAG(s) 'example_dag_decorator' retrieved from /home/airflow/.local/lib/python3.12/site-packages/airflow/example_dags/example_dag_decorator.py
[2026-04-25T08:49:57.451+0000] {logging_mixin.py:188} INFO - [2026-04-25T08:49:57.451+0000] {dag.py:3096} INFO - Sync 1 DAGs
[2026-04-25T08:49:57.465+0000] {logging_mixin.py:188} INFO - [2026-04-25T08:49:57.465+0000] {dag.py:3954} INFO - Setting next_dagrun for example_dag_decorator to None, run_after=None
[2026-04-25T08:49:57.481+0000] {processor.py:183} INFO - Processing /home/airflow/.local/lib/python3.12/site-packages/airflow/example_dags/example_dag_decorator.py took 0.232 seconds
[2026-04-25T08:50:27.695+0000] {processor.py:161} INFO - Started process (PID=2070) to work on /home/airflow/.local/lib/python3.12/site-packages/airflow/example_dags/example_dag_decorator.py
[2026-04-25T08:50:27.696+0000] {processor.py:830} INFO - Processing file /home/airflow/.local/lib/python3.12/site-packages/airflow/example_dags/example_dag_decorator.py for tasks to queue
[2026-04-25T08:50:27.697+0000] {logging_mixin.py:188} INFO - [2026-04-25T08:50:27.697+0000] {dagbag.py:545} INFO - Filling up the DagBag from /home/airflow/.local/lib/python3.12/site-packages/airflow/example_dags/example_dag_decorator.py
[2026-04-25T08:50:27.781+0000] {processor.py:840} INFO - DAG(s) 'example_dag_decorator' retrieved from /home/airflow/.local/lib/python3.12/site-packages/airflow/example_dags/example_dag_decorator.py
[2026-04-25T08:50:27.880+0000] {logging_mixin.py:188} INFO - [2026-04-25T08:50:27.879+0000] {dag.py:3096} INFO - Sync 1 DAGs
[2026-04-25T08:50:27.890+0000] {logging_mixin.py:188} INFO - [2026-04-25T08:50:27.889+0000] {dag.py:3954} INFO - Setting next_dagrun for example_dag_decorator to None, run_after=None
[2026-04-25T08:50:27.907+0000] {processor.py:183} INFO - Processing /home/airflow/.local/lib/python3.12/site-packages/airflow/example_dags/example_dag_decorator.py took 0.217 seconds
[2026-04-25T08:50:58.219+0000] {processor.py:161} INFO - Started process (PID=2128) to work on /home/airflow/.local/lib/python3.12/site-packages/airflow/example_dags/example_dag_decorator.py
[2026-04-25T08:50:58.220+0000] {processor.py:830} INFO - Processing file /home/airflow/.local/lib/python3.12/site-packages/airflow/example_dags/example_dag_decorator.py for tasks to queue
[2026-04-25T08:50:58.222+0000] {logging_mixin.py:188} INFO - [2026-04-25T08:50:58.222+0000] {dagbag.py:545} INFO - Filling up the DagBag from /home/airflow/.local/lib/python3.12/site-packages/airflow/example_dags/example_dag_decorator.py
[2026-04-25T08:50:58.323+0000] {processor.py:840} INFO - DAG(s) 'example_dag_decorator' retrieved from /home/airflow/.local/lib/python3.12/site-packages/airflow/example_dags/example_dag_decorator.py
[2026-04-25T08:50:58.423+0000] {logging_mixin.py:188} INFO - [2026-04-25T08:50:58.423+0000] {dag.py:3096} INFO - Sync 1 DAGs
[2026-04-25T08:50:58.432+0000] {logging_mixin.py:188} INFO - [2026-04-25T08:50:58.432+0000] {dag.py:3954} INFO - Setting next_dagrun for example_dag_decorator to None, run_after=None
[2026-04-25T08:50:58.449+0000] {processor.py:183} INFO - Processing /home/airflow/.local/lib/python3.12/site-packages/airflow/example_dags/example_dag_decorator.py took 0.234 seconds
[2026-04-25T08:51:28.898+0000] {processor.py:161} INFO - Started process (PID=2186) to work on /home/airflow/.local/lib/python3.12/site-packages/airflow/example_dags/example_dag_decorator.py
[2026-04-25T08:51:28.898+0000] {processor.py:830} INFO - Processing file /home/airflow/.local/lib/python3.12/site-packages/airflow/example_dags/example_dag_decorator.py for tasks to queue
[2026-04-25T08:51:28.900+0000] {logging_mixin.py:188} INFO - [2026-04-25T08:51:28.899+0000] {dagbag.py:545} INFO - Filling up the DagBag from /home/airflow/.local/lib/python3.12/site-packages/airflow/example_dags/example_dag_decorator.py
[2026-04-25T08:51:28.987+0000] {processor.py:840} INFO - DAG(s) 'example_dag_decorator' retrieved from /home/airflow/.local/lib/python3.12/site-packages/airflow/example_dags/example_dag_decorator.py
[2026-04-25T08:51:29.101+0000] {logging_mixin.py:188} INFO - [2026-04-25T08:51:29.101+0000] {dag.py:3096} INFO - Sync 1 DAGs
[2026-04-25T08:51:29.115+0000] {logging_mixin.py:188} INFO - [2026-04-25T08:51:29.115+0000] {dag.py:3954} INFO - Setting next_dagrun for example_dag_decorator to None, run_after=None
[2026-04-25T08:51:29.137+0000] {processor.py:183} INFO - Processing /home/airflow/.local/lib/python3.12/site-packages/airflow/example_dags/example_dag_decorator.py took 0.244 seconds
[2026-04-25T08:51:59.823+0000] {processor.py:161} INFO - Started process (PID=2244) to work on /home/airflow/.local/lib/python3.12/site-packages/airflow/example_dags/example_dag_decorator.py
[2026-04-25T08:51:59.824+0000] {processor.py:830} INFO - Processing file /home/airflow/.local/lib/python3.12/site-packages/airflow/example_dags/example_dag_decorator.py for tasks to queue
[2026-04-25T08:51:59.827+0000] {logging_mixin.py:188} INFO - [2026-04-25T08:51:59.825+0000] {dagbag.py:545} INFO - Filling up the DagBag from /home/airflow/.local/lib/python3.12/site-packages/airflow/example_dags/example_dag_decorator.py
[2026-04-25T08:51:59.979+0000] {processor.py:840} INFO - DAG(s) 'example_dag_decorator' retrieved from /home/airflow/.local/lib/python3.12/site-packages/airflow/example_dags/example_dag_decorator.py
[2026-04-25T08:52:00.093+0000] {logging_mixin.py:188} INFO - [2026-04-25T08:52:00.093+0000] {dag.py:3096} INFO - Sync 1 DAGs
[2026-04-25T08:52:00.103+0000] {logging_mixin.py:188} INFO - [2026-04-25T08:52:00.103+0000] {dag.py:3954} INFO - Setting next_dagrun for example_dag_decorator to None, run_after=None
[2026-04-25T08:52:00.118+0000] {processor.py:183} INFO - Processing /home/airflow/.local/lib/python3.12/site-packages/airflow/example_dags/example_dag_decorator.py took 0.301 seconds
[2026-04-25T08:52:30.454+0000] {processor.py:161} INFO - Started process (PID=2302) to work on /home/airflow/.local/lib/python3.12/site-packages/airflow/example_dags/example_dag_decorator.py
[2026-04-25T08:52:30.455+0000] {processor.py:830} INFO - Processing file /home/airflow/.local/lib/python3.12/site-packages/airflow/example_dags/example_dag_decorator.py for tasks to queue
[2026-04-25T08:52:30.456+0000] {logging_mixin.py:188} INFO - [2026-04-25T08:52:30.456+0000] {dagbag.py:545} INFO - Filling up the DagBag from /home/airflow/.local/lib/python3.12/site-packages/airflow/example_dags/example_dag_decorator.py
[2026-04-25T08:52:30.550+0000] {processor.py:840} INFO - DAG(s) 'example_dag_decorator' retrieved from /home/airflow/.local/lib/python3.12/site-packages/airflow/example_dags/example_dag_decorator.py
[2026-04-25T08:52:30.683+0000] {logging_mixin.py:188} INFO - [2026-04-25T08:52:30.683+0000] {dag.py:3096} INFO - Sync 1 DAGs
[2026-04-25T08:52:30.701+0000] {logging_mixin.py:188} INFO - [2026-04-25T08:52:30.701+0000] {dag.py:3954} INFO - Setting next_dagrun for example_dag_decorator to None, run_after=None
[2026-04-25T08:52:30.738+0000] {processor.py:183} INFO - Processing /home/airflow/.local/lib/python3.12/site-packages/airflow/example_dags/example_dag_decorator.py took 0.289 seconds
[2026-04-25T08:53:01.066+0000] {processor.py:161} INFO - Started process (PID=2360) to work on /home/airflow/.local/lib/python3.12/site-packages/airflow/example_dags/example_dag_decorator.py
[2026-04-25T08:53:01.067+0000] {processor.py:830} INFO - Processing file /home/airflow/.local/lib/python3.12/site-packages/airflow/example_dags/example_dag_decorator.py for tasks to queue
[2026-04-25T08:53:01.069+0000] {logging_mixin.py:188} INFO - [2026-04-25T08:53:01.068+0000] {dagbag.py:545} INFO - Filling up the DagBag from /home/airflow/.local/lib/python3.12/site-packages/airflow/example_dags/example_dag_decorator.py
[2026-04-25T08:53:01.176+0000] {processor.py:840} INFO - DAG(s) 'example_dag_decorator' retrieved from /home/airflow/.local/lib/python3.12/site-packages/airflow/example_dags/example_dag_decorator.py
[2026-04-25T08:53:01.320+0000] {logging_mixin.py:188} INFO - [2026-04-25T08:53:01.320+0000] {dag.py:3096} INFO - Sync 1 DAGs
[2026-04-25T08:53:01.329+0000] {logging_mixin.py:188} INFO - [2026-04-25T08:53:01.329+0000] {dag.py:3954} INFO - Setting next_dagrun for example_dag_decorator to None, run_after=None
[2026-04-25T08:53:01.344+0000] {processor.py:183} INFO - Processing /home/airflow/.local/lib/python3.12/site-packages/airflow/example_dags/example_dag_decorator.py took 0.284 seconds
[2026-04-25T08:53:31.751+0000] {processor.py:161} INFO - Started process (PID=2418) to work on /home/airflow/.local/lib/python3.12/site-packages/airflow/example_dags/example_dag_decorator.py
[2026-04-25T08:53:31.751+0000] {processor.py:830} INFO - Processing file /home/airflow/.local/lib/python3.12/site-packages/airflow/example_dags/example_dag_decorator.py for tasks to queue
[2026-04-25T08:53:31.753+0000] {logging_mixin.py:188} INFO - [2026-04-25T08:53:31.752+0000] {dagbag.py:545} INFO - Filling up the DagBag from /home/airflow/.local/lib/python3.12/site-packages/airflow/example_dags/example_dag_decorator.py
[2026-04-25T08:53:31.852+0000] {processor.py:840} INFO - DAG(s) 'example_dag_decorator' retrieved from /home/airflow/.local/lib/python3.12/site-packages/airflow/example_dags/example_dag_decorator.py
[2026-04-25T08:53:31.958+0000] {logging_mixin.py:188} INFO - [2026-04-25T08:53:31.957+0000] {dag.py:3096} INFO - Sync 1 DAGs
[2026-04-25T08:53:31.972+0000] {logging_mixin.py:188} INFO - [2026-04-25T08:53:31.971+0000] {dag.py:3954} INFO - Setting next_dagrun for example_dag_decorator to None, run_after=None
[2026-04-25T08:53:31.990+0000] {processor.py:183} INFO - Processing /home/airflow/.local/lib/python3.12/site-packages/airflow/example_dags/example_dag_decorator.py took 0.244 seconds
[2026-04-25T08:54:02.168+0000] {processor.py:161} INFO - Started process (PID=2476) to work on /home/airflow/.local/lib/python3.12/site-packages/airflow/example_dags/example_dag_decorator.py
[2026-04-25T08:54:02.168+0000] {processor.py:830} INFO - Processing file /home/airflow/.local/lib/python3.12/site-packages/airflow/example_dags/example_dag_decorator.py for tasks to queue
[2026-04-25T08:54:02.170+0000] {logging_mixin.py:188} INFO - [2026-04-25T08:54:02.170+0000] {dagbag.py:545} INFO - Filling up the DagBag from /home/airflow/.local/lib/python3.12/site-packages/airflow/example_dags/example_dag_decorator.py
[2026-04-25T08:54:02.270+0000] {processor.py:840} INFO - DAG(s) 'example_dag_decorator' retrieved from /home/airflow/.local/lib/python3.12/site-packages/airflow/example_dags/example_dag_decorator.py
[2026-04-25T08:54:02.370+0000] {logging_mixin.py:188} INFO - [2026-04-25T08:54:02.369+0000] {dag.py:3096} INFO - Sync 1 DAGs
[2026-04-25T08:54:02.378+0000] {logging_mixin.py:188} INFO - [2026-04-25T08:54:02.378+0000] {dag.py:3954} INFO - Setting next_dagrun for example_dag_decorator to None, run_after=None
[2026-04-25T08:54:02.393+0000] {processor.py:183} INFO - Processing /home/airflow/.local/lib/python3.12/site-packages/airflow/example_dags/example_dag_decorator.py took 0.230 seconds
[2026-04-25T08:54:32.552+0000] {processor.py:161} INFO - Started process (PID=2533) to work on /home/airflow/.local/lib/python3.12/site-packages/airflow/example_dags/example_dag_decorator.py
[2026-04-25T08:54:32.553+0000] {processor.py:830} INFO - Processing file /home/airflow/.local/lib/python3.12/site-packages/airflow/example_dags/example_dag_decorator.py for tasks to queue
[2026-04-25T08:54:32.555+0000] {logging_mixin.py:188} INFO - [2026-04-25T08:54:32.555+0000] {dagbag.py:545} INFO - Filling up the DagBag from /home/airflow/.local/lib/python3.12/site-packages/airflow/example_dags/example_dag_decorator.py
[2026-04-25T08:54:32.690+0000] {processor.py:840} INFO - DAG(s) 'example_dag_decorator' retrieved from /home/airflow/.local/lib/python3.12/site-packages/airflow/example_dags/example_dag_decorator.py
[2026-04-25T08:54:32.838+0000] {logging_mixin.py:188} INFO - [2026-04-25T08:54:32.838+0000] {dag.py:3096} INFO - Sync 1 DAGs
[2026-04-25T08:54:32.851+0000] {logging_mixin.py:188} INFO - [2026-04-25T08:54:32.850+0000] {dag.py:3954} INFO - Setting next_dagrun for example_dag_decorator to None, run_after=None
[2026-04-25T08:54:32.874+0000] {processor.py:183} INFO - Processing /home/airflow/.local/lib/python3.12/site-packages/airflow/example_dags/example_dag_decorator.py took 0.328 seconds
[2026-04-25T08:55:03.167+0000] {processor.py:161} INFO - Started process (PID=2597) to work on /home/airflow/.local/lib/python3.12/site-packages/airflow/example_dags/example_dag_decorator.py
[2026-04-25T08:55:03.168+0000] {processor.py:830} INFO - Processing file /home/airflow/.local/lib/python3.12/site-packages/airflow/example_dags/example_dag_decorator.py for tasks to queue
[2026-04-25T08:55:03.170+0000] {logging_mixin.py:188} INFO - [2026-04-25T08:55:03.170+0000] {dagbag.py:545} INFO - Filling up the DagBag from /home/airflow/.local/lib/python3.12/site-packages/airflow/example_dags/example_dag_decorator.py
[2026-04-25T08:55:03.256+0000] {processor.py:840} INFO - DAG(s) 'example_dag_decorator' retrieved from /home/airflow/.local/lib/python3.12/site-packages/airflow/example_dags/example_dag_decorator.py
[2026-04-25T08:55:03.367+0000] {logging_mixin.py:188} INFO - [2026-04-25T08:55:03.367+0000] {dag.py:3096} INFO - Sync 1 DAGs
[2026-04-25T08:55:03.376+0000] {logging_mixin.py:188} INFO - [2026-04-25T08:55:03.376+0000] {dag.py:3954} INFO - Setting next_dagrun for example_dag_decorator to None, run_after=None
[2026-04-25T08:55:03.391+0000] {processor.py:183} INFO - Processing /home/airflow/.local/lib/python3.12/site-packages/airflow/example_dags/example_dag_decorator.py took 0.233 seconds
[2026-04-25T08:55:33.571+0000] {processor.py:161} INFO - Started process (PID=2655) to work on /home/airflow/.local/lib/python3.12/site-packages/airflow/example_dags/example_dag_decorator.py
[2026-04-25T08:55:33.572+0000] {processor.py:830} INFO - Processing file /home/airflow/.local/lib/python3.12/site-packages/airflow/example_dags/example_dag_decorator.py for tasks to queue
[2026-04-25T08:55:33.574+0000] {logging_mixin.py:188} INFO - [2026-04-25T08:55:33.573+0000] {dagbag.py:545} INFO - Filling up the DagBag from /home/airflow/.local/lib/python3.12/site-packages/airflow/example_dags/example_dag_decorator.py
[2026-04-25T08:55:33.674+0000] {processor.py:840} INFO - DAG(s) 'example_dag_decorator' retrieved from /home/airflow/.local/lib/python3.12/site-packages/airflow/example_dags/example_dag_decorator.py
[2026-04-25T08:55:33.795+0000] {logging_mixin.py:188} INFO - [2026-04-25T08:55:33.794+0000] {dag.py:3096} INFO - Sync 1 DAGs
[2026-04-25T08:55:33.806+0000] {logging_mixin.py:188} INFO - [2026-04-25T08:55:33.806+0000] {dag.py:3954} INFO - Setting next_dagrun for example_dag_decorator to None, run_after=None
[2026-04-25T08:55:33.823+0000] {processor.py:183} INFO - Processing /home/airflow/.local/lib/python3.12/site-packages/airflow/example_dags/example_dag_decorator.py took 0.258 seconds
