[2026-04-25T08:33:08.028+0000] {processor.py:161} INFO - Started process (PID=108) to work on /home/airflow/.local/lib/python3.12/site-packages/airflow/example_dags/example_complex.py
[2026-04-25T08:33:08.028+0000] {processor.py:830} INFO - Processing file /home/airflow/.local/lib/python3.12/site-packages/airflow/example_dags/example_complex.py for tasks to queue
[2026-04-25T08:33:08.031+0000] {logging_mixin.py:188} INFO - [2026-04-25T08:33:08.031+0000] {dagbag.py:545} INFO - Filling up the DagBag from /home/airflow/.local/lib/python3.12/site-packages/airflow/example_dags/example_complex.py
[2026-04-25T08:33:08.049+0000] {processor.py:840} INFO - DAG(s) 'example_complex' retrieved from /home/airflow/.local/lib/python3.12/site-packages/airflow/example_dags/example_complex.py
[2026-04-25T08:33:08.207+0000] {logging_mixin.py:188} INFO - [2026-04-25T08:33:08.207+0000] {dag.py:3096} INFO - Sync 1 DAGs
[2026-04-25T08:33:08.221+0000] {logging_mixin.py:188} INFO - [2026-04-25T08:33:08.220+0000] {dag.py:3954} INFO - Setting next_dagrun for example_complex to None, run_after=None
[2026-04-25T08:33:08.244+0000] {processor.py:183} INFO - Processing /home/airflow/.local/lib/python3.12/site-packages/airflow/example_dags/example_complex.py took 0.224 seconds
[2026-04-25T08:33:38.596+0000] {processor.py:161} INFO - Started process (PID=166) to work on /home/airflow/.local/lib/python3.12/site-packages/airflow/example_dags/example_complex.py
[2026-04-25T08:33:38.597+0000] {processor.py:830} INFO - Processing file /home/airflow/.local/lib/python3.12/site-packages/airflow/example_dags/example_complex.py for tasks to queue
[2026-04-25T08:33:38.598+0000] {logging_mixin.py:188} INFO - [2026-04-25T08:33:38.598+0000] {dagbag.py:545} INFO - Filling up the DagBag from /home/airflow/.local/lib/python3.12/site-packages/airflow/example_dags/example_complex.py
[2026-04-25T08:33:38.611+0000] {processor.py:840} INFO - DAG(s) 'example_complex' retrieved from /home/airflow/.local/lib/python3.12/site-packages/airflow/example_dags/example_complex.py
[2026-04-25T08:33:38.650+0000] {logging_mixin.py:188} INFO - [2026-04-25T08:33:38.650+0000] {dag.py:3096} INFO - Sync 1 DAGs
[2026-04-25T08:33:38.662+0000] {logging_mixin.py:188} INFO - [2026-04-25T08:33:38.662+0000] {dag.py:3954} INFO - Setting next_dagrun for example_complex to None, run_after=None
[2026-04-25T08:33:38.678+0000] {processor.py:183} INFO - Processing /home/airflow/.local/lib/python3.12/site-packages/airflow/example_dags/example_complex.py took 0.086 seconds
[2026-04-25T08:34:08.903+0000] {processor.py:161} INFO - Started process (PID=224) to work on /home/airflow/.local/lib/python3.12/site-packages/airflow/example_dags/example_complex.py
[2026-04-25T08:34:08.904+0000] {processor.py:830} INFO - Processing file /home/airflow/.local/lib/python3.12/site-packages/airflow/example_dags/example_complex.py for tasks to queue
[2026-04-25T08:34:08.905+0000] {logging_mixin.py:188} INFO - [2026-04-25T08:34:08.905+0000] {dagbag.py:545} INFO - Filling up the DagBag from /home/airflow/.local/lib/python3.12/site-packages/airflow/example_dags/example_complex.py
[2026-04-25T08:34:08.917+0000] {processor.py:840} INFO - DAG(s) 'example_complex' retrieved from /home/airflow/.local/lib/python3.12/site-packages/airflow/example_dags/example_complex.py
[2026-04-25T08:34:08.948+0000] {logging_mixin.py:188} INFO - [2026-04-25T08:34:08.947+0000] {dag.py:3096} INFO - Sync 1 DAGs
[2026-04-25T08:34:08.959+0000] {logging_mixin.py:188} INFO - [2026-04-25T08:34:08.959+0000] {dag.py:3954} INFO - Setting next_dagrun for example_complex to None, run_after=None
[2026-04-25T08:34:08.976+0000] {processor.py:183} INFO - Processing /home/airflow/.local/lib/python3.12/site-packages/airflow/example_dags/example_complex.py took 0.078 seconds
[2026-04-25T08:34:39.932+0000] {processor.py:161} INFO - Started process (PID=282) to work on /home/airflow/.local/lib/python3.12/site-packages/airflow/example_dags/example_complex.py
[2026-04-25T08:34:39.933+0000] {processor.py:830} INFO - Processing file /home/airflow/.local/lib/python3.12/site-packages/airflow/example_dags/example_complex.py for tasks to queue
[2026-04-25T08:34:39.935+0000] {logging_mixin.py:188} INFO - [2026-04-25T08:34:39.935+0000] {dagbag.py:545} INFO - Filling up the DagBag from /home/airflow/.local/lib/python3.12/site-packages/airflow/example_dags/example_complex.py
[2026-04-25T08:34:39.957+0000] {processor.py:840} INFO - DAG(s) 'example_complex' retrieved from /home/airflow/.local/lib/python3.12/site-packages/airflow/example_dags/example_complex.py
[2026-04-25T08:34:40.013+0000] {logging_mixin.py:188} INFO - [2026-04-25T08:34:40.013+0000] {dag.py:3096} INFO - Sync 1 DAGs
[2026-04-25T08:34:40.039+0000] {logging_mixin.py:188} INFO - [2026-04-25T08:34:40.036+0000] {dag.py:3954} INFO - Setting next_dagrun for example_complex to None, run_after=None
[2026-04-25T08:34:40.055+0000] {processor.py:183} INFO - Processing /home/airflow/.local/lib/python3.12/site-packages/airflow/example_dags/example_complex.py took 0.131 seconds
[2026-04-25T08:35:10.610+0000] {processor.py:161} INFO - Started process (PID=340) to work on /home/airflow/.local/lib/python3.12/site-packages/airflow/example_dags/example_complex.py
[2026-04-25T08:35:10.610+0000] {processor.py:830} INFO - Processing file /home/airflow/.local/lib/python3.12/site-packages/airflow/example_dags/example_complex.py for tasks to queue
[2026-04-25T08:35:10.612+0000] {logging_mixin.py:188} INFO - [2026-04-25T08:35:10.611+0000] {dagbag.py:545} INFO - Filling up the DagBag from /home/airflow/.local/lib/python3.12/site-packages/airflow/example_dags/example_complex.py
[2026-04-25T08:35:10.621+0000] {processor.py:840} INFO - DAG(s) 'example_complex' retrieved from /home/airflow/.local/lib/python3.12/site-packages/airflow/example_dags/example_complex.py
[2026-04-25T08:35:10.665+0000] {logging_mixin.py:188} INFO - [2026-04-25T08:35:10.665+0000] {dag.py:3096} INFO - Sync 1 DAGs
[2026-04-25T08:35:10.683+0000] {logging_mixin.py:188} INFO - [2026-04-25T08:35:10.682+0000] {dag.py:3954} INFO - Setting next_dagrun for example_complex to None, run_after=None
[2026-04-25T08:35:10.702+0000] {processor.py:183} INFO - Processing /home/airflow/.local/lib/python3.12/site-packages/airflow/example_dags/example_complex.py took 0.097 seconds
[2026-04-25T08:35:40.883+0000] {processor.py:161} INFO - Started process (PID=398) to work on /home/airflow/.local/lib/python3.12/site-packages/airflow/example_dags/example_complex.py
[2026-04-25T08:35:40.883+0000] {processor.py:830} INFO - Processing file /home/airflow/.local/lib/python3.12/site-packages/airflow/example_dags/example_complex.py for tasks to queue
[2026-04-25T08:35:40.885+0000] {logging_mixin.py:188} INFO - [2026-04-25T08:35:40.884+0000] {dagbag.py:545} INFO - Filling up the DagBag from /home/airflow/.local/lib/python3.12/site-packages/airflow/example_dags/example_complex.py
[2026-04-25T08:35:40.894+0000] {processor.py:840} INFO - DAG(s) 'example_complex' retrieved from /home/airflow/.local/lib/python3.12/site-packages/airflow/example_dags/example_complex.py
[2026-04-25T08:35:40.926+0000] {logging_mixin.py:188} INFO - [2026-04-25T08:35:40.926+0000] {dag.py:3096} INFO - Sync 1 DAGs
[2026-04-25T08:35:40.939+0000] {logging_mixin.py:188} INFO - [2026-04-25T08:35:40.939+0000] {dag.py:3954} INFO - Setting next_dagrun for example_complex to None, run_after=None
[2026-04-25T08:35:40.954+0000] {processor.py:183} INFO - Processing /home/airflow/.local/lib/python3.12/site-packages/airflow/example_dags/example_complex.py took 0.076 seconds
[2026-04-25T08:36:11.897+0000] {processor.py:161} INFO - Started process (PID=456) to work on /home/airflow/.local/lib/python3.12/site-packages/airflow/example_dags/example_complex.py
[2026-04-25T08:36:11.898+0000] {processor.py:830} INFO - Processing file /home/airflow/.local/lib/python3.12/site-packages/airflow/example_dags/example_complex.py for tasks to queue
[2026-04-25T08:36:11.900+0000] {logging_mixin.py:188} INFO - [2026-04-25T08:36:11.899+0000] {dagbag.py:545} INFO - Filling up the DagBag from /home/airflow/.local/lib/python3.12/site-packages/airflow/example_dags/example_complex.py
[2026-04-25T08:36:11.912+0000] {processor.py:840} INFO - DAG(s) 'example_complex' retrieved from /home/airflow/.local/lib/python3.12/site-packages/airflow/example_dags/example_complex.py
[2026-04-25T08:36:11.947+0000] {logging_mixin.py:188} INFO - [2026-04-25T08:36:11.947+0000] {dag.py:3096} INFO - Sync 1 DAGs
[2026-04-25T08:36:11.959+0000] {logging_mixin.py:188} INFO - [2026-04-25T08:36:11.959+0000] {dag.py:3954} INFO - Setting next_dagrun for example_complex to None, run_after=None
[2026-04-25T08:36:11.976+0000] {processor.py:183} INFO - Processing /home/airflow/.local/lib/python3.12/site-packages/airflow/example_dags/example_complex.py took 0.084 seconds
[2026-04-25T08:36:42.470+0000] {processor.py:161} INFO - Started process (PID=514) to work on /home/airflow/.local/lib/python3.12/site-packages/airflow/example_dags/example_complex.py
[2026-04-25T08:36:42.471+0000] {processor.py:830} INFO - Processing file /home/airflow/.local/lib/python3.12/site-packages/airflow/example_dags/example_complex.py for tasks to queue
[2026-04-25T08:36:42.473+0000] {logging_mixin.py:188} INFO - [2026-04-25T08:36:42.473+0000] {dagbag.py:545} INFO - Filling up the DagBag from /home/airflow/.local/lib/python3.12/site-packages/airflow/example_dags/example_complex.py
[2026-04-25T08:36:42.487+0000] {processor.py:840} INFO - DAG(s) 'example_complex' retrieved from /home/airflow/.local/lib/python3.12/site-packages/airflow/example_dags/example_complex.py
[2026-04-25T08:36:42.529+0000] {logging_mixin.py:188} INFO - [2026-04-25T08:36:42.528+0000] {dag.py:3096} INFO - Sync 1 DAGs
[2026-04-25T08:36:42.539+0000] {logging_mixin.py:188} INFO - [2026-04-25T08:36:42.539+0000] {dag.py:3954} INFO - Setting next_dagrun for example_complex to None, run_after=None
[2026-04-25T08:36:42.556+0000] {processor.py:183} INFO - Processing /home/airflow/.local/lib/python3.12/site-packages/airflow/example_dags/example_complex.py took 0.092 seconds
[2026-04-25T08:37:12.622+0000] {processor.py:161} INFO - Started process (PID=573) to work on /home/airflow/.local/lib/python3.12/site-packages/airflow/example_dags/example_complex.py
[2026-04-25T08:37:12.623+0000] {processor.py:830} INFO - Processing file /home/airflow/.local/lib/python3.12/site-packages/airflow/example_dags/example_complex.py for tasks to queue
[2026-04-25T08:37:12.625+0000] {logging_mixin.py:188} INFO - [2026-04-25T08:37:12.624+0000] {dagbag.py:545} INFO - Filling up the DagBag from /home/airflow/.local/lib/python3.12/site-packages/airflow/example_dags/example_complex.py
[2026-04-25T08:37:12.639+0000] {processor.py:840} INFO - DAG(s) 'example_complex' retrieved from /home/airflow/.local/lib/python3.12/site-packages/airflow/example_dags/example_complex.py
[2026-04-25T08:37:12.667+0000] {logging_mixin.py:188} INFO - [2026-04-25T08:37:12.667+0000] {dag.py:3096} INFO - Sync 1 DAGs
[2026-04-25T08:37:12.678+0000] {logging_mixin.py:188} INFO - [2026-04-25T08:37:12.678+0000] {dag.py:3954} INFO - Setting next_dagrun for example_complex to None, run_after=None
[2026-04-25T08:37:12.695+0000] {processor.py:183} INFO - Processing /home/airflow/.local/lib/python3.12/site-packages/airflow/example_dags/example_complex.py took 0.077 seconds
[2026-04-25T08:37:42.952+0000] {processor.py:161} INFO - Started process (PID=630) to work on /home/airflow/.local/lib/python3.12/site-packages/airflow/example_dags/example_complex.py
[2026-04-25T08:37:42.953+0000] {processor.py:830} INFO - Processing file /home/airflow/.local/lib/python3.12/site-packages/airflow/example_dags/example_complex.py for tasks to queue
[2026-04-25T08:37:42.954+0000] {logging_mixin.py:188} INFO - [2026-04-25T08:37:42.954+0000] {dagbag.py:545} INFO - Filling up the DagBag from /home/airflow/.local/lib/python3.12/site-packages/airflow/example_dags/example_complex.py
[2026-04-25T08:37:42.964+0000] {processor.py:840} INFO - DAG(s) 'example_complex' retrieved from /home/airflow/.local/lib/python3.12/site-packages/airflow/example_dags/example_complex.py
[2026-04-25T08:37:42.992+0000] {logging_mixin.py:188} INFO - [2026-04-25T08:37:42.992+0000] {dag.py:3096} INFO - Sync 1 DAGs
[2026-04-25T08:37:43.005+0000] {logging_mixin.py:188} INFO - [2026-04-25T08:37:43.005+0000] {dag.py:3954} INFO - Setting next_dagrun for example_complex to None, run_after=None
[2026-04-25T08:37:43.025+0000] {processor.py:183} INFO - Processing /home/airflow/.local/lib/python3.12/site-packages/airflow/example_dags/example_complex.py took 0.078 seconds
[2026-04-25T08:38:13.382+0000] {processor.py:161} INFO - Started process (PID=688) to work on /home/airflow/.local/lib/python3.12/site-packages/airflow/example_dags/example_complex.py
[2026-04-25T08:38:13.383+0000] {processor.py:830} INFO - Processing file /home/airflow/.local/lib/python3.12/site-packages/airflow/example_dags/example_complex.py for tasks to queue
[2026-04-25T08:38:13.384+0000] {logging_mixin.py:188} INFO - [2026-04-25T08:38:13.384+0000] {dagbag.py:545} INFO - Filling up the DagBag from /home/airflow/.local/lib/python3.12/site-packages/airflow/example_dags/example_complex.py
[2026-04-25T08:38:13.394+0000] {processor.py:840} INFO - DAG(s) 'example_complex' retrieved from /home/airflow/.local/lib/python3.12/site-packages/airflow/example_dags/example_complex.py
[2026-04-25T08:38:13.424+0000] {logging_mixin.py:188} INFO - [2026-04-25T08:38:13.424+0000] {dag.py:3096} INFO - Sync 1 DAGs
[2026-04-25T08:38:13.436+0000] {logging_mixin.py:188} INFO - [2026-04-25T08:38:13.436+0000] {dag.py:3954} INFO - Setting next_dagrun for example_complex to None, run_after=None
[2026-04-25T08:38:13.451+0000] {processor.py:183} INFO - Processing /home/airflow/.local/lib/python3.12/site-packages/airflow/example_dags/example_complex.py took 0.074 seconds
[2026-04-25T08:38:43.710+0000] {processor.py:161} INFO - Started process (PID=746) to work on /home/airflow/.local/lib/python3.12/site-packages/airflow/example_dags/example_complex.py
[2026-04-25T08:38:43.711+0000] {processor.py:830} INFO - Processing file /home/airflow/.local/lib/python3.12/site-packages/airflow/example_dags/example_complex.py for tasks to queue
[2026-04-25T08:38:43.713+0000] {logging_mixin.py:188} INFO - [2026-04-25T08:38:43.712+0000] {dagbag.py:545} INFO - Filling up the DagBag from /home/airflow/.local/lib/python3.12/site-packages/airflow/example_dags/example_complex.py
[2026-04-25T08:38:43.737+0000] {processor.py:840} INFO - DAG(s) 'example_complex' retrieved from /home/airflow/.local/lib/python3.12/site-packages/airflow/example_dags/example_complex.py
[2026-04-25T08:38:43.803+0000] {logging_mixin.py:188} INFO - [2026-04-25T08:38:43.803+0000] {dag.py:3096} INFO - Sync 1 DAGs
[2026-04-25T08:38:43.820+0000] {logging_mixin.py:188} INFO - [2026-04-25T08:38:43.820+0000] {dag.py:3954} INFO - Setting next_dagrun for example_complex to None, run_after=None
[2026-04-25T08:38:43.835+0000] {processor.py:183} INFO - Processing /home/airflow/.local/lib/python3.12/site-packages/airflow/example_dags/example_complex.py took 0.132 seconds
[2026-04-25T08:39:14.071+0000] {processor.py:161} INFO - Started process (PID=804) to work on /home/airflow/.local/lib/python3.12/site-packages/airflow/example_dags/example_complex.py
[2026-04-25T08:39:14.072+0000] {processor.py:830} INFO - Processing file /home/airflow/.local/lib/python3.12/site-packages/airflow/example_dags/example_complex.py for tasks to queue
[2026-04-25T08:39:14.073+0000] {logging_mixin.py:188} INFO - [2026-04-25T08:39:14.073+0000] {dagbag.py:545} INFO - Filling up the DagBag from /home/airflow/.local/lib/python3.12/site-packages/airflow/example_dags/example_complex.py
[2026-04-25T08:39:14.082+0000] {processor.py:840} INFO - DAG(s) 'example_complex' retrieved from /home/airflow/.local/lib/python3.12/site-packages/airflow/example_dags/example_complex.py
[2026-04-25T08:39:14.110+0000] {logging_mixin.py:188} INFO - [2026-04-25T08:39:14.110+0000] {dag.py:3096} INFO - Sync 1 DAGs
[2026-04-25T08:39:14.120+0000] {logging_mixin.py:188} INFO - [2026-04-25T08:39:14.120+0000] {dag.py:3954} INFO - Setting next_dagrun for example_complex to None, run_after=None
[2026-04-25T08:39:14.135+0000] {processor.py:183} INFO - Processing /home/airflow/.local/lib/python3.12/site-packages/airflow/example_dags/example_complex.py took 0.068 seconds
[2026-04-25T08:39:44.317+0000] {processor.py:161} INFO - Started process (PID=862) to work on /home/airflow/.local/lib/python3.12/site-packages/airflow/example_dags/example_complex.py
[2026-04-25T08:39:44.317+0000] {processor.py:830} INFO - Processing file /home/airflow/.local/lib/python3.12/site-packages/airflow/example_dags/example_complex.py for tasks to queue
[2026-04-25T08:39:44.318+0000] {logging_mixin.py:188} INFO - [2026-04-25T08:39:44.318+0000] {dagbag.py:545} INFO - Filling up the DagBag from /home/airflow/.local/lib/python3.12/site-packages/airflow/example_dags/example_complex.py
[2026-04-25T08:39:44.327+0000] {processor.py:840} INFO - DAG(s) 'example_complex' retrieved from /home/airflow/.local/lib/python3.12/site-packages/airflow/example_dags/example_complex.py
[2026-04-25T08:39:44.357+0000] {logging_mixin.py:188} INFO - [2026-04-25T08:39:44.357+0000] {dag.py:3096} INFO - Sync 1 DAGs
[2026-04-25T08:39:44.368+0000] {logging_mixin.py:188} INFO - [2026-04-25T08:39:44.368+0000] {dag.py:3954} INFO - Setting next_dagrun for example_complex to None, run_after=None
[2026-04-25T08:39:44.383+0000] {processor.py:183} INFO - Processing /home/airflow/.local/lib/python3.12/site-packages/airflow/example_dags/example_complex.py took 0.071 seconds
[2026-04-25T08:40:14.707+0000] {processor.py:161} INFO - Started process (PID=920) to work on /home/airflow/.local/lib/python3.12/site-packages/airflow/example_dags/example_complex.py
[2026-04-25T08:40:14.708+0000] {processor.py:830} INFO - Processing file /home/airflow/.local/lib/python3.12/site-packages/airflow/example_dags/example_complex.py for tasks to queue
[2026-04-25T08:40:14.709+0000] {logging_mixin.py:188} INFO - [2026-04-25T08:40:14.709+0000] {dagbag.py:545} INFO - Filling up the DagBag from /home/airflow/.local/lib/python3.12/site-packages/airflow/example_dags/example_complex.py
[2026-04-25T08:40:14.718+0000] {processor.py:840} INFO - DAG(s) 'example_complex' retrieved from /home/airflow/.local/lib/python3.12/site-packages/airflow/example_dags/example_complex.py
[2026-04-25T08:40:14.753+0000] {logging_mixin.py:188} INFO - [2026-04-25T08:40:14.753+0000] {dag.py:3096} INFO - Sync 1 DAGs
[2026-04-25T08:40:14.764+0000] {logging_mixin.py:188} INFO - [2026-04-25T08:40:14.764+0000] {dag.py:3954} INFO - Setting next_dagrun for example_complex to None, run_after=None
[2026-04-25T08:40:14.780+0000] {processor.py:183} INFO - Processing /home/airflow/.local/lib/python3.12/site-packages/airflow/example_dags/example_complex.py took 0.078 seconds
[2026-04-25T08:40:45.206+0000] {processor.py:161} INFO - Started process (PID=978) to work on /home/airflow/.local/lib/python3.12/site-packages/airflow/example_dags/example_complex.py
[2026-04-25T08:40:45.206+0000] {processor.py:830} INFO - Processing file /home/airflow/.local/lib/python3.12/site-packages/airflow/example_dags/example_complex.py for tasks to queue
[2026-04-25T08:40:45.208+0000] {logging_mixin.py:188} INFO - [2026-04-25T08:40:45.208+0000] {dagbag.py:545} INFO - Filling up the DagBag from /home/airflow/.local/lib/python3.12/site-packages/airflow/example_dags/example_complex.py
[2026-04-25T08:40:45.222+0000] {processor.py:840} INFO - DAG(s) 'example_complex' retrieved from /home/airflow/.local/lib/python3.12/site-packages/airflow/example_dags/example_complex.py
[2026-04-25T08:40:45.270+0000] {logging_mixin.py:188} INFO - [2026-04-25T08:40:45.269+0000] {dag.py:3096} INFO - Sync 1 DAGs
[2026-04-25T08:40:45.284+0000] {logging_mixin.py:188} INFO - [2026-04-25T08:40:45.284+0000] {dag.py:3954} INFO - Setting next_dagrun for example_complex to None, run_after=None
[2026-04-25T08:40:45.300+0000] {processor.py:183} INFO - Processing /home/airflow/.local/lib/python3.12/site-packages/airflow/example_dags/example_complex.py took 0.102 seconds
[2026-04-25T08:41:15.865+0000] {processor.py:161} INFO - Started process (PID=1036) to work on /home/airflow/.local/lib/python3.12/site-packages/airflow/example_dags/example_complex.py
[2026-04-25T08:41:15.866+0000] {processor.py:830} INFO - Processing file /home/airflow/.local/lib/python3.12/site-packages/airflow/example_dags/example_complex.py for tasks to queue
[2026-04-25T08:41:15.868+0000] {logging_mixin.py:188} INFO - [2026-04-25T08:41:15.868+0000] {dagbag.py:545} INFO - Filling up the DagBag from /home/airflow/.local/lib/python3.12/site-packages/airflow/example_dags/example_complex.py
[2026-04-25T08:41:15.883+0000] {processor.py:840} INFO - DAG(s) 'example_complex' retrieved from /home/airflow/.local/lib/python3.12/site-packages/airflow/example_dags/example_complex.py
[2026-04-25T08:41:15.914+0000] {logging_mixin.py:188} INFO - [2026-04-25T08:41:15.914+0000] {dag.py:3096} INFO - Sync 1 DAGs
[2026-04-25T08:41:15.925+0000] {logging_mixin.py:188} INFO - [2026-04-25T08:41:15.925+0000] {dag.py:3954} INFO - Setting next_dagrun for example_complex to None, run_after=None
[2026-04-25T08:41:15.941+0000] {processor.py:183} INFO - Processing /home/airflow/.local/lib/python3.12/site-packages/airflow/example_dags/example_complex.py took 0.082 seconds
[2026-04-25T08:41:46.592+0000] {processor.py:161} INFO - Started process (PID=1094) to work on /home/airflow/.local/lib/python3.12/site-packages/airflow/example_dags/example_complex.py
[2026-04-25T08:41:46.593+0000] {processor.py:830} INFO - Processing file /home/airflow/.local/lib/python3.12/site-packages/airflow/example_dags/example_complex.py for tasks to queue
[2026-04-25T08:41:46.594+0000] {logging_mixin.py:188} INFO - [2026-04-25T08:41:46.594+0000] {dagbag.py:545} INFO - Filling up the DagBag from /home/airflow/.local/lib/python3.12/site-packages/airflow/example_dags/example_complex.py
[2026-04-25T08:41:46.607+0000] {processor.py:840} INFO - DAG(s) 'example_complex' retrieved from /home/airflow/.local/lib/python3.12/site-packages/airflow/example_dags/example_complex.py
[2026-04-25T08:41:46.640+0000] {logging_mixin.py:188} INFO - [2026-04-25T08:41:46.640+0000] {dag.py:3096} INFO - Sync 1 DAGs
[2026-04-25T08:41:46.654+0000] {logging_mixin.py:188} INFO - [2026-04-25T08:41:46.654+0000] {dag.py:3954} INFO - Setting next_dagrun for example_complex to None, run_after=None
[2026-04-25T08:41:46.670+0000] {processor.py:183} INFO - Processing /home/airflow/.local/lib/python3.12/site-packages/airflow/example_dags/example_complex.py took 0.084 seconds
[2026-04-25T08:42:17.709+0000] {processor.py:161} INFO - Started process (PID=1152) to work on /home/airflow/.local/lib/python3.12/site-packages/airflow/example_dags/example_complex.py
[2026-04-25T08:42:17.710+0000] {processor.py:830} INFO - Processing file /home/airflow/.local/lib/python3.12/site-packages/airflow/example_dags/example_complex.py for tasks to queue
[2026-04-25T08:42:17.711+0000] {logging_mixin.py:188} INFO - [2026-04-25T08:42:17.711+0000] {dagbag.py:545} INFO - Filling up the DagBag from /home/airflow/.local/lib/python3.12/site-packages/airflow/example_dags/example_complex.py
[2026-04-25T08:42:17.720+0000] {processor.py:840} INFO - DAG(s) 'example_complex' retrieved from /home/airflow/.local/lib/python3.12/site-packages/airflow/example_dags/example_complex.py
[2026-04-25T08:42:17.752+0000] {logging_mixin.py:188} INFO - [2026-04-25T08:42:17.752+0000] {dag.py:3096} INFO - Sync 1 DAGs
[2026-04-25T08:42:17.764+0000] {logging_mixin.py:188} INFO - [2026-04-25T08:42:17.764+0000] {dag.py:3954} INFO - Setting next_dagrun for example_complex to None, run_after=None
[2026-04-25T08:42:17.780+0000] {processor.py:183} INFO - Processing /home/airflow/.local/lib/python3.12/site-packages/airflow/example_dags/example_complex.py took 0.076 seconds
[2026-04-25T08:42:48.193+0000] {processor.py:161} INFO - Started process (PID=1210) to work on /home/airflow/.local/lib/python3.12/site-packages/airflow/example_dags/example_complex.py
[2026-04-25T08:42:48.194+0000] {processor.py:830} INFO - Processing file /home/airflow/.local/lib/python3.12/site-packages/airflow/example_dags/example_complex.py for tasks to queue
[2026-04-25T08:42:48.195+0000] {logging_mixin.py:188} INFO - [2026-04-25T08:42:48.195+0000] {dagbag.py:545} INFO - Filling up the DagBag from /home/airflow/.local/lib/python3.12/site-packages/airflow/example_dags/example_complex.py
[2026-04-25T08:42:48.206+0000] {processor.py:840} INFO - DAG(s) 'example_complex' retrieved from /home/airflow/.local/lib/python3.12/site-packages/airflow/example_dags/example_complex.py
[2026-04-25T08:42:48.237+0000] {logging_mixin.py:188} INFO - [2026-04-25T08:42:48.237+0000] {dag.py:3096} INFO - Sync 1 DAGs
[2026-04-25T08:42:48.248+0000] {logging_mixin.py:188} INFO - [2026-04-25T08:42:48.248+0000] {dag.py:3954} INFO - Setting next_dagrun for example_complex to None, run_after=None
[2026-04-25T08:42:48.265+0000] {processor.py:183} INFO - Processing /home/airflow/.local/lib/python3.12/site-packages/airflow/example_dags/example_complex.py took 0.076 seconds
[2026-04-25T08:43:18.791+0000] {processor.py:161} INFO - Started process (PID=1268) to work on /home/airflow/.local/lib/python3.12/site-packages/airflow/example_dags/example_complex.py
[2026-04-25T08:43:18.791+0000] {processor.py:830} INFO - Processing file /home/airflow/.local/lib/python3.12/site-packages/airflow/example_dags/example_complex.py for tasks to queue
[2026-04-25T08:43:18.793+0000] {logging_mixin.py:188} INFO - [2026-04-25T08:43:18.792+0000] {dagbag.py:545} INFO - Filling up the DagBag from /home/airflow/.local/lib/python3.12/site-packages/airflow/example_dags/example_complex.py
[2026-04-25T08:43:18.802+0000] {processor.py:840} INFO - DAG(s) 'example_complex' retrieved from /home/airflow/.local/lib/python3.12/site-packages/airflow/example_dags/example_complex.py
[2026-04-25T08:43:18.842+0000] {logging_mixin.py:188} INFO - [2026-04-25T08:43:18.842+0000] {dag.py:3096} INFO - Sync 1 DAGs
[2026-04-25T08:43:18.857+0000] {logging_mixin.py:188} INFO - [2026-04-25T08:43:18.857+0000] {dag.py:3954} INFO - Setting next_dagrun for example_complex to None, run_after=None
[2026-04-25T08:43:18.873+0000] {processor.py:183} INFO - Processing /home/airflow/.local/lib/python3.12/site-packages/airflow/example_dags/example_complex.py took 0.088 seconds
[2026-04-25T08:43:49.532+0000] {processor.py:161} INFO - Started process (PID=1326) to work on /home/airflow/.local/lib/python3.12/site-packages/airflow/example_dags/example_complex.py
[2026-04-25T08:43:49.533+0000] {processor.py:830} INFO - Processing file /home/airflow/.local/lib/python3.12/site-packages/airflow/example_dags/example_complex.py for tasks to queue
[2026-04-25T08:43:49.535+0000] {logging_mixin.py:188} INFO - [2026-04-25T08:43:49.535+0000] {dagbag.py:545} INFO - Filling up the DagBag from /home/airflow/.local/lib/python3.12/site-packages/airflow/example_dags/example_complex.py
[2026-04-25T08:43:49.551+0000] {processor.py:840} INFO - DAG(s) 'example_complex' retrieved from /home/airflow/.local/lib/python3.12/site-packages/airflow/example_dags/example_complex.py
[2026-04-25T08:43:49.595+0000] {logging_mixin.py:188} INFO - [2026-04-25T08:43:49.595+0000] {dag.py:3096} INFO - Sync 1 DAGs
[2026-04-25T08:43:49.606+0000] {logging_mixin.py:188} INFO - [2026-04-25T08:43:49.606+0000] {dag.py:3954} INFO - Setting next_dagrun for example_complex to None, run_after=None
[2026-04-25T08:43:49.621+0000] {processor.py:183} INFO - Processing /home/airflow/.local/lib/python3.12/site-packages/airflow/example_dags/example_complex.py took 0.096 seconds
[2026-04-25T08:44:19.896+0000] {processor.py:161} INFO - Started process (PID=1384) to work on /home/airflow/.local/lib/python3.12/site-packages/airflow/example_dags/example_complex.py
[2026-04-25T08:44:19.897+0000] {processor.py:830} INFO - Processing file /home/airflow/.local/lib/python3.12/site-packages/airflow/example_dags/example_complex.py for tasks to queue
[2026-04-25T08:44:19.898+0000] {logging_mixin.py:188} INFO - [2026-04-25T08:44:19.898+0000] {dagbag.py:545} INFO - Filling up the DagBag from /home/airflow/.local/lib/python3.12/site-packages/airflow/example_dags/example_complex.py
[2026-04-25T08:44:19.909+0000] {processor.py:840} INFO - DAG(s) 'example_complex' retrieved from /home/airflow/.local/lib/python3.12/site-packages/airflow/example_dags/example_complex.py
[2026-04-25T08:44:19.942+0000] {logging_mixin.py:188} INFO - [2026-04-25T08:44:19.942+0000] {dag.py:3096} INFO - Sync 1 DAGs
[2026-04-25T08:44:19.955+0000] {logging_mixin.py:188} INFO - [2026-04-25T08:44:19.955+0000] {dag.py:3954} INFO - Setting next_dagrun for example_complex to None, run_after=None
[2026-04-25T08:44:19.974+0000] {processor.py:183} INFO - Processing /home/airflow/.local/lib/python3.12/site-packages/airflow/example_dags/example_complex.py took 0.083 seconds
[2026-04-25T08:44:50.251+0000] {processor.py:161} INFO - Started process (PID=1442) to work on /home/airflow/.local/lib/python3.12/site-packages/airflow/example_dags/example_complex.py
[2026-04-25T08:44:50.252+0000] {processor.py:830} INFO - Processing file /home/airflow/.local/lib/python3.12/site-packages/airflow/example_dags/example_complex.py for tasks to queue
[2026-04-25T08:44:50.253+0000] {logging_mixin.py:188} INFO - [2026-04-25T08:44:50.253+0000] {dagbag.py:545} INFO - Filling up the DagBag from /home/airflow/.local/lib/python3.12/site-packages/airflow/example_dags/example_complex.py
[2026-04-25T08:44:50.265+0000] {processor.py:840} INFO - DAG(s) 'example_complex' retrieved from /home/airflow/.local/lib/python3.12/site-packages/airflow/example_dags/example_complex.py
[2026-04-25T08:44:50.303+0000] {logging_mixin.py:188} INFO - [2026-04-25T08:44:50.303+0000] {dag.py:3096} INFO - Sync 1 DAGs
[2026-04-25T08:44:50.318+0000] {logging_mixin.py:188} INFO - [2026-04-25T08:44:50.318+0000] {dag.py:3954} INFO - Setting next_dagrun for example_complex to None, run_after=None
[2026-04-25T08:44:50.340+0000] {processor.py:183} INFO - Processing /home/airflow/.local/lib/python3.12/site-packages/airflow/example_dags/example_complex.py took 0.093 seconds
[2026-04-25T08:45:21.155+0000] {processor.py:161} INFO - Started process (PID=1500) to work on /home/airflow/.local/lib/python3.12/site-packages/airflow/example_dags/example_complex.py
[2026-04-25T08:45:21.156+0000] {processor.py:830} INFO - Processing file /home/airflow/.local/lib/python3.12/site-packages/airflow/example_dags/example_complex.py for tasks to queue
[2026-04-25T08:45:21.157+0000] {logging_mixin.py:188} INFO - [2026-04-25T08:45:21.157+0000] {dagbag.py:545} INFO - Filling up the DagBag from /home/airflow/.local/lib/python3.12/site-packages/airflow/example_dags/example_complex.py
[2026-04-25T08:45:21.168+0000] {processor.py:840} INFO - DAG(s) 'example_complex' retrieved from /home/airflow/.local/lib/python3.12/site-packages/airflow/example_dags/example_complex.py
[2026-04-25T08:45:21.203+0000] {logging_mixin.py:188} INFO - [2026-04-25T08:45:21.202+0000] {dag.py:3096} INFO - Sync 1 DAGs
[2026-04-25T08:45:21.214+0000] {logging_mixin.py:188} INFO - [2026-04-25T08:45:21.214+0000] {dag.py:3954} INFO - Setting next_dagrun for example_complex to None, run_after=None
[2026-04-25T08:45:21.230+0000] {processor.py:183} INFO - Processing /home/airflow/.local/lib/python3.12/site-packages/airflow/example_dags/example_complex.py took 0.081 seconds
[2026-04-25T08:45:52.126+0000] {processor.py:161} INFO - Started process (PID=1558) to work on /home/airflow/.local/lib/python3.12/site-packages/airflow/example_dags/example_complex.py
[2026-04-25T08:45:52.127+0000] {processor.py:830} INFO - Processing file /home/airflow/.local/lib/python3.12/site-packages/airflow/example_dags/example_complex.py for tasks to queue
[2026-04-25T08:45:52.128+0000] {logging_mixin.py:188} INFO - [2026-04-25T08:45:52.128+0000] {dagbag.py:545} INFO - Filling up the DagBag from /home/airflow/.local/lib/python3.12/site-packages/airflow/example_dags/example_complex.py
[2026-04-25T08:45:52.141+0000] {processor.py:840} INFO - DAG(s) 'example_complex' retrieved from /home/airflow/.local/lib/python3.12/site-packages/airflow/example_dags/example_complex.py
[2026-04-25T08:45:52.176+0000] {logging_mixin.py:188} INFO - [2026-04-25T08:45:52.176+0000] {dag.py:3096} INFO - Sync 1 DAGs
[2026-04-25T08:45:52.188+0000] {logging_mixin.py:188} INFO - [2026-04-25T08:45:52.187+0000] {dag.py:3954} INFO - Setting next_dagrun for example_complex to None, run_after=None
[2026-04-25T08:45:52.207+0000] {processor.py:183} INFO - Processing /home/airflow/.local/lib/python3.12/site-packages/airflow/example_dags/example_complex.py took 0.087 seconds
[2026-04-25T08:46:23.606+0000] {processor.py:161} INFO - Started process (PID=1616) to work on /home/airflow/.local/lib/python3.12/site-packages/airflow/example_dags/example_complex.py
[2026-04-25T08:46:23.607+0000] {processor.py:830} INFO - Processing file /home/airflow/.local/lib/python3.12/site-packages/airflow/example_dags/example_complex.py for tasks to queue
[2026-04-25T08:46:23.608+0000] {logging_mixin.py:188} INFO - [2026-04-25T08:46:23.608+0000] {dagbag.py:545} INFO - Filling up the DagBag from /home/airflow/.local/lib/python3.12/site-packages/airflow/example_dags/example_complex.py
[2026-04-25T08:46:23.618+0000] {processor.py:840} INFO - DAG(s) 'example_complex' retrieved from /home/airflow/.local/lib/python3.12/site-packages/airflow/example_dags/example_complex.py
[2026-04-25T08:46:23.774+0000] {logging_mixin.py:188} INFO - [2026-04-25T08:46:23.773+0000] {dag.py:3096} INFO - Sync 1 DAGs
[2026-04-25T08:46:23.785+0000] {logging_mixin.py:188} INFO - [2026-04-25T08:46:23.784+0000] {dag.py:3954} INFO - Setting next_dagrun for example_complex to None, run_after=None
[2026-04-25T08:46:23.800+0000] {processor.py:183} INFO - Processing /home/airflow/.local/lib/python3.12/site-packages/airflow/example_dags/example_complex.py took 0.198 seconds
[2026-04-25T08:46:54.246+0000] {processor.py:161} INFO - Started process (PID=1674) to work on /home/airflow/.local/lib/python3.12/site-packages/airflow/example_dags/example_complex.py
[2026-04-25T08:46:54.247+0000] {processor.py:830} INFO - Processing file /home/airflow/.local/lib/python3.12/site-packages/airflow/example_dags/example_complex.py for tasks to queue
[2026-04-25T08:46:54.248+0000] {logging_mixin.py:188} INFO - [2026-04-25T08:46:54.248+0000] {dagbag.py:545} INFO - Filling up the DagBag from /home/airflow/.local/lib/python3.12/site-packages/airflow/example_dags/example_complex.py
[2026-04-25T08:46:54.258+0000] {processor.py:840} INFO - DAG(s) 'example_complex' retrieved from /home/airflow/.local/lib/python3.12/site-packages/airflow/example_dags/example_complex.py
[2026-04-25T08:46:54.287+0000] {logging_mixin.py:188} INFO - [2026-04-25T08:46:54.287+0000] {dag.py:3096} INFO - Sync 1 DAGs
[2026-04-25T08:46:54.300+0000] {logging_mixin.py:188} INFO - [2026-04-25T08:46:54.300+0000] {dag.py:3954} INFO - Setting next_dagrun for example_complex to None, run_after=None
[2026-04-25T08:46:54.317+0000] {processor.py:183} INFO - Processing /home/airflow/.local/lib/python3.12/site-packages/airflow/example_dags/example_complex.py took 0.077 seconds
[2026-04-25T08:47:24.670+0000] {processor.py:161} INFO - Started process (PID=1732) to work on /home/airflow/.local/lib/python3.12/site-packages/airflow/example_dags/example_complex.py
[2026-04-25T08:47:24.671+0000] {processor.py:830} INFO - Processing file /home/airflow/.local/lib/python3.12/site-packages/airflow/example_dags/example_complex.py for tasks to queue
[2026-04-25T08:47:24.672+0000] {logging_mixin.py:188} INFO - [2026-04-25T08:47:24.672+0000] {dagbag.py:545} INFO - Filling up the DagBag from /home/airflow/.local/lib/python3.12/site-packages/airflow/example_dags/example_complex.py
[2026-04-25T08:47:24.681+0000] {processor.py:840} INFO - DAG(s) 'example_complex' retrieved from /home/airflow/.local/lib/python3.12/site-packages/airflow/example_dags/example_complex.py
[2026-04-25T08:47:24.712+0000] {logging_mixin.py:188} INFO - [2026-04-25T08:47:24.712+0000] {dag.py:3096} INFO - Sync 1 DAGs
[2026-04-25T08:47:24.728+0000] {logging_mixin.py:188} INFO - [2026-04-25T08:47:24.727+0000] {dag.py:3954} INFO - Setting next_dagrun for example_complex to None, run_after=None
[2026-04-25T08:47:24.752+0000] {processor.py:183} INFO - Processing /home/airflow/.local/lib/python3.12/site-packages/airflow/example_dags/example_complex.py took 0.087 seconds
[2026-04-25T08:47:55.021+0000] {processor.py:161} INFO - Started process (PID=1790) to work on /home/airflow/.local/lib/python3.12/site-packages/airflow/example_dags/example_complex.py
[2026-04-25T08:47:55.022+0000] {processor.py:830} INFO - Processing file /home/airflow/.local/lib/python3.12/site-packages/airflow/example_dags/example_complex.py for tasks to queue
[2026-04-25T08:47:55.023+0000] {logging_mixin.py:188} INFO - [2026-04-25T08:47:55.023+0000] {dagbag.py:545} INFO - Filling up the DagBag from /home/airflow/.local/lib/python3.12/site-packages/airflow/example_dags/example_complex.py
[2026-04-25T08:47:55.033+0000] {processor.py:840} INFO - DAG(s) 'example_complex' retrieved from /home/airflow/.local/lib/python3.12/site-packages/airflow/example_dags/example_complex.py
[2026-04-25T08:47:55.076+0000] {logging_mixin.py:188} INFO - [2026-04-25T08:47:55.076+0000] {dag.py:3096} INFO - Sync 1 DAGs
[2026-04-25T08:47:55.089+0000] {logging_mixin.py:188} INFO - [2026-04-25T08:47:55.089+0000] {dag.py:3954} INFO - Setting next_dagrun for example_complex to None, run_after=None
[2026-04-25T08:47:55.105+0000] {processor.py:183} INFO - Processing /home/airflow/.local/lib/python3.12/site-packages/airflow/example_dags/example_complex.py took 0.088 seconds
[2026-04-25T08:48:26.134+0000] {processor.py:161} INFO - Started process (PID=1848) to work on /home/airflow/.local/lib/python3.12/site-packages/airflow/example_dags/example_complex.py
[2026-04-25T08:48:26.135+0000] {processor.py:830} INFO - Processing file /home/airflow/.local/lib/python3.12/site-packages/airflow/example_dags/example_complex.py for tasks to queue
[2026-04-25T08:48:26.136+0000] {logging_mixin.py:188} INFO - [2026-04-25T08:48:26.136+0000] {dagbag.py:545} INFO - Filling up the DagBag from /home/airflow/.local/lib/python3.12/site-packages/airflow/example_dags/example_complex.py
[2026-04-25T08:48:26.148+0000] {processor.py:840} INFO - DAG(s) 'example_complex' retrieved from /home/airflow/.local/lib/python3.12/site-packages/airflow/example_dags/example_complex.py
[2026-04-25T08:48:26.187+0000] {logging_mixin.py:188} INFO - [2026-04-25T08:48:26.186+0000] {dag.py:3096} INFO - Sync 1 DAGs
[2026-04-25T08:48:26.202+0000] {logging_mixin.py:188} INFO - [2026-04-25T08:48:26.201+0000] {dag.py:3954} INFO - Setting next_dagrun for example_complex to None, run_after=None
[2026-04-25T08:48:26.221+0000] {processor.py:183} INFO - Processing /home/airflow/.local/lib/python3.12/site-packages/airflow/example_dags/example_complex.py took 0.092 seconds
[2026-04-25T08:48:56.742+0000] {processor.py:161} INFO - Started process (PID=1906) to work on /home/airflow/.local/lib/python3.12/site-packages/airflow/example_dags/example_complex.py
[2026-04-25T08:48:56.743+0000] {processor.py:830} INFO - Processing file /home/airflow/.local/lib/python3.12/site-packages/airflow/example_dags/example_complex.py for tasks to queue
[2026-04-25T08:48:56.744+0000] {logging_mixin.py:188} INFO - [2026-04-25T08:48:56.744+0000] {dagbag.py:545} INFO - Filling up the DagBag from /home/airflow/.local/lib/python3.12/site-packages/airflow/example_dags/example_complex.py
[2026-04-25T08:48:56.753+0000] {processor.py:840} INFO - DAG(s) 'example_complex' retrieved from /home/airflow/.local/lib/python3.12/site-packages/airflow/example_dags/example_complex.py
[2026-04-25T08:48:56.788+0000] {logging_mixin.py:188} INFO - [2026-04-25T08:48:56.788+0000] {dag.py:3096} INFO - Sync 1 DAGs
[2026-04-25T08:48:56.799+0000] {logging_mixin.py:188} INFO - [2026-04-25T08:48:56.799+0000] {dag.py:3954} INFO - Setting next_dagrun for example_complex to None, run_after=None
[2026-04-25T08:48:56.821+0000] {processor.py:183} INFO - Processing /home/airflow/.local/lib/python3.12/site-packages/airflow/example_dags/example_complex.py took 0.084 seconds
[2026-04-25T08:49:27.257+0000] {processor.py:161} INFO - Started process (PID=1964) to work on /home/airflow/.local/lib/python3.12/site-packages/airflow/example_dags/example_complex.py
[2026-04-25T08:49:27.258+0000] {processor.py:830} INFO - Processing file /home/airflow/.local/lib/python3.12/site-packages/airflow/example_dags/example_complex.py for tasks to queue
[2026-04-25T08:49:27.259+0000] {logging_mixin.py:188} INFO - [2026-04-25T08:49:27.259+0000] {dagbag.py:545} INFO - Filling up the DagBag from /home/airflow/.local/lib/python3.12/site-packages/airflow/example_dags/example_complex.py
[2026-04-25T08:49:27.279+0000] {processor.py:840} INFO - DAG(s) 'example_complex' retrieved from /home/airflow/.local/lib/python3.12/site-packages/airflow/example_dags/example_complex.py
[2026-04-25T08:49:27.344+0000] {logging_mixin.py:188} INFO - [2026-04-25T08:49:27.344+0000] {dag.py:3096} INFO - Sync 1 DAGs
[2026-04-25T08:49:27.364+0000] {logging_mixin.py:188} INFO - [2026-04-25T08:49:27.364+0000] {dag.py:3954} INFO - Setting next_dagrun for example_complex to None, run_after=None
[2026-04-25T08:49:27.409+0000] {processor.py:183} INFO - Processing /home/airflow/.local/lib/python3.12/site-packages/airflow/example_dags/example_complex.py took 0.160 seconds
[2026-04-25T08:49:57.758+0000] {processor.py:161} INFO - Started process (PID=2022) to work on /home/airflow/.local/lib/python3.12/site-packages/airflow/example_dags/example_complex.py
[2026-04-25T08:49:57.759+0000] {processor.py:830} INFO - Processing file /home/airflow/.local/lib/python3.12/site-packages/airflow/example_dags/example_complex.py for tasks to queue
[2026-04-25T08:49:57.760+0000] {logging_mixin.py:188} INFO - [2026-04-25T08:49:57.760+0000] {dagbag.py:545} INFO - Filling up the DagBag from /home/airflow/.local/lib/python3.12/site-packages/airflow/example_dags/example_complex.py
[2026-04-25T08:49:57.770+0000] {processor.py:840} INFO - DAG(s) 'example_complex' retrieved from /home/airflow/.local/lib/python3.12/site-packages/airflow/example_dags/example_complex.py
[2026-04-25T08:49:57.811+0000] {logging_mixin.py:188} INFO - [2026-04-25T08:49:57.811+0000] {dag.py:3096} INFO - Sync 1 DAGs
[2026-04-25T08:49:57.823+0000] {logging_mixin.py:188} INFO - [2026-04-25T08:49:57.823+0000] {dag.py:3954} INFO - Setting next_dagrun for example_complex to None, run_after=None
[2026-04-25T08:49:57.845+0000] {processor.py:183} INFO - Processing /home/airflow/.local/lib/python3.12/site-packages/airflow/example_dags/example_complex.py took 0.091 seconds
[2026-04-25T08:50:28.180+0000] {processor.py:161} INFO - Started process (PID=2080) to work on /home/airflow/.local/lib/python3.12/site-packages/airflow/example_dags/example_complex.py
[2026-04-25T08:50:28.180+0000] {processor.py:830} INFO - Processing file /home/airflow/.local/lib/python3.12/site-packages/airflow/example_dags/example_complex.py for tasks to queue
[2026-04-25T08:50:28.182+0000] {logging_mixin.py:188} INFO - [2026-04-25T08:50:28.181+0000] {dagbag.py:545} INFO - Filling up the DagBag from /home/airflow/.local/lib/python3.12/site-packages/airflow/example_dags/example_complex.py
[2026-04-25T08:50:28.191+0000] {processor.py:840} INFO - DAG(s) 'example_complex' retrieved from /home/airflow/.local/lib/python3.12/site-packages/airflow/example_dags/example_complex.py
[2026-04-25T08:50:28.219+0000] {logging_mixin.py:188} INFO - [2026-04-25T08:50:28.219+0000] {dag.py:3096} INFO - Sync 1 DAGs
[2026-04-25T08:50:28.231+0000] {logging_mixin.py:188} INFO - [2026-04-25T08:50:28.230+0000] {dag.py:3954} INFO - Setting next_dagrun for example_complex to None, run_after=None
[2026-04-25T08:50:28.247+0000] {processor.py:183} INFO - Processing /home/airflow/.local/lib/python3.12/site-packages/airflow/example_dags/example_complex.py took 0.073 seconds
[2026-04-25T08:50:58.840+0000] {processor.py:161} INFO - Started process (PID=2138) to work on /home/airflow/.local/lib/python3.12/site-packages/airflow/example_dags/example_complex.py
[2026-04-25T08:50:58.841+0000] {processor.py:830} INFO - Processing file /home/airflow/.local/lib/python3.12/site-packages/airflow/example_dags/example_complex.py for tasks to queue
[2026-04-25T08:50:58.843+0000] {logging_mixin.py:188} INFO - [2026-04-25T08:50:58.843+0000] {dagbag.py:545} INFO - Filling up the DagBag from /home/airflow/.local/lib/python3.12/site-packages/airflow/example_dags/example_complex.py
[2026-04-25T08:50:58.857+0000] {processor.py:840} INFO - DAG(s) 'example_complex' retrieved from /home/airflow/.local/lib/python3.12/site-packages/airflow/example_dags/example_complex.py
[2026-04-25T08:50:58.895+0000] {logging_mixin.py:188} INFO - [2026-04-25T08:50:58.895+0000] {dag.py:3096} INFO - Sync 1 DAGs
[2026-04-25T08:50:58.909+0000] {logging_mixin.py:188} INFO - [2026-04-25T08:50:58.909+0000] {dag.py:3954} INFO - Setting next_dagrun for example_complex to None, run_after=None
[2026-04-25T08:50:58.924+0000] {processor.py:183} INFO - Processing /home/airflow/.local/lib/python3.12/site-packages/airflow/example_dags/example_complex.py took 0.094 seconds
[2026-04-25T08:51:29.580+0000] {processor.py:161} INFO - Started process (PID=2196) to work on /home/airflow/.local/lib/python3.12/site-packages/airflow/example_dags/example_complex.py
[2026-04-25T08:51:29.580+0000] {processor.py:830} INFO - Processing file /home/airflow/.local/lib/python3.12/site-packages/airflow/example_dags/example_complex.py for tasks to queue
[2026-04-25T08:51:29.582+0000] {logging_mixin.py:188} INFO - [2026-04-25T08:51:29.581+0000] {dagbag.py:545} INFO - Filling up the DagBag from /home/airflow/.local/lib/python3.12/site-packages/airflow/example_dags/example_complex.py
[2026-04-25T08:51:29.591+0000] {processor.py:840} INFO - DAG(s) 'example_complex' retrieved from /home/airflow/.local/lib/python3.12/site-packages/airflow/example_dags/example_complex.py
[2026-04-25T08:51:29.625+0000] {logging_mixin.py:188} INFO - [2026-04-25T08:51:29.624+0000] {dag.py:3096} INFO - Sync 1 DAGs
[2026-04-25T08:51:29.635+0000] {logging_mixin.py:188} INFO - [2026-04-25T08:51:29.635+0000] {dag.py:3954} INFO - Setting next_dagrun for example_complex to None, run_after=None
[2026-04-25T08:51:29.651+0000] {processor.py:183} INFO - Processing /home/airflow/.local/lib/python3.12/site-packages/airflow/example_dags/example_complex.py took 0.076 seconds
[2026-04-25T08:52:00.614+0000] {processor.py:161} INFO - Started process (PID=2254) to work on /home/airflow/.local/lib/python3.12/site-packages/airflow/example_dags/example_complex.py
[2026-04-25T08:52:00.615+0000] {processor.py:830} INFO - Processing file /home/airflow/.local/lib/python3.12/site-packages/airflow/example_dags/example_complex.py for tasks to queue
[2026-04-25T08:52:00.616+0000] {logging_mixin.py:188} INFO - [2026-04-25T08:52:00.616+0000] {dagbag.py:545} INFO - Filling up the DagBag from /home/airflow/.local/lib/python3.12/site-packages/airflow/example_dags/example_complex.py
[2026-04-25T08:52:00.630+0000] {processor.py:840} INFO - DAG(s) 'example_complex' retrieved from /home/airflow/.local/lib/python3.12/site-packages/airflow/example_dags/example_complex.py
[2026-04-25T08:52:00.668+0000] {logging_mixin.py:188} INFO - [2026-04-25T08:52:00.667+0000] {dag.py:3096} INFO - Sync 1 DAGs
[2026-04-25T08:52:00.679+0000] {logging_mixin.py:188} INFO - [2026-04-25T08:52:00.678+0000] {dag.py:3954} INFO - Setting next_dagrun for example_complex to None, run_after=None
[2026-04-25T08:52:00.698+0000] {processor.py:183} INFO - Processing /home/airflow/.local/lib/python3.12/site-packages/airflow/example_dags/example_complex.py took 0.088 seconds
[2026-04-25T08:52:31.251+0000] {processor.py:161} INFO - Started process (PID=2312) to work on /home/airflow/.local/lib/python3.12/site-packages/airflow/example_dags/example_complex.py
[2026-04-25T08:52:31.252+0000] {processor.py:830} INFO - Processing file /home/airflow/.local/lib/python3.12/site-packages/airflow/example_dags/example_complex.py for tasks to queue
[2026-04-25T08:52:31.254+0000] {logging_mixin.py:188} INFO - [2026-04-25T08:52:31.253+0000] {dagbag.py:545} INFO - Filling up the DagBag from /home/airflow/.local/lib/python3.12/site-packages/airflow/example_dags/example_complex.py
[2026-04-25T08:52:31.269+0000] {processor.py:840} INFO - DAG(s) 'example_complex' retrieved from /home/airflow/.local/lib/python3.12/site-packages/airflow/example_dags/example_complex.py
[2026-04-25T08:52:31.317+0000] {logging_mixin.py:188} INFO - [2026-04-25T08:52:31.316+0000] {dag.py:3096} INFO - Sync 1 DAGs
[2026-04-25T08:52:31.354+0000] {logging_mixin.py:188} INFO - [2026-04-25T08:52:31.352+0000] {dag.py:3954} INFO - Setting next_dagrun for example_complex to None, run_after=None
[2026-04-25T08:52:31.404+0000] {processor.py:183} INFO - Processing /home/airflow/.local/lib/python3.12/site-packages/airflow/example_dags/example_complex.py took 0.161 seconds
[2026-04-25T08:53:01.899+0000] {processor.py:161} INFO - Started process (PID=2370) to work on /home/airflow/.local/lib/python3.12/site-packages/airflow/example_dags/example_complex.py
[2026-04-25T08:53:01.900+0000] {processor.py:830} INFO - Processing file /home/airflow/.local/lib/python3.12/site-packages/airflow/example_dags/example_complex.py for tasks to queue
[2026-04-25T08:53:01.901+0000] {logging_mixin.py:188} INFO - [2026-04-25T08:53:01.901+0000] {dagbag.py:545} INFO - Filling up the DagBag from /home/airflow/.local/lib/python3.12/site-packages/airflow/example_dags/example_complex.py
[2026-04-25T08:53:01.910+0000] {processor.py:840} INFO - DAG(s) 'example_complex' retrieved from /home/airflow/.local/lib/python3.12/site-packages/airflow/example_dags/example_complex.py
[2026-04-25T08:53:01.942+0000] {logging_mixin.py:188} INFO - [2026-04-25T08:53:01.942+0000] {dag.py:3096} INFO - Sync 1 DAGs
[2026-04-25T08:53:01.958+0000] {logging_mixin.py:188} INFO - [2026-04-25T08:53:01.958+0000] {dag.py:3954} INFO - Setting next_dagrun for example_complex to None, run_after=None
[2026-04-25T08:53:01.981+0000] {processor.py:183} INFO - Processing /home/airflow/.local/lib/python3.12/site-packages/airflow/example_dags/example_complex.py took 0.088 seconds
[2026-04-25T08:53:32.293+0000] {processor.py:161} INFO - Started process (PID=2428) to work on /home/airflow/.local/lib/python3.12/site-packages/airflow/example_dags/example_complex.py
[2026-04-25T08:53:32.294+0000] {processor.py:830} INFO - Processing file /home/airflow/.local/lib/python3.12/site-packages/airflow/example_dags/example_complex.py for tasks to queue
[2026-04-25T08:53:32.295+0000] {logging_mixin.py:188} INFO - [2026-04-25T08:53:32.295+0000] {dagbag.py:545} INFO - Filling up the DagBag from /home/airflow/.local/lib/python3.12/site-packages/airflow/example_dags/example_complex.py
[2026-04-25T08:53:32.304+0000] {processor.py:840} INFO - DAG(s) 'example_complex' retrieved from /home/airflow/.local/lib/python3.12/site-packages/airflow/example_dags/example_complex.py
[2026-04-25T08:53:32.338+0000] {logging_mixin.py:188} INFO - [2026-04-25T08:53:32.338+0000] {dag.py:3096} INFO - Sync 1 DAGs
[2026-04-25T08:53:32.349+0000] {logging_mixin.py:188} INFO - [2026-04-25T08:53:32.349+0000] {dag.py:3954} INFO - Setting next_dagrun for example_complex to None, run_after=None
[2026-04-25T08:53:32.368+0000] {processor.py:183} INFO - Processing /home/airflow/.local/lib/python3.12/site-packages/airflow/example_dags/example_complex.py took 0.080 seconds
[2026-04-25T08:54:02.689+0000] {processor.py:161} INFO - Started process (PID=2487) to work on /home/airflow/.local/lib/python3.12/site-packages/airflow/example_dags/example_complex.py
[2026-04-25T08:54:02.690+0000] {processor.py:830} INFO - Processing file /home/airflow/.local/lib/python3.12/site-packages/airflow/example_dags/example_complex.py for tasks to queue
[2026-04-25T08:54:02.691+0000] {logging_mixin.py:188} INFO - [2026-04-25T08:54:02.691+0000] {dagbag.py:545} INFO - Filling up the DagBag from /home/airflow/.local/lib/python3.12/site-packages/airflow/example_dags/example_complex.py
[2026-04-25T08:54:02.702+0000] {processor.py:840} INFO - DAG(s) 'example_complex' retrieved from /home/airflow/.local/lib/python3.12/site-packages/airflow/example_dags/example_complex.py
[2026-04-25T08:54:02.739+0000] {logging_mixin.py:188} INFO - [2026-04-25T08:54:02.739+0000] {dag.py:3096} INFO - Sync 1 DAGs
[2026-04-25T08:54:02.751+0000] {logging_mixin.py:188} INFO - [2026-04-25T08:54:02.751+0000] {dag.py:3954} INFO - Setting next_dagrun for example_complex to None, run_after=None
[2026-04-25T08:54:02.768+0000] {processor.py:183} INFO - Processing /home/airflow/.local/lib/python3.12/site-packages/airflow/example_dags/example_complex.py took 0.085 seconds
[2026-04-25T08:54:33.334+0000] {processor.py:161} INFO - Started process (PID=2549) to work on /home/airflow/.local/lib/python3.12/site-packages/airflow/example_dags/example_complex.py
[2026-04-25T08:54:33.335+0000] {processor.py:830} INFO - Processing file /home/airflow/.local/lib/python3.12/site-packages/airflow/example_dags/example_complex.py for tasks to queue
[2026-04-25T08:54:33.336+0000] {logging_mixin.py:188} INFO - [2026-04-25T08:54:33.336+0000] {dagbag.py:545} INFO - Filling up the DagBag from /home/airflow/.local/lib/python3.12/site-packages/airflow/example_dags/example_complex.py
[2026-04-25T08:54:33.345+0000] {processor.py:840} INFO - DAG(s) 'example_complex' retrieved from /home/airflow/.local/lib/python3.12/site-packages/airflow/example_dags/example_complex.py
[2026-04-25T08:54:33.389+0000] {logging_mixin.py:188} INFO - [2026-04-25T08:54:33.389+0000] {dag.py:3096} INFO - Sync 1 DAGs
[2026-04-25T08:54:33.401+0000] {logging_mixin.py:188} INFO - [2026-04-25T08:54:33.401+0000] {dag.py:3954} INFO - Setting next_dagrun for example_complex to None, run_after=None
[2026-04-25T08:54:33.420+0000] {processor.py:183} INFO - Processing /home/airflow/.local/lib/python3.12/site-packages/airflow/example_dags/example_complex.py took 0.090 seconds
[2026-04-25T08:55:03.679+0000] {processor.py:161} INFO - Started process (PID=2607) to work on /home/airflow/.local/lib/python3.12/site-packages/airflow/example_dags/example_complex.py
[2026-04-25T08:55:03.679+0000] {processor.py:830} INFO - Processing file /home/airflow/.local/lib/python3.12/site-packages/airflow/example_dags/example_complex.py for tasks to queue
[2026-04-25T08:55:03.681+0000] {logging_mixin.py:188} INFO - [2026-04-25T08:55:03.680+0000] {dagbag.py:545} INFO - Filling up the DagBag from /home/airflow/.local/lib/python3.12/site-packages/airflow/example_dags/example_complex.py
[2026-04-25T08:55:03.690+0000] {processor.py:840} INFO - DAG(s) 'example_complex' retrieved from /home/airflow/.local/lib/python3.12/site-packages/airflow/example_dags/example_complex.py
[2026-04-25T08:55:03.720+0000] {logging_mixin.py:188} INFO - [2026-04-25T08:55:03.720+0000] {dag.py:3096} INFO - Sync 1 DAGs
[2026-04-25T08:55:03.731+0000] {logging_mixin.py:188} INFO - [2026-04-25T08:55:03.731+0000] {dag.py:3954} INFO - Setting next_dagrun for example_complex to None, run_after=None
[2026-04-25T08:55:03.752+0000] {processor.py:183} INFO - Processing /home/airflow/.local/lib/python3.12/site-packages/airflow/example_dags/example_complex.py took 0.078 seconds
[2026-04-25T08:55:34.125+0000] {processor.py:161} INFO - Started process (PID=2665) to work on /home/airflow/.local/lib/python3.12/site-packages/airflow/example_dags/example_complex.py
[2026-04-25T08:55:34.126+0000] {processor.py:830} INFO - Processing file /home/airflow/.local/lib/python3.12/site-packages/airflow/example_dags/example_complex.py for tasks to queue
[2026-04-25T08:55:34.127+0000] {logging_mixin.py:188} INFO - [2026-04-25T08:55:34.127+0000] {dagbag.py:545} INFO - Filling up the DagBag from /home/airflow/.local/lib/python3.12/site-packages/airflow/example_dags/example_complex.py
[2026-04-25T08:55:34.136+0000] {processor.py:840} INFO - DAG(s) 'example_complex' retrieved from /home/airflow/.local/lib/python3.12/site-packages/airflow/example_dags/example_complex.py
[2026-04-25T08:55:34.166+0000] {logging_mixin.py:188} INFO - [2026-04-25T08:55:34.166+0000] {dag.py:3096} INFO - Sync 1 DAGs
[2026-04-25T08:55:34.183+0000] {logging_mixin.py:188} INFO - [2026-04-25T08:55:34.183+0000] {dag.py:3954} INFO - Setting next_dagrun for example_complex to None, run_after=None
[2026-04-25T08:55:34.199+0000] {processor.py:183} INFO - Processing /home/airflow/.local/lib/python3.12/site-packages/airflow/example_dags/example_complex.py took 0.079 seconds
