[2026-04-25T08:33:03.260+0000] {processor.py:161} INFO - Started process (PID=79) to work on /home/airflow/.local/lib/python3.12/site-packages/airflow/example_dags/example_python_operator.py
[2026-04-25T08:33:03.261+0000] {processor.py:830} INFO - Processing file /home/airflow/.local/lib/python3.12/site-packages/airflow/example_dags/example_python_operator.py for tasks to queue
[2026-04-25T08:33:03.263+0000] {logging_mixin.py:188} INFO - [2026-04-25T08:33:03.262+0000] {dagbag.py:545} INFO - Filling up the DagBag from /home/airflow/.local/lib/python3.12/site-packages/airflow/example_dags/example_python_operator.py
[2026-04-25T08:33:03.281+0000] {processor.py:840} INFO - DAG(s) 'example_python_operator' retrieved from /home/airflow/.local/lib/python3.12/site-packages/airflow/example_dags/example_python_operator.py
[2026-04-25T08:33:03.531+0000] {logging_mixin.py:188} INFO - [2026-04-25T08:33:03.530+0000] {dag.py:3096} INFO - Sync 1 DAGs
[2026-04-25T08:33:03.543+0000] {logging_mixin.py:188} INFO - [2026-04-25T08:33:03.543+0000] {dag.py:3954} INFO - Setting next_dagrun for example_python_operator to None, run_after=None
[2026-04-25T08:33:03.563+0000] {processor.py:183} INFO - Processing /home/airflow/.local/lib/python3.12/site-packages/airflow/example_dags/example_python_operator.py took 0.311 seconds
[2026-04-25T08:33:34.003+0000] {processor.py:161} INFO - Started process (PID=137) to work on /home/airflow/.local/lib/python3.12/site-packages/airflow/example_dags/example_python_operator.py
[2026-04-25T08:33:34.003+0000] {processor.py:830} INFO - Processing file /home/airflow/.local/lib/python3.12/site-packages/airflow/example_dags/example_python_operator.py for tasks to queue
[2026-04-25T08:33:34.005+0000] {logging_mixin.py:188} INFO - [2026-04-25T08:33:34.005+0000] {dagbag.py:545} INFO - Filling up the DagBag from /home/airflow/.local/lib/python3.12/site-packages/airflow/example_dags/example_python_operator.py
[2026-04-25T08:33:34.016+0000] {processor.py:840} INFO - DAG(s) 'example_python_operator' retrieved from /home/airflow/.local/lib/python3.12/site-packages/airflow/example_dags/example_python_operator.py
[2026-04-25T08:33:34.034+0000] {logging_mixin.py:188} INFO - [2026-04-25T08:33:34.034+0000] {dag.py:3096} INFO - Sync 1 DAGs
[2026-04-25T08:33:34.044+0000] {logging_mixin.py:188} INFO - [2026-04-25T08:33:34.044+0000] {dag.py:3954} INFO - Setting next_dagrun for example_python_operator to None, run_after=None
[2026-04-25T08:33:34.059+0000] {processor.py:183} INFO - Processing /home/airflow/.local/lib/python3.12/site-packages/airflow/example_dags/example_python_operator.py took 0.062 seconds
[2026-04-25T08:34:04.254+0000] {processor.py:161} INFO - Started process (PID=195) to work on /home/airflow/.local/lib/python3.12/site-packages/airflow/example_dags/example_python_operator.py
[2026-04-25T08:34:04.255+0000] {processor.py:830} INFO - Processing file /home/airflow/.local/lib/python3.12/site-packages/airflow/example_dags/example_python_operator.py for tasks to queue
[2026-04-25T08:34:04.257+0000] {logging_mixin.py:188} INFO - [2026-04-25T08:34:04.256+0000] {dagbag.py:545} INFO - Filling up the DagBag from /home/airflow/.local/lib/python3.12/site-packages/airflow/example_dags/example_python_operator.py
[2026-04-25T08:34:04.265+0000] {processor.py:840} INFO - DAG(s) 'example_python_operator' retrieved from /home/airflow/.local/lib/python3.12/site-packages/airflow/example_dags/example_python_operator.py
[2026-04-25T08:34:04.285+0000] {logging_mixin.py:188} INFO - [2026-04-25T08:34:04.284+0000] {dag.py:3096} INFO - Sync 1 DAGs
[2026-04-25T08:34:04.296+0000] {logging_mixin.py:188} INFO - [2026-04-25T08:34:04.296+0000] {dag.py:3954} INFO - Setting next_dagrun for example_python_operator to None, run_after=None
[2026-04-25T08:34:04.312+0000] {processor.py:183} INFO - Processing /home/airflow/.local/lib/python3.12/site-packages/airflow/example_dags/example_python_operator.py took 0.065 seconds
[2026-04-25T08:34:34.367+0000] {processor.py:161} INFO - Started process (PID=253) to work on /home/airflow/.local/lib/python3.12/site-packages/airflow/example_dags/example_python_operator.py
[2026-04-25T08:34:34.368+0000] {processor.py:830} INFO - Processing file /home/airflow/.local/lib/python3.12/site-packages/airflow/example_dags/example_python_operator.py for tasks to queue
[2026-04-25T08:34:34.369+0000] {logging_mixin.py:188} INFO - [2026-04-25T08:34:34.369+0000] {dagbag.py:545} INFO - Filling up the DagBag from /home/airflow/.local/lib/python3.12/site-packages/airflow/example_dags/example_python_operator.py
[2026-04-25T08:34:34.379+0000] {processor.py:840} INFO - DAG(s) 'example_python_operator' retrieved from /home/airflow/.local/lib/python3.12/site-packages/airflow/example_dags/example_python_operator.py
[2026-04-25T08:34:34.396+0000] {logging_mixin.py:188} INFO - [2026-04-25T08:34:34.396+0000] {dag.py:3096} INFO - Sync 1 DAGs
[2026-04-25T08:34:34.406+0000] {logging_mixin.py:188} INFO - [2026-04-25T08:34:34.406+0000] {dag.py:3954} INFO - Setting next_dagrun for example_python_operator to None, run_after=None
[2026-04-25T08:34:34.420+0000] {processor.py:183} INFO - Processing /home/airflow/.local/lib/python3.12/site-packages/airflow/example_dags/example_python_operator.py took 0.057 seconds
[2026-04-25T08:35:05.086+0000] {processor.py:161} INFO - Started process (PID=311) to work on /home/airflow/.local/lib/python3.12/site-packages/airflow/example_dags/example_python_operator.py
[2026-04-25T08:35:05.087+0000] {processor.py:830} INFO - Processing file /home/airflow/.local/lib/python3.12/site-packages/airflow/example_dags/example_python_operator.py for tasks to queue
[2026-04-25T08:35:05.089+0000] {logging_mixin.py:188} INFO - [2026-04-25T08:35:05.088+0000] {dagbag.py:545} INFO - Filling up the DagBag from /home/airflow/.local/lib/python3.12/site-packages/airflow/example_dags/example_python_operator.py
[2026-04-25T08:35:05.098+0000] {processor.py:840} INFO - DAG(s) 'example_python_operator' retrieved from /home/airflow/.local/lib/python3.12/site-packages/airflow/example_dags/example_python_operator.py
[2026-04-25T08:35:05.118+0000] {logging_mixin.py:188} INFO - [2026-04-25T08:35:05.118+0000] {dag.py:3096} INFO - Sync 1 DAGs
[2026-04-25T08:35:05.130+0000] {logging_mixin.py:188} INFO - [2026-04-25T08:35:05.130+0000] {dag.py:3954} INFO - Setting next_dagrun for example_python_operator to None, run_after=None
[2026-04-25T08:35:05.146+0000] {processor.py:183} INFO - Processing /home/airflow/.local/lib/python3.12/site-packages/airflow/example_dags/example_python_operator.py took 0.064 seconds
[2026-04-25T08:35:35.301+0000] {processor.py:161} INFO - Started process (PID=369) to work on /home/airflow/.local/lib/python3.12/site-packages/airflow/example_dags/example_python_operator.py
[2026-04-25T08:35:35.302+0000] {processor.py:830} INFO - Processing file /home/airflow/.local/lib/python3.12/site-packages/airflow/example_dags/example_python_operator.py for tasks to queue
[2026-04-25T08:35:35.303+0000] {logging_mixin.py:188} INFO - [2026-04-25T08:35:35.303+0000] {dagbag.py:545} INFO - Filling up the DagBag from /home/airflow/.local/lib/python3.12/site-packages/airflow/example_dags/example_python_operator.py
[2026-04-25T08:35:35.313+0000] {processor.py:840} INFO - DAG(s) 'example_python_operator' retrieved from /home/airflow/.local/lib/python3.12/site-packages/airflow/example_dags/example_python_operator.py
[2026-04-25T08:35:35.332+0000] {logging_mixin.py:188} INFO - [2026-04-25T08:35:35.332+0000] {dag.py:3096} INFO - Sync 1 DAGs
[2026-04-25T08:35:35.343+0000] {logging_mixin.py:188} INFO - [2026-04-25T08:35:35.343+0000] {dag.py:3954} INFO - Setting next_dagrun for example_python_operator to None, run_after=None
[2026-04-25T08:35:35.362+0000] {processor.py:183} INFO - Processing /home/airflow/.local/lib/python3.12/site-packages/airflow/example_dags/example_python_operator.py took 0.065 seconds
[2026-04-25T08:36:05.420+0000] {processor.py:161} INFO - Started process (PID=427) to work on /home/airflow/.local/lib/python3.12/site-packages/airflow/example_dags/example_python_operator.py
[2026-04-25T08:36:05.421+0000] {processor.py:830} INFO - Processing file /home/airflow/.local/lib/python3.12/site-packages/airflow/example_dags/example_python_operator.py for tasks to queue
[2026-04-25T08:36:05.423+0000] {logging_mixin.py:188} INFO - [2026-04-25T08:36:05.422+0000] {dagbag.py:545} INFO - Filling up the DagBag from /home/airflow/.local/lib/python3.12/site-packages/airflow/example_dags/example_python_operator.py
[2026-04-25T08:36:05.432+0000] {processor.py:840} INFO - DAG(s) 'example_python_operator' retrieved from /home/airflow/.local/lib/python3.12/site-packages/airflow/example_dags/example_python_operator.py
[2026-04-25T08:36:05.457+0000] {logging_mixin.py:188} INFO - [2026-04-25T08:36:05.457+0000] {dag.py:3096} INFO - Sync 1 DAGs
[2026-04-25T08:36:05.469+0000] {logging_mixin.py:188} INFO - [2026-04-25T08:36:05.469+0000] {dag.py:3954} INFO - Setting next_dagrun for example_python_operator to None, run_after=None
[2026-04-25T08:36:05.487+0000] {processor.py:183} INFO - Processing /home/airflow/.local/lib/python3.12/site-packages/airflow/example_dags/example_python_operator.py took 0.072 seconds
[2026-04-25T08:36:35.971+0000] {processor.py:161} INFO - Started process (PID=485) to work on /home/airflow/.local/lib/python3.12/site-packages/airflow/example_dags/example_python_operator.py
[2026-04-25T08:36:35.971+0000] {processor.py:830} INFO - Processing file /home/airflow/.local/lib/python3.12/site-packages/airflow/example_dags/example_python_operator.py for tasks to queue
[2026-04-25T08:36:35.973+0000] {logging_mixin.py:188} INFO - [2026-04-25T08:36:35.973+0000] {dagbag.py:545} INFO - Filling up the DagBag from /home/airflow/.local/lib/python3.12/site-packages/airflow/example_dags/example_python_operator.py
[2026-04-25T08:36:35.983+0000] {processor.py:840} INFO - DAG(s) 'example_python_operator' retrieved from /home/airflow/.local/lib/python3.12/site-packages/airflow/example_dags/example_python_operator.py
[2026-04-25T08:36:36.002+0000] {logging_mixin.py:188} INFO - [2026-04-25T08:36:36.002+0000] {dag.py:3096} INFO - Sync 1 DAGs
[2026-04-25T08:36:36.014+0000] {logging_mixin.py:188} INFO - [2026-04-25T08:36:36.014+0000] {dag.py:3954} INFO - Setting next_dagrun for example_python_operator to None, run_after=None
[2026-04-25T08:36:36.031+0000] {processor.py:183} INFO - Processing /home/airflow/.local/lib/python3.12/site-packages/airflow/example_dags/example_python_operator.py took 0.065 seconds
[2026-04-25T08:37:06.272+0000] {processor.py:161} INFO - Started process (PID=543) to work on /home/airflow/.local/lib/python3.12/site-packages/airflow/example_dags/example_python_operator.py
[2026-04-25T08:37:06.273+0000] {processor.py:830} INFO - Processing file /home/airflow/.local/lib/python3.12/site-packages/airflow/example_dags/example_python_operator.py for tasks to queue
[2026-04-25T08:37:06.274+0000] {logging_mixin.py:188} INFO - [2026-04-25T08:37:06.274+0000] {dagbag.py:545} INFO - Filling up the DagBag from /home/airflow/.local/lib/python3.12/site-packages/airflow/example_dags/example_python_operator.py
[2026-04-25T08:37:06.284+0000] {processor.py:840} INFO - DAG(s) 'example_python_operator' retrieved from /home/airflow/.local/lib/python3.12/site-packages/airflow/example_dags/example_python_operator.py
[2026-04-25T08:37:06.303+0000] {logging_mixin.py:188} INFO - [2026-04-25T08:37:06.303+0000] {dag.py:3096} INFO - Sync 1 DAGs
[2026-04-25T08:37:06.316+0000] {logging_mixin.py:188} INFO - [2026-04-25T08:37:06.316+0000] {dag.py:3954} INFO - Setting next_dagrun for example_python_operator to None, run_after=None
[2026-04-25T08:37:06.335+0000] {processor.py:183} INFO - Processing /home/airflow/.local/lib/python3.12/site-packages/airflow/example_dags/example_python_operator.py took 0.067 seconds
[2026-04-25T08:37:36.662+0000] {processor.py:161} INFO - Started process (PID=601) to work on /home/airflow/.local/lib/python3.12/site-packages/airflow/example_dags/example_python_operator.py
[2026-04-25T08:37:36.663+0000] {processor.py:830} INFO - Processing file /home/airflow/.local/lib/python3.12/site-packages/airflow/example_dags/example_python_operator.py for tasks to queue
[2026-04-25T08:37:36.665+0000] {logging_mixin.py:188} INFO - [2026-04-25T08:37:36.664+0000] {dagbag.py:545} INFO - Filling up the DagBag from /home/airflow/.local/lib/python3.12/site-packages/airflow/example_dags/example_python_operator.py
[2026-04-25T08:37:36.677+0000] {processor.py:840} INFO - DAG(s) 'example_python_operator' retrieved from /home/airflow/.local/lib/python3.12/site-packages/airflow/example_dags/example_python_operator.py
[2026-04-25T08:37:36.697+0000] {logging_mixin.py:188} INFO - [2026-04-25T08:37:36.697+0000] {dag.py:3096} INFO - Sync 1 DAGs
[2026-04-25T08:37:36.708+0000] {logging_mixin.py:188} INFO - [2026-04-25T08:37:36.707+0000] {dag.py:3954} INFO - Setting next_dagrun for example_python_operator to None, run_after=None
[2026-04-25T08:37:36.723+0000] {processor.py:183} INFO - Processing /home/airflow/.local/lib/python3.12/site-packages/airflow/example_dags/example_python_operator.py took 0.067 seconds
[2026-04-25T08:38:06.984+0000] {processor.py:161} INFO - Started process (PID=659) to work on /home/airflow/.local/lib/python3.12/site-packages/airflow/example_dags/example_python_operator.py
[2026-04-25T08:38:06.985+0000] {processor.py:830} INFO - Processing file /home/airflow/.local/lib/python3.12/site-packages/airflow/example_dags/example_python_operator.py for tasks to queue
[2026-04-25T08:38:06.987+0000] {logging_mixin.py:188} INFO - [2026-04-25T08:38:06.986+0000] {dagbag.py:545} INFO - Filling up the DagBag from /home/airflow/.local/lib/python3.12/site-packages/airflow/example_dags/example_python_operator.py
[2026-04-25T08:38:07.002+0000] {processor.py:840} INFO - DAG(s) 'example_python_operator' retrieved from /home/airflow/.local/lib/python3.12/site-packages/airflow/example_dags/example_python_operator.py
[2026-04-25T08:38:07.035+0000] {logging_mixin.py:188} INFO - [2026-04-25T08:38:07.035+0000] {dag.py:3096} INFO - Sync 1 DAGs
[2026-04-25T08:38:07.057+0000] {logging_mixin.py:188} INFO - [2026-04-25T08:38:07.057+0000] {dag.py:3954} INFO - Setting next_dagrun for example_python_operator to None, run_after=None
[2026-04-25T08:38:07.079+0000] {processor.py:183} INFO - Processing /home/airflow/.local/lib/python3.12/site-packages/airflow/example_dags/example_python_operator.py took 0.103 seconds
[2026-04-25T08:38:37.322+0000] {processor.py:161} INFO - Started process (PID=717) to work on /home/airflow/.local/lib/python3.12/site-packages/airflow/example_dags/example_python_operator.py
[2026-04-25T08:38:37.323+0000] {processor.py:830} INFO - Processing file /home/airflow/.local/lib/python3.12/site-packages/airflow/example_dags/example_python_operator.py for tasks to queue
[2026-04-25T08:38:37.325+0000] {logging_mixin.py:188} INFO - [2026-04-25T08:38:37.325+0000] {dagbag.py:545} INFO - Filling up the DagBag from /home/airflow/.local/lib/python3.12/site-packages/airflow/example_dags/example_python_operator.py
[2026-04-25T08:38:37.341+0000] {processor.py:840} INFO - DAG(s) 'example_python_operator' retrieved from /home/airflow/.local/lib/python3.12/site-packages/airflow/example_dags/example_python_operator.py
[2026-04-25T08:38:37.377+0000] {logging_mixin.py:188} INFO - [2026-04-25T08:38:37.377+0000] {dag.py:3096} INFO - Sync 1 DAGs
[2026-04-25T08:38:37.394+0000] {logging_mixin.py:188} INFO - [2026-04-25T08:38:37.393+0000] {dag.py:3954} INFO - Setting next_dagrun for example_python_operator to None, run_after=None
[2026-04-25T08:38:37.412+0000] {processor.py:183} INFO - Processing /home/airflow/.local/lib/python3.12/site-packages/airflow/example_dags/example_python_operator.py took 0.098 seconds
[2026-04-25T08:39:07.813+0000] {processor.py:161} INFO - Started process (PID=775) to work on /home/airflow/.local/lib/python3.12/site-packages/airflow/example_dags/example_python_operator.py
[2026-04-25T08:39:07.814+0000] {processor.py:830} INFO - Processing file /home/airflow/.local/lib/python3.12/site-packages/airflow/example_dags/example_python_operator.py for tasks to queue
[2026-04-25T08:39:07.815+0000] {logging_mixin.py:188} INFO - [2026-04-25T08:39:07.815+0000] {dagbag.py:545} INFO - Filling up the DagBag from /home/airflow/.local/lib/python3.12/site-packages/airflow/example_dags/example_python_operator.py
[2026-04-25T08:39:07.825+0000] {processor.py:840} INFO - DAG(s) 'example_python_operator' retrieved from /home/airflow/.local/lib/python3.12/site-packages/airflow/example_dags/example_python_operator.py
[2026-04-25T08:39:07.845+0000] {logging_mixin.py:188} INFO - [2026-04-25T08:39:07.845+0000] {dag.py:3096} INFO - Sync 1 DAGs
[2026-04-25T08:39:07.857+0000] {logging_mixin.py:188} INFO - [2026-04-25T08:39:07.857+0000] {dag.py:3954} INFO - Setting next_dagrun for example_python_operator to None, run_after=None
[2026-04-25T08:39:07.873+0000] {processor.py:183} INFO - Processing /home/airflow/.local/lib/python3.12/site-packages/airflow/example_dags/example_python_operator.py took 0.064 seconds
[2026-04-25T08:39:38.065+0000] {processor.py:161} INFO - Started process (PID=833) to work on /home/airflow/.local/lib/python3.12/site-packages/airflow/example_dags/example_python_operator.py
[2026-04-25T08:39:38.066+0000] {processor.py:830} INFO - Processing file /home/airflow/.local/lib/python3.12/site-packages/airflow/example_dags/example_python_operator.py for tasks to queue
[2026-04-25T08:39:38.067+0000] {logging_mixin.py:188} INFO - [2026-04-25T08:39:38.067+0000] {dagbag.py:545} INFO - Filling up the DagBag from /home/airflow/.local/lib/python3.12/site-packages/airflow/example_dags/example_python_operator.py
[2026-04-25T08:39:38.076+0000] {processor.py:840} INFO - DAG(s) 'example_python_operator' retrieved from /home/airflow/.local/lib/python3.12/site-packages/airflow/example_dags/example_python_operator.py
[2026-04-25T08:39:38.097+0000] {logging_mixin.py:188} INFO - [2026-04-25T08:39:38.097+0000] {dag.py:3096} INFO - Sync 1 DAGs
[2026-04-25T08:39:38.112+0000] {logging_mixin.py:188} INFO - [2026-04-25T08:39:38.112+0000] {dag.py:3954} INFO - Setting next_dagrun for example_python_operator to None, run_after=None
[2026-04-25T08:39:38.130+0000] {processor.py:183} INFO - Processing /home/airflow/.local/lib/python3.12/site-packages/airflow/example_dags/example_python_operator.py took 0.071 seconds
[2026-04-25T08:40:08.291+0000] {processor.py:161} INFO - Started process (PID=891) to work on /home/airflow/.local/lib/python3.12/site-packages/airflow/example_dags/example_python_operator.py
[2026-04-25T08:40:08.291+0000] {processor.py:830} INFO - Processing file /home/airflow/.local/lib/python3.12/site-packages/airflow/example_dags/example_python_operator.py for tasks to queue
[2026-04-25T08:40:08.293+0000] {logging_mixin.py:188} INFO - [2026-04-25T08:40:08.293+0000] {dagbag.py:545} INFO - Filling up the DagBag from /home/airflow/.local/lib/python3.12/site-packages/airflow/example_dags/example_python_operator.py
[2026-04-25T08:40:08.301+0000] {processor.py:840} INFO - DAG(s) 'example_python_operator' retrieved from /home/airflow/.local/lib/python3.12/site-packages/airflow/example_dags/example_python_operator.py
[2026-04-25T08:40:08.321+0000] {logging_mixin.py:188} INFO - [2026-04-25T08:40:08.321+0000] {dag.py:3096} INFO - Sync 1 DAGs
[2026-04-25T08:40:08.333+0000] {logging_mixin.py:188} INFO - [2026-04-25T08:40:08.333+0000] {dag.py:3954} INFO - Setting next_dagrun for example_python_operator to None, run_after=None
[2026-04-25T08:40:08.351+0000] {processor.py:183} INFO - Processing /home/airflow/.local/lib/python3.12/site-packages/airflow/example_dags/example_python_operator.py took 0.066 seconds
[2026-04-25T08:40:38.763+0000] {processor.py:161} INFO - Started process (PID=949) to work on /home/airflow/.local/lib/python3.12/site-packages/airflow/example_dags/example_python_operator.py
[2026-04-25T08:40:38.763+0000] {processor.py:830} INFO - Processing file /home/airflow/.local/lib/python3.12/site-packages/airflow/example_dags/example_python_operator.py for tasks to queue
[2026-04-25T08:40:38.765+0000] {logging_mixin.py:188} INFO - [2026-04-25T08:40:38.764+0000] {dagbag.py:545} INFO - Filling up the DagBag from /home/airflow/.local/lib/python3.12/site-packages/airflow/example_dags/example_python_operator.py
[2026-04-25T08:40:38.774+0000] {processor.py:840} INFO - DAG(s) 'example_python_operator' retrieved from /home/airflow/.local/lib/python3.12/site-packages/airflow/example_dags/example_python_operator.py
[2026-04-25T08:40:38.793+0000] {logging_mixin.py:188} INFO - [2026-04-25T08:40:38.793+0000] {dag.py:3096} INFO - Sync 1 DAGs
[2026-04-25T08:40:38.808+0000] {logging_mixin.py:188} INFO - [2026-04-25T08:40:38.807+0000] {dag.py:3954} INFO - Setting next_dagrun for example_python_operator to None, run_after=None
[2026-04-25T08:40:38.828+0000] {processor.py:183} INFO - Processing /home/airflow/.local/lib/python3.12/site-packages/airflow/example_dags/example_python_operator.py took 0.070 seconds
[2026-04-25T08:41:09.257+0000] {processor.py:161} INFO - Started process (PID=1007) to work on /home/airflow/.local/lib/python3.12/site-packages/airflow/example_dags/example_python_operator.py
[2026-04-25T08:41:09.257+0000] {processor.py:830} INFO - Processing file /home/airflow/.local/lib/python3.12/site-packages/airflow/example_dags/example_python_operator.py for tasks to queue
[2026-04-25T08:41:09.259+0000] {logging_mixin.py:188} INFO - [2026-04-25T08:41:09.258+0000] {dagbag.py:545} INFO - Filling up the DagBag from /home/airflow/.local/lib/python3.12/site-packages/airflow/example_dags/example_python_operator.py
[2026-04-25T08:41:09.269+0000] {processor.py:840} INFO - DAG(s) 'example_python_operator' retrieved from /home/airflow/.local/lib/python3.12/site-packages/airflow/example_dags/example_python_operator.py
[2026-04-25T08:41:09.293+0000] {logging_mixin.py:188} INFO - [2026-04-25T08:41:09.292+0000] {dag.py:3096} INFO - Sync 1 DAGs
[2026-04-25T08:41:09.304+0000] {logging_mixin.py:188} INFO - [2026-04-25T08:41:09.304+0000] {dag.py:3954} INFO - Setting next_dagrun for example_python_operator to None, run_after=None
[2026-04-25T08:41:09.320+0000] {processor.py:183} INFO - Processing /home/airflow/.local/lib/python3.12/site-packages/airflow/example_dags/example_python_operator.py took 0.068 seconds
[2026-04-25T08:41:40.054+0000] {processor.py:161} INFO - Started process (PID=1065) to work on /home/airflow/.local/lib/python3.12/site-packages/airflow/example_dags/example_python_operator.py
[2026-04-25T08:41:40.054+0000] {processor.py:830} INFO - Processing file /home/airflow/.local/lib/python3.12/site-packages/airflow/example_dags/example_python_operator.py for tasks to queue
[2026-04-25T08:41:40.056+0000] {logging_mixin.py:188} INFO - [2026-04-25T08:41:40.056+0000] {dagbag.py:545} INFO - Filling up the DagBag from /home/airflow/.local/lib/python3.12/site-packages/airflow/example_dags/example_python_operator.py
[2026-04-25T08:41:40.070+0000] {processor.py:840} INFO - DAG(s) 'example_python_operator' retrieved from /home/airflow/.local/lib/python3.12/site-packages/airflow/example_dags/example_python_operator.py
[2026-04-25T08:41:40.100+0000] {logging_mixin.py:188} INFO - [2026-04-25T08:41:40.100+0000] {dag.py:3096} INFO - Sync 1 DAGs
[2026-04-25T08:41:40.113+0000] {logging_mixin.py:188} INFO - [2026-04-25T08:41:40.113+0000] {dag.py:3954} INFO - Setting next_dagrun for example_python_operator to None, run_after=None
[2026-04-25T08:41:40.141+0000] {processor.py:183} INFO - Processing /home/airflow/.local/lib/python3.12/site-packages/airflow/example_dags/example_python_operator.py took 0.092 seconds
[2026-04-25T08:42:10.176+0000] {processor.py:161} INFO - Started process (PID=1123) to work on /home/airflow/.local/lib/python3.12/site-packages/airflow/example_dags/example_python_operator.py
[2026-04-25T08:42:10.177+0000] {processor.py:830} INFO - Processing file /home/airflow/.local/lib/python3.12/site-packages/airflow/example_dags/example_python_operator.py for tasks to queue
[2026-04-25T08:42:10.179+0000] {logging_mixin.py:188} INFO - [2026-04-25T08:42:10.178+0000] {dagbag.py:545} INFO - Filling up the DagBag from /home/airflow/.local/lib/python3.12/site-packages/airflow/example_dags/example_python_operator.py
[2026-04-25T08:42:10.187+0000] {processor.py:840} INFO - DAG(s) 'example_python_operator' retrieved from /home/airflow/.local/lib/python3.12/site-packages/airflow/example_dags/example_python_operator.py
[2026-04-25T08:42:10.211+0000] {logging_mixin.py:188} INFO - [2026-04-25T08:42:10.211+0000] {dag.py:3096} INFO - Sync 1 DAGs
[2026-04-25T08:42:10.225+0000] {logging_mixin.py:188} INFO - [2026-04-25T08:42:10.224+0000] {dag.py:3954} INFO - Setting next_dagrun for example_python_operator to None, run_after=None
[2026-04-25T08:42:10.241+0000] {processor.py:183} INFO - Processing /home/airflow/.local/lib/python3.12/site-packages/airflow/example_dags/example_python_operator.py took 0.069 seconds
[2026-04-25T08:42:40.755+0000] {processor.py:161} INFO - Started process (PID=1181) to work on /home/airflow/.local/lib/python3.12/site-packages/airflow/example_dags/example_python_operator.py
[2026-04-25T08:42:40.756+0000] {processor.py:830} INFO - Processing file /home/airflow/.local/lib/python3.12/site-packages/airflow/example_dags/example_python_operator.py for tasks to queue
[2026-04-25T08:42:40.758+0000] {logging_mixin.py:188} INFO - [2026-04-25T08:42:40.757+0000] {dagbag.py:545} INFO - Filling up the DagBag from /home/airflow/.local/lib/python3.12/site-packages/airflow/example_dags/example_python_operator.py
[2026-04-25T08:42:40.770+0000] {processor.py:840} INFO - DAG(s) 'example_python_operator' retrieved from /home/airflow/.local/lib/python3.12/site-packages/airflow/example_dags/example_python_operator.py
[2026-04-25T08:42:40.795+0000] {logging_mixin.py:188} INFO - [2026-04-25T08:42:40.794+0000] {dag.py:3096} INFO - Sync 1 DAGs
[2026-04-25T08:42:40.810+0000] {logging_mixin.py:188} INFO - [2026-04-25T08:42:40.809+0000] {dag.py:3954} INFO - Setting next_dagrun for example_python_operator to None, run_after=None
[2026-04-25T08:42:40.830+0000] {processor.py:183} INFO - Processing /home/airflow/.local/lib/python3.12/site-packages/airflow/example_dags/example_python_operator.py took 0.082 seconds
[2026-04-25T08:43:11.261+0000] {processor.py:161} INFO - Started process (PID=1239) to work on /home/airflow/.local/lib/python3.12/site-packages/airflow/example_dags/example_python_operator.py
[2026-04-25T08:43:11.262+0000] {processor.py:830} INFO - Processing file /home/airflow/.local/lib/python3.12/site-packages/airflow/example_dags/example_python_operator.py for tasks to queue
[2026-04-25T08:43:11.263+0000] {logging_mixin.py:188} INFO - [2026-04-25T08:43:11.263+0000] {dagbag.py:545} INFO - Filling up the DagBag from /home/airflow/.local/lib/python3.12/site-packages/airflow/example_dags/example_python_operator.py
[2026-04-25T08:43:11.272+0000] {processor.py:840} INFO - DAG(s) 'example_python_operator' retrieved from /home/airflow/.local/lib/python3.12/site-packages/airflow/example_dags/example_python_operator.py
[2026-04-25T08:43:11.290+0000] {logging_mixin.py:188} INFO - [2026-04-25T08:43:11.290+0000] {dag.py:3096} INFO - Sync 1 DAGs
[2026-04-25T08:43:11.303+0000] {logging_mixin.py:188} INFO - [2026-04-25T08:43:11.303+0000] {dag.py:3954} INFO - Setting next_dagrun for example_python_operator to None, run_after=None
[2026-04-25T08:43:11.320+0000] {processor.py:183} INFO - Processing /home/airflow/.local/lib/python3.12/site-packages/airflow/example_dags/example_python_operator.py took 0.063 seconds
[2026-04-25T08:43:41.810+0000] {processor.py:161} INFO - Started process (PID=1297) to work on /home/airflow/.local/lib/python3.12/site-packages/airflow/example_dags/example_python_operator.py
[2026-04-25T08:43:41.811+0000] {processor.py:830} INFO - Processing file /home/airflow/.local/lib/python3.12/site-packages/airflow/example_dags/example_python_operator.py for tasks to queue
[2026-04-25T08:43:41.813+0000] {logging_mixin.py:188} INFO - [2026-04-25T08:43:41.812+0000] {dagbag.py:545} INFO - Filling up the DagBag from /home/airflow/.local/lib/python3.12/site-packages/airflow/example_dags/example_python_operator.py
[2026-04-25T08:43:41.823+0000] {processor.py:840} INFO - DAG(s) 'example_python_operator' retrieved from /home/airflow/.local/lib/python3.12/site-packages/airflow/example_dags/example_python_operator.py
[2026-04-25T08:43:41.851+0000] {logging_mixin.py:188} INFO - [2026-04-25T08:43:41.850+0000] {dag.py:3096} INFO - Sync 1 DAGs
[2026-04-25T08:43:41.866+0000] {logging_mixin.py:188} INFO - [2026-04-25T08:43:41.866+0000] {dag.py:3954} INFO - Setting next_dagrun for example_python_operator to None, run_after=None
[2026-04-25T08:43:41.888+0000] {processor.py:183} INFO - Processing /home/airflow/.local/lib/python3.12/site-packages/airflow/example_dags/example_python_operator.py took 0.082 seconds
[2026-04-25T08:44:11.927+0000] {processor.py:161} INFO - Started process (PID=1355) to work on /home/airflow/.local/lib/python3.12/site-packages/airflow/example_dags/example_python_operator.py
[2026-04-25T08:44:11.928+0000] {processor.py:830} INFO - Processing file /home/airflow/.local/lib/python3.12/site-packages/airflow/example_dags/example_python_operator.py for tasks to queue
[2026-04-25T08:44:11.930+0000] {logging_mixin.py:188} INFO - [2026-04-25T08:44:11.929+0000] {dagbag.py:545} INFO - Filling up the DagBag from /home/airflow/.local/lib/python3.12/site-packages/airflow/example_dags/example_python_operator.py
[2026-04-25T08:44:11.940+0000] {processor.py:840} INFO - DAG(s) 'example_python_operator' retrieved from /home/airflow/.local/lib/python3.12/site-packages/airflow/example_dags/example_python_operator.py
[2026-04-25T08:44:11.957+0000] {logging_mixin.py:188} INFO - [2026-04-25T08:44:11.957+0000] {dag.py:3096} INFO - Sync 1 DAGs
[2026-04-25T08:44:11.968+0000] {logging_mixin.py:188} INFO - [2026-04-25T08:44:11.967+0000] {dag.py:3954} INFO - Setting next_dagrun for example_python_operator to None, run_after=None
[2026-04-25T08:44:11.981+0000] {processor.py:183} INFO - Processing /home/airflow/.local/lib/python3.12/site-packages/airflow/example_dags/example_python_operator.py took 0.061 seconds
[2026-04-25T08:44:42.719+0000] {processor.py:161} INFO - Started process (PID=1413) to work on /home/airflow/.local/lib/python3.12/site-packages/airflow/example_dags/example_python_operator.py
[2026-04-25T08:44:42.720+0000] {processor.py:830} INFO - Processing file /home/airflow/.local/lib/python3.12/site-packages/airflow/example_dags/example_python_operator.py for tasks to queue
[2026-04-25T08:44:42.721+0000] {logging_mixin.py:188} INFO - [2026-04-25T08:44:42.721+0000] {dagbag.py:545} INFO - Filling up the DagBag from /home/airflow/.local/lib/python3.12/site-packages/airflow/example_dags/example_python_operator.py
[2026-04-25T08:44:42.729+0000] {processor.py:840} INFO - DAG(s) 'example_python_operator' retrieved from /home/airflow/.local/lib/python3.12/site-packages/airflow/example_dags/example_python_operator.py
[2026-04-25T08:44:42.755+0000] {logging_mixin.py:188} INFO - [2026-04-25T08:44:42.755+0000] {dag.py:3096} INFO - Sync 1 DAGs
[2026-04-25T08:44:42.770+0000] {logging_mixin.py:188} INFO - [2026-04-25T08:44:42.770+0000] {dag.py:3954} INFO - Setting next_dagrun for example_python_operator to None, run_after=None
[2026-04-25T08:44:42.787+0000] {processor.py:183} INFO - Processing /home/airflow/.local/lib/python3.12/site-packages/airflow/example_dags/example_python_operator.py took 0.073 seconds
[2026-04-25T08:45:13.526+0000] {processor.py:161} INFO - Started process (PID=1471) to work on /home/airflow/.local/lib/python3.12/site-packages/airflow/example_dags/example_python_operator.py
[2026-04-25T08:45:13.527+0000] {processor.py:830} INFO - Processing file /home/airflow/.local/lib/python3.12/site-packages/airflow/example_dags/example_python_operator.py for tasks to queue
[2026-04-25T08:45:13.528+0000] {logging_mixin.py:188} INFO - [2026-04-25T08:45:13.528+0000] {dagbag.py:545} INFO - Filling up the DagBag from /home/airflow/.local/lib/python3.12/site-packages/airflow/example_dags/example_python_operator.py
[2026-04-25T08:45:13.536+0000] {processor.py:840} INFO - DAG(s) 'example_python_operator' retrieved from /home/airflow/.local/lib/python3.12/site-packages/airflow/example_dags/example_python_operator.py
[2026-04-25T08:45:13.556+0000] {logging_mixin.py:188} INFO - [2026-04-25T08:45:13.556+0000] {dag.py:3096} INFO - Sync 1 DAGs
[2026-04-25T08:45:13.697+0000] {logging_mixin.py:188} INFO - [2026-04-25T08:45:13.697+0000] {dag.py:3954} INFO - Setting next_dagrun for example_python_operator to None, run_after=None
[2026-04-25T08:45:13.711+0000] {processor.py:183} INFO - Processing /home/airflow/.local/lib/python3.12/site-packages/airflow/example_dags/example_python_operator.py took 0.190 seconds
[2026-04-25T08:45:44.294+0000] {processor.py:161} INFO - Started process (PID=1529) to work on /home/airflow/.local/lib/python3.12/site-packages/airflow/example_dags/example_python_operator.py
[2026-04-25T08:45:44.295+0000] {processor.py:830} INFO - Processing file /home/airflow/.local/lib/python3.12/site-packages/airflow/example_dags/example_python_operator.py for tasks to queue
[2026-04-25T08:45:44.296+0000] {logging_mixin.py:188} INFO - [2026-04-25T08:45:44.296+0000] {dagbag.py:545} INFO - Filling up the DagBag from /home/airflow/.local/lib/python3.12/site-packages/airflow/example_dags/example_python_operator.py
[2026-04-25T08:45:44.306+0000] {processor.py:840} INFO - DAG(s) 'example_python_operator' retrieved from /home/airflow/.local/lib/python3.12/site-packages/airflow/example_dags/example_python_operator.py
[2026-04-25T08:45:44.325+0000] {logging_mixin.py:188} INFO - [2026-04-25T08:45:44.324+0000] {dag.py:3096} INFO - Sync 1 DAGs
[2026-04-25T08:45:44.335+0000] {logging_mixin.py:188} INFO - [2026-04-25T08:45:44.335+0000] {dag.py:3954} INFO - Setting next_dagrun for example_python_operator to None, run_after=None
[2026-04-25T08:45:44.350+0000] {processor.py:183} INFO - Processing /home/airflow/.local/lib/python3.12/site-packages/airflow/example_dags/example_python_operator.py took 0.061 seconds
[2026-04-25T08:46:14.524+0000] {processor.py:161} INFO - Started process (PID=1587) to work on /home/airflow/.local/lib/python3.12/site-packages/airflow/example_dags/example_python_operator.py
[2026-04-25T08:46:14.524+0000] {processor.py:830} INFO - Processing file /home/airflow/.local/lib/python3.12/site-packages/airflow/example_dags/example_python_operator.py for tasks to queue
[2026-04-25T08:46:14.526+0000] {logging_mixin.py:188} INFO - [2026-04-25T08:46:14.525+0000] {dagbag.py:545} INFO - Filling up the DagBag from /home/airflow/.local/lib/python3.12/site-packages/airflow/example_dags/example_python_operator.py
[2026-04-25T08:46:14.534+0000] {processor.py:840} INFO - DAG(s) 'example_python_operator' retrieved from /home/airflow/.local/lib/python3.12/site-packages/airflow/example_dags/example_python_operator.py
[2026-04-25T08:46:14.554+0000] {logging_mixin.py:188} INFO - [2026-04-25T08:46:14.554+0000] {dag.py:3096} INFO - Sync 1 DAGs
[2026-04-25T08:46:14.565+0000] {logging_mixin.py:188} INFO - [2026-04-25T08:46:14.565+0000] {dag.py:3954} INFO - Setting next_dagrun for example_python_operator to None, run_after=None
[2026-04-25T08:46:14.580+0000] {processor.py:183} INFO - Processing /home/airflow/.local/lib/python3.12/site-packages/airflow/example_dags/example_python_operator.py took 0.061 seconds
[2026-04-25T08:46:44.834+0000] {processor.py:161} INFO - Started process (PID=1645) to work on /home/airflow/.local/lib/python3.12/site-packages/airflow/example_dags/example_python_operator.py
[2026-04-25T08:46:44.834+0000] {processor.py:830} INFO - Processing file /home/airflow/.local/lib/python3.12/site-packages/airflow/example_dags/example_python_operator.py for tasks to queue
[2026-04-25T08:46:44.836+0000] {logging_mixin.py:188} INFO - [2026-04-25T08:46:44.836+0000] {dagbag.py:545} INFO - Filling up the DagBag from /home/airflow/.local/lib/python3.12/site-packages/airflow/example_dags/example_python_operator.py
[2026-04-25T08:46:44.845+0000] {processor.py:840} INFO - DAG(s) 'example_python_operator' retrieved from /home/airflow/.local/lib/python3.12/site-packages/airflow/example_dags/example_python_operator.py
[2026-04-25T08:46:44.867+0000] {logging_mixin.py:188} INFO - [2026-04-25T08:46:44.866+0000] {dag.py:3096} INFO - Sync 1 DAGs
[2026-04-25T08:46:44.878+0000] {logging_mixin.py:188} INFO - [2026-04-25T08:46:44.878+0000] {dag.py:3954} INFO - Setting next_dagrun for example_python_operator to None, run_after=None
[2026-04-25T08:46:44.895+0000] {processor.py:183} INFO - Processing /home/airflow/.local/lib/python3.12/site-packages/airflow/example_dags/example_python_operator.py took 0.066 seconds
[2026-04-25T08:47:15.227+0000] {processor.py:161} INFO - Started process (PID=1703) to work on /home/airflow/.local/lib/python3.12/site-packages/airflow/example_dags/example_python_operator.py
[2026-04-25T08:47:15.228+0000] {processor.py:830} INFO - Processing file /home/airflow/.local/lib/python3.12/site-packages/airflow/example_dags/example_python_operator.py for tasks to queue
[2026-04-25T08:47:15.230+0000] {logging_mixin.py:188} INFO - [2026-04-25T08:47:15.230+0000] {dagbag.py:545} INFO - Filling up the DagBag from /home/airflow/.local/lib/python3.12/site-packages/airflow/example_dags/example_python_operator.py
[2026-04-25T08:47:15.243+0000] {processor.py:840} INFO - DAG(s) 'example_python_operator' retrieved from /home/airflow/.local/lib/python3.12/site-packages/airflow/example_dags/example_python_operator.py
[2026-04-25T08:47:15.282+0000] {logging_mixin.py:188} INFO - [2026-04-25T08:47:15.282+0000] {dag.py:3096} INFO - Sync 1 DAGs
[2026-04-25T08:47:15.297+0000] {logging_mixin.py:188} INFO - [2026-04-25T08:47:15.297+0000] {dag.py:3954} INFO - Setting next_dagrun for example_python_operator to None, run_after=None
[2026-04-25T08:47:15.315+0000] {processor.py:183} INFO - Processing /home/airflow/.local/lib/python3.12/site-packages/airflow/example_dags/example_python_operator.py took 0.096 seconds
[2026-04-25T08:47:45.686+0000] {processor.py:161} INFO - Started process (PID=1761) to work on /home/airflow/.local/lib/python3.12/site-packages/airflow/example_dags/example_python_operator.py
[2026-04-25T08:47:45.687+0000] {processor.py:830} INFO - Processing file /home/airflow/.local/lib/python3.12/site-packages/airflow/example_dags/example_python_operator.py for tasks to queue
[2026-04-25T08:47:45.688+0000] {logging_mixin.py:188} INFO - [2026-04-25T08:47:45.688+0000] {dagbag.py:545} INFO - Filling up the DagBag from /home/airflow/.local/lib/python3.12/site-packages/airflow/example_dags/example_python_operator.py
[2026-04-25T08:47:45.699+0000] {processor.py:840} INFO - DAG(s) 'example_python_operator' retrieved from /home/airflow/.local/lib/python3.12/site-packages/airflow/example_dags/example_python_operator.py
[2026-04-25T08:47:45.724+0000] {logging_mixin.py:188} INFO - [2026-04-25T08:47:45.724+0000] {dag.py:3096} INFO - Sync 1 DAGs
[2026-04-25T08:47:45.741+0000] {logging_mixin.py:188} INFO - [2026-04-25T08:47:45.740+0000] {dag.py:3954} INFO - Setting next_dagrun for example_python_operator to None, run_after=None
[2026-04-25T08:47:45.759+0000] {processor.py:183} INFO - Processing /home/airflow/.local/lib/python3.12/site-packages/airflow/example_dags/example_python_operator.py took 0.079 seconds
[2026-04-25T08:48:16.264+0000] {processor.py:161} INFO - Started process (PID=1819) to work on /home/airflow/.local/lib/python3.12/site-packages/airflow/example_dags/example_python_operator.py
[2026-04-25T08:48:16.265+0000] {processor.py:830} INFO - Processing file /home/airflow/.local/lib/python3.12/site-packages/airflow/example_dags/example_python_operator.py for tasks to queue
[2026-04-25T08:48:16.266+0000] {logging_mixin.py:188} INFO - [2026-04-25T08:48:16.266+0000] {dagbag.py:545} INFO - Filling up the DagBag from /home/airflow/.local/lib/python3.12/site-packages/airflow/example_dags/example_python_operator.py
[2026-04-25T08:48:16.278+0000] {processor.py:840} INFO - DAG(s) 'example_python_operator' retrieved from /home/airflow/.local/lib/python3.12/site-packages/airflow/example_dags/example_python_operator.py
[2026-04-25T08:48:16.302+0000] {logging_mixin.py:188} INFO - [2026-04-25T08:48:16.302+0000] {dag.py:3096} INFO - Sync 1 DAGs
[2026-04-25T08:48:16.315+0000] {logging_mixin.py:188} INFO - [2026-04-25T08:48:16.314+0000] {dag.py:3954} INFO - Setting next_dagrun for example_python_operator to None, run_after=None
[2026-04-25T08:48:16.331+0000] {processor.py:183} INFO - Processing /home/airflow/.local/lib/python3.12/site-packages/airflow/example_dags/example_python_operator.py took 0.073 seconds
[2026-04-25T08:48:46.396+0000] {processor.py:161} INFO - Started process (PID=1877) to work on /home/airflow/.local/lib/python3.12/site-packages/airflow/example_dags/example_python_operator.py
[2026-04-25T08:48:46.397+0000] {processor.py:830} INFO - Processing file /home/airflow/.local/lib/python3.12/site-packages/airflow/example_dags/example_python_operator.py for tasks to queue
[2026-04-25T08:48:46.398+0000] {logging_mixin.py:188} INFO - [2026-04-25T08:48:46.398+0000] {dagbag.py:545} INFO - Filling up the DagBag from /home/airflow/.local/lib/python3.12/site-packages/airflow/example_dags/example_python_operator.py
[2026-04-25T08:48:46.406+0000] {processor.py:840} INFO - DAG(s) 'example_python_operator' retrieved from /home/airflow/.local/lib/python3.12/site-packages/airflow/example_dags/example_python_operator.py
[2026-04-25T08:48:46.424+0000] {logging_mixin.py:188} INFO - [2026-04-25T08:48:46.424+0000] {dag.py:3096} INFO - Sync 1 DAGs
[2026-04-25T08:48:46.435+0000] {logging_mixin.py:188} INFO - [2026-04-25T08:48:46.435+0000] {dag.py:3954} INFO - Setting next_dagrun for example_python_operator to None, run_after=None
[2026-04-25T08:48:46.449+0000] {processor.py:183} INFO - Processing /home/airflow/.local/lib/python3.12/site-packages/airflow/example_dags/example_python_operator.py took 0.057 seconds
[2026-04-25T08:49:16.884+0000] {processor.py:161} INFO - Started process (PID=1935) to work on /home/airflow/.local/lib/python3.12/site-packages/airflow/example_dags/example_python_operator.py
[2026-04-25T08:49:16.884+0000] {processor.py:830} INFO - Processing file /home/airflow/.local/lib/python3.12/site-packages/airflow/example_dags/example_python_operator.py for tasks to queue
[2026-04-25T08:49:16.886+0000] {logging_mixin.py:188} INFO - [2026-04-25T08:49:16.886+0000] {dagbag.py:545} INFO - Filling up the DagBag from /home/airflow/.local/lib/python3.12/site-packages/airflow/example_dags/example_python_operator.py
[2026-04-25T08:49:16.895+0000] {processor.py:840} INFO - DAG(s) 'example_python_operator' retrieved from /home/airflow/.local/lib/python3.12/site-packages/airflow/example_dags/example_python_operator.py
[2026-04-25T08:49:16.919+0000] {logging_mixin.py:188} INFO - [2026-04-25T08:49:16.918+0000] {dag.py:3096} INFO - Sync 1 DAGs
[2026-04-25T08:49:16.933+0000] {logging_mixin.py:188} INFO - [2026-04-25T08:49:16.933+0000] {dag.py:3954} INFO - Setting next_dagrun for example_python_operator to None, run_after=None
[2026-04-25T08:49:16.952+0000] {processor.py:183} INFO - Processing /home/airflow/.local/lib/python3.12/site-packages/airflow/example_dags/example_python_operator.py took 0.073 seconds
[2026-04-25T08:49:47.365+0000] {processor.py:161} INFO - Started process (PID=1993) to work on /home/airflow/.local/lib/python3.12/site-packages/airflow/example_dags/example_python_operator.py
[2026-04-25T08:49:47.366+0000] {processor.py:830} INFO - Processing file /home/airflow/.local/lib/python3.12/site-packages/airflow/example_dags/example_python_operator.py for tasks to queue
[2026-04-25T08:49:47.367+0000] {logging_mixin.py:188} INFO - [2026-04-25T08:49:47.367+0000] {dagbag.py:545} INFO - Filling up the DagBag from /home/airflow/.local/lib/python3.12/site-packages/airflow/example_dags/example_python_operator.py
[2026-04-25T08:49:47.375+0000] {processor.py:840} INFO - DAG(s) 'example_python_operator' retrieved from /home/airflow/.local/lib/python3.12/site-packages/airflow/example_dags/example_python_operator.py
[2026-04-25T08:49:47.394+0000] {logging_mixin.py:188} INFO - [2026-04-25T08:49:47.393+0000] {dag.py:3096} INFO - Sync 1 DAGs
[2026-04-25T08:49:47.404+0000] {logging_mixin.py:188} INFO - [2026-04-25T08:49:47.404+0000] {dag.py:3954} INFO - Setting next_dagrun for example_python_operator to None, run_after=None
[2026-04-25T08:49:47.421+0000] {processor.py:183} INFO - Processing /home/airflow/.local/lib/python3.12/site-packages/airflow/example_dags/example_python_operator.py took 0.061 seconds
[2026-04-25T08:50:17.781+0000] {processor.py:161} INFO - Started process (PID=2051) to work on /home/airflow/.local/lib/python3.12/site-packages/airflow/example_dags/example_python_operator.py
[2026-04-25T08:50:17.782+0000] {processor.py:830} INFO - Processing file /home/airflow/.local/lib/python3.12/site-packages/airflow/example_dags/example_python_operator.py for tasks to queue
[2026-04-25T08:50:17.784+0000] {logging_mixin.py:188} INFO - [2026-04-25T08:50:17.783+0000] {dagbag.py:545} INFO - Filling up the DagBag from /home/airflow/.local/lib/python3.12/site-packages/airflow/example_dags/example_python_operator.py
[2026-04-25T08:50:17.796+0000] {processor.py:840} INFO - DAG(s) 'example_python_operator' retrieved from /home/airflow/.local/lib/python3.12/site-packages/airflow/example_dags/example_python_operator.py
[2026-04-25T08:50:17.822+0000] {logging_mixin.py:188} INFO - [2026-04-25T08:50:17.822+0000] {dag.py:3096} INFO - Sync 1 DAGs
[2026-04-25T08:50:17.839+0000] {logging_mixin.py:188} INFO - [2026-04-25T08:50:17.839+0000] {dag.py:3954} INFO - Setting next_dagrun for example_python_operator to None, run_after=None
[2026-04-25T08:50:17.858+0000] {processor.py:183} INFO - Processing /home/airflow/.local/lib/python3.12/site-packages/airflow/example_dags/example_python_operator.py took 0.084 seconds
[2026-04-25T08:50:48.291+0000] {processor.py:161} INFO - Started process (PID=2109) to work on /home/airflow/.local/lib/python3.12/site-packages/airflow/example_dags/example_python_operator.py
[2026-04-25T08:50:48.292+0000] {processor.py:830} INFO - Processing file /home/airflow/.local/lib/python3.12/site-packages/airflow/example_dags/example_python_operator.py for tasks to queue
[2026-04-25T08:50:48.294+0000] {logging_mixin.py:188} INFO - [2026-04-25T08:50:48.293+0000] {dagbag.py:545} INFO - Filling up the DagBag from /home/airflow/.local/lib/python3.12/site-packages/airflow/example_dags/example_python_operator.py
[2026-04-25T08:50:48.305+0000] {processor.py:840} INFO - DAG(s) 'example_python_operator' retrieved from /home/airflow/.local/lib/python3.12/site-packages/airflow/example_dags/example_python_operator.py
[2026-04-25T08:50:48.330+0000] {logging_mixin.py:188} INFO - [2026-04-25T08:50:48.330+0000] {dag.py:3096} INFO - Sync 1 DAGs
[2026-04-25T08:50:48.345+0000] {logging_mixin.py:188} INFO - [2026-04-25T08:50:48.344+0000] {dag.py:3954} INFO - Setting next_dagrun for example_python_operator to None, run_after=None
[2026-04-25T08:50:48.364+0000] {processor.py:183} INFO - Processing /home/airflow/.local/lib/python3.12/site-packages/airflow/example_dags/example_python_operator.py took 0.080 seconds
[2026-04-25T08:51:18.752+0000] {processor.py:161} INFO - Started process (PID=2167) to work on /home/airflow/.local/lib/python3.12/site-packages/airflow/example_dags/example_python_operator.py
[2026-04-25T08:51:18.752+0000] {processor.py:830} INFO - Processing file /home/airflow/.local/lib/python3.12/site-packages/airflow/example_dags/example_python_operator.py for tasks to queue
[2026-04-25T08:51:18.753+0000] {logging_mixin.py:188} INFO - [2026-04-25T08:51:18.753+0000] {dagbag.py:545} INFO - Filling up the DagBag from /home/airflow/.local/lib/python3.12/site-packages/airflow/example_dags/example_python_operator.py
[2026-04-25T08:51:18.762+0000] {processor.py:840} INFO - DAG(s) 'example_python_operator' retrieved from /home/airflow/.local/lib/python3.12/site-packages/airflow/example_dags/example_python_operator.py
[2026-04-25T08:51:18.781+0000] {logging_mixin.py:188} INFO - [2026-04-25T08:51:18.780+0000] {dag.py:3096} INFO - Sync 1 DAGs
[2026-04-25T08:51:18.791+0000] {logging_mixin.py:188} INFO - [2026-04-25T08:51:18.791+0000] {dag.py:3954} INFO - Setting next_dagrun for example_python_operator to None, run_after=None
[2026-04-25T08:51:18.807+0000] {processor.py:183} INFO - Processing /home/airflow/.local/lib/python3.12/site-packages/airflow/example_dags/example_python_operator.py took 0.060 seconds
[2026-04-25T08:51:48.961+0000] {processor.py:161} INFO - Started process (PID=2225) to work on /home/airflow/.local/lib/python3.12/site-packages/airflow/example_dags/example_python_operator.py
[2026-04-25T08:51:48.962+0000] {processor.py:830} INFO - Processing file /home/airflow/.local/lib/python3.12/site-packages/airflow/example_dags/example_python_operator.py for tasks to queue
[2026-04-25T08:51:48.963+0000] {logging_mixin.py:188} INFO - [2026-04-25T08:51:48.963+0000] {dagbag.py:545} INFO - Filling up the DagBag from /home/airflow/.local/lib/python3.12/site-packages/airflow/example_dags/example_python_operator.py
[2026-04-25T08:51:48.972+0000] {processor.py:840} INFO - DAG(s) 'example_python_operator' retrieved from /home/airflow/.local/lib/python3.12/site-packages/airflow/example_dags/example_python_operator.py
[2026-04-25T08:51:48.992+0000] {logging_mixin.py:188} INFO - [2026-04-25T08:51:48.992+0000] {dag.py:3096} INFO - Sync 1 DAGs
[2026-04-25T08:51:49.002+0000] {logging_mixin.py:188} INFO - [2026-04-25T08:51:49.002+0000] {dag.py:3954} INFO - Setting next_dagrun for example_python_operator to None, run_after=None
[2026-04-25T08:51:49.017+0000] {processor.py:183} INFO - Processing /home/airflow/.local/lib/python3.12/site-packages/airflow/example_dags/example_python_operator.py took 0.061 seconds
[2026-04-25T08:52:19.593+0000] {processor.py:161} INFO - Started process (PID=2283) to work on /home/airflow/.local/lib/python3.12/site-packages/airflow/example_dags/example_python_operator.py
[2026-04-25T08:52:19.593+0000] {processor.py:830} INFO - Processing file /home/airflow/.local/lib/python3.12/site-packages/airflow/example_dags/example_python_operator.py for tasks to queue
[2026-04-25T08:52:19.594+0000] {logging_mixin.py:188} INFO - [2026-04-25T08:52:19.594+0000] {dagbag.py:545} INFO - Filling up the DagBag from /home/airflow/.local/lib/python3.12/site-packages/airflow/example_dags/example_python_operator.py
[2026-04-25T08:52:19.603+0000] {processor.py:840} INFO - DAG(s) 'example_python_operator' retrieved from /home/airflow/.local/lib/python3.12/site-packages/airflow/example_dags/example_python_operator.py
[2026-04-25T08:52:19.625+0000] {logging_mixin.py:188} INFO - [2026-04-25T08:52:19.625+0000] {dag.py:3096} INFO - Sync 1 DAGs
[2026-04-25T08:52:19.640+0000] {logging_mixin.py:188} INFO - [2026-04-25T08:52:19.640+0000] {dag.py:3954} INFO - Setting next_dagrun for example_python_operator to None, run_after=None
[2026-04-25T08:52:19.656+0000] {processor.py:183} INFO - Processing /home/airflow/.local/lib/python3.12/site-packages/airflow/example_dags/example_python_operator.py took 0.068 seconds
[2026-04-25T08:52:50.230+0000] {processor.py:161} INFO - Started process (PID=2341) to work on /home/airflow/.local/lib/python3.12/site-packages/airflow/example_dags/example_python_operator.py
[2026-04-25T08:52:50.230+0000] {processor.py:830} INFO - Processing file /home/airflow/.local/lib/python3.12/site-packages/airflow/example_dags/example_python_operator.py for tasks to queue
[2026-04-25T08:52:50.231+0000] {logging_mixin.py:188} INFO - [2026-04-25T08:52:50.231+0000] {dagbag.py:545} INFO - Filling up the DagBag from /home/airflow/.local/lib/python3.12/site-packages/airflow/example_dags/example_python_operator.py
[2026-04-25T08:52:50.240+0000] {processor.py:840} INFO - DAG(s) 'example_python_operator' retrieved from /home/airflow/.local/lib/python3.12/site-packages/airflow/example_dags/example_python_operator.py
[2026-04-25T08:52:50.259+0000] {logging_mixin.py:188} INFO - [2026-04-25T08:52:50.259+0000] {dag.py:3096} INFO - Sync 1 DAGs
[2026-04-25T08:52:50.271+0000] {logging_mixin.py:188} INFO - [2026-04-25T08:52:50.270+0000] {dag.py:3954} INFO - Setting next_dagrun for example_python_operator to None, run_after=None
[2026-04-25T08:52:50.290+0000] {processor.py:183} INFO - Processing /home/airflow/.local/lib/python3.12/site-packages/airflow/example_dags/example_python_operator.py took 0.065 seconds
[2026-04-25T08:53:20.838+0000] {processor.py:161} INFO - Started process (PID=2399) to work on /home/airflow/.local/lib/python3.12/site-packages/airflow/example_dags/example_python_operator.py
[2026-04-25T08:53:20.839+0000] {processor.py:830} INFO - Processing file /home/airflow/.local/lib/python3.12/site-packages/airflow/example_dags/example_python_operator.py for tasks to queue
[2026-04-25T08:53:20.841+0000] {logging_mixin.py:188} INFO - [2026-04-25T08:53:20.841+0000] {dagbag.py:545} INFO - Filling up the DagBag from /home/airflow/.local/lib/python3.12/site-packages/airflow/example_dags/example_python_operator.py
[2026-04-25T08:53:20.855+0000] {processor.py:840} INFO - DAG(s) 'example_python_operator' retrieved from /home/airflow/.local/lib/python3.12/site-packages/airflow/example_dags/example_python_operator.py
[2026-04-25T08:53:20.881+0000] {logging_mixin.py:188} INFO - [2026-04-25T08:53:20.881+0000] {dag.py:3096} INFO - Sync 1 DAGs
[2026-04-25T08:53:20.898+0000] {logging_mixin.py:188} INFO - [2026-04-25T08:53:20.898+0000] {dag.py:3954} INFO - Setting next_dagrun for example_python_operator to None, run_after=None
[2026-04-25T08:53:20.920+0000] {processor.py:183} INFO - Processing /home/airflow/.local/lib/python3.12/site-packages/airflow/example_dags/example_python_operator.py took 0.089 seconds
[2026-04-25T08:53:51.290+0000] {processor.py:161} INFO - Started process (PID=2457) to work on /home/airflow/.local/lib/python3.12/site-packages/airflow/example_dags/example_python_operator.py
[2026-04-25T08:53:51.291+0000] {processor.py:830} INFO - Processing file /home/airflow/.local/lib/python3.12/site-packages/airflow/example_dags/example_python_operator.py for tasks to queue
[2026-04-25T08:53:51.292+0000] {logging_mixin.py:188} INFO - [2026-04-25T08:53:51.292+0000] {dagbag.py:545} INFO - Filling up the DagBag from /home/airflow/.local/lib/python3.12/site-packages/airflow/example_dags/example_python_operator.py
[2026-04-25T08:53:51.301+0000] {processor.py:840} INFO - DAG(s) 'example_python_operator' retrieved from /home/airflow/.local/lib/python3.12/site-packages/airflow/example_dags/example_python_operator.py
[2026-04-25T08:53:51.319+0000] {logging_mixin.py:188} INFO - [2026-04-25T08:53:51.319+0000] {dag.py:3096} INFO - Sync 1 DAGs
[2026-04-25T08:53:51.329+0000] {logging_mixin.py:188} INFO - [2026-04-25T08:53:51.329+0000] {dag.py:3954} INFO - Setting next_dagrun for example_python_operator to None, run_after=None
[2026-04-25T08:53:51.346+0000] {processor.py:183} INFO - Processing /home/airflow/.local/lib/python3.12/site-packages/airflow/example_dags/example_python_operator.py took 0.060 seconds
[2026-04-25T08:54:21.692+0000] {processor.py:161} INFO - Started process (PID=2514) to work on /home/airflow/.local/lib/python3.12/site-packages/airflow/example_dags/example_python_operator.py
[2026-04-25T08:54:21.693+0000] {processor.py:830} INFO - Processing file /home/airflow/.local/lib/python3.12/site-packages/airflow/example_dags/example_python_operator.py for tasks to queue
[2026-04-25T08:54:21.695+0000] {logging_mixin.py:188} INFO - [2026-04-25T08:54:21.694+0000] {dagbag.py:545} INFO - Filling up the DagBag from /home/airflow/.local/lib/python3.12/site-packages/airflow/example_dags/example_python_operator.py
[2026-04-25T08:54:21.706+0000] {processor.py:840} INFO - DAG(s) 'example_python_operator' retrieved from /home/airflow/.local/lib/python3.12/site-packages/airflow/example_dags/example_python_operator.py
[2026-04-25T08:54:21.726+0000] {logging_mixin.py:188} INFO - [2026-04-25T08:54:21.726+0000] {dag.py:3096} INFO - Sync 1 DAGs
[2026-04-25T08:54:21.738+0000] {logging_mixin.py:188} INFO - [2026-04-25T08:54:21.738+0000] {dag.py:3954} INFO - Setting next_dagrun for example_python_operator to None, run_after=None
[2026-04-25T08:54:21.755+0000] {processor.py:183} INFO - Processing /home/airflow/.local/lib/python3.12/site-packages/airflow/example_dags/example_python_operator.py took 0.069 seconds
[2026-04-25T08:54:52.258+0000] {processor.py:161} INFO - Started process (PID=2572) to work on /home/airflow/.local/lib/python3.12/site-packages/airflow/example_dags/example_python_operator.py
[2026-04-25T08:54:52.258+0000] {processor.py:830} INFO - Processing file /home/airflow/.local/lib/python3.12/site-packages/airflow/example_dags/example_python_operator.py for tasks to queue
[2026-04-25T08:54:52.260+0000] {logging_mixin.py:188} INFO - [2026-04-25T08:54:52.260+0000] {dagbag.py:545} INFO - Filling up the DagBag from /home/airflow/.local/lib/python3.12/site-packages/airflow/example_dags/example_python_operator.py
[2026-04-25T08:54:52.270+0000] {processor.py:840} INFO - DAG(s) 'example_python_operator' retrieved from /home/airflow/.local/lib/python3.12/site-packages/airflow/example_dags/example_python_operator.py
[2026-04-25T08:54:52.292+0000] {logging_mixin.py:188} INFO - [2026-04-25T08:54:52.292+0000] {dag.py:3096} INFO - Sync 1 DAGs
[2026-04-25T08:54:52.303+0000] {logging_mixin.py:188} INFO - [2026-04-25T08:54:52.303+0000] {dag.py:3954} INFO - Setting next_dagrun for example_python_operator to None, run_after=None
[2026-04-25T08:54:52.319+0000] {processor.py:183} INFO - Processing /home/airflow/.local/lib/python3.12/site-packages/airflow/example_dags/example_python_operator.py took 0.067 seconds
[2026-04-25T08:55:22.678+0000] {processor.py:161} INFO - Started process (PID=2630) to work on /home/airflow/.local/lib/python3.12/site-packages/airflow/example_dags/example_python_operator.py
[2026-04-25T08:55:22.679+0000] {processor.py:830} INFO - Processing file /home/airflow/.local/lib/python3.12/site-packages/airflow/example_dags/example_python_operator.py for tasks to queue
[2026-04-25T08:55:22.681+0000] {logging_mixin.py:188} INFO - [2026-04-25T08:55:22.681+0000] {dagbag.py:545} INFO - Filling up the DagBag from /home/airflow/.local/lib/python3.12/site-packages/airflow/example_dags/example_python_operator.py
[2026-04-25T08:55:22.690+0000] {processor.py:840} INFO - DAG(s) 'example_python_operator' retrieved from /home/airflow/.local/lib/python3.12/site-packages/airflow/example_dags/example_python_operator.py
[2026-04-25T08:55:22.715+0000] {logging_mixin.py:188} INFO - [2026-04-25T08:55:22.714+0000] {dag.py:3096} INFO - Sync 1 DAGs
[2026-04-25T08:55:22.728+0000] {logging_mixin.py:188} INFO - [2026-04-25T08:55:22.728+0000] {dag.py:3954} INFO - Setting next_dagrun for example_python_operator to None, run_after=None
[2026-04-25T08:55:22.746+0000] {processor.py:183} INFO - Processing /home/airflow/.local/lib/python3.12/site-packages/airflow/example_dags/example_python_operator.py took 0.073 seconds
