[2026-04-25T08:33:04.079+0000] {processor.py:161} INFO - Started process (PID=83) to work on /home/airflow/.local/lib/python3.12/site-packages/airflow/example_dags/example_setup_teardown.py
[2026-04-25T08:33:04.080+0000] {processor.py:830} INFO - Processing file /home/airflow/.local/lib/python3.12/site-packages/airflow/example_dags/example_setup_teardown.py for tasks to queue
[2026-04-25T08:33:04.082+0000] {logging_mixin.py:188} INFO - [2026-04-25T08:33:04.082+0000] {dagbag.py:545} INFO - Filling up the DagBag from /home/airflow/.local/lib/python3.12/site-packages/airflow/example_dags/example_setup_teardown.py
[2026-04-25T08:33:04.090+0000] {processor.py:840} INFO - DAG(s) 'example_setup_teardown' retrieved from /home/airflow/.local/lib/python3.12/site-packages/airflow/example_dags/example_setup_teardown.py
[2026-04-25T08:33:04.283+0000] {logging_mixin.py:188} INFO - [2026-04-25T08:33:04.283+0000] {dag.py:3096} INFO - Sync 1 DAGs
[2026-04-25T08:33:04.343+0000] {logging_mixin.py:188} INFO - [2026-04-25T08:33:04.343+0000] {dag.py:3954} INFO - Setting next_dagrun for example_setup_teardown to 2026-04-24 00:00:00+00:00, run_after=2026-04-25 00:00:00+00:00
[2026-04-25T08:33:04.403+0000] {processor.py:183} INFO - Processing /home/airflow/.local/lib/python3.12/site-packages/airflow/example_dags/example_setup_teardown.py took 0.330 seconds
[2026-04-25T08:33:35.271+0000] {processor.py:161} INFO - Started process (PID=141) to work on /home/airflow/.local/lib/python3.12/site-packages/airflow/example_dags/example_setup_teardown.py
[2026-04-25T08:33:35.272+0000] {processor.py:830} INFO - Processing file /home/airflow/.local/lib/python3.12/site-packages/airflow/example_dags/example_setup_teardown.py for tasks to queue
[2026-04-25T08:33:35.273+0000] {logging_mixin.py:188} INFO - [2026-04-25T08:33:35.273+0000] {dagbag.py:545} INFO - Filling up the DagBag from /home/airflow/.local/lib/python3.12/site-packages/airflow/example_dags/example_setup_teardown.py
[2026-04-25T08:33:35.280+0000] {processor.py:840} INFO - DAG(s) 'example_setup_teardown' retrieved from /home/airflow/.local/lib/python3.12/site-packages/airflow/example_dags/example_setup_teardown.py
[2026-04-25T08:33:35.304+0000] {logging_mixin.py:188} INFO - [2026-04-25T08:33:35.303+0000] {dag.py:3096} INFO - Sync 1 DAGs
[2026-04-25T08:33:35.328+0000] {logging_mixin.py:188} INFO - [2026-04-25T08:33:35.328+0000] {dag.py:3954} INFO - Setting next_dagrun for example_setup_teardown to 2026-04-24 00:00:00+00:00, run_after=2026-04-25 00:00:00+00:00
[2026-04-25T08:33:35.478+0000] {processor.py:183} INFO - Processing /home/airflow/.local/lib/python3.12/site-packages/airflow/example_dags/example_setup_teardown.py took 0.212 seconds
[2026-04-25T08:34:05.536+0000] {processor.py:161} INFO - Started process (PID=199) to work on /home/airflow/.local/lib/python3.12/site-packages/airflow/example_dags/example_setup_teardown.py
[2026-04-25T08:34:05.536+0000] {processor.py:830} INFO - Processing file /home/airflow/.local/lib/python3.12/site-packages/airflow/example_dags/example_setup_teardown.py for tasks to queue
[2026-04-25T08:34:05.538+0000] {logging_mixin.py:188} INFO - [2026-04-25T08:34:05.538+0000] {dagbag.py:545} INFO - Filling up the DagBag from /home/airflow/.local/lib/python3.12/site-packages/airflow/example_dags/example_setup_teardown.py
[2026-04-25T08:34:05.543+0000] {processor.py:840} INFO - DAG(s) 'example_setup_teardown' retrieved from /home/airflow/.local/lib/python3.12/site-packages/airflow/example_dags/example_setup_teardown.py
[2026-04-25T08:34:05.564+0000] {logging_mixin.py:188} INFO - [2026-04-25T08:34:05.563+0000] {dag.py:3096} INFO - Sync 1 DAGs
[2026-04-25T08:34:05.582+0000] {logging_mixin.py:188} INFO - [2026-04-25T08:34:05.582+0000] {dag.py:3954} INFO - Setting next_dagrun for example_setup_teardown to 2026-04-24 00:00:00+00:00, run_after=2026-04-25 00:00:00+00:00
[2026-04-25T08:34:05.598+0000] {processor.py:183} INFO - Processing /home/airflow/.local/lib/python3.12/site-packages/airflow/example_dags/example_setup_teardown.py took 0.068 seconds
[2026-04-25T08:34:35.687+0000] {processor.py:161} INFO - Started process (PID=257) to work on /home/airflow/.local/lib/python3.12/site-packages/airflow/example_dags/example_setup_teardown.py
[2026-04-25T08:34:35.687+0000] {processor.py:830} INFO - Processing file /home/airflow/.local/lib/python3.12/site-packages/airflow/example_dags/example_setup_teardown.py for tasks to queue
[2026-04-25T08:34:35.689+0000] {logging_mixin.py:188} INFO - [2026-04-25T08:34:35.689+0000] {dagbag.py:545} INFO - Filling up the DagBag from /home/airflow/.local/lib/python3.12/site-packages/airflow/example_dags/example_setup_teardown.py
[2026-04-25T08:34:35.696+0000] {processor.py:840} INFO - DAG(s) 'example_setup_teardown' retrieved from /home/airflow/.local/lib/python3.12/site-packages/airflow/example_dags/example_setup_teardown.py
[2026-04-25T08:34:35.721+0000] {logging_mixin.py:188} INFO - [2026-04-25T08:34:35.721+0000] {dag.py:3096} INFO - Sync 1 DAGs
[2026-04-25T08:34:35.743+0000] {logging_mixin.py:188} INFO - [2026-04-25T08:34:35.743+0000] {dag.py:3954} INFO - Setting next_dagrun for example_setup_teardown to 2026-04-24 00:00:00+00:00, run_after=2026-04-25 00:00:00+00:00
[2026-04-25T08:34:35.759+0000] {processor.py:183} INFO - Processing /home/airflow/.local/lib/python3.12/site-packages/airflow/example_dags/example_setup_teardown.py took 0.079 seconds
[2026-04-25T08:35:06.327+0000] {processor.py:161} INFO - Started process (PID=315) to work on /home/airflow/.local/lib/python3.12/site-packages/airflow/example_dags/example_setup_teardown.py
[2026-04-25T08:35:06.328+0000] {processor.py:830} INFO - Processing file /home/airflow/.local/lib/python3.12/site-packages/airflow/example_dags/example_setup_teardown.py for tasks to queue
[2026-04-25T08:35:06.329+0000] {logging_mixin.py:188} INFO - [2026-04-25T08:35:06.329+0000] {dagbag.py:545} INFO - Filling up the DagBag from /home/airflow/.local/lib/python3.12/site-packages/airflow/example_dags/example_setup_teardown.py
[2026-04-25T08:35:06.335+0000] {processor.py:840} INFO - DAG(s) 'example_setup_teardown' retrieved from /home/airflow/.local/lib/python3.12/site-packages/airflow/example_dags/example_setup_teardown.py
[2026-04-25T08:35:06.357+0000] {logging_mixin.py:188} INFO - [2026-04-25T08:35:06.357+0000] {dag.py:3096} INFO - Sync 1 DAGs
[2026-04-25T08:35:06.377+0000] {logging_mixin.py:188} INFO - [2026-04-25T08:35:06.377+0000] {dag.py:3954} INFO - Setting next_dagrun for example_setup_teardown to 2026-04-24 00:00:00+00:00, run_after=2026-04-25 00:00:00+00:00
[2026-04-25T08:35:06.392+0000] {processor.py:183} INFO - Processing /home/airflow/.local/lib/python3.12/site-packages/airflow/example_dags/example_setup_teardown.py took 0.070 seconds
[2026-04-25T08:35:36.478+0000] {processor.py:161} INFO - Started process (PID=373) to work on /home/airflow/.local/lib/python3.12/site-packages/airflow/example_dags/example_setup_teardown.py
[2026-04-25T08:35:36.478+0000] {processor.py:830} INFO - Processing file /home/airflow/.local/lib/python3.12/site-packages/airflow/example_dags/example_setup_teardown.py for tasks to queue
[2026-04-25T08:35:36.480+0000] {logging_mixin.py:188} INFO - [2026-04-25T08:35:36.480+0000] {dagbag.py:545} INFO - Filling up the DagBag from /home/airflow/.local/lib/python3.12/site-packages/airflow/example_dags/example_setup_teardown.py
[2026-04-25T08:35:36.487+0000] {processor.py:840} INFO - DAG(s) 'example_setup_teardown' retrieved from /home/airflow/.local/lib/python3.12/site-packages/airflow/example_dags/example_setup_teardown.py
[2026-04-25T08:35:36.512+0000] {logging_mixin.py:188} INFO - [2026-04-25T08:35:36.512+0000] {dag.py:3096} INFO - Sync 1 DAGs
[2026-04-25T08:35:36.538+0000] {logging_mixin.py:188} INFO - [2026-04-25T08:35:36.537+0000] {dag.py:3954} INFO - Setting next_dagrun for example_setup_teardown to 2026-04-24 00:00:00+00:00, run_after=2026-04-25 00:00:00+00:00
[2026-04-25T08:35:36.558+0000] {processor.py:183} INFO - Processing /home/airflow/.local/lib/python3.12/site-packages/airflow/example_dags/example_setup_teardown.py took 0.085 seconds
[2026-04-25T08:36:06.606+0000] {processor.py:161} INFO - Started process (PID=431) to work on /home/airflow/.local/lib/python3.12/site-packages/airflow/example_dags/example_setup_teardown.py
[2026-04-25T08:36:06.607+0000] {processor.py:830} INFO - Processing file /home/airflow/.local/lib/python3.12/site-packages/airflow/example_dags/example_setup_teardown.py for tasks to queue
[2026-04-25T08:36:06.608+0000] {logging_mixin.py:188} INFO - [2026-04-25T08:36:06.608+0000] {dagbag.py:545} INFO - Filling up the DagBag from /home/airflow/.local/lib/python3.12/site-packages/airflow/example_dags/example_setup_teardown.py
[2026-04-25T08:36:06.613+0000] {processor.py:840} INFO - DAG(s) 'example_setup_teardown' retrieved from /home/airflow/.local/lib/python3.12/site-packages/airflow/example_dags/example_setup_teardown.py
[2026-04-25T08:36:06.635+0000] {logging_mixin.py:188} INFO - [2026-04-25T08:36:06.635+0000] {dag.py:3096} INFO - Sync 1 DAGs
[2026-04-25T08:36:06.658+0000] {logging_mixin.py:188} INFO - [2026-04-25T08:36:06.658+0000] {dag.py:3954} INFO - Setting next_dagrun for example_setup_teardown to 2026-04-24 00:00:00+00:00, run_after=2026-04-25 00:00:00+00:00
[2026-04-25T08:36:06.676+0000] {processor.py:183} INFO - Processing /home/airflow/.local/lib/python3.12/site-packages/airflow/example_dags/example_setup_teardown.py took 0.075 seconds
[2026-04-25T08:36:37.155+0000] {processor.py:161} INFO - Started process (PID=489) to work on /home/airflow/.local/lib/python3.12/site-packages/airflow/example_dags/example_setup_teardown.py
[2026-04-25T08:36:37.155+0000] {processor.py:830} INFO - Processing file /home/airflow/.local/lib/python3.12/site-packages/airflow/example_dags/example_setup_teardown.py for tasks to queue
[2026-04-25T08:36:37.157+0000] {logging_mixin.py:188} INFO - [2026-04-25T08:36:37.156+0000] {dagbag.py:545} INFO - Filling up the DagBag from /home/airflow/.local/lib/python3.12/site-packages/airflow/example_dags/example_setup_teardown.py
[2026-04-25T08:36:37.162+0000] {processor.py:840} INFO - DAG(s) 'example_setup_teardown' retrieved from /home/airflow/.local/lib/python3.12/site-packages/airflow/example_dags/example_setup_teardown.py
[2026-04-25T08:36:37.180+0000] {logging_mixin.py:188} INFO - [2026-04-25T08:36:37.180+0000] {dag.py:3096} INFO - Sync 1 DAGs
[2026-04-25T08:36:37.200+0000] {logging_mixin.py:188} INFO - [2026-04-25T08:36:37.200+0000] {dag.py:3954} INFO - Setting next_dagrun for example_setup_teardown to 2026-04-24 00:00:00+00:00, run_after=2026-04-25 00:00:00+00:00
[2026-04-25T08:36:37.217+0000] {processor.py:183} INFO - Processing /home/airflow/.local/lib/python3.12/site-packages/airflow/example_dags/example_setup_teardown.py took 0.067 seconds
[2026-04-25T08:37:07.460+0000] {processor.py:161} INFO - Started process (PID=547) to work on /home/airflow/.local/lib/python3.12/site-packages/airflow/example_dags/example_setup_teardown.py
[2026-04-25T08:37:07.461+0000] {processor.py:830} INFO - Processing file /home/airflow/.local/lib/python3.12/site-packages/airflow/example_dags/example_setup_teardown.py for tasks to queue
[2026-04-25T08:37:07.462+0000] {logging_mixin.py:188} INFO - [2026-04-25T08:37:07.462+0000] {dagbag.py:545} INFO - Filling up the DagBag from /home/airflow/.local/lib/python3.12/site-packages/airflow/example_dags/example_setup_teardown.py
[2026-04-25T08:37:07.467+0000] {processor.py:840} INFO - DAG(s) 'example_setup_teardown' retrieved from /home/airflow/.local/lib/python3.12/site-packages/airflow/example_dags/example_setup_teardown.py
[2026-04-25T08:37:07.485+0000] {logging_mixin.py:188} INFO - [2026-04-25T08:37:07.485+0000] {dag.py:3096} INFO - Sync 1 DAGs
[2026-04-25T08:37:07.503+0000] {logging_mixin.py:188} INFO - [2026-04-25T08:37:07.503+0000] {dag.py:3954} INFO - Setting next_dagrun for example_setup_teardown to 2026-04-24 00:00:00+00:00, run_after=2026-04-25 00:00:00+00:00
[2026-04-25T08:37:07.518+0000] {processor.py:183} INFO - Processing /home/airflow/.local/lib/python3.12/site-packages/airflow/example_dags/example_setup_teardown.py took 0.063 seconds
[2026-04-25T08:37:37.851+0000] {processor.py:161} INFO - Started process (PID=605) to work on /home/airflow/.local/lib/python3.12/site-packages/airflow/example_dags/example_setup_teardown.py
[2026-04-25T08:37:37.851+0000] {processor.py:830} INFO - Processing file /home/airflow/.local/lib/python3.12/site-packages/airflow/example_dags/example_setup_teardown.py for tasks to queue
[2026-04-25T08:37:37.853+0000] {logging_mixin.py:188} INFO - [2026-04-25T08:37:37.852+0000] {dagbag.py:545} INFO - Filling up the DagBag from /home/airflow/.local/lib/python3.12/site-packages/airflow/example_dags/example_setup_teardown.py
[2026-04-25T08:37:37.858+0000] {processor.py:840} INFO - DAG(s) 'example_setup_teardown' retrieved from /home/airflow/.local/lib/python3.12/site-packages/airflow/example_dags/example_setup_teardown.py
[2026-04-25T08:37:37.877+0000] {logging_mixin.py:188} INFO - [2026-04-25T08:37:37.876+0000] {dag.py:3096} INFO - Sync 1 DAGs
[2026-04-25T08:37:37.897+0000] {logging_mixin.py:188} INFO - [2026-04-25T08:37:37.897+0000] {dag.py:3954} INFO - Setting next_dagrun for example_setup_teardown to 2026-04-24 00:00:00+00:00, run_after=2026-04-25 00:00:00+00:00
[2026-04-25T08:37:37.917+0000] {processor.py:183} INFO - Processing /home/airflow/.local/lib/python3.12/site-packages/airflow/example_dags/example_setup_teardown.py took 0.071 seconds
[2026-04-25T08:38:08.279+0000] {processor.py:161} INFO - Started process (PID=663) to work on /home/airflow/.local/lib/python3.12/site-packages/airflow/example_dags/example_setup_teardown.py
[2026-04-25T08:38:08.279+0000] {processor.py:830} INFO - Processing file /home/airflow/.local/lib/python3.12/site-packages/airflow/example_dags/example_setup_teardown.py for tasks to queue
[2026-04-25T08:38:08.282+0000] {logging_mixin.py:188} INFO - [2026-04-25T08:38:08.281+0000] {dagbag.py:545} INFO - Filling up the DagBag from /home/airflow/.local/lib/python3.12/site-packages/airflow/example_dags/example_setup_teardown.py
[2026-04-25T08:38:08.297+0000] {processor.py:840} INFO - DAG(s) 'example_setup_teardown' retrieved from /home/airflow/.local/lib/python3.12/site-packages/airflow/example_dags/example_setup_teardown.py
[2026-04-25T08:38:08.325+0000] {logging_mixin.py:188} INFO - [2026-04-25T08:38:08.324+0000] {dag.py:3096} INFO - Sync 1 DAGs
[2026-04-25T08:38:08.345+0000] {logging_mixin.py:188} INFO - [2026-04-25T08:38:08.345+0000] {dag.py:3954} INFO - Setting next_dagrun for example_setup_teardown to 2026-04-24 00:00:00+00:00, run_after=2026-04-25 00:00:00+00:00
[2026-04-25T08:38:08.360+0000] {processor.py:183} INFO - Processing /home/airflow/.local/lib/python3.12/site-packages/airflow/example_dags/example_setup_teardown.py took 0.089 seconds
[2026-04-25T08:38:38.548+0000] {processor.py:161} INFO - Started process (PID=721) to work on /home/airflow/.local/lib/python3.12/site-packages/airflow/example_dags/example_setup_teardown.py
[2026-04-25T08:38:38.548+0000] {processor.py:830} INFO - Processing file /home/airflow/.local/lib/python3.12/site-packages/airflow/example_dags/example_setup_teardown.py for tasks to queue
[2026-04-25T08:38:38.550+0000] {logging_mixin.py:188} INFO - [2026-04-25T08:38:38.549+0000] {dagbag.py:545} INFO - Filling up the DagBag from /home/airflow/.local/lib/python3.12/site-packages/airflow/example_dags/example_setup_teardown.py
[2026-04-25T08:38:38.555+0000] {processor.py:840} INFO - DAG(s) 'example_setup_teardown' retrieved from /home/airflow/.local/lib/python3.12/site-packages/airflow/example_dags/example_setup_teardown.py
[2026-04-25T08:38:38.575+0000] {logging_mixin.py:188} INFO - [2026-04-25T08:38:38.574+0000] {dag.py:3096} INFO - Sync 1 DAGs
[2026-04-25T08:38:38.592+0000] {logging_mixin.py:188} INFO - [2026-04-25T08:38:38.592+0000] {dag.py:3954} INFO - Setting next_dagrun for example_setup_teardown to 2026-04-24 00:00:00+00:00, run_after=2026-04-25 00:00:00+00:00
[2026-04-25T08:38:38.608+0000] {processor.py:183} INFO - Processing /home/airflow/.local/lib/python3.12/site-packages/airflow/example_dags/example_setup_teardown.py took 0.066 seconds
[2026-04-25T08:39:09.010+0000] {processor.py:161} INFO - Started process (PID=779) to work on /home/airflow/.local/lib/python3.12/site-packages/airflow/example_dags/example_setup_teardown.py
[2026-04-25T08:39:09.011+0000] {processor.py:830} INFO - Processing file /home/airflow/.local/lib/python3.12/site-packages/airflow/example_dags/example_setup_teardown.py for tasks to queue
[2026-04-25T08:39:09.012+0000] {logging_mixin.py:188} INFO - [2026-04-25T08:39:09.012+0000] {dagbag.py:545} INFO - Filling up the DagBag from /home/airflow/.local/lib/python3.12/site-packages/airflow/example_dags/example_setup_teardown.py
[2026-04-25T08:39:09.018+0000] {processor.py:840} INFO - DAG(s) 'example_setup_teardown' retrieved from /home/airflow/.local/lib/python3.12/site-packages/airflow/example_dags/example_setup_teardown.py
[2026-04-25T08:39:09.037+0000] {logging_mixin.py:188} INFO - [2026-04-25T08:39:09.037+0000] {dag.py:3096} INFO - Sync 1 DAGs
[2026-04-25T08:39:09.059+0000] {logging_mixin.py:188} INFO - [2026-04-25T08:39:09.059+0000] {dag.py:3954} INFO - Setting next_dagrun for example_setup_teardown to 2026-04-24 00:00:00+00:00, run_after=2026-04-25 00:00:00+00:00
[2026-04-25T08:39:09.077+0000] {processor.py:183} INFO - Processing /home/airflow/.local/lib/python3.12/site-packages/airflow/example_dags/example_setup_teardown.py took 0.072 seconds
[2026-04-25T08:39:39.255+0000] {processor.py:161} INFO - Started process (PID=837) to work on /home/airflow/.local/lib/python3.12/site-packages/airflow/example_dags/example_setup_teardown.py
[2026-04-25T08:39:39.255+0000] {processor.py:830} INFO - Processing file /home/airflow/.local/lib/python3.12/site-packages/airflow/example_dags/example_setup_teardown.py for tasks to queue
[2026-04-25T08:39:39.257+0000] {logging_mixin.py:188} INFO - [2026-04-25T08:39:39.256+0000] {dagbag.py:545} INFO - Filling up the DagBag from /home/airflow/.local/lib/python3.12/site-packages/airflow/example_dags/example_setup_teardown.py
[2026-04-25T08:39:39.262+0000] {processor.py:840} INFO - DAG(s) 'example_setup_teardown' retrieved from /home/airflow/.local/lib/python3.12/site-packages/airflow/example_dags/example_setup_teardown.py
[2026-04-25T08:39:39.283+0000] {logging_mixin.py:188} INFO - [2026-04-25T08:39:39.282+0000] {dag.py:3096} INFO - Sync 1 DAGs
[2026-04-25T08:39:39.303+0000] {logging_mixin.py:188} INFO - [2026-04-25T08:39:39.303+0000] {dag.py:3954} INFO - Setting next_dagrun for example_setup_teardown to 2026-04-24 00:00:00+00:00, run_after=2026-04-25 00:00:00+00:00
[2026-04-25T08:39:39.321+0000] {processor.py:183} INFO - Processing /home/airflow/.local/lib/python3.12/site-packages/airflow/example_dags/example_setup_teardown.py took 0.071 seconds
[2026-04-25T08:40:09.467+0000] {processor.py:161} INFO - Started process (PID=895) to work on /home/airflow/.local/lib/python3.12/site-packages/airflow/example_dags/example_setup_teardown.py
[2026-04-25T08:40:09.467+0000] {processor.py:830} INFO - Processing file /home/airflow/.local/lib/python3.12/site-packages/airflow/example_dags/example_setup_teardown.py for tasks to queue
[2026-04-25T08:40:09.469+0000] {logging_mixin.py:188} INFO - [2026-04-25T08:40:09.468+0000] {dagbag.py:545} INFO - Filling up the DagBag from /home/airflow/.local/lib/python3.12/site-packages/airflow/example_dags/example_setup_teardown.py
[2026-04-25T08:40:09.474+0000] {processor.py:840} INFO - DAG(s) 'example_setup_teardown' retrieved from /home/airflow/.local/lib/python3.12/site-packages/airflow/example_dags/example_setup_teardown.py
[2026-04-25T08:40:09.493+0000] {logging_mixin.py:188} INFO - [2026-04-25T08:40:09.492+0000] {dag.py:3096} INFO - Sync 1 DAGs
[2026-04-25T08:40:09.513+0000] {logging_mixin.py:188} INFO - [2026-04-25T08:40:09.513+0000] {dag.py:3954} INFO - Setting next_dagrun for example_setup_teardown to 2026-04-24 00:00:00+00:00, run_after=2026-04-25 00:00:00+00:00
[2026-04-25T08:40:09.530+0000] {processor.py:183} INFO - Processing /home/airflow/.local/lib/python3.12/site-packages/airflow/example_dags/example_setup_teardown.py took 0.068 seconds
[2026-04-25T08:40:40.012+0000] {processor.py:161} INFO - Started process (PID=953) to work on /home/airflow/.local/lib/python3.12/site-packages/airflow/example_dags/example_setup_teardown.py
[2026-04-25T08:40:40.013+0000] {processor.py:830} INFO - Processing file /home/airflow/.local/lib/python3.12/site-packages/airflow/example_dags/example_setup_teardown.py for tasks to queue
[2026-04-25T08:40:40.014+0000] {logging_mixin.py:188} INFO - [2026-04-25T08:40:40.014+0000] {dagbag.py:545} INFO - Filling up the DagBag from /home/airflow/.local/lib/python3.12/site-packages/airflow/example_dags/example_setup_teardown.py
[2026-04-25T08:40:40.019+0000] {processor.py:840} INFO - DAG(s) 'example_setup_teardown' retrieved from /home/airflow/.local/lib/python3.12/site-packages/airflow/example_dags/example_setup_teardown.py
[2026-04-25T08:40:40.038+0000] {logging_mixin.py:188} INFO - [2026-04-25T08:40:40.038+0000] {dag.py:3096} INFO - Sync 1 DAGs
[2026-04-25T08:40:40.057+0000] {logging_mixin.py:188} INFO - [2026-04-25T08:40:40.056+0000] {dag.py:3954} INFO - Setting next_dagrun for example_setup_teardown to 2026-04-24 00:00:00+00:00, run_after=2026-04-25 00:00:00+00:00
[2026-04-25T08:40:40.072+0000] {processor.py:183} INFO - Processing /home/airflow/.local/lib/python3.12/site-packages/airflow/example_dags/example_setup_teardown.py took 0.064 seconds
[2026-04-25T08:41:10.438+0000] {processor.py:161} INFO - Started process (PID=1011) to work on /home/airflow/.local/lib/python3.12/site-packages/airflow/example_dags/example_setup_teardown.py
[2026-04-25T08:41:10.439+0000] {processor.py:830} INFO - Processing file /home/airflow/.local/lib/python3.12/site-packages/airflow/example_dags/example_setup_teardown.py for tasks to queue
[2026-04-25T08:41:10.440+0000] {logging_mixin.py:188} INFO - [2026-04-25T08:41:10.440+0000] {dagbag.py:545} INFO - Filling up the DagBag from /home/airflow/.local/lib/python3.12/site-packages/airflow/example_dags/example_setup_teardown.py
[2026-04-25T08:41:10.446+0000] {processor.py:840} INFO - DAG(s) 'example_setup_teardown' retrieved from /home/airflow/.local/lib/python3.12/site-packages/airflow/example_dags/example_setup_teardown.py
[2026-04-25T08:41:10.465+0000] {logging_mixin.py:188} INFO - [2026-04-25T08:41:10.465+0000] {dag.py:3096} INFO - Sync 1 DAGs
[2026-04-25T08:41:10.485+0000] {logging_mixin.py:188} INFO - [2026-04-25T08:41:10.485+0000] {dag.py:3954} INFO - Setting next_dagrun for example_setup_teardown to 2026-04-24 00:00:00+00:00, run_after=2026-04-25 00:00:00+00:00
[2026-04-25T08:41:10.501+0000] {processor.py:183} INFO - Processing /home/airflow/.local/lib/python3.12/site-packages/airflow/example_dags/example_setup_teardown.py took 0.068 seconds
[2026-04-25T08:41:41.287+0000] {processor.py:161} INFO - Started process (PID=1069) to work on /home/airflow/.local/lib/python3.12/site-packages/airflow/example_dags/example_setup_teardown.py
[2026-04-25T08:41:41.288+0000] {processor.py:830} INFO - Processing file /home/airflow/.local/lib/python3.12/site-packages/airflow/example_dags/example_setup_teardown.py for tasks to queue
[2026-04-25T08:41:41.290+0000] {logging_mixin.py:188} INFO - [2026-04-25T08:41:41.289+0000] {dagbag.py:545} INFO - Filling up the DagBag from /home/airflow/.local/lib/python3.12/site-packages/airflow/example_dags/example_setup_teardown.py
[2026-04-25T08:41:41.297+0000] {processor.py:840} INFO - DAG(s) 'example_setup_teardown' retrieved from /home/airflow/.local/lib/python3.12/site-packages/airflow/example_dags/example_setup_teardown.py
[2026-04-25T08:41:41.321+0000] {logging_mixin.py:188} INFO - [2026-04-25T08:41:41.321+0000] {dag.py:3096} INFO - Sync 1 DAGs
[2026-04-25T08:41:41.339+0000] {logging_mixin.py:188} INFO - [2026-04-25T08:41:41.339+0000] {dag.py:3954} INFO - Setting next_dagrun for example_setup_teardown to 2026-04-24 00:00:00+00:00, run_after=2026-04-25 00:00:00+00:00
[2026-04-25T08:41:41.356+0000] {processor.py:183} INFO - Processing /home/airflow/.local/lib/python3.12/site-packages/airflow/example_dags/example_setup_teardown.py took 0.076 seconds
[2026-04-25T08:42:12.283+0000] {processor.py:161} INFO - Started process (PID=1127) to work on /home/airflow/.local/lib/python3.12/site-packages/airflow/example_dags/example_setup_teardown.py
[2026-04-25T08:42:12.284+0000] {processor.py:830} INFO - Processing file /home/airflow/.local/lib/python3.12/site-packages/airflow/example_dags/example_setup_teardown.py for tasks to queue
[2026-04-25T08:42:12.286+0000] {logging_mixin.py:188} INFO - [2026-04-25T08:42:12.286+0000] {dagbag.py:545} INFO - Filling up the DagBag from /home/airflow/.local/lib/python3.12/site-packages/airflow/example_dags/example_setup_teardown.py
[2026-04-25T08:42:12.292+0000] {processor.py:840} INFO - DAG(s) 'example_setup_teardown' retrieved from /home/airflow/.local/lib/python3.12/site-packages/airflow/example_dags/example_setup_teardown.py
[2026-04-25T08:42:12.313+0000] {logging_mixin.py:188} INFO - [2026-04-25T08:42:12.312+0000] {dag.py:3096} INFO - Sync 1 DAGs
[2026-04-25T08:42:12.333+0000] {logging_mixin.py:188} INFO - [2026-04-25T08:42:12.333+0000] {dag.py:3954} INFO - Setting next_dagrun for example_setup_teardown to 2026-04-24 00:00:00+00:00, run_after=2026-04-25 00:00:00+00:00
[2026-04-25T08:42:12.354+0000] {processor.py:183} INFO - Processing /home/airflow/.local/lib/python3.12/site-packages/airflow/example_dags/example_setup_teardown.py took 0.077 seconds
[2026-04-25T08:42:42.944+0000] {processor.py:161} INFO - Started process (PID=1185) to work on /home/airflow/.local/lib/python3.12/site-packages/airflow/example_dags/example_setup_teardown.py
[2026-04-25T08:42:42.944+0000] {processor.py:830} INFO - Processing file /home/airflow/.local/lib/python3.12/site-packages/airflow/example_dags/example_setup_teardown.py for tasks to queue
[2026-04-25T08:42:42.946+0000] {logging_mixin.py:188} INFO - [2026-04-25T08:42:42.946+0000] {dagbag.py:545} INFO - Filling up the DagBag from /home/airflow/.local/lib/python3.12/site-packages/airflow/example_dags/example_setup_teardown.py
[2026-04-25T08:42:42.951+0000] {processor.py:840} INFO - DAG(s) 'example_setup_teardown' retrieved from /home/airflow/.local/lib/python3.12/site-packages/airflow/example_dags/example_setup_teardown.py
[2026-04-25T08:42:42.969+0000] {logging_mixin.py:188} INFO - [2026-04-25T08:42:42.969+0000] {dag.py:3096} INFO - Sync 1 DAGs
[2026-04-25T08:42:42.988+0000] {logging_mixin.py:188} INFO - [2026-04-25T08:42:42.988+0000] {dag.py:3954} INFO - Setting next_dagrun for example_setup_teardown to 2026-04-24 00:00:00+00:00, run_after=2026-04-25 00:00:00+00:00
[2026-04-25T08:42:43.004+0000] {processor.py:183} INFO - Processing /home/airflow/.local/lib/python3.12/site-packages/airflow/example_dags/example_setup_teardown.py took 0.066 seconds
[2026-04-25T08:43:13.404+0000] {processor.py:161} INFO - Started process (PID=1243) to work on /home/airflow/.local/lib/python3.12/site-packages/airflow/example_dags/example_setup_teardown.py
[2026-04-25T08:43:13.405+0000] {processor.py:830} INFO - Processing file /home/airflow/.local/lib/python3.12/site-packages/airflow/example_dags/example_setup_teardown.py for tasks to queue
[2026-04-25T08:43:13.406+0000] {logging_mixin.py:188} INFO - [2026-04-25T08:43:13.406+0000] {dagbag.py:545} INFO - Filling up the DagBag from /home/airflow/.local/lib/python3.12/site-packages/airflow/example_dags/example_setup_teardown.py
[2026-04-25T08:43:13.414+0000] {processor.py:840} INFO - DAG(s) 'example_setup_teardown' retrieved from /home/airflow/.local/lib/python3.12/site-packages/airflow/example_dags/example_setup_teardown.py
[2026-04-25T08:43:13.437+0000] {logging_mixin.py:188} INFO - [2026-04-25T08:43:13.437+0000] {dag.py:3096} INFO - Sync 1 DAGs
[2026-04-25T08:43:13.464+0000] {logging_mixin.py:188} INFO - [2026-04-25T08:43:13.463+0000] {dag.py:3954} INFO - Setting next_dagrun for example_setup_teardown to 2026-04-24 00:00:00+00:00, run_after=2026-04-25 00:00:00+00:00
[2026-04-25T08:43:13.483+0000] {processor.py:183} INFO - Processing /home/airflow/.local/lib/python3.12/site-packages/airflow/example_dags/example_setup_teardown.py took 0.083 seconds
[2026-04-25T08:43:44.064+0000] {processor.py:161} INFO - Started process (PID=1301) to work on /home/airflow/.local/lib/python3.12/site-packages/airflow/example_dags/example_setup_teardown.py
[2026-04-25T08:43:44.065+0000] {processor.py:830} INFO - Processing file /home/airflow/.local/lib/python3.12/site-packages/airflow/example_dags/example_setup_teardown.py for tasks to queue
[2026-04-25T08:43:44.067+0000] {logging_mixin.py:188} INFO - [2026-04-25T08:43:44.066+0000] {dagbag.py:545} INFO - Filling up the DagBag from /home/airflow/.local/lib/python3.12/site-packages/airflow/example_dags/example_setup_teardown.py
[2026-04-25T08:43:44.076+0000] {processor.py:840} INFO - DAG(s) 'example_setup_teardown' retrieved from /home/airflow/.local/lib/python3.12/site-packages/airflow/example_dags/example_setup_teardown.py
[2026-04-25T08:43:44.103+0000] {logging_mixin.py:188} INFO - [2026-04-25T08:43:44.103+0000] {dag.py:3096} INFO - Sync 1 DAGs
[2026-04-25T08:43:44.120+0000] {logging_mixin.py:188} INFO - [2026-04-25T08:43:44.120+0000] {dag.py:3954} INFO - Setting next_dagrun for example_setup_teardown to 2026-04-24 00:00:00+00:00, run_after=2026-04-25 00:00:00+00:00
[2026-04-25T08:43:44.138+0000] {processor.py:183} INFO - Processing /home/airflow/.local/lib/python3.12/site-packages/airflow/example_dags/example_setup_teardown.py took 0.081 seconds
[2026-04-25T08:44:14.175+0000] {processor.py:161} INFO - Started process (PID=1359) to work on /home/airflow/.local/lib/python3.12/site-packages/airflow/example_dags/example_setup_teardown.py
[2026-04-25T08:44:14.176+0000] {processor.py:830} INFO - Processing file /home/airflow/.local/lib/python3.12/site-packages/airflow/example_dags/example_setup_teardown.py for tasks to queue
[2026-04-25T08:44:14.178+0000] {logging_mixin.py:188} INFO - [2026-04-25T08:44:14.178+0000] {dagbag.py:545} INFO - Filling up the DagBag from /home/airflow/.local/lib/python3.12/site-packages/airflow/example_dags/example_setup_teardown.py
[2026-04-25T08:44:14.183+0000] {processor.py:840} INFO - DAG(s) 'example_setup_teardown' retrieved from /home/airflow/.local/lib/python3.12/site-packages/airflow/example_dags/example_setup_teardown.py
[2026-04-25T08:44:14.205+0000] {logging_mixin.py:188} INFO - [2026-04-25T08:44:14.205+0000] {dag.py:3096} INFO - Sync 1 DAGs
[2026-04-25T08:44:14.223+0000] {logging_mixin.py:188} INFO - [2026-04-25T08:44:14.223+0000] {dag.py:3954} INFO - Setting next_dagrun for example_setup_teardown to 2026-04-24 00:00:00+00:00, run_after=2026-04-25 00:00:00+00:00
[2026-04-25T08:44:14.241+0000] {processor.py:183} INFO - Processing /home/airflow/.local/lib/python3.12/site-packages/airflow/example_dags/example_setup_teardown.py took 0.072 seconds
[2026-04-25T08:44:44.937+0000] {processor.py:161} INFO - Started process (PID=1417) to work on /home/airflow/.local/lib/python3.12/site-packages/airflow/example_dags/example_setup_teardown.py
[2026-04-25T08:44:44.938+0000] {processor.py:830} INFO - Processing file /home/airflow/.local/lib/python3.12/site-packages/airflow/example_dags/example_setup_teardown.py for tasks to queue
[2026-04-25T08:44:44.940+0000] {logging_mixin.py:188} INFO - [2026-04-25T08:44:44.940+0000] {dagbag.py:545} INFO - Filling up the DagBag from /home/airflow/.local/lib/python3.12/site-packages/airflow/example_dags/example_setup_teardown.py
[2026-04-25T08:44:44.947+0000] {processor.py:840} INFO - DAG(s) 'example_setup_teardown' retrieved from /home/airflow/.local/lib/python3.12/site-packages/airflow/example_dags/example_setup_teardown.py
[2026-04-25T08:44:44.967+0000] {logging_mixin.py:188} INFO - [2026-04-25T08:44:44.966+0000] {dag.py:3096} INFO - Sync 1 DAGs
[2026-04-25T08:44:44.986+0000] {logging_mixin.py:188} INFO - [2026-04-25T08:44:44.986+0000] {dag.py:3954} INFO - Setting next_dagrun for example_setup_teardown to 2026-04-24 00:00:00+00:00, run_after=2026-04-25 00:00:00+00:00
[2026-04-25T08:44:45.003+0000] {processor.py:183} INFO - Processing /home/airflow/.local/lib/python3.12/site-packages/airflow/example_dags/example_setup_teardown.py took 0.071 seconds
[2026-04-25T08:45:15.845+0000] {processor.py:161} INFO - Started process (PID=1475) to work on /home/airflow/.local/lib/python3.12/site-packages/airflow/example_dags/example_setup_teardown.py
[2026-04-25T08:45:15.845+0000] {processor.py:830} INFO - Processing file /home/airflow/.local/lib/python3.12/site-packages/airflow/example_dags/example_setup_teardown.py for tasks to queue
[2026-04-25T08:45:15.847+0000] {logging_mixin.py:188} INFO - [2026-04-25T08:45:15.847+0000] {dagbag.py:545} INFO - Filling up the DagBag from /home/airflow/.local/lib/python3.12/site-packages/airflow/example_dags/example_setup_teardown.py
[2026-04-25T08:45:15.852+0000] {processor.py:840} INFO - DAG(s) 'example_setup_teardown' retrieved from /home/airflow/.local/lib/python3.12/site-packages/airflow/example_dags/example_setup_teardown.py
[2026-04-25T08:45:15.871+0000] {logging_mixin.py:188} INFO - [2026-04-25T08:45:15.871+0000] {dag.py:3096} INFO - Sync 1 DAGs
[2026-04-25T08:45:15.890+0000] {logging_mixin.py:188} INFO - [2026-04-25T08:45:15.890+0000] {dag.py:3954} INFO - Setting next_dagrun for example_setup_teardown to 2026-04-24 00:00:00+00:00, run_after=2026-04-25 00:00:00+00:00
[2026-04-25T08:45:15.906+0000] {processor.py:183} INFO - Processing /home/airflow/.local/lib/python3.12/site-packages/airflow/example_dags/example_setup_teardown.py took 0.066 seconds
[2026-04-25T08:45:46.603+0000] {processor.py:161} INFO - Started process (PID=1533) to work on /home/airflow/.local/lib/python3.12/site-packages/airflow/example_dags/example_setup_teardown.py
[2026-04-25T08:45:46.604+0000] {processor.py:830} INFO - Processing file /home/airflow/.local/lib/python3.12/site-packages/airflow/example_dags/example_setup_teardown.py for tasks to queue
[2026-04-25T08:45:46.605+0000] {logging_mixin.py:188} INFO - [2026-04-25T08:45:46.605+0000] {dagbag.py:545} INFO - Filling up the DagBag from /home/airflow/.local/lib/python3.12/site-packages/airflow/example_dags/example_setup_teardown.py
[2026-04-25T08:45:46.611+0000] {processor.py:840} INFO - DAG(s) 'example_setup_teardown' retrieved from /home/airflow/.local/lib/python3.12/site-packages/airflow/example_dags/example_setup_teardown.py
[2026-04-25T08:45:46.628+0000] {logging_mixin.py:188} INFO - [2026-04-25T08:45:46.628+0000] {dag.py:3096} INFO - Sync 1 DAGs
[2026-04-25T08:45:46.646+0000] {logging_mixin.py:188} INFO - [2026-04-25T08:45:46.646+0000] {dag.py:3954} INFO - Setting next_dagrun for example_setup_teardown to 2026-04-24 00:00:00+00:00, run_after=2026-04-25 00:00:00+00:00
[2026-04-25T08:45:46.797+0000] {processor.py:183} INFO - Processing /home/airflow/.local/lib/python3.12/site-packages/airflow/example_dags/example_setup_teardown.py took 0.198 seconds
[2026-04-25T08:46:16.907+0000] {processor.py:161} INFO - Started process (PID=1591) to work on /home/airflow/.local/lib/python3.12/site-packages/airflow/example_dags/example_setup_teardown.py
[2026-04-25T08:46:16.907+0000] {processor.py:830} INFO - Processing file /home/airflow/.local/lib/python3.12/site-packages/airflow/example_dags/example_setup_teardown.py for tasks to queue
[2026-04-25T08:46:16.909+0000] {logging_mixin.py:188} INFO - [2026-04-25T08:46:16.908+0000] {dagbag.py:545} INFO - Filling up the DagBag from /home/airflow/.local/lib/python3.12/site-packages/airflow/example_dags/example_setup_teardown.py
[2026-04-25T08:46:16.914+0000] {processor.py:840} INFO - DAG(s) 'example_setup_teardown' retrieved from /home/airflow/.local/lib/python3.12/site-packages/airflow/example_dags/example_setup_teardown.py
[2026-04-25T08:46:16.933+0000] {logging_mixin.py:188} INFO - [2026-04-25T08:46:16.933+0000] {dag.py:3096} INFO - Sync 1 DAGs
[2026-04-25T08:46:16.954+0000] {logging_mixin.py:188} INFO - [2026-04-25T08:46:16.954+0000] {dag.py:3954} INFO - Setting next_dagrun for example_setup_teardown to 2026-04-24 00:00:00+00:00, run_after=2026-04-25 00:00:00+00:00
[2026-04-25T08:46:17.096+0000] {processor.py:183} INFO - Processing /home/airflow/.local/lib/python3.12/site-packages/airflow/example_dags/example_setup_teardown.py took 0.193 seconds
[2026-04-25T08:46:48.032+0000] {processor.py:161} INFO - Started process (PID=1649) to work on /home/airflow/.local/lib/python3.12/site-packages/airflow/example_dags/example_setup_teardown.py
[2026-04-25T08:46:48.033+0000] {processor.py:830} INFO - Processing file /home/airflow/.local/lib/python3.12/site-packages/airflow/example_dags/example_setup_teardown.py for tasks to queue
[2026-04-25T08:46:48.035+0000] {logging_mixin.py:188} INFO - [2026-04-25T08:46:48.034+0000] {dagbag.py:545} INFO - Filling up the DagBag from /home/airflow/.local/lib/python3.12/site-packages/airflow/example_dags/example_setup_teardown.py
[2026-04-25T08:46:48.040+0000] {processor.py:840} INFO - DAG(s) 'example_setup_teardown' retrieved from /home/airflow/.local/lib/python3.12/site-packages/airflow/example_dags/example_setup_teardown.py
[2026-04-25T08:46:48.061+0000] {logging_mixin.py:188} INFO - [2026-04-25T08:46:48.061+0000] {dag.py:3096} INFO - Sync 1 DAGs
[2026-04-25T08:46:48.080+0000] {logging_mixin.py:188} INFO - [2026-04-25T08:46:48.080+0000] {dag.py:3954} INFO - Setting next_dagrun for example_setup_teardown to 2026-04-24 00:00:00+00:00, run_after=2026-04-25 00:00:00+00:00
[2026-04-25T08:46:48.098+0000] {processor.py:183} INFO - Processing /home/airflow/.local/lib/python3.12/site-packages/airflow/example_dags/example_setup_teardown.py took 0.070 seconds
[2026-04-25T08:47:18.451+0000] {processor.py:161} INFO - Started process (PID=1707) to work on /home/airflow/.local/lib/python3.12/site-packages/airflow/example_dags/example_setup_teardown.py
[2026-04-25T08:47:18.452+0000] {processor.py:830} INFO - Processing file /home/airflow/.local/lib/python3.12/site-packages/airflow/example_dags/example_setup_teardown.py for tasks to queue
[2026-04-25T08:47:18.453+0000] {logging_mixin.py:188} INFO - [2026-04-25T08:47:18.453+0000] {dagbag.py:545} INFO - Filling up the DagBag from /home/airflow/.local/lib/python3.12/site-packages/airflow/example_dags/example_setup_teardown.py
[2026-04-25T08:47:18.459+0000] {processor.py:840} INFO - DAG(s) 'example_setup_teardown' retrieved from /home/airflow/.local/lib/python3.12/site-packages/airflow/example_dags/example_setup_teardown.py
[2026-04-25T08:47:18.477+0000] {logging_mixin.py:188} INFO - [2026-04-25T08:47:18.477+0000] {dag.py:3096} INFO - Sync 1 DAGs
[2026-04-25T08:47:18.498+0000] {logging_mixin.py:188} INFO - [2026-04-25T08:47:18.497+0000] {dag.py:3954} INFO - Setting next_dagrun for example_setup_teardown to 2026-04-24 00:00:00+00:00, run_after=2026-04-25 00:00:00+00:00
[2026-04-25T08:47:18.515+0000] {processor.py:183} INFO - Processing /home/airflow/.local/lib/python3.12/site-packages/airflow/example_dags/example_setup_teardown.py took 0.068 seconds
[2026-04-25T08:47:48.885+0000] {processor.py:161} INFO - Started process (PID=1765) to work on /home/airflow/.local/lib/python3.12/site-packages/airflow/example_dags/example_setup_teardown.py
[2026-04-25T08:47:48.886+0000] {processor.py:830} INFO - Processing file /home/airflow/.local/lib/python3.12/site-packages/airflow/example_dags/example_setup_teardown.py for tasks to queue
[2026-04-25T08:47:48.888+0000] {logging_mixin.py:188} INFO - [2026-04-25T08:47:48.887+0000] {dagbag.py:545} INFO - Filling up the DagBag from /home/airflow/.local/lib/python3.12/site-packages/airflow/example_dags/example_setup_teardown.py
[2026-04-25T08:47:48.893+0000] {processor.py:840} INFO - DAG(s) 'example_setup_teardown' retrieved from /home/airflow/.local/lib/python3.12/site-packages/airflow/example_dags/example_setup_teardown.py
[2026-04-25T08:47:48.911+0000] {logging_mixin.py:188} INFO - [2026-04-25T08:47:48.911+0000] {dag.py:3096} INFO - Sync 1 DAGs
[2026-04-25T08:47:48.929+0000] {logging_mixin.py:188} INFO - [2026-04-25T08:47:48.929+0000] {dag.py:3954} INFO - Setting next_dagrun for example_setup_teardown to 2026-04-24 00:00:00+00:00, run_after=2026-04-25 00:00:00+00:00
[2026-04-25T08:47:48.945+0000] {processor.py:183} INFO - Processing /home/airflow/.local/lib/python3.12/site-packages/airflow/example_dags/example_setup_teardown.py took 0.064 seconds
[2026-04-25T08:48:19.521+0000] {processor.py:161} INFO - Started process (PID=1823) to work on /home/airflow/.local/lib/python3.12/site-packages/airflow/example_dags/example_setup_teardown.py
[2026-04-25T08:48:19.522+0000] {processor.py:830} INFO - Processing file /home/airflow/.local/lib/python3.12/site-packages/airflow/example_dags/example_setup_teardown.py for tasks to queue
[2026-04-25T08:48:19.524+0000] {logging_mixin.py:188} INFO - [2026-04-25T08:48:19.523+0000] {dagbag.py:545} INFO - Filling up the DagBag from /home/airflow/.local/lib/python3.12/site-packages/airflow/example_dags/example_setup_teardown.py
[2026-04-25T08:48:19.531+0000] {processor.py:840} INFO - DAG(s) 'example_setup_teardown' retrieved from /home/airflow/.local/lib/python3.12/site-packages/airflow/example_dags/example_setup_teardown.py
[2026-04-25T08:48:19.555+0000] {logging_mixin.py:188} INFO - [2026-04-25T08:48:19.555+0000] {dag.py:3096} INFO - Sync 1 DAGs
[2026-04-25T08:48:19.583+0000] {logging_mixin.py:188} INFO - [2026-04-25T08:48:19.583+0000] {dag.py:3954} INFO - Setting next_dagrun for example_setup_teardown to 2026-04-24 00:00:00+00:00, run_after=2026-04-25 00:00:00+00:00
[2026-04-25T08:48:19.603+0000] {processor.py:183} INFO - Processing /home/airflow/.local/lib/python3.12/site-packages/airflow/example_dags/example_setup_teardown.py took 0.089 seconds
[2026-04-25T08:48:49.651+0000] {processor.py:161} INFO - Started process (PID=1881) to work on /home/airflow/.local/lib/python3.12/site-packages/airflow/example_dags/example_setup_teardown.py
[2026-04-25T08:48:49.651+0000] {processor.py:830} INFO - Processing file /home/airflow/.local/lib/python3.12/site-packages/airflow/example_dags/example_setup_teardown.py for tasks to queue
[2026-04-25T08:48:49.653+0000] {logging_mixin.py:188} INFO - [2026-04-25T08:48:49.653+0000] {dagbag.py:545} INFO - Filling up the DagBag from /home/airflow/.local/lib/python3.12/site-packages/airflow/example_dags/example_setup_teardown.py
[2026-04-25T08:48:49.659+0000] {processor.py:840} INFO - DAG(s) 'example_setup_teardown' retrieved from /home/airflow/.local/lib/python3.12/site-packages/airflow/example_dags/example_setup_teardown.py
[2026-04-25T08:48:49.682+0000] {logging_mixin.py:188} INFO - [2026-04-25T08:48:49.681+0000] {dag.py:3096} INFO - Sync 1 DAGs
[2026-04-25T08:48:49.708+0000] {logging_mixin.py:188} INFO - [2026-04-25T08:48:49.707+0000] {dag.py:3954} INFO - Setting next_dagrun for example_setup_teardown to 2026-04-24 00:00:00+00:00, run_after=2026-04-25 00:00:00+00:00
[2026-04-25T08:48:49.724+0000] {processor.py:183} INFO - Processing /home/airflow/.local/lib/python3.12/site-packages/airflow/example_dags/example_setup_teardown.py took 0.078 seconds
[2026-04-25T08:49:20.093+0000] {processor.py:161} INFO - Started process (PID=1939) to work on /home/airflow/.local/lib/python3.12/site-packages/airflow/example_dags/example_setup_teardown.py
[2026-04-25T08:49:20.094+0000] {processor.py:830} INFO - Processing file /home/airflow/.local/lib/python3.12/site-packages/airflow/example_dags/example_setup_teardown.py for tasks to queue
[2026-04-25T08:49:20.095+0000] {logging_mixin.py:188} INFO - [2026-04-25T08:49:20.095+0000] {dagbag.py:545} INFO - Filling up the DagBag from /home/airflow/.local/lib/python3.12/site-packages/airflow/example_dags/example_setup_teardown.py
[2026-04-25T08:49:20.103+0000] {processor.py:840} INFO - DAG(s) 'example_setup_teardown' retrieved from /home/airflow/.local/lib/python3.12/site-packages/airflow/example_dags/example_setup_teardown.py
[2026-04-25T08:49:20.125+0000] {logging_mixin.py:188} INFO - [2026-04-25T08:49:20.125+0000] {dag.py:3096} INFO - Sync 1 DAGs
[2026-04-25T08:49:20.144+0000] {logging_mixin.py:188} INFO - [2026-04-25T08:49:20.144+0000] {dag.py:3954} INFO - Setting next_dagrun for example_setup_teardown to 2026-04-24 00:00:00+00:00, run_after=2026-04-25 00:00:00+00:00
[2026-04-25T08:49:20.160+0000] {processor.py:183} INFO - Processing /home/airflow/.local/lib/python3.12/site-packages/airflow/example_dags/example_setup_teardown.py took 0.074 seconds
[2026-04-25T08:49:50.557+0000] {processor.py:161} INFO - Started process (PID=1997) to work on /home/airflow/.local/lib/python3.12/site-packages/airflow/example_dags/example_setup_teardown.py
[2026-04-25T08:49:50.558+0000] {processor.py:830} INFO - Processing file /home/airflow/.local/lib/python3.12/site-packages/airflow/example_dags/example_setup_teardown.py for tasks to queue
[2026-04-25T08:49:50.560+0000] {logging_mixin.py:188} INFO - [2026-04-25T08:49:50.559+0000] {dagbag.py:545} INFO - Filling up the DagBag from /home/airflow/.local/lib/python3.12/site-packages/airflow/example_dags/example_setup_teardown.py
[2026-04-25T08:49:50.565+0000] {processor.py:840} INFO - DAG(s) 'example_setup_teardown' retrieved from /home/airflow/.local/lib/python3.12/site-packages/airflow/example_dags/example_setup_teardown.py
[2026-04-25T08:49:50.584+0000] {logging_mixin.py:188} INFO - [2026-04-25T08:49:50.584+0000] {dag.py:3096} INFO - Sync 1 DAGs
[2026-04-25T08:49:50.604+0000] {logging_mixin.py:188} INFO - [2026-04-25T08:49:50.604+0000] {dag.py:3954} INFO - Setting next_dagrun for example_setup_teardown to 2026-04-24 00:00:00+00:00, run_after=2026-04-25 00:00:00+00:00
[2026-04-25T08:49:50.620+0000] {processor.py:183} INFO - Processing /home/airflow/.local/lib/python3.12/site-packages/airflow/example_dags/example_setup_teardown.py took 0.067 seconds
[2026-04-25T08:50:20.989+0000] {processor.py:161} INFO - Started process (PID=2055) to work on /home/airflow/.local/lib/python3.12/site-packages/airflow/example_dags/example_setup_teardown.py
[2026-04-25T08:50:20.990+0000] {processor.py:830} INFO - Processing file /home/airflow/.local/lib/python3.12/site-packages/airflow/example_dags/example_setup_teardown.py for tasks to queue
[2026-04-25T08:50:20.991+0000] {logging_mixin.py:188} INFO - [2026-04-25T08:50:20.991+0000] {dagbag.py:545} INFO - Filling up the DagBag from /home/airflow/.local/lib/python3.12/site-packages/airflow/example_dags/example_setup_teardown.py
[2026-04-25T08:50:20.999+0000] {processor.py:840} INFO - DAG(s) 'example_setup_teardown' retrieved from /home/airflow/.local/lib/python3.12/site-packages/airflow/example_dags/example_setup_teardown.py
[2026-04-25T08:50:21.021+0000] {logging_mixin.py:188} INFO - [2026-04-25T08:50:21.020+0000] {dag.py:3096} INFO - Sync 1 DAGs
[2026-04-25T08:50:21.039+0000] {logging_mixin.py:188} INFO - [2026-04-25T08:50:21.039+0000] {dag.py:3954} INFO - Setting next_dagrun for example_setup_teardown to 2026-04-24 00:00:00+00:00, run_after=2026-04-25 00:00:00+00:00
[2026-04-25T08:50:21.058+0000] {processor.py:183} INFO - Processing /home/airflow/.local/lib/python3.12/site-packages/airflow/example_dags/example_setup_teardown.py took 0.074 seconds
[2026-04-25T08:50:51.515+0000] {processor.py:161} INFO - Started process (PID=2113) to work on /home/airflow/.local/lib/python3.12/site-packages/airflow/example_dags/example_setup_teardown.py
[2026-04-25T08:50:51.516+0000] {processor.py:830} INFO - Processing file /home/airflow/.local/lib/python3.12/site-packages/airflow/example_dags/example_setup_teardown.py for tasks to queue
[2026-04-25T08:50:51.518+0000] {logging_mixin.py:188} INFO - [2026-04-25T08:50:51.518+0000] {dagbag.py:545} INFO - Filling up the DagBag from /home/airflow/.local/lib/python3.12/site-packages/airflow/example_dags/example_setup_teardown.py
[2026-04-25T08:50:51.526+0000] {processor.py:840} INFO - DAG(s) 'example_setup_teardown' retrieved from /home/airflow/.local/lib/python3.12/site-packages/airflow/example_dags/example_setup_teardown.py
[2026-04-25T08:50:51.554+0000] {logging_mixin.py:188} INFO - [2026-04-25T08:50:51.553+0000] {dag.py:3096} INFO - Sync 1 DAGs
[2026-04-25T08:50:51.581+0000] {logging_mixin.py:188} INFO - [2026-04-25T08:50:51.580+0000] {dag.py:3954} INFO - Setting next_dagrun for example_setup_teardown to 2026-04-24 00:00:00+00:00, run_after=2026-04-25 00:00:00+00:00
[2026-04-25T08:50:51.600+0000] {processor.py:183} INFO - Processing /home/airflow/.local/lib/python3.12/site-packages/airflow/example_dags/example_setup_teardown.py took 0.091 seconds
[2026-04-25T08:51:21.969+0000] {processor.py:161} INFO - Started process (PID=2171) to work on /home/airflow/.local/lib/python3.12/site-packages/airflow/example_dags/example_setup_teardown.py
[2026-04-25T08:51:21.970+0000] {processor.py:830} INFO - Processing file /home/airflow/.local/lib/python3.12/site-packages/airflow/example_dags/example_setup_teardown.py for tasks to queue
[2026-04-25T08:51:21.972+0000] {logging_mixin.py:188} INFO - [2026-04-25T08:51:21.971+0000] {dagbag.py:545} INFO - Filling up the DagBag from /home/airflow/.local/lib/python3.12/site-packages/airflow/example_dags/example_setup_teardown.py
[2026-04-25T08:51:21.979+0000] {processor.py:840} INFO - DAG(s) 'example_setup_teardown' retrieved from /home/airflow/.local/lib/python3.12/site-packages/airflow/example_dags/example_setup_teardown.py
[2026-04-25T08:51:22.007+0000] {logging_mixin.py:188} INFO - [2026-04-25T08:51:22.006+0000] {dag.py:3096} INFO - Sync 1 DAGs
[2026-04-25T08:51:22.044+0000] {logging_mixin.py:188} INFO - [2026-04-25T08:51:22.044+0000] {dag.py:3954} INFO - Setting next_dagrun for example_setup_teardown to 2026-04-24 00:00:00+00:00, run_after=2026-04-25 00:00:00+00:00
[2026-04-25T08:51:22.077+0000] {processor.py:183} INFO - Processing /home/airflow/.local/lib/python3.12/site-packages/airflow/example_dags/example_setup_teardown.py took 0.117 seconds
[2026-04-25T08:51:52.152+0000] {processor.py:161} INFO - Started process (PID=2229) to work on /home/airflow/.local/lib/python3.12/site-packages/airflow/example_dags/example_setup_teardown.py
[2026-04-25T08:51:52.153+0000] {processor.py:830} INFO - Processing file /home/airflow/.local/lib/python3.12/site-packages/airflow/example_dags/example_setup_teardown.py for tasks to queue
[2026-04-25T08:51:52.155+0000] {logging_mixin.py:188} INFO - [2026-04-25T08:51:52.154+0000] {dagbag.py:545} INFO - Filling up the DagBag from /home/airflow/.local/lib/python3.12/site-packages/airflow/example_dags/example_setup_teardown.py
[2026-04-25T08:51:52.162+0000] {processor.py:840} INFO - DAG(s) 'example_setup_teardown' retrieved from /home/airflow/.local/lib/python3.12/site-packages/airflow/example_dags/example_setup_teardown.py
[2026-04-25T08:51:52.182+0000] {logging_mixin.py:188} INFO - [2026-04-25T08:51:52.182+0000] {dag.py:3096} INFO - Sync 1 DAGs
[2026-04-25T08:51:52.201+0000] {logging_mixin.py:188} INFO - [2026-04-25T08:51:52.200+0000] {dag.py:3954} INFO - Setting next_dagrun for example_setup_teardown to 2026-04-24 00:00:00+00:00, run_after=2026-04-25 00:00:00+00:00
[2026-04-25T08:51:52.215+0000] {processor.py:183} INFO - Processing /home/airflow/.local/lib/python3.12/site-packages/airflow/example_dags/example_setup_teardown.py took 0.069 seconds
[2026-04-25T08:52:22.781+0000] {processor.py:161} INFO - Started process (PID=2287) to work on /home/airflow/.local/lib/python3.12/site-packages/airflow/example_dags/example_setup_teardown.py
[2026-04-25T08:52:22.781+0000] {processor.py:830} INFO - Processing file /home/airflow/.local/lib/python3.12/site-packages/airflow/example_dags/example_setup_teardown.py for tasks to queue
[2026-04-25T08:52:22.783+0000] {logging_mixin.py:188} INFO - [2026-04-25T08:52:22.783+0000] {dagbag.py:545} INFO - Filling up the DagBag from /home/airflow/.local/lib/python3.12/site-packages/airflow/example_dags/example_setup_teardown.py
[2026-04-25T08:52:22.788+0000] {processor.py:840} INFO - DAG(s) 'example_setup_teardown' retrieved from /home/airflow/.local/lib/python3.12/site-packages/airflow/example_dags/example_setup_teardown.py
[2026-04-25T08:52:22.807+0000] {logging_mixin.py:188} INFO - [2026-04-25T08:52:22.807+0000] {dag.py:3096} INFO - Sync 1 DAGs
[2026-04-25T08:52:22.827+0000] {logging_mixin.py:188} INFO - [2026-04-25T08:52:22.827+0000] {dag.py:3954} INFO - Setting next_dagrun for example_setup_teardown to 2026-04-24 00:00:00+00:00, run_after=2026-04-25 00:00:00+00:00
[2026-04-25T08:52:22.843+0000] {processor.py:183} INFO - Processing /home/airflow/.local/lib/python3.12/site-packages/airflow/example_dags/example_setup_teardown.py took 0.067 seconds
[2026-04-25T08:52:53.422+0000] {processor.py:161} INFO - Started process (PID=2345) to work on /home/airflow/.local/lib/python3.12/site-packages/airflow/example_dags/example_setup_teardown.py
[2026-04-25T08:52:53.422+0000] {processor.py:830} INFO - Processing file /home/airflow/.local/lib/python3.12/site-packages/airflow/example_dags/example_setup_teardown.py for tasks to queue
[2026-04-25T08:52:53.424+0000] {logging_mixin.py:188} INFO - [2026-04-25T08:52:53.424+0000] {dagbag.py:545} INFO - Filling up the DagBag from /home/airflow/.local/lib/python3.12/site-packages/airflow/example_dags/example_setup_teardown.py
[2026-04-25T08:52:53.429+0000] {processor.py:840} INFO - DAG(s) 'example_setup_teardown' retrieved from /home/airflow/.local/lib/python3.12/site-packages/airflow/example_dags/example_setup_teardown.py
[2026-04-25T08:52:53.448+0000] {logging_mixin.py:188} INFO - [2026-04-25T08:52:53.448+0000] {dag.py:3096} INFO - Sync 1 DAGs
[2026-04-25T08:52:53.469+0000] {logging_mixin.py:188} INFO - [2026-04-25T08:52:53.468+0000] {dag.py:3954} INFO - Setting next_dagrun for example_setup_teardown to 2026-04-24 00:00:00+00:00, run_after=2026-04-25 00:00:00+00:00
[2026-04-25T08:52:53.484+0000] {processor.py:183} INFO - Processing /home/airflow/.local/lib/python3.12/site-packages/airflow/example_dags/example_setup_teardown.py took 0.067 seconds
[2026-04-25T08:53:24.064+0000] {processor.py:161} INFO - Started process (PID=2403) to work on /home/airflow/.local/lib/python3.12/site-packages/airflow/example_dags/example_setup_teardown.py
[2026-04-25T08:53:24.065+0000] {processor.py:830} INFO - Processing file /home/airflow/.local/lib/python3.12/site-packages/airflow/example_dags/example_setup_teardown.py for tasks to queue
[2026-04-25T08:53:24.067+0000] {logging_mixin.py:188} INFO - [2026-04-25T08:53:24.066+0000] {dagbag.py:545} INFO - Filling up the DagBag from /home/airflow/.local/lib/python3.12/site-packages/airflow/example_dags/example_setup_teardown.py
[2026-04-25T08:53:24.074+0000] {processor.py:840} INFO - DAG(s) 'example_setup_teardown' retrieved from /home/airflow/.local/lib/python3.12/site-packages/airflow/example_dags/example_setup_teardown.py
[2026-04-25T08:53:24.093+0000] {logging_mixin.py:188} INFO - [2026-04-25T08:53:24.093+0000] {dag.py:3096} INFO - Sync 1 DAGs
[2026-04-25T08:53:24.112+0000] {logging_mixin.py:188} INFO - [2026-04-25T08:53:24.111+0000] {dag.py:3954} INFO - Setting next_dagrun for example_setup_teardown to 2026-04-24 00:00:00+00:00, run_after=2026-04-25 00:00:00+00:00
[2026-04-25T08:53:24.126+0000] {processor.py:183} INFO - Processing /home/airflow/.local/lib/python3.12/site-packages/airflow/example_dags/example_setup_teardown.py took 0.066 seconds
[2026-04-25T08:53:54.494+0000] {processor.py:161} INFO - Started process (PID=2461) to work on /home/airflow/.local/lib/python3.12/site-packages/airflow/example_dags/example_setup_teardown.py
[2026-04-25T08:53:54.495+0000] {processor.py:830} INFO - Processing file /home/airflow/.local/lib/python3.12/site-packages/airflow/example_dags/example_setup_teardown.py for tasks to queue
[2026-04-25T08:53:54.496+0000] {logging_mixin.py:188} INFO - [2026-04-25T08:53:54.496+0000] {dagbag.py:545} INFO - Filling up the DagBag from /home/airflow/.local/lib/python3.12/site-packages/airflow/example_dags/example_setup_teardown.py
[2026-04-25T08:53:54.504+0000] {processor.py:840} INFO - DAG(s) 'example_setup_teardown' retrieved from /home/airflow/.local/lib/python3.12/site-packages/airflow/example_dags/example_setup_teardown.py
[2026-04-25T08:53:54.527+0000] {logging_mixin.py:188} INFO - [2026-04-25T08:53:54.527+0000] {dag.py:3096} INFO - Sync 1 DAGs
[2026-04-25T08:53:54.548+0000] {logging_mixin.py:188} INFO - [2026-04-25T08:53:54.548+0000] {dag.py:3954} INFO - Setting next_dagrun for example_setup_teardown to 2026-04-24 00:00:00+00:00, run_after=2026-04-25 00:00:00+00:00
[2026-04-25T08:53:54.566+0000] {processor.py:183} INFO - Processing /home/airflow/.local/lib/python3.12/site-packages/airflow/example_dags/example_setup_teardown.py took 0.078 seconds
[2026-04-25T08:54:24.882+0000] {processor.py:161} INFO - Started process (PID=2518) to work on /home/airflow/.local/lib/python3.12/site-packages/airflow/example_dags/example_setup_teardown.py
[2026-04-25T08:54:24.883+0000] {processor.py:830} INFO - Processing file /home/airflow/.local/lib/python3.12/site-packages/airflow/example_dags/example_setup_teardown.py for tasks to queue
[2026-04-25T08:54:24.884+0000] {logging_mixin.py:188} INFO - [2026-04-25T08:54:24.884+0000] {dagbag.py:545} INFO - Filling up the DagBag from /home/airflow/.local/lib/python3.12/site-packages/airflow/example_dags/example_setup_teardown.py
[2026-04-25T08:54:24.890+0000] {processor.py:840} INFO - DAG(s) 'example_setup_teardown' retrieved from /home/airflow/.local/lib/python3.12/site-packages/airflow/example_dags/example_setup_teardown.py
[2026-04-25T08:54:24.909+0000] {logging_mixin.py:188} INFO - [2026-04-25T08:54:24.909+0000] {dag.py:3096} INFO - Sync 1 DAGs
[2026-04-25T08:54:24.930+0000] {logging_mixin.py:188} INFO - [2026-04-25T08:54:24.929+0000] {dag.py:3954} INFO - Setting next_dagrun for example_setup_teardown to 2026-04-24 00:00:00+00:00, run_after=2026-04-25 00:00:00+00:00
[2026-04-25T08:54:24.946+0000] {processor.py:183} INFO - Processing /home/airflow/.local/lib/python3.12/site-packages/airflow/example_dags/example_setup_teardown.py took 0.069 seconds
[2026-04-25T08:54:55.462+0000] {processor.py:161} INFO - Started process (PID=2576) to work on /home/airflow/.local/lib/python3.12/site-packages/airflow/example_dags/example_setup_teardown.py
[2026-04-25T08:54:55.463+0000] {processor.py:830} INFO - Processing file /home/airflow/.local/lib/python3.12/site-packages/airflow/example_dags/example_setup_teardown.py for tasks to queue
[2026-04-25T08:54:55.465+0000] {logging_mixin.py:188} INFO - [2026-04-25T08:54:55.465+0000] {dagbag.py:545} INFO - Filling up the DagBag from /home/airflow/.local/lib/python3.12/site-packages/airflow/example_dags/example_setup_teardown.py
[2026-04-25T08:54:55.473+0000] {processor.py:840} INFO - DAG(s) 'example_setup_teardown' retrieved from /home/airflow/.local/lib/python3.12/site-packages/airflow/example_dags/example_setup_teardown.py
[2026-04-25T08:54:55.491+0000] {logging_mixin.py:188} INFO - [2026-04-25T08:54:55.491+0000] {dag.py:3096} INFO - Sync 1 DAGs
[2026-04-25T08:54:55.510+0000] {logging_mixin.py:188} INFO - [2026-04-25T08:54:55.510+0000] {dag.py:3954} INFO - Setting next_dagrun for example_setup_teardown to 2026-04-24 00:00:00+00:00, run_after=2026-04-25 00:00:00+00:00
[2026-04-25T08:54:55.526+0000] {processor.py:183} INFO - Processing /home/airflow/.local/lib/python3.12/site-packages/airflow/example_dags/example_setup_teardown.py took 0.069 seconds
[2026-04-25T08:55:25.901+0000] {processor.py:161} INFO - Started process (PID=2634) to work on /home/airflow/.local/lib/python3.12/site-packages/airflow/example_dags/example_setup_teardown.py
[2026-04-25T08:55:25.902+0000] {processor.py:830} INFO - Processing file /home/airflow/.local/lib/python3.12/site-packages/airflow/example_dags/example_setup_teardown.py for tasks to queue
[2026-04-25T08:55:25.903+0000] {logging_mixin.py:188} INFO - [2026-04-25T08:55:25.903+0000] {dagbag.py:545} INFO - Filling up the DagBag from /home/airflow/.local/lib/python3.12/site-packages/airflow/example_dags/example_setup_teardown.py
[2026-04-25T08:55:25.910+0000] {processor.py:840} INFO - DAG(s) 'example_setup_teardown' retrieved from /home/airflow/.local/lib/python3.12/site-packages/airflow/example_dags/example_setup_teardown.py
[2026-04-25T08:55:25.930+0000] {logging_mixin.py:188} INFO - [2026-04-25T08:55:25.930+0000] {dag.py:3096} INFO - Sync 1 DAGs
[2026-04-25T08:55:25.953+0000] {logging_mixin.py:188} INFO - [2026-04-25T08:55:25.953+0000] {dag.py:3954} INFO - Setting next_dagrun for example_setup_teardown to 2026-04-24 00:00:00+00:00, run_after=2026-04-25 00:00:00+00:00
[2026-04-25T08:55:25.973+0000] {processor.py:183} INFO - Processing /home/airflow/.local/lib/python3.12/site-packages/airflow/example_dags/example_setup_teardown.py took 0.077 seconds
