[2026-04-25T08:33:01.398+0000] {processor.py:161} INFO - Started process (PID=69) to work on /home/airflow/.local/lib/python3.12/site-packages/airflow/example_dags/example_short_circuit_decorator.py
[2026-04-25T08:33:01.399+0000] {processor.py:830} INFO - Processing file /home/airflow/.local/lib/python3.12/site-packages/airflow/example_dags/example_short_circuit_decorator.py for tasks to queue
[2026-04-25T08:33:01.401+0000] {logging_mixin.py:188} INFO - [2026-04-25T08:33:01.400+0000] {dagbag.py:545} INFO - Filling up the DagBag from /home/airflow/.local/lib/python3.12/site-packages/airflow/example_dags/example_short_circuit_decorator.py
[2026-04-25T08:33:01.430+0000] {processor.py:840} INFO - DAG(s) 'example_short_circuit_decorator' retrieved from /home/airflow/.local/lib/python3.12/site-packages/airflow/example_dags/example_short_circuit_decorator.py
[2026-04-25T08:33:01.629+0000] {logging_mixin.py:188} INFO - [2026-04-25T08:33:01.629+0000] {dag.py:3096} INFO - Sync 1 DAGs
[2026-04-25T08:33:01.660+0000] {logging_mixin.py:188} INFO - [2026-04-25T08:33:01.659+0000] {dag.py:3954} INFO - Setting next_dagrun for example_short_circuit_decorator to 2026-04-24 00:00:00+00:00, run_after=2026-04-25 00:00:00+00:00
[2026-04-25T08:33:01.694+0000] {processor.py:183} INFO - Processing /home/airflow/.local/lib/python3.12/site-packages/airflow/example_dags/example_short_circuit_decorator.py took 0.303 seconds
[2026-04-25T08:33:32.476+0000] {processor.py:161} INFO - Started process (PID=127) to work on /home/airflow/.local/lib/python3.12/site-packages/airflow/example_dags/example_short_circuit_decorator.py
[2026-04-25T08:33:32.477+0000] {processor.py:830} INFO - Processing file /home/airflow/.local/lib/python3.12/site-packages/airflow/example_dags/example_short_circuit_decorator.py for tasks to queue
[2026-04-25T08:33:32.479+0000] {logging_mixin.py:188} INFO - [2026-04-25T08:33:32.479+0000] {dagbag.py:545} INFO - Filling up the DagBag from /home/airflow/.local/lib/python3.12/site-packages/airflow/example_dags/example_short_circuit_decorator.py
[2026-04-25T08:33:32.491+0000] {processor.py:840} INFO - DAG(s) 'example_short_circuit_decorator' retrieved from /home/airflow/.local/lib/python3.12/site-packages/airflow/example_dags/example_short_circuit_decorator.py
[2026-04-25T08:33:32.519+0000] {logging_mixin.py:188} INFO - [2026-04-25T08:33:32.519+0000] {dag.py:3096} INFO - Sync 1 DAGs
[2026-04-25T08:33:32.546+0000] {logging_mixin.py:188} INFO - [2026-04-25T08:33:32.546+0000] {dag.py:3954} INFO - Setting next_dagrun for example_short_circuit_decorator to 2026-04-24 00:00:00+00:00, run_after=2026-04-25 00:00:00+00:00
[2026-04-25T08:33:32.566+0000] {processor.py:183} INFO - Processing /home/airflow/.local/lib/python3.12/site-packages/airflow/example_dags/example_short_circuit_decorator.py took 0.096 seconds
[2026-04-25T08:34:03.468+0000] {processor.py:161} INFO - Started process (PID=185) to work on /home/airflow/.local/lib/python3.12/site-packages/airflow/example_dags/example_short_circuit_decorator.py
[2026-04-25T08:34:03.469+0000] {processor.py:830} INFO - Processing file /home/airflow/.local/lib/python3.12/site-packages/airflow/example_dags/example_short_circuit_decorator.py for tasks to queue
[2026-04-25T08:34:03.470+0000] {logging_mixin.py:188} INFO - [2026-04-25T08:34:03.470+0000] {dagbag.py:545} INFO - Filling up the DagBag from /home/airflow/.local/lib/python3.12/site-packages/airflow/example_dags/example_short_circuit_decorator.py
[2026-04-25T08:34:03.481+0000] {processor.py:840} INFO - DAG(s) 'example_short_circuit_decorator' retrieved from /home/airflow/.local/lib/python3.12/site-packages/airflow/example_dags/example_short_circuit_decorator.py
[2026-04-25T08:34:03.508+0000] {logging_mixin.py:188} INFO - [2026-04-25T08:34:03.508+0000] {dag.py:3096} INFO - Sync 1 DAGs
[2026-04-25T08:34:03.533+0000] {logging_mixin.py:188} INFO - [2026-04-25T08:34:03.533+0000] {dag.py:3954} INFO - Setting next_dagrun for example_short_circuit_decorator to 2026-04-24 00:00:00+00:00, run_after=2026-04-25 00:00:00+00:00
[2026-04-25T08:34:03.553+0000] {processor.py:183} INFO - Processing /home/airflow/.local/lib/python3.12/site-packages/airflow/example_dags/example_short_circuit_decorator.py took 0.092 seconds
[2026-04-25T08:34:33.842+0000] {processor.py:161} INFO - Started process (PID=243) to work on /home/airflow/.local/lib/python3.12/site-packages/airflow/example_dags/example_short_circuit_decorator.py
[2026-04-25T08:34:33.843+0000] {processor.py:830} INFO - Processing file /home/airflow/.local/lib/python3.12/site-packages/airflow/example_dags/example_short_circuit_decorator.py for tasks to queue
[2026-04-25T08:34:33.844+0000] {logging_mixin.py:188} INFO - [2026-04-25T08:34:33.844+0000] {dagbag.py:545} INFO - Filling up the DagBag from /home/airflow/.local/lib/python3.12/site-packages/airflow/example_dags/example_short_circuit_decorator.py
[2026-04-25T08:34:33.851+0000] {processor.py:840} INFO - DAG(s) 'example_short_circuit_decorator' retrieved from /home/airflow/.local/lib/python3.12/site-packages/airflow/example_dags/example_short_circuit_decorator.py
[2026-04-25T08:34:33.877+0000] {logging_mixin.py:188} INFO - [2026-04-25T08:34:33.877+0000] {dag.py:3096} INFO - Sync 1 DAGs
[2026-04-25T08:34:33.897+0000] {logging_mixin.py:188} INFO - [2026-04-25T08:34:33.897+0000] {dag.py:3954} INFO - Setting next_dagrun for example_short_circuit_decorator to 2026-04-24 00:00:00+00:00, run_after=2026-04-25 00:00:00+00:00
[2026-04-25T08:34:33.914+0000] {processor.py:183} INFO - Processing /home/airflow/.local/lib/python3.12/site-packages/airflow/example_dags/example_short_circuit_decorator.py took 0.077 seconds
[2026-04-25T08:35:04.516+0000] {processor.py:161} INFO - Started process (PID=301) to work on /home/airflow/.local/lib/python3.12/site-packages/airflow/example_dags/example_short_circuit_decorator.py
[2026-04-25T08:35:04.517+0000] {processor.py:830} INFO - Processing file /home/airflow/.local/lib/python3.12/site-packages/airflow/example_dags/example_short_circuit_decorator.py for tasks to queue
[2026-04-25T08:35:04.519+0000] {logging_mixin.py:188} INFO - [2026-04-25T08:35:04.518+0000] {dagbag.py:545} INFO - Filling up the DagBag from /home/airflow/.local/lib/python3.12/site-packages/airflow/example_dags/example_short_circuit_decorator.py
[2026-04-25T08:35:04.528+0000] {processor.py:840} INFO - DAG(s) 'example_short_circuit_decorator' retrieved from /home/airflow/.local/lib/python3.12/site-packages/airflow/example_dags/example_short_circuit_decorator.py
[2026-04-25T08:35:04.556+0000] {logging_mixin.py:188} INFO - [2026-04-25T08:35:04.556+0000] {dag.py:3096} INFO - Sync 1 DAGs
[2026-04-25T08:35:04.581+0000] {logging_mixin.py:188} INFO - [2026-04-25T08:35:04.581+0000] {dag.py:3954} INFO - Setting next_dagrun for example_short_circuit_decorator to 2026-04-24 00:00:00+00:00, run_after=2026-04-25 00:00:00+00:00
[2026-04-25T08:35:04.601+0000] {processor.py:183} INFO - Processing /home/airflow/.local/lib/python3.12/site-packages/airflow/example_dags/example_short_circuit_decorator.py took 0.093 seconds
[2026-04-25T08:35:34.657+0000] {processor.py:161} INFO - Started process (PID=359) to work on /home/airflow/.local/lib/python3.12/site-packages/airflow/example_dags/example_short_circuit_decorator.py
[2026-04-25T08:35:34.657+0000] {processor.py:830} INFO - Processing file /home/airflow/.local/lib/python3.12/site-packages/airflow/example_dags/example_short_circuit_decorator.py for tasks to queue
[2026-04-25T08:35:34.659+0000] {logging_mixin.py:188} INFO - [2026-04-25T08:35:34.659+0000] {dagbag.py:545} INFO - Filling up the DagBag from /home/airflow/.local/lib/python3.12/site-packages/airflow/example_dags/example_short_circuit_decorator.py
[2026-04-25T08:35:34.673+0000] {processor.py:840} INFO - DAG(s) 'example_short_circuit_decorator' retrieved from /home/airflow/.local/lib/python3.12/site-packages/airflow/example_dags/example_short_circuit_decorator.py
[2026-04-25T08:35:34.695+0000] {logging_mixin.py:188} INFO - [2026-04-25T08:35:34.694+0000] {dag.py:3096} INFO - Sync 1 DAGs
[2026-04-25T08:35:34.719+0000] {logging_mixin.py:188} INFO - [2026-04-25T08:35:34.719+0000] {dag.py:3954} INFO - Setting next_dagrun for example_short_circuit_decorator to 2026-04-24 00:00:00+00:00, run_after=2026-04-25 00:00:00+00:00
[2026-04-25T08:35:34.736+0000] {processor.py:183} INFO - Processing /home/airflow/.local/lib/python3.12/site-packages/airflow/example_dags/example_short_circuit_decorator.py took 0.084 seconds
[2026-04-25T08:36:04.784+0000] {processor.py:161} INFO - Started process (PID=417) to work on /home/airflow/.local/lib/python3.12/site-packages/airflow/example_dags/example_short_circuit_decorator.py
[2026-04-25T08:36:04.784+0000] {processor.py:830} INFO - Processing file /home/airflow/.local/lib/python3.12/site-packages/airflow/example_dags/example_short_circuit_decorator.py for tasks to queue
[2026-04-25T08:36:04.786+0000] {logging_mixin.py:188} INFO - [2026-04-25T08:36:04.785+0000] {dagbag.py:545} INFO - Filling up the DagBag from /home/airflow/.local/lib/python3.12/site-packages/airflow/example_dags/example_short_circuit_decorator.py
[2026-04-25T08:36:04.793+0000] {processor.py:840} INFO - DAG(s) 'example_short_circuit_decorator' retrieved from /home/airflow/.local/lib/python3.12/site-packages/airflow/example_dags/example_short_circuit_decorator.py
[2026-04-25T08:36:04.812+0000] {logging_mixin.py:188} INFO - [2026-04-25T08:36:04.812+0000] {dag.py:3096} INFO - Sync 1 DAGs
[2026-04-25T08:36:04.830+0000] {logging_mixin.py:188} INFO - [2026-04-25T08:36:04.830+0000] {dag.py:3954} INFO - Setting next_dagrun for example_short_circuit_decorator to 2026-04-24 00:00:00+00:00, run_after=2026-04-25 00:00:00+00:00
[2026-04-25T08:36:04.845+0000] {processor.py:183} INFO - Processing /home/airflow/.local/lib/python3.12/site-packages/airflow/example_dags/example_short_circuit_decorator.py took 0.066 seconds
[2026-04-25T08:36:35.403+0000] {processor.py:161} INFO - Started process (PID=475) to work on /home/airflow/.local/lib/python3.12/site-packages/airflow/example_dags/example_short_circuit_decorator.py
[2026-04-25T08:36:35.403+0000] {processor.py:830} INFO - Processing file /home/airflow/.local/lib/python3.12/site-packages/airflow/example_dags/example_short_circuit_decorator.py for tasks to queue
[2026-04-25T08:36:35.405+0000] {logging_mixin.py:188} INFO - [2026-04-25T08:36:35.404+0000] {dagbag.py:545} INFO - Filling up the DagBag from /home/airflow/.local/lib/python3.12/site-packages/airflow/example_dags/example_short_circuit_decorator.py
[2026-04-25T08:36:35.414+0000] {processor.py:840} INFO - DAG(s) 'example_short_circuit_decorator' retrieved from /home/airflow/.local/lib/python3.12/site-packages/airflow/example_dags/example_short_circuit_decorator.py
[2026-04-25T08:36:35.441+0000] {logging_mixin.py:188} INFO - [2026-04-25T08:36:35.441+0000] {dag.py:3096} INFO - Sync 1 DAGs
[2026-04-25T08:36:35.467+0000] {logging_mixin.py:188} INFO - [2026-04-25T08:36:35.466+0000] {dag.py:3954} INFO - Setting next_dagrun for example_short_circuit_decorator to 2026-04-24 00:00:00+00:00, run_after=2026-04-25 00:00:00+00:00
[2026-04-25T08:36:35.490+0000] {processor.py:183} INFO - Processing /home/airflow/.local/lib/python3.12/site-packages/airflow/example_dags/example_short_circuit_decorator.py took 0.092 seconds
[2026-04-25T08:37:05.566+0000] {processor.py:161} INFO - Started process (PID=533) to work on /home/airflow/.local/lib/python3.12/site-packages/airflow/example_dags/example_short_circuit_decorator.py
[2026-04-25T08:37:05.567+0000] {processor.py:830} INFO - Processing file /home/airflow/.local/lib/python3.12/site-packages/airflow/example_dags/example_short_circuit_decorator.py for tasks to queue
[2026-04-25T08:37:05.568+0000] {logging_mixin.py:188} INFO - [2026-04-25T08:37:05.568+0000] {dagbag.py:545} INFO - Filling up the DagBag from /home/airflow/.local/lib/python3.12/site-packages/airflow/example_dags/example_short_circuit_decorator.py
[2026-04-25T08:37:05.579+0000] {processor.py:840} INFO - DAG(s) 'example_short_circuit_decorator' retrieved from /home/airflow/.local/lib/python3.12/site-packages/airflow/example_dags/example_short_circuit_decorator.py
[2026-04-25T08:37:05.605+0000] {logging_mixin.py:188} INFO - [2026-04-25T08:37:05.604+0000] {dag.py:3096} INFO - Sync 1 DAGs
[2026-04-25T08:37:05.630+0000] {logging_mixin.py:188} INFO - [2026-04-25T08:37:05.630+0000] {dag.py:3954} INFO - Setting next_dagrun for example_short_circuit_decorator to 2026-04-24 00:00:00+00:00, run_after=2026-04-25 00:00:00+00:00
[2026-04-25T08:37:05.649+0000] {processor.py:183} INFO - Processing /home/airflow/.local/lib/python3.12/site-packages/airflow/example_dags/example_short_circuit_decorator.py took 0.088 seconds
[2026-04-25T08:37:36.029+0000] {processor.py:161} INFO - Started process (PID=591) to work on /home/airflow/.local/lib/python3.12/site-packages/airflow/example_dags/example_short_circuit_decorator.py
[2026-04-25T08:37:36.030+0000] {processor.py:830} INFO - Processing file /home/airflow/.local/lib/python3.12/site-packages/airflow/example_dags/example_short_circuit_decorator.py for tasks to queue
[2026-04-25T08:37:36.031+0000] {logging_mixin.py:188} INFO - [2026-04-25T08:37:36.031+0000] {dagbag.py:545} INFO - Filling up the DagBag from /home/airflow/.local/lib/python3.12/site-packages/airflow/example_dags/example_short_circuit_decorator.py
[2026-04-25T08:37:36.038+0000] {processor.py:840} INFO - DAG(s) 'example_short_circuit_decorator' retrieved from /home/airflow/.local/lib/python3.12/site-packages/airflow/example_dags/example_short_circuit_decorator.py
[2026-04-25T08:37:36.064+0000] {logging_mixin.py:188} INFO - [2026-04-25T08:37:36.064+0000] {dag.py:3096} INFO - Sync 1 DAGs
[2026-04-25T08:37:36.089+0000] {logging_mixin.py:188} INFO - [2026-04-25T08:37:36.089+0000] {dag.py:3954} INFO - Setting next_dagrun for example_short_circuit_decorator to 2026-04-24 00:00:00+00:00, run_after=2026-04-25 00:00:00+00:00
[2026-04-25T08:37:36.106+0000] {processor.py:183} INFO - Processing /home/airflow/.local/lib/python3.12/site-packages/airflow/example_dags/example_short_circuit_decorator.py took 0.081 seconds
[2026-04-25T08:38:06.440+0000] {processor.py:161} INFO - Started process (PID=649) to work on /home/airflow/.local/lib/python3.12/site-packages/airflow/example_dags/example_short_circuit_decorator.py
[2026-04-25T08:38:06.440+0000] {processor.py:830} INFO - Processing file /home/airflow/.local/lib/python3.12/site-packages/airflow/example_dags/example_short_circuit_decorator.py for tasks to queue
[2026-04-25T08:38:06.442+0000] {logging_mixin.py:188} INFO - [2026-04-25T08:38:06.442+0000] {dagbag.py:545} INFO - Filling up the DagBag from /home/airflow/.local/lib/python3.12/site-packages/airflow/example_dags/example_short_circuit_decorator.py
[2026-04-25T08:38:06.449+0000] {processor.py:840} INFO - DAG(s) 'example_short_circuit_decorator' retrieved from /home/airflow/.local/lib/python3.12/site-packages/airflow/example_dags/example_short_circuit_decorator.py
[2026-04-25T08:38:06.469+0000] {logging_mixin.py:188} INFO - [2026-04-25T08:38:06.469+0000] {dag.py:3096} INFO - Sync 1 DAGs
[2026-04-25T08:38:06.487+0000] {logging_mixin.py:188} INFO - [2026-04-25T08:38:06.487+0000] {dag.py:3954} INFO - Setting next_dagrun for example_short_circuit_decorator to 2026-04-24 00:00:00+00:00, run_after=2026-04-25 00:00:00+00:00
[2026-04-25T08:38:06.503+0000] {processor.py:183} INFO - Processing /home/airflow/.local/lib/python3.12/site-packages/airflow/example_dags/example_short_circuit_decorator.py took 0.068 seconds
[2026-04-25T08:38:36.821+0000] {processor.py:161} INFO - Started process (PID=707) to work on /home/airflow/.local/lib/python3.12/site-packages/airflow/example_dags/example_short_circuit_decorator.py
[2026-04-25T08:38:36.822+0000] {processor.py:830} INFO - Processing file /home/airflow/.local/lib/python3.12/site-packages/airflow/example_dags/example_short_circuit_decorator.py for tasks to queue
[2026-04-25T08:38:36.823+0000] {logging_mixin.py:188} INFO - [2026-04-25T08:38:36.823+0000] {dagbag.py:545} INFO - Filling up the DagBag from /home/airflow/.local/lib/python3.12/site-packages/airflow/example_dags/example_short_circuit_decorator.py
[2026-04-25T08:38:36.830+0000] {processor.py:840} INFO - DAG(s) 'example_short_circuit_decorator' retrieved from /home/airflow/.local/lib/python3.12/site-packages/airflow/example_dags/example_short_circuit_decorator.py
[2026-04-25T08:38:36.857+0000] {logging_mixin.py:188} INFO - [2026-04-25T08:38:36.857+0000] {dag.py:3096} INFO - Sync 1 DAGs
[2026-04-25T08:38:36.876+0000] {logging_mixin.py:188} INFO - [2026-04-25T08:38:36.876+0000] {dag.py:3954} INFO - Setting next_dagrun for example_short_circuit_decorator to 2026-04-24 00:00:00+00:00, run_after=2026-04-25 00:00:00+00:00
[2026-04-25T08:38:36.892+0000] {processor.py:183} INFO - Processing /home/airflow/.local/lib/python3.12/site-packages/airflow/example_dags/example_short_circuit_decorator.py took 0.075 seconds
[2026-04-25T08:39:07.211+0000] {processor.py:161} INFO - Started process (PID=765) to work on /home/airflow/.local/lib/python3.12/site-packages/airflow/example_dags/example_short_circuit_decorator.py
[2026-04-25T08:39:07.212+0000] {processor.py:830} INFO - Processing file /home/airflow/.local/lib/python3.12/site-packages/airflow/example_dags/example_short_circuit_decorator.py for tasks to queue
[2026-04-25T08:39:07.213+0000] {logging_mixin.py:188} INFO - [2026-04-25T08:39:07.213+0000] {dagbag.py:545} INFO - Filling up the DagBag from /home/airflow/.local/lib/python3.12/site-packages/airflow/example_dags/example_short_circuit_decorator.py
[2026-04-25T08:39:07.220+0000] {processor.py:840} INFO - DAG(s) 'example_short_circuit_decorator' retrieved from /home/airflow/.local/lib/python3.12/site-packages/airflow/example_dags/example_short_circuit_decorator.py
[2026-04-25T08:39:07.240+0000] {logging_mixin.py:188} INFO - [2026-04-25T08:39:07.240+0000] {dag.py:3096} INFO - Sync 1 DAGs
[2026-04-25T08:39:07.261+0000] {logging_mixin.py:188} INFO - [2026-04-25T08:39:07.260+0000] {dag.py:3954} INFO - Setting next_dagrun for example_short_circuit_decorator to 2026-04-24 00:00:00+00:00, run_after=2026-04-25 00:00:00+00:00
[2026-04-25T08:39:07.277+0000] {processor.py:183} INFO - Processing /home/airflow/.local/lib/python3.12/site-packages/airflow/example_dags/example_short_circuit_decorator.py took 0.070 seconds
[2026-04-25T08:39:37.513+0000] {processor.py:161} INFO - Started process (PID=823) to work on /home/airflow/.local/lib/python3.12/site-packages/airflow/example_dags/example_short_circuit_decorator.py
[2026-04-25T08:39:37.513+0000] {processor.py:830} INFO - Processing file /home/airflow/.local/lib/python3.12/site-packages/airflow/example_dags/example_short_circuit_decorator.py for tasks to queue
[2026-04-25T08:39:37.515+0000] {logging_mixin.py:188} INFO - [2026-04-25T08:39:37.514+0000] {dagbag.py:545} INFO - Filling up the DagBag from /home/airflow/.local/lib/python3.12/site-packages/airflow/example_dags/example_short_circuit_decorator.py
[2026-04-25T08:39:37.521+0000] {processor.py:840} INFO - DAG(s) 'example_short_circuit_decorator' retrieved from /home/airflow/.local/lib/python3.12/site-packages/airflow/example_dags/example_short_circuit_decorator.py
[2026-04-25T08:39:37.547+0000] {logging_mixin.py:188} INFO - [2026-04-25T08:39:37.547+0000] {dag.py:3096} INFO - Sync 1 DAGs
[2026-04-25T08:39:37.569+0000] {logging_mixin.py:188} INFO - [2026-04-25T08:39:37.569+0000] {dag.py:3954} INFO - Setting next_dagrun for example_short_circuit_decorator to 2026-04-24 00:00:00+00:00, run_after=2026-04-25 00:00:00+00:00
[2026-04-25T08:39:37.586+0000] {processor.py:183} INFO - Processing /home/airflow/.local/lib/python3.12/site-packages/airflow/example_dags/example_short_circuit_decorator.py took 0.078 seconds
[2026-04-25T08:40:07.761+0000] {processor.py:161} INFO - Started process (PID=881) to work on /home/airflow/.local/lib/python3.12/site-packages/airflow/example_dags/example_short_circuit_decorator.py
[2026-04-25T08:40:07.761+0000] {processor.py:830} INFO - Processing file /home/airflow/.local/lib/python3.12/site-packages/airflow/example_dags/example_short_circuit_decorator.py for tasks to queue
[2026-04-25T08:40:07.762+0000] {logging_mixin.py:188} INFO - [2026-04-25T08:40:07.762+0000] {dagbag.py:545} INFO - Filling up the DagBag from /home/airflow/.local/lib/python3.12/site-packages/airflow/example_dags/example_short_circuit_decorator.py
[2026-04-25T08:40:07.769+0000] {processor.py:840} INFO - DAG(s) 'example_short_circuit_decorator' retrieved from /home/airflow/.local/lib/python3.12/site-packages/airflow/example_dags/example_short_circuit_decorator.py
[2026-04-25T08:40:07.790+0000] {logging_mixin.py:188} INFO - [2026-04-25T08:40:07.790+0000] {dag.py:3096} INFO - Sync 1 DAGs
[2026-04-25T08:40:07.809+0000] {logging_mixin.py:188} INFO - [2026-04-25T08:40:07.809+0000] {dag.py:3954} INFO - Setting next_dagrun for example_short_circuit_decorator to 2026-04-24 00:00:00+00:00, run_after=2026-04-25 00:00:00+00:00
[2026-04-25T08:40:07.826+0000] {processor.py:183} INFO - Processing /home/airflow/.local/lib/python3.12/site-packages/airflow/example_dags/example_short_circuit_decorator.py took 0.071 seconds
[2026-04-25T08:40:38.191+0000] {processor.py:161} INFO - Started process (PID=939) to work on /home/airflow/.local/lib/python3.12/site-packages/airflow/example_dags/example_short_circuit_decorator.py
[2026-04-25T08:40:38.192+0000] {processor.py:830} INFO - Processing file /home/airflow/.local/lib/python3.12/site-packages/airflow/example_dags/example_short_circuit_decorator.py for tasks to queue
[2026-04-25T08:40:38.197+0000] {logging_mixin.py:188} INFO - [2026-04-25T08:40:38.197+0000] {dagbag.py:545} INFO - Filling up the DagBag from /home/airflow/.local/lib/python3.12/site-packages/airflow/example_dags/example_short_circuit_decorator.py
[2026-04-25T08:40:38.212+0000] {processor.py:840} INFO - DAG(s) 'example_short_circuit_decorator' retrieved from /home/airflow/.local/lib/python3.12/site-packages/airflow/example_dags/example_short_circuit_decorator.py
[2026-04-25T08:40:38.241+0000] {logging_mixin.py:188} INFO - [2026-04-25T08:40:38.241+0000] {dag.py:3096} INFO - Sync 1 DAGs
[2026-04-25T08:40:38.268+0000] {logging_mixin.py:188} INFO - [2026-04-25T08:40:38.268+0000] {dag.py:3954} INFO - Setting next_dagrun for example_short_circuit_decorator to 2026-04-24 00:00:00+00:00, run_after=2026-04-25 00:00:00+00:00
[2026-04-25T08:40:38.289+0000] {processor.py:183} INFO - Processing /home/airflow/.local/lib/python3.12/site-packages/airflow/example_dags/example_short_circuit_decorator.py took 0.106 seconds
[2026-04-25T08:41:08.714+0000] {processor.py:161} INFO - Started process (PID=997) to work on /home/airflow/.local/lib/python3.12/site-packages/airflow/example_dags/example_short_circuit_decorator.py
[2026-04-25T08:41:08.714+0000] {processor.py:830} INFO - Processing file /home/airflow/.local/lib/python3.12/site-packages/airflow/example_dags/example_short_circuit_decorator.py for tasks to queue
[2026-04-25T08:41:08.716+0000] {logging_mixin.py:188} INFO - [2026-04-25T08:41:08.716+0000] {dagbag.py:545} INFO - Filling up the DagBag from /home/airflow/.local/lib/python3.12/site-packages/airflow/example_dags/example_short_circuit_decorator.py
[2026-04-25T08:41:08.728+0000] {processor.py:840} INFO - DAG(s) 'example_short_circuit_decorator' retrieved from /home/airflow/.local/lib/python3.12/site-packages/airflow/example_dags/example_short_circuit_decorator.py
[2026-04-25T08:41:08.750+0000] {logging_mixin.py:188} INFO - [2026-04-25T08:41:08.749+0000] {dag.py:3096} INFO - Sync 1 DAGs
[2026-04-25T08:41:08.769+0000] {logging_mixin.py:188} INFO - [2026-04-25T08:41:08.769+0000] {dag.py:3954} INFO - Setting next_dagrun for example_short_circuit_decorator to 2026-04-24 00:00:00+00:00, run_after=2026-04-25 00:00:00+00:00
[2026-04-25T08:41:08.784+0000] {processor.py:183} INFO - Processing /home/airflow/.local/lib/python3.12/site-packages/airflow/example_dags/example_short_circuit_decorator.py took 0.077 seconds
[2026-04-25T08:41:39.316+0000] {processor.py:161} INFO - Started process (PID=1055) to work on /home/airflow/.local/lib/python3.12/site-packages/airflow/example_dags/example_short_circuit_decorator.py
[2026-04-25T08:41:39.316+0000] {processor.py:830} INFO - Processing file /home/airflow/.local/lib/python3.12/site-packages/airflow/example_dags/example_short_circuit_decorator.py for tasks to queue
[2026-04-25T08:41:39.318+0000] {logging_mixin.py:188} INFO - [2026-04-25T08:41:39.317+0000] {dagbag.py:545} INFO - Filling up the DagBag from /home/airflow/.local/lib/python3.12/site-packages/airflow/example_dags/example_short_circuit_decorator.py
[2026-04-25T08:41:39.325+0000] {processor.py:840} INFO - DAG(s) 'example_short_circuit_decorator' retrieved from /home/airflow/.local/lib/python3.12/site-packages/airflow/example_dags/example_short_circuit_decorator.py
[2026-04-25T08:41:39.346+0000] {logging_mixin.py:188} INFO - [2026-04-25T08:41:39.346+0000] {dag.py:3096} INFO - Sync 1 DAGs
[2026-04-25T08:41:39.364+0000] {logging_mixin.py:188} INFO - [2026-04-25T08:41:39.364+0000] {dag.py:3954} INFO - Setting next_dagrun for example_short_circuit_decorator to 2026-04-24 00:00:00+00:00, run_after=2026-04-25 00:00:00+00:00
[2026-04-25T08:41:39.379+0000] {processor.py:183} INFO - Processing /home/airflow/.local/lib/python3.12/site-packages/airflow/example_dags/example_short_circuit_decorator.py took 0.068 seconds
[2026-04-25T08:42:09.535+0000] {processor.py:161} INFO - Started process (PID=1113) to work on /home/airflow/.local/lib/python3.12/site-packages/airflow/example_dags/example_short_circuit_decorator.py
[2026-04-25T08:42:09.535+0000] {processor.py:830} INFO - Processing file /home/airflow/.local/lib/python3.12/site-packages/airflow/example_dags/example_short_circuit_decorator.py for tasks to queue
[2026-04-25T08:42:09.537+0000] {logging_mixin.py:188} INFO - [2026-04-25T08:42:09.537+0000] {dagbag.py:545} INFO - Filling up the DagBag from /home/airflow/.local/lib/python3.12/site-packages/airflow/example_dags/example_short_circuit_decorator.py
[2026-04-25T08:42:09.544+0000] {processor.py:840} INFO - DAG(s) 'example_short_circuit_decorator' retrieved from /home/airflow/.local/lib/python3.12/site-packages/airflow/example_dags/example_short_circuit_decorator.py
[2026-04-25T08:42:09.567+0000] {logging_mixin.py:188} INFO - [2026-04-25T08:42:09.567+0000] {dag.py:3096} INFO - Sync 1 DAGs
[2026-04-25T08:42:09.597+0000] {logging_mixin.py:188} INFO - [2026-04-25T08:42:09.597+0000] {dag.py:3954} INFO - Setting next_dagrun for example_short_circuit_decorator to 2026-04-24 00:00:00+00:00, run_after=2026-04-25 00:00:00+00:00
[2026-04-25T08:42:09.619+0000] {processor.py:183} INFO - Processing /home/airflow/.local/lib/python3.12/site-packages/airflow/example_dags/example_short_circuit_decorator.py took 0.088 seconds
[2026-04-25T08:42:40.179+0000] {processor.py:161} INFO - Started process (PID=1171) to work on /home/airflow/.local/lib/python3.12/site-packages/airflow/example_dags/example_short_circuit_decorator.py
[2026-04-25T08:42:40.180+0000] {processor.py:830} INFO - Processing file /home/airflow/.local/lib/python3.12/site-packages/airflow/example_dags/example_short_circuit_decorator.py for tasks to queue
[2026-04-25T08:42:40.182+0000] {logging_mixin.py:188} INFO - [2026-04-25T08:42:40.182+0000] {dagbag.py:545} INFO - Filling up the DagBag from /home/airflow/.local/lib/python3.12/site-packages/airflow/example_dags/example_short_circuit_decorator.py
[2026-04-25T08:42:40.193+0000] {processor.py:840} INFO - DAG(s) 'example_short_circuit_decorator' retrieved from /home/airflow/.local/lib/python3.12/site-packages/airflow/example_dags/example_short_circuit_decorator.py
[2026-04-25T08:42:40.213+0000] {logging_mixin.py:188} INFO - [2026-04-25T08:42:40.213+0000] {dag.py:3096} INFO - Sync 1 DAGs
[2026-04-25T08:42:40.231+0000] {logging_mixin.py:188} INFO - [2026-04-25T08:42:40.231+0000] {dag.py:3954} INFO - Setting next_dagrun for example_short_circuit_decorator to 2026-04-24 00:00:00+00:00, run_after=2026-04-25 00:00:00+00:00
[2026-04-25T08:42:40.246+0000] {processor.py:183} INFO - Processing /home/airflow/.local/lib/python3.12/site-packages/airflow/example_dags/example_short_circuit_decorator.py took 0.073 seconds
[2026-04-25T08:43:10.674+0000] {processor.py:161} INFO - Started process (PID=1229) to work on /home/airflow/.local/lib/python3.12/site-packages/airflow/example_dags/example_short_circuit_decorator.py
[2026-04-25T08:43:10.675+0000] {processor.py:830} INFO - Processing file /home/airflow/.local/lib/python3.12/site-packages/airflow/example_dags/example_short_circuit_decorator.py for tasks to queue
[2026-04-25T08:43:10.677+0000] {logging_mixin.py:188} INFO - [2026-04-25T08:43:10.676+0000] {dagbag.py:545} INFO - Filling up the DagBag from /home/airflow/.local/lib/python3.12/site-packages/airflow/example_dags/example_short_circuit_decorator.py
[2026-04-25T08:43:10.687+0000] {processor.py:840} INFO - DAG(s) 'example_short_circuit_decorator' retrieved from /home/airflow/.local/lib/python3.12/site-packages/airflow/example_dags/example_short_circuit_decorator.py
[2026-04-25T08:43:10.706+0000] {logging_mixin.py:188} INFO - [2026-04-25T08:43:10.706+0000] {dag.py:3096} INFO - Sync 1 DAGs
[2026-04-25T08:43:10.727+0000] {logging_mixin.py:188} INFO - [2026-04-25T08:43:10.726+0000] {dag.py:3954} INFO - Setting next_dagrun for example_short_circuit_decorator to 2026-04-24 00:00:00+00:00, run_after=2026-04-25 00:00:00+00:00
[2026-04-25T08:43:10.743+0000] {processor.py:183} INFO - Processing /home/airflow/.local/lib/python3.12/site-packages/airflow/example_dags/example_short_circuit_decorator.py took 0.076 seconds
[2026-04-25T08:43:41.250+0000] {processor.py:161} INFO - Started process (PID=1287) to work on /home/airflow/.local/lib/python3.12/site-packages/airflow/example_dags/example_short_circuit_decorator.py
[2026-04-25T08:43:41.250+0000] {processor.py:830} INFO - Processing file /home/airflow/.local/lib/python3.12/site-packages/airflow/example_dags/example_short_circuit_decorator.py for tasks to queue
[2026-04-25T08:43:41.251+0000] {logging_mixin.py:188} INFO - [2026-04-25T08:43:41.251+0000] {dagbag.py:545} INFO - Filling up the DagBag from /home/airflow/.local/lib/python3.12/site-packages/airflow/example_dags/example_short_circuit_decorator.py
[2026-04-25T08:43:41.258+0000] {processor.py:840} INFO - DAG(s) 'example_short_circuit_decorator' retrieved from /home/airflow/.local/lib/python3.12/site-packages/airflow/example_dags/example_short_circuit_decorator.py
[2026-04-25T08:43:41.279+0000] {logging_mixin.py:188} INFO - [2026-04-25T08:43:41.279+0000] {dag.py:3096} INFO - Sync 1 DAGs
[2026-04-25T08:43:41.298+0000] {logging_mixin.py:188} INFO - [2026-04-25T08:43:41.297+0000] {dag.py:3954} INFO - Setting next_dagrun for example_short_circuit_decorator to 2026-04-24 00:00:00+00:00, run_after=2026-04-25 00:00:00+00:00
[2026-04-25T08:43:41.313+0000] {processor.py:183} INFO - Processing /home/airflow/.local/lib/python3.12/site-packages/airflow/example_dags/example_short_circuit_decorator.py took 0.069 seconds
[2026-04-25T08:44:11.439+0000] {processor.py:161} INFO - Started process (PID=1345) to work on /home/airflow/.local/lib/python3.12/site-packages/airflow/example_dags/example_short_circuit_decorator.py
[2026-04-25T08:44:11.440+0000] {processor.py:830} INFO - Processing file /home/airflow/.local/lib/python3.12/site-packages/airflow/example_dags/example_short_circuit_decorator.py for tasks to queue
[2026-04-25T08:44:11.441+0000] {logging_mixin.py:188} INFO - [2026-04-25T08:44:11.441+0000] {dagbag.py:545} INFO - Filling up the DagBag from /home/airflow/.local/lib/python3.12/site-packages/airflow/example_dags/example_short_circuit_decorator.py
[2026-04-25T08:44:11.448+0000] {processor.py:840} INFO - DAG(s) 'example_short_circuit_decorator' retrieved from /home/airflow/.local/lib/python3.12/site-packages/airflow/example_dags/example_short_circuit_decorator.py
[2026-04-25T08:44:11.471+0000] {logging_mixin.py:188} INFO - [2026-04-25T08:44:11.470+0000] {dag.py:3096} INFO - Sync 1 DAGs
[2026-04-25T08:44:11.489+0000] {logging_mixin.py:188} INFO - [2026-04-25T08:44:11.489+0000] {dag.py:3954} INFO - Setting next_dagrun for example_short_circuit_decorator to 2026-04-24 00:00:00+00:00, run_after=2026-04-25 00:00:00+00:00
[2026-04-25T08:44:11.504+0000] {processor.py:183} INFO - Processing /home/airflow/.local/lib/python3.12/site-packages/airflow/example_dags/example_short_circuit_decorator.py took 0.069 seconds
[2026-04-25T08:44:42.139+0000] {processor.py:161} INFO - Started process (PID=1403) to work on /home/airflow/.local/lib/python3.12/site-packages/airflow/example_dags/example_short_circuit_decorator.py
[2026-04-25T08:44:42.139+0000] {processor.py:830} INFO - Processing file /home/airflow/.local/lib/python3.12/site-packages/airflow/example_dags/example_short_circuit_decorator.py for tasks to queue
[2026-04-25T08:44:42.141+0000] {logging_mixin.py:188} INFO - [2026-04-25T08:44:42.140+0000] {dagbag.py:545} INFO - Filling up the DagBag from /home/airflow/.local/lib/python3.12/site-packages/airflow/example_dags/example_short_circuit_decorator.py
[2026-04-25T08:44:42.149+0000] {processor.py:840} INFO - DAG(s) 'example_short_circuit_decorator' retrieved from /home/airflow/.local/lib/python3.12/site-packages/airflow/example_dags/example_short_circuit_decorator.py
[2026-04-25T08:44:42.174+0000] {logging_mixin.py:188} INFO - [2026-04-25T08:44:42.174+0000] {dag.py:3096} INFO - Sync 1 DAGs
[2026-04-25T08:44:42.192+0000] {logging_mixin.py:188} INFO - [2026-04-25T08:44:42.192+0000] {dag.py:3954} INFO - Setting next_dagrun for example_short_circuit_decorator to 2026-04-24 00:00:00+00:00, run_after=2026-04-25 00:00:00+00:00
[2026-04-25T08:44:42.207+0000] {processor.py:183} INFO - Processing /home/airflow/.local/lib/python3.12/site-packages/airflow/example_dags/example_short_circuit_decorator.py took 0.073 seconds
[2026-04-25T08:45:12.325+0000] {processor.py:161} INFO - Started process (PID=1461) to work on /home/airflow/.local/lib/python3.12/site-packages/airflow/example_dags/example_short_circuit_decorator.py
[2026-04-25T08:45:12.325+0000] {processor.py:830} INFO - Processing file /home/airflow/.local/lib/python3.12/site-packages/airflow/example_dags/example_short_circuit_decorator.py for tasks to queue
[2026-04-25T08:45:12.326+0000] {logging_mixin.py:188} INFO - [2026-04-25T08:45:12.326+0000] {dagbag.py:545} INFO - Filling up the DagBag from /home/airflow/.local/lib/python3.12/site-packages/airflow/example_dags/example_short_circuit_decorator.py
[2026-04-25T08:45:12.333+0000] {processor.py:840} INFO - DAG(s) 'example_short_circuit_decorator' retrieved from /home/airflow/.local/lib/python3.12/site-packages/airflow/example_dags/example_short_circuit_decorator.py
[2026-04-25T08:45:12.354+0000] {logging_mixin.py:188} INFO - [2026-04-25T08:45:12.353+0000] {dag.py:3096} INFO - Sync 1 DAGs
[2026-04-25T08:45:12.372+0000] {logging_mixin.py:188} INFO - [2026-04-25T08:45:12.372+0000] {dag.py:3954} INFO - Setting next_dagrun for example_short_circuit_decorator to 2026-04-24 00:00:00+00:00, run_after=2026-04-25 00:00:00+00:00
[2026-04-25T08:45:12.514+0000] {processor.py:183} INFO - Processing /home/airflow/.local/lib/python3.12/site-packages/airflow/example_dags/example_short_circuit_decorator.py took 0.194 seconds
[2026-04-25T08:45:42.644+0000] {processor.py:161} INFO - Started process (PID=1519) to work on /home/airflow/.local/lib/python3.12/site-packages/airflow/example_dags/example_short_circuit_decorator.py
[2026-04-25T08:45:42.645+0000] {processor.py:830} INFO - Processing file /home/airflow/.local/lib/python3.12/site-packages/airflow/example_dags/example_short_circuit_decorator.py for tasks to queue
[2026-04-25T08:45:42.646+0000] {logging_mixin.py:188} INFO - [2026-04-25T08:45:42.646+0000] {dagbag.py:545} INFO - Filling up the DagBag from /home/airflow/.local/lib/python3.12/site-packages/airflow/example_dags/example_short_circuit_decorator.py
[2026-04-25T08:45:42.653+0000] {processor.py:840} INFO - DAG(s) 'example_short_circuit_decorator' retrieved from /home/airflow/.local/lib/python3.12/site-packages/airflow/example_dags/example_short_circuit_decorator.py
[2026-04-25T08:45:42.672+0000] {logging_mixin.py:188} INFO - [2026-04-25T08:45:42.672+0000] {dag.py:3096} INFO - Sync 1 DAGs
[2026-04-25T08:45:42.692+0000] {logging_mixin.py:188} INFO - [2026-04-25T08:45:42.691+0000] {dag.py:3954} INFO - Setting next_dagrun for example_short_circuit_decorator to 2026-04-24 00:00:00+00:00, run_after=2026-04-25 00:00:00+00:00
[2026-04-25T08:45:42.707+0000] {processor.py:183} INFO - Processing /home/airflow/.local/lib/python3.12/site-packages/airflow/example_dags/example_short_circuit_decorator.py took 0.069 seconds
[2026-04-25T08:46:13.032+0000] {processor.py:161} INFO - Started process (PID=1577) to work on /home/airflow/.local/lib/python3.12/site-packages/airflow/example_dags/example_short_circuit_decorator.py
[2026-04-25T08:46:13.032+0000] {processor.py:830} INFO - Processing file /home/airflow/.local/lib/python3.12/site-packages/airflow/example_dags/example_short_circuit_decorator.py for tasks to queue
[2026-04-25T08:46:13.034+0000] {logging_mixin.py:188} INFO - [2026-04-25T08:46:13.033+0000] {dagbag.py:545} INFO - Filling up the DagBag from /home/airflow/.local/lib/python3.12/site-packages/airflow/example_dags/example_short_circuit_decorator.py
[2026-04-25T08:46:13.041+0000] {processor.py:840} INFO - DAG(s) 'example_short_circuit_decorator' retrieved from /home/airflow/.local/lib/python3.12/site-packages/airflow/example_dags/example_short_circuit_decorator.py
[2026-04-25T08:46:13.061+0000] {logging_mixin.py:188} INFO - [2026-04-25T08:46:13.061+0000] {dag.py:3096} INFO - Sync 1 DAGs
[2026-04-25T08:46:13.079+0000] {logging_mixin.py:188} INFO - [2026-04-25T08:46:13.079+0000] {dag.py:3954} INFO - Setting next_dagrun for example_short_circuit_decorator to 2026-04-24 00:00:00+00:00, run_after=2026-04-25 00:00:00+00:00
[2026-04-25T08:46:13.100+0000] {processor.py:183} INFO - Processing /home/airflow/.local/lib/python3.12/site-packages/airflow/example_dags/example_short_circuit_decorator.py took 0.073 seconds
[2026-04-25T08:46:43.264+0000] {processor.py:161} INFO - Started process (PID=1635) to work on /home/airflow/.local/lib/python3.12/site-packages/airflow/example_dags/example_short_circuit_decorator.py
[2026-04-25T08:46:43.265+0000] {processor.py:830} INFO - Processing file /home/airflow/.local/lib/python3.12/site-packages/airflow/example_dags/example_short_circuit_decorator.py for tasks to queue
[2026-04-25T08:46:43.267+0000] {logging_mixin.py:188} INFO - [2026-04-25T08:46:43.266+0000] {dagbag.py:545} INFO - Filling up the DagBag from /home/airflow/.local/lib/python3.12/site-packages/airflow/example_dags/example_short_circuit_decorator.py
[2026-04-25T08:46:43.283+0000] {processor.py:840} INFO - DAG(s) 'example_short_circuit_decorator' retrieved from /home/airflow/.local/lib/python3.12/site-packages/airflow/example_dags/example_short_circuit_decorator.py
[2026-04-25T08:46:43.310+0000] {logging_mixin.py:188} INFO - [2026-04-25T08:46:43.309+0000] {dag.py:3096} INFO - Sync 1 DAGs
[2026-04-25T08:46:43.337+0000] {logging_mixin.py:188} INFO - [2026-04-25T08:46:43.337+0000] {dag.py:3954} INFO - Setting next_dagrun for example_short_circuit_decorator to 2026-04-24 00:00:00+00:00, run_after=2026-04-25 00:00:00+00:00
[2026-04-25T08:46:43.358+0000] {processor.py:183} INFO - Processing /home/airflow/.local/lib/python3.12/site-packages/airflow/example_dags/example_short_circuit_decorator.py took 0.100 seconds
[2026-04-25T08:47:13.656+0000] {processor.py:161} INFO - Started process (PID=1693) to work on /home/airflow/.local/lib/python3.12/site-packages/airflow/example_dags/example_short_circuit_decorator.py
[2026-04-25T08:47:13.657+0000] {processor.py:830} INFO - Processing file /home/airflow/.local/lib/python3.12/site-packages/airflow/example_dags/example_short_circuit_decorator.py for tasks to queue
[2026-04-25T08:47:13.658+0000] {logging_mixin.py:188} INFO - [2026-04-25T08:47:13.658+0000] {dagbag.py:545} INFO - Filling up the DagBag from /home/airflow/.local/lib/python3.12/site-packages/airflow/example_dags/example_short_circuit_decorator.py
[2026-04-25T08:47:13.666+0000] {processor.py:840} INFO - DAG(s) 'example_short_circuit_decorator' retrieved from /home/airflow/.local/lib/python3.12/site-packages/airflow/example_dags/example_short_circuit_decorator.py
[2026-04-25T08:47:13.692+0000] {logging_mixin.py:188} INFO - [2026-04-25T08:47:13.692+0000] {dag.py:3096} INFO - Sync 1 DAGs
[2026-04-25T08:47:13.715+0000] {logging_mixin.py:188} INFO - [2026-04-25T08:47:13.714+0000] {dag.py:3954} INFO - Setting next_dagrun for example_short_circuit_decorator to 2026-04-24 00:00:00+00:00, run_after=2026-04-25 00:00:00+00:00
[2026-04-25T08:47:13.730+0000] {processor.py:183} INFO - Processing /home/airflow/.local/lib/python3.12/site-packages/airflow/example_dags/example_short_circuit_decorator.py took 0.078 seconds
[2026-04-25T08:47:44.198+0000] {processor.py:161} INFO - Started process (PID=1751) to work on /home/airflow/.local/lib/python3.12/site-packages/airflow/example_dags/example_short_circuit_decorator.py
[2026-04-25T08:47:44.199+0000] {processor.py:830} INFO - Processing file /home/airflow/.local/lib/python3.12/site-packages/airflow/example_dags/example_short_circuit_decorator.py for tasks to queue
[2026-04-25T08:47:44.200+0000] {logging_mixin.py:188} INFO - [2026-04-25T08:47:44.200+0000] {dagbag.py:545} INFO - Filling up the DagBag from /home/airflow/.local/lib/python3.12/site-packages/airflow/example_dags/example_short_circuit_decorator.py
[2026-04-25T08:47:44.207+0000] {processor.py:840} INFO - DAG(s) 'example_short_circuit_decorator' retrieved from /home/airflow/.local/lib/python3.12/site-packages/airflow/example_dags/example_short_circuit_decorator.py
[2026-04-25T08:47:44.228+0000] {logging_mixin.py:188} INFO - [2026-04-25T08:47:44.228+0000] {dag.py:3096} INFO - Sync 1 DAGs
[2026-04-25T08:47:44.246+0000] {logging_mixin.py:188} INFO - [2026-04-25T08:47:44.246+0000] {dag.py:3954} INFO - Setting next_dagrun for example_short_circuit_decorator to 2026-04-24 00:00:00+00:00, run_after=2026-04-25 00:00:00+00:00
[2026-04-25T08:47:44.261+0000] {processor.py:183} INFO - Processing /home/airflow/.local/lib/python3.12/site-packages/airflow/example_dags/example_short_circuit_decorator.py took 0.068 seconds
[2026-04-25T08:48:14.579+0000] {processor.py:161} INFO - Started process (PID=1809) to work on /home/airflow/.local/lib/python3.12/site-packages/airflow/example_dags/example_short_circuit_decorator.py
[2026-04-25T08:48:14.580+0000] {processor.py:830} INFO - Processing file /home/airflow/.local/lib/python3.12/site-packages/airflow/example_dags/example_short_circuit_decorator.py for tasks to queue
[2026-04-25T08:48:14.582+0000] {logging_mixin.py:188} INFO - [2026-04-25T08:48:14.581+0000] {dagbag.py:545} INFO - Filling up the DagBag from /home/airflow/.local/lib/python3.12/site-packages/airflow/example_dags/example_short_circuit_decorator.py
[2026-04-25T08:48:14.591+0000] {processor.py:840} INFO - DAG(s) 'example_short_circuit_decorator' retrieved from /home/airflow/.local/lib/python3.12/site-packages/airflow/example_dags/example_short_circuit_decorator.py
[2026-04-25T08:48:14.618+0000] {logging_mixin.py:188} INFO - [2026-04-25T08:48:14.618+0000] {dag.py:3096} INFO - Sync 1 DAGs
[2026-04-25T08:48:14.642+0000] {logging_mixin.py:188} INFO - [2026-04-25T08:48:14.642+0000] {dag.py:3954} INFO - Setting next_dagrun for example_short_circuit_decorator to 2026-04-24 00:00:00+00:00, run_after=2026-04-25 00:00:00+00:00
[2026-04-25T08:48:14.662+0000] {processor.py:183} INFO - Processing /home/airflow/.local/lib/python3.12/site-packages/airflow/example_dags/example_short_circuit_decorator.py took 0.089 seconds
[2026-04-25T08:48:44.816+0000] {processor.py:161} INFO - Started process (PID=1867) to work on /home/airflow/.local/lib/python3.12/site-packages/airflow/example_dags/example_short_circuit_decorator.py
[2026-04-25T08:48:44.826+0000] {processor.py:830} INFO - Processing file /home/airflow/.local/lib/python3.12/site-packages/airflow/example_dags/example_short_circuit_decorator.py for tasks to queue
[2026-04-25T08:48:44.831+0000] {logging_mixin.py:188} INFO - [2026-04-25T08:48:44.831+0000] {dagbag.py:545} INFO - Filling up the DagBag from /home/airflow/.local/lib/python3.12/site-packages/airflow/example_dags/example_short_circuit_decorator.py
[2026-04-25T08:48:44.881+0000] {processor.py:840} INFO - DAG(s) 'example_short_circuit_decorator' retrieved from /home/airflow/.local/lib/python3.12/site-packages/airflow/example_dags/example_short_circuit_decorator.py
[2026-04-25T08:48:44.911+0000] {logging_mixin.py:188} INFO - [2026-04-25T08:48:44.910+0000] {dag.py:3096} INFO - Sync 1 DAGs
[2026-04-25T08:48:44.937+0000] {logging_mixin.py:188} INFO - [2026-04-25T08:48:44.936+0000] {dag.py:3954} INFO - Setting next_dagrun for example_short_circuit_decorator to 2026-04-24 00:00:00+00:00, run_after=2026-04-25 00:00:00+00:00
[2026-04-25T08:48:44.955+0000] {processor.py:183} INFO - Processing /home/airflow/.local/lib/python3.12/site-packages/airflow/example_dags/example_short_circuit_decorator.py took 0.161 seconds
[2026-04-25T08:49:15.234+0000] {processor.py:161} INFO - Started process (PID=1925) to work on /home/airflow/.local/lib/python3.12/site-packages/airflow/example_dags/example_short_circuit_decorator.py
[2026-04-25T08:49:15.235+0000] {processor.py:830} INFO - Processing file /home/airflow/.local/lib/python3.12/site-packages/airflow/example_dags/example_short_circuit_decorator.py for tasks to queue
[2026-04-25T08:49:15.236+0000] {logging_mixin.py:188} INFO - [2026-04-25T08:49:15.236+0000] {dagbag.py:545} INFO - Filling up the DagBag from /home/airflow/.local/lib/python3.12/site-packages/airflow/example_dags/example_short_circuit_decorator.py
[2026-04-25T08:49:15.243+0000] {processor.py:840} INFO - DAG(s) 'example_short_circuit_decorator' retrieved from /home/airflow/.local/lib/python3.12/site-packages/airflow/example_dags/example_short_circuit_decorator.py
[2026-04-25T08:49:15.269+0000] {logging_mixin.py:188} INFO - [2026-04-25T08:49:15.269+0000] {dag.py:3096} INFO - Sync 1 DAGs
[2026-04-25T08:49:15.294+0000] {logging_mixin.py:188} INFO - [2026-04-25T08:49:15.294+0000] {dag.py:3954} INFO - Setting next_dagrun for example_short_circuit_decorator to 2026-04-24 00:00:00+00:00, run_after=2026-04-25 00:00:00+00:00
[2026-04-25T08:49:15.310+0000] {processor.py:183} INFO - Processing /home/airflow/.local/lib/python3.12/site-packages/airflow/example_dags/example_short_circuit_decorator.py took 0.081 seconds
[2026-04-25T08:49:45.845+0000] {processor.py:161} INFO - Started process (PID=1983) to work on /home/airflow/.local/lib/python3.12/site-packages/airflow/example_dags/example_short_circuit_decorator.py
[2026-04-25T08:49:45.846+0000] {processor.py:830} INFO - Processing file /home/airflow/.local/lib/python3.12/site-packages/airflow/example_dags/example_short_circuit_decorator.py for tasks to queue
[2026-04-25T08:49:45.847+0000] {logging_mixin.py:188} INFO - [2026-04-25T08:49:45.847+0000] {dagbag.py:545} INFO - Filling up the DagBag from /home/airflow/.local/lib/python3.12/site-packages/airflow/example_dags/example_short_circuit_decorator.py
[2026-04-25T08:49:45.858+0000] {processor.py:840} INFO - DAG(s) 'example_short_circuit_decorator' retrieved from /home/airflow/.local/lib/python3.12/site-packages/airflow/example_dags/example_short_circuit_decorator.py
[2026-04-25T08:49:45.884+0000] {logging_mixin.py:188} INFO - [2026-04-25T08:49:45.884+0000] {dag.py:3096} INFO - Sync 1 DAGs
[2026-04-25T08:49:45.910+0000] {logging_mixin.py:188} INFO - [2026-04-25T08:49:45.910+0000] {dag.py:3954} INFO - Setting next_dagrun for example_short_circuit_decorator to 2026-04-24 00:00:00+00:00, run_after=2026-04-25 00:00:00+00:00
[2026-04-25T08:49:45.931+0000] {processor.py:183} INFO - Processing /home/airflow/.local/lib/python3.12/site-packages/airflow/example_dags/example_short_circuit_decorator.py took 0.093 seconds
[2026-04-25T08:50:16.244+0000] {processor.py:161} INFO - Started process (PID=2041) to work on /home/airflow/.local/lib/python3.12/site-packages/airflow/example_dags/example_short_circuit_decorator.py
[2026-04-25T08:50:16.245+0000] {processor.py:830} INFO - Processing file /home/airflow/.local/lib/python3.12/site-packages/airflow/example_dags/example_short_circuit_decorator.py for tasks to queue
[2026-04-25T08:50:16.246+0000] {logging_mixin.py:188} INFO - [2026-04-25T08:50:16.246+0000] {dagbag.py:545} INFO - Filling up the DagBag from /home/airflow/.local/lib/python3.12/site-packages/airflow/example_dags/example_short_circuit_decorator.py
[2026-04-25T08:50:16.253+0000] {processor.py:840} INFO - DAG(s) 'example_short_circuit_decorator' retrieved from /home/airflow/.local/lib/python3.12/site-packages/airflow/example_dags/example_short_circuit_decorator.py
[2026-04-25T08:50:16.274+0000] {logging_mixin.py:188} INFO - [2026-04-25T08:50:16.274+0000] {dag.py:3096} INFO - Sync 1 DAGs
[2026-04-25T08:50:16.295+0000] {logging_mixin.py:188} INFO - [2026-04-25T08:50:16.295+0000] {dag.py:3954} INFO - Setting next_dagrun for example_short_circuit_decorator to 2026-04-24 00:00:00+00:00, run_after=2026-04-25 00:00:00+00:00
[2026-04-25T08:50:16.312+0000] {processor.py:183} INFO - Processing /home/airflow/.local/lib/python3.12/site-packages/airflow/example_dags/example_short_circuit_decorator.py took 0.072 seconds
[2026-04-25T08:50:46.632+0000] {processor.py:161} INFO - Started process (PID=2099) to work on /home/airflow/.local/lib/python3.12/site-packages/airflow/example_dags/example_short_circuit_decorator.py
[2026-04-25T08:50:46.632+0000] {processor.py:830} INFO - Processing file /home/airflow/.local/lib/python3.12/site-packages/airflow/example_dags/example_short_circuit_decorator.py for tasks to queue
[2026-04-25T08:50:46.634+0000] {logging_mixin.py:188} INFO - [2026-04-25T08:50:46.633+0000] {dagbag.py:545} INFO - Filling up the DagBag from /home/airflow/.local/lib/python3.12/site-packages/airflow/example_dags/example_short_circuit_decorator.py
[2026-04-25T08:50:46.641+0000] {processor.py:840} INFO - DAG(s) 'example_short_circuit_decorator' retrieved from /home/airflow/.local/lib/python3.12/site-packages/airflow/example_dags/example_short_circuit_decorator.py
[2026-04-25T08:50:46.662+0000] {logging_mixin.py:188} INFO - [2026-04-25T08:50:46.661+0000] {dag.py:3096} INFO - Sync 1 DAGs
[2026-04-25T08:50:46.680+0000] {logging_mixin.py:188} INFO - [2026-04-25T08:50:46.680+0000] {dag.py:3954} INFO - Setting next_dagrun for example_short_circuit_decorator to 2026-04-24 00:00:00+00:00, run_after=2026-04-25 00:00:00+00:00
[2026-04-25T08:50:46.695+0000] {processor.py:183} INFO - Processing /home/airflow/.local/lib/python3.12/site-packages/airflow/example_dags/example_short_circuit_decorator.py took 0.068 seconds
[2026-04-25T08:51:17.290+0000] {processor.py:161} INFO - Started process (PID=2157) to work on /home/airflow/.local/lib/python3.12/site-packages/airflow/example_dags/example_short_circuit_decorator.py
[2026-04-25T08:51:17.290+0000] {processor.py:830} INFO - Processing file /home/airflow/.local/lib/python3.12/site-packages/airflow/example_dags/example_short_circuit_decorator.py for tasks to queue
[2026-04-25T08:51:17.292+0000] {logging_mixin.py:188} INFO - [2026-04-25T08:51:17.292+0000] {dagbag.py:545} INFO - Filling up the DagBag from /home/airflow/.local/lib/python3.12/site-packages/airflow/example_dags/example_short_circuit_decorator.py
[2026-04-25T08:51:17.303+0000] {processor.py:840} INFO - DAG(s) 'example_short_circuit_decorator' retrieved from /home/airflow/.local/lib/python3.12/site-packages/airflow/example_dags/example_short_circuit_decorator.py
[2026-04-25T08:51:17.329+0000] {logging_mixin.py:188} INFO - [2026-04-25T08:51:17.329+0000] {dag.py:3096} INFO - Sync 1 DAGs
[2026-04-25T08:51:17.350+0000] {logging_mixin.py:188} INFO - [2026-04-25T08:51:17.350+0000] {dag.py:3954} INFO - Setting next_dagrun for example_short_circuit_decorator to 2026-04-24 00:00:00+00:00, run_after=2026-04-25 00:00:00+00:00
[2026-04-25T08:51:17.366+0000] {processor.py:183} INFO - Processing /home/airflow/.local/lib/python3.12/site-packages/airflow/example_dags/example_short_circuit_decorator.py took 0.083 seconds
[2026-04-25T08:51:47.488+0000] {processor.py:161} INFO - Started process (PID=2215) to work on /home/airflow/.local/lib/python3.12/site-packages/airflow/example_dags/example_short_circuit_decorator.py
[2026-04-25T08:51:47.490+0000] {processor.py:830} INFO - Processing file /home/airflow/.local/lib/python3.12/site-packages/airflow/example_dags/example_short_circuit_decorator.py for tasks to queue
[2026-04-25T08:51:47.491+0000] {logging_mixin.py:188} INFO - [2026-04-25T08:51:47.491+0000] {dagbag.py:545} INFO - Filling up the DagBag from /home/airflow/.local/lib/python3.12/site-packages/airflow/example_dags/example_short_circuit_decorator.py
[2026-04-25T08:51:47.505+0000] {processor.py:840} INFO - DAG(s) 'example_short_circuit_decorator' retrieved from /home/airflow/.local/lib/python3.12/site-packages/airflow/example_dags/example_short_circuit_decorator.py
[2026-04-25T08:51:47.533+0000] {logging_mixin.py:188} INFO - [2026-04-25T08:51:47.532+0000] {dag.py:3096} INFO - Sync 1 DAGs
[2026-04-25T08:51:47.553+0000] {logging_mixin.py:188} INFO - [2026-04-25T08:51:47.553+0000] {dag.py:3954} INFO - Setting next_dagrun for example_short_circuit_decorator to 2026-04-24 00:00:00+00:00, run_after=2026-04-25 00:00:00+00:00
[2026-04-25T08:51:47.571+0000] {processor.py:183} INFO - Processing /home/airflow/.local/lib/python3.12/site-packages/airflow/example_dags/example_short_circuit_decorator.py took 0.090 seconds
[2026-04-25T08:52:18.101+0000] {processor.py:161} INFO - Started process (PID=2273) to work on /home/airflow/.local/lib/python3.12/site-packages/airflow/example_dags/example_short_circuit_decorator.py
[2026-04-25T08:52:18.101+0000] {processor.py:830} INFO - Processing file /home/airflow/.local/lib/python3.12/site-packages/airflow/example_dags/example_short_circuit_decorator.py for tasks to queue
[2026-04-25T08:52:18.103+0000] {logging_mixin.py:188} INFO - [2026-04-25T08:52:18.102+0000] {dagbag.py:545} INFO - Filling up the DagBag from /home/airflow/.local/lib/python3.12/site-packages/airflow/example_dags/example_short_circuit_decorator.py
[2026-04-25T08:52:18.111+0000] {processor.py:840} INFO - DAG(s) 'example_short_circuit_decorator' retrieved from /home/airflow/.local/lib/python3.12/site-packages/airflow/example_dags/example_short_circuit_decorator.py
[2026-04-25T08:52:18.133+0000] {logging_mixin.py:188} INFO - [2026-04-25T08:52:18.133+0000] {dag.py:3096} INFO - Sync 1 DAGs
[2026-04-25T08:52:18.154+0000] {logging_mixin.py:188} INFO - [2026-04-25T08:52:18.153+0000] {dag.py:3954} INFO - Setting next_dagrun for example_short_circuit_decorator to 2026-04-24 00:00:00+00:00, run_after=2026-04-25 00:00:00+00:00
[2026-04-25T08:52:18.169+0000] {processor.py:183} INFO - Processing /home/airflow/.local/lib/python3.12/site-packages/airflow/example_dags/example_short_circuit_decorator.py took 0.075 seconds
[2026-04-25T08:52:48.780+0000] {processor.py:161} INFO - Started process (PID=2331) to work on /home/airflow/.local/lib/python3.12/site-packages/airflow/example_dags/example_short_circuit_decorator.py
[2026-04-25T08:52:48.780+0000] {processor.py:830} INFO - Processing file /home/airflow/.local/lib/python3.12/site-packages/airflow/example_dags/example_short_circuit_decorator.py for tasks to queue
[2026-04-25T08:52:48.782+0000] {logging_mixin.py:188} INFO - [2026-04-25T08:52:48.782+0000] {dagbag.py:545} INFO - Filling up the DagBag from /home/airflow/.local/lib/python3.12/site-packages/airflow/example_dags/example_short_circuit_decorator.py
[2026-04-25T08:52:48.789+0000] {processor.py:840} INFO - DAG(s) 'example_short_circuit_decorator' retrieved from /home/airflow/.local/lib/python3.12/site-packages/airflow/example_dags/example_short_circuit_decorator.py
[2026-04-25T08:52:48.810+0000] {logging_mixin.py:188} INFO - [2026-04-25T08:52:48.810+0000] {dag.py:3096} INFO - Sync 1 DAGs
[2026-04-25T08:52:48.828+0000] {logging_mixin.py:188} INFO - [2026-04-25T08:52:48.828+0000] {dag.py:3954} INFO - Setting next_dagrun for example_short_circuit_decorator to 2026-04-24 00:00:00+00:00, run_after=2026-04-25 00:00:00+00:00
[2026-04-25T08:52:48.843+0000] {processor.py:183} INFO - Processing /home/airflow/.local/lib/python3.12/site-packages/airflow/example_dags/example_short_circuit_decorator.py took 0.067 seconds
[2026-04-25T08:53:19.328+0000] {processor.py:161} INFO - Started process (PID=2389) to work on /home/airflow/.local/lib/python3.12/site-packages/airflow/example_dags/example_short_circuit_decorator.py
[2026-04-25T08:53:19.329+0000] {processor.py:830} INFO - Processing file /home/airflow/.local/lib/python3.12/site-packages/airflow/example_dags/example_short_circuit_decorator.py for tasks to queue
[2026-04-25T08:53:19.330+0000] {logging_mixin.py:188} INFO - [2026-04-25T08:53:19.330+0000] {dagbag.py:545} INFO - Filling up the DagBag from /home/airflow/.local/lib/python3.12/site-packages/airflow/example_dags/example_short_circuit_decorator.py
[2026-04-25T08:53:19.337+0000] {processor.py:840} INFO - DAG(s) 'example_short_circuit_decorator' retrieved from /home/airflow/.local/lib/python3.12/site-packages/airflow/example_dags/example_short_circuit_decorator.py
[2026-04-25T08:53:19.357+0000] {logging_mixin.py:188} INFO - [2026-04-25T08:53:19.357+0000] {dag.py:3096} INFO - Sync 1 DAGs
[2026-04-25T08:53:19.376+0000] {logging_mixin.py:188} INFO - [2026-04-25T08:53:19.376+0000] {dag.py:3954} INFO - Setting next_dagrun for example_short_circuit_decorator to 2026-04-24 00:00:00+00:00, run_after=2026-04-25 00:00:00+00:00
[2026-04-25T08:53:19.392+0000] {processor.py:183} INFO - Processing /home/airflow/.local/lib/python3.12/site-packages/airflow/example_dags/example_short_circuit_decorator.py took 0.069 seconds
[2026-04-25T08:53:49.806+0000] {processor.py:161} INFO - Started process (PID=2447) to work on /home/airflow/.local/lib/python3.12/site-packages/airflow/example_dags/example_short_circuit_decorator.py
[2026-04-25T08:53:49.806+0000] {processor.py:830} INFO - Processing file /home/airflow/.local/lib/python3.12/site-packages/airflow/example_dags/example_short_circuit_decorator.py for tasks to queue
[2026-04-25T08:53:49.808+0000] {logging_mixin.py:188} INFO - [2026-04-25T08:53:49.807+0000] {dagbag.py:545} INFO - Filling up the DagBag from /home/airflow/.local/lib/python3.12/site-packages/airflow/example_dags/example_short_circuit_decorator.py
[2026-04-25T08:53:49.815+0000] {processor.py:840} INFO - DAG(s) 'example_short_circuit_decorator' retrieved from /home/airflow/.local/lib/python3.12/site-packages/airflow/example_dags/example_short_circuit_decorator.py
[2026-04-25T08:53:49.836+0000] {logging_mixin.py:188} INFO - [2026-04-25T08:53:49.836+0000] {dag.py:3096} INFO - Sync 1 DAGs
[2026-04-25T08:53:49.854+0000] {logging_mixin.py:188} INFO - [2026-04-25T08:53:49.854+0000] {dag.py:3954} INFO - Setting next_dagrun for example_short_circuit_decorator to 2026-04-24 00:00:00+00:00, run_after=2026-04-25 00:00:00+00:00
[2026-04-25T08:53:49.873+0000] {processor.py:183} INFO - Processing /home/airflow/.local/lib/python3.12/site-packages/airflow/example_dags/example_short_circuit_decorator.py took 0.071 seconds
[2026-04-25T08:54:20.154+0000] {processor.py:161} INFO - Started process (PID=2504) to work on /home/airflow/.local/lib/python3.12/site-packages/airflow/example_dags/example_short_circuit_decorator.py
[2026-04-25T08:54:20.155+0000] {processor.py:830} INFO - Processing file /home/airflow/.local/lib/python3.12/site-packages/airflow/example_dags/example_short_circuit_decorator.py for tasks to queue
[2026-04-25T08:54:20.157+0000] {logging_mixin.py:188} INFO - [2026-04-25T08:54:20.156+0000] {dagbag.py:545} INFO - Filling up the DagBag from /home/airflow/.local/lib/python3.12/site-packages/airflow/example_dags/example_short_circuit_decorator.py
[2026-04-25T08:54:20.166+0000] {processor.py:840} INFO - DAG(s) 'example_short_circuit_decorator' retrieved from /home/airflow/.local/lib/python3.12/site-packages/airflow/example_dags/example_short_circuit_decorator.py
[2026-04-25T08:54:20.197+0000] {logging_mixin.py:188} INFO - [2026-04-25T08:54:20.196+0000] {dag.py:3096} INFO - Sync 1 DAGs
[2026-04-25T08:54:20.216+0000] {logging_mixin.py:188} INFO - [2026-04-25T08:54:20.216+0000] {dag.py:3954} INFO - Setting next_dagrun for example_short_circuit_decorator to 2026-04-24 00:00:00+00:00, run_after=2026-04-25 00:00:00+00:00
[2026-04-25T08:54:20.233+0000] {processor.py:183} INFO - Processing /home/airflow/.local/lib/python3.12/site-packages/airflow/example_dags/example_short_circuit_decorator.py took 0.084 seconds
[2026-04-25T08:54:50.780+0000] {processor.py:161} INFO - Started process (PID=2562) to work on /home/airflow/.local/lib/python3.12/site-packages/airflow/example_dags/example_short_circuit_decorator.py
[2026-04-25T08:54:50.781+0000] {processor.py:830} INFO - Processing file /home/airflow/.local/lib/python3.12/site-packages/airflow/example_dags/example_short_circuit_decorator.py for tasks to queue
[2026-04-25T08:54:50.782+0000] {logging_mixin.py:188} INFO - [2026-04-25T08:54:50.782+0000] {dagbag.py:545} INFO - Filling up the DagBag from /home/airflow/.local/lib/python3.12/site-packages/airflow/example_dags/example_short_circuit_decorator.py
[2026-04-25T08:54:50.790+0000] {processor.py:840} INFO - DAG(s) 'example_short_circuit_decorator' retrieved from /home/airflow/.local/lib/python3.12/site-packages/airflow/example_dags/example_short_circuit_decorator.py
[2026-04-25T08:54:50.815+0000] {logging_mixin.py:188} INFO - [2026-04-25T08:54:50.814+0000] {dag.py:3096} INFO - Sync 1 DAGs
[2026-04-25T08:54:50.834+0000] {logging_mixin.py:188} INFO - [2026-04-25T08:54:50.834+0000] {dag.py:3954} INFO - Setting next_dagrun for example_short_circuit_decorator to 2026-04-24 00:00:00+00:00, run_after=2026-04-25 00:00:00+00:00
[2026-04-25T08:54:50.849+0000] {processor.py:183} INFO - Processing /home/airflow/.local/lib/python3.12/site-packages/airflow/example_dags/example_short_circuit_decorator.py took 0.076 seconds
[2026-04-25T08:55:21.195+0000] {processor.py:161} INFO - Started process (PID=2620) to work on /home/airflow/.local/lib/python3.12/site-packages/airflow/example_dags/example_short_circuit_decorator.py
[2026-04-25T08:55:21.195+0000] {processor.py:830} INFO - Processing file /home/airflow/.local/lib/python3.12/site-packages/airflow/example_dags/example_short_circuit_decorator.py for tasks to queue
[2026-04-25T08:55:21.197+0000] {logging_mixin.py:188} INFO - [2026-04-25T08:55:21.196+0000] {dagbag.py:545} INFO - Filling up the DagBag from /home/airflow/.local/lib/python3.12/site-packages/airflow/example_dags/example_short_circuit_decorator.py
[2026-04-25T08:55:21.203+0000] {processor.py:840} INFO - DAG(s) 'example_short_circuit_decorator' retrieved from /home/airflow/.local/lib/python3.12/site-packages/airflow/example_dags/example_short_circuit_decorator.py
[2026-04-25T08:55:21.225+0000] {logging_mixin.py:188} INFO - [2026-04-25T08:55:21.225+0000] {dag.py:3096} INFO - Sync 1 DAGs
[2026-04-25T08:55:21.246+0000] {logging_mixin.py:188} INFO - [2026-04-25T08:55:21.245+0000] {dag.py:3954} INFO - Setting next_dagrun for example_short_circuit_decorator to 2026-04-24 00:00:00+00:00, run_after=2026-04-25 00:00:00+00:00
[2026-04-25T08:55:21.261+0000] {processor.py:183} INFO - Processing /home/airflow/.local/lib/python3.12/site-packages/airflow/example_dags/example_short_circuit_decorator.py took 0.071 seconds
