[2026-04-25T08:33:02.121+0000] {processor.py:161} INFO - Started process (PID=72) to work on /home/airflow/.local/lib/python3.12/site-packages/airflow/example_dags/example_sla_dag.py
[2026-04-25T08:33:02.122+0000] {processor.py:830} INFO - Processing file /home/airflow/.local/lib/python3.12/site-packages/airflow/example_dags/example_sla_dag.py for tasks to queue
[2026-04-25T08:33:02.126+0000] {logging_mixin.py:188} INFO - [2026-04-25T08:33:02.126+0000] {dagbag.py:545} INFO - Filling up the DagBag from /home/airflow/.local/lib/python3.12/site-packages/airflow/example_dags/example_sla_dag.py
[2026-04-25T08:33:02.154+0000] {processor.py:840} INFO - DAG(s) 'example_sla_dag' retrieved from /home/airflow/.local/lib/python3.12/site-packages/airflow/example_dags/example_sla_dag.py
[2026-04-25T08:33:02.420+0000] {logging_mixin.py:188} INFO - [2026-04-25T08:33:02.419+0000] {dag.py:3096} INFO - Sync 1 DAGs
[2026-04-25T08:33:02.468+0000] {logging_mixin.py:188} INFO - [2026-04-25T08:33:02.468+0000] {dag.py:3954} INFO - Setting next_dagrun for example_sla_dag to 2026-04-25 08:30:00+00:00, run_after=2026-04-25 08:32:00+00:00
[2026-04-25T08:33:02.515+0000] {processor.py:183} INFO - Processing /home/airflow/.local/lib/python3.12/site-packages/airflow/example_dags/example_sla_dag.py took 0.410 seconds
[2026-04-25T08:33:32.678+0000] {processor.py:161} INFO - Started process (PID=130) to work on /home/airflow/.local/lib/python3.12/site-packages/airflow/example_dags/example_sla_dag.py
[2026-04-25T08:33:32.679+0000] {processor.py:830} INFO - Processing file /home/airflow/.local/lib/python3.12/site-packages/airflow/example_dags/example_sla_dag.py for tasks to queue
[2026-04-25T08:33:32.681+0000] {logging_mixin.py:188} INFO - [2026-04-25T08:33:32.681+0000] {dagbag.py:545} INFO - Filling up the DagBag from /home/airflow/.local/lib/python3.12/site-packages/airflow/example_dags/example_sla_dag.py
[2026-04-25T08:33:32.693+0000] {processor.py:840} INFO - DAG(s) 'example_sla_dag' retrieved from /home/airflow/.local/lib/python3.12/site-packages/airflow/example_dags/example_sla_dag.py
[2026-04-25T08:33:32.716+0000] {logging_mixin.py:188} INFO - [2026-04-25T08:33:32.715+0000] {dag.py:3096} INFO - Sync 1 DAGs
[2026-04-25T08:33:32.747+0000] {logging_mixin.py:188} INFO - [2026-04-25T08:33:32.747+0000] {dag.py:3954} INFO - Setting next_dagrun for example_sla_dag to 2026-04-25 08:30:00+00:00, run_after=2026-04-25 08:32:00+00:00
[2026-04-25T08:33:32.767+0000] {processor.py:183} INFO - Processing /home/airflow/.local/lib/python3.12/site-packages/airflow/example_dags/example_sla_dag.py took 0.095 seconds
[2026-04-25T08:34:03.675+0000] {processor.py:161} INFO - Started process (PID=188) to work on /home/airflow/.local/lib/python3.12/site-packages/airflow/example_dags/example_sla_dag.py
[2026-04-25T08:34:03.680+0000] {processor.py:830} INFO - Processing file /home/airflow/.local/lib/python3.12/site-packages/airflow/example_dags/example_sla_dag.py for tasks to queue
[2026-04-25T08:34:03.682+0000] {logging_mixin.py:188} INFO - [2026-04-25T08:34:03.682+0000] {dagbag.py:545} INFO - Filling up the DagBag from /home/airflow/.local/lib/python3.12/site-packages/airflow/example_dags/example_sla_dag.py
[2026-04-25T08:34:03.699+0000] {processor.py:840} INFO - DAG(s) 'example_sla_dag' retrieved from /home/airflow/.local/lib/python3.12/site-packages/airflow/example_dags/example_sla_dag.py
[2026-04-25T08:34:03.722+0000] {logging_mixin.py:188} INFO - [2026-04-25T08:34:03.722+0000] {dag.py:3096} INFO - Sync 1 DAGs
[2026-04-25T08:34:03.753+0000] {logging_mixin.py:188} INFO - [2026-04-25T08:34:03.753+0000] {dag.py:3954} INFO - Setting next_dagrun for example_sla_dag to 2026-04-25 08:32:00+00:00, run_after=2026-04-25 08:34:00+00:00
[2026-04-25T08:34:03.773+0000] {processor.py:183} INFO - Processing /home/airflow/.local/lib/python3.12/site-packages/airflow/example_dags/example_sla_dag.py took 0.105 seconds
[2026-04-25T08:34:34.021+0000] {processor.py:161} INFO - Started process (PID=246) to work on /home/airflow/.local/lib/python3.12/site-packages/airflow/example_dags/example_sla_dag.py
[2026-04-25T08:34:34.022+0000] {processor.py:830} INFO - Processing file /home/airflow/.local/lib/python3.12/site-packages/airflow/example_dags/example_sla_dag.py for tasks to queue
[2026-04-25T08:34:34.023+0000] {logging_mixin.py:188} INFO - [2026-04-25T08:34:34.023+0000] {dagbag.py:545} INFO - Filling up the DagBag from /home/airflow/.local/lib/python3.12/site-packages/airflow/example_dags/example_sla_dag.py
[2026-04-25T08:34:34.030+0000] {processor.py:840} INFO - DAG(s) 'example_sla_dag' retrieved from /home/airflow/.local/lib/python3.12/site-packages/airflow/example_dags/example_sla_dag.py
[2026-04-25T08:34:34.045+0000] {logging_mixin.py:188} INFO - [2026-04-25T08:34:34.045+0000] {dag.py:3096} INFO - Sync 1 DAGs
[2026-04-25T08:34:34.066+0000] {logging_mixin.py:188} INFO - [2026-04-25T08:34:34.066+0000] {dag.py:3954} INFO - Setting next_dagrun for example_sla_dag to 2026-04-25 08:32:00+00:00, run_after=2026-04-25 08:34:00+00:00
[2026-04-25T08:34:34.081+0000] {processor.py:183} INFO - Processing /home/airflow/.local/lib/python3.12/site-packages/airflow/example_dags/example_sla_dag.py took 0.064 seconds
[2026-04-25T08:35:04.713+0000] {processor.py:161} INFO - Started process (PID=304) to work on /home/airflow/.local/lib/python3.12/site-packages/airflow/example_dags/example_sla_dag.py
[2026-04-25T08:35:04.713+0000] {processor.py:830} INFO - Processing file /home/airflow/.local/lib/python3.12/site-packages/airflow/example_dags/example_sla_dag.py for tasks to queue
[2026-04-25T08:35:04.715+0000] {logging_mixin.py:188} INFO - [2026-04-25T08:35:04.715+0000] {dagbag.py:545} INFO - Filling up the DagBag from /home/airflow/.local/lib/python3.12/site-packages/airflow/example_dags/example_sla_dag.py
[2026-04-25T08:35:04.724+0000] {processor.py:840} INFO - DAG(s) 'example_sla_dag' retrieved from /home/airflow/.local/lib/python3.12/site-packages/airflow/example_dags/example_sla_dag.py
[2026-04-25T08:35:04.743+0000] {logging_mixin.py:188} INFO - [2026-04-25T08:35:04.743+0000] {dag.py:3096} INFO - Sync 1 DAGs
[2026-04-25T08:35:04.772+0000] {logging_mixin.py:188} INFO - [2026-04-25T08:35:04.772+0000] {dag.py:3954} INFO - Setting next_dagrun for example_sla_dag to 2026-04-25 08:32:00+00:00, run_after=2026-04-25 08:34:00+00:00
[2026-04-25T08:35:04.789+0000] {processor.py:183} INFO - Processing /home/airflow/.local/lib/python3.12/site-packages/airflow/example_dags/example_sla_dag.py took 0.083 seconds
[2026-04-25T08:35:34.842+0000] {processor.py:161} INFO - Started process (PID=362) to work on /home/airflow/.local/lib/python3.12/site-packages/airflow/example_dags/example_sla_dag.py
[2026-04-25T08:35:34.843+0000] {processor.py:830} INFO - Processing file /home/airflow/.local/lib/python3.12/site-packages/airflow/example_dags/example_sla_dag.py for tasks to queue
[2026-04-25T08:35:34.844+0000] {logging_mixin.py:188} INFO - [2026-04-25T08:35:34.844+0000] {dagbag.py:545} INFO - Filling up the DagBag from /home/airflow/.local/lib/python3.12/site-packages/airflow/example_dags/example_sla_dag.py
[2026-04-25T08:35:34.851+0000] {processor.py:840} INFO - DAG(s) 'example_sla_dag' retrieved from /home/airflow/.local/lib/python3.12/site-packages/airflow/example_dags/example_sla_dag.py
[2026-04-25T08:35:34.870+0000] {logging_mixin.py:188} INFO - [2026-04-25T08:35:34.869+0000] {dag.py:3096} INFO - Sync 1 DAGs
[2026-04-25T08:35:34.894+0000] {logging_mixin.py:188} INFO - [2026-04-25T08:35:34.894+0000] {dag.py:3954} INFO - Setting next_dagrun for example_sla_dag to 2026-04-25 08:32:00+00:00, run_after=2026-04-25 08:34:00+00:00
[2026-04-25T08:35:34.910+0000] {processor.py:183} INFO - Processing /home/airflow/.local/lib/python3.12/site-packages/airflow/example_dags/example_sla_dag.py took 0.072 seconds
[2026-04-25T08:36:04.957+0000] {processor.py:161} INFO - Started process (PID=420) to work on /home/airflow/.local/lib/python3.12/site-packages/airflow/example_dags/example_sla_dag.py
[2026-04-25T08:36:04.957+0000] {processor.py:830} INFO - Processing file /home/airflow/.local/lib/python3.12/site-packages/airflow/example_dags/example_sla_dag.py for tasks to queue
[2026-04-25T08:36:04.959+0000] {logging_mixin.py:188} INFO - [2026-04-25T08:36:04.959+0000] {dagbag.py:545} INFO - Filling up the DagBag from /home/airflow/.local/lib/python3.12/site-packages/airflow/example_dags/example_sla_dag.py
[2026-04-25T08:36:04.969+0000] {processor.py:840} INFO - DAG(s) 'example_sla_dag' retrieved from /home/airflow/.local/lib/python3.12/site-packages/airflow/example_dags/example_sla_dag.py
[2026-04-25T08:36:04.988+0000] {logging_mixin.py:188} INFO - [2026-04-25T08:36:04.987+0000] {dag.py:3096} INFO - Sync 1 DAGs
[2026-04-25T08:36:05.018+0000] {logging_mixin.py:188} INFO - [2026-04-25T08:36:05.018+0000] {dag.py:3954} INFO - Setting next_dagrun for example_sla_dag to 2026-04-25 08:34:00+00:00, run_after=2026-04-25 08:36:00+00:00
[2026-04-25T08:36:05.041+0000] {processor.py:183} INFO - Processing /home/airflow/.local/lib/python3.12/site-packages/airflow/example_dags/example_sla_dag.py took 0.091 seconds
[2026-04-25T08:36:35.642+0000] {processor.py:161} INFO - Started process (PID=478) to work on /home/airflow/.local/lib/python3.12/site-packages/airflow/example_dags/example_sla_dag.py
[2026-04-25T08:36:35.643+0000] {processor.py:830} INFO - Processing file /home/airflow/.local/lib/python3.12/site-packages/airflow/example_dags/example_sla_dag.py for tasks to queue
[2026-04-25T08:36:35.645+0000] {logging_mixin.py:188} INFO - [2026-04-25T08:36:35.644+0000] {dagbag.py:545} INFO - Filling up the DagBag from /home/airflow/.local/lib/python3.12/site-packages/airflow/example_dags/example_sla_dag.py
[2026-04-25T08:36:35.653+0000] {processor.py:840} INFO - DAG(s) 'example_sla_dag' retrieved from /home/airflow/.local/lib/python3.12/site-packages/airflow/example_dags/example_sla_dag.py
[2026-04-25T08:36:35.674+0000] {logging_mixin.py:188} INFO - [2026-04-25T08:36:35.673+0000] {dag.py:3096} INFO - Sync 1 DAGs
[2026-04-25T08:36:35.700+0000] {logging_mixin.py:188} INFO - [2026-04-25T08:36:35.699+0000] {dag.py:3954} INFO - Setting next_dagrun for example_sla_dag to 2026-04-25 08:34:00+00:00, run_after=2026-04-25 08:36:00+00:00
[2026-04-25T08:36:35.717+0000] {processor.py:183} INFO - Processing /home/airflow/.local/lib/python3.12/site-packages/airflow/example_dags/example_sla_dag.py took 0.082 seconds
[2026-04-25T08:37:05.839+0000] {processor.py:161} INFO - Started process (PID=536) to work on /home/airflow/.local/lib/python3.12/site-packages/airflow/example_dags/example_sla_dag.py
[2026-04-25T08:37:05.840+0000] {processor.py:830} INFO - Processing file /home/airflow/.local/lib/python3.12/site-packages/airflow/example_dags/example_sla_dag.py for tasks to queue
[2026-04-25T08:37:05.841+0000] {logging_mixin.py:188} INFO - [2026-04-25T08:37:05.841+0000] {dagbag.py:545} INFO - Filling up the DagBag from /home/airflow/.local/lib/python3.12/site-packages/airflow/example_dags/example_sla_dag.py
[2026-04-25T08:37:05.849+0000] {processor.py:840} INFO - DAG(s) 'example_sla_dag' retrieved from /home/airflow/.local/lib/python3.12/site-packages/airflow/example_dags/example_sla_dag.py
[2026-04-25T08:37:05.867+0000] {logging_mixin.py:188} INFO - [2026-04-25T08:37:05.867+0000] {dag.py:3096} INFO - Sync 1 DAGs
[2026-04-25T08:37:05.891+0000] {logging_mixin.py:188} INFO - [2026-04-25T08:37:05.890+0000] {dag.py:3954} INFO - Setting next_dagrun for example_sla_dag to 2026-04-25 08:34:00+00:00, run_after=2026-04-25 08:36:00+00:00
[2026-04-25T08:37:05.907+0000] {processor.py:183} INFO - Processing /home/airflow/.local/lib/python3.12/site-packages/airflow/example_dags/example_sla_dag.py took 0.073 seconds
[2026-04-25T08:37:36.210+0000] {processor.py:161} INFO - Started process (PID=594) to work on /home/airflow/.local/lib/python3.12/site-packages/airflow/example_dags/example_sla_dag.py
[2026-04-25T08:37:36.211+0000] {processor.py:830} INFO - Processing file /home/airflow/.local/lib/python3.12/site-packages/airflow/example_dags/example_sla_dag.py for tasks to queue
[2026-04-25T08:37:36.212+0000] {logging_mixin.py:188} INFO - [2026-04-25T08:37:36.212+0000] {dagbag.py:545} INFO - Filling up the DagBag from /home/airflow/.local/lib/python3.12/site-packages/airflow/example_dags/example_sla_dag.py
[2026-04-25T08:37:36.219+0000] {processor.py:840} INFO - DAG(s) 'example_sla_dag' retrieved from /home/airflow/.local/lib/python3.12/site-packages/airflow/example_dags/example_sla_dag.py
[2026-04-25T08:37:36.238+0000] {logging_mixin.py:188} INFO - [2026-04-25T08:37:36.238+0000] {dag.py:3096} INFO - Sync 1 DAGs
[2026-04-25T08:37:36.266+0000] {logging_mixin.py:188} INFO - [2026-04-25T08:37:36.265+0000] {dag.py:3954} INFO - Setting next_dagrun for example_sla_dag to 2026-04-25 08:34:00+00:00, run_after=2026-04-25 08:36:00+00:00
[2026-04-25T08:37:36.281+0000] {processor.py:183} INFO - Processing /home/airflow/.local/lib/python3.12/site-packages/airflow/example_dags/example_sla_dag.py took 0.075 seconds
[2026-04-25T08:38:06.608+0000] {processor.py:161} INFO - Started process (PID=652) to work on /home/airflow/.local/lib/python3.12/site-packages/airflow/example_dags/example_sla_dag.py
[2026-04-25T08:38:06.609+0000] {processor.py:830} INFO - Processing file /home/airflow/.local/lib/python3.12/site-packages/airflow/example_dags/example_sla_dag.py for tasks to queue
[2026-04-25T08:38:06.610+0000] {logging_mixin.py:188} INFO - [2026-04-25T08:38:06.610+0000] {dagbag.py:545} INFO - Filling up the DagBag from /home/airflow/.local/lib/python3.12/site-packages/airflow/example_dags/example_sla_dag.py
[2026-04-25T08:38:06.616+0000] {processor.py:840} INFO - DAG(s) 'example_sla_dag' retrieved from /home/airflow/.local/lib/python3.12/site-packages/airflow/example_dags/example_sla_dag.py
[2026-04-25T08:38:06.635+0000] {logging_mixin.py:188} INFO - [2026-04-25T08:38:06.635+0000] {dag.py:3096} INFO - Sync 1 DAGs
[2026-04-25T08:38:06.661+0000] {logging_mixin.py:188} INFO - [2026-04-25T08:38:06.660+0000] {dag.py:3954} INFO - Setting next_dagrun for example_sla_dag to 2026-04-25 08:36:00+00:00, run_after=2026-04-25 08:38:00+00:00
[2026-04-25T08:38:06.676+0000] {processor.py:183} INFO - Processing /home/airflow/.local/lib/python3.12/site-packages/airflow/example_dags/example_sla_dag.py took 0.072 seconds
[2026-04-25T08:38:36.997+0000] {processor.py:161} INFO - Started process (PID=710) to work on /home/airflow/.local/lib/python3.12/site-packages/airflow/example_dags/example_sla_dag.py
[2026-04-25T08:38:36.998+0000] {processor.py:830} INFO - Processing file /home/airflow/.local/lib/python3.12/site-packages/airflow/example_dags/example_sla_dag.py for tasks to queue
[2026-04-25T08:38:36.999+0000] {logging_mixin.py:188} INFO - [2026-04-25T08:38:36.999+0000] {dagbag.py:545} INFO - Filling up the DagBag from /home/airflow/.local/lib/python3.12/site-packages/airflow/example_dags/example_sla_dag.py
[2026-04-25T08:38:37.007+0000] {processor.py:840} INFO - DAG(s) 'example_sla_dag' retrieved from /home/airflow/.local/lib/python3.12/site-packages/airflow/example_dags/example_sla_dag.py
[2026-04-25T08:38:37.023+0000] {logging_mixin.py:188} INFO - [2026-04-25T08:38:37.022+0000] {dag.py:3096} INFO - Sync 1 DAGs
[2026-04-25T08:38:37.044+0000] {logging_mixin.py:188} INFO - [2026-04-25T08:38:37.044+0000] {dag.py:3954} INFO - Setting next_dagrun for example_sla_dag to 2026-04-25 08:36:00+00:00, run_after=2026-04-25 08:38:00+00:00
[2026-04-25T08:38:37.059+0000] {processor.py:183} INFO - Processing /home/airflow/.local/lib/python3.12/site-packages/airflow/example_dags/example_sla_dag.py took 0.066 seconds
[2026-04-25T08:39:07.380+0000] {processor.py:161} INFO - Started process (PID=768) to work on /home/airflow/.local/lib/python3.12/site-packages/airflow/example_dags/example_sla_dag.py
[2026-04-25T08:39:07.381+0000] {processor.py:830} INFO - Processing file /home/airflow/.local/lib/python3.12/site-packages/airflow/example_dags/example_sla_dag.py for tasks to queue
[2026-04-25T08:39:07.382+0000] {logging_mixin.py:188} INFO - [2026-04-25T08:39:07.382+0000] {dagbag.py:545} INFO - Filling up the DagBag from /home/airflow/.local/lib/python3.12/site-packages/airflow/example_dags/example_sla_dag.py
[2026-04-25T08:39:07.388+0000] {processor.py:840} INFO - DAG(s) 'example_sla_dag' retrieved from /home/airflow/.local/lib/python3.12/site-packages/airflow/example_dags/example_sla_dag.py
[2026-04-25T08:39:07.404+0000] {logging_mixin.py:188} INFO - [2026-04-25T08:39:07.404+0000] {dag.py:3096} INFO - Sync 1 DAGs
[2026-04-25T08:39:07.427+0000] {logging_mixin.py:188} INFO - [2026-04-25T08:39:07.426+0000] {dag.py:3954} INFO - Setting next_dagrun for example_sla_dag to 2026-04-25 08:36:00+00:00, run_after=2026-04-25 08:38:00+00:00
[2026-04-25T08:39:07.443+0000] {processor.py:183} INFO - Processing /home/airflow/.local/lib/python3.12/site-packages/airflow/example_dags/example_sla_dag.py took 0.067 seconds
[2026-04-25T08:39:37.689+0000] {processor.py:161} INFO - Started process (PID=826) to work on /home/airflow/.local/lib/python3.12/site-packages/airflow/example_dags/example_sla_dag.py
[2026-04-25T08:39:37.690+0000] {processor.py:830} INFO - Processing file /home/airflow/.local/lib/python3.12/site-packages/airflow/example_dags/example_sla_dag.py for tasks to queue
[2026-04-25T08:39:37.691+0000] {logging_mixin.py:188} INFO - [2026-04-25T08:39:37.691+0000] {dagbag.py:545} INFO - Filling up the DagBag from /home/airflow/.local/lib/python3.12/site-packages/airflow/example_dags/example_sla_dag.py
[2026-04-25T08:39:37.697+0000] {processor.py:840} INFO - DAG(s) 'example_sla_dag' retrieved from /home/airflow/.local/lib/python3.12/site-packages/airflow/example_dags/example_sla_dag.py
[2026-04-25T08:39:37.716+0000] {logging_mixin.py:188} INFO - [2026-04-25T08:39:37.716+0000] {dag.py:3096} INFO - Sync 1 DAGs
[2026-04-25T08:39:37.740+0000] {logging_mixin.py:188} INFO - [2026-04-25T08:39:37.739+0000] {dag.py:3954} INFO - Setting next_dagrun for example_sla_dag to 2026-04-25 08:36:00+00:00, run_after=2026-04-25 08:38:00+00:00
[2026-04-25T08:39:37.756+0000] {processor.py:183} INFO - Processing /home/airflow/.local/lib/python3.12/site-packages/airflow/example_dags/example_sla_dag.py took 0.071 seconds
[2026-04-25T08:40:07.931+0000] {processor.py:161} INFO - Started process (PID=884) to work on /home/airflow/.local/lib/python3.12/site-packages/airflow/example_dags/example_sla_dag.py
[2026-04-25T08:40:07.931+0000] {processor.py:830} INFO - Processing file /home/airflow/.local/lib/python3.12/site-packages/airflow/example_dags/example_sla_dag.py for tasks to queue
[2026-04-25T08:40:07.933+0000] {logging_mixin.py:188} INFO - [2026-04-25T08:40:07.932+0000] {dagbag.py:545} INFO - Filling up the DagBag from /home/airflow/.local/lib/python3.12/site-packages/airflow/example_dags/example_sla_dag.py
[2026-04-25T08:40:07.940+0000] {processor.py:840} INFO - DAG(s) 'example_sla_dag' retrieved from /home/airflow/.local/lib/python3.12/site-packages/airflow/example_dags/example_sla_dag.py
[2026-04-25T08:40:07.954+0000] {logging_mixin.py:188} INFO - [2026-04-25T08:40:07.954+0000] {dag.py:3096} INFO - Sync 1 DAGs
[2026-04-25T08:40:07.974+0000] {logging_mixin.py:188} INFO - [2026-04-25T08:40:07.974+0000] {dag.py:3954} INFO - Setting next_dagrun for example_sla_dag to 2026-04-25 08:38:00+00:00, run_after=2026-04-25 08:40:00+00:00
[2026-04-25T08:40:07.990+0000] {processor.py:183} INFO - Processing /home/airflow/.local/lib/python3.12/site-packages/airflow/example_dags/example_sla_dag.py took 0.064 seconds
[2026-04-25T08:40:38.421+0000] {processor.py:161} INFO - Started process (PID=942) to work on /home/airflow/.local/lib/python3.12/site-packages/airflow/example_dags/example_sla_dag.py
[2026-04-25T08:40:38.422+0000] {processor.py:830} INFO - Processing file /home/airflow/.local/lib/python3.12/site-packages/airflow/example_dags/example_sla_dag.py for tasks to queue
[2026-04-25T08:40:38.423+0000] {logging_mixin.py:188} INFO - [2026-04-25T08:40:38.423+0000] {dagbag.py:545} INFO - Filling up the DagBag from /home/airflow/.local/lib/python3.12/site-packages/airflow/example_dags/example_sla_dag.py
[2026-04-25T08:40:38.431+0000] {processor.py:840} INFO - DAG(s) 'example_sla_dag' retrieved from /home/airflow/.local/lib/python3.12/site-packages/airflow/example_dags/example_sla_dag.py
[2026-04-25T08:40:38.449+0000] {logging_mixin.py:188} INFO - [2026-04-25T08:40:38.449+0000] {dag.py:3096} INFO - Sync 1 DAGs
[2026-04-25T08:40:38.472+0000] {logging_mixin.py:188} INFO - [2026-04-25T08:40:38.472+0000] {dag.py:3954} INFO - Setting next_dagrun for example_sla_dag to 2026-04-25 08:38:00+00:00, run_after=2026-04-25 08:40:00+00:00
[2026-04-25T08:40:38.488+0000] {processor.py:183} INFO - Processing /home/airflow/.local/lib/python3.12/site-packages/airflow/example_dags/example_sla_dag.py took 0.072 seconds
[2026-04-25T08:41:08.896+0000] {processor.py:161} INFO - Started process (PID=1000) to work on /home/airflow/.local/lib/python3.12/site-packages/airflow/example_dags/example_sla_dag.py
[2026-04-25T08:41:08.897+0000] {processor.py:830} INFO - Processing file /home/airflow/.local/lib/python3.12/site-packages/airflow/example_dags/example_sla_dag.py for tasks to queue
[2026-04-25T08:41:08.898+0000] {logging_mixin.py:188} INFO - [2026-04-25T08:41:08.898+0000] {dagbag.py:545} INFO - Filling up the DagBag from /home/airflow/.local/lib/python3.12/site-packages/airflow/example_dags/example_sla_dag.py
[2026-04-25T08:41:08.906+0000] {processor.py:840} INFO - DAG(s) 'example_sla_dag' retrieved from /home/airflow/.local/lib/python3.12/site-packages/airflow/example_dags/example_sla_dag.py
[2026-04-25T08:41:08.922+0000] {logging_mixin.py:188} INFO - [2026-04-25T08:41:08.922+0000] {dag.py:3096} INFO - Sync 1 DAGs
[2026-04-25T08:41:08.945+0000] {logging_mixin.py:188} INFO - [2026-04-25T08:41:08.945+0000] {dag.py:3954} INFO - Setting next_dagrun for example_sla_dag to 2026-04-25 08:38:00+00:00, run_after=2026-04-25 08:40:00+00:00
[2026-04-25T08:41:08.964+0000] {processor.py:183} INFO - Processing /home/airflow/.local/lib/python3.12/site-packages/airflow/example_dags/example_sla_dag.py took 0.072 seconds
[2026-04-25T08:41:39.494+0000] {processor.py:161} INFO - Started process (PID=1058) to work on /home/airflow/.local/lib/python3.12/site-packages/airflow/example_dags/example_sla_dag.py
[2026-04-25T08:41:39.495+0000] {processor.py:830} INFO - Processing file /home/airflow/.local/lib/python3.12/site-packages/airflow/example_dags/example_sla_dag.py for tasks to queue
[2026-04-25T08:41:39.496+0000] {logging_mixin.py:188} INFO - [2026-04-25T08:41:39.496+0000] {dagbag.py:545} INFO - Filling up the DagBag from /home/airflow/.local/lib/python3.12/site-packages/airflow/example_dags/example_sla_dag.py
[2026-04-25T08:41:39.503+0000] {processor.py:840} INFO - DAG(s) 'example_sla_dag' retrieved from /home/airflow/.local/lib/python3.12/site-packages/airflow/example_dags/example_sla_dag.py
[2026-04-25T08:41:39.525+0000] {logging_mixin.py:188} INFO - [2026-04-25T08:41:39.525+0000] {dag.py:3096} INFO - Sync 1 DAGs
[2026-04-25T08:41:39.545+0000] {logging_mixin.py:188} INFO - [2026-04-25T08:41:39.545+0000] {dag.py:3954} INFO - Setting next_dagrun for example_sla_dag to 2026-04-25 08:38:00+00:00, run_after=2026-04-25 08:40:00+00:00
[2026-04-25T08:41:39.560+0000] {processor.py:183} INFO - Processing /home/airflow/.local/lib/python3.12/site-packages/airflow/example_dags/example_sla_dag.py took 0.070 seconds
[2026-04-25T08:42:09.751+0000] {processor.py:161} INFO - Started process (PID=1116) to work on /home/airflow/.local/lib/python3.12/site-packages/airflow/example_dags/example_sla_dag.py
[2026-04-25T08:42:09.751+0000] {processor.py:830} INFO - Processing file /home/airflow/.local/lib/python3.12/site-packages/airflow/example_dags/example_sla_dag.py for tasks to queue
[2026-04-25T08:42:09.753+0000] {logging_mixin.py:188} INFO - [2026-04-25T08:42:09.752+0000] {dagbag.py:545} INFO - Filling up the DagBag from /home/airflow/.local/lib/python3.12/site-packages/airflow/example_dags/example_sla_dag.py
[2026-04-25T08:42:09.759+0000] {processor.py:840} INFO - DAG(s) 'example_sla_dag' retrieved from /home/airflow/.local/lib/python3.12/site-packages/airflow/example_dags/example_sla_dag.py
[2026-04-25T08:42:09.774+0000] {logging_mixin.py:188} INFO - [2026-04-25T08:42:09.774+0000] {dag.py:3096} INFO - Sync 1 DAGs
[2026-04-25T08:42:09.797+0000] {logging_mixin.py:188} INFO - [2026-04-25T08:42:09.797+0000] {dag.py:3954} INFO - Setting next_dagrun for example_sla_dag to 2026-04-25 08:40:00+00:00, run_after=2026-04-25 08:42:00+00:00
[2026-04-25T08:42:09.814+0000] {processor.py:183} INFO - Processing /home/airflow/.local/lib/python3.12/site-packages/airflow/example_dags/example_sla_dag.py took 0.068 seconds
[2026-04-25T08:42:40.364+0000] {processor.py:161} INFO - Started process (PID=1174) to work on /home/airflow/.local/lib/python3.12/site-packages/airflow/example_dags/example_sla_dag.py
[2026-04-25T08:42:40.365+0000] {processor.py:830} INFO - Processing file /home/airflow/.local/lib/python3.12/site-packages/airflow/example_dags/example_sla_dag.py for tasks to queue
[2026-04-25T08:42:40.367+0000] {logging_mixin.py:188} INFO - [2026-04-25T08:42:40.367+0000] {dagbag.py:545} INFO - Filling up the DagBag from /home/airflow/.local/lib/python3.12/site-packages/airflow/example_dags/example_sla_dag.py
[2026-04-25T08:42:40.377+0000] {processor.py:840} INFO - DAG(s) 'example_sla_dag' retrieved from /home/airflow/.local/lib/python3.12/site-packages/airflow/example_dags/example_sla_dag.py
[2026-04-25T08:42:40.396+0000] {logging_mixin.py:188} INFO - [2026-04-25T08:42:40.396+0000] {dag.py:3096} INFO - Sync 1 DAGs
[2026-04-25T08:42:40.418+0000] {logging_mixin.py:188} INFO - [2026-04-25T08:42:40.418+0000] {dag.py:3954} INFO - Setting next_dagrun for example_sla_dag to 2026-04-25 08:40:00+00:00, run_after=2026-04-25 08:42:00+00:00
[2026-04-25T08:42:40.434+0000] {processor.py:183} INFO - Processing /home/airflow/.local/lib/python3.12/site-packages/airflow/example_dags/example_sla_dag.py took 0.074 seconds
[2026-04-25T08:43:10.850+0000] {processor.py:161} INFO - Started process (PID=1232) to work on /home/airflow/.local/lib/python3.12/site-packages/airflow/example_dags/example_sla_dag.py
[2026-04-25T08:43:10.851+0000] {processor.py:830} INFO - Processing file /home/airflow/.local/lib/python3.12/site-packages/airflow/example_dags/example_sla_dag.py for tasks to queue
[2026-04-25T08:43:10.853+0000] {logging_mixin.py:188} INFO - [2026-04-25T08:43:10.853+0000] {dagbag.py:545} INFO - Filling up the DagBag from /home/airflow/.local/lib/python3.12/site-packages/airflow/example_dags/example_sla_dag.py
[2026-04-25T08:43:10.862+0000] {processor.py:840} INFO - DAG(s) 'example_sla_dag' retrieved from /home/airflow/.local/lib/python3.12/site-packages/airflow/example_dags/example_sla_dag.py
[2026-04-25T08:43:10.878+0000] {logging_mixin.py:188} INFO - [2026-04-25T08:43:10.877+0000] {dag.py:3096} INFO - Sync 1 DAGs
[2026-04-25T08:43:10.898+0000] {logging_mixin.py:188} INFO - [2026-04-25T08:43:10.897+0000] {dag.py:3954} INFO - Setting next_dagrun for example_sla_dag to 2026-04-25 08:40:00+00:00, run_after=2026-04-25 08:42:00+00:00
[2026-04-25T08:43:10.912+0000] {processor.py:183} INFO - Processing /home/airflow/.local/lib/python3.12/site-packages/airflow/example_dags/example_sla_dag.py took 0.068 seconds
[2026-04-25T08:43:41.422+0000] {processor.py:161} INFO - Started process (PID=1290) to work on /home/airflow/.local/lib/python3.12/site-packages/airflow/example_dags/example_sla_dag.py
[2026-04-25T08:43:41.423+0000] {processor.py:830} INFO - Processing file /home/airflow/.local/lib/python3.12/site-packages/airflow/example_dags/example_sla_dag.py for tasks to queue
[2026-04-25T08:43:41.424+0000] {logging_mixin.py:188} INFO - [2026-04-25T08:43:41.424+0000] {dagbag.py:545} INFO - Filling up the DagBag from /home/airflow/.local/lib/python3.12/site-packages/airflow/example_dags/example_sla_dag.py
[2026-04-25T08:43:41.431+0000] {processor.py:840} INFO - DAG(s) 'example_sla_dag' retrieved from /home/airflow/.local/lib/python3.12/site-packages/airflow/example_dags/example_sla_dag.py
[2026-04-25T08:43:41.447+0000] {logging_mixin.py:188} INFO - [2026-04-25T08:43:41.446+0000] {dag.py:3096} INFO - Sync 1 DAGs
[2026-04-25T08:43:41.468+0000] {logging_mixin.py:188} INFO - [2026-04-25T08:43:41.468+0000] {dag.py:3954} INFO - Setting next_dagrun for example_sla_dag to 2026-04-25 08:40:00+00:00, run_after=2026-04-25 08:42:00+00:00
[2026-04-25T08:43:41.485+0000] {processor.py:183} INFO - Processing /home/airflow/.local/lib/python3.12/site-packages/airflow/example_dags/example_sla_dag.py took 0.068 seconds
[2026-04-25T08:44:11.616+0000] {processor.py:161} INFO - Started process (PID=1348) to work on /home/airflow/.local/lib/python3.12/site-packages/airflow/example_dags/example_sla_dag.py
[2026-04-25T08:44:11.617+0000] {processor.py:830} INFO - Processing file /home/airflow/.local/lib/python3.12/site-packages/airflow/example_dags/example_sla_dag.py for tasks to queue
[2026-04-25T08:44:11.618+0000] {logging_mixin.py:188} INFO - [2026-04-25T08:44:11.618+0000] {dagbag.py:545} INFO - Filling up the DagBag from /home/airflow/.local/lib/python3.12/site-packages/airflow/example_dags/example_sla_dag.py
[2026-04-25T08:44:11.627+0000] {processor.py:840} INFO - DAG(s) 'example_sla_dag' retrieved from /home/airflow/.local/lib/python3.12/site-packages/airflow/example_dags/example_sla_dag.py
[2026-04-25T08:44:11.643+0000] {logging_mixin.py:188} INFO - [2026-04-25T08:44:11.643+0000] {dag.py:3096} INFO - Sync 1 DAGs
[2026-04-25T08:44:11.663+0000] {logging_mixin.py:188} INFO - [2026-04-25T08:44:11.663+0000] {dag.py:3954} INFO - Setting next_dagrun for example_sla_dag to 2026-04-25 08:42:00+00:00, run_after=2026-04-25 08:44:00+00:00
[2026-04-25T08:44:11.679+0000] {processor.py:183} INFO - Processing /home/airflow/.local/lib/python3.12/site-packages/airflow/example_dags/example_sla_dag.py took 0.068 seconds
[2026-04-25T08:44:42.310+0000] {processor.py:161} INFO - Started process (PID=1406) to work on /home/airflow/.local/lib/python3.12/site-packages/airflow/example_dags/example_sla_dag.py
[2026-04-25T08:44:42.311+0000] {processor.py:830} INFO - Processing file /home/airflow/.local/lib/python3.12/site-packages/airflow/example_dags/example_sla_dag.py for tasks to queue
[2026-04-25T08:44:42.312+0000] {logging_mixin.py:188} INFO - [2026-04-25T08:44:42.312+0000] {dagbag.py:545} INFO - Filling up the DagBag from /home/airflow/.local/lib/python3.12/site-packages/airflow/example_dags/example_sla_dag.py
[2026-04-25T08:44:42.319+0000] {processor.py:840} INFO - DAG(s) 'example_sla_dag' retrieved from /home/airflow/.local/lib/python3.12/site-packages/airflow/example_dags/example_sla_dag.py
[2026-04-25T08:44:42.334+0000] {logging_mixin.py:188} INFO - [2026-04-25T08:44:42.334+0000] {dag.py:3096} INFO - Sync 1 DAGs
[2026-04-25T08:44:42.355+0000] {logging_mixin.py:188} INFO - [2026-04-25T08:44:42.355+0000] {dag.py:3954} INFO - Setting next_dagrun for example_sla_dag to 2026-04-25 08:42:00+00:00, run_after=2026-04-25 08:44:00+00:00
[2026-04-25T08:44:42.370+0000] {processor.py:183} INFO - Processing /home/airflow/.local/lib/python3.12/site-packages/airflow/example_dags/example_sla_dag.py took 0.065 seconds
[2026-04-25T08:45:12.771+0000] {processor.py:161} INFO - Started process (PID=1464) to work on /home/airflow/.local/lib/python3.12/site-packages/airflow/example_dags/example_sla_dag.py
[2026-04-25T08:45:12.772+0000] {processor.py:830} INFO - Processing file /home/airflow/.local/lib/python3.12/site-packages/airflow/example_dags/example_sla_dag.py for tasks to queue
[2026-04-25T08:45:12.773+0000] {logging_mixin.py:188} INFO - [2026-04-25T08:45:12.773+0000] {dagbag.py:545} INFO - Filling up the DagBag from /home/airflow/.local/lib/python3.12/site-packages/airflow/example_dags/example_sla_dag.py
[2026-04-25T08:45:12.782+0000] {processor.py:840} INFO - DAG(s) 'example_sla_dag' retrieved from /home/airflow/.local/lib/python3.12/site-packages/airflow/example_dags/example_sla_dag.py
[2026-04-25T08:45:12.801+0000] {logging_mixin.py:188} INFO - [2026-04-25T08:45:12.800+0000] {dag.py:3096} INFO - Sync 1 DAGs
[2026-04-25T08:45:12.828+0000] {logging_mixin.py:188} INFO - [2026-04-25T08:45:12.828+0000] {dag.py:3954} INFO - Setting next_dagrun for example_sla_dag to 2026-04-25 08:42:00+00:00, run_after=2026-04-25 08:44:00+00:00
[2026-04-25T08:45:12.998+0000] {processor.py:183} INFO - Processing /home/airflow/.local/lib/python3.12/site-packages/airflow/example_dags/example_sla_dag.py took 0.233 seconds
[2026-04-25T08:45:43.957+0000] {processor.py:161} INFO - Started process (PID=1522) to work on /home/airflow/.local/lib/python3.12/site-packages/airflow/example_dags/example_sla_dag.py
[2026-04-25T08:45:43.961+0000] {processor.py:830} INFO - Processing file /home/airflow/.local/lib/python3.12/site-packages/airflow/example_dags/example_sla_dag.py for tasks to queue
[2026-04-25T08:45:43.962+0000] {logging_mixin.py:188} INFO - [2026-04-25T08:45:43.962+0000] {dagbag.py:545} INFO - Filling up the DagBag from /home/airflow/.local/lib/python3.12/site-packages/airflow/example_dags/example_sla_dag.py
[2026-04-25T08:45:43.974+0000] {processor.py:840} INFO - DAG(s) 'example_sla_dag' retrieved from /home/airflow/.local/lib/python3.12/site-packages/airflow/example_dags/example_sla_dag.py
[2026-04-25T08:45:44.000+0000] {logging_mixin.py:188} INFO - [2026-04-25T08:45:43.999+0000] {dag.py:3096} INFO - Sync 1 DAGs
[2026-04-25T08:45:44.035+0000] {logging_mixin.py:188} INFO - [2026-04-25T08:45:44.035+0000] {dag.py:3954} INFO - Setting next_dagrun for example_sla_dag to 2026-04-25 08:42:00+00:00, run_after=2026-04-25 08:44:00+00:00
[2026-04-25T08:45:44.056+0000] {processor.py:183} INFO - Processing /home/airflow/.local/lib/python3.12/site-packages/airflow/example_dags/example_sla_dag.py took 0.105 seconds
[2026-04-25T08:46:14.230+0000] {processor.py:161} INFO - Started process (PID=1580) to work on /home/airflow/.local/lib/python3.12/site-packages/airflow/example_dags/example_sla_dag.py
[2026-04-25T08:46:14.230+0000] {processor.py:830} INFO - Processing file /home/airflow/.local/lib/python3.12/site-packages/airflow/example_dags/example_sla_dag.py for tasks to queue
[2026-04-25T08:46:14.232+0000] {logging_mixin.py:188} INFO - [2026-04-25T08:46:14.231+0000] {dagbag.py:545} INFO - Filling up the DagBag from /home/airflow/.local/lib/python3.12/site-packages/airflow/example_dags/example_sla_dag.py
[2026-04-25T08:46:14.238+0000] {processor.py:840} INFO - DAG(s) 'example_sla_dag' retrieved from /home/airflow/.local/lib/python3.12/site-packages/airflow/example_dags/example_sla_dag.py
[2026-04-25T08:46:14.256+0000] {logging_mixin.py:188} INFO - [2026-04-25T08:46:14.256+0000] {dag.py:3096} INFO - Sync 1 DAGs
[2026-04-25T08:46:14.287+0000] {logging_mixin.py:188} INFO - [2026-04-25T08:46:14.287+0000] {dag.py:3954} INFO - Setting next_dagrun for example_sla_dag to 2026-04-25 08:44:00+00:00, run_after=2026-04-25 08:46:00+00:00
[2026-04-25T08:46:14.304+0000] {processor.py:183} INFO - Processing /home/airflow/.local/lib/python3.12/site-packages/airflow/example_dags/example_sla_dag.py took 0.079 seconds
[2026-04-25T08:46:44.486+0000] {processor.py:161} INFO - Started process (PID=1638) to work on /home/airflow/.local/lib/python3.12/site-packages/airflow/example_dags/example_sla_dag.py
[2026-04-25T08:46:44.488+0000] {processor.py:830} INFO - Processing file /home/airflow/.local/lib/python3.12/site-packages/airflow/example_dags/example_sla_dag.py for tasks to queue
[2026-04-25T08:46:44.490+0000] {logging_mixin.py:188} INFO - [2026-04-25T08:46:44.490+0000] {dagbag.py:545} INFO - Filling up the DagBag from /home/airflow/.local/lib/python3.12/site-packages/airflow/example_dags/example_sla_dag.py
[2026-04-25T08:46:44.500+0000] {processor.py:840} INFO - DAG(s) 'example_sla_dag' retrieved from /home/airflow/.local/lib/python3.12/site-packages/airflow/example_dags/example_sla_dag.py
[2026-04-25T08:46:44.518+0000] {logging_mixin.py:188} INFO - [2026-04-25T08:46:44.518+0000] {dag.py:3096} INFO - Sync 1 DAGs
[2026-04-25T08:46:44.538+0000] {logging_mixin.py:188} INFO - [2026-04-25T08:46:44.538+0000] {dag.py:3954} INFO - Setting next_dagrun for example_sla_dag to 2026-04-25 08:44:00+00:00, run_after=2026-04-25 08:46:00+00:00
[2026-04-25T08:46:44.554+0000] {processor.py:183} INFO - Processing /home/airflow/.local/lib/python3.12/site-packages/airflow/example_dags/example_sla_dag.py took 0.075 seconds
[2026-04-25T08:47:14.858+0000] {processor.py:161} INFO - Started process (PID=1696) to work on /home/airflow/.local/lib/python3.12/site-packages/airflow/example_dags/example_sla_dag.py
[2026-04-25T08:47:14.859+0000] {processor.py:830} INFO - Processing file /home/airflow/.local/lib/python3.12/site-packages/airflow/example_dags/example_sla_dag.py for tasks to queue
[2026-04-25T08:47:14.860+0000] {logging_mixin.py:188} INFO - [2026-04-25T08:47:14.860+0000] {dagbag.py:545} INFO - Filling up the DagBag from /home/airflow/.local/lib/python3.12/site-packages/airflow/example_dags/example_sla_dag.py
[2026-04-25T08:47:14.867+0000] {processor.py:840} INFO - DAG(s) 'example_sla_dag' retrieved from /home/airflow/.local/lib/python3.12/site-packages/airflow/example_dags/example_sla_dag.py
[2026-04-25T08:47:14.891+0000] {logging_mixin.py:188} INFO - [2026-04-25T08:47:14.891+0000] {dag.py:3096} INFO - Sync 1 DAGs
[2026-04-25T08:47:14.922+0000] {logging_mixin.py:188} INFO - [2026-04-25T08:47:14.922+0000] {dag.py:3954} INFO - Setting next_dagrun for example_sla_dag to 2026-04-25 08:44:00+00:00, run_after=2026-04-25 08:46:00+00:00
[2026-04-25T08:47:14.940+0000] {processor.py:183} INFO - Processing /home/airflow/.local/lib/python3.12/site-packages/airflow/example_dags/example_sla_dag.py took 0.087 seconds
[2026-04-25T08:47:45.374+0000] {processor.py:161} INFO - Started process (PID=1754) to work on /home/airflow/.local/lib/python3.12/site-packages/airflow/example_dags/example_sla_dag.py
[2026-04-25T08:47:45.374+0000] {processor.py:830} INFO - Processing file /home/airflow/.local/lib/python3.12/site-packages/airflow/example_dags/example_sla_dag.py for tasks to queue
[2026-04-25T08:47:45.376+0000] {logging_mixin.py:188} INFO - [2026-04-25T08:47:45.375+0000] {dagbag.py:545} INFO - Filling up the DagBag from /home/airflow/.local/lib/python3.12/site-packages/airflow/example_dags/example_sla_dag.py
[2026-04-25T08:47:45.382+0000] {processor.py:840} INFO - DAG(s) 'example_sla_dag' retrieved from /home/airflow/.local/lib/python3.12/site-packages/airflow/example_dags/example_sla_dag.py
[2026-04-25T08:47:45.401+0000] {logging_mixin.py:188} INFO - [2026-04-25T08:47:45.401+0000] {dag.py:3096} INFO - Sync 1 DAGs
[2026-04-25T08:47:45.430+0000] {logging_mixin.py:188} INFO - [2026-04-25T08:47:45.430+0000] {dag.py:3954} INFO - Setting next_dagrun for example_sla_dag to 2026-04-25 08:44:00+00:00, run_after=2026-04-25 08:46:00+00:00
[2026-04-25T08:47:45.446+0000] {processor.py:183} INFO - Processing /home/airflow/.local/lib/python3.12/site-packages/airflow/example_dags/example_sla_dag.py took 0.077 seconds
[2026-04-25T08:48:15.795+0000] {processor.py:161} INFO - Started process (PID=1812) to work on /home/airflow/.local/lib/python3.12/site-packages/airflow/example_dags/example_sla_dag.py
[2026-04-25T08:48:15.795+0000] {processor.py:830} INFO - Processing file /home/airflow/.local/lib/python3.12/site-packages/airflow/example_dags/example_sla_dag.py for tasks to queue
[2026-04-25T08:48:15.797+0000] {logging_mixin.py:188} INFO - [2026-04-25T08:48:15.797+0000] {dagbag.py:545} INFO - Filling up the DagBag from /home/airflow/.local/lib/python3.12/site-packages/airflow/example_dags/example_sla_dag.py
[2026-04-25T08:48:15.807+0000] {processor.py:840} INFO - DAG(s) 'example_sla_dag' retrieved from /home/airflow/.local/lib/python3.12/site-packages/airflow/example_dags/example_sla_dag.py
[2026-04-25T08:48:15.834+0000] {logging_mixin.py:188} INFO - [2026-04-25T08:48:15.834+0000] {dag.py:3096} INFO - Sync 1 DAGs
[2026-04-25T08:48:15.857+0000] {logging_mixin.py:188} INFO - [2026-04-25T08:48:15.857+0000] {dag.py:3954} INFO - Setting next_dagrun for example_sla_dag to 2026-04-25 08:46:00+00:00, run_after=2026-04-25 08:48:00+00:00
[2026-04-25T08:48:15.874+0000] {processor.py:183} INFO - Processing /home/airflow/.local/lib/python3.12/site-packages/airflow/example_dags/example_sla_dag.py took 0.086 seconds
[2026-04-25T08:48:46.039+0000] {processor.py:161} INFO - Started process (PID=1870) to work on /home/airflow/.local/lib/python3.12/site-packages/airflow/example_dags/example_sla_dag.py
[2026-04-25T08:48:46.039+0000] {processor.py:830} INFO - Processing file /home/airflow/.local/lib/python3.12/site-packages/airflow/example_dags/example_sla_dag.py for tasks to queue
[2026-04-25T08:48:46.041+0000] {logging_mixin.py:188} INFO - [2026-04-25T08:48:46.040+0000] {dagbag.py:545} INFO - Filling up the DagBag from /home/airflow/.local/lib/python3.12/site-packages/airflow/example_dags/example_sla_dag.py
[2026-04-25T08:48:46.047+0000] {processor.py:840} INFO - DAG(s) 'example_sla_dag' retrieved from /home/airflow/.local/lib/python3.12/site-packages/airflow/example_dags/example_sla_dag.py
[2026-04-25T08:48:46.066+0000] {logging_mixin.py:188} INFO - [2026-04-25T08:48:46.065+0000] {dag.py:3096} INFO - Sync 1 DAGs
[2026-04-25T08:48:46.094+0000] {logging_mixin.py:188} INFO - [2026-04-25T08:48:46.094+0000] {dag.py:3954} INFO - Setting next_dagrun for example_sla_dag to 2026-04-25 08:46:00+00:00, run_after=2026-04-25 08:48:00+00:00
[2026-04-25T08:48:46.112+0000] {processor.py:183} INFO - Processing /home/airflow/.local/lib/python3.12/site-packages/airflow/example_dags/example_sla_dag.py took 0.078 seconds
[2026-04-25T08:49:16.448+0000] {processor.py:161} INFO - Started process (PID=1928) to work on /home/airflow/.local/lib/python3.12/site-packages/airflow/example_dags/example_sla_dag.py
[2026-04-25T08:49:16.450+0000] {processor.py:830} INFO - Processing file /home/airflow/.local/lib/python3.12/site-packages/airflow/example_dags/example_sla_dag.py for tasks to queue
[2026-04-25T08:49:16.452+0000] {logging_mixin.py:188} INFO - [2026-04-25T08:49:16.452+0000] {dagbag.py:545} INFO - Filling up the DagBag from /home/airflow/.local/lib/python3.12/site-packages/airflow/example_dags/example_sla_dag.py
[2026-04-25T08:49:16.461+0000] {processor.py:840} INFO - DAG(s) 'example_sla_dag' retrieved from /home/airflow/.local/lib/python3.12/site-packages/airflow/example_dags/example_sla_dag.py
[2026-04-25T08:49:16.483+0000] {logging_mixin.py:188} INFO - [2026-04-25T08:49:16.483+0000] {dag.py:3096} INFO - Sync 1 DAGs
[2026-04-25T08:49:16.515+0000] {logging_mixin.py:188} INFO - [2026-04-25T08:49:16.515+0000] {dag.py:3954} INFO - Setting next_dagrun for example_sla_dag to 2026-04-25 08:46:00+00:00, run_after=2026-04-25 08:48:00+00:00
[2026-04-25T08:49:16.535+0000] {processor.py:183} INFO - Processing /home/airflow/.local/lib/python3.12/site-packages/airflow/example_dags/example_sla_dag.py took 0.092 seconds
[2026-04-25T08:49:47.055+0000] {processor.py:161} INFO - Started process (PID=1986) to work on /home/airflow/.local/lib/python3.12/site-packages/airflow/example_dags/example_sla_dag.py
[2026-04-25T08:49:47.056+0000] {processor.py:830} INFO - Processing file /home/airflow/.local/lib/python3.12/site-packages/airflow/example_dags/example_sla_dag.py for tasks to queue
[2026-04-25T08:49:47.058+0000] {logging_mixin.py:188} INFO - [2026-04-25T08:49:47.057+0000] {dagbag.py:545} INFO - Filling up the DagBag from /home/airflow/.local/lib/python3.12/site-packages/airflow/example_dags/example_sla_dag.py
[2026-04-25T08:49:47.067+0000] {processor.py:840} INFO - DAG(s) 'example_sla_dag' retrieved from /home/airflow/.local/lib/python3.12/site-packages/airflow/example_dags/example_sla_dag.py
[2026-04-25T08:49:47.086+0000] {logging_mixin.py:188} INFO - [2026-04-25T08:49:47.085+0000] {dag.py:3096} INFO - Sync 1 DAGs
[2026-04-25T08:49:47.111+0000] {logging_mixin.py:188} INFO - [2026-04-25T08:49:47.111+0000] {dag.py:3954} INFO - Setting next_dagrun for example_sla_dag to 2026-04-25 08:46:00+00:00, run_after=2026-04-25 08:48:00+00:00
[2026-04-25T08:49:47.128+0000] {processor.py:183} INFO - Processing /home/airflow/.local/lib/python3.12/site-packages/airflow/example_dags/example_sla_dag.py took 0.079 seconds
[2026-04-25T08:50:17.430+0000] {processor.py:161} INFO - Started process (PID=2044) to work on /home/airflow/.local/lib/python3.12/site-packages/airflow/example_dags/example_sla_dag.py
[2026-04-25T08:50:17.431+0000] {processor.py:830} INFO - Processing file /home/airflow/.local/lib/python3.12/site-packages/airflow/example_dags/example_sla_dag.py for tasks to queue
[2026-04-25T08:50:17.433+0000] {logging_mixin.py:188} INFO - [2026-04-25T08:50:17.433+0000] {dagbag.py:545} INFO - Filling up the DagBag from /home/airflow/.local/lib/python3.12/site-packages/airflow/example_dags/example_sla_dag.py
[2026-04-25T08:50:17.440+0000] {processor.py:840} INFO - DAG(s) 'example_sla_dag' retrieved from /home/airflow/.local/lib/python3.12/site-packages/airflow/example_dags/example_sla_dag.py
[2026-04-25T08:50:17.456+0000] {logging_mixin.py:188} INFO - [2026-04-25T08:50:17.456+0000] {dag.py:3096} INFO - Sync 1 DAGs
[2026-04-25T08:50:17.478+0000] {logging_mixin.py:188} INFO - [2026-04-25T08:50:17.478+0000] {dag.py:3954} INFO - Setting next_dagrun for example_sla_dag to 2026-04-25 08:48:00+00:00, run_after=2026-04-25 08:50:00+00:00
[2026-04-25T08:50:17.493+0000] {processor.py:183} INFO - Processing /home/airflow/.local/lib/python3.12/site-packages/airflow/example_dags/example_sla_dag.py took 0.068 seconds
[2026-04-25T08:50:47.860+0000] {processor.py:161} INFO - Started process (PID=2102) to work on /home/airflow/.local/lib/python3.12/site-packages/airflow/example_dags/example_sla_dag.py
[2026-04-25T08:50:47.861+0000] {processor.py:830} INFO - Processing file /home/airflow/.local/lib/python3.12/site-packages/airflow/example_dags/example_sla_dag.py for tasks to queue
[2026-04-25T08:50:47.863+0000] {logging_mixin.py:188} INFO - [2026-04-25T08:50:47.863+0000] {dagbag.py:545} INFO - Filling up the DagBag from /home/airflow/.local/lib/python3.12/site-packages/airflow/example_dags/example_sla_dag.py
[2026-04-25T08:50:47.879+0000] {processor.py:840} INFO - DAG(s) 'example_sla_dag' retrieved from /home/airflow/.local/lib/python3.12/site-packages/airflow/example_dags/example_sla_dag.py
[2026-04-25T08:50:47.904+0000] {logging_mixin.py:188} INFO - [2026-04-25T08:50:47.903+0000] {dag.py:3096} INFO - Sync 1 DAGs
[2026-04-25T08:50:47.936+0000] {logging_mixin.py:188} INFO - [2026-04-25T08:50:47.936+0000] {dag.py:3954} INFO - Setting next_dagrun for example_sla_dag to 2026-04-25 08:48:00+00:00, run_after=2026-04-25 08:50:00+00:00
[2026-04-25T08:50:47.989+0000] {processor.py:183} INFO - Processing /home/airflow/.local/lib/python3.12/site-packages/airflow/example_dags/example_sla_dag.py took 0.138 seconds
[2026-04-25T08:51:18.476+0000] {processor.py:161} INFO - Started process (PID=2160) to work on /home/airflow/.local/lib/python3.12/site-packages/airflow/example_dags/example_sla_dag.py
[2026-04-25T08:51:18.477+0000] {processor.py:830} INFO - Processing file /home/airflow/.local/lib/python3.12/site-packages/airflow/example_dags/example_sla_dag.py for tasks to queue
[2026-04-25T08:51:18.478+0000] {logging_mixin.py:188} INFO - [2026-04-25T08:51:18.478+0000] {dagbag.py:545} INFO - Filling up the DagBag from /home/airflow/.local/lib/python3.12/site-packages/airflow/example_dags/example_sla_dag.py
[2026-04-25T08:51:18.486+0000] {processor.py:840} INFO - DAG(s) 'example_sla_dag' retrieved from /home/airflow/.local/lib/python3.12/site-packages/airflow/example_dags/example_sla_dag.py
[2026-04-25T08:51:18.505+0000] {logging_mixin.py:188} INFO - [2026-04-25T08:51:18.504+0000] {dag.py:3096} INFO - Sync 1 DAGs
[2026-04-25T08:51:18.525+0000] {logging_mixin.py:188} INFO - [2026-04-25T08:51:18.525+0000] {dag.py:3954} INFO - Setting next_dagrun for example_sla_dag to 2026-04-25 08:48:00+00:00, run_after=2026-04-25 08:50:00+00:00
[2026-04-25T08:51:18.540+0000] {processor.py:183} INFO - Processing /home/airflow/.local/lib/python3.12/site-packages/airflow/example_dags/example_sla_dag.py took 0.068 seconds
[2026-04-25T08:51:48.681+0000] {processor.py:161} INFO - Started process (PID=2218) to work on /home/airflow/.local/lib/python3.12/site-packages/airflow/example_dags/example_sla_dag.py
[2026-04-25T08:51:48.681+0000] {processor.py:830} INFO - Processing file /home/airflow/.local/lib/python3.12/site-packages/airflow/example_dags/example_sla_dag.py for tasks to queue
[2026-04-25T08:51:48.683+0000] {logging_mixin.py:188} INFO - [2026-04-25T08:51:48.683+0000] {dagbag.py:545} INFO - Filling up the DagBag from /home/airflow/.local/lib/python3.12/site-packages/airflow/example_dags/example_sla_dag.py
[2026-04-25T08:51:48.690+0000] {processor.py:840} INFO - DAG(s) 'example_sla_dag' retrieved from /home/airflow/.local/lib/python3.12/site-packages/airflow/example_dags/example_sla_dag.py
[2026-04-25T08:51:48.707+0000] {logging_mixin.py:188} INFO - [2026-04-25T08:51:48.707+0000] {dag.py:3096} INFO - Sync 1 DAGs
[2026-04-25T08:51:48.729+0000] {logging_mixin.py:188} INFO - [2026-04-25T08:51:48.728+0000] {dag.py:3954} INFO - Setting next_dagrun for example_sla_dag to 2026-04-25 08:48:00+00:00, run_after=2026-04-25 08:50:00+00:00
[2026-04-25T08:51:48.744+0000] {processor.py:183} INFO - Processing /home/airflow/.local/lib/python3.12/site-packages/airflow/example_dags/example_sla_dag.py took 0.067 seconds
[2026-04-25T08:52:19.286+0000] {processor.py:161} INFO - Started process (PID=2276) to work on /home/airflow/.local/lib/python3.12/site-packages/airflow/example_dags/example_sla_dag.py
[2026-04-25T08:52:19.287+0000] {processor.py:830} INFO - Processing file /home/airflow/.local/lib/python3.12/site-packages/airflow/example_dags/example_sla_dag.py for tasks to queue
[2026-04-25T08:52:19.289+0000] {logging_mixin.py:188} INFO - [2026-04-25T08:52:19.288+0000] {dagbag.py:545} INFO - Filling up the DagBag from /home/airflow/.local/lib/python3.12/site-packages/airflow/example_dags/example_sla_dag.py
[2026-04-25T08:52:19.298+0000] {processor.py:840} INFO - DAG(s) 'example_sla_dag' retrieved from /home/airflow/.local/lib/python3.12/site-packages/airflow/example_dags/example_sla_dag.py
[2026-04-25T08:52:19.323+0000] {logging_mixin.py:188} INFO - [2026-04-25T08:52:19.322+0000] {dag.py:3096} INFO - Sync 1 DAGs
[2026-04-25T08:52:19.353+0000] {logging_mixin.py:188} INFO - [2026-04-25T08:52:19.353+0000] {dag.py:3954} INFO - Setting next_dagrun for example_sla_dag to 2026-04-25 08:50:00+00:00, run_after=2026-04-25 08:52:00+00:00
[2026-04-25T08:52:19.368+0000] {processor.py:183} INFO - Processing /home/airflow/.local/lib/python3.12/site-packages/airflow/example_dags/example_sla_dag.py took 0.089 seconds
[2026-04-25T08:52:49.951+0000] {processor.py:161} INFO - Started process (PID=2334) to work on /home/airflow/.local/lib/python3.12/site-packages/airflow/example_dags/example_sla_dag.py
[2026-04-25T08:52:49.951+0000] {processor.py:830} INFO - Processing file /home/airflow/.local/lib/python3.12/site-packages/airflow/example_dags/example_sla_dag.py for tasks to queue
[2026-04-25T08:52:49.953+0000] {logging_mixin.py:188} INFO - [2026-04-25T08:52:49.952+0000] {dagbag.py:545} INFO - Filling up the DagBag from /home/airflow/.local/lib/python3.12/site-packages/airflow/example_dags/example_sla_dag.py
[2026-04-25T08:52:49.959+0000] {processor.py:840} INFO - DAG(s) 'example_sla_dag' retrieved from /home/airflow/.local/lib/python3.12/site-packages/airflow/example_dags/example_sla_dag.py
[2026-04-25T08:52:49.978+0000] {logging_mixin.py:188} INFO - [2026-04-25T08:52:49.977+0000] {dag.py:3096} INFO - Sync 1 DAGs
[2026-04-25T08:52:50.004+0000] {logging_mixin.py:188} INFO - [2026-04-25T08:52:50.004+0000] {dag.py:3954} INFO - Setting next_dagrun for example_sla_dag to 2026-04-25 08:50:00+00:00, run_after=2026-04-25 08:52:00+00:00
[2026-04-25T08:52:50.018+0000] {processor.py:183} INFO - Processing /home/airflow/.local/lib/python3.12/site-packages/airflow/example_dags/example_sla_dag.py took 0.072 seconds
[2026-04-25T08:53:20.519+0000] {processor.py:161} INFO - Started process (PID=2392) to work on /home/airflow/.local/lib/python3.12/site-packages/airflow/example_dags/example_sla_dag.py
[2026-04-25T08:53:20.520+0000] {processor.py:830} INFO - Processing file /home/airflow/.local/lib/python3.12/site-packages/airflow/example_dags/example_sla_dag.py for tasks to queue
[2026-04-25T08:53:20.521+0000] {logging_mixin.py:188} INFO - [2026-04-25T08:53:20.521+0000] {dagbag.py:545} INFO - Filling up the DagBag from /home/airflow/.local/lib/python3.12/site-packages/airflow/example_dags/example_sla_dag.py
[2026-04-25T08:53:20.529+0000] {processor.py:840} INFO - DAG(s) 'example_sla_dag' retrieved from /home/airflow/.local/lib/python3.12/site-packages/airflow/example_dags/example_sla_dag.py
[2026-04-25T08:53:20.553+0000] {logging_mixin.py:188} INFO - [2026-04-25T08:53:20.553+0000] {dag.py:3096} INFO - Sync 1 DAGs
[2026-04-25T08:53:20.579+0000] {logging_mixin.py:188} INFO - [2026-04-25T08:53:20.579+0000] {dag.py:3954} INFO - Setting next_dagrun for example_sla_dag to 2026-04-25 08:50:00+00:00, run_after=2026-04-25 08:52:00+00:00
[2026-04-25T08:53:20.599+0000] {processor.py:183} INFO - Processing /home/airflow/.local/lib/python3.12/site-packages/airflow/example_dags/example_sla_dag.py took 0.084 seconds
[2026-04-25T08:53:50.985+0000] {processor.py:161} INFO - Started process (PID=2450) to work on /home/airflow/.local/lib/python3.12/site-packages/airflow/example_dags/example_sla_dag.py
[2026-04-25T08:53:50.985+0000] {processor.py:830} INFO - Processing file /home/airflow/.local/lib/python3.12/site-packages/airflow/example_dags/example_sla_dag.py for tasks to queue
[2026-04-25T08:53:50.987+0000] {logging_mixin.py:188} INFO - [2026-04-25T08:53:50.986+0000] {dagbag.py:545} INFO - Filling up the DagBag from /home/airflow/.local/lib/python3.12/site-packages/airflow/example_dags/example_sla_dag.py
[2026-04-25T08:53:50.994+0000] {processor.py:840} INFO - DAG(s) 'example_sla_dag' retrieved from /home/airflow/.local/lib/python3.12/site-packages/airflow/example_dags/example_sla_dag.py
[2026-04-25T08:53:51.012+0000] {logging_mixin.py:188} INFO - [2026-04-25T08:53:51.012+0000] {dag.py:3096} INFO - Sync 1 DAGs
[2026-04-25T08:53:51.036+0000] {logging_mixin.py:188} INFO - [2026-04-25T08:53:51.036+0000] {dag.py:3954} INFO - Setting next_dagrun for example_sla_dag to 2026-04-25 08:50:00+00:00, run_after=2026-04-25 08:52:00+00:00
[2026-04-25T08:53:51.052+0000] {processor.py:183} INFO - Processing /home/airflow/.local/lib/python3.12/site-packages/airflow/example_dags/example_sla_dag.py took 0.072 seconds
[2026-04-25T08:54:21.349+0000] {processor.py:161} INFO - Started process (PID=2507) to work on /home/airflow/.local/lib/python3.12/site-packages/airflow/example_dags/example_sla_dag.py
[2026-04-25T08:54:21.350+0000] {processor.py:830} INFO - Processing file /home/airflow/.local/lib/python3.12/site-packages/airflow/example_dags/example_sla_dag.py for tasks to queue
[2026-04-25T08:54:21.351+0000] {logging_mixin.py:188} INFO - [2026-04-25T08:54:21.351+0000] {dagbag.py:545} INFO - Filling up the DagBag from /home/airflow/.local/lib/python3.12/site-packages/airflow/example_dags/example_sla_dag.py
[2026-04-25T08:54:21.358+0000] {processor.py:840} INFO - DAG(s) 'example_sla_dag' retrieved from /home/airflow/.local/lib/python3.12/site-packages/airflow/example_dags/example_sla_dag.py
[2026-04-25T08:54:21.382+0000] {logging_mixin.py:188} INFO - [2026-04-25T08:54:21.381+0000] {dag.py:3096} INFO - Sync 1 DAGs
[2026-04-25T08:54:21.413+0000] {logging_mixin.py:188} INFO - [2026-04-25T08:54:21.412+0000] {dag.py:3954} INFO - Setting next_dagrun for example_sla_dag to 2026-04-25 08:52:00+00:00, run_after=2026-04-25 08:54:00+00:00
[2026-04-25T08:54:21.431+0000] {processor.py:183} INFO - Processing /home/airflow/.local/lib/python3.12/site-packages/airflow/example_dags/example_sla_dag.py took 0.088 seconds
[2026-04-25T08:54:51.962+0000] {processor.py:161} INFO - Started process (PID=2565) to work on /home/airflow/.local/lib/python3.12/site-packages/airflow/example_dags/example_sla_dag.py
[2026-04-25T08:54:51.963+0000] {processor.py:830} INFO - Processing file /home/airflow/.local/lib/python3.12/site-packages/airflow/example_dags/example_sla_dag.py for tasks to queue
[2026-04-25T08:54:51.965+0000] {logging_mixin.py:188} INFO - [2026-04-25T08:54:51.965+0000] {dagbag.py:545} INFO - Filling up the DagBag from /home/airflow/.local/lib/python3.12/site-packages/airflow/example_dags/example_sla_dag.py
[2026-04-25T08:54:51.975+0000] {processor.py:840} INFO - DAG(s) 'example_sla_dag' retrieved from /home/airflow/.local/lib/python3.12/site-packages/airflow/example_dags/example_sla_dag.py
[2026-04-25T08:54:51.995+0000] {logging_mixin.py:188} INFO - [2026-04-25T08:54:51.995+0000] {dag.py:3096} INFO - Sync 1 DAGs
[2026-04-25T08:54:52.018+0000] {logging_mixin.py:188} INFO - [2026-04-25T08:54:52.017+0000] {dag.py:3954} INFO - Setting next_dagrun for example_sla_dag to 2026-04-25 08:52:00+00:00, run_after=2026-04-25 08:54:00+00:00
[2026-04-25T08:54:52.033+0000] {processor.py:183} INFO - Processing /home/airflow/.local/lib/python3.12/site-packages/airflow/example_dags/example_sla_dag.py took 0.076 seconds
[2026-04-25T08:55:22.378+0000] {processor.py:161} INFO - Started process (PID=2623) to work on /home/airflow/.local/lib/python3.12/site-packages/airflow/example_dags/example_sla_dag.py
[2026-04-25T08:55:22.379+0000] {processor.py:830} INFO - Processing file /home/airflow/.local/lib/python3.12/site-packages/airflow/example_dags/example_sla_dag.py for tasks to queue
[2026-04-25T08:55:22.381+0000] {logging_mixin.py:188} INFO - [2026-04-25T08:55:22.380+0000] {dagbag.py:545} INFO - Filling up the DagBag from /home/airflow/.local/lib/python3.12/site-packages/airflow/example_dags/example_sla_dag.py
[2026-04-25T08:55:22.387+0000] {processor.py:840} INFO - DAG(s) 'example_sla_dag' retrieved from /home/airflow/.local/lib/python3.12/site-packages/airflow/example_dags/example_sla_dag.py
[2026-04-25T08:55:22.404+0000] {logging_mixin.py:188} INFO - [2026-04-25T08:55:22.403+0000] {dag.py:3096} INFO - Sync 1 DAGs
[2026-04-25T08:55:22.429+0000] {logging_mixin.py:188} INFO - [2026-04-25T08:55:22.429+0000] {dag.py:3954} INFO - Setting next_dagrun for example_sla_dag to 2026-04-25 08:52:00+00:00, run_after=2026-04-25 08:54:00+00:00
[2026-04-25T08:55:22.443+0000] {processor.py:183} INFO - Processing /home/airflow/.local/lib/python3.12/site-packages/airflow/example_dags/example_sla_dag.py took 0.071 seconds
