[2026-04-25T08:33:03.224+0000] {processor.py:161} INFO - Started process (PID=78) to work on /home/airflow/.local/lib/python3.12/site-packages/airflow/example_dags/example_branch_day_of_week_operator.py
[2026-04-25T08:33:03.225+0000] {processor.py:830} INFO - Processing file /home/airflow/.local/lib/python3.12/site-packages/airflow/example_dags/example_branch_day_of_week_operator.py for tasks to queue
[2026-04-25T08:33:03.231+0000] {logging_mixin.py:188} INFO - [2026-04-25T08:33:03.230+0000] {dagbag.py:545} INFO - Filling up the DagBag from /home/airflow/.local/lib/python3.12/site-packages/airflow/example_dags/example_branch_day_of_week_operator.py
[2026-04-25T08:33:03.246+0000] {processor.py:840} INFO - DAG(s) 'example_weekday_branch_operator' retrieved from /home/airflow/.local/lib/python3.12/site-packages/airflow/example_dags/example_branch_day_of_week_operator.py
[2026-04-25T08:33:03.459+0000] {logging_mixin.py:188} INFO - [2026-04-25T08:33:03.458+0000] {dag.py:3096} INFO - Sync 1 DAGs
[2026-04-25T08:33:03.527+0000] {logging_mixin.py:188} INFO - [2026-04-25T08:33:03.527+0000] {dag.py:3954} INFO - Setting next_dagrun for example_weekday_branch_operator to 2026-04-24 00:00:00+00:00, run_after=2026-04-25 00:00:00+00:00
[2026-04-25T08:33:03.548+0000] {processor.py:183} INFO - Processing /home/airflow/.local/lib/python3.12/site-packages/airflow/example_dags/example_branch_day_of_week_operator.py took 0.333 seconds
[2026-04-25T08:33:33.992+0000] {processor.py:161} INFO - Started process (PID=136) to work on /home/airflow/.local/lib/python3.12/site-packages/airflow/example_dags/example_branch_day_of_week_operator.py
[2026-04-25T08:33:33.992+0000] {processor.py:830} INFO - Processing file /home/airflow/.local/lib/python3.12/site-packages/airflow/example_dags/example_branch_day_of_week_operator.py for tasks to queue
[2026-04-25T08:33:33.994+0000] {logging_mixin.py:188} INFO - [2026-04-25T08:33:33.994+0000] {dagbag.py:545} INFO - Filling up the DagBag from /home/airflow/.local/lib/python3.12/site-packages/airflow/example_dags/example_branch_day_of_week_operator.py
[2026-04-25T08:33:34.002+0000] {processor.py:840} INFO - DAG(s) 'example_weekday_branch_operator' retrieved from /home/airflow/.local/lib/python3.12/site-packages/airflow/example_dags/example_branch_day_of_week_operator.py
[2026-04-25T08:33:34.022+0000] {logging_mixin.py:188} INFO - [2026-04-25T08:33:34.022+0000] {dag.py:3096} INFO - Sync 1 DAGs
[2026-04-25T08:33:34.041+0000] {logging_mixin.py:188} INFO - [2026-04-25T08:33:34.041+0000] {dag.py:3954} INFO - Setting next_dagrun for example_weekday_branch_operator to 2026-04-24 00:00:00+00:00, run_after=2026-04-25 00:00:00+00:00
[2026-04-25T08:33:34.056+0000] {processor.py:183} INFO - Processing /home/airflow/.local/lib/python3.12/site-packages/airflow/example_dags/example_branch_day_of_week_operator.py took 0.070 seconds
[2026-04-25T08:34:04.195+0000] {processor.py:161} INFO - Started process (PID=194) to work on /home/airflow/.local/lib/python3.12/site-packages/airflow/example_dags/example_branch_day_of_week_operator.py
[2026-04-25T08:34:04.196+0000] {processor.py:830} INFO - Processing file /home/airflow/.local/lib/python3.12/site-packages/airflow/example_dags/example_branch_day_of_week_operator.py for tasks to queue
[2026-04-25T08:34:04.198+0000] {logging_mixin.py:188} INFO - [2026-04-25T08:34:04.197+0000] {dagbag.py:545} INFO - Filling up the DagBag from /home/airflow/.local/lib/python3.12/site-packages/airflow/example_dags/example_branch_day_of_week_operator.py
[2026-04-25T08:34:04.207+0000] {processor.py:840} INFO - DAG(s) 'example_weekday_branch_operator' retrieved from /home/airflow/.local/lib/python3.12/site-packages/airflow/example_dags/example_branch_day_of_week_operator.py
[2026-04-25T08:34:04.232+0000] {logging_mixin.py:188} INFO - [2026-04-25T08:34:04.232+0000] {dag.py:3096} INFO - Sync 1 DAGs
[2026-04-25T08:34:04.263+0000] {logging_mixin.py:188} INFO - [2026-04-25T08:34:04.263+0000] {dag.py:3954} INFO - Setting next_dagrun for example_weekday_branch_operator to 2026-04-24 00:00:00+00:00, run_after=2026-04-25 00:00:00+00:00
[2026-04-25T08:34:04.283+0000] {processor.py:183} INFO - Processing /home/airflow/.local/lib/python3.12/site-packages/airflow/example_dags/example_branch_day_of_week_operator.py took 0.095 seconds
[2026-04-25T08:34:34.307+0000] {processor.py:161} INFO - Started process (PID=252) to work on /home/airflow/.local/lib/python3.12/site-packages/airflow/example_dags/example_branch_day_of_week_operator.py
[2026-04-25T08:34:34.308+0000] {processor.py:830} INFO - Processing file /home/airflow/.local/lib/python3.12/site-packages/airflow/example_dags/example_branch_day_of_week_operator.py for tasks to queue
[2026-04-25T08:34:34.309+0000] {logging_mixin.py:188} INFO - [2026-04-25T08:34:34.309+0000] {dagbag.py:545} INFO - Filling up the DagBag from /home/airflow/.local/lib/python3.12/site-packages/airflow/example_dags/example_branch_day_of_week_operator.py
[2026-04-25T08:34:34.315+0000] {processor.py:840} INFO - DAG(s) 'example_weekday_branch_operator' retrieved from /home/airflow/.local/lib/python3.12/site-packages/airflow/example_dags/example_branch_day_of_week_operator.py
[2026-04-25T08:34:34.333+0000] {logging_mixin.py:188} INFO - [2026-04-25T08:34:34.333+0000] {dag.py:3096} INFO - Sync 1 DAGs
[2026-04-25T08:34:34.351+0000] {logging_mixin.py:188} INFO - [2026-04-25T08:34:34.351+0000] {dag.py:3954} INFO - Setting next_dagrun for example_weekday_branch_operator to 2026-04-24 00:00:00+00:00, run_after=2026-04-25 00:00:00+00:00
[2026-04-25T08:34:34.365+0000] {processor.py:183} INFO - Processing /home/airflow/.local/lib/python3.12/site-packages/airflow/example_dags/example_branch_day_of_week_operator.py took 0.063 seconds
[2026-04-25T08:35:05.047+0000] {processor.py:161} INFO - Started process (PID=310) to work on /home/airflow/.local/lib/python3.12/site-packages/airflow/example_dags/example_branch_day_of_week_operator.py
[2026-04-25T08:35:05.047+0000] {processor.py:830} INFO - Processing file /home/airflow/.local/lib/python3.12/site-packages/airflow/example_dags/example_branch_day_of_week_operator.py for tasks to queue
[2026-04-25T08:35:05.049+0000] {logging_mixin.py:188} INFO - [2026-04-25T08:35:05.049+0000] {dagbag.py:545} INFO - Filling up the DagBag from /home/airflow/.local/lib/python3.12/site-packages/airflow/example_dags/example_branch_day_of_week_operator.py
[2026-04-25T08:35:05.059+0000] {processor.py:840} INFO - DAG(s) 'example_weekday_branch_operator' retrieved from /home/airflow/.local/lib/python3.12/site-packages/airflow/example_dags/example_branch_day_of_week_operator.py
[2026-04-25T08:35:05.083+0000] {logging_mixin.py:188} INFO - [2026-04-25T08:35:05.083+0000] {dag.py:3096} INFO - Sync 1 DAGs
[2026-04-25T08:35:05.114+0000] {logging_mixin.py:188} INFO - [2026-04-25T08:35:05.114+0000] {dag.py:3954} INFO - Setting next_dagrun for example_weekday_branch_operator to 2026-04-24 00:00:00+00:00, run_after=2026-04-25 00:00:00+00:00
[2026-04-25T08:35:05.135+0000] {processor.py:183} INFO - Processing /home/airflow/.local/lib/python3.12/site-packages/airflow/example_dags/example_branch_day_of_week_operator.py took 0.095 seconds
[2026-04-25T08:35:35.242+0000] {processor.py:161} INFO - Started process (PID=368) to work on /home/airflow/.local/lib/python3.12/site-packages/airflow/example_dags/example_branch_day_of_week_operator.py
[2026-04-25T08:35:35.242+0000] {processor.py:830} INFO - Processing file /home/airflow/.local/lib/python3.12/site-packages/airflow/example_dags/example_branch_day_of_week_operator.py for tasks to queue
[2026-04-25T08:35:35.244+0000] {logging_mixin.py:188} INFO - [2026-04-25T08:35:35.243+0000] {dagbag.py:545} INFO - Filling up the DagBag from /home/airflow/.local/lib/python3.12/site-packages/airflow/example_dags/example_branch_day_of_week_operator.py
[2026-04-25T08:35:35.250+0000] {processor.py:840} INFO - DAG(s) 'example_weekday_branch_operator' retrieved from /home/airflow/.local/lib/python3.12/site-packages/airflow/example_dags/example_branch_day_of_week_operator.py
[2026-04-25T08:35:35.272+0000] {logging_mixin.py:188} INFO - [2026-04-25T08:35:35.272+0000] {dag.py:3096} INFO - Sync 1 DAGs
[2026-04-25T08:35:35.295+0000] {logging_mixin.py:188} INFO - [2026-04-25T08:35:35.295+0000] {dag.py:3954} INFO - Setting next_dagrun for example_weekday_branch_operator to 2026-04-24 00:00:00+00:00, run_after=2026-04-25 00:00:00+00:00
[2026-04-25T08:35:35.309+0000] {processor.py:183} INFO - Processing /home/airflow/.local/lib/python3.12/site-packages/airflow/example_dags/example_branch_day_of_week_operator.py took 0.073 seconds
[2026-04-25T08:36:05.356+0000] {processor.py:161} INFO - Started process (PID=426) to work on /home/airflow/.local/lib/python3.12/site-packages/airflow/example_dags/example_branch_day_of_week_operator.py
[2026-04-25T08:36:05.357+0000] {processor.py:830} INFO - Processing file /home/airflow/.local/lib/python3.12/site-packages/airflow/example_dags/example_branch_day_of_week_operator.py for tasks to queue
[2026-04-25T08:36:05.358+0000] {logging_mixin.py:188} INFO - [2026-04-25T08:36:05.358+0000] {dagbag.py:545} INFO - Filling up the DagBag from /home/airflow/.local/lib/python3.12/site-packages/airflow/example_dags/example_branch_day_of_week_operator.py
[2026-04-25T08:36:05.364+0000] {processor.py:840} INFO - DAG(s) 'example_weekday_branch_operator' retrieved from /home/airflow/.local/lib/python3.12/site-packages/airflow/example_dags/example_branch_day_of_week_operator.py
[2026-04-25T08:36:05.384+0000] {logging_mixin.py:188} INFO - [2026-04-25T08:36:05.384+0000] {dag.py:3096} INFO - Sync 1 DAGs
[2026-04-25T08:36:05.409+0000] {logging_mixin.py:188} INFO - [2026-04-25T08:36:05.408+0000] {dag.py:3954} INFO - Setting next_dagrun for example_weekday_branch_operator to 2026-04-24 00:00:00+00:00, run_after=2026-04-25 00:00:00+00:00
[2026-04-25T08:36:05.423+0000] {processor.py:183} INFO - Processing /home/airflow/.local/lib/python3.12/site-packages/airflow/example_dags/example_branch_day_of_week_operator.py took 0.072 seconds
[2026-04-25T08:36:35.965+0000] {processor.py:161} INFO - Started process (PID=484) to work on /home/airflow/.local/lib/python3.12/site-packages/airflow/example_dags/example_branch_day_of_week_operator.py
[2026-04-25T08:36:35.965+0000] {processor.py:830} INFO - Processing file /home/airflow/.local/lib/python3.12/site-packages/airflow/example_dags/example_branch_day_of_week_operator.py for tasks to queue
[2026-04-25T08:36:35.967+0000] {logging_mixin.py:188} INFO - [2026-04-25T08:36:35.966+0000] {dagbag.py:545} INFO - Filling up the DagBag from /home/airflow/.local/lib/python3.12/site-packages/airflow/example_dags/example_branch_day_of_week_operator.py
[2026-04-25T08:36:35.973+0000] {processor.py:840} INFO - DAG(s) 'example_weekday_branch_operator' retrieved from /home/airflow/.local/lib/python3.12/site-packages/airflow/example_dags/example_branch_day_of_week_operator.py
[2026-04-25T08:36:35.993+0000] {logging_mixin.py:188} INFO - [2026-04-25T08:36:35.992+0000] {dag.py:3096} INFO - Sync 1 DAGs
[2026-04-25T08:36:36.014+0000] {logging_mixin.py:188} INFO - [2026-04-25T08:36:36.014+0000] {dag.py:3954} INFO - Setting next_dagrun for example_weekday_branch_operator to 2026-04-24 00:00:00+00:00, run_after=2026-04-25 00:00:00+00:00
[2026-04-25T08:36:36.031+0000] {processor.py:183} INFO - Processing /home/airflow/.local/lib/python3.12/site-packages/airflow/example_dags/example_branch_day_of_week_operator.py took 0.071 seconds
[2026-04-25T08:37:06.200+0000] {processor.py:161} INFO - Started process (PID=542) to work on /home/airflow/.local/lib/python3.12/site-packages/airflow/example_dags/example_branch_day_of_week_operator.py
[2026-04-25T08:37:06.200+0000] {processor.py:830} INFO - Processing file /home/airflow/.local/lib/python3.12/site-packages/airflow/example_dags/example_branch_day_of_week_operator.py for tasks to queue
[2026-04-25T08:37:06.202+0000] {logging_mixin.py:188} INFO - [2026-04-25T08:37:06.202+0000] {dagbag.py:545} INFO - Filling up the DagBag from /home/airflow/.local/lib/python3.12/site-packages/airflow/example_dags/example_branch_day_of_week_operator.py
[2026-04-25T08:37:06.213+0000] {processor.py:840} INFO - DAG(s) 'example_weekday_branch_operator' retrieved from /home/airflow/.local/lib/python3.12/site-packages/airflow/example_dags/example_branch_day_of_week_operator.py
[2026-04-25T08:37:06.239+0000] {logging_mixin.py:188} INFO - [2026-04-25T08:37:06.238+0000] {dag.py:3096} INFO - Sync 1 DAGs
[2026-04-25T08:37:06.261+0000] {logging_mixin.py:188} INFO - [2026-04-25T08:37:06.261+0000] {dag.py:3954} INFO - Setting next_dagrun for example_weekday_branch_operator to 2026-04-24 00:00:00+00:00, run_after=2026-04-25 00:00:00+00:00
[2026-04-25T08:37:06.276+0000] {processor.py:183} INFO - Processing /home/airflow/.local/lib/python3.12/site-packages/airflow/example_dags/example_branch_day_of_week_operator.py took 0.084 seconds
[2026-04-25T08:37:36.591+0000] {processor.py:161} INFO - Started process (PID=600) to work on /home/airflow/.local/lib/python3.12/site-packages/airflow/example_dags/example_branch_day_of_week_operator.py
[2026-04-25T08:37:36.592+0000] {processor.py:830} INFO - Processing file /home/airflow/.local/lib/python3.12/site-packages/airflow/example_dags/example_branch_day_of_week_operator.py for tasks to queue
[2026-04-25T08:37:36.594+0000] {logging_mixin.py:188} INFO - [2026-04-25T08:37:36.593+0000] {dagbag.py:545} INFO - Filling up the DagBag from /home/airflow/.local/lib/python3.12/site-packages/airflow/example_dags/example_branch_day_of_week_operator.py
[2026-04-25T08:37:36.602+0000] {processor.py:840} INFO - DAG(s) 'example_weekday_branch_operator' retrieved from /home/airflow/.local/lib/python3.12/site-packages/airflow/example_dags/example_branch_day_of_week_operator.py
[2026-04-25T08:37:36.629+0000] {logging_mixin.py:188} INFO - [2026-04-25T08:37:36.628+0000] {dag.py:3096} INFO - Sync 1 DAGs
[2026-04-25T08:37:36.655+0000] {logging_mixin.py:188} INFO - [2026-04-25T08:37:36.655+0000] {dag.py:3954} INFO - Setting next_dagrun for example_weekday_branch_operator to 2026-04-24 00:00:00+00:00, run_after=2026-04-25 00:00:00+00:00
[2026-04-25T08:37:36.674+0000] {processor.py:183} INFO - Processing /home/airflow/.local/lib/python3.12/site-packages/airflow/example_dags/example_branch_day_of_week_operator.py took 0.090 seconds
[2026-04-25T08:38:06.967+0000] {processor.py:161} INFO - Started process (PID=658) to work on /home/airflow/.local/lib/python3.12/site-packages/airflow/example_dags/example_branch_day_of_week_operator.py
[2026-04-25T08:38:06.968+0000] {processor.py:830} INFO - Processing file /home/airflow/.local/lib/python3.12/site-packages/airflow/example_dags/example_branch_day_of_week_operator.py for tasks to queue
[2026-04-25T08:38:06.969+0000] {logging_mixin.py:188} INFO - [2026-04-25T08:38:06.969+0000] {dagbag.py:545} INFO - Filling up the DagBag from /home/airflow/.local/lib/python3.12/site-packages/airflow/example_dags/example_branch_day_of_week_operator.py
[2026-04-25T08:38:06.978+0000] {processor.py:840} INFO - DAG(s) 'example_weekday_branch_operator' retrieved from /home/airflow/.local/lib/python3.12/site-packages/airflow/example_dags/example_branch_day_of_week_operator.py
[2026-04-25T08:38:07.006+0000] {logging_mixin.py:188} INFO - [2026-04-25T08:38:07.006+0000] {dag.py:3096} INFO - Sync 1 DAGs
[2026-04-25T08:38:07.040+0000] {logging_mixin.py:188} INFO - [2026-04-25T08:38:07.039+0000] {dag.py:3954} INFO - Setting next_dagrun for example_weekday_branch_operator to 2026-04-24 00:00:00+00:00, run_after=2026-04-25 00:00:00+00:00
[2026-04-25T08:38:07.064+0000] {processor.py:183} INFO - Processing /home/airflow/.local/lib/python3.12/site-packages/airflow/example_dags/example_branch_day_of_week_operator.py took 0.104 seconds
[2026-04-25T08:38:37.247+0000] {processor.py:161} INFO - Started process (PID=716) to work on /home/airflow/.local/lib/python3.12/site-packages/airflow/example_dags/example_branch_day_of_week_operator.py
[2026-04-25T08:38:37.247+0000] {processor.py:830} INFO - Processing file /home/airflow/.local/lib/python3.12/site-packages/airflow/example_dags/example_branch_day_of_week_operator.py for tasks to queue
[2026-04-25T08:38:37.249+0000] {logging_mixin.py:188} INFO - [2026-04-25T08:38:37.249+0000] {dagbag.py:545} INFO - Filling up the DagBag from /home/airflow/.local/lib/python3.12/site-packages/airflow/example_dags/example_branch_day_of_week_operator.py
[2026-04-25T08:38:37.256+0000] {processor.py:840} INFO - DAG(s) 'example_weekday_branch_operator' retrieved from /home/airflow/.local/lib/python3.12/site-packages/airflow/example_dags/example_branch_day_of_week_operator.py
[2026-04-25T08:38:37.279+0000] {logging_mixin.py:188} INFO - [2026-04-25T08:38:37.278+0000] {dag.py:3096} INFO - Sync 1 DAGs
[2026-04-25T08:38:37.306+0000] {logging_mixin.py:188} INFO - [2026-04-25T08:38:37.306+0000] {dag.py:3954} INFO - Setting next_dagrun for example_weekday_branch_operator to 2026-04-24 00:00:00+00:00, run_after=2026-04-25 00:00:00+00:00
[2026-04-25T08:38:37.338+0000] {processor.py:183} INFO - Processing /home/airflow/.local/lib/python3.12/site-packages/airflow/example_dags/example_branch_day_of_week_operator.py took 0.096 seconds
[2026-04-25T08:39:07.755+0000] {processor.py:161} INFO - Started process (PID=774) to work on /home/airflow/.local/lib/python3.12/site-packages/airflow/example_dags/example_branch_day_of_week_operator.py
[2026-04-25T08:39:07.756+0000] {processor.py:830} INFO - Processing file /home/airflow/.local/lib/python3.12/site-packages/airflow/example_dags/example_branch_day_of_week_operator.py for tasks to queue
[2026-04-25T08:39:07.757+0000] {logging_mixin.py:188} INFO - [2026-04-25T08:39:07.757+0000] {dagbag.py:545} INFO - Filling up the DagBag from /home/airflow/.local/lib/python3.12/site-packages/airflow/example_dags/example_branch_day_of_week_operator.py
[2026-04-25T08:39:07.764+0000] {processor.py:840} INFO - DAG(s) 'example_weekday_branch_operator' retrieved from /home/airflow/.local/lib/python3.12/site-packages/airflow/example_dags/example_branch_day_of_week_operator.py
[2026-04-25T08:39:07.784+0000] {logging_mixin.py:188} INFO - [2026-04-25T08:39:07.784+0000] {dag.py:3096} INFO - Sync 1 DAGs
[2026-04-25T08:39:07.807+0000] {logging_mixin.py:188} INFO - [2026-04-25T08:39:07.807+0000] {dag.py:3954} INFO - Setting next_dagrun for example_weekday_branch_operator to 2026-04-24 00:00:00+00:00, run_after=2026-04-25 00:00:00+00:00
[2026-04-25T08:39:07.821+0000] {processor.py:183} INFO - Processing /home/airflow/.local/lib/python3.12/site-packages/airflow/example_dags/example_branch_day_of_week_operator.py took 0.071 seconds
[2026-04-25T08:39:38.043+0000] {processor.py:161} INFO - Started process (PID=832) to work on /home/airflow/.local/lib/python3.12/site-packages/airflow/example_dags/example_branch_day_of_week_operator.py
[2026-04-25T08:39:38.044+0000] {processor.py:830} INFO - Processing file /home/airflow/.local/lib/python3.12/site-packages/airflow/example_dags/example_branch_day_of_week_operator.py for tasks to queue
[2026-04-25T08:39:38.045+0000] {logging_mixin.py:188} INFO - [2026-04-25T08:39:38.045+0000] {dagbag.py:545} INFO - Filling up the DagBag from /home/airflow/.local/lib/python3.12/site-packages/airflow/example_dags/example_branch_day_of_week_operator.py
[2026-04-25T08:39:38.053+0000] {processor.py:840} INFO - DAG(s) 'example_weekday_branch_operator' retrieved from /home/airflow/.local/lib/python3.12/site-packages/airflow/example_dags/example_branch_day_of_week_operator.py
[2026-04-25T08:39:38.071+0000] {logging_mixin.py:188} INFO - [2026-04-25T08:39:38.070+0000] {dag.py:3096} INFO - Sync 1 DAGs
[2026-04-25T08:39:38.095+0000] {logging_mixin.py:188} INFO - [2026-04-25T08:39:38.095+0000] {dag.py:3954} INFO - Setting next_dagrun for example_weekday_branch_operator to 2026-04-24 00:00:00+00:00, run_after=2026-04-25 00:00:00+00:00
[2026-04-25T08:39:38.117+0000] {processor.py:183} INFO - Processing /home/airflow/.local/lib/python3.12/site-packages/airflow/example_dags/example_branch_day_of_week_operator.py took 0.078 seconds
[2026-04-25T08:40:08.272+0000] {processor.py:161} INFO - Started process (PID=890) to work on /home/airflow/.local/lib/python3.12/site-packages/airflow/example_dags/example_branch_day_of_week_operator.py
[2026-04-25T08:40:08.272+0000] {processor.py:830} INFO - Processing file /home/airflow/.local/lib/python3.12/site-packages/airflow/example_dags/example_branch_day_of_week_operator.py for tasks to queue
[2026-04-25T08:40:08.274+0000] {logging_mixin.py:188} INFO - [2026-04-25T08:40:08.274+0000] {dagbag.py:545} INFO - Filling up the DagBag from /home/airflow/.local/lib/python3.12/site-packages/airflow/example_dags/example_branch_day_of_week_operator.py
[2026-04-25T08:40:08.282+0000] {processor.py:840} INFO - DAG(s) 'example_weekday_branch_operator' retrieved from /home/airflow/.local/lib/python3.12/site-packages/airflow/example_dags/example_branch_day_of_week_operator.py
[2026-04-25T08:40:08.301+0000] {logging_mixin.py:188} INFO - [2026-04-25T08:40:08.301+0000] {dag.py:3096} INFO - Sync 1 DAGs
[2026-04-25T08:40:08.321+0000] {logging_mixin.py:188} INFO - [2026-04-25T08:40:08.321+0000] {dag.py:3954} INFO - Setting next_dagrun for example_weekday_branch_operator to 2026-04-24 00:00:00+00:00, run_after=2026-04-25 00:00:00+00:00
[2026-04-25T08:40:08.336+0000] {processor.py:183} INFO - Processing /home/airflow/.local/lib/python3.12/site-packages/airflow/example_dags/example_branch_day_of_week_operator.py took 0.069 seconds
[2026-04-25T08:40:38.757+0000] {processor.py:161} INFO - Started process (PID=948) to work on /home/airflow/.local/lib/python3.12/site-packages/airflow/example_dags/example_branch_day_of_week_operator.py
[2026-04-25T08:40:38.758+0000] {processor.py:830} INFO - Processing file /home/airflow/.local/lib/python3.12/site-packages/airflow/example_dags/example_branch_day_of_week_operator.py for tasks to queue
[2026-04-25T08:40:38.759+0000] {logging_mixin.py:188} INFO - [2026-04-25T08:40:38.759+0000] {dagbag.py:545} INFO - Filling up the DagBag from /home/airflow/.local/lib/python3.12/site-packages/airflow/example_dags/example_branch_day_of_week_operator.py
[2026-04-25T08:40:38.766+0000] {processor.py:840} INFO - DAG(s) 'example_weekday_branch_operator' retrieved from /home/airflow/.local/lib/python3.12/site-packages/airflow/example_dags/example_branch_day_of_week_operator.py
[2026-04-25T08:40:38.786+0000] {logging_mixin.py:188} INFO - [2026-04-25T08:40:38.785+0000] {dag.py:3096} INFO - Sync 1 DAGs
[2026-04-25T08:40:38.816+0000] {logging_mixin.py:188} INFO - [2026-04-25T08:40:38.816+0000] {dag.py:3954} INFO - Setting next_dagrun for example_weekday_branch_operator to 2026-04-24 00:00:00+00:00, run_after=2026-04-25 00:00:00+00:00
[2026-04-25T08:40:38.835+0000] {processor.py:183} INFO - Processing /home/airflow/.local/lib/python3.12/site-packages/airflow/example_dags/example_branch_day_of_week_operator.py took 0.082 seconds
[2026-04-25T08:41:09.204+0000] {processor.py:161} INFO - Started process (PID=1006) to work on /home/airflow/.local/lib/python3.12/site-packages/airflow/example_dags/example_branch_day_of_week_operator.py
[2026-04-25T08:41:09.205+0000] {processor.py:830} INFO - Processing file /home/airflow/.local/lib/python3.12/site-packages/airflow/example_dags/example_branch_day_of_week_operator.py for tasks to queue
[2026-04-25T08:41:09.207+0000] {logging_mixin.py:188} INFO - [2026-04-25T08:41:09.207+0000] {dagbag.py:545} INFO - Filling up the DagBag from /home/airflow/.local/lib/python3.12/site-packages/airflow/example_dags/example_branch_day_of_week_operator.py
[2026-04-25T08:41:09.216+0000] {processor.py:840} INFO - DAG(s) 'example_weekday_branch_operator' retrieved from /home/airflow/.local/lib/python3.12/site-packages/airflow/example_dags/example_branch_day_of_week_operator.py
[2026-04-25T08:41:09.239+0000] {logging_mixin.py:188} INFO - [2026-04-25T08:41:09.239+0000] {dag.py:3096} INFO - Sync 1 DAGs
[2026-04-25T08:41:09.266+0000] {logging_mixin.py:188} INFO - [2026-04-25T08:41:09.266+0000] {dag.py:3954} INFO - Setting next_dagrun for example_weekday_branch_operator to 2026-04-24 00:00:00+00:00, run_after=2026-04-25 00:00:00+00:00
[2026-04-25T08:41:09.283+0000] {processor.py:183} INFO - Processing /home/airflow/.local/lib/python3.12/site-packages/airflow/example_dags/example_branch_day_of_week_operator.py took 0.086 seconds
[2026-04-25T08:41:39.962+0000] {processor.py:161} INFO - Started process (PID=1064) to work on /home/airflow/.local/lib/python3.12/site-packages/airflow/example_dags/example_branch_day_of_week_operator.py
[2026-04-25T08:41:39.962+0000] {processor.py:830} INFO - Processing file /home/airflow/.local/lib/python3.12/site-packages/airflow/example_dags/example_branch_day_of_week_operator.py for tasks to queue
[2026-04-25T08:41:39.964+0000] {logging_mixin.py:188} INFO - [2026-04-25T08:41:39.964+0000] {dagbag.py:545} INFO - Filling up the DagBag from /home/airflow/.local/lib/python3.12/site-packages/airflow/example_dags/example_branch_day_of_week_operator.py
[2026-04-25T08:41:39.970+0000] {processor.py:840} INFO - DAG(s) 'example_weekday_branch_operator' retrieved from /home/airflow/.local/lib/python3.12/site-packages/airflow/example_dags/example_branch_day_of_week_operator.py
[2026-04-25T08:41:39.992+0000] {logging_mixin.py:188} INFO - [2026-04-25T08:41:39.992+0000] {dag.py:3096} INFO - Sync 1 DAGs
[2026-04-25T08:41:40.012+0000] {logging_mixin.py:188} INFO - [2026-04-25T08:41:40.012+0000] {dag.py:3954} INFO - Setting next_dagrun for example_weekday_branch_operator to 2026-04-24 00:00:00+00:00, run_after=2026-04-25 00:00:00+00:00
[2026-04-25T08:41:40.027+0000] {processor.py:183} INFO - Processing /home/airflow/.local/lib/python3.12/site-packages/airflow/example_dags/example_branch_day_of_week_operator.py took 0.070 seconds
[2026-04-25T08:42:10.099+0000] {processor.py:161} INFO - Started process (PID=1122) to work on /home/airflow/.local/lib/python3.12/site-packages/airflow/example_dags/example_branch_day_of_week_operator.py
[2026-04-25T08:42:10.099+0000] {processor.py:830} INFO - Processing file /home/airflow/.local/lib/python3.12/site-packages/airflow/example_dags/example_branch_day_of_week_operator.py for tasks to queue
[2026-04-25T08:42:10.101+0000] {logging_mixin.py:188} INFO - [2026-04-25T08:42:10.101+0000] {dagbag.py:545} INFO - Filling up the DagBag from /home/airflow/.local/lib/python3.12/site-packages/airflow/example_dags/example_branch_day_of_week_operator.py
[2026-04-25T08:42:10.107+0000] {processor.py:840} INFO - DAG(s) 'example_weekday_branch_operator' retrieved from /home/airflow/.local/lib/python3.12/site-packages/airflow/example_dags/example_branch_day_of_week_operator.py
[2026-04-25T08:42:10.123+0000] {logging_mixin.py:188} INFO - [2026-04-25T08:42:10.123+0000] {dag.py:3096} INFO - Sync 1 DAGs
[2026-04-25T08:42:10.141+0000] {logging_mixin.py:188} INFO - [2026-04-25T08:42:10.141+0000] {dag.py:3954} INFO - Setting next_dagrun for example_weekday_branch_operator to 2026-04-24 00:00:00+00:00, run_after=2026-04-25 00:00:00+00:00
[2026-04-25T08:42:10.156+0000] {processor.py:183} INFO - Processing /home/airflow/.local/lib/python3.12/site-packages/airflow/example_dags/example_branch_day_of_week_operator.py took 0.062 seconds
[2026-04-25T08:42:40.675+0000] {processor.py:161} INFO - Started process (PID=1180) to work on /home/airflow/.local/lib/python3.12/site-packages/airflow/example_dags/example_branch_day_of_week_operator.py
[2026-04-25T08:42:40.676+0000] {processor.py:830} INFO - Processing file /home/airflow/.local/lib/python3.12/site-packages/airflow/example_dags/example_branch_day_of_week_operator.py for tasks to queue
[2026-04-25T08:42:40.678+0000] {logging_mixin.py:188} INFO - [2026-04-25T08:42:40.677+0000] {dagbag.py:545} INFO - Filling up the DagBag from /home/airflow/.local/lib/python3.12/site-packages/airflow/example_dags/example_branch_day_of_week_operator.py
[2026-04-25T08:42:40.685+0000] {processor.py:840} INFO - DAG(s) 'example_weekday_branch_operator' retrieved from /home/airflow/.local/lib/python3.12/site-packages/airflow/example_dags/example_branch_day_of_week_operator.py
[2026-04-25T08:42:40.702+0000] {logging_mixin.py:188} INFO - [2026-04-25T08:42:40.702+0000] {dag.py:3096} INFO - Sync 1 DAGs
[2026-04-25T08:42:40.723+0000] {logging_mixin.py:188} INFO - [2026-04-25T08:42:40.723+0000] {dag.py:3954} INFO - Setting next_dagrun for example_weekday_branch_operator to 2026-04-24 00:00:00+00:00, run_after=2026-04-25 00:00:00+00:00
[2026-04-25T08:42:40.740+0000] {processor.py:183} INFO - Processing /home/airflow/.local/lib/python3.12/site-packages/airflow/example_dags/example_branch_day_of_week_operator.py took 0.070 seconds
[2026-04-25T08:43:11.237+0000] {processor.py:161} INFO - Started process (PID=1238) to work on /home/airflow/.local/lib/python3.12/site-packages/airflow/example_dags/example_branch_day_of_week_operator.py
[2026-04-25T08:43:11.238+0000] {processor.py:830} INFO - Processing file /home/airflow/.local/lib/python3.12/site-packages/airflow/example_dags/example_branch_day_of_week_operator.py for tasks to queue
[2026-04-25T08:43:11.239+0000] {logging_mixin.py:188} INFO - [2026-04-25T08:43:11.239+0000] {dagbag.py:545} INFO - Filling up the DagBag from /home/airflow/.local/lib/python3.12/site-packages/airflow/example_dags/example_branch_day_of_week_operator.py
[2026-04-25T08:43:11.246+0000] {processor.py:840} INFO - DAG(s) 'example_weekday_branch_operator' retrieved from /home/airflow/.local/lib/python3.12/site-packages/airflow/example_dags/example_branch_day_of_week_operator.py
[2026-04-25T08:43:11.264+0000] {logging_mixin.py:188} INFO - [2026-04-25T08:43:11.264+0000] {dag.py:3096} INFO - Sync 1 DAGs
[2026-04-25T08:43:11.283+0000] {logging_mixin.py:188} INFO - [2026-04-25T08:43:11.283+0000] {dag.py:3954} INFO - Setting next_dagrun for example_weekday_branch_operator to 2026-04-24 00:00:00+00:00, run_after=2026-04-25 00:00:00+00:00
[2026-04-25T08:43:11.297+0000] {processor.py:183} INFO - Processing /home/airflow/.local/lib/python3.12/site-packages/airflow/example_dags/example_branch_day_of_week_operator.py took 0.065 seconds
[2026-04-25T08:43:41.765+0000] {processor.py:161} INFO - Started process (PID=1296) to work on /home/airflow/.local/lib/python3.12/site-packages/airflow/example_dags/example_branch_day_of_week_operator.py
[2026-04-25T08:43:41.766+0000] {processor.py:830} INFO - Processing file /home/airflow/.local/lib/python3.12/site-packages/airflow/example_dags/example_branch_day_of_week_operator.py for tasks to queue
[2026-04-25T08:43:41.767+0000] {logging_mixin.py:188} INFO - [2026-04-25T08:43:41.767+0000] {dagbag.py:545} INFO - Filling up the DagBag from /home/airflow/.local/lib/python3.12/site-packages/airflow/example_dags/example_branch_day_of_week_operator.py
[2026-04-25T08:43:41.774+0000] {processor.py:840} INFO - DAG(s) 'example_weekday_branch_operator' retrieved from /home/airflow/.local/lib/python3.12/site-packages/airflow/example_dags/example_branch_day_of_week_operator.py
[2026-04-25T08:43:41.795+0000] {logging_mixin.py:188} INFO - [2026-04-25T08:43:41.794+0000] {dag.py:3096} INFO - Sync 1 DAGs
[2026-04-25T08:43:41.817+0000] {logging_mixin.py:188} INFO - [2026-04-25T08:43:41.817+0000] {dag.py:3954} INFO - Setting next_dagrun for example_weekday_branch_operator to 2026-04-24 00:00:00+00:00, run_after=2026-04-25 00:00:00+00:00
[2026-04-25T08:43:41.835+0000] {processor.py:183} INFO - Processing /home/airflow/.local/lib/python3.12/site-packages/airflow/example_dags/example_branch_day_of_week_operator.py took 0.075 seconds
[2026-04-25T08:44:11.861+0000] {processor.py:161} INFO - Started process (PID=1354) to work on /home/airflow/.local/lib/python3.12/site-packages/airflow/example_dags/example_branch_day_of_week_operator.py
[2026-04-25T08:44:11.861+0000] {processor.py:830} INFO - Processing file /home/airflow/.local/lib/python3.12/site-packages/airflow/example_dags/example_branch_day_of_week_operator.py for tasks to queue
[2026-04-25T08:44:11.863+0000] {logging_mixin.py:188} INFO - [2026-04-25T08:44:11.862+0000] {dagbag.py:545} INFO - Filling up the DagBag from /home/airflow/.local/lib/python3.12/site-packages/airflow/example_dags/example_branch_day_of_week_operator.py
[2026-04-25T08:44:11.869+0000] {processor.py:840} INFO - DAG(s) 'example_weekday_branch_operator' retrieved from /home/airflow/.local/lib/python3.12/site-packages/airflow/example_dags/example_branch_day_of_week_operator.py
[2026-04-25T08:44:11.887+0000] {logging_mixin.py:188} INFO - [2026-04-25T08:44:11.887+0000] {dag.py:3096} INFO - Sync 1 DAGs
[2026-04-25T08:44:11.909+0000] {logging_mixin.py:188} INFO - [2026-04-25T08:44:11.909+0000] {dag.py:3954} INFO - Setting next_dagrun for example_weekday_branch_operator to 2026-04-24 00:00:00+00:00, run_after=2026-04-25 00:00:00+00:00
[2026-04-25T08:44:11.927+0000] {processor.py:183} INFO - Processing /home/airflow/.local/lib/python3.12/site-packages/airflow/example_dags/example_branch_day_of_week_operator.py took 0.071 seconds
[2026-04-25T08:44:42.703+0000] {processor.py:161} INFO - Started process (PID=1412) to work on /home/airflow/.local/lib/python3.12/site-packages/airflow/example_dags/example_branch_day_of_week_operator.py
[2026-04-25T08:44:42.704+0000] {processor.py:830} INFO - Processing file /home/airflow/.local/lib/python3.12/site-packages/airflow/example_dags/example_branch_day_of_week_operator.py for tasks to queue
[2026-04-25T08:44:42.705+0000] {logging_mixin.py:188} INFO - [2026-04-25T08:44:42.705+0000] {dagbag.py:545} INFO - Filling up the DagBag from /home/airflow/.local/lib/python3.12/site-packages/airflow/example_dags/example_branch_day_of_week_operator.py
[2026-04-25T08:44:42.711+0000] {processor.py:840} INFO - DAG(s) 'example_weekday_branch_operator' retrieved from /home/airflow/.local/lib/python3.12/site-packages/airflow/example_dags/example_branch_day_of_week_operator.py
[2026-04-25T08:44:42.728+0000] {logging_mixin.py:188} INFO - [2026-04-25T08:44:42.728+0000] {dag.py:3096} INFO - Sync 1 DAGs
[2026-04-25T08:44:42.755+0000] {logging_mixin.py:188} INFO - [2026-04-25T08:44:42.754+0000] {dag.py:3954} INFO - Setting next_dagrun for example_weekday_branch_operator to 2026-04-24 00:00:00+00:00, run_after=2026-04-25 00:00:00+00:00
[2026-04-25T08:44:42.773+0000] {processor.py:183} INFO - Processing /home/airflow/.local/lib/python3.12/site-packages/airflow/example_dags/example_branch_day_of_week_operator.py took 0.075 seconds
[2026-04-25T08:45:13.415+0000] {processor.py:161} INFO - Started process (PID=1470) to work on /home/airflow/.local/lib/python3.12/site-packages/airflow/example_dags/example_branch_day_of_week_operator.py
[2026-04-25T08:45:13.416+0000] {processor.py:830} INFO - Processing file /home/airflow/.local/lib/python3.12/site-packages/airflow/example_dags/example_branch_day_of_week_operator.py for tasks to queue
[2026-04-25T08:45:13.417+0000] {logging_mixin.py:188} INFO - [2026-04-25T08:45:13.417+0000] {dagbag.py:545} INFO - Filling up the DagBag from /home/airflow/.local/lib/python3.12/site-packages/airflow/example_dags/example_branch_day_of_week_operator.py
[2026-04-25T08:45:13.424+0000] {processor.py:840} INFO - DAG(s) 'example_weekday_branch_operator' retrieved from /home/airflow/.local/lib/python3.12/site-packages/airflow/example_dags/example_branch_day_of_week_operator.py
[2026-04-25T08:45:13.445+0000] {logging_mixin.py:188} INFO - [2026-04-25T08:45:13.445+0000] {dag.py:3096} INFO - Sync 1 DAGs
[2026-04-25T08:45:13.469+0000] {logging_mixin.py:188} INFO - [2026-04-25T08:45:13.468+0000] {dag.py:3954} INFO - Setting next_dagrun for example_weekday_branch_operator to 2026-04-24 00:00:00+00:00, run_after=2026-04-25 00:00:00+00:00
[2026-04-25T08:45:13.616+0000] {processor.py:183} INFO - Processing /home/airflow/.local/lib/python3.12/site-packages/airflow/example_dags/example_branch_day_of_week_operator.py took 0.206 seconds
[2026-04-25T08:45:44.258+0000] {processor.py:161} INFO - Started process (PID=1528) to work on /home/airflow/.local/lib/python3.12/site-packages/airflow/example_dags/example_branch_day_of_week_operator.py
[2026-04-25T08:45:44.259+0000] {processor.py:830} INFO - Processing file /home/airflow/.local/lib/python3.12/site-packages/airflow/example_dags/example_branch_day_of_week_operator.py for tasks to queue
[2026-04-25T08:45:44.260+0000] {logging_mixin.py:188} INFO - [2026-04-25T08:45:44.260+0000] {dagbag.py:545} INFO - Filling up the DagBag from /home/airflow/.local/lib/python3.12/site-packages/airflow/example_dags/example_branch_day_of_week_operator.py
[2026-04-25T08:45:44.268+0000] {processor.py:840} INFO - DAG(s) 'example_weekday_branch_operator' retrieved from /home/airflow/.local/lib/python3.12/site-packages/airflow/example_dags/example_branch_day_of_week_operator.py
[2026-04-25T08:45:44.286+0000] {logging_mixin.py:188} INFO - [2026-04-25T08:45:44.286+0000] {dag.py:3096} INFO - Sync 1 DAGs
[2026-04-25T08:45:44.306+0000] {logging_mixin.py:188} INFO - [2026-04-25T08:45:44.306+0000] {dag.py:3954} INFO - Setting next_dagrun for example_weekday_branch_operator to 2026-04-24 00:00:00+00:00, run_after=2026-04-25 00:00:00+00:00
[2026-04-25T08:45:44.322+0000] {processor.py:183} INFO - Processing /home/airflow/.local/lib/python3.12/site-packages/airflow/example_dags/example_branch_day_of_week_operator.py took 0.069 seconds
[2026-04-25T08:46:14.490+0000] {processor.py:161} INFO - Started process (PID=1586) to work on /home/airflow/.local/lib/python3.12/site-packages/airflow/example_dags/example_branch_day_of_week_operator.py
[2026-04-25T08:46:14.490+0000] {processor.py:830} INFO - Processing file /home/airflow/.local/lib/python3.12/site-packages/airflow/example_dags/example_branch_day_of_week_operator.py for tasks to queue
[2026-04-25T08:46:14.491+0000] {logging_mixin.py:188} INFO - [2026-04-25T08:46:14.491+0000] {dagbag.py:545} INFO - Filling up the DagBag from /home/airflow/.local/lib/python3.12/site-packages/airflow/example_dags/example_branch_day_of_week_operator.py
[2026-04-25T08:46:14.499+0000] {processor.py:840} INFO - DAG(s) 'example_weekday_branch_operator' retrieved from /home/airflow/.local/lib/python3.12/site-packages/airflow/example_dags/example_branch_day_of_week_operator.py
[2026-04-25T08:46:14.519+0000] {logging_mixin.py:188} INFO - [2026-04-25T08:46:14.519+0000] {dag.py:3096} INFO - Sync 1 DAGs
[2026-04-25T08:46:14.538+0000] {logging_mixin.py:188} INFO - [2026-04-25T08:46:14.538+0000] {dag.py:3954} INFO - Setting next_dagrun for example_weekday_branch_operator to 2026-04-24 00:00:00+00:00, run_after=2026-04-25 00:00:00+00:00
[2026-04-25T08:46:14.554+0000] {processor.py:183} INFO - Processing /home/airflow/.local/lib/python3.12/site-packages/airflow/example_dags/example_branch_day_of_week_operator.py took 0.070 seconds
[2026-04-25T08:46:44.795+0000] {processor.py:161} INFO - Started process (PID=1644) to work on /home/airflow/.local/lib/python3.12/site-packages/airflow/example_dags/example_branch_day_of_week_operator.py
[2026-04-25T08:46:44.796+0000] {processor.py:830} INFO - Processing file /home/airflow/.local/lib/python3.12/site-packages/airflow/example_dags/example_branch_day_of_week_operator.py for tasks to queue
[2026-04-25T08:46:44.797+0000] {logging_mixin.py:188} INFO - [2026-04-25T08:46:44.797+0000] {dagbag.py:545} INFO - Filling up the DagBag from /home/airflow/.local/lib/python3.12/site-packages/airflow/example_dags/example_branch_day_of_week_operator.py
[2026-04-25T08:46:44.803+0000] {processor.py:840} INFO - DAG(s) 'example_weekday_branch_operator' retrieved from /home/airflow/.local/lib/python3.12/site-packages/airflow/example_dags/example_branch_day_of_week_operator.py
[2026-04-25T08:46:44.822+0000] {logging_mixin.py:188} INFO - [2026-04-25T08:46:44.822+0000] {dag.py:3096} INFO - Sync 1 DAGs
[2026-04-25T08:46:44.843+0000] {logging_mixin.py:188} INFO - [2026-04-25T08:46:44.843+0000] {dag.py:3954} INFO - Setting next_dagrun for example_weekday_branch_operator to 2026-04-24 00:00:00+00:00, run_after=2026-04-25 00:00:00+00:00
[2026-04-25T08:46:44.860+0000] {processor.py:183} INFO - Processing /home/airflow/.local/lib/python3.12/site-packages/airflow/example_dags/example_branch_day_of_week_operator.py took 0.070 seconds
[2026-04-25T08:47:15.163+0000] {processor.py:161} INFO - Started process (PID=1702) to work on /home/airflow/.local/lib/python3.12/site-packages/airflow/example_dags/example_branch_day_of_week_operator.py
[2026-04-25T08:47:15.163+0000] {processor.py:830} INFO - Processing file /home/airflow/.local/lib/python3.12/site-packages/airflow/example_dags/example_branch_day_of_week_operator.py for tasks to queue
[2026-04-25T08:47:15.165+0000] {logging_mixin.py:188} INFO - [2026-04-25T08:47:15.165+0000] {dagbag.py:545} INFO - Filling up the DagBag from /home/airflow/.local/lib/python3.12/site-packages/airflow/example_dags/example_branch_day_of_week_operator.py
[2026-04-25T08:47:15.190+0000] {processor.py:840} INFO - DAG(s) 'example_weekday_branch_operator' retrieved from /home/airflow/.local/lib/python3.12/site-packages/airflow/example_dags/example_branch_day_of_week_operator.py
[2026-04-25T08:47:15.236+0000] {logging_mixin.py:188} INFO - [2026-04-25T08:47:15.235+0000] {dag.py:3096} INFO - Sync 1 DAGs
[2026-04-25T08:47:15.277+0000] {logging_mixin.py:188} INFO - [2026-04-25T08:47:15.276+0000] {dag.py:3954} INFO - Setting next_dagrun for example_weekday_branch_operator to 2026-04-24 00:00:00+00:00, run_after=2026-04-25 00:00:00+00:00
[2026-04-25T08:47:15.299+0000] {processor.py:183} INFO - Processing /home/airflow/.local/lib/python3.12/site-packages/airflow/example_dags/example_branch_day_of_week_operator.py took 0.148 seconds
[2026-04-25T08:47:45.646+0000] {processor.py:161} INFO - Started process (PID=1760) to work on /home/airflow/.local/lib/python3.12/site-packages/airflow/example_dags/example_branch_day_of_week_operator.py
[2026-04-25T08:47:45.647+0000] {processor.py:830} INFO - Processing file /home/airflow/.local/lib/python3.12/site-packages/airflow/example_dags/example_branch_day_of_week_operator.py for tasks to queue
[2026-04-25T08:47:45.649+0000] {logging_mixin.py:188} INFO - [2026-04-25T08:47:45.649+0000] {dagbag.py:545} INFO - Filling up the DagBag from /home/airflow/.local/lib/python3.12/site-packages/airflow/example_dags/example_branch_day_of_week_operator.py
[2026-04-25T08:47:45.658+0000] {processor.py:840} INFO - DAG(s) 'example_weekday_branch_operator' retrieved from /home/airflow/.local/lib/python3.12/site-packages/airflow/example_dags/example_branch_day_of_week_operator.py
[2026-04-25T08:47:45.683+0000] {logging_mixin.py:188} INFO - [2026-04-25T08:47:45.683+0000] {dag.py:3096} INFO - Sync 1 DAGs
[2026-04-25T08:47:45.711+0000] {logging_mixin.py:188} INFO - [2026-04-25T08:47:45.711+0000] {dag.py:3954} INFO - Setting next_dagrun for example_weekday_branch_operator to 2026-04-24 00:00:00+00:00, run_after=2026-04-25 00:00:00+00:00
[2026-04-25T08:47:45.731+0000] {processor.py:183} INFO - Processing /home/airflow/.local/lib/python3.12/site-packages/airflow/example_dags/example_branch_day_of_week_operator.py took 0.093 seconds
[2026-04-25T08:48:16.139+0000] {processor.py:161} INFO - Started process (PID=1818) to work on /home/airflow/.local/lib/python3.12/site-packages/airflow/example_dags/example_branch_day_of_week_operator.py
[2026-04-25T08:48:16.140+0000] {processor.py:830} INFO - Processing file /home/airflow/.local/lib/python3.12/site-packages/airflow/example_dags/example_branch_day_of_week_operator.py for tasks to queue
[2026-04-25T08:48:16.143+0000] {logging_mixin.py:188} INFO - [2026-04-25T08:48:16.142+0000] {dagbag.py:545} INFO - Filling up the DagBag from /home/airflow/.local/lib/python3.12/site-packages/airflow/example_dags/example_branch_day_of_week_operator.py
[2026-04-25T08:48:16.154+0000] {processor.py:840} INFO - DAG(s) 'example_weekday_branch_operator' retrieved from /home/airflow/.local/lib/python3.12/site-packages/airflow/example_dags/example_branch_day_of_week_operator.py
[2026-04-25T08:48:16.183+0000] {logging_mixin.py:188} INFO - [2026-04-25T08:48:16.182+0000] {dag.py:3096} INFO - Sync 1 DAGs
[2026-04-25T08:48:16.216+0000] {logging_mixin.py:188} INFO - [2026-04-25T08:48:16.215+0000] {dag.py:3954} INFO - Setting next_dagrun for example_weekday_branch_operator to 2026-04-24 00:00:00+00:00, run_after=2026-04-25 00:00:00+00:00
[2026-04-25T08:48:16.237+0000] {processor.py:183} INFO - Processing /home/airflow/.local/lib/python3.12/site-packages/airflow/example_dags/example_branch_day_of_week_operator.py took 0.105 seconds
[2026-04-25T08:48:46.316+0000] {processor.py:161} INFO - Started process (PID=1876) to work on /home/airflow/.local/lib/python3.12/site-packages/airflow/example_dags/example_branch_day_of_week_operator.py
[2026-04-25T08:48:46.317+0000] {processor.py:830} INFO - Processing file /home/airflow/.local/lib/python3.12/site-packages/airflow/example_dags/example_branch_day_of_week_operator.py for tasks to queue
[2026-04-25T08:48:46.319+0000] {logging_mixin.py:188} INFO - [2026-04-25T08:48:46.318+0000] {dagbag.py:545} INFO - Filling up the DagBag from /home/airflow/.local/lib/python3.12/site-packages/airflow/example_dags/example_branch_day_of_week_operator.py
[2026-04-25T08:48:46.325+0000] {processor.py:840} INFO - DAG(s) 'example_weekday_branch_operator' retrieved from /home/airflow/.local/lib/python3.12/site-packages/airflow/example_dags/example_branch_day_of_week_operator.py
[2026-04-25T08:48:46.344+0000] {logging_mixin.py:188} INFO - [2026-04-25T08:48:46.343+0000] {dag.py:3096} INFO - Sync 1 DAGs
[2026-04-25T08:48:46.362+0000] {logging_mixin.py:188} INFO - [2026-04-25T08:48:46.362+0000] {dag.py:3954} INFO - Setting next_dagrun for example_weekday_branch_operator to 2026-04-24 00:00:00+00:00, run_after=2026-04-25 00:00:00+00:00
[2026-04-25T08:48:46.376+0000] {processor.py:183} INFO - Processing /home/airflow/.local/lib/python3.12/site-packages/airflow/example_dags/example_branch_day_of_week_operator.py took 0.065 seconds
[2026-04-25T08:49:16.824+0000] {processor.py:161} INFO - Started process (PID=1934) to work on /home/airflow/.local/lib/python3.12/site-packages/airflow/example_dags/example_branch_day_of_week_operator.py
[2026-04-25T08:49:16.825+0000] {processor.py:830} INFO - Processing file /home/airflow/.local/lib/python3.12/site-packages/airflow/example_dags/example_branch_day_of_week_operator.py for tasks to queue
[2026-04-25T08:49:16.826+0000] {logging_mixin.py:188} INFO - [2026-04-25T08:49:16.826+0000] {dagbag.py:545} INFO - Filling up the DagBag from /home/airflow/.local/lib/python3.12/site-packages/airflow/example_dags/example_branch_day_of_week_operator.py
[2026-04-25T08:49:16.833+0000] {processor.py:840} INFO - DAG(s) 'example_weekday_branch_operator' retrieved from /home/airflow/.local/lib/python3.12/site-packages/airflow/example_dags/example_branch_day_of_week_operator.py
[2026-04-25T08:49:16.852+0000] {logging_mixin.py:188} INFO - [2026-04-25T08:49:16.851+0000] {dag.py:3096} INFO - Sync 1 DAGs
[2026-04-25T08:49:16.874+0000] {logging_mixin.py:188} INFO - [2026-04-25T08:49:16.874+0000] {dag.py:3954} INFO - Setting next_dagrun for example_weekday_branch_operator to 2026-04-24 00:00:00+00:00, run_after=2026-04-25 00:00:00+00:00
[2026-04-25T08:49:16.894+0000] {processor.py:183} INFO - Processing /home/airflow/.local/lib/python3.12/site-packages/airflow/example_dags/example_branch_day_of_week_operator.py took 0.074 seconds
[2026-04-25T08:49:47.335+0000] {processor.py:161} INFO - Started process (PID=1992) to work on /home/airflow/.local/lib/python3.12/site-packages/airflow/example_dags/example_branch_day_of_week_operator.py
[2026-04-25T08:49:47.336+0000] {processor.py:830} INFO - Processing file /home/airflow/.local/lib/python3.12/site-packages/airflow/example_dags/example_branch_day_of_week_operator.py for tasks to queue
[2026-04-25T08:49:47.337+0000] {logging_mixin.py:188} INFO - [2026-04-25T08:49:47.337+0000] {dagbag.py:545} INFO - Filling up the DagBag from /home/airflow/.local/lib/python3.12/site-packages/airflow/example_dags/example_branch_day_of_week_operator.py
[2026-04-25T08:49:47.345+0000] {processor.py:840} INFO - DAG(s) 'example_weekday_branch_operator' retrieved from /home/airflow/.local/lib/python3.12/site-packages/airflow/example_dags/example_branch_day_of_week_operator.py
[2026-04-25T08:49:47.362+0000] {logging_mixin.py:188} INFO - [2026-04-25T08:49:47.362+0000] {dag.py:3096} INFO - Sync 1 DAGs
[2026-04-25T08:49:47.381+0000] {logging_mixin.py:188} INFO - [2026-04-25T08:49:47.381+0000] {dag.py:3954} INFO - Setting next_dagrun for example_weekday_branch_operator to 2026-04-24 00:00:00+00:00, run_after=2026-04-25 00:00:00+00:00
[2026-04-25T08:49:47.395+0000] {processor.py:183} INFO - Processing /home/airflow/.local/lib/python3.12/site-packages/airflow/example_dags/example_branch_day_of_week_operator.py took 0.065 seconds
[2026-04-25T08:50:17.697+0000] {processor.py:161} INFO - Started process (PID=2050) to work on /home/airflow/.local/lib/python3.12/site-packages/airflow/example_dags/example_branch_day_of_week_operator.py
[2026-04-25T08:50:17.698+0000] {processor.py:830} INFO - Processing file /home/airflow/.local/lib/python3.12/site-packages/airflow/example_dags/example_branch_day_of_week_operator.py for tasks to queue
[2026-04-25T08:50:17.700+0000] {logging_mixin.py:188} INFO - [2026-04-25T08:50:17.699+0000] {dagbag.py:545} INFO - Filling up the DagBag from /home/airflow/.local/lib/python3.12/site-packages/airflow/example_dags/example_branch_day_of_week_operator.py
[2026-04-25T08:50:17.707+0000] {processor.py:840} INFO - DAG(s) 'example_weekday_branch_operator' retrieved from /home/airflow/.local/lib/python3.12/site-packages/airflow/example_dags/example_branch_day_of_week_operator.py
[2026-04-25T08:50:17.724+0000] {logging_mixin.py:188} INFO - [2026-04-25T08:50:17.724+0000] {dag.py:3096} INFO - Sync 1 DAGs
[2026-04-25T08:50:17.747+0000] {logging_mixin.py:188} INFO - [2026-04-25T08:50:17.747+0000] {dag.py:3954} INFO - Setting next_dagrun for example_weekday_branch_operator to 2026-04-24 00:00:00+00:00, run_after=2026-04-25 00:00:00+00:00
[2026-04-25T08:50:17.764+0000] {processor.py:183} INFO - Processing /home/airflow/.local/lib/python3.12/site-packages/airflow/example_dags/example_branch_day_of_week_operator.py took 0.073 seconds
[2026-04-25T08:50:48.231+0000] {processor.py:161} INFO - Started process (PID=2108) to work on /home/airflow/.local/lib/python3.12/site-packages/airflow/example_dags/example_branch_day_of_week_operator.py
[2026-04-25T08:50:48.231+0000] {processor.py:830} INFO - Processing file /home/airflow/.local/lib/python3.12/site-packages/airflow/example_dags/example_branch_day_of_week_operator.py for tasks to queue
[2026-04-25T08:50:48.233+0000] {logging_mixin.py:188} INFO - [2026-04-25T08:50:48.233+0000] {dagbag.py:545} INFO - Filling up the DagBag from /home/airflow/.local/lib/python3.12/site-packages/airflow/example_dags/example_branch_day_of_week_operator.py
[2026-04-25T08:50:48.241+0000] {processor.py:840} INFO - DAG(s) 'example_weekday_branch_operator' retrieved from /home/airflow/.local/lib/python3.12/site-packages/airflow/example_dags/example_branch_day_of_week_operator.py
[2026-04-25T08:50:48.260+0000] {logging_mixin.py:188} INFO - [2026-04-25T08:50:48.260+0000] {dag.py:3096} INFO - Sync 1 DAGs
[2026-04-25T08:50:48.284+0000] {logging_mixin.py:188} INFO - [2026-04-25T08:50:48.284+0000] {dag.py:3954} INFO - Setting next_dagrun for example_weekday_branch_operator to 2026-04-24 00:00:00+00:00, run_after=2026-04-25 00:00:00+00:00
[2026-04-25T08:50:48.302+0000] {processor.py:183} INFO - Processing /home/airflow/.local/lib/python3.12/site-packages/airflow/example_dags/example_branch_day_of_week_operator.py took 0.079 seconds
[2026-04-25T08:51:18.738+0000] {processor.py:161} INFO - Started process (PID=2166) to work on /home/airflow/.local/lib/python3.12/site-packages/airflow/example_dags/example_branch_day_of_week_operator.py
[2026-04-25T08:51:18.739+0000] {processor.py:830} INFO - Processing file /home/airflow/.local/lib/python3.12/site-packages/airflow/example_dags/example_branch_day_of_week_operator.py for tasks to queue
[2026-04-25T08:51:18.740+0000] {logging_mixin.py:188} INFO - [2026-04-25T08:51:18.740+0000] {dagbag.py:545} INFO - Filling up the DagBag from /home/airflow/.local/lib/python3.12/site-packages/airflow/example_dags/example_branch_day_of_week_operator.py
[2026-04-25T08:51:18.746+0000] {processor.py:840} INFO - DAG(s) 'example_weekday_branch_operator' retrieved from /home/airflow/.local/lib/python3.12/site-packages/airflow/example_dags/example_branch_day_of_week_operator.py
[2026-04-25T08:51:18.763+0000] {logging_mixin.py:188} INFO - [2026-04-25T08:51:18.763+0000] {dag.py:3096} INFO - Sync 1 DAGs
[2026-04-25T08:51:18.784+0000] {logging_mixin.py:188} INFO - [2026-04-25T08:51:18.783+0000] {dag.py:3954} INFO - Setting next_dagrun for example_weekday_branch_operator to 2026-04-24 00:00:00+00:00, run_after=2026-04-25 00:00:00+00:00
[2026-04-25T08:51:18.798+0000] {processor.py:183} INFO - Processing /home/airflow/.local/lib/python3.12/site-packages/airflow/example_dags/example_branch_day_of_week_operator.py took 0.065 seconds
[2026-04-25T08:51:48.929+0000] {processor.py:161} INFO - Started process (PID=2224) to work on /home/airflow/.local/lib/python3.12/site-packages/airflow/example_dags/example_branch_day_of_week_operator.py
[2026-04-25T08:51:48.930+0000] {processor.py:830} INFO - Processing file /home/airflow/.local/lib/python3.12/site-packages/airflow/example_dags/example_branch_day_of_week_operator.py for tasks to queue
[2026-04-25T08:51:48.931+0000] {logging_mixin.py:188} INFO - [2026-04-25T08:51:48.931+0000] {dagbag.py:545} INFO - Filling up the DagBag from /home/airflow/.local/lib/python3.12/site-packages/airflow/example_dags/example_branch_day_of_week_operator.py
[2026-04-25T08:51:48.939+0000] {processor.py:840} INFO - DAG(s) 'example_weekday_branch_operator' retrieved from /home/airflow/.local/lib/python3.12/site-packages/airflow/example_dags/example_branch_day_of_week_operator.py
[2026-04-25T08:51:48.956+0000] {logging_mixin.py:188} INFO - [2026-04-25T08:51:48.955+0000] {dag.py:3096} INFO - Sync 1 DAGs
[2026-04-25T08:51:48.977+0000] {logging_mixin.py:188} INFO - [2026-04-25T08:51:48.977+0000] {dag.py:3954} INFO - Setting next_dagrun for example_weekday_branch_operator to 2026-04-24 00:00:00+00:00, run_after=2026-04-25 00:00:00+00:00
[2026-04-25T08:51:48.993+0000] {processor.py:183} INFO - Processing /home/airflow/.local/lib/python3.12/site-packages/airflow/example_dags/example_branch_day_of_week_operator.py took 0.070 seconds
[2026-04-25T08:52:19.545+0000] {processor.py:161} INFO - Started process (PID=2282) to work on /home/airflow/.local/lib/python3.12/site-packages/airflow/example_dags/example_branch_day_of_week_operator.py
[2026-04-25T08:52:19.546+0000] {processor.py:830} INFO - Processing file /home/airflow/.local/lib/python3.12/site-packages/airflow/example_dags/example_branch_day_of_week_operator.py for tasks to queue
[2026-04-25T08:52:19.547+0000] {logging_mixin.py:188} INFO - [2026-04-25T08:52:19.547+0000] {dagbag.py:545} INFO - Filling up the DagBag from /home/airflow/.local/lib/python3.12/site-packages/airflow/example_dags/example_branch_day_of_week_operator.py
[2026-04-25T08:52:19.554+0000] {processor.py:840} INFO - DAG(s) 'example_weekday_branch_operator' retrieved from /home/airflow/.local/lib/python3.12/site-packages/airflow/example_dags/example_branch_day_of_week_operator.py
[2026-04-25T08:52:19.574+0000] {logging_mixin.py:188} INFO - [2026-04-25T08:52:19.574+0000] {dag.py:3096} INFO - Sync 1 DAGs
[2026-04-25T08:52:19.594+0000] {logging_mixin.py:188} INFO - [2026-04-25T08:52:19.594+0000] {dag.py:3954} INFO - Setting next_dagrun for example_weekday_branch_operator to 2026-04-24 00:00:00+00:00, run_after=2026-04-25 00:00:00+00:00
[2026-04-25T08:52:19.610+0000] {processor.py:183} INFO - Processing /home/airflow/.local/lib/python3.12/site-packages/airflow/example_dags/example_branch_day_of_week_operator.py took 0.069 seconds
[2026-04-25T08:52:50.199+0000] {processor.py:161} INFO - Started process (PID=2340) to work on /home/airflow/.local/lib/python3.12/site-packages/airflow/example_dags/example_branch_day_of_week_operator.py
[2026-04-25T08:52:50.199+0000] {processor.py:830} INFO - Processing file /home/airflow/.local/lib/python3.12/site-packages/airflow/example_dags/example_branch_day_of_week_operator.py for tasks to queue
[2026-04-25T08:52:50.201+0000] {logging_mixin.py:188} INFO - [2026-04-25T08:52:50.200+0000] {dagbag.py:545} INFO - Filling up the DagBag from /home/airflow/.local/lib/python3.12/site-packages/airflow/example_dags/example_branch_day_of_week_operator.py
[2026-04-25T08:52:50.207+0000] {processor.py:840} INFO - DAG(s) 'example_weekday_branch_operator' retrieved from /home/airflow/.local/lib/python3.12/site-packages/airflow/example_dags/example_branch_day_of_week_operator.py
[2026-04-25T08:52:50.224+0000] {logging_mixin.py:188} INFO - [2026-04-25T08:52:50.224+0000] {dag.py:3096} INFO - Sync 1 DAGs
[2026-04-25T08:52:50.244+0000] {logging_mixin.py:188} INFO - [2026-04-25T08:52:50.243+0000] {dag.py:3954} INFO - Setting next_dagrun for example_weekday_branch_operator to 2026-04-24 00:00:00+00:00, run_after=2026-04-25 00:00:00+00:00
[2026-04-25T08:52:50.259+0000] {processor.py:183} INFO - Processing /home/airflow/.local/lib/python3.12/site-packages/airflow/example_dags/example_branch_day_of_week_operator.py took 0.065 seconds
[2026-04-25T08:53:20.786+0000] {processor.py:161} INFO - Started process (PID=2398) to work on /home/airflow/.local/lib/python3.12/site-packages/airflow/example_dags/example_branch_day_of_week_operator.py
[2026-04-25T08:53:20.787+0000] {processor.py:830} INFO - Processing file /home/airflow/.local/lib/python3.12/site-packages/airflow/example_dags/example_branch_day_of_week_operator.py for tasks to queue
[2026-04-25T08:53:20.788+0000] {logging_mixin.py:188} INFO - [2026-04-25T08:53:20.788+0000] {dagbag.py:545} INFO - Filling up the DagBag from /home/airflow/.local/lib/python3.12/site-packages/airflow/example_dags/example_branch_day_of_week_operator.py
[2026-04-25T08:53:20.795+0000] {processor.py:840} INFO - DAG(s) 'example_weekday_branch_operator' retrieved from /home/airflow/.local/lib/python3.12/site-packages/airflow/example_dags/example_branch_day_of_week_operator.py
[2026-04-25T08:53:20.815+0000] {logging_mixin.py:188} INFO - [2026-04-25T08:53:20.815+0000] {dag.py:3096} INFO - Sync 1 DAGs
[2026-04-25T08:53:20.844+0000] {logging_mixin.py:188} INFO - [2026-04-25T08:53:20.843+0000] {dag.py:3954} INFO - Setting next_dagrun for example_weekday_branch_operator to 2026-04-24 00:00:00+00:00, run_after=2026-04-25 00:00:00+00:00
[2026-04-25T08:53:20.863+0000] {processor.py:183} INFO - Processing /home/airflow/.local/lib/python3.12/site-packages/airflow/example_dags/example_branch_day_of_week_operator.py took 0.082 seconds
[2026-04-25T08:53:51.255+0000] {processor.py:161} INFO - Started process (PID=2456) to work on /home/airflow/.local/lib/python3.12/site-packages/airflow/example_dags/example_branch_day_of_week_operator.py
[2026-04-25T08:53:51.255+0000] {processor.py:830} INFO - Processing file /home/airflow/.local/lib/python3.12/site-packages/airflow/example_dags/example_branch_day_of_week_operator.py for tasks to queue
[2026-04-25T08:53:51.257+0000] {logging_mixin.py:188} INFO - [2026-04-25T08:53:51.256+0000] {dagbag.py:545} INFO - Filling up the DagBag from /home/airflow/.local/lib/python3.12/site-packages/airflow/example_dags/example_branch_day_of_week_operator.py
[2026-04-25T08:53:51.267+0000] {processor.py:840} INFO - DAG(s) 'example_weekday_branch_operator' retrieved from /home/airflow/.local/lib/python3.12/site-packages/airflow/example_dags/example_branch_day_of_week_operator.py
[2026-04-25T08:53:51.287+0000] {logging_mixin.py:188} INFO - [2026-04-25T08:53:51.286+0000] {dag.py:3096} INFO - Sync 1 DAGs
[2026-04-25T08:53:51.306+0000] {logging_mixin.py:188} INFO - [2026-04-25T08:53:51.306+0000] {dag.py:3954} INFO - Setting next_dagrun for example_weekday_branch_operator to 2026-04-24 00:00:00+00:00, run_after=2026-04-25 00:00:00+00:00
[2026-04-25T08:53:51.320+0000] {processor.py:183} INFO - Processing /home/airflow/.local/lib/python3.12/site-packages/airflow/example_dags/example_branch_day_of_week_operator.py took 0.070 seconds
[2026-04-25T08:54:21.653+0000] {processor.py:161} INFO - Started process (PID=2513) to work on /home/airflow/.local/lib/python3.12/site-packages/airflow/example_dags/example_branch_day_of_week_operator.py
[2026-04-25T08:54:21.654+0000] {processor.py:830} INFO - Processing file /home/airflow/.local/lib/python3.12/site-packages/airflow/example_dags/example_branch_day_of_week_operator.py for tasks to queue
[2026-04-25T08:54:21.656+0000] {logging_mixin.py:188} INFO - [2026-04-25T08:54:21.656+0000] {dagbag.py:545} INFO - Filling up the DagBag from /home/airflow/.local/lib/python3.12/site-packages/airflow/example_dags/example_branch_day_of_week_operator.py
[2026-04-25T08:54:21.666+0000] {processor.py:840} INFO - DAG(s) 'example_weekday_branch_operator' retrieved from /home/airflow/.local/lib/python3.12/site-packages/airflow/example_dags/example_branch_day_of_week_operator.py
[2026-04-25T08:54:21.687+0000] {logging_mixin.py:188} INFO - [2026-04-25T08:54:21.687+0000] {dag.py:3096} INFO - Sync 1 DAGs
[2026-04-25T08:54:21.713+0000] {logging_mixin.py:188} INFO - [2026-04-25T08:54:21.713+0000] {dag.py:3954} INFO - Setting next_dagrun for example_weekday_branch_operator to 2026-04-24 00:00:00+00:00, run_after=2026-04-25 00:00:00+00:00
[2026-04-25T08:54:21.728+0000] {processor.py:183} INFO - Processing /home/airflow/.local/lib/python3.12/site-packages/airflow/example_dags/example_branch_day_of_week_operator.py took 0.082 seconds
[2026-04-25T08:54:52.221+0000] {processor.py:161} INFO - Started process (PID=2571) to work on /home/airflow/.local/lib/python3.12/site-packages/airflow/example_dags/example_branch_day_of_week_operator.py
[2026-04-25T08:54:52.222+0000] {processor.py:830} INFO - Processing file /home/airflow/.local/lib/python3.12/site-packages/airflow/example_dags/example_branch_day_of_week_operator.py for tasks to queue
[2026-04-25T08:54:52.223+0000] {logging_mixin.py:188} INFO - [2026-04-25T08:54:52.223+0000] {dagbag.py:545} INFO - Filling up the DagBag from /home/airflow/.local/lib/python3.12/site-packages/airflow/example_dags/example_branch_day_of_week_operator.py
[2026-04-25T08:54:52.230+0000] {processor.py:840} INFO - DAG(s) 'example_weekday_branch_operator' retrieved from /home/airflow/.local/lib/python3.12/site-packages/airflow/example_dags/example_branch_day_of_week_operator.py
[2026-04-25T08:54:52.251+0000] {logging_mixin.py:188} INFO - [2026-04-25T08:54:52.250+0000] {dag.py:3096} INFO - Sync 1 DAGs
[2026-04-25T08:54:52.273+0000] {logging_mixin.py:188} INFO - [2026-04-25T08:54:52.273+0000] {dag.py:3954} INFO - Setting next_dagrun for example_weekday_branch_operator to 2026-04-24 00:00:00+00:00, run_after=2026-04-25 00:00:00+00:00
[2026-04-25T08:54:52.288+0000] {processor.py:183} INFO - Processing /home/airflow/.local/lib/python3.12/site-packages/airflow/example_dags/example_branch_day_of_week_operator.py took 0.072 seconds
[2026-04-25T08:55:22.642+0000] {processor.py:161} INFO - Started process (PID=2629) to work on /home/airflow/.local/lib/python3.12/site-packages/airflow/example_dags/example_branch_day_of_week_operator.py
[2026-04-25T08:55:22.642+0000] {processor.py:830} INFO - Processing file /home/airflow/.local/lib/python3.12/site-packages/airflow/example_dags/example_branch_day_of_week_operator.py for tasks to queue
[2026-04-25T08:55:22.644+0000] {logging_mixin.py:188} INFO - [2026-04-25T08:55:22.643+0000] {dagbag.py:545} INFO - Filling up the DagBag from /home/airflow/.local/lib/python3.12/site-packages/airflow/example_dags/example_branch_day_of_week_operator.py
[2026-04-25T08:55:22.651+0000] {processor.py:840} INFO - DAG(s) 'example_weekday_branch_operator' retrieved from /home/airflow/.local/lib/python3.12/site-packages/airflow/example_dags/example_branch_day_of_week_operator.py
[2026-04-25T08:55:22.675+0000] {logging_mixin.py:188} INFO - [2026-04-25T08:55:22.674+0000] {dag.py:3096} INFO - Sync 1 DAGs
[2026-04-25T08:55:22.698+0000] {logging_mixin.py:188} INFO - [2026-04-25T08:55:22.698+0000] {dag.py:3954} INFO - Setting next_dagrun for example_weekday_branch_operator to 2026-04-24 00:00:00+00:00, run_after=2026-04-25 00:00:00+00:00
[2026-04-25T08:55:22.716+0000] {processor.py:183} INFO - Processing /home/airflow/.local/lib/python3.12/site-packages/airflow/example_dags/example_branch_day_of_week_operator.py took 0.079 seconds
