[2026-04-25T08:33:07.565+0000] {processor.py:161} INFO - Started process (PID=103) to work on /home/airflow/.local/lib/python3.12/site-packages/airflow/example_dags/example_task_group_decorator.py
[2026-04-25T08:33:07.566+0000] {processor.py:830} INFO - Processing file /home/airflow/.local/lib/python3.12/site-packages/airflow/example_dags/example_task_group_decorator.py for tasks to queue
[2026-04-25T08:33:07.568+0000] {logging_mixin.py:188} INFO - [2026-04-25T08:33:07.568+0000] {dagbag.py:545} INFO - Filling up the DagBag from /home/airflow/.local/lib/python3.12/site-packages/airflow/example_dags/example_task_group_decorator.py
[2026-04-25T08:33:07.588+0000] {processor.py:840} INFO - DAG(s) 'example_task_group_decorator' retrieved from /home/airflow/.local/lib/python3.12/site-packages/airflow/example_dags/example_task_group_decorator.py
[2026-04-25T08:33:07.700+0000] {logging_mixin.py:188} INFO - [2026-04-25T08:33:07.699+0000] {dag.py:3096} INFO - Sync 1 DAGs
[2026-04-25T08:33:07.716+0000] {logging_mixin.py:188} INFO - [2026-04-25T08:33:07.716+0000] {dag.py:3954} INFO - Setting next_dagrun for example_task_group_decorator to 2026-04-24 00:00:00+00:00, run_after=2026-04-25 00:00:00+00:00
[2026-04-25T08:33:07.734+0000] {processor.py:183} INFO - Processing /home/airflow/.local/lib/python3.12/site-packages/airflow/example_dags/example_task_group_decorator.py took 0.174 seconds
[2026-04-25T08:33:38.309+0000] {processor.py:161} INFO - Started process (PID=161) to work on /home/airflow/.local/lib/python3.12/site-packages/airflow/example_dags/example_task_group_decorator.py
[2026-04-25T08:33:38.310+0000] {processor.py:830} INFO - Processing file /home/airflow/.local/lib/python3.12/site-packages/airflow/example_dags/example_task_group_decorator.py for tasks to queue
[2026-04-25T08:33:38.311+0000] {logging_mixin.py:188} INFO - [2026-04-25T08:33:38.311+0000] {dagbag.py:545} INFO - Filling up the DagBag from /home/airflow/.local/lib/python3.12/site-packages/airflow/example_dags/example_task_group_decorator.py
[2026-04-25T08:33:38.328+0000] {processor.py:840} INFO - DAG(s) 'example_task_group_decorator' retrieved from /home/airflow/.local/lib/python3.12/site-packages/airflow/example_dags/example_task_group_decorator.py
[2026-04-25T08:33:38.352+0000] {logging_mixin.py:188} INFO - [2026-04-25T08:33:38.352+0000] {dag.py:3096} INFO - Sync 1 DAGs
[2026-04-25T08:33:38.392+0000] {logging_mixin.py:188} INFO - [2026-04-25T08:33:38.392+0000] {dag.py:3954} INFO - Setting next_dagrun for example_task_group_decorator to 2026-04-24 00:00:00+00:00, run_after=2026-04-25 00:00:00+00:00
[2026-04-25T08:33:38.413+0000] {processor.py:183} INFO - Processing /home/airflow/.local/lib/python3.12/site-packages/airflow/example_dags/example_task_group_decorator.py took 0.109 seconds
[2026-04-25T08:34:08.666+0000] {processor.py:161} INFO - Started process (PID=219) to work on /home/airflow/.local/lib/python3.12/site-packages/airflow/example_dags/example_task_group_decorator.py
[2026-04-25T08:34:08.666+0000] {processor.py:830} INFO - Processing file /home/airflow/.local/lib/python3.12/site-packages/airflow/example_dags/example_task_group_decorator.py for tasks to queue
[2026-04-25T08:34:08.668+0000] {logging_mixin.py:188} INFO - [2026-04-25T08:34:08.667+0000] {dagbag.py:545} INFO - Filling up the DagBag from /home/airflow/.local/lib/python3.12/site-packages/airflow/example_dags/example_task_group_decorator.py
[2026-04-25T08:34:08.680+0000] {processor.py:840} INFO - DAG(s) 'example_task_group_decorator' retrieved from /home/airflow/.local/lib/python3.12/site-packages/airflow/example_dags/example_task_group_decorator.py
[2026-04-25T08:34:08.701+0000] {logging_mixin.py:188} INFO - [2026-04-25T08:34:08.701+0000] {dag.py:3096} INFO - Sync 1 DAGs
[2026-04-25T08:34:08.719+0000] {logging_mixin.py:188} INFO - [2026-04-25T08:34:08.719+0000] {dag.py:3954} INFO - Setting next_dagrun for example_task_group_decorator to 2026-04-24 00:00:00+00:00, run_after=2026-04-25 00:00:00+00:00
[2026-04-25T08:34:08.733+0000] {processor.py:183} INFO - Processing /home/airflow/.local/lib/python3.12/site-packages/airflow/example_dags/example_task_group_decorator.py took 0.071 seconds
[2026-04-25T08:34:39.698+0000] {processor.py:161} INFO - Started process (PID=277) to work on /home/airflow/.local/lib/python3.12/site-packages/airflow/example_dags/example_task_group_decorator.py
[2026-04-25T08:34:39.699+0000] {processor.py:830} INFO - Processing file /home/airflow/.local/lib/python3.12/site-packages/airflow/example_dags/example_task_group_decorator.py for tasks to queue
[2026-04-25T08:34:39.700+0000] {logging_mixin.py:188} INFO - [2026-04-25T08:34:39.700+0000] {dagbag.py:545} INFO - Filling up the DagBag from /home/airflow/.local/lib/python3.12/site-packages/airflow/example_dags/example_task_group_decorator.py
[2026-04-25T08:34:39.712+0000] {processor.py:840} INFO - DAG(s) 'example_task_group_decorator' retrieved from /home/airflow/.local/lib/python3.12/site-packages/airflow/example_dags/example_task_group_decorator.py
[2026-04-25T08:34:39.736+0000] {logging_mixin.py:188} INFO - [2026-04-25T08:34:39.736+0000] {dag.py:3096} INFO - Sync 1 DAGs
[2026-04-25T08:34:39.755+0000] {logging_mixin.py:188} INFO - [2026-04-25T08:34:39.755+0000] {dag.py:3954} INFO - Setting next_dagrun for example_task_group_decorator to 2026-04-24 00:00:00+00:00, run_after=2026-04-25 00:00:00+00:00
[2026-04-25T08:34:39.771+0000] {processor.py:183} INFO - Processing /home/airflow/.local/lib/python3.12/site-packages/airflow/example_dags/example_task_group_decorator.py took 0.077 seconds
[2026-04-25T08:35:10.381+0000] {processor.py:161} INFO - Started process (PID=335) to work on /home/airflow/.local/lib/python3.12/site-packages/airflow/example_dags/example_task_group_decorator.py
[2026-04-25T08:35:10.384+0000] {processor.py:830} INFO - Processing file /home/airflow/.local/lib/python3.12/site-packages/airflow/example_dags/example_task_group_decorator.py for tasks to queue
[2026-04-25T08:35:10.387+0000] {logging_mixin.py:188} INFO - [2026-04-25T08:35:10.386+0000] {dagbag.py:545} INFO - Filling up the DagBag from /home/airflow/.local/lib/python3.12/site-packages/airflow/example_dags/example_task_group_decorator.py
[2026-04-25T08:35:10.422+0000] {processor.py:840} INFO - DAG(s) 'example_task_group_decorator' retrieved from /home/airflow/.local/lib/python3.12/site-packages/airflow/example_dags/example_task_group_decorator.py
[2026-04-25T08:35:10.450+0000] {logging_mixin.py:188} INFO - [2026-04-25T08:35:10.450+0000] {dag.py:3096} INFO - Sync 1 DAGs
[2026-04-25T08:35:10.475+0000] {logging_mixin.py:188} INFO - [2026-04-25T08:35:10.475+0000] {dag.py:3954} INFO - Setting next_dagrun for example_task_group_decorator to 2026-04-24 00:00:00+00:00, run_after=2026-04-25 00:00:00+00:00
[2026-04-25T08:35:10.493+0000] {processor.py:183} INFO - Processing /home/airflow/.local/lib/python3.12/site-packages/airflow/example_dags/example_task_group_decorator.py took 0.120 seconds
[2026-04-25T08:35:40.655+0000] {processor.py:161} INFO - Started process (PID=393) to work on /home/airflow/.local/lib/python3.12/site-packages/airflow/example_dags/example_task_group_decorator.py
[2026-04-25T08:35:40.655+0000] {processor.py:830} INFO - Processing file /home/airflow/.local/lib/python3.12/site-packages/airflow/example_dags/example_task_group_decorator.py for tasks to queue
[2026-04-25T08:35:40.657+0000] {logging_mixin.py:188} INFO - [2026-04-25T08:35:40.657+0000] {dagbag.py:545} INFO - Filling up the DagBag from /home/airflow/.local/lib/python3.12/site-packages/airflow/example_dags/example_task_group_decorator.py
[2026-04-25T08:35:40.671+0000] {processor.py:840} INFO - DAG(s) 'example_task_group_decorator' retrieved from /home/airflow/.local/lib/python3.12/site-packages/airflow/example_dags/example_task_group_decorator.py
[2026-04-25T08:35:40.696+0000] {logging_mixin.py:188} INFO - [2026-04-25T08:35:40.696+0000] {dag.py:3096} INFO - Sync 1 DAGs
[2026-04-25T08:35:40.718+0000] {logging_mixin.py:188} INFO - [2026-04-25T08:35:40.717+0000] {dag.py:3954} INFO - Setting next_dagrun for example_task_group_decorator to 2026-04-24 00:00:00+00:00, run_after=2026-04-25 00:00:00+00:00
[2026-04-25T08:35:40.739+0000] {processor.py:183} INFO - Processing /home/airflow/.local/lib/python3.12/site-packages/airflow/example_dags/example_task_group_decorator.py took 0.089 seconds
[2026-04-25T08:36:11.650+0000] {processor.py:161} INFO - Started process (PID=451) to work on /home/airflow/.local/lib/python3.12/site-packages/airflow/example_dags/example_task_group_decorator.py
[2026-04-25T08:36:11.650+0000] {processor.py:830} INFO - Processing file /home/airflow/.local/lib/python3.12/site-packages/airflow/example_dags/example_task_group_decorator.py for tasks to queue
[2026-04-25T08:36:11.652+0000] {logging_mixin.py:188} INFO - [2026-04-25T08:36:11.652+0000] {dagbag.py:545} INFO - Filling up the DagBag from /home/airflow/.local/lib/python3.12/site-packages/airflow/example_dags/example_task_group_decorator.py
[2026-04-25T08:36:11.665+0000] {processor.py:840} INFO - DAG(s) 'example_task_group_decorator' retrieved from /home/airflow/.local/lib/python3.12/site-packages/airflow/example_dags/example_task_group_decorator.py
[2026-04-25T08:36:11.688+0000] {logging_mixin.py:188} INFO - [2026-04-25T08:36:11.688+0000] {dag.py:3096} INFO - Sync 1 DAGs
[2026-04-25T08:36:11.709+0000] {logging_mixin.py:188} INFO - [2026-04-25T08:36:11.708+0000] {dag.py:3954} INFO - Setting next_dagrun for example_task_group_decorator to 2026-04-24 00:00:00+00:00, run_after=2026-04-25 00:00:00+00:00
[2026-04-25T08:36:11.724+0000] {processor.py:183} INFO - Processing /home/airflow/.local/lib/python3.12/site-packages/airflow/example_dags/example_task_group_decorator.py took 0.081 seconds
[2026-04-25T08:36:42.187+0000] {processor.py:161} INFO - Started process (PID=509) to work on /home/airflow/.local/lib/python3.12/site-packages/airflow/example_dags/example_task_group_decorator.py
[2026-04-25T08:36:42.188+0000] {processor.py:830} INFO - Processing file /home/airflow/.local/lib/python3.12/site-packages/airflow/example_dags/example_task_group_decorator.py for tasks to queue
[2026-04-25T08:36:42.189+0000] {logging_mixin.py:188} INFO - [2026-04-25T08:36:42.189+0000] {dagbag.py:545} INFO - Filling up the DagBag from /home/airflow/.local/lib/python3.12/site-packages/airflow/example_dags/example_task_group_decorator.py
[2026-04-25T08:36:42.202+0000] {processor.py:840} INFO - DAG(s) 'example_task_group_decorator' retrieved from /home/airflow/.local/lib/python3.12/site-packages/airflow/example_dags/example_task_group_decorator.py
[2026-04-25T08:36:42.230+0000] {logging_mixin.py:188} INFO - [2026-04-25T08:36:42.229+0000] {dag.py:3096} INFO - Sync 1 DAGs
[2026-04-25T08:36:42.254+0000] {logging_mixin.py:188} INFO - [2026-04-25T08:36:42.254+0000] {dag.py:3954} INFO - Setting next_dagrun for example_task_group_decorator to 2026-04-24 00:00:00+00:00, run_after=2026-04-25 00:00:00+00:00
[2026-04-25T08:36:42.273+0000] {processor.py:183} INFO - Processing /home/airflow/.local/lib/python3.12/site-packages/airflow/example_dags/example_task_group_decorator.py took 0.092 seconds
[2026-04-25T08:37:12.314+0000] {processor.py:161} INFO - Started process (PID=568) to work on /home/airflow/.local/lib/python3.12/site-packages/airflow/example_dags/example_task_group_decorator.py
[2026-04-25T08:37:12.315+0000] {processor.py:830} INFO - Processing file /home/airflow/.local/lib/python3.12/site-packages/airflow/example_dags/example_task_group_decorator.py for tasks to queue
[2026-04-25T08:37:12.317+0000] {logging_mixin.py:188} INFO - [2026-04-25T08:37:12.316+0000] {dagbag.py:545} INFO - Filling up the DagBag from /home/airflow/.local/lib/python3.12/site-packages/airflow/example_dags/example_task_group_decorator.py
[2026-04-25T08:37:12.335+0000] {processor.py:840} INFO - DAG(s) 'example_task_group_decorator' retrieved from /home/airflow/.local/lib/python3.12/site-packages/airflow/example_dags/example_task_group_decorator.py
[2026-04-25T08:37:12.365+0000] {logging_mixin.py:188} INFO - [2026-04-25T08:37:12.365+0000] {dag.py:3096} INFO - Sync 1 DAGs
[2026-04-25T08:37:12.387+0000] {logging_mixin.py:188} INFO - [2026-04-25T08:37:12.387+0000] {dag.py:3954} INFO - Setting next_dagrun for example_task_group_decorator to 2026-04-24 00:00:00+00:00, run_after=2026-04-25 00:00:00+00:00
[2026-04-25T08:37:12.401+0000] {processor.py:183} INFO - Processing /home/airflow/.local/lib/python3.12/site-packages/airflow/example_dags/example_task_group_decorator.py took 0.092 seconds
[2026-04-25T08:37:42.745+0000] {processor.py:161} INFO - Started process (PID=625) to work on /home/airflow/.local/lib/python3.12/site-packages/airflow/example_dags/example_task_group_decorator.py
[2026-04-25T08:37:42.746+0000] {processor.py:830} INFO - Processing file /home/airflow/.local/lib/python3.12/site-packages/airflow/example_dags/example_task_group_decorator.py for tasks to queue
[2026-04-25T08:37:42.747+0000] {logging_mixin.py:188} INFO - [2026-04-25T08:37:42.747+0000] {dagbag.py:545} INFO - Filling up the DagBag from /home/airflow/.local/lib/python3.12/site-packages/airflow/example_dags/example_task_group_decorator.py
[2026-04-25T08:37:42.759+0000] {processor.py:840} INFO - DAG(s) 'example_task_group_decorator' retrieved from /home/airflow/.local/lib/python3.12/site-packages/airflow/example_dags/example_task_group_decorator.py
[2026-04-25T08:37:42.782+0000] {logging_mixin.py:188} INFO - [2026-04-25T08:37:42.781+0000] {dag.py:3096} INFO - Sync 1 DAGs
[2026-04-25T08:37:42.802+0000] {logging_mixin.py:188} INFO - [2026-04-25T08:37:42.802+0000] {dag.py:3954} INFO - Setting next_dagrun for example_task_group_decorator to 2026-04-24 00:00:00+00:00, run_after=2026-04-25 00:00:00+00:00
[2026-04-25T08:37:42.820+0000] {processor.py:183} INFO - Processing /home/airflow/.local/lib/python3.12/site-packages/airflow/example_dags/example_task_group_decorator.py took 0.080 seconds
[2026-04-25T08:38:13.163+0000] {processor.py:161} INFO - Started process (PID=683) to work on /home/airflow/.local/lib/python3.12/site-packages/airflow/example_dags/example_task_group_decorator.py
[2026-04-25T08:38:13.164+0000] {processor.py:830} INFO - Processing file /home/airflow/.local/lib/python3.12/site-packages/airflow/example_dags/example_task_group_decorator.py for tasks to queue
[2026-04-25T08:38:13.165+0000] {logging_mixin.py:188} INFO - [2026-04-25T08:38:13.165+0000] {dagbag.py:545} INFO - Filling up the DagBag from /home/airflow/.local/lib/python3.12/site-packages/airflow/example_dags/example_task_group_decorator.py
[2026-04-25T08:38:13.178+0000] {processor.py:840} INFO - DAG(s) 'example_task_group_decorator' retrieved from /home/airflow/.local/lib/python3.12/site-packages/airflow/example_dags/example_task_group_decorator.py
[2026-04-25T08:38:13.199+0000] {logging_mixin.py:188} INFO - [2026-04-25T08:38:13.199+0000] {dag.py:3096} INFO - Sync 1 DAGs
[2026-04-25T08:38:13.224+0000] {logging_mixin.py:188} INFO - [2026-04-25T08:38:13.224+0000] {dag.py:3954} INFO - Setting next_dagrun for example_task_group_decorator to 2026-04-24 00:00:00+00:00, run_after=2026-04-25 00:00:00+00:00
[2026-04-25T08:38:13.244+0000] {processor.py:183} INFO - Processing /home/airflow/.local/lib/python3.12/site-packages/airflow/example_dags/example_task_group_decorator.py took 0.086 seconds
[2026-04-25T08:38:43.379+0000] {processor.py:161} INFO - Started process (PID=741) to work on /home/airflow/.local/lib/python3.12/site-packages/airflow/example_dags/example_task_group_decorator.py
[2026-04-25T08:38:43.380+0000] {processor.py:830} INFO - Processing file /home/airflow/.local/lib/python3.12/site-packages/airflow/example_dags/example_task_group_decorator.py for tasks to queue
[2026-04-25T08:38:43.381+0000] {logging_mixin.py:188} INFO - [2026-04-25T08:38:43.381+0000] {dagbag.py:545} INFO - Filling up the DagBag from /home/airflow/.local/lib/python3.12/site-packages/airflow/example_dags/example_task_group_decorator.py
[2026-04-25T08:38:43.393+0000] {processor.py:840} INFO - DAG(s) 'example_task_group_decorator' retrieved from /home/airflow/.local/lib/python3.12/site-packages/airflow/example_dags/example_task_group_decorator.py
[2026-04-25T08:38:43.418+0000] {logging_mixin.py:188} INFO - [2026-04-25T08:38:43.417+0000] {dag.py:3096} INFO - Sync 1 DAGs
[2026-04-25T08:38:43.436+0000] {logging_mixin.py:188} INFO - [2026-04-25T08:38:43.436+0000] {dag.py:3954} INFO - Setting next_dagrun for example_task_group_decorator to 2026-04-24 00:00:00+00:00, run_after=2026-04-25 00:00:00+00:00
[2026-04-25T08:38:43.453+0000] {processor.py:183} INFO - Processing /home/airflow/.local/lib/python3.12/site-packages/airflow/example_dags/example_task_group_decorator.py took 0.078 seconds
[2026-04-25T08:39:13.861+0000] {processor.py:161} INFO - Started process (PID=799) to work on /home/airflow/.local/lib/python3.12/site-packages/airflow/example_dags/example_task_group_decorator.py
[2026-04-25T08:39:13.862+0000] {processor.py:830} INFO - Processing file /home/airflow/.local/lib/python3.12/site-packages/airflow/example_dags/example_task_group_decorator.py for tasks to queue
[2026-04-25T08:39:13.863+0000] {logging_mixin.py:188} INFO - [2026-04-25T08:39:13.863+0000] {dagbag.py:545} INFO - Filling up the DagBag from /home/airflow/.local/lib/python3.12/site-packages/airflow/example_dags/example_task_group_decorator.py
[2026-04-25T08:39:13.876+0000] {processor.py:840} INFO - DAG(s) 'example_task_group_decorator' retrieved from /home/airflow/.local/lib/python3.12/site-packages/airflow/example_dags/example_task_group_decorator.py
[2026-04-25T08:39:13.897+0000] {logging_mixin.py:188} INFO - [2026-04-25T08:39:13.897+0000] {dag.py:3096} INFO - Sync 1 DAGs
[2026-04-25T08:39:13.915+0000] {logging_mixin.py:188} INFO - [2026-04-25T08:39:13.915+0000] {dag.py:3954} INFO - Setting next_dagrun for example_task_group_decorator to 2026-04-24 00:00:00+00:00, run_after=2026-04-25 00:00:00+00:00
[2026-04-25T08:39:13.930+0000] {processor.py:183} INFO - Processing /home/airflow/.local/lib/python3.12/site-packages/airflow/example_dags/example_task_group_decorator.py took 0.073 seconds
[2026-04-25T08:39:44.121+0000] {processor.py:161} INFO - Started process (PID=857) to work on /home/airflow/.local/lib/python3.12/site-packages/airflow/example_dags/example_task_group_decorator.py
[2026-04-25T08:39:44.122+0000] {processor.py:830} INFO - Processing file /home/airflow/.local/lib/python3.12/site-packages/airflow/example_dags/example_task_group_decorator.py for tasks to queue
[2026-04-25T08:39:44.123+0000] {logging_mixin.py:188} INFO - [2026-04-25T08:39:44.123+0000] {dagbag.py:545} INFO - Filling up the DagBag from /home/airflow/.local/lib/python3.12/site-packages/airflow/example_dags/example_task_group_decorator.py
[2026-04-25T08:39:44.136+0000] {processor.py:840} INFO - DAG(s) 'example_task_group_decorator' retrieved from /home/airflow/.local/lib/python3.12/site-packages/airflow/example_dags/example_task_group_decorator.py
[2026-04-25T08:39:44.159+0000] {logging_mixin.py:188} INFO - [2026-04-25T08:39:44.159+0000] {dag.py:3096} INFO - Sync 1 DAGs
[2026-04-25T08:39:44.178+0000] {logging_mixin.py:188} INFO - [2026-04-25T08:39:44.178+0000] {dag.py:3954} INFO - Setting next_dagrun for example_task_group_decorator to 2026-04-24 00:00:00+00:00, run_after=2026-04-25 00:00:00+00:00
[2026-04-25T08:39:44.194+0000] {processor.py:183} INFO - Processing /home/airflow/.local/lib/python3.12/site-packages/airflow/example_dags/example_task_group_decorator.py took 0.077 seconds
[2026-04-25T08:40:14.478+0000] {processor.py:161} INFO - Started process (PID=915) to work on /home/airflow/.local/lib/python3.12/site-packages/airflow/example_dags/example_task_group_decorator.py
[2026-04-25T08:40:14.478+0000] {processor.py:830} INFO - Processing file /home/airflow/.local/lib/python3.12/site-packages/airflow/example_dags/example_task_group_decorator.py for tasks to queue
[2026-04-25T08:40:14.480+0000] {logging_mixin.py:188} INFO - [2026-04-25T08:40:14.479+0000] {dagbag.py:545} INFO - Filling up the DagBag from /home/airflow/.local/lib/python3.12/site-packages/airflow/example_dags/example_task_group_decorator.py
[2026-04-25T08:40:14.492+0000] {processor.py:840} INFO - DAG(s) 'example_task_group_decorator' retrieved from /home/airflow/.local/lib/python3.12/site-packages/airflow/example_dags/example_task_group_decorator.py
[2026-04-25T08:40:14.512+0000] {logging_mixin.py:188} INFO - [2026-04-25T08:40:14.512+0000] {dag.py:3096} INFO - Sync 1 DAGs
[2026-04-25T08:40:14.530+0000] {logging_mixin.py:188} INFO - [2026-04-25T08:40:14.529+0000] {dag.py:3954} INFO - Setting next_dagrun for example_task_group_decorator to 2026-04-24 00:00:00+00:00, run_after=2026-04-25 00:00:00+00:00
[2026-04-25T08:40:14.543+0000] {processor.py:183} INFO - Processing /home/airflow/.local/lib/python3.12/site-packages/airflow/example_dags/example_task_group_decorator.py took 0.070 seconds
[2026-04-25T08:40:44.958+0000] {processor.py:161} INFO - Started process (PID=973) to work on /home/airflow/.local/lib/python3.12/site-packages/airflow/example_dags/example_task_group_decorator.py
[2026-04-25T08:40:44.959+0000] {processor.py:830} INFO - Processing file /home/airflow/.local/lib/python3.12/site-packages/airflow/example_dags/example_task_group_decorator.py for tasks to queue
[2026-04-25T08:40:44.960+0000] {logging_mixin.py:188} INFO - [2026-04-25T08:40:44.960+0000] {dagbag.py:545} INFO - Filling up the DagBag from /home/airflow/.local/lib/python3.12/site-packages/airflow/example_dags/example_task_group_decorator.py
[2026-04-25T08:40:44.972+0000] {processor.py:840} INFO - DAG(s) 'example_task_group_decorator' retrieved from /home/airflow/.local/lib/python3.12/site-packages/airflow/example_dags/example_task_group_decorator.py
[2026-04-25T08:40:44.993+0000] {logging_mixin.py:188} INFO - [2026-04-25T08:40:44.993+0000] {dag.py:3096} INFO - Sync 1 DAGs
[2026-04-25T08:40:45.010+0000] {logging_mixin.py:188} INFO - [2026-04-25T08:40:45.010+0000] {dag.py:3954} INFO - Setting next_dagrun for example_task_group_decorator to 2026-04-24 00:00:00+00:00, run_after=2026-04-25 00:00:00+00:00
[2026-04-25T08:40:45.024+0000] {processor.py:183} INFO - Processing /home/airflow/.local/lib/python3.12/site-packages/airflow/example_dags/example_task_group_decorator.py took 0.071 seconds
[2026-04-25T08:41:15.612+0000] {processor.py:161} INFO - Started process (PID=1031) to work on /home/airflow/.local/lib/python3.12/site-packages/airflow/example_dags/example_task_group_decorator.py
[2026-04-25T08:41:15.613+0000] {processor.py:830} INFO - Processing file /home/airflow/.local/lib/python3.12/site-packages/airflow/example_dags/example_task_group_decorator.py for tasks to queue
[2026-04-25T08:41:15.614+0000] {logging_mixin.py:188} INFO - [2026-04-25T08:41:15.614+0000] {dagbag.py:545} INFO - Filling up the DagBag from /home/airflow/.local/lib/python3.12/site-packages/airflow/example_dags/example_task_group_decorator.py
[2026-04-25T08:41:15.627+0000] {processor.py:840} INFO - DAG(s) 'example_task_group_decorator' retrieved from /home/airflow/.local/lib/python3.12/site-packages/airflow/example_dags/example_task_group_decorator.py
[2026-04-25T08:41:15.657+0000] {logging_mixin.py:188} INFO - [2026-04-25T08:41:15.656+0000] {dag.py:3096} INFO - Sync 1 DAGs
[2026-04-25T08:41:15.679+0000] {logging_mixin.py:188} INFO - [2026-04-25T08:41:15.679+0000] {dag.py:3954} INFO - Setting next_dagrun for example_task_group_decorator to 2026-04-24 00:00:00+00:00, run_after=2026-04-25 00:00:00+00:00
[2026-04-25T08:41:15.694+0000] {processor.py:183} INFO - Processing /home/airflow/.local/lib/python3.12/site-packages/airflow/example_dags/example_task_group_decorator.py took 0.087 seconds
[2026-04-25T08:41:46.400+0000] {processor.py:161} INFO - Started process (PID=1089) to work on /home/airflow/.local/lib/python3.12/site-packages/airflow/example_dags/example_task_group_decorator.py
[2026-04-25T08:41:46.401+0000] {processor.py:830} INFO - Processing file /home/airflow/.local/lib/python3.12/site-packages/airflow/example_dags/example_task_group_decorator.py for tasks to queue
[2026-04-25T08:41:46.402+0000] {logging_mixin.py:188} INFO - [2026-04-25T08:41:46.402+0000] {dagbag.py:545} INFO - Filling up the DagBag from /home/airflow/.local/lib/python3.12/site-packages/airflow/example_dags/example_task_group_decorator.py
[2026-04-25T08:41:46.418+0000] {processor.py:840} INFO - DAG(s) 'example_task_group_decorator' retrieved from /home/airflow/.local/lib/python3.12/site-packages/airflow/example_dags/example_task_group_decorator.py
[2026-04-25T08:41:46.440+0000] {logging_mixin.py:188} INFO - [2026-04-25T08:41:46.440+0000] {dag.py:3096} INFO - Sync 1 DAGs
[2026-04-25T08:41:46.461+0000] {logging_mixin.py:188} INFO - [2026-04-25T08:41:46.461+0000] {dag.py:3954} INFO - Setting next_dagrun for example_task_group_decorator to 2026-04-24 00:00:00+00:00, run_after=2026-04-25 00:00:00+00:00
[2026-04-25T08:41:46.476+0000] {processor.py:183} INFO - Processing /home/airflow/.local/lib/python3.12/site-packages/airflow/example_dags/example_task_group_decorator.py took 0.081 seconds
[2026-04-25T08:42:17.408+0000] {processor.py:161} INFO - Started process (PID=1147) to work on /home/airflow/.local/lib/python3.12/site-packages/airflow/example_dags/example_task_group_decorator.py
[2026-04-25T08:42:17.409+0000] {processor.py:830} INFO - Processing file /home/airflow/.local/lib/python3.12/site-packages/airflow/example_dags/example_task_group_decorator.py for tasks to queue
[2026-04-25T08:42:17.411+0000] {logging_mixin.py:188} INFO - [2026-04-25T08:42:17.411+0000] {dagbag.py:545} INFO - Filling up the DagBag from /home/airflow/.local/lib/python3.12/site-packages/airflow/example_dags/example_task_group_decorator.py
[2026-04-25T08:42:17.427+0000] {processor.py:840} INFO - DAG(s) 'example_task_group_decorator' retrieved from /home/airflow/.local/lib/python3.12/site-packages/airflow/example_dags/example_task_group_decorator.py
[2026-04-25T08:42:17.450+0000] {logging_mixin.py:188} INFO - [2026-04-25T08:42:17.450+0000] {dag.py:3096} INFO - Sync 1 DAGs
[2026-04-25T08:42:17.468+0000] {logging_mixin.py:188} INFO - [2026-04-25T08:42:17.468+0000] {dag.py:3954} INFO - Setting next_dagrun for example_task_group_decorator to 2026-04-24 00:00:00+00:00, run_after=2026-04-25 00:00:00+00:00
[2026-04-25T08:42:17.483+0000] {processor.py:183} INFO - Processing /home/airflow/.local/lib/python3.12/site-packages/airflow/example_dags/example_task_group_decorator.py took 0.083 seconds
[2026-04-25T08:42:47.875+0000] {processor.py:161} INFO - Started process (PID=1205) to work on /home/airflow/.local/lib/python3.12/site-packages/airflow/example_dags/example_task_group_decorator.py
[2026-04-25T08:42:47.876+0000] {processor.py:830} INFO - Processing file /home/airflow/.local/lib/python3.12/site-packages/airflow/example_dags/example_task_group_decorator.py for tasks to queue
[2026-04-25T08:42:47.877+0000] {logging_mixin.py:188} INFO - [2026-04-25T08:42:47.877+0000] {dagbag.py:545} INFO - Filling up the DagBag from /home/airflow/.local/lib/python3.12/site-packages/airflow/example_dags/example_task_group_decorator.py
[2026-04-25T08:42:47.890+0000] {processor.py:840} INFO - DAG(s) 'example_task_group_decorator' retrieved from /home/airflow/.local/lib/python3.12/site-packages/airflow/example_dags/example_task_group_decorator.py
[2026-04-25T08:42:47.918+0000] {logging_mixin.py:188} INFO - [2026-04-25T08:42:47.918+0000] {dag.py:3096} INFO - Sync 1 DAGs
[2026-04-25T08:42:47.938+0000] {logging_mixin.py:188} INFO - [2026-04-25T08:42:47.938+0000] {dag.py:3954} INFO - Setting next_dagrun for example_task_group_decorator to 2026-04-24 00:00:00+00:00, run_after=2026-04-25 00:00:00+00:00
[2026-04-25T08:42:47.953+0000] {processor.py:183} INFO - Processing /home/airflow/.local/lib/python3.12/site-packages/airflow/example_dags/example_task_group_decorator.py took 0.082 seconds
[2026-04-25T08:43:18.455+0000] {processor.py:161} INFO - Started process (PID=1263) to work on /home/airflow/.local/lib/python3.12/site-packages/airflow/example_dags/example_task_group_decorator.py
[2026-04-25T08:43:18.456+0000] {processor.py:830} INFO - Processing file /home/airflow/.local/lib/python3.12/site-packages/airflow/example_dags/example_task_group_decorator.py for tasks to queue
[2026-04-25T08:43:18.458+0000] {logging_mixin.py:188} INFO - [2026-04-25T08:43:18.457+0000] {dagbag.py:545} INFO - Filling up the DagBag from /home/airflow/.local/lib/python3.12/site-packages/airflow/example_dags/example_task_group_decorator.py
[2026-04-25T08:43:18.476+0000] {processor.py:840} INFO - DAG(s) 'example_task_group_decorator' retrieved from /home/airflow/.local/lib/python3.12/site-packages/airflow/example_dags/example_task_group_decorator.py
[2026-04-25T08:43:18.511+0000] {logging_mixin.py:188} INFO - [2026-04-25T08:43:18.510+0000] {dag.py:3096} INFO - Sync 1 DAGs
[2026-04-25T08:43:18.540+0000] {logging_mixin.py:188} INFO - [2026-04-25T08:43:18.539+0000] {dag.py:3954} INFO - Setting next_dagrun for example_task_group_decorator to 2026-04-24 00:00:00+00:00, run_after=2026-04-25 00:00:00+00:00
[2026-04-25T08:43:18.562+0000] {processor.py:183} INFO - Processing /home/airflow/.local/lib/python3.12/site-packages/airflow/example_dags/example_task_group_decorator.py took 0.113 seconds
[2026-04-25T08:43:49.218+0000] {processor.py:161} INFO - Started process (PID=1321) to work on /home/airflow/.local/lib/python3.12/site-packages/airflow/example_dags/example_task_group_decorator.py
[2026-04-25T08:43:49.219+0000] {processor.py:830} INFO - Processing file /home/airflow/.local/lib/python3.12/site-packages/airflow/example_dags/example_task_group_decorator.py for tasks to queue
[2026-04-25T08:43:49.220+0000] {logging_mixin.py:188} INFO - [2026-04-25T08:43:49.220+0000] {dagbag.py:545} INFO - Filling up the DagBag from /home/airflow/.local/lib/python3.12/site-packages/airflow/example_dags/example_task_group_decorator.py
[2026-04-25T08:43:49.233+0000] {processor.py:840} INFO - DAG(s) 'example_task_group_decorator' retrieved from /home/airflow/.local/lib/python3.12/site-packages/airflow/example_dags/example_task_group_decorator.py
[2026-04-25T08:43:49.254+0000] {logging_mixin.py:188} INFO - [2026-04-25T08:43:49.254+0000] {dag.py:3096} INFO - Sync 1 DAGs
[2026-04-25T08:43:49.274+0000] {logging_mixin.py:188} INFO - [2026-04-25T08:43:49.274+0000] {dag.py:3954} INFO - Setting next_dagrun for example_task_group_decorator to 2026-04-24 00:00:00+00:00, run_after=2026-04-25 00:00:00+00:00
[2026-04-25T08:43:49.289+0000] {processor.py:183} INFO - Processing /home/airflow/.local/lib/python3.12/site-packages/airflow/example_dags/example_task_group_decorator.py took 0.076 seconds
[2026-04-25T08:44:19.391+0000] {processor.py:161} INFO - Started process (PID=1378) to work on /home/airflow/.local/lib/python3.12/site-packages/airflow/example_dags/example_task_group_decorator.py
[2026-04-25T08:44:19.392+0000] {processor.py:830} INFO - Processing file /home/airflow/.local/lib/python3.12/site-packages/airflow/example_dags/example_task_group_decorator.py for tasks to queue
[2026-04-25T08:44:19.393+0000] {logging_mixin.py:188} INFO - [2026-04-25T08:44:19.393+0000] {dagbag.py:545} INFO - Filling up the DagBag from /home/airflow/.local/lib/python3.12/site-packages/airflow/example_dags/example_task_group_decorator.py
[2026-04-25T08:44:19.405+0000] {processor.py:840} INFO - DAG(s) 'example_task_group_decorator' retrieved from /home/airflow/.local/lib/python3.12/site-packages/airflow/example_dags/example_task_group_decorator.py
[2026-04-25T08:44:19.427+0000] {logging_mixin.py:188} INFO - [2026-04-25T08:44:19.427+0000] {dag.py:3096} INFO - Sync 1 DAGs
[2026-04-25T08:44:19.444+0000] {logging_mixin.py:188} INFO - [2026-04-25T08:44:19.444+0000] {dag.py:3954} INFO - Setting next_dagrun for example_task_group_decorator to 2026-04-24 00:00:00+00:00, run_after=2026-04-25 00:00:00+00:00
[2026-04-25T08:44:19.459+0000] {processor.py:183} INFO - Processing /home/airflow/.local/lib/python3.12/site-packages/airflow/example_dags/example_task_group_decorator.py took 0.072 seconds
[2026-04-25T08:44:49.673+0000] {processor.py:161} INFO - Started process (PID=1436) to work on /home/airflow/.local/lib/python3.12/site-packages/airflow/example_dags/example_task_group_decorator.py
[2026-04-25T08:44:49.674+0000] {processor.py:830} INFO - Processing file /home/airflow/.local/lib/python3.12/site-packages/airflow/example_dags/example_task_group_decorator.py for tasks to queue
[2026-04-25T08:44:49.675+0000] {logging_mixin.py:188} INFO - [2026-04-25T08:44:49.675+0000] {dagbag.py:545} INFO - Filling up the DagBag from /home/airflow/.local/lib/python3.12/site-packages/airflow/example_dags/example_task_group_decorator.py
[2026-04-25T08:44:49.687+0000] {processor.py:840} INFO - DAG(s) 'example_task_group_decorator' retrieved from /home/airflow/.local/lib/python3.12/site-packages/airflow/example_dags/example_task_group_decorator.py
[2026-04-25T08:44:49.708+0000] {logging_mixin.py:188} INFO - [2026-04-25T08:44:49.708+0000] {dag.py:3096} INFO - Sync 1 DAGs
[2026-04-25T08:44:49.730+0000] {logging_mixin.py:188} INFO - [2026-04-25T08:44:49.730+0000] {dag.py:3954} INFO - Setting next_dagrun for example_task_group_decorator to 2026-04-24 00:00:00+00:00, run_after=2026-04-25 00:00:00+00:00
[2026-04-25T08:44:49.744+0000] {processor.py:183} INFO - Processing /home/airflow/.local/lib/python3.12/site-packages/airflow/example_dags/example_task_group_decorator.py took 0.075 seconds
[2026-04-25T08:45:20.905+0000] {processor.py:161} INFO - Started process (PID=1495) to work on /home/airflow/.local/lib/python3.12/site-packages/airflow/example_dags/example_task_group_decorator.py
[2026-04-25T08:45:20.905+0000] {processor.py:830} INFO - Processing file /home/airflow/.local/lib/python3.12/site-packages/airflow/example_dags/example_task_group_decorator.py for tasks to queue
[2026-04-25T08:45:20.907+0000] {logging_mixin.py:188} INFO - [2026-04-25T08:45:20.906+0000] {dagbag.py:545} INFO - Filling up the DagBag from /home/airflow/.local/lib/python3.12/site-packages/airflow/example_dags/example_task_group_decorator.py
[2026-04-25T08:45:20.919+0000] {processor.py:840} INFO - DAG(s) 'example_task_group_decorator' retrieved from /home/airflow/.local/lib/python3.12/site-packages/airflow/example_dags/example_task_group_decorator.py
[2026-04-25T08:45:20.939+0000] {logging_mixin.py:188} INFO - [2026-04-25T08:45:20.939+0000] {dag.py:3096} INFO - Sync 1 DAGs
[2026-04-25T08:45:20.957+0000] {logging_mixin.py:188} INFO - [2026-04-25T08:45:20.957+0000] {dag.py:3954} INFO - Setting next_dagrun for example_task_group_decorator to 2026-04-24 00:00:00+00:00, run_after=2026-04-25 00:00:00+00:00
[2026-04-25T08:45:20.970+0000] {processor.py:183} INFO - Processing /home/airflow/.local/lib/python3.12/site-packages/airflow/example_dags/example_task_group_decorator.py took 0.070 seconds
[2026-04-25T08:45:51.876+0000] {processor.py:161} INFO - Started process (PID=1553) to work on /home/airflow/.local/lib/python3.12/site-packages/airflow/example_dags/example_task_group_decorator.py
[2026-04-25T08:45:51.877+0000] {processor.py:830} INFO - Processing file /home/airflow/.local/lib/python3.12/site-packages/airflow/example_dags/example_task_group_decorator.py for tasks to queue
[2026-04-25T08:45:51.879+0000] {logging_mixin.py:188} INFO - [2026-04-25T08:45:51.879+0000] {dagbag.py:545} INFO - Filling up the DagBag from /home/airflow/.local/lib/python3.12/site-packages/airflow/example_dags/example_task_group_decorator.py
[2026-04-25T08:45:51.891+0000] {processor.py:840} INFO - DAG(s) 'example_task_group_decorator' retrieved from /home/airflow/.local/lib/python3.12/site-packages/airflow/example_dags/example_task_group_decorator.py
[2026-04-25T08:45:51.919+0000] {logging_mixin.py:188} INFO - [2026-04-25T08:45:51.919+0000] {dag.py:3096} INFO - Sync 1 DAGs
[2026-04-25T08:45:51.940+0000] {logging_mixin.py:188} INFO - [2026-04-25T08:45:51.940+0000] {dag.py:3954} INFO - Setting next_dagrun for example_task_group_decorator to 2026-04-24 00:00:00+00:00, run_after=2026-04-25 00:00:00+00:00
[2026-04-25T08:45:51.957+0000] {processor.py:183} INFO - Processing /home/airflow/.local/lib/python3.12/site-packages/airflow/example_dags/example_task_group_decorator.py took 0.087 seconds
[2026-04-25T08:46:23.095+0000] {processor.py:161} INFO - Started process (PID=1611) to work on /home/airflow/.local/lib/python3.12/site-packages/airflow/example_dags/example_task_group_decorator.py
[2026-04-25T08:46:23.096+0000] {processor.py:830} INFO - Processing file /home/airflow/.local/lib/python3.12/site-packages/airflow/example_dags/example_task_group_decorator.py for tasks to queue
[2026-04-25T08:46:23.097+0000] {logging_mixin.py:188} INFO - [2026-04-25T08:46:23.097+0000] {dagbag.py:545} INFO - Filling up the DagBag from /home/airflow/.local/lib/python3.12/site-packages/airflow/example_dags/example_task_group_decorator.py
[2026-04-25T08:46:23.110+0000] {processor.py:840} INFO - DAG(s) 'example_task_group_decorator' retrieved from /home/airflow/.local/lib/python3.12/site-packages/airflow/example_dags/example_task_group_decorator.py
[2026-04-25T08:46:23.286+0000] {logging_mixin.py:188} INFO - [2026-04-25T08:46:23.285+0000] {dag.py:3096} INFO - Sync 1 DAGs
[2026-04-25T08:46:23.303+0000] {logging_mixin.py:188} INFO - [2026-04-25T08:46:23.303+0000] {dag.py:3954} INFO - Setting next_dagrun for example_task_group_decorator to 2026-04-24 00:00:00+00:00, run_after=2026-04-25 00:00:00+00:00
[2026-04-25T08:46:23.317+0000] {processor.py:183} INFO - Processing /home/airflow/.local/lib/python3.12/site-packages/airflow/example_dags/example_task_group_decorator.py took 0.227 seconds
[2026-04-25T08:46:53.966+0000] {processor.py:161} INFO - Started process (PID=1669) to work on /home/airflow/.local/lib/python3.12/site-packages/airflow/example_dags/example_task_group_decorator.py
[2026-04-25T08:46:53.967+0000] {processor.py:830} INFO - Processing file /home/airflow/.local/lib/python3.12/site-packages/airflow/example_dags/example_task_group_decorator.py for tasks to queue
[2026-04-25T08:46:53.969+0000] {logging_mixin.py:188} INFO - [2026-04-25T08:46:53.968+0000] {dagbag.py:545} INFO - Filling up the DagBag from /home/airflow/.local/lib/python3.12/site-packages/airflow/example_dags/example_task_group_decorator.py
[2026-04-25T08:46:53.987+0000] {processor.py:840} INFO - DAG(s) 'example_task_group_decorator' retrieved from /home/airflow/.local/lib/python3.12/site-packages/airflow/example_dags/example_task_group_decorator.py
[2026-04-25T08:46:54.022+0000] {logging_mixin.py:188} INFO - [2026-04-25T08:46:54.022+0000] {dag.py:3096} INFO - Sync 1 DAGs
[2026-04-25T08:46:54.049+0000] {logging_mixin.py:188} INFO - [2026-04-25T08:46:54.049+0000] {dag.py:3954} INFO - Setting next_dagrun for example_task_group_decorator to 2026-04-24 00:00:00+00:00, run_after=2026-04-25 00:00:00+00:00
[2026-04-25T08:46:54.064+0000] {processor.py:183} INFO - Processing /home/airflow/.local/lib/python3.12/site-packages/airflow/example_dags/example_task_group_decorator.py took 0.109 seconds
[2026-04-25T08:47:24.442+0000] {processor.py:161} INFO - Started process (PID=1727) to work on /home/airflow/.local/lib/python3.12/site-packages/airflow/example_dags/example_task_group_decorator.py
[2026-04-25T08:47:24.443+0000] {processor.py:830} INFO - Processing file /home/airflow/.local/lib/python3.12/site-packages/airflow/example_dags/example_task_group_decorator.py for tasks to queue
[2026-04-25T08:47:24.444+0000] {logging_mixin.py:188} INFO - [2026-04-25T08:47:24.444+0000] {dagbag.py:545} INFO - Filling up the DagBag from /home/airflow/.local/lib/python3.12/site-packages/airflow/example_dags/example_task_group_decorator.py
[2026-04-25T08:47:24.458+0000] {processor.py:840} INFO - DAG(s) 'example_task_group_decorator' retrieved from /home/airflow/.local/lib/python3.12/site-packages/airflow/example_dags/example_task_group_decorator.py
[2026-04-25T08:47:24.485+0000] {logging_mixin.py:188} INFO - [2026-04-25T08:47:24.485+0000] {dag.py:3096} INFO - Sync 1 DAGs
[2026-04-25T08:47:24.505+0000] {logging_mixin.py:188} INFO - [2026-04-25T08:47:24.505+0000] {dag.py:3954} INFO - Setting next_dagrun for example_task_group_decorator to 2026-04-24 00:00:00+00:00, run_after=2026-04-25 00:00:00+00:00
[2026-04-25T08:47:24.521+0000] {processor.py:183} INFO - Processing /home/airflow/.local/lib/python3.12/site-packages/airflow/example_dags/example_task_group_decorator.py took 0.084 seconds
[2026-04-25T08:47:54.809+0000] {processor.py:161} INFO - Started process (PID=1785) to work on /home/airflow/.local/lib/python3.12/site-packages/airflow/example_dags/example_task_group_decorator.py
[2026-04-25T08:47:54.810+0000] {processor.py:830} INFO - Processing file /home/airflow/.local/lib/python3.12/site-packages/airflow/example_dags/example_task_group_decorator.py for tasks to queue
[2026-04-25T08:47:54.811+0000] {logging_mixin.py:188} INFO - [2026-04-25T08:47:54.811+0000] {dagbag.py:545} INFO - Filling up the DagBag from /home/airflow/.local/lib/python3.12/site-packages/airflow/example_dags/example_task_group_decorator.py
[2026-04-25T08:47:54.824+0000] {processor.py:840} INFO - DAG(s) 'example_task_group_decorator' retrieved from /home/airflow/.local/lib/python3.12/site-packages/airflow/example_dags/example_task_group_decorator.py
[2026-04-25T08:47:54.846+0000] {logging_mixin.py:188} INFO - [2026-04-25T08:47:54.845+0000] {dag.py:3096} INFO - Sync 1 DAGs
[2026-04-25T08:47:54.866+0000] {logging_mixin.py:188} INFO - [2026-04-25T08:47:54.866+0000] {dag.py:3954} INFO - Setting next_dagrun for example_task_group_decorator to 2026-04-24 00:00:00+00:00, run_after=2026-04-25 00:00:00+00:00
[2026-04-25T08:47:54.884+0000] {processor.py:183} INFO - Processing /home/airflow/.local/lib/python3.12/site-packages/airflow/example_dags/example_task_group_decorator.py took 0.079 seconds
[2026-04-25T08:48:25.839+0000] {processor.py:161} INFO - Started process (PID=1843) to work on /home/airflow/.local/lib/python3.12/site-packages/airflow/example_dags/example_task_group_decorator.py
[2026-04-25T08:48:25.840+0000] {processor.py:830} INFO - Processing file /home/airflow/.local/lib/python3.12/site-packages/airflow/example_dags/example_task_group_decorator.py for tasks to queue
[2026-04-25T08:48:25.842+0000] {logging_mixin.py:188} INFO - [2026-04-25T08:48:25.842+0000] {dagbag.py:545} INFO - Filling up the DagBag from /home/airflow/.local/lib/python3.12/site-packages/airflow/example_dags/example_task_group_decorator.py
[2026-04-25T08:48:25.860+0000] {processor.py:840} INFO - DAG(s) 'example_task_group_decorator' retrieved from /home/airflow/.local/lib/python3.12/site-packages/airflow/example_dags/example_task_group_decorator.py
[2026-04-25T08:48:25.893+0000] {logging_mixin.py:188} INFO - [2026-04-25T08:48:25.893+0000] {dag.py:3096} INFO - Sync 1 DAGs
[2026-04-25T08:48:25.920+0000] {logging_mixin.py:188} INFO - [2026-04-25T08:48:25.920+0000] {dag.py:3954} INFO - Setting next_dagrun for example_task_group_decorator to 2026-04-24 00:00:00+00:00, run_after=2026-04-25 00:00:00+00:00
[2026-04-25T08:48:25.940+0000] {processor.py:183} INFO - Processing /home/airflow/.local/lib/python3.12/site-packages/airflow/example_dags/example_task_group_decorator.py took 0.107 seconds
[2026-04-25T08:48:56.534+0000] {processor.py:161} INFO - Started process (PID=1901) to work on /home/airflow/.local/lib/python3.12/site-packages/airflow/example_dags/example_task_group_decorator.py
[2026-04-25T08:48:56.534+0000] {processor.py:830} INFO - Processing file /home/airflow/.local/lib/python3.12/site-packages/airflow/example_dags/example_task_group_decorator.py for tasks to queue
[2026-04-25T08:48:56.536+0000] {logging_mixin.py:188} INFO - [2026-04-25T08:48:56.535+0000] {dagbag.py:545} INFO - Filling up the DagBag from /home/airflow/.local/lib/python3.12/site-packages/airflow/example_dags/example_task_group_decorator.py
[2026-04-25T08:48:56.550+0000] {processor.py:840} INFO - DAG(s) 'example_task_group_decorator' retrieved from /home/airflow/.local/lib/python3.12/site-packages/airflow/example_dags/example_task_group_decorator.py
[2026-04-25T08:48:56.574+0000] {logging_mixin.py:188} INFO - [2026-04-25T08:48:56.574+0000] {dag.py:3096} INFO - Sync 1 DAGs
[2026-04-25T08:48:56.598+0000] {logging_mixin.py:188} INFO - [2026-04-25T08:48:56.598+0000] {dag.py:3954} INFO - Setting next_dagrun for example_task_group_decorator to 2026-04-24 00:00:00+00:00, run_after=2026-04-25 00:00:00+00:00
[2026-04-25T08:48:56.612+0000] {processor.py:183} INFO - Processing /home/airflow/.local/lib/python3.12/site-packages/airflow/example_dags/example_task_group_decorator.py took 0.083 seconds
[2026-04-25T08:49:27.043+0000] {processor.py:161} INFO - Started process (PID=1959) to work on /home/airflow/.local/lib/python3.12/site-packages/airflow/example_dags/example_task_group_decorator.py
[2026-04-25T08:49:27.044+0000] {processor.py:830} INFO - Processing file /home/airflow/.local/lib/python3.12/site-packages/airflow/example_dags/example_task_group_decorator.py for tasks to queue
[2026-04-25T08:49:27.046+0000] {logging_mixin.py:188} INFO - [2026-04-25T08:49:27.045+0000] {dagbag.py:545} INFO - Filling up the DagBag from /home/airflow/.local/lib/python3.12/site-packages/airflow/example_dags/example_task_group_decorator.py
[2026-04-25T08:49:27.064+0000] {processor.py:840} INFO - DAG(s) 'example_task_group_decorator' retrieved from /home/airflow/.local/lib/python3.12/site-packages/airflow/example_dags/example_task_group_decorator.py
[2026-04-25T08:49:27.090+0000] {logging_mixin.py:188} INFO - [2026-04-25T08:49:27.089+0000] {dag.py:3096} INFO - Sync 1 DAGs
[2026-04-25T08:49:27.111+0000] {logging_mixin.py:188} INFO - [2026-04-25T08:49:27.111+0000] {dag.py:3954} INFO - Setting next_dagrun for example_task_group_decorator to 2026-04-24 00:00:00+00:00, run_after=2026-04-25 00:00:00+00:00
[2026-04-25T08:49:27.126+0000] {processor.py:183} INFO - Processing /home/airflow/.local/lib/python3.12/site-packages/airflow/example_dags/example_task_group_decorator.py took 0.089 seconds
[2026-04-25T08:49:57.551+0000] {processor.py:161} INFO - Started process (PID=2017) to work on /home/airflow/.local/lib/python3.12/site-packages/airflow/example_dags/example_task_group_decorator.py
[2026-04-25T08:49:57.552+0000] {processor.py:830} INFO - Processing file /home/airflow/.local/lib/python3.12/site-packages/airflow/example_dags/example_task_group_decorator.py for tasks to queue
[2026-04-25T08:49:57.553+0000] {logging_mixin.py:188} INFO - [2026-04-25T08:49:57.553+0000] {dagbag.py:545} INFO - Filling up the DagBag from /home/airflow/.local/lib/python3.12/site-packages/airflow/example_dags/example_task_group_decorator.py
[2026-04-25T08:49:57.568+0000] {processor.py:840} INFO - DAG(s) 'example_task_group_decorator' retrieved from /home/airflow/.local/lib/python3.12/site-packages/airflow/example_dags/example_task_group_decorator.py
[2026-04-25T08:49:57.591+0000] {logging_mixin.py:188} INFO - [2026-04-25T08:49:57.590+0000] {dag.py:3096} INFO - Sync 1 DAGs
[2026-04-25T08:49:57.611+0000] {logging_mixin.py:188} INFO - [2026-04-25T08:49:57.611+0000] {dag.py:3954} INFO - Setting next_dagrun for example_task_group_decorator to 2026-04-24 00:00:00+00:00, run_after=2026-04-25 00:00:00+00:00
[2026-04-25T08:49:57.626+0000] {processor.py:183} INFO - Processing /home/airflow/.local/lib/python3.12/site-packages/airflow/example_dags/example_task_group_decorator.py took 0.079 seconds
[2026-04-25T08:50:27.977+0000] {processor.py:161} INFO - Started process (PID=2075) to work on /home/airflow/.local/lib/python3.12/site-packages/airflow/example_dags/example_task_group_decorator.py
[2026-04-25T08:50:27.978+0000] {processor.py:830} INFO - Processing file /home/airflow/.local/lib/python3.12/site-packages/airflow/example_dags/example_task_group_decorator.py for tasks to queue
[2026-04-25T08:50:27.980+0000] {logging_mixin.py:188} INFO - [2026-04-25T08:50:27.979+0000] {dagbag.py:545} INFO - Filling up the DagBag from /home/airflow/.local/lib/python3.12/site-packages/airflow/example_dags/example_task_group_decorator.py
[2026-04-25T08:50:27.992+0000] {processor.py:840} INFO - DAG(s) 'example_task_group_decorator' retrieved from /home/airflow/.local/lib/python3.12/site-packages/airflow/example_dags/example_task_group_decorator.py
[2026-04-25T08:50:28.017+0000] {logging_mixin.py:188} INFO - [2026-04-25T08:50:28.017+0000] {dag.py:3096} INFO - Sync 1 DAGs
[2026-04-25T08:50:28.036+0000] {logging_mixin.py:188} INFO - [2026-04-25T08:50:28.036+0000] {dag.py:3954} INFO - Setting next_dagrun for example_task_group_decorator to 2026-04-24 00:00:00+00:00, run_after=2026-04-25 00:00:00+00:00
[2026-04-25T08:50:28.052+0000] {processor.py:183} INFO - Processing /home/airflow/.local/lib/python3.12/site-packages/airflow/example_dags/example_task_group_decorator.py took 0.079 seconds
[2026-04-25T08:50:58.522+0000] {processor.py:161} INFO - Started process (PID=2133) to work on /home/airflow/.local/lib/python3.12/site-packages/airflow/example_dags/example_task_group_decorator.py
[2026-04-25T08:50:58.523+0000] {processor.py:830} INFO - Processing file /home/airflow/.local/lib/python3.12/site-packages/airflow/example_dags/example_task_group_decorator.py for tasks to queue
[2026-04-25T08:50:58.525+0000] {logging_mixin.py:188} INFO - [2026-04-25T08:50:58.524+0000] {dagbag.py:545} INFO - Filling up the DagBag from /home/airflow/.local/lib/python3.12/site-packages/airflow/example_dags/example_task_group_decorator.py
[2026-04-25T08:50:58.542+0000] {processor.py:840} INFO - DAG(s) 'example_task_group_decorator' retrieved from /home/airflow/.local/lib/python3.12/site-packages/airflow/example_dags/example_task_group_decorator.py
[2026-04-25T08:50:58.583+0000] {logging_mixin.py:188} INFO - [2026-04-25T08:50:58.583+0000] {dag.py:3096} INFO - Sync 1 DAGs
[2026-04-25T08:50:58.617+0000] {logging_mixin.py:188} INFO - [2026-04-25T08:50:58.616+0000] {dag.py:3954} INFO - Setting next_dagrun for example_task_group_decorator to 2026-04-24 00:00:00+00:00, run_after=2026-04-25 00:00:00+00:00
[2026-04-25T08:50:58.638+0000] {processor.py:183} INFO - Processing /home/airflow/.local/lib/python3.12/site-packages/airflow/example_dags/example_task_group_decorator.py took 0.122 seconds
[2026-04-25T08:51:29.267+0000] {processor.py:161} INFO - Started process (PID=2191) to work on /home/airflow/.local/lib/python3.12/site-packages/airflow/example_dags/example_task_group_decorator.py
[2026-04-25T08:51:29.269+0000] {processor.py:830} INFO - Processing file /home/airflow/.local/lib/python3.12/site-packages/airflow/example_dags/example_task_group_decorator.py for tasks to queue
[2026-04-25T08:51:29.272+0000] {logging_mixin.py:188} INFO - [2026-04-25T08:51:29.272+0000] {dagbag.py:545} INFO - Filling up the DagBag from /home/airflow/.local/lib/python3.12/site-packages/airflow/example_dags/example_task_group_decorator.py
[2026-04-25T08:51:29.303+0000] {processor.py:840} INFO - DAG(s) 'example_task_group_decorator' retrieved from /home/airflow/.local/lib/python3.12/site-packages/airflow/example_dags/example_task_group_decorator.py
[2026-04-25T08:51:29.346+0000] {logging_mixin.py:188} INFO - [2026-04-25T08:51:29.346+0000] {dag.py:3096} INFO - Sync 1 DAGs
[2026-04-25T08:51:29.384+0000] {logging_mixin.py:188} INFO - [2026-04-25T08:51:29.384+0000] {dag.py:3954} INFO - Setting next_dagrun for example_task_group_decorator to 2026-04-24 00:00:00+00:00, run_after=2026-04-25 00:00:00+00:00
[2026-04-25T08:51:29.408+0000] {processor.py:183} INFO - Processing /home/airflow/.local/lib/python3.12/site-packages/airflow/example_dags/example_task_group_decorator.py took 0.154 seconds
[2026-04-25T08:52:00.341+0000] {processor.py:161} INFO - Started process (PID=2249) to work on /home/airflow/.local/lib/python3.12/site-packages/airflow/example_dags/example_task_group_decorator.py
[2026-04-25T08:52:00.342+0000] {processor.py:830} INFO - Processing file /home/airflow/.local/lib/python3.12/site-packages/airflow/example_dags/example_task_group_decorator.py for tasks to queue
[2026-04-25T08:52:00.344+0000] {logging_mixin.py:188} INFO - [2026-04-25T08:52:00.343+0000] {dagbag.py:545} INFO - Filling up the DagBag from /home/airflow/.local/lib/python3.12/site-packages/airflow/example_dags/example_task_group_decorator.py
[2026-04-25T08:52:00.359+0000] {processor.py:840} INFO - DAG(s) 'example_task_group_decorator' retrieved from /home/airflow/.local/lib/python3.12/site-packages/airflow/example_dags/example_task_group_decorator.py
[2026-04-25T08:52:00.380+0000] {logging_mixin.py:188} INFO - [2026-04-25T08:52:00.380+0000] {dag.py:3096} INFO - Sync 1 DAGs
[2026-04-25T08:52:00.399+0000] {logging_mixin.py:188} INFO - [2026-04-25T08:52:00.399+0000] {dag.py:3954} INFO - Setting next_dagrun for example_task_group_decorator to 2026-04-24 00:00:00+00:00, run_after=2026-04-25 00:00:00+00:00
[2026-04-25T08:52:00.414+0000] {processor.py:183} INFO - Processing /home/airflow/.local/lib/python3.12/site-packages/airflow/example_dags/example_task_group_decorator.py took 0.080 seconds
[2026-04-25T08:52:30.816+0000] {processor.py:161} INFO - Started process (PID=2307) to work on /home/airflow/.local/lib/python3.12/site-packages/airflow/example_dags/example_task_group_decorator.py
[2026-04-25T08:52:30.817+0000] {processor.py:830} INFO - Processing file /home/airflow/.local/lib/python3.12/site-packages/airflow/example_dags/example_task_group_decorator.py for tasks to queue
[2026-04-25T08:52:30.820+0000] {logging_mixin.py:188} INFO - [2026-04-25T08:52:30.819+0000] {dagbag.py:545} INFO - Filling up the DagBag from /home/airflow/.local/lib/python3.12/site-packages/airflow/example_dags/example_task_group_decorator.py
[2026-04-25T08:52:30.851+0000] {processor.py:840} INFO - DAG(s) 'example_task_group_decorator' retrieved from /home/airflow/.local/lib/python3.12/site-packages/airflow/example_dags/example_task_group_decorator.py
[2026-04-25T08:52:30.887+0000] {logging_mixin.py:188} INFO - [2026-04-25T08:52:30.887+0000] {dag.py:3096} INFO - Sync 1 DAGs
[2026-04-25T08:52:30.915+0000] {logging_mixin.py:188} INFO - [2026-04-25T08:52:30.915+0000] {dag.py:3954} INFO - Setting next_dagrun for example_task_group_decorator to 2026-04-24 00:00:00+00:00, run_after=2026-04-25 00:00:00+00:00
[2026-04-25T08:52:30.939+0000] {processor.py:183} INFO - Processing /home/airflow/.local/lib/python3.12/site-packages/airflow/example_dags/example_task_group_decorator.py took 0.130 seconds
[2026-04-25T08:53:01.490+0000] {processor.py:161} INFO - Started process (PID=2365) to work on /home/airflow/.local/lib/python3.12/site-packages/airflow/example_dags/example_task_group_decorator.py
[2026-04-25T08:53:01.491+0000] {processor.py:830} INFO - Processing file /home/airflow/.local/lib/python3.12/site-packages/airflow/example_dags/example_task_group_decorator.py for tasks to queue
[2026-04-25T08:53:01.493+0000] {logging_mixin.py:188} INFO - [2026-04-25T08:53:01.492+0000] {dagbag.py:545} INFO - Filling up the DagBag from /home/airflow/.local/lib/python3.12/site-packages/airflow/example_dags/example_task_group_decorator.py
[2026-04-25T08:53:01.509+0000] {processor.py:840} INFO - DAG(s) 'example_task_group_decorator' retrieved from /home/airflow/.local/lib/python3.12/site-packages/airflow/example_dags/example_task_group_decorator.py
[2026-04-25T08:53:01.541+0000] {logging_mixin.py:188} INFO - [2026-04-25T08:53:01.540+0000] {dag.py:3096} INFO - Sync 1 DAGs
[2026-04-25T08:53:01.570+0000] {logging_mixin.py:188} INFO - [2026-04-25T08:53:01.569+0000] {dag.py:3954} INFO - Setting next_dagrun for example_task_group_decorator to 2026-04-24 00:00:00+00:00, run_after=2026-04-25 00:00:00+00:00
[2026-04-25T08:53:01.589+0000] {processor.py:183} INFO - Processing /home/airflow/.local/lib/python3.12/site-packages/airflow/example_dags/example_task_group_decorator.py took 0.106 seconds
[2026-04-25T08:53:32.056+0000] {processor.py:161} INFO - Started process (PID=2423) to work on /home/airflow/.local/lib/python3.12/site-packages/airflow/example_dags/example_task_group_decorator.py
[2026-04-25T08:53:32.056+0000] {processor.py:830} INFO - Processing file /home/airflow/.local/lib/python3.12/site-packages/airflow/example_dags/example_task_group_decorator.py for tasks to queue
[2026-04-25T08:53:32.059+0000] {logging_mixin.py:188} INFO - [2026-04-25T08:53:32.058+0000] {dagbag.py:545} INFO - Filling up the DagBag from /home/airflow/.local/lib/python3.12/site-packages/airflow/example_dags/example_task_group_decorator.py
[2026-04-25T08:53:32.074+0000] {processor.py:840} INFO - DAG(s) 'example_task_group_decorator' retrieved from /home/airflow/.local/lib/python3.12/site-packages/airflow/example_dags/example_task_group_decorator.py
[2026-04-25T08:53:32.095+0000] {logging_mixin.py:188} INFO - [2026-04-25T08:53:32.095+0000] {dag.py:3096} INFO - Sync 1 DAGs
[2026-04-25T08:53:32.117+0000] {logging_mixin.py:188} INFO - [2026-04-25T08:53:32.117+0000] {dag.py:3954} INFO - Setting next_dagrun for example_task_group_decorator to 2026-04-24 00:00:00+00:00, run_after=2026-04-25 00:00:00+00:00
[2026-04-25T08:53:32.136+0000] {processor.py:183} INFO - Processing /home/airflow/.local/lib/python3.12/site-packages/airflow/example_dags/example_task_group_decorator.py took 0.088 seconds
[2026-04-25T08:54:02.475+0000] {processor.py:161} INFO - Started process (PID=2481) to work on /home/airflow/.local/lib/python3.12/site-packages/airflow/example_dags/example_task_group_decorator.py
[2026-04-25T08:54:02.476+0000] {processor.py:830} INFO - Processing file /home/airflow/.local/lib/python3.12/site-packages/airflow/example_dags/example_task_group_decorator.py for tasks to queue
[2026-04-25T08:54:02.478+0000] {logging_mixin.py:188} INFO - [2026-04-25T08:54:02.477+0000] {dagbag.py:545} INFO - Filling up the DagBag from /home/airflow/.local/lib/python3.12/site-packages/airflow/example_dags/example_task_group_decorator.py
[2026-04-25T08:54:02.493+0000] {processor.py:840} INFO - DAG(s) 'example_task_group_decorator' retrieved from /home/airflow/.local/lib/python3.12/site-packages/airflow/example_dags/example_task_group_decorator.py
[2026-04-25T08:54:02.516+0000] {logging_mixin.py:188} INFO - [2026-04-25T08:54:02.515+0000] {dag.py:3096} INFO - Sync 1 DAGs
[2026-04-25T08:54:02.536+0000] {logging_mixin.py:188} INFO - [2026-04-25T08:54:02.536+0000] {dag.py:3954} INFO - Setting next_dagrun for example_task_group_decorator to 2026-04-24 00:00:00+00:00, run_after=2026-04-25 00:00:00+00:00
[2026-04-25T08:54:02.551+0000] {processor.py:183} INFO - Processing /home/airflow/.local/lib/python3.12/site-packages/airflow/example_dags/example_task_group_decorator.py took 0.081 seconds
[2026-04-25T08:54:32.997+0000] {processor.py:161} INFO - Started process (PID=2544) to work on /home/airflow/.local/lib/python3.12/site-packages/airflow/example_dags/example_task_group_decorator.py
[2026-04-25T08:54:32.998+0000] {processor.py:830} INFO - Processing file /home/airflow/.local/lib/python3.12/site-packages/airflow/example_dags/example_task_group_decorator.py for tasks to queue
[2026-04-25T08:54:33.001+0000] {logging_mixin.py:188} INFO - [2026-04-25T08:54:33.000+0000] {dagbag.py:545} INFO - Filling up the DagBag from /home/airflow/.local/lib/python3.12/site-packages/airflow/example_dags/example_task_group_decorator.py
[2026-04-25T08:54:33.018+0000] {processor.py:840} INFO - DAG(s) 'example_task_group_decorator' retrieved from /home/airflow/.local/lib/python3.12/site-packages/airflow/example_dags/example_task_group_decorator.py
[2026-04-25T08:54:33.043+0000] {logging_mixin.py:188} INFO - [2026-04-25T08:54:33.042+0000] {dag.py:3096} INFO - Sync 1 DAGs
[2026-04-25T08:54:33.062+0000] {logging_mixin.py:188} INFO - [2026-04-25T08:54:33.061+0000] {dag.py:3954} INFO - Setting next_dagrun for example_task_group_decorator to 2026-04-24 00:00:00+00:00, run_after=2026-04-25 00:00:00+00:00
[2026-04-25T08:54:33.086+0000] {processor.py:183} INFO - Processing /home/airflow/.local/lib/python3.12/site-packages/airflow/example_dags/example_task_group_decorator.py took 0.096 seconds
[2026-04-25T08:55:03.454+0000] {processor.py:161} INFO - Started process (PID=2602) to work on /home/airflow/.local/lib/python3.12/site-packages/airflow/example_dags/example_task_group_decorator.py
[2026-04-25T08:55:03.455+0000] {processor.py:830} INFO - Processing file /home/airflow/.local/lib/python3.12/site-packages/airflow/example_dags/example_task_group_decorator.py for tasks to queue
[2026-04-25T08:55:03.456+0000] {logging_mixin.py:188} INFO - [2026-04-25T08:55:03.456+0000] {dagbag.py:545} INFO - Filling up the DagBag from /home/airflow/.local/lib/python3.12/site-packages/airflow/example_dags/example_task_group_decorator.py
[2026-04-25T08:55:03.476+0000] {processor.py:840} INFO - DAG(s) 'example_task_group_decorator' retrieved from /home/airflow/.local/lib/python3.12/site-packages/airflow/example_dags/example_task_group_decorator.py
[2026-04-25T08:55:03.503+0000] {logging_mixin.py:188} INFO - [2026-04-25T08:55:03.503+0000] {dag.py:3096} INFO - Sync 1 DAGs
[2026-04-25T08:55:03.521+0000] {logging_mixin.py:188} INFO - [2026-04-25T08:55:03.521+0000] {dag.py:3954} INFO - Setting next_dagrun for example_task_group_decorator to 2026-04-24 00:00:00+00:00, run_after=2026-04-25 00:00:00+00:00
[2026-04-25T08:55:03.536+0000] {processor.py:183} INFO - Processing /home/airflow/.local/lib/python3.12/site-packages/airflow/example_dags/example_task_group_decorator.py took 0.086 seconds
[2026-04-25T08:55:33.908+0000] {processor.py:161} INFO - Started process (PID=2660) to work on /home/airflow/.local/lib/python3.12/site-packages/airflow/example_dags/example_task_group_decorator.py
[2026-04-25T08:55:33.909+0000] {processor.py:830} INFO - Processing file /home/airflow/.local/lib/python3.12/site-packages/airflow/example_dags/example_task_group_decorator.py for tasks to queue
[2026-04-25T08:55:33.911+0000] {logging_mixin.py:188} INFO - [2026-04-25T08:55:33.911+0000] {dagbag.py:545} INFO - Filling up the DagBag from /home/airflow/.local/lib/python3.12/site-packages/airflow/example_dags/example_task_group_decorator.py
[2026-04-25T08:55:33.932+0000] {processor.py:840} INFO - DAG(s) 'example_task_group_decorator' retrieved from /home/airflow/.local/lib/python3.12/site-packages/airflow/example_dags/example_task_group_decorator.py
[2026-04-25T08:55:33.957+0000] {logging_mixin.py:188} INFO - [2026-04-25T08:55:33.957+0000] {dag.py:3096} INFO - Sync 1 DAGs
[2026-04-25T08:55:33.978+0000] {logging_mixin.py:188} INFO - [2026-04-25T08:55:33.977+0000] {dag.py:3954} INFO - Setting next_dagrun for example_task_group_decorator to 2026-04-24 00:00:00+00:00, run_after=2026-04-25 00:00:00+00:00
[2026-04-25T08:55:33.993+0000] {processor.py:183} INFO - Processing /home/airflow/.local/lib/python3.12/site-packages/airflow/example_dags/example_task_group_decorator.py took 0.092 seconds
