[2026-04-25T08:33:04.739+0000] {processor.py:161} INFO - Started process (PID=87) to work on /home/airflow/.local/lib/python3.12/site-packages/airflow/example_dags/example_sensors.py
[2026-04-25T08:33:04.740+0000] {processor.py:830} INFO - Processing file /home/airflow/.local/lib/python3.12/site-packages/airflow/example_dags/example_sensors.py for tasks to queue
[2026-04-25T08:33:04.742+0000] {logging_mixin.py:188} INFO - [2026-04-25T08:33:04.741+0000] {dagbag.py:545} INFO - Filling up the DagBag from /home/airflow/.local/lib/python3.12/site-packages/airflow/example_dags/example_sensors.py
[2026-04-25T08:33:04.753+0000] {processor.py:840} INFO - DAG(s) 'example_sensors' retrieved from /home/airflow/.local/lib/python3.12/site-packages/airflow/example_dags/example_sensors.py
[2026-04-25T08:33:04.939+0000] {logging_mixin.py:188} INFO - [2026-04-25T08:33:04.938+0000] {dag.py:3096} INFO - Sync 1 DAGs
[2026-04-25T08:33:04.951+0000] {logging_mixin.py:188} INFO - [2026-04-25T08:33:04.951+0000] {dag.py:3954} INFO - Setting next_dagrun for example_sensors to None, run_after=None
[2026-04-25T08:33:04.970+0000] {processor.py:183} INFO - Processing /home/airflow/.local/lib/python3.12/site-packages/airflow/example_dags/example_sensors.py took 0.238 seconds
[2026-04-25T08:33:35.581+0000] {processor.py:161} INFO - Started process (PID=145) to work on /home/airflow/.local/lib/python3.12/site-packages/airflow/example_dags/example_sensors.py
[2026-04-25T08:33:35.582+0000] {processor.py:830} INFO - Processing file /home/airflow/.local/lib/python3.12/site-packages/airflow/example_dags/example_sensors.py for tasks to queue
[2026-04-25T08:33:35.583+0000] {logging_mixin.py:188} INFO - [2026-04-25T08:33:35.583+0000] {dagbag.py:545} INFO - Filling up the DagBag from /home/airflow/.local/lib/python3.12/site-packages/airflow/example_dags/example_sensors.py
[2026-04-25T08:33:35.593+0000] {processor.py:840} INFO - DAG(s) 'example_sensors' retrieved from /home/airflow/.local/lib/python3.12/site-packages/airflow/example_dags/example_sensors.py
[2026-04-25T08:33:35.623+0000] {logging_mixin.py:188} INFO - [2026-04-25T08:33:35.622+0000] {dag.py:3096} INFO - Sync 1 DAGs
[2026-04-25T08:33:35.635+0000] {logging_mixin.py:188} INFO - [2026-04-25T08:33:35.635+0000] {dag.py:3954} INFO - Setting next_dagrun for example_sensors to None, run_after=None
[2026-04-25T08:33:35.650+0000] {processor.py:183} INFO - Processing /home/airflow/.local/lib/python3.12/site-packages/airflow/example_dags/example_sensors.py took 0.073 seconds
[2026-04-25T08:34:05.738+0000] {processor.py:161} INFO - Started process (PID=203) to work on /home/airflow/.local/lib/python3.12/site-packages/airflow/example_dags/example_sensors.py
[2026-04-25T08:34:05.738+0000] {processor.py:830} INFO - Processing file /home/airflow/.local/lib/python3.12/site-packages/airflow/example_dags/example_sensors.py for tasks to queue
[2026-04-25T08:34:05.740+0000] {logging_mixin.py:188} INFO - [2026-04-25T08:34:05.740+0000] {dagbag.py:545} INFO - Filling up the DagBag from /home/airflow/.local/lib/python3.12/site-packages/airflow/example_dags/example_sensors.py
[2026-04-25T08:34:05.751+0000] {processor.py:840} INFO - DAG(s) 'example_sensors' retrieved from /home/airflow/.local/lib/python3.12/site-packages/airflow/example_dags/example_sensors.py
[2026-04-25T08:34:05.783+0000] {logging_mixin.py:188} INFO - [2026-04-25T08:34:05.782+0000] {dag.py:3096} INFO - Sync 1 DAGs
[2026-04-25T08:34:05.796+0000] {logging_mixin.py:188} INFO - [2026-04-25T08:34:05.796+0000] {dag.py:3954} INFO - Setting next_dagrun for example_sensors to None, run_after=None
[2026-04-25T08:34:05.811+0000] {processor.py:183} INFO - Processing /home/airflow/.local/lib/python3.12/site-packages/airflow/example_dags/example_sensors.py took 0.079 seconds
[2026-04-25T08:34:35.867+0000] {processor.py:161} INFO - Started process (PID=261) to work on /home/airflow/.local/lib/python3.12/site-packages/airflow/example_dags/example_sensors.py
[2026-04-25T08:34:35.867+0000] {processor.py:830} INFO - Processing file /home/airflow/.local/lib/python3.12/site-packages/airflow/example_dags/example_sensors.py for tasks to queue
[2026-04-25T08:34:35.868+0000] {logging_mixin.py:188} INFO - [2026-04-25T08:34:35.868+0000] {dagbag.py:545} INFO - Filling up the DagBag from /home/airflow/.local/lib/python3.12/site-packages/airflow/example_dags/example_sensors.py
[2026-04-25T08:34:35.876+0000] {processor.py:840} INFO - DAG(s) 'example_sensors' retrieved from /home/airflow/.local/lib/python3.12/site-packages/airflow/example_dags/example_sensors.py
[2026-04-25T08:34:35.897+0000] {logging_mixin.py:188} INFO - [2026-04-25T08:34:35.896+0000] {dag.py:3096} INFO - Sync 1 DAGs
[2026-04-25T08:34:35.909+0000] {logging_mixin.py:188} INFO - [2026-04-25T08:34:35.908+0000] {dag.py:3954} INFO - Setting next_dagrun for example_sensors to None, run_after=None
[2026-04-25T08:34:35.924+0000] {processor.py:183} INFO - Processing /home/airflow/.local/lib/python3.12/site-packages/airflow/example_dags/example_sensors.py took 0.063 seconds
[2026-04-25T08:35:06.497+0000] {processor.py:161} INFO - Started process (PID=319) to work on /home/airflow/.local/lib/python3.12/site-packages/airflow/example_dags/example_sensors.py
[2026-04-25T08:35:06.498+0000] {processor.py:830} INFO - Processing file /home/airflow/.local/lib/python3.12/site-packages/airflow/example_dags/example_sensors.py for tasks to queue
[2026-04-25T08:35:06.499+0000] {logging_mixin.py:188} INFO - [2026-04-25T08:35:06.499+0000] {dagbag.py:545} INFO - Filling up the DagBag from /home/airflow/.local/lib/python3.12/site-packages/airflow/example_dags/example_sensors.py
[2026-04-25T08:35:06.508+0000] {processor.py:840} INFO - DAG(s) 'example_sensors' retrieved from /home/airflow/.local/lib/python3.12/site-packages/airflow/example_dags/example_sensors.py
[2026-04-25T08:35:06.530+0000] {logging_mixin.py:188} INFO - [2026-04-25T08:35:06.530+0000] {dag.py:3096} INFO - Sync 1 DAGs
[2026-04-25T08:35:06.541+0000] {logging_mixin.py:188} INFO - [2026-04-25T08:35:06.540+0000] {dag.py:3954} INFO - Setting next_dagrun for example_sensors to None, run_after=None
[2026-04-25T08:35:06.555+0000] {processor.py:183} INFO - Processing /home/airflow/.local/lib/python3.12/site-packages/airflow/example_dags/example_sensors.py took 0.063 seconds
[2026-04-25T08:35:36.587+0000] {processor.py:161} INFO - Started process (PID=376) to work on /home/airflow/.local/lib/python3.12/site-packages/airflow/example_dags/example_sensors.py
[2026-04-25T08:35:36.588+0000] {processor.py:830} INFO - Processing file /home/airflow/.local/lib/python3.12/site-packages/airflow/example_dags/example_sensors.py for tasks to queue
[2026-04-25T08:35:36.589+0000] {logging_mixin.py:188} INFO - [2026-04-25T08:35:36.589+0000] {dagbag.py:545} INFO - Filling up the DagBag from /home/airflow/.local/lib/python3.12/site-packages/airflow/example_dags/example_sensors.py
[2026-04-25T08:35:36.597+0000] {processor.py:840} INFO - DAG(s) 'example_sensors' retrieved from /home/airflow/.local/lib/python3.12/site-packages/airflow/example_dags/example_sensors.py
[2026-04-25T08:35:36.620+0000] {logging_mixin.py:188} INFO - [2026-04-25T08:35:36.620+0000] {dag.py:3096} INFO - Sync 1 DAGs
[2026-04-25T08:35:36.631+0000] {logging_mixin.py:188} INFO - [2026-04-25T08:35:36.631+0000] {dag.py:3954} INFO - Setting next_dagrun for example_sensors to None, run_after=None
[2026-04-25T08:35:36.647+0000] {processor.py:183} INFO - Processing /home/airflow/.local/lib/python3.12/site-packages/airflow/example_dags/example_sensors.py took 0.066 seconds
[2026-04-25T08:36:07.626+0000] {processor.py:161} INFO - Started process (PID=434) to work on /home/airflow/.local/lib/python3.12/site-packages/airflow/example_dags/example_sensors.py
[2026-04-25T08:36:07.627+0000] {processor.py:830} INFO - Processing file /home/airflow/.local/lib/python3.12/site-packages/airflow/example_dags/example_sensors.py for tasks to queue
[2026-04-25T08:36:07.628+0000] {logging_mixin.py:188} INFO - [2026-04-25T08:36:07.628+0000] {dagbag.py:545} INFO - Filling up the DagBag from /home/airflow/.local/lib/python3.12/site-packages/airflow/example_dags/example_sensors.py
[2026-04-25T08:36:07.637+0000] {processor.py:840} INFO - DAG(s) 'example_sensors' retrieved from /home/airflow/.local/lib/python3.12/site-packages/airflow/example_dags/example_sensors.py
[2026-04-25T08:36:07.659+0000] {logging_mixin.py:188} INFO - [2026-04-25T08:36:07.659+0000] {dag.py:3096} INFO - Sync 1 DAGs
[2026-04-25T08:36:07.669+0000] {logging_mixin.py:188} INFO - [2026-04-25T08:36:07.669+0000] {dag.py:3954} INFO - Setting next_dagrun for example_sensors to None, run_after=None
[2026-04-25T08:36:07.684+0000] {processor.py:183} INFO - Processing /home/airflow/.local/lib/python3.12/site-packages/airflow/example_dags/example_sensors.py took 0.062 seconds
[2026-04-25T08:36:38.310+0000] {processor.py:161} INFO - Started process (PID=493) to work on /home/airflow/.local/lib/python3.12/site-packages/airflow/example_dags/example_sensors.py
[2026-04-25T08:36:38.311+0000] {processor.py:830} INFO - Processing file /home/airflow/.local/lib/python3.12/site-packages/airflow/example_dags/example_sensors.py for tasks to queue
[2026-04-25T08:36:38.312+0000] {logging_mixin.py:188} INFO - [2026-04-25T08:36:38.312+0000] {dagbag.py:545} INFO - Filling up the DagBag from /home/airflow/.local/lib/python3.12/site-packages/airflow/example_dags/example_sensors.py
[2026-04-25T08:36:38.320+0000] {processor.py:840} INFO - DAG(s) 'example_sensors' retrieved from /home/airflow/.local/lib/python3.12/site-packages/airflow/example_dags/example_sensors.py
[2026-04-25T08:36:38.342+0000] {logging_mixin.py:188} INFO - [2026-04-25T08:36:38.342+0000] {dag.py:3096} INFO - Sync 1 DAGs
[2026-04-25T08:36:38.354+0000] {logging_mixin.py:188} INFO - [2026-04-25T08:36:38.353+0000] {dag.py:3954} INFO - Setting next_dagrun for example_sensors to None, run_after=None
[2026-04-25T08:36:38.368+0000] {processor.py:183} INFO - Processing /home/airflow/.local/lib/python3.12/site-packages/airflow/example_dags/example_sensors.py took 0.062 seconds
[2026-04-25T08:37:08.571+0000] {processor.py:161} INFO - Started process (PID=551) to work on /home/airflow/.local/lib/python3.12/site-packages/airflow/example_dags/example_sensors.py
[2026-04-25T08:37:08.572+0000] {processor.py:830} INFO - Processing file /home/airflow/.local/lib/python3.12/site-packages/airflow/example_dags/example_sensors.py for tasks to queue
[2026-04-25T08:37:08.574+0000] {logging_mixin.py:188} INFO - [2026-04-25T08:37:08.574+0000] {dagbag.py:545} INFO - Filling up the DagBag from /home/airflow/.local/lib/python3.12/site-packages/airflow/example_dags/example_sensors.py
[2026-04-25T08:37:08.582+0000] {processor.py:840} INFO - DAG(s) 'example_sensors' retrieved from /home/airflow/.local/lib/python3.12/site-packages/airflow/example_dags/example_sensors.py
[2026-04-25T08:37:08.608+0000] {logging_mixin.py:188} INFO - [2026-04-25T08:37:08.608+0000] {dag.py:3096} INFO - Sync 1 DAGs
[2026-04-25T08:37:08.619+0000] {logging_mixin.py:188} INFO - [2026-04-25T08:37:08.619+0000] {dag.py:3954} INFO - Setting next_dagrun for example_sensors to None, run_after=None
[2026-04-25T08:37:08.634+0000] {processor.py:183} INFO - Processing /home/airflow/.local/lib/python3.12/site-packages/airflow/example_dags/example_sensors.py took 0.068 seconds
[2026-04-25T08:37:39.034+0000] {processor.py:161} INFO - Started process (PID=609) to work on /home/airflow/.local/lib/python3.12/site-packages/airflow/example_dags/example_sensors.py
[2026-04-25T08:37:39.035+0000] {processor.py:830} INFO - Processing file /home/airflow/.local/lib/python3.12/site-packages/airflow/example_dags/example_sensors.py for tasks to queue
[2026-04-25T08:37:39.036+0000] {logging_mixin.py:188} INFO - [2026-04-25T08:37:39.036+0000] {dagbag.py:545} INFO - Filling up the DagBag from /home/airflow/.local/lib/python3.12/site-packages/airflow/example_dags/example_sensors.py
[2026-04-25T08:37:39.046+0000] {processor.py:840} INFO - DAG(s) 'example_sensors' retrieved from /home/airflow/.local/lib/python3.12/site-packages/airflow/example_dags/example_sensors.py
[2026-04-25T08:37:39.071+0000] {logging_mixin.py:188} INFO - [2026-04-25T08:37:39.071+0000] {dag.py:3096} INFO - Sync 1 DAGs
[2026-04-25T08:37:39.082+0000] {logging_mixin.py:188} INFO - [2026-04-25T08:37:39.082+0000] {dag.py:3954} INFO - Setting next_dagrun for example_sensors to None, run_after=None
[2026-04-25T08:37:39.097+0000] {processor.py:183} INFO - Processing /home/airflow/.local/lib/python3.12/site-packages/airflow/example_dags/example_sensors.py took 0.067 seconds
[2026-04-25T08:38:09.419+0000] {processor.py:161} INFO - Started process (PID=667) to work on /home/airflow/.local/lib/python3.12/site-packages/airflow/example_dags/example_sensors.py
[2026-04-25T08:38:09.420+0000] {processor.py:830} INFO - Processing file /home/airflow/.local/lib/python3.12/site-packages/airflow/example_dags/example_sensors.py for tasks to queue
[2026-04-25T08:38:09.421+0000] {logging_mixin.py:188} INFO - [2026-04-25T08:38:09.421+0000] {dagbag.py:545} INFO - Filling up the DagBag from /home/airflow/.local/lib/python3.12/site-packages/airflow/example_dags/example_sensors.py
[2026-04-25T08:38:09.428+0000] {processor.py:840} INFO - DAG(s) 'example_sensors' retrieved from /home/airflow/.local/lib/python3.12/site-packages/airflow/example_dags/example_sensors.py
[2026-04-25T08:38:09.456+0000] {logging_mixin.py:188} INFO - [2026-04-25T08:38:09.456+0000] {dag.py:3096} INFO - Sync 1 DAGs
[2026-04-25T08:38:09.471+0000] {logging_mixin.py:188} INFO - [2026-04-25T08:38:09.471+0000] {dag.py:3954} INFO - Setting next_dagrun for example_sensors to None, run_after=None
[2026-04-25T08:38:09.485+0000] {processor.py:183} INFO - Processing /home/airflow/.local/lib/python3.12/site-packages/airflow/example_dags/example_sensors.py took 0.070 seconds
[2026-04-25T08:38:39.675+0000] {processor.py:161} INFO - Started process (PID=725) to work on /home/airflow/.local/lib/python3.12/site-packages/airflow/example_dags/example_sensors.py
[2026-04-25T08:38:39.676+0000] {processor.py:830} INFO - Processing file /home/airflow/.local/lib/python3.12/site-packages/airflow/example_dags/example_sensors.py for tasks to queue
[2026-04-25T08:38:39.677+0000] {logging_mixin.py:188} INFO - [2026-04-25T08:38:39.677+0000] {dagbag.py:545} INFO - Filling up the DagBag from /home/airflow/.local/lib/python3.12/site-packages/airflow/example_dags/example_sensors.py
[2026-04-25T08:38:39.685+0000] {processor.py:840} INFO - DAG(s) 'example_sensors' retrieved from /home/airflow/.local/lib/python3.12/site-packages/airflow/example_dags/example_sensors.py
[2026-04-25T08:38:39.708+0000] {logging_mixin.py:188} INFO - [2026-04-25T08:38:39.708+0000] {dag.py:3096} INFO - Sync 1 DAGs
[2026-04-25T08:38:39.719+0000] {logging_mixin.py:188} INFO - [2026-04-25T08:38:39.719+0000] {dag.py:3954} INFO - Setting next_dagrun for example_sensors to None, run_after=None
[2026-04-25T08:38:39.734+0000] {processor.py:183} INFO - Processing /home/airflow/.local/lib/python3.12/site-packages/airflow/example_dags/example_sensors.py took 0.065 seconds
[2026-04-25T08:39:10.130+0000] {processor.py:161} INFO - Started process (PID=783) to work on /home/airflow/.local/lib/python3.12/site-packages/airflow/example_dags/example_sensors.py
[2026-04-25T08:39:10.131+0000] {processor.py:830} INFO - Processing file /home/airflow/.local/lib/python3.12/site-packages/airflow/example_dags/example_sensors.py for tasks to queue
[2026-04-25T08:39:10.132+0000] {logging_mixin.py:188} INFO - [2026-04-25T08:39:10.132+0000] {dagbag.py:545} INFO - Filling up the DagBag from /home/airflow/.local/lib/python3.12/site-packages/airflow/example_dags/example_sensors.py
[2026-04-25T08:39:10.139+0000] {processor.py:840} INFO - DAG(s) 'example_sensors' retrieved from /home/airflow/.local/lib/python3.12/site-packages/airflow/example_dags/example_sensors.py
[2026-04-25T08:39:10.160+0000] {logging_mixin.py:188} INFO - [2026-04-25T08:39:10.160+0000] {dag.py:3096} INFO - Sync 1 DAGs
[2026-04-25T08:39:10.170+0000] {logging_mixin.py:188} INFO - [2026-04-25T08:39:10.170+0000] {dag.py:3954} INFO - Setting next_dagrun for example_sensors to None, run_after=None
[2026-04-25T08:39:10.184+0000] {processor.py:183} INFO - Processing /home/airflow/.local/lib/python3.12/site-packages/airflow/example_dags/example_sensors.py took 0.058 seconds
[2026-04-25T08:39:40.397+0000] {processor.py:161} INFO - Started process (PID=841) to work on /home/airflow/.local/lib/python3.12/site-packages/airflow/example_dags/example_sensors.py
[2026-04-25T08:39:40.398+0000] {processor.py:830} INFO - Processing file /home/airflow/.local/lib/python3.12/site-packages/airflow/example_dags/example_sensors.py for tasks to queue
[2026-04-25T08:39:40.399+0000] {logging_mixin.py:188} INFO - [2026-04-25T08:39:40.399+0000] {dagbag.py:545} INFO - Filling up the DagBag from /home/airflow/.local/lib/python3.12/site-packages/airflow/example_dags/example_sensors.py
[2026-04-25T08:39:40.406+0000] {processor.py:840} INFO - DAG(s) 'example_sensors' retrieved from /home/airflow/.local/lib/python3.12/site-packages/airflow/example_dags/example_sensors.py
[2026-04-25T08:39:40.427+0000] {logging_mixin.py:188} INFO - [2026-04-25T08:39:40.427+0000] {dag.py:3096} INFO - Sync 1 DAGs
[2026-04-25T08:39:40.437+0000] {logging_mixin.py:188} INFO - [2026-04-25T08:39:40.437+0000] {dag.py:3954} INFO - Setting next_dagrun for example_sensors to None, run_after=None
[2026-04-25T08:39:40.451+0000] {processor.py:183} INFO - Processing /home/airflow/.local/lib/python3.12/site-packages/airflow/example_dags/example_sensors.py took 0.059 seconds
[2026-04-25T08:40:10.611+0000] {processor.py:161} INFO - Started process (PID=899) to work on /home/airflow/.local/lib/python3.12/site-packages/airflow/example_dags/example_sensors.py
[2026-04-25T08:40:10.611+0000] {processor.py:830} INFO - Processing file /home/airflow/.local/lib/python3.12/site-packages/airflow/example_dags/example_sensors.py for tasks to queue
[2026-04-25T08:40:10.613+0000] {logging_mixin.py:188} INFO - [2026-04-25T08:40:10.612+0000] {dagbag.py:545} INFO - Filling up the DagBag from /home/airflow/.local/lib/python3.12/site-packages/airflow/example_dags/example_sensors.py
[2026-04-25T08:40:10.620+0000] {processor.py:840} INFO - DAG(s) 'example_sensors' retrieved from /home/airflow/.local/lib/python3.12/site-packages/airflow/example_dags/example_sensors.py
[2026-04-25T08:40:10.641+0000] {logging_mixin.py:188} INFO - [2026-04-25T08:40:10.641+0000] {dag.py:3096} INFO - Sync 1 DAGs
[2026-04-25T08:40:10.657+0000] {logging_mixin.py:188} INFO - [2026-04-25T08:40:10.657+0000] {dag.py:3954} INFO - Setting next_dagrun for example_sensors to None, run_after=None
[2026-04-25T08:40:10.678+0000] {processor.py:183} INFO - Processing /home/airflow/.local/lib/python3.12/site-packages/airflow/example_dags/example_sensors.py took 0.072 seconds
[2026-04-25T08:40:41.122+0000] {processor.py:161} INFO - Started process (PID=957) to work on /home/airflow/.local/lib/python3.12/site-packages/airflow/example_dags/example_sensors.py
[2026-04-25T08:40:41.123+0000] {processor.py:830} INFO - Processing file /home/airflow/.local/lib/python3.12/site-packages/airflow/example_dags/example_sensors.py for tasks to queue
[2026-04-25T08:40:41.124+0000] {logging_mixin.py:188} INFO - [2026-04-25T08:40:41.124+0000] {dagbag.py:545} INFO - Filling up the DagBag from /home/airflow/.local/lib/python3.12/site-packages/airflow/example_dags/example_sensors.py
[2026-04-25T08:40:41.133+0000] {processor.py:840} INFO - DAG(s) 'example_sensors' retrieved from /home/airflow/.local/lib/python3.12/site-packages/airflow/example_dags/example_sensors.py
[2026-04-25T08:40:41.163+0000] {logging_mixin.py:188} INFO - [2026-04-25T08:40:41.162+0000] {dag.py:3096} INFO - Sync 1 DAGs
[2026-04-25T08:40:41.174+0000] {logging_mixin.py:188} INFO - [2026-04-25T08:40:41.174+0000] {dag.py:3954} INFO - Setting next_dagrun for example_sensors to None, run_after=None
[2026-04-25T08:40:41.189+0000] {processor.py:183} INFO - Processing /home/airflow/.local/lib/python3.12/site-packages/airflow/example_dags/example_sensors.py took 0.074 seconds
[2026-04-25T08:41:11.608+0000] {processor.py:161} INFO - Started process (PID=1015) to work on /home/airflow/.local/lib/python3.12/site-packages/airflow/example_dags/example_sensors.py
[2026-04-25T08:41:11.609+0000] {processor.py:830} INFO - Processing file /home/airflow/.local/lib/python3.12/site-packages/airflow/example_dags/example_sensors.py for tasks to queue
[2026-04-25T08:41:11.611+0000] {logging_mixin.py:188} INFO - [2026-04-25T08:41:11.611+0000] {dagbag.py:545} INFO - Filling up the DagBag from /home/airflow/.local/lib/python3.12/site-packages/airflow/example_dags/example_sensors.py
[2026-04-25T08:41:11.622+0000] {processor.py:840} INFO - DAG(s) 'example_sensors' retrieved from /home/airflow/.local/lib/python3.12/site-packages/airflow/example_dags/example_sensors.py
[2026-04-25T08:41:11.648+0000] {logging_mixin.py:188} INFO - [2026-04-25T08:41:11.648+0000] {dag.py:3096} INFO - Sync 1 DAGs
[2026-04-25T08:41:11.660+0000] {logging_mixin.py:188} INFO - [2026-04-25T08:41:11.660+0000] {dag.py:3954} INFO - Setting next_dagrun for example_sensors to None, run_after=None
[2026-04-25T08:41:11.679+0000] {processor.py:183} INFO - Processing /home/airflow/.local/lib/python3.12/site-packages/airflow/example_dags/example_sensors.py took 0.079 seconds
[2026-04-25T08:41:42.472+0000] {processor.py:161} INFO - Started process (PID=1073) to work on /home/airflow/.local/lib/python3.12/site-packages/airflow/example_dags/example_sensors.py
[2026-04-25T08:41:42.472+0000] {processor.py:830} INFO - Processing file /home/airflow/.local/lib/python3.12/site-packages/airflow/example_dags/example_sensors.py for tasks to queue
[2026-04-25T08:41:42.474+0000] {logging_mixin.py:188} INFO - [2026-04-25T08:41:42.474+0000] {dagbag.py:545} INFO - Filling up the DagBag from /home/airflow/.local/lib/python3.12/site-packages/airflow/example_dags/example_sensors.py
[2026-04-25T08:41:42.482+0000] {processor.py:840} INFO - DAG(s) 'example_sensors' retrieved from /home/airflow/.local/lib/python3.12/site-packages/airflow/example_dags/example_sensors.py
[2026-04-25T08:41:42.510+0000] {logging_mixin.py:188} INFO - [2026-04-25T08:41:42.510+0000] {dag.py:3096} INFO - Sync 1 DAGs
[2026-04-25T08:41:42.521+0000] {logging_mixin.py:188} INFO - [2026-04-25T08:41:42.521+0000] {dag.py:3954} INFO - Setting next_dagrun for example_sensors to None, run_after=None
[2026-04-25T08:41:42.536+0000] {processor.py:183} INFO - Processing /home/airflow/.local/lib/python3.12/site-packages/airflow/example_dags/example_sensors.py took 0.070 seconds
[2026-04-25T08:42:13.484+0000] {processor.py:161} INFO - Started process (PID=1131) to work on /home/airflow/.local/lib/python3.12/site-packages/airflow/example_dags/example_sensors.py
[2026-04-25T08:42:13.485+0000] {processor.py:830} INFO - Processing file /home/airflow/.local/lib/python3.12/site-packages/airflow/example_dags/example_sensors.py for tasks to queue
[2026-04-25T08:42:13.486+0000] {logging_mixin.py:188} INFO - [2026-04-25T08:42:13.486+0000] {dagbag.py:545} INFO - Filling up the DagBag from /home/airflow/.local/lib/python3.12/site-packages/airflow/example_dags/example_sensors.py
[2026-04-25T08:42:13.494+0000] {processor.py:840} INFO - DAG(s) 'example_sensors' retrieved from /home/airflow/.local/lib/python3.12/site-packages/airflow/example_dags/example_sensors.py
[2026-04-25T08:42:13.524+0000] {logging_mixin.py:188} INFO - [2026-04-25T08:42:13.524+0000] {dag.py:3096} INFO - Sync 1 DAGs
[2026-04-25T08:42:13.539+0000] {logging_mixin.py:188} INFO - [2026-04-25T08:42:13.539+0000] {dag.py:3954} INFO - Setting next_dagrun for example_sensors to None, run_after=None
[2026-04-25T08:42:13.555+0000] {processor.py:183} INFO - Processing /home/airflow/.local/lib/python3.12/site-packages/airflow/example_dags/example_sensors.py took 0.077 seconds
[2026-04-25T08:42:44.067+0000] {processor.py:161} INFO - Started process (PID=1189) to work on /home/airflow/.local/lib/python3.12/site-packages/airflow/example_dags/example_sensors.py
[2026-04-25T08:42:44.067+0000] {processor.py:830} INFO - Processing file /home/airflow/.local/lib/python3.12/site-packages/airflow/example_dags/example_sensors.py for tasks to queue
[2026-04-25T08:42:44.069+0000] {logging_mixin.py:188} INFO - [2026-04-25T08:42:44.069+0000] {dagbag.py:545} INFO - Filling up the DagBag from /home/airflow/.local/lib/python3.12/site-packages/airflow/example_dags/example_sensors.py
[2026-04-25T08:42:44.076+0000] {processor.py:840} INFO - DAG(s) 'example_sensors' retrieved from /home/airflow/.local/lib/python3.12/site-packages/airflow/example_dags/example_sensors.py
[2026-04-25T08:42:44.104+0000] {logging_mixin.py:188} INFO - [2026-04-25T08:42:44.104+0000] {dag.py:3096} INFO - Sync 1 DAGs
[2026-04-25T08:42:44.119+0000] {logging_mixin.py:188} INFO - [2026-04-25T08:42:44.119+0000] {dag.py:3954} INFO - Setting next_dagrun for example_sensors to None, run_after=None
[2026-04-25T08:42:44.136+0000] {processor.py:183} INFO - Processing /home/airflow/.local/lib/python3.12/site-packages/airflow/example_dags/example_sensors.py took 0.074 seconds
[2026-04-25T08:43:14.593+0000] {processor.py:161} INFO - Started process (PID=1247) to work on /home/airflow/.local/lib/python3.12/site-packages/airflow/example_dags/example_sensors.py
[2026-04-25T08:43:14.594+0000] {processor.py:830} INFO - Processing file /home/airflow/.local/lib/python3.12/site-packages/airflow/example_dags/example_sensors.py for tasks to queue
[2026-04-25T08:43:14.595+0000] {logging_mixin.py:188} INFO - [2026-04-25T08:43:14.595+0000] {dagbag.py:545} INFO - Filling up the DagBag from /home/airflow/.local/lib/python3.12/site-packages/airflow/example_dags/example_sensors.py
[2026-04-25T08:43:14.603+0000] {processor.py:840} INFO - DAG(s) 'example_sensors' retrieved from /home/airflow/.local/lib/python3.12/site-packages/airflow/example_dags/example_sensors.py
[2026-04-25T08:43:14.625+0000] {logging_mixin.py:188} INFO - [2026-04-25T08:43:14.625+0000] {dag.py:3096} INFO - Sync 1 DAGs
[2026-04-25T08:43:14.636+0000] {logging_mixin.py:188} INFO - [2026-04-25T08:43:14.636+0000] {dag.py:3954} INFO - Setting next_dagrun for example_sensors to None, run_after=None
[2026-04-25T08:43:14.651+0000] {processor.py:183} INFO - Processing /home/airflow/.local/lib/python3.12/site-packages/airflow/example_dags/example_sensors.py took 0.063 seconds
[2026-04-25T08:43:45.275+0000] {processor.py:161} INFO - Started process (PID=1305) to work on /home/airflow/.local/lib/python3.12/site-packages/airflow/example_dags/example_sensors.py
[2026-04-25T08:43:45.276+0000] {processor.py:830} INFO - Processing file /home/airflow/.local/lib/python3.12/site-packages/airflow/example_dags/example_sensors.py for tasks to queue
[2026-04-25T08:43:45.278+0000] {logging_mixin.py:188} INFO - [2026-04-25T08:43:45.278+0000] {dagbag.py:545} INFO - Filling up the DagBag from /home/airflow/.local/lib/python3.12/site-packages/airflow/example_dags/example_sensors.py
[2026-04-25T08:43:45.289+0000] {processor.py:840} INFO - DAG(s) 'example_sensors' retrieved from /home/airflow/.local/lib/python3.12/site-packages/airflow/example_dags/example_sensors.py
[2026-04-25T08:43:45.318+0000] {logging_mixin.py:188} INFO - [2026-04-25T08:43:45.318+0000] {dag.py:3096} INFO - Sync 1 DAGs
[2026-04-25T08:43:45.341+0000] {logging_mixin.py:188} INFO - [2026-04-25T08:43:45.340+0000] {dag.py:3954} INFO - Setting next_dagrun for example_sensors to None, run_after=None
[2026-04-25T08:43:45.375+0000] {processor.py:183} INFO - Processing /home/airflow/.local/lib/python3.12/site-packages/airflow/example_dags/example_sensors.py took 0.110 seconds
[2026-04-25T08:44:15.430+0000] {processor.py:161} INFO - Started process (PID=1363) to work on /home/airflow/.local/lib/python3.12/site-packages/airflow/example_dags/example_sensors.py
[2026-04-25T08:44:15.431+0000] {processor.py:830} INFO - Processing file /home/airflow/.local/lib/python3.12/site-packages/airflow/example_dags/example_sensors.py for tasks to queue
[2026-04-25T08:44:15.432+0000] {logging_mixin.py:188} INFO - [2026-04-25T08:44:15.432+0000] {dagbag.py:545} INFO - Filling up the DagBag from /home/airflow/.local/lib/python3.12/site-packages/airflow/example_dags/example_sensors.py
[2026-04-25T08:44:15.439+0000] {processor.py:840} INFO - DAG(s) 'example_sensors' retrieved from /home/airflow/.local/lib/python3.12/site-packages/airflow/example_dags/example_sensors.py
[2026-04-25T08:44:15.465+0000] {logging_mixin.py:188} INFO - [2026-04-25T08:44:15.465+0000] {dag.py:3096} INFO - Sync 1 DAGs
[2026-04-25T08:44:15.475+0000] {logging_mixin.py:188} INFO - [2026-04-25T08:44:15.475+0000] {dag.py:3954} INFO - Setting next_dagrun for example_sensors to None, run_after=None
[2026-04-25T08:44:15.490+0000] {processor.py:183} INFO - Processing /home/airflow/.local/lib/python3.12/site-packages/airflow/example_dags/example_sensors.py took 0.064 seconds
[2026-04-25T08:44:46.049+0000] {processor.py:161} INFO - Started process (PID=1421) to work on /home/airflow/.local/lib/python3.12/site-packages/airflow/example_dags/example_sensors.py
[2026-04-25T08:44:46.050+0000] {processor.py:830} INFO - Processing file /home/airflow/.local/lib/python3.12/site-packages/airflow/example_dags/example_sensors.py for tasks to queue
[2026-04-25T08:44:46.052+0000] {logging_mixin.py:188} INFO - [2026-04-25T08:44:46.051+0000] {dagbag.py:545} INFO - Filling up the DagBag from /home/airflow/.local/lib/python3.12/site-packages/airflow/example_dags/example_sensors.py
[2026-04-25T08:44:46.060+0000] {processor.py:840} INFO - DAG(s) 'example_sensors' retrieved from /home/airflow/.local/lib/python3.12/site-packages/airflow/example_dags/example_sensors.py
[2026-04-25T08:44:46.083+0000] {logging_mixin.py:188} INFO - [2026-04-25T08:44:46.083+0000] {dag.py:3096} INFO - Sync 1 DAGs
[2026-04-25T08:44:46.094+0000] {logging_mixin.py:188} INFO - [2026-04-25T08:44:46.094+0000] {dag.py:3954} INFO - Setting next_dagrun for example_sensors to None, run_after=None
[2026-04-25T08:44:46.108+0000] {processor.py:183} INFO - Processing /home/airflow/.local/lib/python3.12/site-packages/airflow/example_dags/example_sensors.py took 0.065 seconds
[2026-04-25T08:45:16.941+0000] {processor.py:161} INFO - Started process (PID=1479) to work on /home/airflow/.local/lib/python3.12/site-packages/airflow/example_dags/example_sensors.py
[2026-04-25T08:45:16.941+0000] {processor.py:830} INFO - Processing file /home/airflow/.local/lib/python3.12/site-packages/airflow/example_dags/example_sensors.py for tasks to queue
[2026-04-25T08:45:16.943+0000] {logging_mixin.py:188} INFO - [2026-04-25T08:45:16.943+0000] {dagbag.py:545} INFO - Filling up the DagBag from /home/airflow/.local/lib/python3.12/site-packages/airflow/example_dags/example_sensors.py
[2026-04-25T08:45:16.951+0000] {processor.py:840} INFO - DAG(s) 'example_sensors' retrieved from /home/airflow/.local/lib/python3.12/site-packages/airflow/example_dags/example_sensors.py
[2026-04-25T08:45:16.974+0000] {logging_mixin.py:188} INFO - [2026-04-25T08:45:16.973+0000] {dag.py:3096} INFO - Sync 1 DAGs
[2026-04-25T08:45:16.984+0000] {logging_mixin.py:188} INFO - [2026-04-25T08:45:16.984+0000] {dag.py:3954} INFO - Setting next_dagrun for example_sensors to None, run_after=None
[2026-04-25T08:45:17.001+0000] {processor.py:183} INFO - Processing /home/airflow/.local/lib/python3.12/site-packages/airflow/example_dags/example_sensors.py took 0.065 seconds
[2026-04-25T08:45:47.846+0000] {processor.py:161} INFO - Started process (PID=1537) to work on /home/airflow/.local/lib/python3.12/site-packages/airflow/example_dags/example_sensors.py
[2026-04-25T08:45:47.847+0000] {processor.py:830} INFO - Processing file /home/airflow/.local/lib/python3.12/site-packages/airflow/example_dags/example_sensors.py for tasks to queue
[2026-04-25T08:45:47.848+0000] {logging_mixin.py:188} INFO - [2026-04-25T08:45:47.848+0000] {dagbag.py:545} INFO - Filling up the DagBag from /home/airflow/.local/lib/python3.12/site-packages/airflow/example_dags/example_sensors.py
[2026-04-25T08:45:47.856+0000] {processor.py:840} INFO - DAG(s) 'example_sensors' retrieved from /home/airflow/.local/lib/python3.12/site-packages/airflow/example_dags/example_sensors.py
[2026-04-25T08:45:47.876+0000] {logging_mixin.py:188} INFO - [2026-04-25T08:45:47.876+0000] {dag.py:3096} INFO - Sync 1 DAGs
[2026-04-25T08:45:48.002+0000] {logging_mixin.py:188} INFO - [2026-04-25T08:45:48.002+0000] {dag.py:3954} INFO - Setting next_dagrun for example_sensors to None, run_after=None
[2026-04-25T08:45:48.015+0000] {processor.py:183} INFO - Processing /home/airflow/.local/lib/python3.12/site-packages/airflow/example_dags/example_sensors.py took 0.174 seconds
[2026-04-25T08:46:18.233+0000] {processor.py:161} INFO - Started process (PID=1595) to work on /home/airflow/.local/lib/python3.12/site-packages/airflow/example_dags/example_sensors.py
[2026-04-25T08:46:18.234+0000] {processor.py:830} INFO - Processing file /home/airflow/.local/lib/python3.12/site-packages/airflow/example_dags/example_sensors.py for tasks to queue
[2026-04-25T08:46:18.236+0000] {logging_mixin.py:188} INFO - [2026-04-25T08:46:18.236+0000] {dagbag.py:545} INFO - Filling up the DagBag from /home/airflow/.local/lib/python3.12/site-packages/airflow/example_dags/example_sensors.py
[2026-04-25T08:46:18.247+0000] {processor.py:840} INFO - DAG(s) 'example_sensors' retrieved from /home/airflow/.local/lib/python3.12/site-packages/airflow/example_dags/example_sensors.py
[2026-04-25T08:46:18.282+0000] {logging_mixin.py:188} INFO - [2026-04-25T08:46:18.282+0000] {dag.py:3096} INFO - Sync 1 DAGs
[2026-04-25T08:46:18.297+0000] {logging_mixin.py:188} INFO - [2026-04-25T08:46:18.297+0000] {dag.py:3954} INFO - Setting next_dagrun for example_sensors to None, run_after=None
[2026-04-25T08:46:18.473+0000] {processor.py:183} INFO - Processing /home/airflow/.local/lib/python3.12/site-packages/airflow/example_dags/example_sensors.py took 0.247 seconds
[2026-04-25T08:46:49.136+0000] {processor.py:161} INFO - Started process (PID=1653) to work on /home/airflow/.local/lib/python3.12/site-packages/airflow/example_dags/example_sensors.py
[2026-04-25T08:46:49.136+0000] {processor.py:830} INFO - Processing file /home/airflow/.local/lib/python3.12/site-packages/airflow/example_dags/example_sensors.py for tasks to queue
[2026-04-25T08:46:49.138+0000] {logging_mixin.py:188} INFO - [2026-04-25T08:46:49.138+0000] {dagbag.py:545} INFO - Filling up the DagBag from /home/airflow/.local/lib/python3.12/site-packages/airflow/example_dags/example_sensors.py
[2026-04-25T08:46:49.146+0000] {processor.py:840} INFO - DAG(s) 'example_sensors' retrieved from /home/airflow/.local/lib/python3.12/site-packages/airflow/example_dags/example_sensors.py
[2026-04-25T08:46:49.173+0000] {logging_mixin.py:188} INFO - [2026-04-25T08:46:49.173+0000] {dag.py:3096} INFO - Sync 1 DAGs
[2026-04-25T08:46:49.188+0000] {logging_mixin.py:188} INFO - [2026-04-25T08:46:49.188+0000] {dag.py:3954} INFO - Setting next_dagrun for example_sensors to None, run_after=None
[2026-04-25T08:46:49.204+0000] {processor.py:183} INFO - Processing /home/airflow/.local/lib/python3.12/site-packages/airflow/example_dags/example_sensors.py took 0.075 seconds
[2026-04-25T08:47:19.598+0000] {processor.py:161} INFO - Started process (PID=1711) to work on /home/airflow/.local/lib/python3.12/site-packages/airflow/example_dags/example_sensors.py
[2026-04-25T08:47:19.599+0000] {processor.py:830} INFO - Processing file /home/airflow/.local/lib/python3.12/site-packages/airflow/example_dags/example_sensors.py for tasks to queue
[2026-04-25T08:47:19.601+0000] {logging_mixin.py:188} INFO - [2026-04-25T08:47:19.600+0000] {dagbag.py:545} INFO - Filling up the DagBag from /home/airflow/.local/lib/python3.12/site-packages/airflow/example_dags/example_sensors.py
[2026-04-25T08:47:19.610+0000] {processor.py:840} INFO - DAG(s) 'example_sensors' retrieved from /home/airflow/.local/lib/python3.12/site-packages/airflow/example_dags/example_sensors.py
[2026-04-25T08:47:19.638+0000] {logging_mixin.py:188} INFO - [2026-04-25T08:47:19.638+0000] {dag.py:3096} INFO - Sync 1 DAGs
[2026-04-25T08:47:19.648+0000] {logging_mixin.py:188} INFO - [2026-04-25T08:47:19.648+0000] {dag.py:3954} INFO - Setting next_dagrun for example_sensors to None, run_after=None
[2026-04-25T08:47:19.664+0000] {processor.py:183} INFO - Processing /home/airflow/.local/lib/python3.12/site-packages/airflow/example_dags/example_sensors.py took 0.075 seconds
[2026-04-25T08:47:50.009+0000] {processor.py:161} INFO - Started process (PID=1769) to work on /home/airflow/.local/lib/python3.12/site-packages/airflow/example_dags/example_sensors.py
[2026-04-25T08:47:50.010+0000] {processor.py:830} INFO - Processing file /home/airflow/.local/lib/python3.12/site-packages/airflow/example_dags/example_sensors.py for tasks to queue
[2026-04-25T08:47:50.011+0000] {logging_mixin.py:188} INFO - [2026-04-25T08:47:50.011+0000] {dagbag.py:545} INFO - Filling up the DagBag from /home/airflow/.local/lib/python3.12/site-packages/airflow/example_dags/example_sensors.py
[2026-04-25T08:47:50.018+0000] {processor.py:840} INFO - DAG(s) 'example_sensors' retrieved from /home/airflow/.local/lib/python3.12/site-packages/airflow/example_dags/example_sensors.py
[2026-04-25T08:47:50.041+0000] {logging_mixin.py:188} INFO - [2026-04-25T08:47:50.041+0000] {dag.py:3096} INFO - Sync 1 DAGs
[2026-04-25T08:47:50.054+0000] {logging_mixin.py:188} INFO - [2026-04-25T08:47:50.054+0000] {dag.py:3954} INFO - Setting next_dagrun for example_sensors to None, run_after=None
[2026-04-25T08:47:50.070+0000] {processor.py:183} INFO - Processing /home/airflow/.local/lib/python3.12/site-packages/airflow/example_dags/example_sensors.py took 0.066 seconds
[2026-04-25T08:48:20.751+0000] {processor.py:161} INFO - Started process (PID=1827) to work on /home/airflow/.local/lib/python3.12/site-packages/airflow/example_dags/example_sensors.py
[2026-04-25T08:48:20.752+0000] {processor.py:830} INFO - Processing file /home/airflow/.local/lib/python3.12/site-packages/airflow/example_dags/example_sensors.py for tasks to queue
[2026-04-25T08:48:20.753+0000] {logging_mixin.py:188} INFO - [2026-04-25T08:48:20.753+0000] {dagbag.py:545} INFO - Filling up the DagBag from /home/airflow/.local/lib/python3.12/site-packages/airflow/example_dags/example_sensors.py
[2026-04-25T08:48:20.762+0000] {processor.py:840} INFO - DAG(s) 'example_sensors' retrieved from /home/airflow/.local/lib/python3.12/site-packages/airflow/example_dags/example_sensors.py
[2026-04-25T08:48:20.788+0000] {logging_mixin.py:188} INFO - [2026-04-25T08:48:20.787+0000] {dag.py:3096} INFO - Sync 1 DAGs
[2026-04-25T08:48:20.802+0000] {logging_mixin.py:188} INFO - [2026-04-25T08:48:20.801+0000] {dag.py:3954} INFO - Setting next_dagrun for example_sensors to None, run_after=None
[2026-04-25T08:48:20.817+0000] {processor.py:183} INFO - Processing /home/airflow/.local/lib/python3.12/site-packages/airflow/example_dags/example_sensors.py took 0.070 seconds
[2026-04-25T08:48:51.767+0000] {processor.py:161} INFO - Started process (PID=1885) to work on /home/airflow/.local/lib/python3.12/site-packages/airflow/example_dags/example_sensors.py
[2026-04-25T08:48:51.768+0000] {processor.py:830} INFO - Processing file /home/airflow/.local/lib/python3.12/site-packages/airflow/example_dags/example_sensors.py for tasks to queue
[2026-04-25T08:48:51.769+0000] {logging_mixin.py:188} INFO - [2026-04-25T08:48:51.769+0000] {dagbag.py:545} INFO - Filling up the DagBag from /home/airflow/.local/lib/python3.12/site-packages/airflow/example_dags/example_sensors.py
[2026-04-25T08:48:51.780+0000] {processor.py:840} INFO - DAG(s) 'example_sensors' retrieved from /home/airflow/.local/lib/python3.12/site-packages/airflow/example_dags/example_sensors.py
[2026-04-25T08:48:51.805+0000] {logging_mixin.py:188} INFO - [2026-04-25T08:48:51.805+0000] {dag.py:3096} INFO - Sync 1 DAGs
[2026-04-25T08:48:51.819+0000] {logging_mixin.py:188} INFO - [2026-04-25T08:48:51.818+0000] {dag.py:3954} INFO - Setting next_dagrun for example_sensors to None, run_after=None
[2026-04-25T08:48:51.834+0000] {processor.py:183} INFO - Processing /home/airflow/.local/lib/python3.12/site-packages/airflow/example_dags/example_sensors.py took 0.074 seconds
[2026-04-25T08:49:22.200+0000] {processor.py:161} INFO - Started process (PID=1943) to work on /home/airflow/.local/lib/python3.12/site-packages/airflow/example_dags/example_sensors.py
[2026-04-25T08:49:22.201+0000] {processor.py:830} INFO - Processing file /home/airflow/.local/lib/python3.12/site-packages/airflow/example_dags/example_sensors.py for tasks to queue
[2026-04-25T08:49:22.202+0000] {logging_mixin.py:188} INFO - [2026-04-25T08:49:22.202+0000] {dagbag.py:545} INFO - Filling up the DagBag from /home/airflow/.local/lib/python3.12/site-packages/airflow/example_dags/example_sensors.py
[2026-04-25T08:49:22.210+0000] {processor.py:840} INFO - DAG(s) 'example_sensors' retrieved from /home/airflow/.local/lib/python3.12/site-packages/airflow/example_dags/example_sensors.py
[2026-04-25T08:49:22.233+0000] {logging_mixin.py:188} INFO - [2026-04-25T08:49:22.232+0000] {dag.py:3096} INFO - Sync 1 DAGs
[2026-04-25T08:49:22.248+0000] {logging_mixin.py:188} INFO - [2026-04-25T08:49:22.247+0000] {dag.py:3954} INFO - Setting next_dagrun for example_sensors to None, run_after=None
[2026-04-25T08:49:22.264+0000] {processor.py:183} INFO - Processing /home/airflow/.local/lib/python3.12/site-packages/airflow/example_dags/example_sensors.py took 0.070 seconds
[2026-04-25T08:49:52.688+0000] {processor.py:161} INFO - Started process (PID=2001) to work on /home/airflow/.local/lib/python3.12/site-packages/airflow/example_dags/example_sensors.py
[2026-04-25T08:49:52.689+0000] {processor.py:830} INFO - Processing file /home/airflow/.local/lib/python3.12/site-packages/airflow/example_dags/example_sensors.py for tasks to queue
[2026-04-25T08:49:52.690+0000] {logging_mixin.py:188} INFO - [2026-04-25T08:49:52.690+0000] {dagbag.py:545} INFO - Filling up the DagBag from /home/airflow/.local/lib/python3.12/site-packages/airflow/example_dags/example_sensors.py
[2026-04-25T08:49:52.698+0000] {processor.py:840} INFO - DAG(s) 'example_sensors' retrieved from /home/airflow/.local/lib/python3.12/site-packages/airflow/example_dags/example_sensors.py
[2026-04-25T08:49:52.719+0000] {logging_mixin.py:188} INFO - [2026-04-25T08:49:52.719+0000] {dag.py:3096} INFO - Sync 1 DAGs
[2026-04-25T08:49:52.730+0000] {logging_mixin.py:188} INFO - [2026-04-25T08:49:52.729+0000] {dag.py:3954} INFO - Setting next_dagrun for example_sensors to None, run_after=None
[2026-04-25T08:49:52.744+0000] {processor.py:183} INFO - Processing /home/airflow/.local/lib/python3.12/site-packages/airflow/example_dags/example_sensors.py took 0.062 seconds
[2026-04-25T08:50:23.175+0000] {processor.py:161} INFO - Started process (PID=2059) to work on /home/airflow/.local/lib/python3.12/site-packages/airflow/example_dags/example_sensors.py
[2026-04-25T08:50:23.175+0000] {processor.py:830} INFO - Processing file /home/airflow/.local/lib/python3.12/site-packages/airflow/example_dags/example_sensors.py for tasks to queue
[2026-04-25T08:50:23.177+0000] {logging_mixin.py:188} INFO - [2026-04-25T08:50:23.177+0000] {dagbag.py:545} INFO - Filling up the DagBag from /home/airflow/.local/lib/python3.12/site-packages/airflow/example_dags/example_sensors.py
[2026-04-25T08:50:23.187+0000] {processor.py:840} INFO - DAG(s) 'example_sensors' retrieved from /home/airflow/.local/lib/python3.12/site-packages/airflow/example_dags/example_sensors.py
[2026-04-25T08:50:23.210+0000] {logging_mixin.py:188} INFO - [2026-04-25T08:50:23.210+0000] {dag.py:3096} INFO - Sync 1 DAGs
[2026-04-25T08:50:23.222+0000] {logging_mixin.py:188} INFO - [2026-04-25T08:50:23.222+0000] {dag.py:3954} INFO - Setting next_dagrun for example_sensors to None, run_after=None
[2026-04-25T08:50:23.239+0000] {processor.py:183} INFO - Processing /home/airflow/.local/lib/python3.12/site-packages/airflow/example_dags/example_sensors.py took 0.070 seconds
[2026-04-25T08:50:53.639+0000] {processor.py:161} INFO - Started process (PID=2117) to work on /home/airflow/.local/lib/python3.12/site-packages/airflow/example_dags/example_sensors.py
[2026-04-25T08:50:53.640+0000] {processor.py:830} INFO - Processing file /home/airflow/.local/lib/python3.12/site-packages/airflow/example_dags/example_sensors.py for tasks to queue
[2026-04-25T08:50:53.641+0000] {logging_mixin.py:188} INFO - [2026-04-25T08:50:53.641+0000] {dagbag.py:545} INFO - Filling up the DagBag from /home/airflow/.local/lib/python3.12/site-packages/airflow/example_dags/example_sensors.py
[2026-04-25T08:50:53.649+0000] {processor.py:840} INFO - DAG(s) 'example_sensors' retrieved from /home/airflow/.local/lib/python3.12/site-packages/airflow/example_dags/example_sensors.py
[2026-04-25T08:50:53.675+0000] {logging_mixin.py:188} INFO - [2026-04-25T08:50:53.675+0000] {dag.py:3096} INFO - Sync 1 DAGs
[2026-04-25T08:50:53.689+0000] {logging_mixin.py:188} INFO - [2026-04-25T08:50:53.689+0000] {dag.py:3954} INFO - Setting next_dagrun for example_sensors to None, run_after=None
[2026-04-25T08:50:53.704+0000] {processor.py:183} INFO - Processing /home/airflow/.local/lib/python3.12/site-packages/airflow/example_dags/example_sensors.py took 0.069 seconds
[2026-04-25T08:51:24.263+0000] {processor.py:161} INFO - Started process (PID=2175) to work on /home/airflow/.local/lib/python3.12/site-packages/airflow/example_dags/example_sensors.py
[2026-04-25T08:51:24.264+0000] {processor.py:830} INFO - Processing file /home/airflow/.local/lib/python3.12/site-packages/airflow/example_dags/example_sensors.py for tasks to queue
[2026-04-25T08:51:24.266+0000] {logging_mixin.py:188} INFO - [2026-04-25T08:51:24.266+0000] {dagbag.py:545} INFO - Filling up the DagBag from /home/airflow/.local/lib/python3.12/site-packages/airflow/example_dags/example_sensors.py
[2026-04-25T08:51:24.276+0000] {processor.py:840} INFO - DAG(s) 'example_sensors' retrieved from /home/airflow/.local/lib/python3.12/site-packages/airflow/example_dags/example_sensors.py
[2026-04-25T08:51:24.308+0000] {logging_mixin.py:188} INFO - [2026-04-25T08:51:24.308+0000] {dag.py:3096} INFO - Sync 1 DAGs
[2026-04-25T08:51:24.323+0000] {logging_mixin.py:188} INFO - [2026-04-25T08:51:24.323+0000] {dag.py:3954} INFO - Setting next_dagrun for example_sensors to None, run_after=None
[2026-04-25T08:51:24.339+0000] {processor.py:183} INFO - Processing /home/airflow/.local/lib/python3.12/site-packages/airflow/example_dags/example_sensors.py took 0.083 seconds
[2026-04-25T08:51:55.267+0000] {processor.py:161} INFO - Started process (PID=2233) to work on /home/airflow/.local/lib/python3.12/site-packages/airflow/example_dags/example_sensors.py
[2026-04-25T08:51:55.268+0000] {processor.py:830} INFO - Processing file /home/airflow/.local/lib/python3.12/site-packages/airflow/example_dags/example_sensors.py for tasks to queue
[2026-04-25T08:51:55.270+0000] {logging_mixin.py:188} INFO - [2026-04-25T08:51:55.270+0000] {dagbag.py:545} INFO - Filling up the DagBag from /home/airflow/.local/lib/python3.12/site-packages/airflow/example_dags/example_sensors.py
[2026-04-25T08:51:55.281+0000] {processor.py:840} INFO - DAG(s) 'example_sensors' retrieved from /home/airflow/.local/lib/python3.12/site-packages/airflow/example_dags/example_sensors.py
[2026-04-25T08:51:55.313+0000] {logging_mixin.py:188} INFO - [2026-04-25T08:51:55.313+0000] {dag.py:3096} INFO - Sync 1 DAGs
[2026-04-25T08:51:55.328+0000] {logging_mixin.py:188} INFO - [2026-04-25T08:51:55.328+0000] {dag.py:3954} INFO - Setting next_dagrun for example_sensors to None, run_after=None
[2026-04-25T08:51:55.348+0000] {processor.py:183} INFO - Processing /home/airflow/.local/lib/python3.12/site-packages/airflow/example_dags/example_sensors.py took 0.088 seconds
[2026-04-25T08:52:25.892+0000] {processor.py:161} INFO - Started process (PID=2291) to work on /home/airflow/.local/lib/python3.12/site-packages/airflow/example_dags/example_sensors.py
[2026-04-25T08:52:25.892+0000] {processor.py:830} INFO - Processing file /home/airflow/.local/lib/python3.12/site-packages/airflow/example_dags/example_sensors.py for tasks to queue
[2026-04-25T08:52:25.894+0000] {logging_mixin.py:188} INFO - [2026-04-25T08:52:25.894+0000] {dagbag.py:545} INFO - Filling up the DagBag from /home/airflow/.local/lib/python3.12/site-packages/airflow/example_dags/example_sensors.py
[2026-04-25T08:52:25.902+0000] {processor.py:840} INFO - DAG(s) 'example_sensors' retrieved from /home/airflow/.local/lib/python3.12/site-packages/airflow/example_dags/example_sensors.py
[2026-04-25T08:52:25.928+0000] {logging_mixin.py:188} INFO - [2026-04-25T08:52:25.928+0000] {dag.py:3096} INFO - Sync 1 DAGs
[2026-04-25T08:52:25.943+0000] {logging_mixin.py:188} INFO - [2026-04-25T08:52:25.943+0000] {dag.py:3954} INFO - Setting next_dagrun for example_sensors to None, run_after=None
[2026-04-25T08:52:25.960+0000] {processor.py:183} INFO - Processing /home/airflow/.local/lib/python3.12/site-packages/airflow/example_dags/example_sensors.py took 0.074 seconds
[2026-04-25T08:52:56.532+0000] {processor.py:161} INFO - Started process (PID=2349) to work on /home/airflow/.local/lib/python3.12/site-packages/airflow/example_dags/example_sensors.py
[2026-04-25T08:52:56.533+0000] {processor.py:830} INFO - Processing file /home/airflow/.local/lib/python3.12/site-packages/airflow/example_dags/example_sensors.py for tasks to queue
[2026-04-25T08:52:56.534+0000] {logging_mixin.py:188} INFO - [2026-04-25T08:52:56.534+0000] {dagbag.py:545} INFO - Filling up the DagBag from /home/airflow/.local/lib/python3.12/site-packages/airflow/example_dags/example_sensors.py
[2026-04-25T08:52:56.543+0000] {processor.py:840} INFO - DAG(s) 'example_sensors' retrieved from /home/airflow/.local/lib/python3.12/site-packages/airflow/example_dags/example_sensors.py
[2026-04-25T08:52:56.565+0000] {logging_mixin.py:188} INFO - [2026-04-25T08:52:56.564+0000] {dag.py:3096} INFO - Sync 1 DAGs
[2026-04-25T08:52:56.579+0000] {logging_mixin.py:188} INFO - [2026-04-25T08:52:56.579+0000] {dag.py:3954} INFO - Setting next_dagrun for example_sensors to None, run_after=None
[2026-04-25T08:52:56.593+0000] {processor.py:183} INFO - Processing /home/airflow/.local/lib/python3.12/site-packages/airflow/example_dags/example_sensors.py took 0.067 seconds
[2026-04-25T08:53:27.276+0000] {processor.py:161} INFO - Started process (PID=2407) to work on /home/airflow/.local/lib/python3.12/site-packages/airflow/example_dags/example_sensors.py
[2026-04-25T08:53:27.278+0000] {processor.py:830} INFO - Processing file /home/airflow/.local/lib/python3.12/site-packages/airflow/example_dags/example_sensors.py for tasks to queue
[2026-04-25T08:53:27.280+0000] {logging_mixin.py:188} INFO - [2026-04-25T08:53:27.279+0000] {dagbag.py:545} INFO - Filling up the DagBag from /home/airflow/.local/lib/python3.12/site-packages/airflow/example_dags/example_sensors.py
[2026-04-25T08:53:27.292+0000] {processor.py:840} INFO - DAG(s) 'example_sensors' retrieved from /home/airflow/.local/lib/python3.12/site-packages/airflow/example_dags/example_sensors.py
[2026-04-25T08:53:27.331+0000] {logging_mixin.py:188} INFO - [2026-04-25T08:53:27.330+0000] {dag.py:3096} INFO - Sync 1 DAGs
[2026-04-25T08:53:27.345+0000] {logging_mixin.py:188} INFO - [2026-04-25T08:53:27.345+0000] {dag.py:3954} INFO - Setting next_dagrun for example_sensors to None, run_after=None
[2026-04-25T08:53:27.361+0000] {processor.py:183} INFO - Processing /home/airflow/.local/lib/python3.12/site-packages/airflow/example_dags/example_sensors.py took 0.093 seconds
[2026-04-25T08:53:57.616+0000] {processor.py:161} INFO - Started process (PID=2465) to work on /home/airflow/.local/lib/python3.12/site-packages/airflow/example_dags/example_sensors.py
[2026-04-25T08:53:57.616+0000] {processor.py:830} INFO - Processing file /home/airflow/.local/lib/python3.12/site-packages/airflow/example_dags/example_sensors.py for tasks to queue
[2026-04-25T08:53:57.618+0000] {logging_mixin.py:188} INFO - [2026-04-25T08:53:57.618+0000] {dagbag.py:545} INFO - Filling up the DagBag from /home/airflow/.local/lib/python3.12/site-packages/airflow/example_dags/example_sensors.py
[2026-04-25T08:53:57.627+0000] {processor.py:840} INFO - DAG(s) 'example_sensors' retrieved from /home/airflow/.local/lib/python3.12/site-packages/airflow/example_dags/example_sensors.py
[2026-04-25T08:53:57.658+0000] {logging_mixin.py:188} INFO - [2026-04-25T08:53:57.658+0000] {dag.py:3096} INFO - Sync 1 DAGs
[2026-04-25T08:53:57.674+0000] {logging_mixin.py:188} INFO - [2026-04-25T08:53:57.674+0000] {dag.py:3954} INFO - Setting next_dagrun for example_sensors to None, run_after=None
[2026-04-25T08:53:57.691+0000] {processor.py:183} INFO - Processing /home/airflow/.local/lib/python3.12/site-packages/airflow/example_dags/example_sensors.py took 0.080 seconds
[2026-04-25T08:54:28.007+0000] {processor.py:161} INFO - Started process (PID=2522) to work on /home/airflow/.local/lib/python3.12/site-packages/airflow/example_dags/example_sensors.py
[2026-04-25T08:54:28.008+0000] {processor.py:830} INFO - Processing file /home/airflow/.local/lib/python3.12/site-packages/airflow/example_dags/example_sensors.py for tasks to queue
[2026-04-25T08:54:28.009+0000] {logging_mixin.py:188} INFO - [2026-04-25T08:54:28.009+0000] {dagbag.py:545} INFO - Filling up the DagBag from /home/airflow/.local/lib/python3.12/site-packages/airflow/example_dags/example_sensors.py
[2026-04-25T08:54:28.016+0000] {processor.py:840} INFO - DAG(s) 'example_sensors' retrieved from /home/airflow/.local/lib/python3.12/site-packages/airflow/example_dags/example_sensors.py
[2026-04-25T08:54:28.039+0000] {logging_mixin.py:188} INFO - [2026-04-25T08:54:28.039+0000] {dag.py:3096} INFO - Sync 1 DAGs
[2026-04-25T08:54:28.051+0000] {logging_mixin.py:188} INFO - [2026-04-25T08:54:28.051+0000] {dag.py:3954} INFO - Setting next_dagrun for example_sensors to None, run_after=None
[2026-04-25T08:54:28.070+0000] {processor.py:183} INFO - Processing /home/airflow/.local/lib/python3.12/site-packages/airflow/example_dags/example_sensors.py took 0.069 seconds
[2026-04-25T08:54:58.579+0000] {processor.py:161} INFO - Started process (PID=2580) to work on /home/airflow/.local/lib/python3.12/site-packages/airflow/example_dags/example_sensors.py
[2026-04-25T08:54:58.580+0000] {processor.py:830} INFO - Processing file /home/airflow/.local/lib/python3.12/site-packages/airflow/example_dags/example_sensors.py for tasks to queue
[2026-04-25T08:54:58.581+0000] {logging_mixin.py:188} INFO - [2026-04-25T08:54:58.581+0000] {dagbag.py:545} INFO - Filling up the DagBag from /home/airflow/.local/lib/python3.12/site-packages/airflow/example_dags/example_sensors.py
[2026-04-25T08:54:58.588+0000] {processor.py:840} INFO - DAG(s) 'example_sensors' retrieved from /home/airflow/.local/lib/python3.12/site-packages/airflow/example_dags/example_sensors.py
[2026-04-25T08:54:58.611+0000] {logging_mixin.py:188} INFO - [2026-04-25T08:54:58.611+0000] {dag.py:3096} INFO - Sync 1 DAGs
[2026-04-25T08:54:58.622+0000] {logging_mixin.py:188} INFO - [2026-04-25T08:54:58.622+0000] {dag.py:3954} INFO - Setting next_dagrun for example_sensors to None, run_after=None
[2026-04-25T08:54:58.641+0000] {processor.py:183} INFO - Processing /home/airflow/.local/lib/python3.12/site-packages/airflow/example_dags/example_sensors.py took 0.069 seconds
[2026-04-25T08:55:29.024+0000] {processor.py:161} INFO - Started process (PID=2638) to work on /home/airflow/.local/lib/python3.12/site-packages/airflow/example_dags/example_sensors.py
[2026-04-25T08:55:29.025+0000] {processor.py:830} INFO - Processing file /home/airflow/.local/lib/python3.12/site-packages/airflow/example_dags/example_sensors.py for tasks to queue
[2026-04-25T08:55:29.026+0000] {logging_mixin.py:188} INFO - [2026-04-25T08:55:29.026+0000] {dagbag.py:545} INFO - Filling up the DagBag from /home/airflow/.local/lib/python3.12/site-packages/airflow/example_dags/example_sensors.py
[2026-04-25T08:55:29.034+0000] {processor.py:840} INFO - DAG(s) 'example_sensors' retrieved from /home/airflow/.local/lib/python3.12/site-packages/airflow/example_dags/example_sensors.py
[2026-04-25T08:55:29.056+0000] {logging_mixin.py:188} INFO - [2026-04-25T08:55:29.056+0000] {dag.py:3096} INFO - Sync 1 DAGs
[2026-04-25T08:55:29.071+0000] {logging_mixin.py:188} INFO - [2026-04-25T08:55:29.071+0000] {dag.py:3954} INFO - Setting next_dagrun for example_sensors to None, run_after=None
[2026-04-25T08:55:29.088+0000] {processor.py:183} INFO - Processing /home/airflow/.local/lib/python3.12/site-packages/airflow/example_dags/example_sensors.py took 0.069 seconds
