[2026-04-25T08:33:01.003+0000] {processor.py:161} INFO - Started process (PID=66) to work on /home/airflow/.local/lib/python3.12/site-packages/airflow/example_dags/example_setup_teardown_taskflow.py
[2026-04-25T08:33:01.004+0000] {processor.py:830} INFO - Processing file /home/airflow/.local/lib/python3.12/site-packages/airflow/example_dags/example_setup_teardown_taskflow.py for tasks to queue
[2026-04-25T08:33:01.006+0000] {logging_mixin.py:188} INFO - [2026-04-25T08:33:01.005+0000] {dagbag.py:545} INFO - Filling up the DagBag from /home/airflow/.local/lib/python3.12/site-packages/airflow/example_dags/example_setup_teardown_taskflow.py
[2026-04-25T08:33:01.031+0000] {processor.py:840} INFO - DAG(s) 'example_setup_teardown_taskflow' retrieved from /home/airflow/.local/lib/python3.12/site-packages/airflow/example_dags/example_setup_teardown_taskflow.py
[2026-04-25T08:33:01.190+0000] {logging_mixin.py:188} INFO - [2026-04-25T08:33:01.190+0000] {dag.py:3096} INFO - Sync 1 DAGs
[2026-04-25T08:33:01.215+0000] {logging_mixin.py:188} INFO - [2026-04-25T08:33:01.214+0000] {dag.py:3954} INFO - Setting next_dagrun for example_setup_teardown_taskflow to 2026-04-24 00:00:00+00:00, run_after=2026-04-25 00:00:00+00:00
[2026-04-25T08:33:01.235+0000] {processor.py:183} INFO - Processing /home/airflow/.local/lib/python3.12/site-packages/airflow/example_dags/example_setup_teardown_taskflow.py took 0.239 seconds
[2026-04-25T08:33:31.334+0000] {processor.py:161} INFO - Started process (PID=124) to work on /home/airflow/.local/lib/python3.12/site-packages/airflow/example_dags/example_setup_teardown_taskflow.py
[2026-04-25T08:33:31.335+0000] {processor.py:830} INFO - Processing file /home/airflow/.local/lib/python3.12/site-packages/airflow/example_dags/example_setup_teardown_taskflow.py for tasks to queue
[2026-04-25T08:33:31.337+0000] {logging_mixin.py:188} INFO - [2026-04-25T08:33:31.336+0000] {dagbag.py:545} INFO - Filling up the DagBag from /home/airflow/.local/lib/python3.12/site-packages/airflow/example_dags/example_setup_teardown_taskflow.py
[2026-04-25T08:33:31.349+0000] {processor.py:840} INFO - DAG(s) 'example_setup_teardown_taskflow' retrieved from /home/airflow/.local/lib/python3.12/site-packages/airflow/example_dags/example_setup_teardown_taskflow.py
[2026-04-25T08:33:31.377+0000] {logging_mixin.py:188} INFO - [2026-04-25T08:33:31.376+0000] {dag.py:3096} INFO - Sync 1 DAGs
[2026-04-25T08:33:31.406+0000] {logging_mixin.py:188} INFO - [2026-04-25T08:33:31.405+0000] {dag.py:3954} INFO - Setting next_dagrun for example_setup_teardown_taskflow to 2026-04-24 00:00:00+00:00, run_after=2026-04-25 00:00:00+00:00
[2026-04-25T08:33:31.428+0000] {processor.py:183} INFO - Processing /home/airflow/.local/lib/python3.12/site-packages/airflow/example_dags/example_setup_teardown_taskflow.py took 0.102 seconds
[2026-04-25T08:34:02.335+0000] {processor.py:161} INFO - Started process (PID=182) to work on /home/airflow/.local/lib/python3.12/site-packages/airflow/example_dags/example_setup_teardown_taskflow.py
[2026-04-25T08:34:02.336+0000] {processor.py:830} INFO - Processing file /home/airflow/.local/lib/python3.12/site-packages/airflow/example_dags/example_setup_teardown_taskflow.py for tasks to queue
[2026-04-25T08:34:02.338+0000] {logging_mixin.py:188} INFO - [2026-04-25T08:34:02.338+0000] {dagbag.py:545} INFO - Filling up the DagBag from /home/airflow/.local/lib/python3.12/site-packages/airflow/example_dags/example_setup_teardown_taskflow.py
[2026-04-25T08:34:02.351+0000] {processor.py:840} INFO - DAG(s) 'example_setup_teardown_taskflow' retrieved from /home/airflow/.local/lib/python3.12/site-packages/airflow/example_dags/example_setup_teardown_taskflow.py
[2026-04-25T08:34:02.384+0000] {logging_mixin.py:188} INFO - [2026-04-25T08:34:02.383+0000] {dag.py:3096} INFO - Sync 1 DAGs
[2026-04-25T08:34:02.409+0000] {logging_mixin.py:188} INFO - [2026-04-25T08:34:02.409+0000] {dag.py:3954} INFO - Setting next_dagrun for example_setup_teardown_taskflow to 2026-04-24 00:00:00+00:00, run_after=2026-04-25 00:00:00+00:00
[2026-04-25T08:34:02.429+0000] {processor.py:183} INFO - Processing /home/airflow/.local/lib/python3.12/site-packages/airflow/example_dags/example_setup_teardown_taskflow.py took 0.101 seconds
[2026-04-25T08:34:32.739+0000] {processor.py:161} INFO - Started process (PID=240) to work on /home/airflow/.local/lib/python3.12/site-packages/airflow/example_dags/example_setup_teardown_taskflow.py
[2026-04-25T08:34:32.739+0000] {processor.py:830} INFO - Processing file /home/airflow/.local/lib/python3.12/site-packages/airflow/example_dags/example_setup_teardown_taskflow.py for tasks to queue
[2026-04-25T08:34:32.741+0000] {logging_mixin.py:188} INFO - [2026-04-25T08:34:32.741+0000] {dagbag.py:545} INFO - Filling up the DagBag from /home/airflow/.local/lib/python3.12/site-packages/airflow/example_dags/example_setup_teardown_taskflow.py
[2026-04-25T08:34:32.752+0000] {processor.py:840} INFO - DAG(s) 'example_setup_teardown_taskflow' retrieved from /home/airflow/.local/lib/python3.12/site-packages/airflow/example_dags/example_setup_teardown_taskflow.py
[2026-04-25T08:34:32.772+0000] {logging_mixin.py:188} INFO - [2026-04-25T08:34:32.772+0000] {dag.py:3096} INFO - Sync 1 DAGs
[2026-04-25T08:34:32.791+0000] {logging_mixin.py:188} INFO - [2026-04-25T08:34:32.790+0000] {dag.py:3954} INFO - Setting next_dagrun for example_setup_teardown_taskflow to 2026-04-24 00:00:00+00:00, run_after=2026-04-25 00:00:00+00:00
[2026-04-25T08:34:32.808+0000] {processor.py:183} INFO - Processing /home/airflow/.local/lib/python3.12/site-packages/airflow/example_dags/example_setup_teardown_taskflow.py took 0.076 seconds
[2026-04-25T08:35:03.366+0000] {processor.py:161} INFO - Started process (PID=298) to work on /home/airflow/.local/lib/python3.12/site-packages/airflow/example_dags/example_setup_teardown_taskflow.py
[2026-04-25T08:35:03.367+0000] {processor.py:830} INFO - Processing file /home/airflow/.local/lib/python3.12/site-packages/airflow/example_dags/example_setup_teardown_taskflow.py for tasks to queue
[2026-04-25T08:35:03.369+0000] {logging_mixin.py:188} INFO - [2026-04-25T08:35:03.369+0000] {dagbag.py:545} INFO - Filling up the DagBag from /home/airflow/.local/lib/python3.12/site-packages/airflow/example_dags/example_setup_teardown_taskflow.py
[2026-04-25T08:35:03.381+0000] {processor.py:840} INFO - DAG(s) 'example_setup_teardown_taskflow' retrieved from /home/airflow/.local/lib/python3.12/site-packages/airflow/example_dags/example_setup_teardown_taskflow.py
[2026-04-25T08:35:03.405+0000] {logging_mixin.py:188} INFO - [2026-04-25T08:35:03.405+0000] {dag.py:3096} INFO - Sync 1 DAGs
[2026-04-25T08:35:03.434+0000] {logging_mixin.py:188} INFO - [2026-04-25T08:35:03.434+0000] {dag.py:3954} INFO - Setting next_dagrun for example_setup_teardown_taskflow to 2026-04-24 00:00:00+00:00, run_after=2026-04-25 00:00:00+00:00
[2026-04-25T08:35:03.453+0000] {processor.py:183} INFO - Processing /home/airflow/.local/lib/python3.12/site-packages/airflow/example_dags/example_setup_teardown_taskflow.py took 0.092 seconds
[2026-04-25T08:35:33.488+0000] {processor.py:161} INFO - Started process (PID=356) to work on /home/airflow/.local/lib/python3.12/site-packages/airflow/example_dags/example_setup_teardown_taskflow.py
[2026-04-25T08:35:33.488+0000] {processor.py:830} INFO - Processing file /home/airflow/.local/lib/python3.12/site-packages/airflow/example_dags/example_setup_teardown_taskflow.py for tasks to queue
[2026-04-25T08:35:33.490+0000] {logging_mixin.py:188} INFO - [2026-04-25T08:35:33.489+0000] {dagbag.py:545} INFO - Filling up the DagBag from /home/airflow/.local/lib/python3.12/site-packages/airflow/example_dags/example_setup_teardown_taskflow.py
[2026-04-25T08:35:33.497+0000] {processor.py:840} INFO - DAG(s) 'example_setup_teardown_taskflow' retrieved from /home/airflow/.local/lib/python3.12/site-packages/airflow/example_dags/example_setup_teardown_taskflow.py
[2026-04-25T08:35:33.521+0000] {logging_mixin.py:188} INFO - [2026-04-25T08:35:33.521+0000] {dag.py:3096} INFO - Sync 1 DAGs
[2026-04-25T08:35:33.544+0000] {logging_mixin.py:188} INFO - [2026-04-25T08:35:33.544+0000] {dag.py:3954} INFO - Setting next_dagrun for example_setup_teardown_taskflow to 2026-04-24 00:00:00+00:00, run_after=2026-04-25 00:00:00+00:00
[2026-04-25T08:35:33.565+0000] {processor.py:183} INFO - Processing /home/airflow/.local/lib/python3.12/site-packages/airflow/example_dags/example_setup_teardown_taskflow.py took 0.082 seconds
[2026-04-25T08:36:03.606+0000] {processor.py:161} INFO - Started process (PID=413) to work on /home/airflow/.local/lib/python3.12/site-packages/airflow/example_dags/example_setup_teardown_taskflow.py
[2026-04-25T08:36:03.606+0000] {processor.py:830} INFO - Processing file /home/airflow/.local/lib/python3.12/site-packages/airflow/example_dags/example_setup_teardown_taskflow.py for tasks to queue
[2026-04-25T08:36:03.608+0000] {logging_mixin.py:188} INFO - [2026-04-25T08:36:03.607+0000] {dagbag.py:545} INFO - Filling up the DagBag from /home/airflow/.local/lib/python3.12/site-packages/airflow/example_dags/example_setup_teardown_taskflow.py
[2026-04-25T08:36:03.615+0000] {processor.py:840} INFO - DAG(s) 'example_setup_teardown_taskflow' retrieved from /home/airflow/.local/lib/python3.12/site-packages/airflow/example_dags/example_setup_teardown_taskflow.py
[2026-04-25T08:36:03.633+0000] {logging_mixin.py:188} INFO - [2026-04-25T08:36:03.633+0000] {dag.py:3096} INFO - Sync 1 DAGs
[2026-04-25T08:36:03.650+0000] {logging_mixin.py:188} INFO - [2026-04-25T08:36:03.650+0000] {dag.py:3954} INFO - Setting next_dagrun for example_setup_teardown_taskflow to 2026-04-24 00:00:00+00:00, run_after=2026-04-25 00:00:00+00:00
[2026-04-25T08:36:03.664+0000] {processor.py:183} INFO - Processing /home/airflow/.local/lib/python3.12/site-packages/airflow/example_dags/example_setup_teardown_taskflow.py took 0.063 seconds
[2026-04-25T08:36:34.276+0000] {processor.py:161} INFO - Started process (PID=472) to work on /home/airflow/.local/lib/python3.12/site-packages/airflow/example_dags/example_setup_teardown_taskflow.py
[2026-04-25T08:36:34.277+0000] {processor.py:830} INFO - Processing file /home/airflow/.local/lib/python3.12/site-packages/airflow/example_dags/example_setup_teardown_taskflow.py for tasks to queue
[2026-04-25T08:36:34.279+0000] {logging_mixin.py:188} INFO - [2026-04-25T08:36:34.279+0000] {dagbag.py:545} INFO - Filling up the DagBag from /home/airflow/.local/lib/python3.12/site-packages/airflow/example_dags/example_setup_teardown_taskflow.py
[2026-04-25T08:36:34.295+0000] {processor.py:840} INFO - DAG(s) 'example_setup_teardown_taskflow' retrieved from /home/airflow/.local/lib/python3.12/site-packages/airflow/example_dags/example_setup_teardown_taskflow.py
[2026-04-25T08:36:34.323+0000] {logging_mixin.py:188} INFO - [2026-04-25T08:36:34.323+0000] {dag.py:3096} INFO - Sync 1 DAGs
[2026-04-25T08:36:34.351+0000] {logging_mixin.py:188} INFO - [2026-04-25T08:36:34.351+0000] {dag.py:3954} INFO - Setting next_dagrun for example_setup_teardown_taskflow to 2026-04-24 00:00:00+00:00, run_after=2026-04-25 00:00:00+00:00
[2026-04-25T08:36:34.367+0000] {processor.py:183} INFO - Processing /home/airflow/.local/lib/python3.12/site-packages/airflow/example_dags/example_setup_teardown_taskflow.py took 0.098 seconds
[2026-04-25T08:37:04.406+0000] {processor.py:161} INFO - Started process (PID=530) to work on /home/airflow/.local/lib/python3.12/site-packages/airflow/example_dags/example_setup_teardown_taskflow.py
[2026-04-25T08:37:04.407+0000] {processor.py:830} INFO - Processing file /home/airflow/.local/lib/python3.12/site-packages/airflow/example_dags/example_setup_teardown_taskflow.py for tasks to queue
[2026-04-25T08:37:04.408+0000] {logging_mixin.py:188} INFO - [2026-04-25T08:37:04.408+0000] {dagbag.py:545} INFO - Filling up the DagBag from /home/airflow/.local/lib/python3.12/site-packages/airflow/example_dags/example_setup_teardown_taskflow.py
[2026-04-25T08:37:04.416+0000] {processor.py:840} INFO - DAG(s) 'example_setup_teardown_taskflow' retrieved from /home/airflow/.local/lib/python3.12/site-packages/airflow/example_dags/example_setup_teardown_taskflow.py
[2026-04-25T08:37:04.434+0000] {logging_mixin.py:188} INFO - [2026-04-25T08:37:04.434+0000] {dag.py:3096} INFO - Sync 1 DAGs
[2026-04-25T08:37:04.454+0000] {logging_mixin.py:188} INFO - [2026-04-25T08:37:04.454+0000] {dag.py:3954} INFO - Setting next_dagrun for example_setup_teardown_taskflow to 2026-04-24 00:00:00+00:00, run_after=2026-04-25 00:00:00+00:00
[2026-04-25T08:37:04.473+0000] {processor.py:183} INFO - Processing /home/airflow/.local/lib/python3.12/site-packages/airflow/example_dags/example_setup_teardown_taskflow.py took 0.072 seconds
[2026-04-25T08:37:34.929+0000] {processor.py:161} INFO - Started process (PID=588) to work on /home/airflow/.local/lib/python3.12/site-packages/airflow/example_dags/example_setup_teardown_taskflow.py
[2026-04-25T08:37:34.929+0000] {processor.py:830} INFO - Processing file /home/airflow/.local/lib/python3.12/site-packages/airflow/example_dags/example_setup_teardown_taskflow.py for tasks to queue
[2026-04-25T08:37:34.931+0000] {logging_mixin.py:188} INFO - [2026-04-25T08:37:34.931+0000] {dagbag.py:545} INFO - Filling up the DagBag from /home/airflow/.local/lib/python3.12/site-packages/airflow/example_dags/example_setup_teardown_taskflow.py
[2026-04-25T08:37:34.942+0000] {processor.py:840} INFO - DAG(s) 'example_setup_teardown_taskflow' retrieved from /home/airflow/.local/lib/python3.12/site-packages/airflow/example_dags/example_setup_teardown_taskflow.py
[2026-04-25T08:37:34.962+0000] {logging_mixin.py:188} INFO - [2026-04-25T08:37:34.962+0000] {dag.py:3096} INFO - Sync 1 DAGs
[2026-04-25T08:37:34.981+0000] {logging_mixin.py:188} INFO - [2026-04-25T08:37:34.981+0000] {dag.py:3954} INFO - Setting next_dagrun for example_setup_teardown_taskflow to 2026-04-24 00:00:00+00:00, run_after=2026-04-25 00:00:00+00:00
[2026-04-25T08:37:34.996+0000] {processor.py:183} INFO - Processing /home/airflow/.local/lib/python3.12/site-packages/airflow/example_dags/example_setup_teardown_taskflow.py took 0.072 seconds
[2026-04-25T08:38:05.321+0000] {processor.py:161} INFO - Started process (PID=646) to work on /home/airflow/.local/lib/python3.12/site-packages/airflow/example_dags/example_setup_teardown_taskflow.py
[2026-04-25T08:38:05.322+0000] {processor.py:830} INFO - Processing file /home/airflow/.local/lib/python3.12/site-packages/airflow/example_dags/example_setup_teardown_taskflow.py for tasks to queue
[2026-04-25T08:38:05.323+0000] {logging_mixin.py:188} INFO - [2026-04-25T08:38:05.323+0000] {dagbag.py:545} INFO - Filling up the DagBag from /home/airflow/.local/lib/python3.12/site-packages/airflow/example_dags/example_setup_teardown_taskflow.py
[2026-04-25T08:38:05.331+0000] {processor.py:840} INFO - DAG(s) 'example_setup_teardown_taskflow' retrieved from /home/airflow/.local/lib/python3.12/site-packages/airflow/example_dags/example_setup_teardown_taskflow.py
[2026-04-25T08:38:05.354+0000] {logging_mixin.py:188} INFO - [2026-04-25T08:38:05.353+0000] {dag.py:3096} INFO - Sync 1 DAGs
[2026-04-25T08:38:05.378+0000] {logging_mixin.py:188} INFO - [2026-04-25T08:38:05.378+0000] {dag.py:3954} INFO - Setting next_dagrun for example_setup_teardown_taskflow to 2026-04-24 00:00:00+00:00, run_after=2026-04-25 00:00:00+00:00
[2026-04-25T08:38:05.397+0000] {processor.py:183} INFO - Processing /home/airflow/.local/lib/python3.12/site-packages/airflow/example_dags/example_setup_teardown_taskflow.py took 0.081 seconds
[2026-04-25T08:38:35.724+0000] {processor.py:161} INFO - Started process (PID=704) to work on /home/airflow/.local/lib/python3.12/site-packages/airflow/example_dags/example_setup_teardown_taskflow.py
[2026-04-25T08:38:35.724+0000] {processor.py:830} INFO - Processing file /home/airflow/.local/lib/python3.12/site-packages/airflow/example_dags/example_setup_teardown_taskflow.py for tasks to queue
[2026-04-25T08:38:35.726+0000] {logging_mixin.py:188} INFO - [2026-04-25T08:38:35.725+0000] {dagbag.py:545} INFO - Filling up the DagBag from /home/airflow/.local/lib/python3.12/site-packages/airflow/example_dags/example_setup_teardown_taskflow.py
[2026-04-25T08:38:35.734+0000] {processor.py:840} INFO - DAG(s) 'example_setup_teardown_taskflow' retrieved from /home/airflow/.local/lib/python3.12/site-packages/airflow/example_dags/example_setup_teardown_taskflow.py
[2026-04-25T08:38:35.752+0000] {logging_mixin.py:188} INFO - [2026-04-25T08:38:35.752+0000] {dag.py:3096} INFO - Sync 1 DAGs
[2026-04-25T08:38:35.771+0000] {logging_mixin.py:188} INFO - [2026-04-25T08:38:35.770+0000] {dag.py:3954} INFO - Setting next_dagrun for example_setup_teardown_taskflow to 2026-04-24 00:00:00+00:00, run_after=2026-04-25 00:00:00+00:00
[2026-04-25T08:38:35.788+0000] {processor.py:183} INFO - Processing /home/airflow/.local/lib/python3.12/site-packages/airflow/example_dags/example_setup_teardown_taskflow.py took 0.069 seconds
[2026-04-25T08:39:06.103+0000] {processor.py:161} INFO - Started process (PID=762) to work on /home/airflow/.local/lib/python3.12/site-packages/airflow/example_dags/example_setup_teardown_taskflow.py
[2026-04-25T08:39:06.104+0000] {processor.py:830} INFO - Processing file /home/airflow/.local/lib/python3.12/site-packages/airflow/example_dags/example_setup_teardown_taskflow.py for tasks to queue
[2026-04-25T08:39:06.105+0000] {logging_mixin.py:188} INFO - [2026-04-25T08:39:06.105+0000] {dagbag.py:545} INFO - Filling up the DagBag from /home/airflow/.local/lib/python3.12/site-packages/airflow/example_dags/example_setup_teardown_taskflow.py
[2026-04-25T08:39:06.115+0000] {processor.py:840} INFO - DAG(s) 'example_setup_teardown_taskflow' retrieved from /home/airflow/.local/lib/python3.12/site-packages/airflow/example_dags/example_setup_teardown_taskflow.py
[2026-04-25T08:39:06.138+0000] {logging_mixin.py:188} INFO - [2026-04-25T08:39:06.138+0000] {dag.py:3096} INFO - Sync 1 DAGs
[2026-04-25T08:39:06.162+0000] {logging_mixin.py:188} INFO - [2026-04-25T08:39:06.162+0000] {dag.py:3954} INFO - Setting next_dagrun for example_setup_teardown_taskflow to 2026-04-24 00:00:00+00:00, run_after=2026-04-25 00:00:00+00:00
[2026-04-25T08:39:06.178+0000] {processor.py:183} INFO - Processing /home/airflow/.local/lib/python3.12/site-packages/airflow/example_dags/example_setup_teardown_taskflow.py took 0.082 seconds
[2026-04-25T08:39:36.408+0000] {processor.py:161} INFO - Started process (PID=820) to work on /home/airflow/.local/lib/python3.12/site-packages/airflow/example_dags/example_setup_teardown_taskflow.py
[2026-04-25T08:39:36.409+0000] {processor.py:830} INFO - Processing file /home/airflow/.local/lib/python3.12/site-packages/airflow/example_dags/example_setup_teardown_taskflow.py for tasks to queue
[2026-04-25T08:39:36.410+0000] {logging_mixin.py:188} INFO - [2026-04-25T08:39:36.410+0000] {dagbag.py:545} INFO - Filling up the DagBag from /home/airflow/.local/lib/python3.12/site-packages/airflow/example_dags/example_setup_teardown_taskflow.py
[2026-04-25T08:39:36.418+0000] {processor.py:840} INFO - DAG(s) 'example_setup_teardown_taskflow' retrieved from /home/airflow/.local/lib/python3.12/site-packages/airflow/example_dags/example_setup_teardown_taskflow.py
[2026-04-25T08:39:36.441+0000] {logging_mixin.py:188} INFO - [2026-04-25T08:39:36.440+0000] {dag.py:3096} INFO - Sync 1 DAGs
[2026-04-25T08:39:36.464+0000] {logging_mixin.py:188} INFO - [2026-04-25T08:39:36.464+0000] {dag.py:3954} INFO - Setting next_dagrun for example_setup_teardown_taskflow to 2026-04-24 00:00:00+00:00, run_after=2026-04-25 00:00:00+00:00
[2026-04-25T08:39:36.479+0000] {processor.py:183} INFO - Processing /home/airflow/.local/lib/python3.12/site-packages/airflow/example_dags/example_setup_teardown_taskflow.py took 0.076 seconds
[2026-04-25T08:40:06.658+0000] {processor.py:161} INFO - Started process (PID=878) to work on /home/airflow/.local/lib/python3.12/site-packages/airflow/example_dags/example_setup_teardown_taskflow.py
[2026-04-25T08:40:06.659+0000] {processor.py:830} INFO - Processing file /home/airflow/.local/lib/python3.12/site-packages/airflow/example_dags/example_setup_teardown_taskflow.py for tasks to queue
[2026-04-25T08:40:06.661+0000] {logging_mixin.py:188} INFO - [2026-04-25T08:40:06.661+0000] {dagbag.py:545} INFO - Filling up the DagBag from /home/airflow/.local/lib/python3.12/site-packages/airflow/example_dags/example_setup_teardown_taskflow.py
[2026-04-25T08:40:06.671+0000] {processor.py:840} INFO - DAG(s) 'example_setup_teardown_taskflow' retrieved from /home/airflow/.local/lib/python3.12/site-packages/airflow/example_dags/example_setup_teardown_taskflow.py
[2026-04-25T08:40:06.691+0000] {logging_mixin.py:188} INFO - [2026-04-25T08:40:06.690+0000] {dag.py:3096} INFO - Sync 1 DAGs
[2026-04-25T08:40:06.710+0000] {logging_mixin.py:188} INFO - [2026-04-25T08:40:06.710+0000] {dag.py:3954} INFO - Setting next_dagrun for example_setup_teardown_taskflow to 2026-04-24 00:00:00+00:00, run_after=2026-04-25 00:00:00+00:00
[2026-04-25T08:40:06.726+0000] {processor.py:183} INFO - Processing /home/airflow/.local/lib/python3.12/site-packages/airflow/example_dags/example_setup_teardown_taskflow.py took 0.073 seconds
[2026-04-25T08:40:37.075+0000] {processor.py:161} INFO - Started process (PID=936) to work on /home/airflow/.local/lib/python3.12/site-packages/airflow/example_dags/example_setup_teardown_taskflow.py
[2026-04-25T08:40:37.076+0000] {processor.py:830} INFO - Processing file /home/airflow/.local/lib/python3.12/site-packages/airflow/example_dags/example_setup_teardown_taskflow.py for tasks to queue
[2026-04-25T08:40:37.078+0000] {logging_mixin.py:188} INFO - [2026-04-25T08:40:37.077+0000] {dagbag.py:545} INFO - Filling up the DagBag from /home/airflow/.local/lib/python3.12/site-packages/airflow/example_dags/example_setup_teardown_taskflow.py
[2026-04-25T08:40:37.088+0000] {processor.py:840} INFO - DAG(s) 'example_setup_teardown_taskflow' retrieved from /home/airflow/.local/lib/python3.12/site-packages/airflow/example_dags/example_setup_teardown_taskflow.py
[2026-04-25T08:40:37.111+0000] {logging_mixin.py:188} INFO - [2026-04-25T08:40:37.111+0000] {dag.py:3096} INFO - Sync 1 DAGs
[2026-04-25T08:40:37.132+0000] {logging_mixin.py:188} INFO - [2026-04-25T08:40:37.132+0000] {dag.py:3954} INFO - Setting next_dagrun for example_setup_teardown_taskflow to 2026-04-24 00:00:00+00:00, run_after=2026-04-25 00:00:00+00:00
[2026-04-25T08:40:37.147+0000] {processor.py:183} INFO - Processing /home/airflow/.local/lib/python3.12/site-packages/airflow/example_dags/example_setup_teardown_taskflow.py took 0.077 seconds
[2026-04-25T08:41:07.590+0000] {processor.py:161} INFO - Started process (PID=994) to work on /home/airflow/.local/lib/python3.12/site-packages/airflow/example_dags/example_setup_teardown_taskflow.py
[2026-04-25T08:41:07.591+0000] {processor.py:830} INFO - Processing file /home/airflow/.local/lib/python3.12/site-packages/airflow/example_dags/example_setup_teardown_taskflow.py for tasks to queue
[2026-04-25T08:41:07.593+0000] {logging_mixin.py:188} INFO - [2026-04-25T08:41:07.593+0000] {dagbag.py:545} INFO - Filling up the DagBag from /home/airflow/.local/lib/python3.12/site-packages/airflow/example_dags/example_setup_teardown_taskflow.py
[2026-04-25T08:41:07.605+0000] {processor.py:840} INFO - DAG(s) 'example_setup_teardown_taskflow' retrieved from /home/airflow/.local/lib/python3.12/site-packages/airflow/example_dags/example_setup_teardown_taskflow.py
[2026-04-25T08:41:07.632+0000] {logging_mixin.py:188} INFO - [2026-04-25T08:41:07.632+0000] {dag.py:3096} INFO - Sync 1 DAGs
[2026-04-25T08:41:07.655+0000] {logging_mixin.py:188} INFO - [2026-04-25T08:41:07.654+0000] {dag.py:3954} INFO - Setting next_dagrun for example_setup_teardown_taskflow to 2026-04-24 00:00:00+00:00, run_after=2026-04-25 00:00:00+00:00
[2026-04-25T08:41:07.670+0000] {processor.py:183} INFO - Processing /home/airflow/.local/lib/python3.12/site-packages/airflow/example_dags/example_setup_teardown_taskflow.py took 0.087 seconds
[2026-04-25T08:41:38.218+0000] {processor.py:161} INFO - Started process (PID=1052) to work on /home/airflow/.local/lib/python3.12/site-packages/airflow/example_dags/example_setup_teardown_taskflow.py
[2026-04-25T08:41:38.219+0000] {processor.py:830} INFO - Processing file /home/airflow/.local/lib/python3.12/site-packages/airflow/example_dags/example_setup_teardown_taskflow.py for tasks to queue
[2026-04-25T08:41:38.220+0000] {logging_mixin.py:188} INFO - [2026-04-25T08:41:38.220+0000] {dagbag.py:545} INFO - Filling up the DagBag from /home/airflow/.local/lib/python3.12/site-packages/airflow/example_dags/example_setup_teardown_taskflow.py
[2026-04-25T08:41:38.227+0000] {processor.py:840} INFO - DAG(s) 'example_setup_teardown_taskflow' retrieved from /home/airflow/.local/lib/python3.12/site-packages/airflow/example_dags/example_setup_teardown_taskflow.py
[2026-04-25T08:41:38.245+0000] {logging_mixin.py:188} INFO - [2026-04-25T08:41:38.245+0000] {dag.py:3096} INFO - Sync 1 DAGs
[2026-04-25T08:41:38.264+0000] {logging_mixin.py:188} INFO - [2026-04-25T08:41:38.264+0000] {dag.py:3954} INFO - Setting next_dagrun for example_setup_teardown_taskflow to 2026-04-24 00:00:00+00:00, run_after=2026-04-25 00:00:00+00:00
[2026-04-25T08:41:38.279+0000] {processor.py:183} INFO - Processing /home/airflow/.local/lib/python3.12/site-packages/airflow/example_dags/example_setup_teardown_taskflow.py took 0.065 seconds
[2026-04-25T08:42:08.429+0000] {processor.py:161} INFO - Started process (PID=1110) to work on /home/airflow/.local/lib/python3.12/site-packages/airflow/example_dags/example_setup_teardown_taskflow.py
[2026-04-25T08:42:08.429+0000] {processor.py:830} INFO - Processing file /home/airflow/.local/lib/python3.12/site-packages/airflow/example_dags/example_setup_teardown_taskflow.py for tasks to queue
[2026-04-25T08:42:08.431+0000] {logging_mixin.py:188} INFO - [2026-04-25T08:42:08.430+0000] {dagbag.py:545} INFO - Filling up the DagBag from /home/airflow/.local/lib/python3.12/site-packages/airflow/example_dags/example_setup_teardown_taskflow.py
[2026-04-25T08:42:08.438+0000] {processor.py:840} INFO - DAG(s) 'example_setup_teardown_taskflow' retrieved from /home/airflow/.local/lib/python3.12/site-packages/airflow/example_dags/example_setup_teardown_taskflow.py
[2026-04-25T08:42:08.457+0000] {logging_mixin.py:188} INFO - [2026-04-25T08:42:08.457+0000] {dag.py:3096} INFO - Sync 1 DAGs
[2026-04-25T08:42:08.481+0000] {logging_mixin.py:188} INFO - [2026-04-25T08:42:08.480+0000] {dag.py:3954} INFO - Setting next_dagrun for example_setup_teardown_taskflow to 2026-04-24 00:00:00+00:00, run_after=2026-04-25 00:00:00+00:00
[2026-04-25T08:42:08.497+0000] {processor.py:183} INFO - Processing /home/airflow/.local/lib/python3.12/site-packages/airflow/example_dags/example_setup_teardown_taskflow.py took 0.072 seconds
[2026-04-25T08:42:39.056+0000] {processor.py:161} INFO - Started process (PID=1168) to work on /home/airflow/.local/lib/python3.12/site-packages/airflow/example_dags/example_setup_teardown_taskflow.py
[2026-04-25T08:42:39.057+0000] {processor.py:830} INFO - Processing file /home/airflow/.local/lib/python3.12/site-packages/airflow/example_dags/example_setup_teardown_taskflow.py for tasks to queue
[2026-04-25T08:42:39.059+0000] {logging_mixin.py:188} INFO - [2026-04-25T08:42:39.058+0000] {dagbag.py:545} INFO - Filling up the DagBag from /home/airflow/.local/lib/python3.12/site-packages/airflow/example_dags/example_setup_teardown_taskflow.py
[2026-04-25T08:42:39.069+0000] {processor.py:840} INFO - DAG(s) 'example_setup_teardown_taskflow' retrieved from /home/airflow/.local/lib/python3.12/site-packages/airflow/example_dags/example_setup_teardown_taskflow.py
[2026-04-25T08:42:39.096+0000] {logging_mixin.py:188} INFO - [2026-04-25T08:42:39.096+0000] {dag.py:3096} INFO - Sync 1 DAGs
[2026-04-25T08:42:39.118+0000] {logging_mixin.py:188} INFO - [2026-04-25T08:42:39.118+0000] {dag.py:3954} INFO - Setting next_dagrun for example_setup_teardown_taskflow to 2026-04-24 00:00:00+00:00, run_after=2026-04-25 00:00:00+00:00
[2026-04-25T08:42:39.136+0000] {processor.py:183} INFO - Processing /home/airflow/.local/lib/python3.12/site-packages/airflow/example_dags/example_setup_teardown_taskflow.py took 0.085 seconds
[2026-04-25T08:43:09.562+0000] {processor.py:161} INFO - Started process (PID=1226) to work on /home/airflow/.local/lib/python3.12/site-packages/airflow/example_dags/example_setup_teardown_taskflow.py
[2026-04-25T08:43:09.562+0000] {processor.py:830} INFO - Processing file /home/airflow/.local/lib/python3.12/site-packages/airflow/example_dags/example_setup_teardown_taskflow.py for tasks to queue
[2026-04-25T08:43:09.564+0000] {logging_mixin.py:188} INFO - [2026-04-25T08:43:09.564+0000] {dagbag.py:545} INFO - Filling up the DagBag from /home/airflow/.local/lib/python3.12/site-packages/airflow/example_dags/example_setup_teardown_taskflow.py
[2026-04-25T08:43:09.572+0000] {processor.py:840} INFO - DAG(s) 'example_setup_teardown_taskflow' retrieved from /home/airflow/.local/lib/python3.12/site-packages/airflow/example_dags/example_setup_teardown_taskflow.py
[2026-04-25T08:43:09.596+0000] {logging_mixin.py:188} INFO - [2026-04-25T08:43:09.595+0000] {dag.py:3096} INFO - Sync 1 DAGs
[2026-04-25T08:43:09.618+0000] {logging_mixin.py:188} INFO - [2026-04-25T08:43:09.618+0000] {dag.py:3954} INFO - Setting next_dagrun for example_setup_teardown_taskflow to 2026-04-24 00:00:00+00:00, run_after=2026-04-25 00:00:00+00:00
[2026-04-25T08:43:09.633+0000] {processor.py:183} INFO - Processing /home/airflow/.local/lib/python3.12/site-packages/airflow/example_dags/example_setup_teardown_taskflow.py took 0.076 seconds
[2026-04-25T08:43:40.146+0000] {processor.py:161} INFO - Started process (PID=1284) to work on /home/airflow/.local/lib/python3.12/site-packages/airflow/example_dags/example_setup_teardown_taskflow.py
[2026-04-25T08:43:40.147+0000] {processor.py:830} INFO - Processing file /home/airflow/.local/lib/python3.12/site-packages/airflow/example_dags/example_setup_teardown_taskflow.py for tasks to queue
[2026-04-25T08:43:40.148+0000] {logging_mixin.py:188} INFO - [2026-04-25T08:43:40.148+0000] {dagbag.py:545} INFO - Filling up the DagBag from /home/airflow/.local/lib/python3.12/site-packages/airflow/example_dags/example_setup_teardown_taskflow.py
[2026-04-25T08:43:40.156+0000] {processor.py:840} INFO - DAG(s) 'example_setup_teardown_taskflow' retrieved from /home/airflow/.local/lib/python3.12/site-packages/airflow/example_dags/example_setup_teardown_taskflow.py
[2026-04-25T08:43:40.180+0000] {logging_mixin.py:188} INFO - [2026-04-25T08:43:40.179+0000] {dag.py:3096} INFO - Sync 1 DAGs
[2026-04-25T08:43:40.200+0000] {logging_mixin.py:188} INFO - [2026-04-25T08:43:40.200+0000] {dag.py:3954} INFO - Setting next_dagrun for example_setup_teardown_taskflow to 2026-04-24 00:00:00+00:00, run_after=2026-04-25 00:00:00+00:00
[2026-04-25T08:43:40.215+0000] {processor.py:183} INFO - Processing /home/airflow/.local/lib/python3.12/site-packages/airflow/example_dags/example_setup_teardown_taskflow.py took 0.073 seconds
[2026-04-25T08:44:10.335+0000] {processor.py:161} INFO - Started process (PID=1342) to work on /home/airflow/.local/lib/python3.12/site-packages/airflow/example_dags/example_setup_teardown_taskflow.py
[2026-04-25T08:44:10.335+0000] {processor.py:830} INFO - Processing file /home/airflow/.local/lib/python3.12/site-packages/airflow/example_dags/example_setup_teardown_taskflow.py for tasks to queue
[2026-04-25T08:44:10.337+0000] {logging_mixin.py:188} INFO - [2026-04-25T08:44:10.337+0000] {dagbag.py:545} INFO - Filling up the DagBag from /home/airflow/.local/lib/python3.12/site-packages/airflow/example_dags/example_setup_teardown_taskflow.py
[2026-04-25T08:44:10.345+0000] {processor.py:840} INFO - DAG(s) 'example_setup_teardown_taskflow' retrieved from /home/airflow/.local/lib/python3.12/site-packages/airflow/example_dags/example_setup_teardown_taskflow.py
[2026-04-25T08:44:10.369+0000] {logging_mixin.py:188} INFO - [2026-04-25T08:44:10.369+0000] {dag.py:3096} INFO - Sync 1 DAGs
[2026-04-25T08:44:10.391+0000] {logging_mixin.py:188} INFO - [2026-04-25T08:44:10.390+0000] {dag.py:3954} INFO - Setting next_dagrun for example_setup_teardown_taskflow to 2026-04-24 00:00:00+00:00, run_after=2026-04-25 00:00:00+00:00
[2026-04-25T08:44:10.407+0000] {processor.py:183} INFO - Processing /home/airflow/.local/lib/python3.12/site-packages/airflow/example_dags/example_setup_teardown_taskflow.py took 0.077 seconds
[2026-04-25T08:44:40.901+0000] {processor.py:161} INFO - Started process (PID=1400) to work on /home/airflow/.local/lib/python3.12/site-packages/airflow/example_dags/example_setup_teardown_taskflow.py
[2026-04-25T08:44:40.902+0000] {processor.py:830} INFO - Processing file /home/airflow/.local/lib/python3.12/site-packages/airflow/example_dags/example_setup_teardown_taskflow.py for tasks to queue
[2026-04-25T08:44:40.904+0000] {logging_mixin.py:188} INFO - [2026-04-25T08:44:40.904+0000] {dagbag.py:545} INFO - Filling up the DagBag from /home/airflow/.local/lib/python3.12/site-packages/airflow/example_dags/example_setup_teardown_taskflow.py
[2026-04-25T08:44:40.915+0000] {processor.py:840} INFO - DAG(s) 'example_setup_teardown_taskflow' retrieved from /home/airflow/.local/lib/python3.12/site-packages/airflow/example_dags/example_setup_teardown_taskflow.py
[2026-04-25T08:44:40.933+0000] {logging_mixin.py:188} INFO - [2026-04-25T08:44:40.933+0000] {dag.py:3096} INFO - Sync 1 DAGs
[2026-04-25T08:44:40.952+0000] {logging_mixin.py:188} INFO - [2026-04-25T08:44:40.952+0000] {dag.py:3954} INFO - Setting next_dagrun for example_setup_teardown_taskflow to 2026-04-24 00:00:00+00:00, run_after=2026-04-25 00:00:00+00:00
[2026-04-25T08:44:41.101+0000] {processor.py:183} INFO - Processing /home/airflow/.local/lib/python3.12/site-packages/airflow/example_dags/example_setup_teardown_taskflow.py took 0.204 seconds
[2026-04-25T08:45:11.221+0000] {processor.py:161} INFO - Started process (PID=1458) to work on /home/airflow/.local/lib/python3.12/site-packages/airflow/example_dags/example_setup_teardown_taskflow.py
[2026-04-25T08:45:11.222+0000] {processor.py:830} INFO - Processing file /home/airflow/.local/lib/python3.12/site-packages/airflow/example_dags/example_setup_teardown_taskflow.py for tasks to queue
[2026-04-25T08:45:11.223+0000] {logging_mixin.py:188} INFO - [2026-04-25T08:45:11.223+0000] {dagbag.py:545} INFO - Filling up the DagBag from /home/airflow/.local/lib/python3.12/site-packages/airflow/example_dags/example_setup_teardown_taskflow.py
[2026-04-25T08:45:11.230+0000] {processor.py:840} INFO - DAG(s) 'example_setup_teardown_taskflow' retrieved from /home/airflow/.local/lib/python3.12/site-packages/airflow/example_dags/example_setup_teardown_taskflow.py
[2026-04-25T08:45:11.250+0000] {logging_mixin.py:188} INFO - [2026-04-25T08:45:11.250+0000] {dag.py:3096} INFO - Sync 1 DAGs
[2026-04-25T08:45:11.271+0000] {logging_mixin.py:188} INFO - [2026-04-25T08:45:11.271+0000] {dag.py:3954} INFO - Setting next_dagrun for example_setup_teardown_taskflow to 2026-04-24 00:00:00+00:00, run_after=2026-04-25 00:00:00+00:00
[2026-04-25T08:45:11.402+0000] {processor.py:183} INFO - Processing /home/airflow/.local/lib/python3.12/site-packages/airflow/example_dags/example_setup_teardown_taskflow.py took 0.185 seconds
[2026-04-25T08:45:41.544+0000] {processor.py:161} INFO - Started process (PID=1517) to work on /home/airflow/.local/lib/python3.12/site-packages/airflow/example_dags/example_setup_teardown_taskflow.py
[2026-04-25T08:45:41.545+0000] {processor.py:830} INFO - Processing file /home/airflow/.local/lib/python3.12/site-packages/airflow/example_dags/example_setup_teardown_taskflow.py for tasks to queue
[2026-04-25T08:45:41.546+0000] {logging_mixin.py:188} INFO - [2026-04-25T08:45:41.546+0000] {dagbag.py:545} INFO - Filling up the DagBag from /home/airflow/.local/lib/python3.12/site-packages/airflow/example_dags/example_setup_teardown_taskflow.py
[2026-04-25T08:45:41.555+0000] {processor.py:840} INFO - DAG(s) 'example_setup_teardown_taskflow' retrieved from /home/airflow/.local/lib/python3.12/site-packages/airflow/example_dags/example_setup_teardown_taskflow.py
[2026-04-25T08:45:41.576+0000] {logging_mixin.py:188} INFO - [2026-04-25T08:45:41.576+0000] {dag.py:3096} INFO - Sync 1 DAGs
[2026-04-25T08:45:41.594+0000] {logging_mixin.py:188} INFO - [2026-04-25T08:45:41.594+0000] {dag.py:3954} INFO - Setting next_dagrun for example_setup_teardown_taskflow to 2026-04-24 00:00:00+00:00, run_after=2026-04-25 00:00:00+00:00
[2026-04-25T08:45:41.609+0000] {processor.py:183} INFO - Processing /home/airflow/.local/lib/python3.12/site-packages/airflow/example_dags/example_setup_teardown_taskflow.py took 0.069 seconds
[2026-04-25T08:46:11.853+0000] {processor.py:161} INFO - Started process (PID=1574) to work on /home/airflow/.local/lib/python3.12/site-packages/airflow/example_dags/example_setup_teardown_taskflow.py
[2026-04-25T08:46:11.853+0000] {processor.py:830} INFO - Processing file /home/airflow/.local/lib/python3.12/site-packages/airflow/example_dags/example_setup_teardown_taskflow.py for tasks to queue
[2026-04-25T08:46:11.854+0000] {logging_mixin.py:188} INFO - [2026-04-25T08:46:11.854+0000] {dagbag.py:545} INFO - Filling up the DagBag from /home/airflow/.local/lib/python3.12/site-packages/airflow/example_dags/example_setup_teardown_taskflow.py
[2026-04-25T08:46:11.862+0000] {processor.py:840} INFO - DAG(s) 'example_setup_teardown_taskflow' retrieved from /home/airflow/.local/lib/python3.12/site-packages/airflow/example_dags/example_setup_teardown_taskflow.py
[2026-04-25T08:46:11.881+0000] {logging_mixin.py:188} INFO - [2026-04-25T08:46:11.881+0000] {dag.py:3096} INFO - Sync 1 DAGs
[2026-04-25T08:46:11.899+0000] {logging_mixin.py:188} INFO - [2026-04-25T08:46:11.899+0000] {dag.py:3954} INFO - Setting next_dagrun for example_setup_teardown_taskflow to 2026-04-24 00:00:00+00:00, run_after=2026-04-25 00:00:00+00:00
[2026-04-25T08:46:11.915+0000] {processor.py:183} INFO - Processing /home/airflow/.local/lib/python3.12/site-packages/airflow/example_dags/example_setup_teardown_taskflow.py took 0.067 seconds
[2026-04-25T08:46:42.085+0000] {processor.py:161} INFO - Started process (PID=1631) to work on /home/airflow/.local/lib/python3.12/site-packages/airflow/example_dags/example_setup_teardown_taskflow.py
[2026-04-25T08:46:42.086+0000] {processor.py:830} INFO - Processing file /home/airflow/.local/lib/python3.12/site-packages/airflow/example_dags/example_setup_teardown_taskflow.py for tasks to queue
[2026-04-25T08:46:42.087+0000] {logging_mixin.py:188} INFO - [2026-04-25T08:46:42.087+0000] {dagbag.py:545} INFO - Filling up the DagBag from /home/airflow/.local/lib/python3.12/site-packages/airflow/example_dags/example_setup_teardown_taskflow.py
[2026-04-25T08:46:42.095+0000] {processor.py:840} INFO - DAG(s) 'example_setup_teardown_taskflow' retrieved from /home/airflow/.local/lib/python3.12/site-packages/airflow/example_dags/example_setup_teardown_taskflow.py
[2026-04-25T08:46:42.114+0000] {logging_mixin.py:188} INFO - [2026-04-25T08:46:42.113+0000] {dag.py:3096} INFO - Sync 1 DAGs
[2026-04-25T08:46:42.131+0000] {logging_mixin.py:188} INFO - [2026-04-25T08:46:42.131+0000] {dag.py:3954} INFO - Setting next_dagrun for example_setup_teardown_taskflow to 2026-04-24 00:00:00+00:00, run_after=2026-04-25 00:00:00+00:00
[2026-04-25T08:46:42.148+0000] {processor.py:183} INFO - Processing /home/airflow/.local/lib/python3.12/site-packages/airflow/example_dags/example_setup_teardown_taskflow.py took 0.067 seconds
[2026-04-25T08:47:12.543+0000] {processor.py:161} INFO - Started process (PID=1690) to work on /home/airflow/.local/lib/python3.12/site-packages/airflow/example_dags/example_setup_teardown_taskflow.py
[2026-04-25T08:47:12.544+0000] {processor.py:830} INFO - Processing file /home/airflow/.local/lib/python3.12/site-packages/airflow/example_dags/example_setup_teardown_taskflow.py for tasks to queue
[2026-04-25T08:47:12.545+0000] {logging_mixin.py:188} INFO - [2026-04-25T08:47:12.545+0000] {dagbag.py:545} INFO - Filling up the DagBag from /home/airflow/.local/lib/python3.12/site-packages/airflow/example_dags/example_setup_teardown_taskflow.py
[2026-04-25T08:47:12.555+0000] {processor.py:840} INFO - DAG(s) 'example_setup_teardown_taskflow' retrieved from /home/airflow/.local/lib/python3.12/site-packages/airflow/example_dags/example_setup_teardown_taskflow.py
[2026-04-25T08:47:12.580+0000] {logging_mixin.py:188} INFO - [2026-04-25T08:47:12.580+0000] {dag.py:3096} INFO - Sync 1 DAGs
[2026-04-25T08:47:12.605+0000] {logging_mixin.py:188} INFO - [2026-04-25T08:47:12.604+0000] {dag.py:3954} INFO - Setting next_dagrun for example_setup_teardown_taskflow to 2026-04-24 00:00:00+00:00, run_after=2026-04-25 00:00:00+00:00
[2026-04-25T08:47:12.620+0000] {processor.py:183} INFO - Processing /home/airflow/.local/lib/python3.12/site-packages/airflow/example_dags/example_setup_teardown_taskflow.py took 0.081 seconds
[2026-04-25T08:47:43.091+0000] {processor.py:161} INFO - Started process (PID=1748) to work on /home/airflow/.local/lib/python3.12/site-packages/airflow/example_dags/example_setup_teardown_taskflow.py
[2026-04-25T08:47:43.092+0000] {processor.py:830} INFO - Processing file /home/airflow/.local/lib/python3.12/site-packages/airflow/example_dags/example_setup_teardown_taskflow.py for tasks to queue
[2026-04-25T08:47:43.094+0000] {logging_mixin.py:188} INFO - [2026-04-25T08:47:43.094+0000] {dagbag.py:545} INFO - Filling up the DagBag from /home/airflow/.local/lib/python3.12/site-packages/airflow/example_dags/example_setup_teardown_taskflow.py
[2026-04-25T08:47:43.105+0000] {processor.py:840} INFO - DAG(s) 'example_setup_teardown_taskflow' retrieved from /home/airflow/.local/lib/python3.12/site-packages/airflow/example_dags/example_setup_teardown_taskflow.py
[2026-04-25T08:47:43.126+0000] {logging_mixin.py:188} INFO - [2026-04-25T08:47:43.126+0000] {dag.py:3096} INFO - Sync 1 DAGs
[2026-04-25T08:47:43.147+0000] {logging_mixin.py:188} INFO - [2026-04-25T08:47:43.146+0000] {dag.py:3954} INFO - Setting next_dagrun for example_setup_teardown_taskflow to 2026-04-24 00:00:00+00:00, run_after=2026-04-25 00:00:00+00:00
[2026-04-25T08:47:43.164+0000] {processor.py:183} INFO - Processing /home/airflow/.local/lib/python3.12/site-packages/airflow/example_dags/example_setup_teardown_taskflow.py took 0.080 seconds
[2026-04-25T08:48:13.448+0000] {processor.py:161} INFO - Started process (PID=1806) to work on /home/airflow/.local/lib/python3.12/site-packages/airflow/example_dags/example_setup_teardown_taskflow.py
[2026-04-25T08:48:13.448+0000] {processor.py:830} INFO - Processing file /home/airflow/.local/lib/python3.12/site-packages/airflow/example_dags/example_setup_teardown_taskflow.py for tasks to queue
[2026-04-25T08:48:13.450+0000] {logging_mixin.py:188} INFO - [2026-04-25T08:48:13.450+0000] {dagbag.py:545} INFO - Filling up the DagBag from /home/airflow/.local/lib/python3.12/site-packages/airflow/example_dags/example_setup_teardown_taskflow.py
[2026-04-25T08:48:13.462+0000] {processor.py:840} INFO - DAG(s) 'example_setup_teardown_taskflow' retrieved from /home/airflow/.local/lib/python3.12/site-packages/airflow/example_dags/example_setup_teardown_taskflow.py
[2026-04-25T08:48:13.486+0000] {logging_mixin.py:188} INFO - [2026-04-25T08:48:13.486+0000] {dag.py:3096} INFO - Sync 1 DAGs
[2026-04-25T08:48:13.514+0000] {logging_mixin.py:188} INFO - [2026-04-25T08:48:13.514+0000] {dag.py:3954} INFO - Setting next_dagrun for example_setup_teardown_taskflow to 2026-04-24 00:00:00+00:00, run_after=2026-04-25 00:00:00+00:00
[2026-04-25T08:48:13.536+0000] {processor.py:183} INFO - Processing /home/airflow/.local/lib/python3.12/site-packages/airflow/example_dags/example_setup_teardown_taskflow.py took 0.095 seconds
[2026-04-25T08:48:43.672+0000] {processor.py:161} INFO - Started process (PID=1864) to work on /home/airflow/.local/lib/python3.12/site-packages/airflow/example_dags/example_setup_teardown_taskflow.py
[2026-04-25T08:48:43.674+0000] {processor.py:830} INFO - Processing file /home/airflow/.local/lib/python3.12/site-packages/airflow/example_dags/example_setup_teardown_taskflow.py for tasks to queue
[2026-04-25T08:48:43.675+0000] {logging_mixin.py:188} INFO - [2026-04-25T08:48:43.675+0000] {dagbag.py:545} INFO - Filling up the DagBag from /home/airflow/.local/lib/python3.12/site-packages/airflow/example_dags/example_setup_teardown_taskflow.py
[2026-04-25T08:48:43.684+0000] {processor.py:840} INFO - DAG(s) 'example_setup_teardown_taskflow' retrieved from /home/airflow/.local/lib/python3.12/site-packages/airflow/example_dags/example_setup_teardown_taskflow.py
[2026-04-25T08:48:43.704+0000] {logging_mixin.py:188} INFO - [2026-04-25T08:48:43.704+0000] {dag.py:3096} INFO - Sync 1 DAGs
[2026-04-25T08:48:43.723+0000] {logging_mixin.py:188} INFO - [2026-04-25T08:48:43.723+0000] {dag.py:3954} INFO - Setting next_dagrun for example_setup_teardown_taskflow to 2026-04-24 00:00:00+00:00, run_after=2026-04-25 00:00:00+00:00
[2026-04-25T08:48:43.738+0000] {processor.py:183} INFO - Processing /home/airflow/.local/lib/python3.12/site-packages/airflow/example_dags/example_setup_teardown_taskflow.py took 0.073 seconds
[2026-04-25T08:49:14.109+0000] {processor.py:161} INFO - Started process (PID=1922) to work on /home/airflow/.local/lib/python3.12/site-packages/airflow/example_dags/example_setup_teardown_taskflow.py
[2026-04-25T08:49:14.109+0000] {processor.py:830} INFO - Processing file /home/airflow/.local/lib/python3.12/site-packages/airflow/example_dags/example_setup_teardown_taskflow.py for tasks to queue
[2026-04-25T08:49:14.111+0000] {logging_mixin.py:188} INFO - [2026-04-25T08:49:14.110+0000] {dagbag.py:545} INFO - Filling up the DagBag from /home/airflow/.local/lib/python3.12/site-packages/airflow/example_dags/example_setup_teardown_taskflow.py
[2026-04-25T08:49:14.121+0000] {processor.py:840} INFO - DAG(s) 'example_setup_teardown_taskflow' retrieved from /home/airflow/.local/lib/python3.12/site-packages/airflow/example_dags/example_setup_teardown_taskflow.py
[2026-04-25T08:49:14.147+0000] {logging_mixin.py:188} INFO - [2026-04-25T08:49:14.146+0000] {dag.py:3096} INFO - Sync 1 DAGs
[2026-04-25T08:49:14.176+0000] {logging_mixin.py:188} INFO - [2026-04-25T08:49:14.176+0000] {dag.py:3954} INFO - Setting next_dagrun for example_setup_teardown_taskflow to 2026-04-24 00:00:00+00:00, run_after=2026-04-25 00:00:00+00:00
[2026-04-25T08:49:14.198+0000] {processor.py:183} INFO - Processing /home/airflow/.local/lib/python3.12/site-packages/airflow/example_dags/example_setup_teardown_taskflow.py took 0.094 seconds
[2026-04-25T08:49:44.725+0000] {processor.py:161} INFO - Started process (PID=1980) to work on /home/airflow/.local/lib/python3.12/site-packages/airflow/example_dags/example_setup_teardown_taskflow.py
[2026-04-25T08:49:44.726+0000] {processor.py:830} INFO - Processing file /home/airflow/.local/lib/python3.12/site-packages/airflow/example_dags/example_setup_teardown_taskflow.py for tasks to queue
[2026-04-25T08:49:44.729+0000] {logging_mixin.py:188} INFO - [2026-04-25T08:49:44.728+0000] {dagbag.py:545} INFO - Filling up the DagBag from /home/airflow/.local/lib/python3.12/site-packages/airflow/example_dags/example_setup_teardown_taskflow.py
[2026-04-25T08:49:44.741+0000] {processor.py:840} INFO - DAG(s) 'example_setup_teardown_taskflow' retrieved from /home/airflow/.local/lib/python3.12/site-packages/airflow/example_dags/example_setup_teardown_taskflow.py
[2026-04-25T08:49:44.766+0000] {logging_mixin.py:188} INFO - [2026-04-25T08:49:44.766+0000] {dag.py:3096} INFO - Sync 1 DAGs
[2026-04-25T08:49:44.785+0000] {logging_mixin.py:188} INFO - [2026-04-25T08:49:44.785+0000] {dag.py:3954} INFO - Setting next_dagrun for example_setup_teardown_taskflow to 2026-04-24 00:00:00+00:00, run_after=2026-04-25 00:00:00+00:00
[2026-04-25T08:49:44.802+0000] {processor.py:183} INFO - Processing /home/airflow/.local/lib/python3.12/site-packages/airflow/example_dags/example_setup_teardown_taskflow.py took 0.088 seconds
[2026-04-25T08:50:15.141+0000] {processor.py:161} INFO - Started process (PID=2038) to work on /home/airflow/.local/lib/python3.12/site-packages/airflow/example_dags/example_setup_teardown_taskflow.py
[2026-04-25T08:50:15.142+0000] {processor.py:830} INFO - Processing file /home/airflow/.local/lib/python3.12/site-packages/airflow/example_dags/example_setup_teardown_taskflow.py for tasks to queue
[2026-04-25T08:50:15.143+0000] {logging_mixin.py:188} INFO - [2026-04-25T08:50:15.143+0000] {dagbag.py:545} INFO - Filling up the DagBag from /home/airflow/.local/lib/python3.12/site-packages/airflow/example_dags/example_setup_teardown_taskflow.py
[2026-04-25T08:50:15.152+0000] {processor.py:840} INFO - DAG(s) 'example_setup_teardown_taskflow' retrieved from /home/airflow/.local/lib/python3.12/site-packages/airflow/example_dags/example_setup_teardown_taskflow.py
[2026-04-25T08:50:15.176+0000] {logging_mixin.py:188} INFO - [2026-04-25T08:50:15.175+0000] {dag.py:3096} INFO - Sync 1 DAGs
[2026-04-25T08:50:15.197+0000] {logging_mixin.py:188} INFO - [2026-04-25T08:50:15.197+0000] {dag.py:3954} INFO - Setting next_dagrun for example_setup_teardown_taskflow to 2026-04-24 00:00:00+00:00, run_after=2026-04-25 00:00:00+00:00
[2026-04-25T08:50:15.212+0000] {processor.py:183} INFO - Processing /home/airflow/.local/lib/python3.12/site-packages/airflow/example_dags/example_setup_teardown_taskflow.py took 0.076 seconds
[2026-04-25T08:50:45.539+0000] {processor.py:161} INFO - Started process (PID=2096) to work on /home/airflow/.local/lib/python3.12/site-packages/airflow/example_dags/example_setup_teardown_taskflow.py
[2026-04-25T08:50:45.540+0000] {processor.py:830} INFO - Processing file /home/airflow/.local/lib/python3.12/site-packages/airflow/example_dags/example_setup_teardown_taskflow.py for tasks to queue
[2026-04-25T08:50:45.541+0000] {logging_mixin.py:188} INFO - [2026-04-25T08:50:45.541+0000] {dagbag.py:545} INFO - Filling up the DagBag from /home/airflow/.local/lib/python3.12/site-packages/airflow/example_dags/example_setup_teardown_taskflow.py
[2026-04-25T08:50:45.548+0000] {processor.py:840} INFO - DAG(s) 'example_setup_teardown_taskflow' retrieved from /home/airflow/.local/lib/python3.12/site-packages/airflow/example_dags/example_setup_teardown_taskflow.py
[2026-04-25T08:50:45.566+0000] {logging_mixin.py:188} INFO - [2026-04-25T08:50:45.566+0000] {dag.py:3096} INFO - Sync 1 DAGs
[2026-04-25T08:50:45.585+0000] {logging_mixin.py:188} INFO - [2026-04-25T08:50:45.584+0000] {dag.py:3954} INFO - Setting next_dagrun for example_setup_teardown_taskflow to 2026-04-24 00:00:00+00:00, run_after=2026-04-25 00:00:00+00:00
[2026-04-25T08:50:45.599+0000] {processor.py:183} INFO - Processing /home/airflow/.local/lib/python3.12/site-packages/airflow/example_dags/example_setup_teardown_taskflow.py took 0.065 seconds
[2026-04-25T08:51:16.174+0000] {processor.py:161} INFO - Started process (PID=2154) to work on /home/airflow/.local/lib/python3.12/site-packages/airflow/example_dags/example_setup_teardown_taskflow.py
[2026-04-25T08:51:16.175+0000] {processor.py:830} INFO - Processing file /home/airflow/.local/lib/python3.12/site-packages/airflow/example_dags/example_setup_teardown_taskflow.py for tasks to queue
[2026-04-25T08:51:16.176+0000] {logging_mixin.py:188} INFO - [2026-04-25T08:51:16.176+0000] {dagbag.py:545} INFO - Filling up the DagBag from /home/airflow/.local/lib/python3.12/site-packages/airflow/example_dags/example_setup_teardown_taskflow.py
[2026-04-25T08:51:16.185+0000] {processor.py:840} INFO - DAG(s) 'example_setup_teardown_taskflow' retrieved from /home/airflow/.local/lib/python3.12/site-packages/airflow/example_dags/example_setup_teardown_taskflow.py
[2026-04-25T08:51:16.209+0000] {logging_mixin.py:188} INFO - [2026-04-25T08:51:16.209+0000] {dag.py:3096} INFO - Sync 1 DAGs
[2026-04-25T08:51:16.234+0000] {logging_mixin.py:188} INFO - [2026-04-25T08:51:16.234+0000] {dag.py:3954} INFO - Setting next_dagrun for example_setup_teardown_taskflow to 2026-04-24 00:00:00+00:00, run_after=2026-04-25 00:00:00+00:00
[2026-04-25T08:51:16.250+0000] {processor.py:183} INFO - Processing /home/airflow/.local/lib/python3.12/site-packages/airflow/example_dags/example_setup_teardown_taskflow.py took 0.080 seconds
[2026-04-25T08:51:46.312+0000] {processor.py:161} INFO - Started process (PID=2212) to work on /home/airflow/.local/lib/python3.12/site-packages/airflow/example_dags/example_setup_teardown_taskflow.py
[2026-04-25T08:51:46.312+0000] {processor.py:830} INFO - Processing file /home/airflow/.local/lib/python3.12/site-packages/airflow/example_dags/example_setup_teardown_taskflow.py for tasks to queue
[2026-04-25T08:51:46.313+0000] {logging_mixin.py:188} INFO - [2026-04-25T08:51:46.313+0000] {dagbag.py:545} INFO - Filling up the DagBag from /home/airflow/.local/lib/python3.12/site-packages/airflow/example_dags/example_setup_teardown_taskflow.py
[2026-04-25T08:51:46.321+0000] {processor.py:840} INFO - DAG(s) 'example_setup_teardown_taskflow' retrieved from /home/airflow/.local/lib/python3.12/site-packages/airflow/example_dags/example_setup_teardown_taskflow.py
[2026-04-25T08:51:46.344+0000] {logging_mixin.py:188} INFO - [2026-04-25T08:51:46.344+0000] {dag.py:3096} INFO - Sync 1 DAGs
[2026-04-25T08:51:46.362+0000] {logging_mixin.py:188} INFO - [2026-04-25T08:51:46.362+0000] {dag.py:3954} INFO - Setting next_dagrun for example_setup_teardown_taskflow to 2026-04-24 00:00:00+00:00, run_after=2026-04-25 00:00:00+00:00
[2026-04-25T08:51:46.377+0000] {processor.py:183} INFO - Processing /home/airflow/.local/lib/python3.12/site-packages/airflow/example_dags/example_setup_teardown_taskflow.py took 0.070 seconds
[2026-04-25T08:52:16.993+0000] {processor.py:161} INFO - Started process (PID=2270) to work on /home/airflow/.local/lib/python3.12/site-packages/airflow/example_dags/example_setup_teardown_taskflow.py
[2026-04-25T08:52:16.993+0000] {processor.py:830} INFO - Processing file /home/airflow/.local/lib/python3.12/site-packages/airflow/example_dags/example_setup_teardown_taskflow.py for tasks to queue
[2026-04-25T08:52:16.995+0000] {logging_mixin.py:188} INFO - [2026-04-25T08:52:16.994+0000] {dagbag.py:545} INFO - Filling up the DagBag from /home/airflow/.local/lib/python3.12/site-packages/airflow/example_dags/example_setup_teardown_taskflow.py
[2026-04-25T08:52:17.003+0000] {processor.py:840} INFO - DAG(s) 'example_setup_teardown_taskflow' retrieved from /home/airflow/.local/lib/python3.12/site-packages/airflow/example_dags/example_setup_teardown_taskflow.py
[2026-04-25T08:52:17.027+0000] {logging_mixin.py:188} INFO - [2026-04-25T08:52:17.027+0000] {dag.py:3096} INFO - Sync 1 DAGs
[2026-04-25T08:52:17.049+0000] {logging_mixin.py:188} INFO - [2026-04-25T08:52:17.049+0000] {dag.py:3954} INFO - Setting next_dagrun for example_setup_teardown_taskflow to 2026-04-24 00:00:00+00:00, run_after=2026-04-25 00:00:00+00:00
[2026-04-25T08:52:17.063+0000] {processor.py:183} INFO - Processing /home/airflow/.local/lib/python3.12/site-packages/airflow/example_dags/example_setup_teardown_taskflow.py took 0.076 seconds
[2026-04-25T08:52:47.679+0000] {processor.py:161} INFO - Started process (PID=2328) to work on /home/airflow/.local/lib/python3.12/site-packages/airflow/example_dags/example_setup_teardown_taskflow.py
[2026-04-25T08:52:47.680+0000] {processor.py:830} INFO - Processing file /home/airflow/.local/lib/python3.12/site-packages/airflow/example_dags/example_setup_teardown_taskflow.py for tasks to queue
[2026-04-25T08:52:47.682+0000] {logging_mixin.py:188} INFO - [2026-04-25T08:52:47.681+0000] {dagbag.py:545} INFO - Filling up the DagBag from /home/airflow/.local/lib/python3.12/site-packages/airflow/example_dags/example_setup_teardown_taskflow.py
[2026-04-25T08:52:47.691+0000] {processor.py:840} INFO - DAG(s) 'example_setup_teardown_taskflow' retrieved from /home/airflow/.local/lib/python3.12/site-packages/airflow/example_dags/example_setup_teardown_taskflow.py
[2026-04-25T08:52:47.713+0000] {logging_mixin.py:188} INFO - [2026-04-25T08:52:47.712+0000] {dag.py:3096} INFO - Sync 1 DAGs
[2026-04-25T08:52:47.731+0000] {logging_mixin.py:188} INFO - [2026-04-25T08:52:47.731+0000] {dag.py:3954} INFO - Setting next_dagrun for example_setup_teardown_taskflow to 2026-04-24 00:00:00+00:00, run_after=2026-04-25 00:00:00+00:00
[2026-04-25T08:52:47.746+0000] {processor.py:183} INFO - Processing /home/airflow/.local/lib/python3.12/site-packages/airflow/example_dags/example_setup_teardown_taskflow.py took 0.073 seconds
[2026-04-25T08:53:18.220+0000] {processor.py:161} INFO - Started process (PID=2386) to work on /home/airflow/.local/lib/python3.12/site-packages/airflow/example_dags/example_setup_teardown_taskflow.py
[2026-04-25T08:53:18.221+0000] {processor.py:830} INFO - Processing file /home/airflow/.local/lib/python3.12/site-packages/airflow/example_dags/example_setup_teardown_taskflow.py for tasks to queue
[2026-04-25T08:53:18.223+0000] {logging_mixin.py:188} INFO - [2026-04-25T08:53:18.223+0000] {dagbag.py:545} INFO - Filling up the DagBag from /home/airflow/.local/lib/python3.12/site-packages/airflow/example_dags/example_setup_teardown_taskflow.py
[2026-04-25T08:53:18.234+0000] {processor.py:840} INFO - DAG(s) 'example_setup_teardown_taskflow' retrieved from /home/airflow/.local/lib/python3.12/site-packages/airflow/example_dags/example_setup_teardown_taskflow.py
[2026-04-25T08:53:18.253+0000] {logging_mixin.py:188} INFO - [2026-04-25T08:53:18.253+0000] {dag.py:3096} INFO - Sync 1 DAGs
[2026-04-25T08:53:18.274+0000] {logging_mixin.py:188} INFO - [2026-04-25T08:53:18.273+0000] {dag.py:3954} INFO - Setting next_dagrun for example_setup_teardown_taskflow to 2026-04-24 00:00:00+00:00, run_after=2026-04-25 00:00:00+00:00
[2026-04-25T08:53:18.292+0000] {processor.py:183} INFO - Processing /home/airflow/.local/lib/python3.12/site-packages/airflow/example_dags/example_setup_teardown_taskflow.py took 0.076 seconds
[2026-04-25T08:53:48.680+0000] {processor.py:161} INFO - Started process (PID=2444) to work on /home/airflow/.local/lib/python3.12/site-packages/airflow/example_dags/example_setup_teardown_taskflow.py
[2026-04-25T08:53:48.681+0000] {processor.py:830} INFO - Processing file /home/airflow/.local/lib/python3.12/site-packages/airflow/example_dags/example_setup_teardown_taskflow.py for tasks to queue
[2026-04-25T08:53:48.682+0000] {logging_mixin.py:188} INFO - [2026-04-25T08:53:48.682+0000] {dagbag.py:545} INFO - Filling up the DagBag from /home/airflow/.local/lib/python3.12/site-packages/airflow/example_dags/example_setup_teardown_taskflow.py
[2026-04-25T08:53:48.691+0000] {processor.py:840} INFO - DAG(s) 'example_setup_teardown_taskflow' retrieved from /home/airflow/.local/lib/python3.12/site-packages/airflow/example_dags/example_setup_teardown_taskflow.py
[2026-04-25T08:53:48.716+0000] {logging_mixin.py:188} INFO - [2026-04-25T08:53:48.715+0000] {dag.py:3096} INFO - Sync 1 DAGs
[2026-04-25T08:53:48.742+0000] {logging_mixin.py:188} INFO - [2026-04-25T08:53:48.742+0000] {dag.py:3954} INFO - Setting next_dagrun for example_setup_teardown_taskflow to 2026-04-24 00:00:00+00:00, run_after=2026-04-25 00:00:00+00:00
[2026-04-25T08:53:48.766+0000] {processor.py:183} INFO - Processing /home/airflow/.local/lib/python3.12/site-packages/airflow/example_dags/example_setup_teardown_taskflow.py took 0.093 seconds
[2026-04-25T08:54:19.050+0000] {processor.py:161} INFO - Started process (PID=2501) to work on /home/airflow/.local/lib/python3.12/site-packages/airflow/example_dags/example_setup_teardown_taskflow.py
[2026-04-25T08:54:19.051+0000] {processor.py:830} INFO - Processing file /home/airflow/.local/lib/python3.12/site-packages/airflow/example_dags/example_setup_teardown_taskflow.py for tasks to queue
[2026-04-25T08:54:19.052+0000] {logging_mixin.py:188} INFO - [2026-04-25T08:54:19.052+0000] {dagbag.py:545} INFO - Filling up the DagBag from /home/airflow/.local/lib/python3.12/site-packages/airflow/example_dags/example_setup_teardown_taskflow.py
[2026-04-25T08:54:19.060+0000] {processor.py:840} INFO - DAG(s) 'example_setup_teardown_taskflow' retrieved from /home/airflow/.local/lib/python3.12/site-packages/airflow/example_dags/example_setup_teardown_taskflow.py
[2026-04-25T08:54:19.085+0000] {logging_mixin.py:188} INFO - [2026-04-25T08:54:19.085+0000] {dag.py:3096} INFO - Sync 1 DAGs
[2026-04-25T08:54:19.105+0000] {logging_mixin.py:188} INFO - [2026-04-25T08:54:19.105+0000] {dag.py:3954} INFO - Setting next_dagrun for example_setup_teardown_taskflow to 2026-04-24 00:00:00+00:00, run_after=2026-04-25 00:00:00+00:00
[2026-04-25T08:54:19.121+0000] {processor.py:183} INFO - Processing /home/airflow/.local/lib/python3.12/site-packages/airflow/example_dags/example_setup_teardown_taskflow.py took 0.075 seconds
[2026-04-25T08:54:49.666+0000] {processor.py:161} INFO - Started process (PID=2559) to work on /home/airflow/.local/lib/python3.12/site-packages/airflow/example_dags/example_setup_teardown_taskflow.py
[2026-04-25T08:54:49.668+0000] {processor.py:830} INFO - Processing file /home/airflow/.local/lib/python3.12/site-packages/airflow/example_dags/example_setup_teardown_taskflow.py for tasks to queue
[2026-04-25T08:54:49.670+0000] {logging_mixin.py:188} INFO - [2026-04-25T08:54:49.669+0000] {dagbag.py:545} INFO - Filling up the DagBag from /home/airflow/.local/lib/python3.12/site-packages/airflow/example_dags/example_setup_teardown_taskflow.py
[2026-04-25T08:54:49.682+0000] {processor.py:840} INFO - DAG(s) 'example_setup_teardown_taskflow' retrieved from /home/airflow/.local/lib/python3.12/site-packages/airflow/example_dags/example_setup_teardown_taskflow.py
[2026-04-25T08:54:49.706+0000] {logging_mixin.py:188} INFO - [2026-04-25T08:54:49.706+0000] {dag.py:3096} INFO - Sync 1 DAGs
[2026-04-25T08:54:49.726+0000] {logging_mixin.py:188} INFO - [2026-04-25T08:54:49.726+0000] {dag.py:3954} INFO - Setting next_dagrun for example_setup_teardown_taskflow to 2026-04-24 00:00:00+00:00, run_after=2026-04-25 00:00:00+00:00
[2026-04-25T08:54:49.741+0000] {processor.py:183} INFO - Processing /home/airflow/.local/lib/python3.12/site-packages/airflow/example_dags/example_setup_teardown_taskflow.py took 0.082 seconds
[2026-04-25T08:55:20.056+0000] {processor.py:161} INFO - Started process (PID=2617) to work on /home/airflow/.local/lib/python3.12/site-packages/airflow/example_dags/example_setup_teardown_taskflow.py
[2026-04-25T08:55:20.057+0000] {processor.py:830} INFO - Processing file /home/airflow/.local/lib/python3.12/site-packages/airflow/example_dags/example_setup_teardown_taskflow.py for tasks to queue
[2026-04-25T08:55:20.063+0000] {logging_mixin.py:188} INFO - [2026-04-25T08:55:20.062+0000] {dagbag.py:545} INFO - Filling up the DagBag from /home/airflow/.local/lib/python3.12/site-packages/airflow/example_dags/example_setup_teardown_taskflow.py
[2026-04-25T08:55:20.080+0000] {processor.py:840} INFO - DAG(s) 'example_setup_teardown_taskflow' retrieved from /home/airflow/.local/lib/python3.12/site-packages/airflow/example_dags/example_setup_teardown_taskflow.py
[2026-04-25T08:55:20.112+0000] {logging_mixin.py:188} INFO - [2026-04-25T08:55:20.112+0000] {dag.py:3096} INFO - Sync 1 DAGs
[2026-04-25T08:55:20.141+0000] {logging_mixin.py:188} INFO - [2026-04-25T08:55:20.141+0000] {dag.py:3954} INFO - Setting next_dagrun for example_setup_teardown_taskflow to 2026-04-24 00:00:00+00:00, run_after=2026-04-25 00:00:00+00:00
[2026-04-25T08:55:20.158+0000] {processor.py:183} INFO - Processing /home/airflow/.local/lib/python3.12/site-packages/airflow/example_dags/example_setup_teardown_taskflow.py took 0.109 seconds
