[2026-04-25T08:33:04.244+0000] {processor.py:161} INFO - Started process (PID=84) to work on /home/airflow/.local/lib/python3.12/site-packages/airflow/example_dags/tutorial.py
[2026-04-25T08:33:04.247+0000] {processor.py:830} INFO - Processing file /home/airflow/.local/lib/python3.12/site-packages/airflow/example_dags/tutorial.py for tasks to queue
[2026-04-25T08:33:04.251+0000] {logging_mixin.py:188} INFO - [2026-04-25T08:33:04.251+0000] {dagbag.py:545} INFO - Filling up the DagBag from /home/airflow/.local/lib/python3.12/site-packages/airflow/example_dags/tutorial.py
[2026-04-25T08:33:04.263+0000] {processor.py:840} INFO - DAG(s) 'tutorial' retrieved from /home/airflow/.local/lib/python3.12/site-packages/airflow/example_dags/tutorial.py
[2026-04-25T08:33:04.426+0000] {logging_mixin.py:188} INFO - [2026-04-25T08:33:04.426+0000] {dag.py:3096} INFO - Sync 1 DAGs
[2026-04-25T08:33:04.456+0000] {logging_mixin.py:188} INFO - [2026-04-25T08:33:04.455+0000] {dag.py:3954} INFO - Setting next_dagrun for tutorial to 2026-04-24 00:00:00+00:00, run_after=2026-04-25 00:00:00+00:00
[2026-04-25T08:33:04.476+0000] {processor.py:183} INFO - Processing /home/airflow/.local/lib/python3.12/site-packages/airflow/example_dags/tutorial.py took 0.259 seconds
[2026-04-25T08:33:35.276+0000] {processor.py:161} INFO - Started process (PID=142) to work on /home/airflow/.local/lib/python3.12/site-packages/airflow/example_dags/tutorial.py
[2026-04-25T08:33:35.277+0000] {processor.py:830} INFO - Processing file /home/airflow/.local/lib/python3.12/site-packages/airflow/example_dags/tutorial.py for tasks to queue
[2026-04-25T08:33:35.278+0000] {logging_mixin.py:188} INFO - [2026-04-25T08:33:35.278+0000] {dagbag.py:545} INFO - Filling up the DagBag from /home/airflow/.local/lib/python3.12/site-packages/airflow/example_dags/tutorial.py
[2026-04-25T08:33:35.284+0000] {processor.py:840} INFO - DAG(s) 'tutorial' retrieved from /home/airflow/.local/lib/python3.12/site-packages/airflow/example_dags/tutorial.py
[2026-04-25T08:33:35.308+0000] {logging_mixin.py:188} INFO - [2026-04-25T08:33:35.308+0000] {dag.py:3096} INFO - Sync 1 DAGs
[2026-04-25T08:33:35.334+0000] {logging_mixin.py:188} INFO - [2026-04-25T08:33:35.334+0000] {dag.py:3954} INFO - Setting next_dagrun for tutorial to 2026-04-24 00:00:00+00:00, run_after=2026-04-25 00:00:00+00:00
[2026-04-25T08:33:35.478+0000] {processor.py:183} INFO - Processing /home/airflow/.local/lib/python3.12/site-packages/airflow/example_dags/tutorial.py took 0.207 seconds
[2026-04-25T08:34:05.544+0000] {processor.py:161} INFO - Started process (PID=200) to work on /home/airflow/.local/lib/python3.12/site-packages/airflow/example_dags/tutorial.py
[2026-04-25T08:34:05.545+0000] {processor.py:830} INFO - Processing file /home/airflow/.local/lib/python3.12/site-packages/airflow/example_dags/tutorial.py for tasks to queue
[2026-04-25T08:34:05.547+0000] {logging_mixin.py:188} INFO - [2026-04-25T08:34:05.546+0000] {dagbag.py:545} INFO - Filling up the DagBag from /home/airflow/.local/lib/python3.12/site-packages/airflow/example_dags/tutorial.py
[2026-04-25T08:34:05.553+0000] {processor.py:840} INFO - DAG(s) 'tutorial' retrieved from /home/airflow/.local/lib/python3.12/site-packages/airflow/example_dags/tutorial.py
[2026-04-25T08:34:05.577+0000] {logging_mixin.py:188} INFO - [2026-04-25T08:34:05.577+0000] {dag.py:3096} INFO - Sync 1 DAGs
[2026-04-25T08:34:05.605+0000] {logging_mixin.py:188} INFO - [2026-04-25T08:34:05.605+0000] {dag.py:3954} INFO - Setting next_dagrun for tutorial to 2026-04-24 00:00:00+00:00, run_after=2026-04-25 00:00:00+00:00
[2026-04-25T08:34:05.627+0000] {processor.py:183} INFO - Processing /home/airflow/.local/lib/python3.12/site-packages/airflow/example_dags/tutorial.py took 0.089 seconds
[2026-04-25T08:34:35.701+0000] {processor.py:161} INFO - Started process (PID=258) to work on /home/airflow/.local/lib/python3.12/site-packages/airflow/example_dags/tutorial.py
[2026-04-25T08:34:35.702+0000] {processor.py:830} INFO - Processing file /home/airflow/.local/lib/python3.12/site-packages/airflow/example_dags/tutorial.py for tasks to queue
[2026-04-25T08:34:35.704+0000] {logging_mixin.py:188} INFO - [2026-04-25T08:34:35.704+0000] {dagbag.py:545} INFO - Filling up the DagBag from /home/airflow/.local/lib/python3.12/site-packages/airflow/example_dags/tutorial.py
[2026-04-25T08:34:35.711+0000] {processor.py:840} INFO - DAG(s) 'tutorial' retrieved from /home/airflow/.local/lib/python3.12/site-packages/airflow/example_dags/tutorial.py
[2026-04-25T08:34:35.736+0000] {logging_mixin.py:188} INFO - [2026-04-25T08:34:35.736+0000] {dag.py:3096} INFO - Sync 1 DAGs
[2026-04-25T08:34:35.755+0000] {logging_mixin.py:188} INFO - [2026-04-25T08:34:35.754+0000] {dag.py:3954} INFO - Setting next_dagrun for tutorial to 2026-04-24 00:00:00+00:00, run_after=2026-04-25 00:00:00+00:00
[2026-04-25T08:34:35.770+0000] {processor.py:183} INFO - Processing /home/airflow/.local/lib/python3.12/site-packages/airflow/example_dags/tutorial.py took 0.076 seconds
[2026-04-25T08:35:06.333+0000] {processor.py:161} INFO - Started process (PID=316) to work on /home/airflow/.local/lib/python3.12/site-packages/airflow/example_dags/tutorial.py
[2026-04-25T08:35:06.333+0000] {processor.py:830} INFO - Processing file /home/airflow/.local/lib/python3.12/site-packages/airflow/example_dags/tutorial.py for tasks to queue
[2026-04-25T08:35:06.334+0000] {logging_mixin.py:188} INFO - [2026-04-25T08:35:06.334+0000] {dagbag.py:545} INFO - Filling up the DagBag from /home/airflow/.local/lib/python3.12/site-packages/airflow/example_dags/tutorial.py
[2026-04-25T08:35:06.339+0000] {processor.py:840} INFO - DAG(s) 'tutorial' retrieved from /home/airflow/.local/lib/python3.12/site-packages/airflow/example_dags/tutorial.py
[2026-04-25T08:35:06.359+0000] {logging_mixin.py:188} INFO - [2026-04-25T08:35:06.358+0000] {dag.py:3096} INFO - Sync 1 DAGs
[2026-04-25T08:35:06.378+0000] {logging_mixin.py:188} INFO - [2026-04-25T08:35:06.378+0000] {dag.py:3954} INFO - Setting next_dagrun for tutorial to 2026-04-24 00:00:00+00:00, run_after=2026-04-25 00:00:00+00:00
[2026-04-25T08:35:06.393+0000] {processor.py:183} INFO - Processing /home/airflow/.local/lib/python3.12/site-packages/airflow/example_dags/tutorial.py took 0.065 seconds
[2026-04-25T08:35:36.488+0000] {processor.py:161} INFO - Started process (PID=374) to work on /home/airflow/.local/lib/python3.12/site-packages/airflow/example_dags/tutorial.py
[2026-04-25T08:35:36.489+0000] {processor.py:830} INFO - Processing file /home/airflow/.local/lib/python3.12/site-packages/airflow/example_dags/tutorial.py for tasks to queue
[2026-04-25T08:35:36.491+0000] {logging_mixin.py:188} INFO - [2026-04-25T08:35:36.490+0000] {dagbag.py:545} INFO - Filling up the DagBag from /home/airflow/.local/lib/python3.12/site-packages/airflow/example_dags/tutorial.py
[2026-04-25T08:35:36.496+0000] {processor.py:840} INFO - DAG(s) 'tutorial' retrieved from /home/airflow/.local/lib/python3.12/site-packages/airflow/example_dags/tutorial.py
[2026-04-25T08:35:36.512+0000] {logging_mixin.py:188} INFO - [2026-04-25T08:35:36.511+0000] {dag.py:3096} INFO - Sync 1 DAGs
[2026-04-25T08:35:36.531+0000] {logging_mixin.py:188} INFO - [2026-04-25T08:35:36.530+0000] {dag.py:3954} INFO - Setting next_dagrun for tutorial to 2026-04-24 00:00:00+00:00, run_after=2026-04-25 00:00:00+00:00
[2026-04-25T08:35:36.547+0000] {processor.py:183} INFO - Processing /home/airflow/.local/lib/python3.12/site-packages/airflow/example_dags/tutorial.py took 0.065 seconds
[2026-04-25T08:36:06.612+0000] {processor.py:161} INFO - Started process (PID=432) to work on /home/airflow/.local/lib/python3.12/site-packages/airflow/example_dags/tutorial.py
[2026-04-25T08:36:06.612+0000] {processor.py:830} INFO - Processing file /home/airflow/.local/lib/python3.12/site-packages/airflow/example_dags/tutorial.py for tasks to queue
[2026-04-25T08:36:06.614+0000] {logging_mixin.py:188} INFO - [2026-04-25T08:36:06.613+0000] {dagbag.py:545} INFO - Filling up the DagBag from /home/airflow/.local/lib/python3.12/site-packages/airflow/example_dags/tutorial.py
[2026-04-25T08:36:06.619+0000] {processor.py:840} INFO - DAG(s) 'tutorial' retrieved from /home/airflow/.local/lib/python3.12/site-packages/airflow/example_dags/tutorial.py
[2026-04-25T08:36:06.638+0000] {logging_mixin.py:188} INFO - [2026-04-25T08:36:06.638+0000] {dag.py:3096} INFO - Sync 1 DAGs
[2026-04-25T08:36:06.658+0000] {logging_mixin.py:188} INFO - [2026-04-25T08:36:06.658+0000] {dag.py:3954} INFO - Setting next_dagrun for tutorial to 2026-04-24 00:00:00+00:00, run_after=2026-04-25 00:00:00+00:00
[2026-04-25T08:36:06.675+0000] {processor.py:183} INFO - Processing /home/airflow/.local/lib/python3.12/site-packages/airflow/example_dags/tutorial.py took 0.068 seconds
[2026-04-25T08:36:37.160+0000] {processor.py:161} INFO - Started process (PID=490) to work on /home/airflow/.local/lib/python3.12/site-packages/airflow/example_dags/tutorial.py
[2026-04-25T08:36:37.161+0000] {processor.py:830} INFO - Processing file /home/airflow/.local/lib/python3.12/site-packages/airflow/example_dags/tutorial.py for tasks to queue
[2026-04-25T08:36:37.162+0000] {logging_mixin.py:188} INFO - [2026-04-25T08:36:37.162+0000] {dagbag.py:545} INFO - Filling up the DagBag from /home/airflow/.local/lib/python3.12/site-packages/airflow/example_dags/tutorial.py
[2026-04-25T08:36:37.167+0000] {processor.py:840} INFO - DAG(s) 'tutorial' retrieved from /home/airflow/.local/lib/python3.12/site-packages/airflow/example_dags/tutorial.py
[2026-04-25T08:36:37.184+0000] {logging_mixin.py:188} INFO - [2026-04-25T08:36:37.183+0000] {dag.py:3096} INFO - Sync 1 DAGs
[2026-04-25T08:36:37.203+0000] {logging_mixin.py:188} INFO - [2026-04-25T08:36:37.203+0000] {dag.py:3954} INFO - Setting next_dagrun for tutorial to 2026-04-24 00:00:00+00:00, run_after=2026-04-25 00:00:00+00:00
[2026-04-25T08:36:37.219+0000] {processor.py:183} INFO - Processing /home/airflow/.local/lib/python3.12/site-packages/airflow/example_dags/tutorial.py took 0.063 seconds
[2026-04-25T08:37:07.465+0000] {processor.py:161} INFO - Started process (PID=548) to work on /home/airflow/.local/lib/python3.12/site-packages/airflow/example_dags/tutorial.py
[2026-04-25T08:37:07.466+0000] {processor.py:830} INFO - Processing file /home/airflow/.local/lib/python3.12/site-packages/airflow/example_dags/tutorial.py for tasks to queue
[2026-04-25T08:37:07.467+0000] {logging_mixin.py:188} INFO - [2026-04-25T08:37:07.467+0000] {dagbag.py:545} INFO - Filling up the DagBag from /home/airflow/.local/lib/python3.12/site-packages/airflow/example_dags/tutorial.py
[2026-04-25T08:37:07.472+0000] {processor.py:840} INFO - DAG(s) 'tutorial' retrieved from /home/airflow/.local/lib/python3.12/site-packages/airflow/example_dags/tutorial.py
[2026-04-25T08:37:07.487+0000] {logging_mixin.py:188} INFO - [2026-04-25T08:37:07.487+0000] {dag.py:3096} INFO - Sync 1 DAGs
[2026-04-25T08:37:07.505+0000] {logging_mixin.py:188} INFO - [2026-04-25T08:37:07.504+0000] {dag.py:3954} INFO - Setting next_dagrun for tutorial to 2026-04-24 00:00:00+00:00, run_after=2026-04-25 00:00:00+00:00
[2026-04-25T08:37:07.520+0000] {processor.py:183} INFO - Processing /home/airflow/.local/lib/python3.12/site-packages/airflow/example_dags/tutorial.py took 0.059 seconds
[2026-04-25T08:37:37.856+0000] {processor.py:161} INFO - Started process (PID=606) to work on /home/airflow/.local/lib/python3.12/site-packages/airflow/example_dags/tutorial.py
[2026-04-25T08:37:37.857+0000] {processor.py:830} INFO - Processing file /home/airflow/.local/lib/python3.12/site-packages/airflow/example_dags/tutorial.py for tasks to queue
[2026-04-25T08:37:37.858+0000] {logging_mixin.py:188} INFO - [2026-04-25T08:37:37.858+0000] {dagbag.py:545} INFO - Filling up the DagBag from /home/airflow/.local/lib/python3.12/site-packages/airflow/example_dags/tutorial.py
[2026-04-25T08:37:37.863+0000] {processor.py:840} INFO - DAG(s) 'tutorial' retrieved from /home/airflow/.local/lib/python3.12/site-packages/airflow/example_dags/tutorial.py
[2026-04-25T08:37:37.879+0000] {logging_mixin.py:188} INFO - [2026-04-25T08:37:37.879+0000] {dag.py:3096} INFO - Sync 1 DAGs
[2026-04-25T08:37:37.900+0000] {logging_mixin.py:188} INFO - [2026-04-25T08:37:37.900+0000] {dag.py:3954} INFO - Setting next_dagrun for tutorial to 2026-04-24 00:00:00+00:00, run_after=2026-04-25 00:00:00+00:00
[2026-04-25T08:37:37.921+0000] {processor.py:183} INFO - Processing /home/airflow/.local/lib/python3.12/site-packages/airflow/example_dags/tutorial.py took 0.069 seconds
[2026-04-25T08:38:08.288+0000] {processor.py:161} INFO - Started process (PID=664) to work on /home/airflow/.local/lib/python3.12/site-packages/airflow/example_dags/tutorial.py
[2026-04-25T08:38:08.290+0000] {processor.py:830} INFO - Processing file /home/airflow/.local/lib/python3.12/site-packages/airflow/example_dags/tutorial.py for tasks to queue
[2026-04-25T08:38:08.292+0000] {logging_mixin.py:188} INFO - [2026-04-25T08:38:08.292+0000] {dagbag.py:545} INFO - Filling up the DagBag from /home/airflow/.local/lib/python3.12/site-packages/airflow/example_dags/tutorial.py
[2026-04-25T08:38:08.302+0000] {processor.py:840} INFO - DAG(s) 'tutorial' retrieved from /home/airflow/.local/lib/python3.12/site-packages/airflow/example_dags/tutorial.py
[2026-04-25T08:38:08.330+0000] {logging_mixin.py:188} INFO - [2026-04-25T08:38:08.330+0000] {dag.py:3096} INFO - Sync 1 DAGs
[2026-04-25T08:38:08.349+0000] {logging_mixin.py:188} INFO - [2026-04-25T08:38:08.348+0000] {dag.py:3954} INFO - Setting next_dagrun for tutorial to 2026-04-24 00:00:00+00:00, run_after=2026-04-25 00:00:00+00:00
[2026-04-25T08:38:08.362+0000] {processor.py:183} INFO - Processing /home/airflow/.local/lib/python3.12/site-packages/airflow/example_dags/tutorial.py took 0.081 seconds
[2026-04-25T08:38:38.553+0000] {processor.py:161} INFO - Started process (PID=722) to work on /home/airflow/.local/lib/python3.12/site-packages/airflow/example_dags/tutorial.py
[2026-04-25T08:38:38.554+0000] {processor.py:830} INFO - Processing file /home/airflow/.local/lib/python3.12/site-packages/airflow/example_dags/tutorial.py for tasks to queue
[2026-04-25T08:38:38.555+0000] {logging_mixin.py:188} INFO - [2026-04-25T08:38:38.555+0000] {dagbag.py:545} INFO - Filling up the DagBag from /home/airflow/.local/lib/python3.12/site-packages/airflow/example_dags/tutorial.py
[2026-04-25T08:38:38.560+0000] {processor.py:840} INFO - DAG(s) 'tutorial' retrieved from /home/airflow/.local/lib/python3.12/site-packages/airflow/example_dags/tutorial.py
[2026-04-25T08:38:38.575+0000] {logging_mixin.py:188} INFO - [2026-04-25T08:38:38.575+0000] {dag.py:3096} INFO - Sync 1 DAGs
[2026-04-25T08:38:38.592+0000] {logging_mixin.py:188} INFO - [2026-04-25T08:38:38.592+0000] {dag.py:3954} INFO - Setting next_dagrun for tutorial to 2026-04-24 00:00:00+00:00, run_after=2026-04-25 00:00:00+00:00
[2026-04-25T08:38:38.608+0000] {processor.py:183} INFO - Processing /home/airflow/.local/lib/python3.12/site-packages/airflow/example_dags/tutorial.py took 0.059 seconds
[2026-04-25T08:39:09.015+0000] {processor.py:161} INFO - Started process (PID=780) to work on /home/airflow/.local/lib/python3.12/site-packages/airflow/example_dags/tutorial.py
[2026-04-25T08:39:09.016+0000] {processor.py:830} INFO - Processing file /home/airflow/.local/lib/python3.12/site-packages/airflow/example_dags/tutorial.py for tasks to queue
[2026-04-25T08:39:09.017+0000] {logging_mixin.py:188} INFO - [2026-04-25T08:39:09.017+0000] {dagbag.py:545} INFO - Filling up the DagBag from /home/airflow/.local/lib/python3.12/site-packages/airflow/example_dags/tutorial.py
[2026-04-25T08:39:09.022+0000] {processor.py:840} INFO - DAG(s) 'tutorial' retrieved from /home/airflow/.local/lib/python3.12/site-packages/airflow/example_dags/tutorial.py
[2026-04-25T08:39:09.038+0000] {logging_mixin.py:188} INFO - [2026-04-25T08:39:09.038+0000] {dag.py:3096} INFO - Sync 1 DAGs
[2026-04-25T08:39:09.059+0000] {logging_mixin.py:188} INFO - [2026-04-25T08:39:09.059+0000] {dag.py:3954} INFO - Setting next_dagrun for tutorial to 2026-04-24 00:00:00+00:00, run_after=2026-04-25 00:00:00+00:00
[2026-04-25T08:39:09.079+0000] {processor.py:183} INFO - Processing /home/airflow/.local/lib/python3.12/site-packages/airflow/example_dags/tutorial.py took 0.068 seconds
[2026-04-25T08:39:39.260+0000] {processor.py:161} INFO - Started process (PID=838) to work on /home/airflow/.local/lib/python3.12/site-packages/airflow/example_dags/tutorial.py
[2026-04-25T08:39:39.261+0000] {processor.py:830} INFO - Processing file /home/airflow/.local/lib/python3.12/site-packages/airflow/example_dags/tutorial.py for tasks to queue
[2026-04-25T08:39:39.262+0000] {logging_mixin.py:188} INFO - [2026-04-25T08:39:39.262+0000] {dagbag.py:545} INFO - Filling up the DagBag from /home/airflow/.local/lib/python3.12/site-packages/airflow/example_dags/tutorial.py
[2026-04-25T08:39:39.267+0000] {processor.py:840} INFO - DAG(s) 'tutorial' retrieved from /home/airflow/.local/lib/python3.12/site-packages/airflow/example_dags/tutorial.py
[2026-04-25T08:39:39.286+0000] {logging_mixin.py:188} INFO - [2026-04-25T08:39:39.285+0000] {dag.py:3096} INFO - Sync 1 DAGs
[2026-04-25T08:39:39.307+0000] {logging_mixin.py:188} INFO - [2026-04-25T08:39:39.307+0000] {dag.py:3954} INFO - Setting next_dagrun for tutorial to 2026-04-24 00:00:00+00:00, run_after=2026-04-25 00:00:00+00:00
[2026-04-25T08:39:39.324+0000] {processor.py:183} INFO - Processing /home/airflow/.local/lib/python3.12/site-packages/airflow/example_dags/tutorial.py took 0.069 seconds
[2026-04-25T08:40:09.472+0000] {processor.py:161} INFO - Started process (PID=896) to work on /home/airflow/.local/lib/python3.12/site-packages/airflow/example_dags/tutorial.py
[2026-04-25T08:40:09.472+0000] {processor.py:830} INFO - Processing file /home/airflow/.local/lib/python3.12/site-packages/airflow/example_dags/tutorial.py for tasks to queue
[2026-04-25T08:40:09.474+0000] {logging_mixin.py:188} INFO - [2026-04-25T08:40:09.473+0000] {dagbag.py:545} INFO - Filling up the DagBag from /home/airflow/.local/lib/python3.12/site-packages/airflow/example_dags/tutorial.py
[2026-04-25T08:40:09.478+0000] {processor.py:840} INFO - DAG(s) 'tutorial' retrieved from /home/airflow/.local/lib/python3.12/site-packages/airflow/example_dags/tutorial.py
[2026-04-25T08:40:09.495+0000] {logging_mixin.py:188} INFO - [2026-04-25T08:40:09.495+0000] {dag.py:3096} INFO - Sync 1 DAGs
[2026-04-25T08:40:09.516+0000] {logging_mixin.py:188} INFO - [2026-04-25T08:40:09.516+0000] {dag.py:3954} INFO - Setting next_dagrun for tutorial to 2026-04-24 00:00:00+00:00, run_after=2026-04-25 00:00:00+00:00
[2026-04-25T08:40:09.532+0000] {processor.py:183} INFO - Processing /home/airflow/.local/lib/python3.12/site-packages/airflow/example_dags/tutorial.py took 0.065 seconds
[2026-04-25T08:40:40.017+0000] {processor.py:161} INFO - Started process (PID=954) to work on /home/airflow/.local/lib/python3.12/site-packages/airflow/example_dags/tutorial.py
[2026-04-25T08:40:40.018+0000] {processor.py:830} INFO - Processing file /home/airflow/.local/lib/python3.12/site-packages/airflow/example_dags/tutorial.py for tasks to queue
[2026-04-25T08:40:40.019+0000] {logging_mixin.py:188} INFO - [2026-04-25T08:40:40.019+0000] {dagbag.py:545} INFO - Filling up the DagBag from /home/airflow/.local/lib/python3.12/site-packages/airflow/example_dags/tutorial.py
[2026-04-25T08:40:40.024+0000] {processor.py:840} INFO - DAG(s) 'tutorial' retrieved from /home/airflow/.local/lib/python3.12/site-packages/airflow/example_dags/tutorial.py
[2026-04-25T08:40:40.040+0000] {logging_mixin.py:188} INFO - [2026-04-25T08:40:40.040+0000] {dag.py:3096} INFO - Sync 1 DAGs
[2026-04-25T08:40:40.058+0000] {logging_mixin.py:188} INFO - [2026-04-25T08:40:40.058+0000] {dag.py:3954} INFO - Setting next_dagrun for tutorial to 2026-04-24 00:00:00+00:00, run_after=2026-04-25 00:00:00+00:00
[2026-04-25T08:40:40.073+0000] {processor.py:183} INFO - Processing /home/airflow/.local/lib/python3.12/site-packages/airflow/example_dags/tutorial.py took 0.060 seconds
[2026-04-25T08:41:10.444+0000] {processor.py:161} INFO - Started process (PID=1012) to work on /home/airflow/.local/lib/python3.12/site-packages/airflow/example_dags/tutorial.py
[2026-04-25T08:41:10.444+0000] {processor.py:830} INFO - Processing file /home/airflow/.local/lib/python3.12/site-packages/airflow/example_dags/tutorial.py for tasks to queue
[2026-04-25T08:41:10.446+0000] {logging_mixin.py:188} INFO - [2026-04-25T08:41:10.445+0000] {dagbag.py:545} INFO - Filling up the DagBag from /home/airflow/.local/lib/python3.12/site-packages/airflow/example_dags/tutorial.py
[2026-04-25T08:41:10.450+0000] {processor.py:840} INFO - DAG(s) 'tutorial' retrieved from /home/airflow/.local/lib/python3.12/site-packages/airflow/example_dags/tutorial.py
[2026-04-25T08:41:10.472+0000] {logging_mixin.py:188} INFO - [2026-04-25T08:41:10.471+0000] {dag.py:3096} INFO - Sync 1 DAGs
[2026-04-25T08:41:10.490+0000] {logging_mixin.py:188} INFO - [2026-04-25T08:41:10.490+0000] {dag.py:3954} INFO - Setting next_dagrun for tutorial to 2026-04-24 00:00:00+00:00, run_after=2026-04-25 00:00:00+00:00
[2026-04-25T08:41:10.506+0000] {processor.py:183} INFO - Processing /home/airflow/.local/lib/python3.12/site-packages/airflow/example_dags/tutorial.py took 0.067 seconds
[2026-04-25T08:41:41.296+0000] {processor.py:161} INFO - Started process (PID=1070) to work on /home/airflow/.local/lib/python3.12/site-packages/airflow/example_dags/tutorial.py
[2026-04-25T08:41:41.297+0000] {processor.py:830} INFO - Processing file /home/airflow/.local/lib/python3.12/site-packages/airflow/example_dags/tutorial.py for tasks to queue
[2026-04-25T08:41:41.299+0000] {logging_mixin.py:188} INFO - [2026-04-25T08:41:41.299+0000] {dagbag.py:545} INFO - Filling up the DagBag from /home/airflow/.local/lib/python3.12/site-packages/airflow/example_dags/tutorial.py
[2026-04-25T08:41:41.305+0000] {processor.py:840} INFO - DAG(s) 'tutorial' retrieved from /home/airflow/.local/lib/python3.12/site-packages/airflow/example_dags/tutorial.py
[2026-04-25T08:41:41.329+0000] {logging_mixin.py:188} INFO - [2026-04-25T08:41:41.328+0000] {dag.py:3096} INFO - Sync 1 DAGs
[2026-04-25T08:41:41.356+0000] {logging_mixin.py:188} INFO - [2026-04-25T08:41:41.356+0000] {dag.py:3954} INFO - Setting next_dagrun for tutorial to 2026-04-24 00:00:00+00:00, run_after=2026-04-25 00:00:00+00:00
[2026-04-25T08:41:41.376+0000] {processor.py:183} INFO - Processing /home/airflow/.local/lib/python3.12/site-packages/airflow/example_dags/tutorial.py took 0.086 seconds
[2026-04-25T08:42:12.293+0000] {processor.py:161} INFO - Started process (PID=1128) to work on /home/airflow/.local/lib/python3.12/site-packages/airflow/example_dags/tutorial.py
[2026-04-25T08:42:12.294+0000] {processor.py:830} INFO - Processing file /home/airflow/.local/lib/python3.12/site-packages/airflow/example_dags/tutorial.py for tasks to queue
[2026-04-25T08:42:12.296+0000] {logging_mixin.py:188} INFO - [2026-04-25T08:42:12.295+0000] {dagbag.py:545} INFO - Filling up the DagBag from /home/airflow/.local/lib/python3.12/site-packages/airflow/example_dags/tutorial.py
[2026-04-25T08:42:12.302+0000] {processor.py:840} INFO - DAG(s) 'tutorial' retrieved from /home/airflow/.local/lib/python3.12/site-packages/airflow/example_dags/tutorial.py
[2026-04-25T08:42:12.326+0000] {logging_mixin.py:188} INFO - [2026-04-25T08:42:12.325+0000] {dag.py:3096} INFO - Sync 1 DAGs
[2026-04-25T08:42:12.354+0000] {logging_mixin.py:188} INFO - [2026-04-25T08:42:12.354+0000] {dag.py:3954} INFO - Setting next_dagrun for tutorial to 2026-04-24 00:00:00+00:00, run_after=2026-04-25 00:00:00+00:00
[2026-04-25T08:42:12.376+0000] {processor.py:183} INFO - Processing /home/airflow/.local/lib/python3.12/site-packages/airflow/example_dags/tutorial.py took 0.089 seconds
[2026-04-25T08:42:42.949+0000] {processor.py:161} INFO - Started process (PID=1186) to work on /home/airflow/.local/lib/python3.12/site-packages/airflow/example_dags/tutorial.py
[2026-04-25T08:42:42.950+0000] {processor.py:830} INFO - Processing file /home/airflow/.local/lib/python3.12/site-packages/airflow/example_dags/tutorial.py for tasks to queue
[2026-04-25T08:42:42.951+0000] {logging_mixin.py:188} INFO - [2026-04-25T08:42:42.951+0000] {dagbag.py:545} INFO - Filling up the DagBag from /home/airflow/.local/lib/python3.12/site-packages/airflow/example_dags/tutorial.py
[2026-04-25T08:42:42.956+0000] {processor.py:840} INFO - DAG(s) 'tutorial' retrieved from /home/airflow/.local/lib/python3.12/site-packages/airflow/example_dags/tutorial.py
[2026-04-25T08:42:42.973+0000] {logging_mixin.py:188} INFO - [2026-04-25T08:42:42.972+0000] {dag.py:3096} INFO - Sync 1 DAGs
[2026-04-25T08:42:42.990+0000] {logging_mixin.py:188} INFO - [2026-04-25T08:42:42.990+0000] {dag.py:3954} INFO - Setting next_dagrun for tutorial to 2026-04-24 00:00:00+00:00, run_after=2026-04-25 00:00:00+00:00
[2026-04-25T08:42:43.005+0000] {processor.py:183} INFO - Processing /home/airflow/.local/lib/python3.12/site-packages/airflow/example_dags/tutorial.py took 0.060 seconds
[2026-04-25T08:43:13.415+0000] {processor.py:161} INFO - Started process (PID=1244) to work on /home/airflow/.local/lib/python3.12/site-packages/airflow/example_dags/tutorial.py
[2026-04-25T08:43:13.415+0000] {processor.py:830} INFO - Processing file /home/airflow/.local/lib/python3.12/site-packages/airflow/example_dags/tutorial.py for tasks to queue
[2026-04-25T08:43:13.417+0000] {logging_mixin.py:188} INFO - [2026-04-25T08:43:13.417+0000] {dagbag.py:545} INFO - Filling up the DagBag from /home/airflow/.local/lib/python3.12/site-packages/airflow/example_dags/tutorial.py
[2026-04-25T08:43:13.422+0000] {processor.py:840} INFO - DAG(s) 'tutorial' retrieved from /home/airflow/.local/lib/python3.12/site-packages/airflow/example_dags/tutorial.py
[2026-04-25T08:43:13.444+0000] {logging_mixin.py:188} INFO - [2026-04-25T08:43:13.444+0000] {dag.py:3096} INFO - Sync 1 DAGs
[2026-04-25T08:43:13.464+0000] {logging_mixin.py:188} INFO - [2026-04-25T08:43:13.464+0000] {dag.py:3954} INFO - Setting next_dagrun for tutorial to 2026-04-24 00:00:00+00:00, run_after=2026-04-25 00:00:00+00:00
[2026-04-25T08:43:13.480+0000] {processor.py:183} INFO - Processing /home/airflow/.local/lib/python3.12/site-packages/airflow/example_dags/tutorial.py took 0.072 seconds
[2026-04-25T08:43:44.072+0000] {processor.py:161} INFO - Started process (PID=1302) to work on /home/airflow/.local/lib/python3.12/site-packages/airflow/example_dags/tutorial.py
[2026-04-25T08:43:44.073+0000] {processor.py:830} INFO - Processing file /home/airflow/.local/lib/python3.12/site-packages/airflow/example_dags/tutorial.py for tasks to queue
[2026-04-25T08:43:44.075+0000] {logging_mixin.py:188} INFO - [2026-04-25T08:43:44.074+0000] {dagbag.py:545} INFO - Filling up the DagBag from /home/airflow/.local/lib/python3.12/site-packages/airflow/example_dags/tutorial.py
[2026-04-25T08:43:44.081+0000] {processor.py:840} INFO - DAG(s) 'tutorial' retrieved from /home/airflow/.local/lib/python3.12/site-packages/airflow/example_dags/tutorial.py
[2026-04-25T08:43:44.103+0000] {logging_mixin.py:188} INFO - [2026-04-25T08:43:44.103+0000] {dag.py:3096} INFO - Sync 1 DAGs
[2026-04-25T08:43:44.120+0000] {logging_mixin.py:188} INFO - [2026-04-25T08:43:44.120+0000] {dag.py:3954} INFO - Setting next_dagrun for tutorial to 2026-04-24 00:00:00+00:00, run_after=2026-04-25 00:00:00+00:00
[2026-04-25T08:43:44.138+0000] {processor.py:183} INFO - Processing /home/airflow/.local/lib/python3.12/site-packages/airflow/example_dags/tutorial.py took 0.072 seconds
[2026-04-25T08:44:14.185+0000] {processor.py:161} INFO - Started process (PID=1360) to work on /home/airflow/.local/lib/python3.12/site-packages/airflow/example_dags/tutorial.py
[2026-04-25T08:44:14.186+0000] {processor.py:830} INFO - Processing file /home/airflow/.local/lib/python3.12/site-packages/airflow/example_dags/tutorial.py for tasks to queue
[2026-04-25T08:44:14.187+0000] {logging_mixin.py:188} INFO - [2026-04-25T08:44:14.187+0000] {dagbag.py:545} INFO - Filling up the DagBag from /home/airflow/.local/lib/python3.12/site-packages/airflow/example_dags/tutorial.py
[2026-04-25T08:44:14.194+0000] {processor.py:840} INFO - DAG(s) 'tutorial' retrieved from /home/airflow/.local/lib/python3.12/site-packages/airflow/example_dags/tutorial.py
[2026-04-25T08:44:14.213+0000] {logging_mixin.py:188} INFO - [2026-04-25T08:44:14.213+0000] {dag.py:3096} INFO - Sync 1 DAGs
[2026-04-25T08:44:14.234+0000] {logging_mixin.py:188} INFO - [2026-04-25T08:44:14.233+0000] {dag.py:3954} INFO - Setting next_dagrun for tutorial to 2026-04-24 00:00:00+00:00, run_after=2026-04-25 00:00:00+00:00
[2026-04-25T08:44:14.253+0000] {processor.py:183} INFO - Processing /home/airflow/.local/lib/python3.12/site-packages/airflow/example_dags/tutorial.py took 0.075 seconds
[2026-04-25T08:44:44.947+0000] {processor.py:161} INFO - Started process (PID=1418) to work on /home/airflow/.local/lib/python3.12/site-packages/airflow/example_dags/tutorial.py
[2026-04-25T08:44:44.947+0000] {processor.py:830} INFO - Processing file /home/airflow/.local/lib/python3.12/site-packages/airflow/example_dags/tutorial.py for tasks to queue
[2026-04-25T08:44:44.949+0000] {logging_mixin.py:188} INFO - [2026-04-25T08:44:44.949+0000] {dagbag.py:545} INFO - Filling up the DagBag from /home/airflow/.local/lib/python3.12/site-packages/airflow/example_dags/tutorial.py
[2026-04-25T08:44:44.954+0000] {processor.py:840} INFO - DAG(s) 'tutorial' retrieved from /home/airflow/.local/lib/python3.12/site-packages/airflow/example_dags/tutorial.py
[2026-04-25T08:44:44.969+0000] {logging_mixin.py:188} INFO - [2026-04-25T08:44:44.969+0000] {dag.py:3096} INFO - Sync 1 DAGs
[2026-04-25T08:44:44.988+0000] {logging_mixin.py:188} INFO - [2026-04-25T08:44:44.988+0000] {dag.py:3954} INFO - Setting next_dagrun for tutorial to 2026-04-24 00:00:00+00:00, run_after=2026-04-25 00:00:00+00:00
[2026-04-25T08:44:45.005+0000] {processor.py:183} INFO - Processing /home/airflow/.local/lib/python3.12/site-packages/airflow/example_dags/tutorial.py took 0.064 seconds
[2026-04-25T08:45:15.850+0000] {processor.py:161} INFO - Started process (PID=1476) to work on /home/airflow/.local/lib/python3.12/site-packages/airflow/example_dags/tutorial.py
[2026-04-25T08:45:15.851+0000] {processor.py:830} INFO - Processing file /home/airflow/.local/lib/python3.12/site-packages/airflow/example_dags/tutorial.py for tasks to queue
[2026-04-25T08:45:15.852+0000] {logging_mixin.py:188} INFO - [2026-04-25T08:45:15.852+0000] {dagbag.py:545} INFO - Filling up the DagBag from /home/airflow/.local/lib/python3.12/site-packages/airflow/example_dags/tutorial.py
[2026-04-25T08:45:15.857+0000] {processor.py:840} INFO - DAG(s) 'tutorial' retrieved from /home/airflow/.local/lib/python3.12/site-packages/airflow/example_dags/tutorial.py
[2026-04-25T08:45:15.874+0000] {logging_mixin.py:188} INFO - [2026-04-25T08:45:15.874+0000] {dag.py:3096} INFO - Sync 1 DAGs
[2026-04-25T08:45:15.892+0000] {logging_mixin.py:188} INFO - [2026-04-25T08:45:15.892+0000] {dag.py:3954} INFO - Setting next_dagrun for tutorial to 2026-04-24 00:00:00+00:00, run_after=2026-04-25 00:00:00+00:00
[2026-04-25T08:45:15.908+0000] {processor.py:183} INFO - Processing /home/airflow/.local/lib/python3.12/site-packages/airflow/example_dags/tutorial.py took 0.063 seconds
[2026-04-25T08:45:46.608+0000] {processor.py:161} INFO - Started process (PID=1534) to work on /home/airflow/.local/lib/python3.12/site-packages/airflow/example_dags/tutorial.py
[2026-04-25T08:45:46.609+0000] {processor.py:830} INFO - Processing file /home/airflow/.local/lib/python3.12/site-packages/airflow/example_dags/tutorial.py for tasks to queue
[2026-04-25T08:45:46.611+0000] {logging_mixin.py:188} INFO - [2026-04-25T08:45:46.610+0000] {dagbag.py:545} INFO - Filling up the DagBag from /home/airflow/.local/lib/python3.12/site-packages/airflow/example_dags/tutorial.py
[2026-04-25T08:45:46.616+0000] {processor.py:840} INFO - DAG(s) 'tutorial' retrieved from /home/airflow/.local/lib/python3.12/site-packages/airflow/example_dags/tutorial.py
[2026-04-25T08:45:46.631+0000] {logging_mixin.py:188} INFO - [2026-04-25T08:45:46.630+0000] {dag.py:3096} INFO - Sync 1 DAGs
[2026-04-25T08:45:46.648+0000] {logging_mixin.py:188} INFO - [2026-04-25T08:45:46.648+0000] {dag.py:3954} INFO - Setting next_dagrun for tutorial to 2026-04-24 00:00:00+00:00, run_after=2026-04-25 00:00:00+00:00
[2026-04-25T08:45:46.797+0000] {processor.py:183} INFO - Processing /home/airflow/.local/lib/python3.12/site-packages/airflow/example_dags/tutorial.py took 0.193 seconds
[2026-04-25T08:46:16.912+0000] {processor.py:161} INFO - Started process (PID=1592) to work on /home/airflow/.local/lib/python3.12/site-packages/airflow/example_dags/tutorial.py
[2026-04-25T08:46:16.913+0000] {processor.py:830} INFO - Processing file /home/airflow/.local/lib/python3.12/site-packages/airflow/example_dags/tutorial.py for tasks to queue
[2026-04-25T08:46:16.914+0000] {logging_mixin.py:188} INFO - [2026-04-25T08:46:16.914+0000] {dagbag.py:545} INFO - Filling up the DagBag from /home/airflow/.local/lib/python3.12/site-packages/airflow/example_dags/tutorial.py
[2026-04-25T08:46:16.919+0000] {processor.py:840} INFO - DAG(s) 'tutorial' retrieved from /home/airflow/.local/lib/python3.12/site-packages/airflow/example_dags/tutorial.py
[2026-04-25T08:46:16.936+0000] {logging_mixin.py:188} INFO - [2026-04-25T08:46:16.935+0000] {dag.py:3096} INFO - Sync 1 DAGs
[2026-04-25T08:46:16.955+0000] {logging_mixin.py:188} INFO - [2026-04-25T08:46:16.955+0000] {dag.py:3954} INFO - Setting next_dagrun for tutorial to 2026-04-24 00:00:00+00:00, run_after=2026-04-25 00:00:00+00:00
[2026-04-25T08:46:17.100+0000] {processor.py:183} INFO - Processing /home/airflow/.local/lib/python3.12/site-packages/airflow/example_dags/tutorial.py took 0.192 seconds
[2026-04-25T08:46:48.039+0000] {processor.py:161} INFO - Started process (PID=1650) to work on /home/airflow/.local/lib/python3.12/site-packages/airflow/example_dags/tutorial.py
[2026-04-25T08:46:48.040+0000] {processor.py:830} INFO - Processing file /home/airflow/.local/lib/python3.12/site-packages/airflow/example_dags/tutorial.py for tasks to queue
[2026-04-25T08:46:48.042+0000] {logging_mixin.py:188} INFO - [2026-04-25T08:46:48.041+0000] {dagbag.py:545} INFO - Filling up the DagBag from /home/airflow/.local/lib/python3.12/site-packages/airflow/example_dags/tutorial.py
[2026-04-25T08:46:48.047+0000] {processor.py:840} INFO - DAG(s) 'tutorial' retrieved from /home/airflow/.local/lib/python3.12/site-packages/airflow/example_dags/tutorial.py
[2026-04-25T08:46:48.065+0000] {logging_mixin.py:188} INFO - [2026-04-25T08:46:48.065+0000] {dag.py:3096} INFO - Sync 1 DAGs
[2026-04-25T08:46:48.085+0000] {logging_mixin.py:188} INFO - [2026-04-25T08:46:48.085+0000] {dag.py:3954} INFO - Setting next_dagrun for tutorial to 2026-04-24 00:00:00+00:00, run_after=2026-04-25 00:00:00+00:00
[2026-04-25T08:46:48.103+0000] {processor.py:183} INFO - Processing /home/airflow/.local/lib/python3.12/site-packages/airflow/example_dags/tutorial.py took 0.069 seconds
[2026-04-25T08:47:18.457+0000] {processor.py:161} INFO - Started process (PID=1708) to work on /home/airflow/.local/lib/python3.12/site-packages/airflow/example_dags/tutorial.py
[2026-04-25T08:47:18.458+0000] {processor.py:830} INFO - Processing file /home/airflow/.local/lib/python3.12/site-packages/airflow/example_dags/tutorial.py for tasks to queue
[2026-04-25T08:47:18.459+0000] {logging_mixin.py:188} INFO - [2026-04-25T08:47:18.459+0000] {dagbag.py:545} INFO - Filling up the DagBag from /home/airflow/.local/lib/python3.12/site-packages/airflow/example_dags/tutorial.py
[2026-04-25T08:47:18.463+0000] {processor.py:840} INFO - DAG(s) 'tutorial' retrieved from /home/airflow/.local/lib/python3.12/site-packages/airflow/example_dags/tutorial.py
[2026-04-25T08:47:18.479+0000] {logging_mixin.py:188} INFO - [2026-04-25T08:47:18.479+0000] {dag.py:3096} INFO - Sync 1 DAGs
[2026-04-25T08:47:18.499+0000] {logging_mixin.py:188} INFO - [2026-04-25T08:47:18.498+0000] {dag.py:3954} INFO - Setting next_dagrun for tutorial to 2026-04-24 00:00:00+00:00, run_after=2026-04-25 00:00:00+00:00
[2026-04-25T08:47:18.516+0000] {processor.py:183} INFO - Processing /home/airflow/.local/lib/python3.12/site-packages/airflow/example_dags/tutorial.py took 0.063 seconds
[2026-04-25T08:47:48.892+0000] {processor.py:161} INFO - Started process (PID=1766) to work on /home/airflow/.local/lib/python3.12/site-packages/airflow/example_dags/tutorial.py
[2026-04-25T08:47:48.892+0000] {processor.py:830} INFO - Processing file /home/airflow/.local/lib/python3.12/site-packages/airflow/example_dags/tutorial.py for tasks to queue
[2026-04-25T08:47:48.894+0000] {logging_mixin.py:188} INFO - [2026-04-25T08:47:48.893+0000] {dagbag.py:545} INFO - Filling up the DagBag from /home/airflow/.local/lib/python3.12/site-packages/airflow/example_dags/tutorial.py
[2026-04-25T08:47:48.899+0000] {processor.py:840} INFO - DAG(s) 'tutorial' retrieved from /home/airflow/.local/lib/python3.12/site-packages/airflow/example_dags/tutorial.py
[2026-04-25T08:47:48.914+0000] {logging_mixin.py:188} INFO - [2026-04-25T08:47:48.914+0000] {dag.py:3096} INFO - Sync 1 DAGs
[2026-04-25T08:47:48.931+0000] {logging_mixin.py:188} INFO - [2026-04-25T08:47:48.931+0000] {dag.py:3954} INFO - Setting next_dagrun for tutorial to 2026-04-24 00:00:00+00:00, run_after=2026-04-25 00:00:00+00:00
[2026-04-25T08:47:48.946+0000] {processor.py:183} INFO - Processing /home/airflow/.local/lib/python3.12/site-packages/airflow/example_dags/tutorial.py took 0.060 seconds
[2026-04-25T08:48:19.528+0000] {processor.py:161} INFO - Started process (PID=1824) to work on /home/airflow/.local/lib/python3.12/site-packages/airflow/example_dags/tutorial.py
[2026-04-25T08:48:19.529+0000] {processor.py:830} INFO - Processing file /home/airflow/.local/lib/python3.12/site-packages/airflow/example_dags/tutorial.py for tasks to queue
[2026-04-25T08:48:19.530+0000] {logging_mixin.py:188} INFO - [2026-04-25T08:48:19.530+0000] {dagbag.py:545} INFO - Filling up the DagBag from /home/airflow/.local/lib/python3.12/site-packages/airflow/example_dags/tutorial.py
[2026-04-25T08:48:19.537+0000] {processor.py:840} INFO - DAG(s) 'tutorial' retrieved from /home/airflow/.local/lib/python3.12/site-packages/airflow/example_dags/tutorial.py
[2026-04-25T08:48:19.553+0000] {logging_mixin.py:188} INFO - [2026-04-25T08:48:19.553+0000] {dag.py:3096} INFO - Sync 1 DAGs
[2026-04-25T08:48:19.574+0000] {logging_mixin.py:188} INFO - [2026-04-25T08:48:19.574+0000] {dag.py:3954} INFO - Setting next_dagrun for tutorial to 2026-04-24 00:00:00+00:00, run_after=2026-04-25 00:00:00+00:00
[2026-04-25T08:48:19.590+0000] {processor.py:183} INFO - Processing /home/airflow/.local/lib/python3.12/site-packages/airflow/example_dags/tutorial.py took 0.069 seconds
[2026-04-25T08:48:49.657+0000] {processor.py:161} INFO - Started process (PID=1882) to work on /home/airflow/.local/lib/python3.12/site-packages/airflow/example_dags/tutorial.py
[2026-04-25T08:48:49.658+0000] {processor.py:830} INFO - Processing file /home/airflow/.local/lib/python3.12/site-packages/airflow/example_dags/tutorial.py for tasks to queue
[2026-04-25T08:48:49.659+0000] {logging_mixin.py:188} INFO - [2026-04-25T08:48:49.659+0000] {dagbag.py:545} INFO - Filling up the DagBag from /home/airflow/.local/lib/python3.12/site-packages/airflow/example_dags/tutorial.py
[2026-04-25T08:48:49.664+0000] {processor.py:840} INFO - DAG(s) 'tutorial' retrieved from /home/airflow/.local/lib/python3.12/site-packages/airflow/example_dags/tutorial.py
[2026-04-25T08:48:49.684+0000] {logging_mixin.py:188} INFO - [2026-04-25T08:48:49.683+0000] {dag.py:3096} INFO - Sync 1 DAGs
[2026-04-25T08:48:49.708+0000] {logging_mixin.py:188} INFO - [2026-04-25T08:48:49.708+0000] {dag.py:3954} INFO - Setting next_dagrun for tutorial to 2026-04-24 00:00:00+00:00, run_after=2026-04-25 00:00:00+00:00
[2026-04-25T08:48:49.724+0000] {processor.py:183} INFO - Processing /home/airflow/.local/lib/python3.12/site-packages/airflow/example_dags/tutorial.py took 0.072 seconds
[2026-04-25T08:49:20.106+0000] {processor.py:161} INFO - Started process (PID=1940) to work on /home/airflow/.local/lib/python3.12/site-packages/airflow/example_dags/tutorial.py
[2026-04-25T08:49:20.106+0000] {processor.py:830} INFO - Processing file /home/airflow/.local/lib/python3.12/site-packages/airflow/example_dags/tutorial.py for tasks to queue
[2026-04-25T08:49:20.108+0000] {logging_mixin.py:188} INFO - [2026-04-25T08:49:20.108+0000] {dagbag.py:545} INFO - Filling up the DagBag from /home/airflow/.local/lib/python3.12/site-packages/airflow/example_dags/tutorial.py
[2026-04-25T08:49:20.114+0000] {processor.py:840} INFO - DAG(s) 'tutorial' retrieved from /home/airflow/.local/lib/python3.12/site-packages/airflow/example_dags/tutorial.py
[2026-04-25T08:49:20.131+0000] {logging_mixin.py:188} INFO - [2026-04-25T08:49:20.130+0000] {dag.py:3096} INFO - Sync 1 DAGs
[2026-04-25T08:49:20.148+0000] {logging_mixin.py:188} INFO - [2026-04-25T08:49:20.148+0000] {dag.py:3954} INFO - Setting next_dagrun for tutorial to 2026-04-24 00:00:00+00:00, run_after=2026-04-25 00:00:00+00:00
[2026-04-25T08:49:20.163+0000] {processor.py:183} INFO - Processing /home/airflow/.local/lib/python3.12/site-packages/airflow/example_dags/tutorial.py took 0.064 seconds
[2026-04-25T08:49:50.563+0000] {processor.py:161} INFO - Started process (PID=1998) to work on /home/airflow/.local/lib/python3.12/site-packages/airflow/example_dags/tutorial.py
[2026-04-25T08:49:50.564+0000] {processor.py:830} INFO - Processing file /home/airflow/.local/lib/python3.12/site-packages/airflow/example_dags/tutorial.py for tasks to queue
[2026-04-25T08:49:50.565+0000] {logging_mixin.py:188} INFO - [2026-04-25T08:49:50.565+0000] {dagbag.py:545} INFO - Filling up the DagBag from /home/airflow/.local/lib/python3.12/site-packages/airflow/example_dags/tutorial.py
[2026-04-25T08:49:50.570+0000] {processor.py:840} INFO - DAG(s) 'tutorial' retrieved from /home/airflow/.local/lib/python3.12/site-packages/airflow/example_dags/tutorial.py
[2026-04-25T08:49:50.587+0000] {logging_mixin.py:188} INFO - [2026-04-25T08:49:50.587+0000] {dag.py:3096} INFO - Sync 1 DAGs
[2026-04-25T08:49:50.606+0000] {logging_mixin.py:188} INFO - [2026-04-25T08:49:50.606+0000] {dag.py:3954} INFO - Setting next_dagrun for tutorial to 2026-04-24 00:00:00+00:00, run_after=2026-04-25 00:00:00+00:00
[2026-04-25T08:49:50.622+0000] {processor.py:183} INFO - Processing /home/airflow/.local/lib/python3.12/site-packages/airflow/example_dags/tutorial.py took 0.063 seconds
[2026-04-25T08:50:21.000+0000] {processor.py:161} INFO - Started process (PID=2056) to work on /home/airflow/.local/lib/python3.12/site-packages/airflow/example_dags/tutorial.py
[2026-04-25T08:50:21.001+0000] {processor.py:830} INFO - Processing file /home/airflow/.local/lib/python3.12/site-packages/airflow/example_dags/tutorial.py for tasks to queue
[2026-04-25T08:50:21.003+0000] {logging_mixin.py:188} INFO - [2026-04-25T08:50:21.002+0000] {dagbag.py:545} INFO - Filling up the DagBag from /home/airflow/.local/lib/python3.12/site-packages/airflow/example_dags/tutorial.py
[2026-04-25T08:50:21.008+0000] {processor.py:840} INFO - DAG(s) 'tutorial' retrieved from /home/airflow/.local/lib/python3.12/site-packages/airflow/example_dags/tutorial.py
[2026-04-25T08:50:21.029+0000] {logging_mixin.py:188} INFO - [2026-04-25T08:50:21.029+0000] {dag.py:3096} INFO - Sync 1 DAGs
[2026-04-25T08:50:21.056+0000] {logging_mixin.py:188} INFO - [2026-04-25T08:50:21.056+0000] {dag.py:3954} INFO - Setting next_dagrun for tutorial to 2026-04-24 00:00:00+00:00, run_after=2026-04-25 00:00:00+00:00
[2026-04-25T08:50:21.076+0000] {processor.py:183} INFO - Processing /home/airflow/.local/lib/python3.12/site-packages/airflow/example_dags/tutorial.py took 0.082 seconds
[2026-04-25T08:50:51.526+0000] {processor.py:161} INFO - Started process (PID=2114) to work on /home/airflow/.local/lib/python3.12/site-packages/airflow/example_dags/tutorial.py
[2026-04-25T08:50:51.526+0000] {processor.py:830} INFO - Processing file /home/airflow/.local/lib/python3.12/site-packages/airflow/example_dags/tutorial.py for tasks to queue
[2026-04-25T08:50:51.528+0000] {logging_mixin.py:188} INFO - [2026-04-25T08:50:51.528+0000] {dagbag.py:545} INFO - Filling up the DagBag from /home/airflow/.local/lib/python3.12/site-packages/airflow/example_dags/tutorial.py
[2026-04-25T08:50:51.534+0000] {processor.py:840} INFO - DAG(s) 'tutorial' retrieved from /home/airflow/.local/lib/python3.12/site-packages/airflow/example_dags/tutorial.py
[2026-04-25T08:50:51.555+0000] {logging_mixin.py:188} INFO - [2026-04-25T08:50:51.555+0000] {dag.py:3096} INFO - Sync 1 DAGs
[2026-04-25T08:50:51.581+0000] {logging_mixin.py:188} INFO - [2026-04-25T08:50:51.580+0000] {dag.py:3954} INFO - Setting next_dagrun for tutorial to 2026-04-24 00:00:00+00:00, run_after=2026-04-25 00:00:00+00:00
[2026-04-25T08:50:51.598+0000] {processor.py:183} INFO - Processing /home/airflow/.local/lib/python3.12/site-packages/airflow/example_dags/tutorial.py took 0.080 seconds
[2026-04-25T08:51:21.976+0000] {processor.py:161} INFO - Started process (PID=2172) to work on /home/airflow/.local/lib/python3.12/site-packages/airflow/example_dags/tutorial.py
[2026-04-25T08:51:21.979+0000] {processor.py:830} INFO - Processing file /home/airflow/.local/lib/python3.12/site-packages/airflow/example_dags/tutorial.py for tasks to queue
[2026-04-25T08:51:21.981+0000] {logging_mixin.py:188} INFO - [2026-04-25T08:51:21.981+0000] {dagbag.py:545} INFO - Filling up the DagBag from /home/airflow/.local/lib/python3.12/site-packages/airflow/example_dags/tutorial.py
[2026-04-25T08:51:21.988+0000] {processor.py:840} INFO - DAG(s) 'tutorial' retrieved from /home/airflow/.local/lib/python3.12/site-packages/airflow/example_dags/tutorial.py
[2026-04-25T08:51:22.052+0000] {logging_mixin.py:188} INFO - [2026-04-25T08:51:22.052+0000] {dag.py:3096} INFO - Sync 1 DAGs
[2026-04-25T08:51:22.079+0000] {logging_mixin.py:188} INFO - [2026-04-25T08:51:22.078+0000] {dag.py:3954} INFO - Setting next_dagrun for tutorial to 2026-04-24 00:00:00+00:00, run_after=2026-04-25 00:00:00+00:00
[2026-04-25T08:51:22.096+0000] {processor.py:183} INFO - Processing /home/airflow/.local/lib/python3.12/site-packages/airflow/example_dags/tutorial.py took 0.126 seconds
[2026-04-25T08:51:52.160+0000] {processor.py:161} INFO - Started process (PID=2230) to work on /home/airflow/.local/lib/python3.12/site-packages/airflow/example_dags/tutorial.py
[2026-04-25T08:51:52.160+0000] {processor.py:830} INFO - Processing file /home/airflow/.local/lib/python3.12/site-packages/airflow/example_dags/tutorial.py for tasks to queue
[2026-04-25T08:51:52.162+0000] {logging_mixin.py:188} INFO - [2026-04-25T08:51:52.162+0000] {dagbag.py:545} INFO - Filling up the DagBag from /home/airflow/.local/lib/python3.12/site-packages/airflow/example_dags/tutorial.py
[2026-04-25T08:51:52.167+0000] {processor.py:840} INFO - DAG(s) 'tutorial' retrieved from /home/airflow/.local/lib/python3.12/site-packages/airflow/example_dags/tutorial.py
[2026-04-25T08:51:52.183+0000] {logging_mixin.py:188} INFO - [2026-04-25T08:51:52.183+0000] {dag.py:3096} INFO - Sync 1 DAGs
[2026-04-25T08:51:52.201+0000] {logging_mixin.py:188} INFO - [2026-04-25T08:51:52.200+0000] {dag.py:3954} INFO - Setting next_dagrun for tutorial to 2026-04-24 00:00:00+00:00, run_after=2026-04-25 00:00:00+00:00
[2026-04-25T08:51:52.215+0000] {processor.py:183} INFO - Processing /home/airflow/.local/lib/python3.12/site-packages/airflow/example_dags/tutorial.py took 0.061 seconds
[2026-04-25T08:52:22.787+0000] {processor.py:161} INFO - Started process (PID=2288) to work on /home/airflow/.local/lib/python3.12/site-packages/airflow/example_dags/tutorial.py
[2026-04-25T08:52:22.788+0000] {processor.py:830} INFO - Processing file /home/airflow/.local/lib/python3.12/site-packages/airflow/example_dags/tutorial.py for tasks to queue
[2026-04-25T08:52:22.789+0000] {logging_mixin.py:188} INFO - [2026-04-25T08:52:22.789+0000] {dagbag.py:545} INFO - Filling up the DagBag from /home/airflow/.local/lib/python3.12/site-packages/airflow/example_dags/tutorial.py
[2026-04-25T08:52:22.794+0000] {processor.py:840} INFO - DAG(s) 'tutorial' retrieved from /home/airflow/.local/lib/python3.12/site-packages/airflow/example_dags/tutorial.py
[2026-04-25T08:52:22.810+0000] {logging_mixin.py:188} INFO - [2026-04-25T08:52:22.810+0000] {dag.py:3096} INFO - Sync 1 DAGs
[2026-04-25T08:52:22.830+0000] {logging_mixin.py:188} INFO - [2026-04-25T08:52:22.830+0000] {dag.py:3954} INFO - Setting next_dagrun for tutorial to 2026-04-24 00:00:00+00:00, run_after=2026-04-25 00:00:00+00:00
[2026-04-25T08:52:22.846+0000] {processor.py:183} INFO - Processing /home/airflow/.local/lib/python3.12/site-packages/airflow/example_dags/tutorial.py took 0.063 seconds
[2026-04-25T08:52:53.428+0000] {processor.py:161} INFO - Started process (PID=2346) to work on /home/airflow/.local/lib/python3.12/site-packages/airflow/example_dags/tutorial.py
[2026-04-25T08:52:53.429+0000] {processor.py:830} INFO - Processing file /home/airflow/.local/lib/python3.12/site-packages/airflow/example_dags/tutorial.py for tasks to queue
[2026-04-25T08:52:53.430+0000] {logging_mixin.py:188} INFO - [2026-04-25T08:52:53.430+0000] {dagbag.py:545} INFO - Filling up the DagBag from /home/airflow/.local/lib/python3.12/site-packages/airflow/example_dags/tutorial.py
[2026-04-25T08:52:53.435+0000] {processor.py:840} INFO - DAG(s) 'tutorial' retrieved from /home/airflow/.local/lib/python3.12/site-packages/airflow/example_dags/tutorial.py
[2026-04-25T08:52:53.451+0000] {logging_mixin.py:188} INFO - [2026-04-25T08:52:53.451+0000] {dag.py:3096} INFO - Sync 1 DAGs
[2026-04-25T08:52:53.471+0000] {logging_mixin.py:188} INFO - [2026-04-25T08:52:53.471+0000] {dag.py:3954} INFO - Setting next_dagrun for tutorial to 2026-04-24 00:00:00+00:00, run_after=2026-04-25 00:00:00+00:00
[2026-04-25T08:52:53.486+0000] {processor.py:183} INFO - Processing /home/airflow/.local/lib/python3.12/site-packages/airflow/example_dags/tutorial.py took 0.063 seconds
[2026-04-25T08:53:24.075+0000] {processor.py:161} INFO - Started process (PID=2404) to work on /home/airflow/.local/lib/python3.12/site-packages/airflow/example_dags/tutorial.py
[2026-04-25T08:53:24.076+0000] {processor.py:830} INFO - Processing file /home/airflow/.local/lib/python3.12/site-packages/airflow/example_dags/tutorial.py for tasks to queue
[2026-04-25T08:53:24.078+0000] {logging_mixin.py:188} INFO - [2026-04-25T08:53:24.077+0000] {dagbag.py:545} INFO - Filling up the DagBag from /home/airflow/.local/lib/python3.12/site-packages/airflow/example_dags/tutorial.py
[2026-04-25T08:53:24.083+0000] {processor.py:840} INFO - DAG(s) 'tutorial' retrieved from /home/airflow/.local/lib/python3.12/site-packages/airflow/example_dags/tutorial.py
[2026-04-25T08:53:24.099+0000] {logging_mixin.py:188} INFO - [2026-04-25T08:53:24.098+0000] {dag.py:3096} INFO - Sync 1 DAGs
[2026-04-25T08:53:24.116+0000] {logging_mixin.py:188} INFO - [2026-04-25T08:53:24.116+0000] {dag.py:3954} INFO - Setting next_dagrun for tutorial to 2026-04-24 00:00:00+00:00, run_after=2026-04-25 00:00:00+00:00
[2026-04-25T08:53:24.130+0000] {processor.py:183} INFO - Processing /home/airflow/.local/lib/python3.12/site-packages/airflow/example_dags/tutorial.py took 0.062 seconds
[2026-04-25T08:53:54.501+0000] {processor.py:161} INFO - Started process (PID=2462) to work on /home/airflow/.local/lib/python3.12/site-packages/airflow/example_dags/tutorial.py
[2026-04-25T08:53:54.501+0000] {processor.py:830} INFO - Processing file /home/airflow/.local/lib/python3.12/site-packages/airflow/example_dags/tutorial.py for tasks to queue
[2026-04-25T08:53:54.503+0000] {logging_mixin.py:188} INFO - [2026-04-25T08:53:54.503+0000] {dagbag.py:545} INFO - Filling up the DagBag from /home/airflow/.local/lib/python3.12/site-packages/airflow/example_dags/tutorial.py
[2026-04-25T08:53:54.509+0000] {processor.py:840} INFO - DAG(s) 'tutorial' retrieved from /home/airflow/.local/lib/python3.12/site-packages/airflow/example_dags/tutorial.py
[2026-04-25T08:53:54.528+0000] {logging_mixin.py:188} INFO - [2026-04-25T08:53:54.527+0000] {dag.py:3096} INFO - Sync 1 DAGs
[2026-04-25T08:53:54.548+0000] {logging_mixin.py:188} INFO - [2026-04-25T08:53:54.548+0000] {dag.py:3954} INFO - Setting next_dagrun for tutorial to 2026-04-24 00:00:00+00:00, run_after=2026-04-25 00:00:00+00:00
[2026-04-25T08:53:54.564+0000] {processor.py:183} INFO - Processing /home/airflow/.local/lib/python3.12/site-packages/airflow/example_dags/tutorial.py took 0.068 seconds
[2026-04-25T08:54:24.889+0000] {processor.py:161} INFO - Started process (PID=2519) to work on /home/airflow/.local/lib/python3.12/site-packages/airflow/example_dags/tutorial.py
[2026-04-25T08:54:24.890+0000] {processor.py:830} INFO - Processing file /home/airflow/.local/lib/python3.12/site-packages/airflow/example_dags/tutorial.py for tasks to queue
[2026-04-25T08:54:24.891+0000] {logging_mixin.py:188} INFO - [2026-04-25T08:54:24.891+0000] {dagbag.py:545} INFO - Filling up the DagBag from /home/airflow/.local/lib/python3.12/site-packages/airflow/example_dags/tutorial.py
[2026-04-25T08:54:24.896+0000] {processor.py:840} INFO - DAG(s) 'tutorial' retrieved from /home/airflow/.local/lib/python3.12/site-packages/airflow/example_dags/tutorial.py
[2026-04-25T08:54:24.912+0000] {logging_mixin.py:188} INFO - [2026-04-25T08:54:24.912+0000] {dag.py:3096} INFO - Sync 1 DAGs
[2026-04-25T08:54:24.933+0000] {logging_mixin.py:188} INFO - [2026-04-25T08:54:24.932+0000] {dag.py:3954} INFO - Setting next_dagrun for tutorial to 2026-04-24 00:00:00+00:00, run_after=2026-04-25 00:00:00+00:00
[2026-04-25T08:54:24.948+0000] {processor.py:183} INFO - Processing /home/airflow/.local/lib/python3.12/site-packages/airflow/example_dags/tutorial.py took 0.064 seconds
[2026-04-25T08:54:55.469+0000] {processor.py:161} INFO - Started process (PID=2577) to work on /home/airflow/.local/lib/python3.12/site-packages/airflow/example_dags/tutorial.py
[2026-04-25T08:54:55.470+0000] {processor.py:830} INFO - Processing file /home/airflow/.local/lib/python3.12/site-packages/airflow/example_dags/tutorial.py for tasks to queue
[2026-04-25T08:54:55.472+0000] {logging_mixin.py:188} INFO - [2026-04-25T08:54:55.472+0000] {dagbag.py:545} INFO - Filling up the DagBag from /home/airflow/.local/lib/python3.12/site-packages/airflow/example_dags/tutorial.py
[2026-04-25T08:54:55.477+0000] {processor.py:840} INFO - DAG(s) 'tutorial' retrieved from /home/airflow/.local/lib/python3.12/site-packages/airflow/example_dags/tutorial.py
[2026-04-25T08:54:55.492+0000] {logging_mixin.py:188} INFO - [2026-04-25T08:54:55.492+0000] {dag.py:3096} INFO - Sync 1 DAGs
[2026-04-25T08:54:55.510+0000] {logging_mixin.py:188} INFO - [2026-04-25T08:54:55.510+0000] {dag.py:3954} INFO - Setting next_dagrun for tutorial to 2026-04-24 00:00:00+00:00, run_after=2026-04-25 00:00:00+00:00
[2026-04-25T08:54:55.526+0000] {processor.py:183} INFO - Processing /home/airflow/.local/lib/python3.12/site-packages/airflow/example_dags/tutorial.py took 0.063 seconds
[2026-04-25T08:55:25.909+0000] {processor.py:161} INFO - Started process (PID=2635) to work on /home/airflow/.local/lib/python3.12/site-packages/airflow/example_dags/tutorial.py
[2026-04-25T08:55:25.909+0000] {processor.py:830} INFO - Processing file /home/airflow/.local/lib/python3.12/site-packages/airflow/example_dags/tutorial.py for tasks to queue
[2026-04-25T08:55:25.911+0000] {logging_mixin.py:188} INFO - [2026-04-25T08:55:25.911+0000] {dagbag.py:545} INFO - Filling up the DagBag from /home/airflow/.local/lib/python3.12/site-packages/airflow/example_dags/tutorial.py
[2026-04-25T08:55:25.917+0000] {processor.py:840} INFO - DAG(s) 'tutorial' retrieved from /home/airflow/.local/lib/python3.12/site-packages/airflow/example_dags/tutorial.py
[2026-04-25T08:55:25.933+0000] {logging_mixin.py:188} INFO - [2026-04-25T08:55:25.933+0000] {dag.py:3096} INFO - Sync 1 DAGs
[2026-04-25T08:55:25.955+0000] {logging_mixin.py:188} INFO - [2026-04-25T08:55:25.955+0000] {dag.py:3954} INFO - Setting next_dagrun for tutorial to 2026-04-24 00:00:00+00:00, run_after=2026-04-25 00:00:00+00:00
[2026-04-25T08:55:25.975+0000] {processor.py:183} INFO - Processing /home/airflow/.local/lib/python3.12/site-packages/airflow/example_dags/tutorial.py took 0.072 seconds
